[0.051s] Invoking command in '/home/user/cartographer_ws_docker/build/cartographer_ros_msgs': CMAKE_PREFIX_PATH=${CMAKE_PREFIX_PATH}:/home/user/tracing_ws/install/ros2bag:/home/user/tracing_ws/install/tracetools_test:/home/user/tracing_ws/install/tracetools_launch:/home/user/tracing_ws/install/tf2_tools:/home/user/tracing_ws/install/tf2_ros_py:/home/user/tracing_ws/install/sros2:/home/user/tracing_ws/install/rqt_plot:/home/user/tracing_ws/install/rqt_msg:/home/user/tracing_ws/install/rqt_console:/home/user/tracing_ws/install/rqt_gui_py:/home/user/tracing_ws/install/rqt_gui:/home/user/tracing_ws/install/ros2trace:/home/user/tracing_ws/install/ros2topic:/home/user/tracing_ws/install/ros2test:/home/user/tracing_ws/install/ros2param:/home/user/tracing_ws/install/ros2service:/home/user/tracing_ws/install/ros2run:/home/user/tracing_ws/install/ros2pkg:/home/user/tracing_ws/install/ros2node:/home/user/tracing_ws/install/ros2multicast:/home/user/tracing_ws/install/ros2interface:/home/user/tracing_ws/install/ros2doctor:/home/user/tracing_ws/install/ros2action:/home/user/tracing_ws/install/ros2cli:/home/user/tracing_ws/install/launch_testing_ros:/home/user/tracing_ws/install/launch_ros:/home/user/tracing_ws/install/demo_nodes_py:/home/user/tracing_ws/install/ament_uncrustify:/home/user/tracing_ws/install/tracetools_trace:/home/user/tracing_ws/install/tracetools_analysis:/home/user/tracing_ws/install/tracetools_read:/home/user/tracing_ws/install/sensor_msgs_py:/home/user/tracing_ws/install/rpyutils:/home/user/tracing_ws/install/rosidl_runtime_py:/home/user/tracing_ws/install/rosidl_cli:/home/user/tracing_ws/install/launch_testing:/home/user/tracing_ws/install/launch_yaml:/home/user/tracing_ws/install/launch_xml:/home/user/tracing_ws/install/launch:/home/user/tracing_ws/install/osrf_pycommon:/home/user/tracing_ws/install/hello:/home/user/tracing_ws/install/domain_coordinator:/home/user/tracing_ws/install/ament_xmllint:/home/user/tracing_ws/install/ament_pyflakes:/home/user/tracing_ws/install/ament_pycodestyle:/home/user/tracing_ws/install/ament_pep257:/home/user/tracing_ws/install/ament_pclint:/home/user/tracing_ws/install/ament_package:/home/user/tracing_ws/install/ament_mypy:/home/user/tracing_ws/install/ament_lint_cmake:/home/user/tracing_ws/install/ament_flake8:/home/user/tracing_ws/install/ament_copyright:/home/user/tracing_ws/install/ament_lint:/home/user/tracing_ws/install/ament_index_python:/home/user/tracing_ws/install/ament_cpplint:/home/user/tracing_ws/install/ament_cppcheck:/home/user/tracing_ws/install/ament_clang_tidy:/home/user/tracing_ws/install/ament_clang_format:/opt/ros/humble /usr/bin/cmake --build /home/user/cartographer_ws_docker/build/cartographer_ros_msgs -- -j6 -l6
[0.280s] [ 12%] Built target cartographer_ros_msgs__rosidl_generator_c
[0.284s] [ 12%] Built target cartographer_ros_msgs__cpp
[0.332s] [ 12%] Built target ament_cmake_python_symlink_cartographer_ros_msgs
[0.425s] [ 25%] Built target cartographer_ros_msgs__rosidl_typesupport_c
[0.428s] [ 36%] Built target cartographer_ros_msgs__rosidl_typesupport_introspection_c
[0.456s] [ 48%] Built target cartographer_ros_msgs__rosidl_typesupport_fastrtps_cpp
[0.464s] [ 60%] Built target cartographer_ros_msgs__rosidl_typesupport_cpp
[0.465s] [ 72%] Built target cartographer_ros_msgs__rosidl_typesupport_fastrtps_c
[0.470s] [ 85%] Built target cartographer_ros_msgs__rosidl_typesupport_introspection_cpp
[0.558s] [ 85%] Built target cartographer_ros_msgs
[0.685s] [ 86%] Built target cartographer_ros_msgs__py
[0.816s] [ 97%] Built target cartographer_ros_msgs__rosidl_generator_py
[0.949s] [ 98%] Built target cartographer_ros_msgs__rosidl_typesupport_fastrtps_c__pyext
[0.983s] [ 99%] Built target cartographer_ros_msgs__rosidl_typesupport_introspection_c__pyext
[0.985s] [100%] Built target cartographer_ros_msgs__rosidl_typesupport_c__pyext
[1.069s] running egg_info
[1.070s] writing cartographer_ros_msgs.egg-info/PKG-INFO
[1.071s] writing dependency_links to cartographer_ros_msgs.egg-info/dependency_links.txt
[1.071s] writing top-level names to cartographer_ros_msgs.egg-info/top_level.txt
[1.075s] reading manifest file 'cartographer_ros_msgs.egg-info/SOURCES.txt'
[1.077s] writing manifest file 'cartographer_ros_msgs.egg-info/SOURCES.txt'
[1.143s] [100%] Built target ament_cmake_python_build_cartographer_ros_msgs_egg
[1.199s] Invoked command in '/home/user/cartographer_ws_docker/build/cartographer_ros_msgs' returned '0': CMAKE_PREFIX_PATH=${CMAKE_PREFIX_PATH}:/home/user/tracing_ws/install/ros2bag:/home/user/tracing_ws/install/tracetools_test:/home/user/tracing_ws/install/tracetools_launch:/home/user/tracing_ws/install/tf2_tools:/home/user/tracing_ws/install/tf2_ros_py:/home/user/tracing_ws/install/sros2:/home/user/tracing_ws/install/rqt_plot:/home/user/tracing_ws/install/rqt_msg:/home/user/tracing_ws/install/rqt_console:/home/user/tracing_ws/install/rqt_gui_py:/home/user/tracing_ws/install/rqt_gui:/home/user/tracing_ws/install/ros2trace:/home/user/tracing_ws/install/ros2topic:/home/user/tracing_ws/install/ros2test:/home/user/tracing_ws/install/ros2param:/home/user/tracing_ws/install/ros2service:/home/user/tracing_ws/install/ros2run:/home/user/tracing_ws/install/ros2pkg:/home/user/tracing_ws/install/ros2node:/home/user/tracing_ws/install/ros2multicast:/home/user/tracing_ws/install/ros2interface:/home/user/tracing_ws/install/ros2doctor:/home/user/tracing_ws/install/ros2action:/home/user/tracing_ws/install/ros2cli:/home/user/tracing_ws/install/launch_testing_ros:/home/user/tracing_ws/install/launch_ros:/home/user/tracing_ws/install/demo_nodes_py:/home/user/tracing_ws/install/ament_uncrustify:/home/user/tracing_ws/install/tracetools_trace:/home/user/tracing_ws/install/tracetools_analysis:/home/user/tracing_ws/install/tracetools_read:/home/user/tracing_ws/install/sensor_msgs_py:/home/user/tracing_ws/install/rpyutils:/home/user/tracing_ws/install/rosidl_runtime_py:/home/user/tracing_ws/install/rosidl_cli:/home/user/tracing_ws/install/launch_testing:/home/user/tracing_ws/install/launch_yaml:/home/user/tracing_ws/install/launch_xml:/home/user/tracing_ws/install/launch:/home/user/tracing_ws/install/osrf_pycommon:/home/user/tracing_ws/install/hello:/home/user/tracing_ws/install/domain_coordinator:/home/user/tracing_ws/install/ament_xmllint:/home/user/tracing_ws/install/ament_pyflakes:/home/user/tracing_ws/install/ament_pycodestyle:/home/user/tracing_ws/install/ament_pep257:/home/user/tracing_ws/install/ament_pclint:/home/user/tracing_ws/install/ament_package:/home/user/tracing_ws/install/ament_mypy:/home/user/tracing_ws/install/ament_lint_cmake:/home/user/tracing_ws/install/ament_flake8:/home/user/tracing_ws/install/ament_copyright:/home/user/tracing_ws/install/ament_lint:/home/user/tracing_ws/install/ament_index_python:/home/user/tracing_ws/install/ament_cpplint:/home/user/tracing_ws/install/ament_cppcheck:/home/user/tracing_ws/install/ament_clang_tidy:/home/user/tracing_ws/install/ament_clang_format:/opt/ros/humble /usr/bin/cmake --build /home/user/cartographer_ws_docker/build/cartographer_ros_msgs -- -j6 -l6
[5.267s] Invoking command in '/home/user/cartographer_ws_docker/build/cartographer_ros_msgs': CMAKE_PREFIX_PATH=${CMAKE_PREFIX_PATH}:/home/user/tracing_ws/install/ros2bag:/home/user/tracing_ws/install/tracetools_test:/home/user/tracing_ws/install/tracetools_launch:/home/user/tracing_ws/install/tf2_tools:/home/user/tracing_ws/install/tf2_ros_py:/home/user/tracing_ws/install/sros2:/home/user/tracing_ws/install/rqt_plot:/home/user/tracing_ws/install/rqt_msg:/home/user/tracing_ws/install/rqt_console:/home/user/tracing_ws/install/rqt_gui_py:/home/user/tracing_ws/install/rqt_gui:/home/user/tracing_ws/install/ros2trace:/home/user/tracing_ws/install/ros2topic:/home/user/tracing_ws/install/ros2test:/home/user/tracing_ws/install/ros2param:/home/user/tracing_ws/install/ros2service:/home/user/tracing_ws/install/ros2run:/home/user/tracing_ws/install/ros2pkg:/home/user/tracing_ws/install/ros2node:/home/user/tracing_ws/install/ros2multicast:/home/user/tracing_ws/install/ros2interface:/home/user/tracing_ws/install/ros2doctor:/home/user/tracing_ws/install/ros2action:/home/user/tracing_ws/install/ros2cli:/home/user/tracing_ws/install/launch_testing_ros:/home/user/tracing_ws/install/launch_ros:/home/user/tracing_ws/install/demo_nodes_py:/home/user/tracing_ws/install/ament_uncrustify:/home/user/tracing_ws/install/tracetools_trace:/home/user/tracing_ws/install/tracetools_analysis:/home/user/tracing_ws/install/tracetools_read:/home/user/tracing_ws/install/sensor_msgs_py:/home/user/tracing_ws/install/rpyutils:/home/user/tracing_ws/install/rosidl_runtime_py:/home/user/tracing_ws/install/rosidl_cli:/home/user/tracing_ws/install/launch_testing:/home/user/tracing_ws/install/launch_yaml:/home/user/tracing_ws/install/launch_xml:/home/user/tracing_ws/install/launch:/home/user/tracing_ws/install/osrf_pycommon:/home/user/tracing_ws/install/hello:/home/user/tracing_ws/install/domain_coordinator:/home/user/tracing_ws/install/ament_xmllint:/home/user/tracing_ws/install/ament_pyflakes:/home/user/tracing_ws/install/ament_pycodestyle:/home/user/tracing_ws/install/ament_pep257:/home/user/tracing_ws/install/ament_pclint:/home/user/tracing_ws/install/ament_package:/home/user/tracing_ws/install/ament_mypy:/home/user/tracing_ws/install/ament_lint_cmake:/home/user/tracing_ws/install/ament_flake8:/home/user/tracing_ws/install/ament_copyright:/home/user/tracing_ws/install/ament_lint:/home/user/tracing_ws/install/ament_index_python:/home/user/tracing_ws/install/ament_cpplint:/home/user/tracing_ws/install/ament_cppcheck:/home/user/tracing_ws/install/ament_clang_tidy:/home/user/tracing_ws/install/ament_clang_format:/opt/ros/humble /usr/bin/cmake --install /home/user/cartographer_ws_docker/build/cartographer_ros_msgs
[5.291s] -- Install configuration: ""
[5.293s] -- Execute custom install script
[5.293s] -- Up-to-date symlink: /home/user/cartographer_ws_docker/install/cartographer_ros_msgs/share/ament_index/resource_index/rosidl_interfaces/cartographer_ros_msgs
[5.294s] -- Up-to-date symlink: /home/user/cartographer_ws_docker/install/cartographer_ros_msgs/include/cartographer_ros_msgs/cartographer_ros_msgs/msg/bagfile_progress.h
[5.294s] -- Up-to-date symlink: /home/user/cartographer_ws_docker/install/cartographer_ros_msgs/include/cartographer_ros_msgs/cartographer_ros_msgs/msg/detail/bagfile_progress__functions.h
[5.294s] -- Up-to-date symlink: /home/user/cartographer_ws_docker/install/cartographer_ros_msgs/include/cartographer_ros_msgs/cartographer_ros_msgs/msg/detail/bagfile_progress__struct.h
[5.294s] -- Up-to-date symlink: /home/user/cartographer_ws_docker/install/cartographer_ros_msgs/include/cartographer_ros_msgs/cartographer_ros_msgs/msg/detail/bagfile_progress__type_support.h
[5.294s] -- Up-to-date symlink: /home/user/cartographer_ws_docker/install/cartographer_ros_msgs/include/cartographer_ros_msgs/cartographer_ros_msgs/msg/detail/histogram_bucket__functions.h
[5.295s] -- Up-to-date symlink: /home/user/cartographer_ws_docker/install/cartographer_ros_msgs/include/cartographer_ros_msgs/cartographer_ros_msgs/msg/detail/histogram_bucket__struct.h
[5.295s] -- Up-to-date symlink: /home/user/cartographer_ws_docker/install/cartographer_ros_msgs/include/cartographer_ros_msgs/cartographer_ros_msgs/msg/detail/histogram_bucket__type_support.h
[5.295s] -- Up-to-date symlink: /home/user/cartographer_ws_docker/install/cartographer_ros_msgs/include/cartographer_ros_msgs/cartographer_ros_msgs/msg/detail/landmark_entry__functions.h
[5.295s] -- Up-to-date symlink: /home/user/cartographer_ws_docker/install/cartographer_ros_msgs/include/cartographer_ros_msgs/cartographer_ros_msgs/msg/detail/landmark_entry__struct.h
[5.295s] -- Up-to-date symlink: /home/user/cartographer_ws_docker/install/cartographer_ros_msgs/include/cartographer_ros_msgs/cartographer_ros_msgs/msg/detail/landmark_entry__type_support.h
[5.295s] -- Up-to-date symlink: /home/user/cartographer_ws_docker/install/cartographer_ros_msgs/include/cartographer_ros_msgs/cartographer_ros_msgs/msg/detail/landmark_list__functions.h
[5.295s] -- Up-to-date symlink: /home/user/cartographer_ws_docker/install/cartographer_ros_msgs/include/cartographer_ros_msgs/cartographer_ros_msgs/msg/detail/landmark_list__struct.h
[5.296s] -- Up-to-date symlink: /home/user/cartographer_ws_docker/install/cartographer_ros_msgs/include/cartographer_ros_msgs/cartographer_ros_msgs/msg/detail/landmark_list__type_support.h
[5.296s] -- Up-to-date symlink: /home/user/cartographer_ws_docker/install/cartographer_ros_msgs/include/cartographer_ros_msgs/cartographer_ros_msgs/msg/detail/metric__functions.h
[5.296s] -- Up-to-date symlink: /home/user/cartographer_ws_docker/install/cartographer_ros_msgs/include/cartographer_ros_msgs/cartographer_ros_msgs/msg/detail/metric__struct.h
[5.297s] -- Up-to-date symlink: /home/user/cartographer_ws_docker/install/cartographer_ros_msgs/include/cartographer_ros_msgs/cartographer_ros_msgs/msg/detail/metric__type_support.h
[5.297s] -- Up-to-date symlink: /home/user/cartographer_ws_docker/install/cartographer_ros_msgs/include/cartographer_ros_msgs/cartographer_ros_msgs/msg/detail/metric_family__functions.h
[5.298s] -- Up-to-date symlink: /home/user/cartographer_ws_docker/install/cartographer_ros_msgs/include/cartographer_ros_msgs/cartographer_ros_msgs/msg/detail/metric_family__struct.h
[5.298s] -- Up-to-date symlink: /home/user/cartographer_ws_docker/install/cartographer_ros_msgs/include/cartographer_ros_msgs/cartographer_ros_msgs/msg/detail/metric_family__type_support.h
[5.298s] -- Up-to-date symlink: /home/user/cartographer_ws_docker/install/cartographer_ros_msgs/include/cartographer_ros_msgs/cartographer_ros_msgs/msg/detail/metric_label__functions.h
[5.298s] -- Up-to-date symlink: /home/user/cartographer_ws_docker/install/cartographer_ros_msgs/include/cartographer_ros_msgs/cartographer_ros_msgs/msg/detail/metric_label__struct.h
[5.298s] -- Up-to-date symlink: /home/user/cartographer_ws_docker/install/cartographer_ros_msgs/include/cartographer_ros_msgs/cartographer_ros_msgs/msg/detail/metric_label__type_support.h
[5.298s] -- Up-to-date symlink: /home/user/cartographer_ws_docker/install/cartographer_ros_msgs/include/cartographer_ros_msgs/cartographer_ros_msgs/msg/detail/status_code__functions.h
[5.298s] -- Up-to-date symlink: /home/user/cartographer_ws_docker/install/cartographer_ros_msgs/include/cartographer_ros_msgs/cartographer_ros_msgs/msg/detail/status_code__struct.h
[5.299s] -- Up-to-date symlink: /home/user/cartographer_ws_docker/install/cartographer_ros_msgs/include/cartographer_ros_msgs/cartographer_ros_msgs/msg/detail/status_code__type_support.h
[5.299s] -- Up-to-date symlink: /home/user/cartographer_ws_docker/install/cartographer_ros_msgs/include/cartographer_ros_msgs/cartographer_ros_msgs/msg/detail/status_response__functions.h
[5.299s] -- Up-to-date symlink: /home/user/cartographer_ws_docker/install/cartographer_ros_msgs/include/cartographer_ros_msgs/cartographer_ros_msgs/msg/detail/status_response__struct.h
[5.299s] -- Up-to-date symlink: /home/user/cartographer_ws_docker/install/cartographer_ros_msgs/include/cartographer_ros_msgs/cartographer_ros_msgs/msg/detail/status_response__type_support.h
[5.300s] -- Up-to-date symlink: /home/user/cartographer_ws_docker/install/cartographer_ros_msgs/include/cartographer_ros_msgs/cartographer_ros_msgs/msg/detail/submap_entry__functions.h
[5.300s] -- Up-to-date symlink: /home/user/cartographer_ws_docker/install/cartographer_ros_msgs/include/cartographer_ros_msgs/cartographer_ros_msgs/msg/detail/submap_entry__struct.h
[5.300s] -- Up-to-date symlink: /home/user/cartographer_ws_docker/install/cartographer_ros_msgs/include/cartographer_ros_msgs/cartographer_ros_msgs/msg/detail/submap_entry__type_support.h
[5.300s] -- Up-to-date symlink: /home/user/cartographer_ws_docker/install/cartographer_ros_msgs/include/cartographer_ros_msgs/cartographer_ros_msgs/msg/detail/submap_list__functions.h
[5.300s] -- Up-to-date symlink: /home/user/cartographer_ws_docker/install/cartographer_ros_msgs/include/cartographer_ros_msgs/cartographer_ros_msgs/msg/detail/submap_list__struct.h
[5.300s] -- Up-to-date symlink: /home/user/cartographer_ws_docker/install/cartographer_ros_msgs/include/cartographer_ros_msgs/cartographer_ros_msgs/msg/detail/submap_list__type_support.h
[5.300s] -- Up-to-date symlink: /home/user/cartographer_ws_docker/install/cartographer_ros_msgs/include/cartographer_ros_msgs/cartographer_ros_msgs/msg/detail/submap_texture__functions.h
[5.300s] -- Up-to-date symlink: /home/user/cartographer_ws_docker/install/cartographer_ros_msgs/include/cartographer_ros_msgs/cartographer_ros_msgs/msg/detail/submap_texture__struct.h
[5.300s] -- Up-to-date symlink: /home/user/cartographer_ws_docker/install/cartographer_ros_msgs/include/cartographer_ros_msgs/cartographer_ros_msgs/msg/detail/submap_texture__type_support.h
[5.300s] -- Up-to-date symlink: /home/user/cartographer_ws_docker/install/cartographer_ros_msgs/include/cartographer_ros_msgs/cartographer_ros_msgs/msg/detail/trajectory_states__functions.h
[5.300s] -- Up-to-date symlink: /home/user/cartographer_ws_docker/install/cartographer_ros_msgs/include/cartographer_ros_msgs/cartographer_ros_msgs/msg/detail/trajectory_states__struct.h
[5.301s] -- Up-to-date symlink: /home/user/cartographer_ws_docker/install/cartographer_ros_msgs/include/cartographer_ros_msgs/cartographer_ros_msgs/msg/detail/trajectory_states__type_support.h
[5.301s] -- Up-to-date symlink: /home/user/cartographer_ws_docker/install/cartographer_ros_msgs/include/cartographer_ros_msgs/cartographer_ros_msgs/msg/histogram_bucket.h
[5.301s] -- Up-to-date symlink: /home/user/cartographer_ws_docker/install/cartographer_ros_msgs/include/cartographer_ros_msgs/cartographer_ros_msgs/msg/landmark_entry.h
[5.301s] -- Up-to-date symlink: /home/user/cartographer_ws_docker/install/cartographer_ros_msgs/include/cartographer_ros_msgs/cartographer_ros_msgs/msg/landmark_list.h
[5.301s] -- Up-to-date symlink: /home/user/cartographer_ws_docker/install/cartographer_ros_msgs/include/cartographer_ros_msgs/cartographer_ros_msgs/msg/metric.h
[5.301s] -- Up-to-date symlink: /home/user/cartographer_ws_docker/install/cartographer_ros_msgs/include/cartographer_ros_msgs/cartographer_ros_msgs/msg/metric_family.h
[5.301s] -- Up-to-date symlink: /home/user/cartographer_ws_docker/install/cartographer_ros_msgs/include/cartographer_ros_msgs/cartographer_ros_msgs/msg/metric_label.h
[5.301s] -- Up-to-date symlink: /home/user/cartographer_ws_docker/install/cartographer_ros_msgs/include/cartographer_ros_msgs/cartographer_ros_msgs/msg/rosidl_generator_c__visibility_control.h
[5.301s] -- Up-to-date symlink: /home/user/cartographer_ws_docker/install/cartographer_ros_msgs/include/cartographer_ros_msgs/cartographer_ros_msgs/msg/status_code.h
[5.302s] -- Up-to-date symlink: /home/user/cartographer_ws_docker/install/cartographer_ros_msgs/include/cartographer_ros_msgs/cartographer_ros_msgs/msg/status_response.h
[5.302s] -- Up-to-date symlink: /home/user/cartographer_ws_docker/install/cartographer_ros_msgs/include/cartographer_ros_msgs/cartographer_ros_msgs/msg/submap_entry.h
[5.302s] -- Up-to-date symlink: /home/user/cartographer_ws_docker/install/cartographer_ros_msgs/include/cartographer_ros_msgs/cartographer_ros_msgs/msg/submap_list.h
[5.302s] -- Up-to-date symlink: /home/user/cartographer_ws_docker/install/cartographer_ros_msgs/include/cartographer_ros_msgs/cartographer_ros_msgs/msg/submap_texture.h
[5.302s] -- Up-to-date symlink: /home/user/cartographer_ws_docker/install/cartographer_ros_msgs/include/cartographer_ros_msgs/cartographer_ros_msgs/msg/trajectory_states.h
[5.302s] -- Up-to-date symlink: /home/user/cartographer_ws_docker/install/cartographer_ros_msgs/include/cartographer_ros_msgs/cartographer_ros_msgs/srv/detail/finish_trajectory__functions.h
[5.302s] -- Up-to-date symlink: /home/user/cartographer_ws_docker/install/cartographer_ros_msgs/include/cartographer_ros_msgs/cartographer_ros_msgs/srv/detail/finish_trajectory__struct.h
[5.303s] -- Up-to-date symlink: /home/user/cartographer_ws_docker/install/cartographer_ros_msgs/include/cartographer_ros_msgs/cartographer_ros_msgs/srv/detail/finish_trajectory__type_support.h
[5.303s] -- Up-to-date symlink: /home/user/cartographer_ws_docker/install/cartographer_ros_msgs/include/cartographer_ros_msgs/cartographer_ros_msgs/srv/detail/get_trajectory_states__functions.h
[5.303s] -- Up-to-date symlink: /home/user/cartographer_ws_docker/install/cartographer_ros_msgs/include/cartographer_ros_msgs/cartographer_ros_msgs/srv/detail/get_trajectory_states__struct.h
[5.303s] -- Up-to-date symlink: /home/user/cartographer_ws_docker/install/cartographer_ros_msgs/include/cartographer_ros_msgs/cartographer_ros_msgs/srv/detail/get_trajectory_states__type_support.h
[5.303s] -- Up-to-date symlink: /home/user/cartographer_ws_docker/install/cartographer_ros_msgs/include/cartographer_ros_msgs/cartographer_ros_msgs/srv/detail/read_metrics__functions.h
[5.303s] -- Up-to-date symlink: /home/user/cartographer_ws_docker/install/cartographer_ros_msgs/include/cartographer_ros_msgs/cartographer_ros_msgs/srv/detail/read_metrics__struct.h
[5.303s] -- Up-to-date symlink: /home/user/cartographer_ws_docker/install/cartographer_ros_msgs/include/cartographer_ros_msgs/cartographer_ros_msgs/srv/detail/read_metrics__type_support.h
[5.303s] -- Up-to-date symlink: /home/user/cartographer_ws_docker/install/cartographer_ros_msgs/include/cartographer_ros_msgs/cartographer_ros_msgs/srv/detail/start_trajectory__functions.h
[5.303s] -- Up-to-date symlink: /home/user/cartographer_ws_docker/install/cartographer_ros_msgs/include/cartographer_ros_msgs/cartographer_ros_msgs/srv/detail/start_trajectory__struct.h
[5.304s] -- Up-to-date symlink: /home/user/cartographer_ws_docker/install/cartographer_ros_msgs/include/cartographer_ros_msgs/cartographer_ros_msgs/srv/detail/start_trajectory__type_support.h
[5.304s] -- Up-to-date symlink: /home/user/cartographer_ws_docker/install/cartographer_ros_msgs/include/cartographer_ros_msgs/cartographer_ros_msgs/srv/detail/submap_query__functions.h
[5.304s] -- Up-to-date symlink: /home/user/cartographer_ws_docker/install/cartographer_ros_msgs/include/cartographer_ros_msgs/cartographer_ros_msgs/srv/detail/submap_query__struct.h
[5.304s] -- Up-to-date symlink: /home/user/cartographer_ws_docker/install/cartographer_ros_msgs/include/cartographer_ros_msgs/cartographer_ros_msgs/srv/detail/submap_query__type_support.h
[5.305s] -- Up-to-date symlink: /home/user/cartographer_ws_docker/install/cartographer_ros_msgs/include/cartographer_ros_msgs/cartographer_ros_msgs/srv/detail/trajectory_query__functions.h
[5.305s] -- Up-to-date symlink: /home/user/cartographer_ws_docker/install/cartographer_ros_msgs/include/cartographer_ros_msgs/cartographer_ros_msgs/srv/detail/trajectory_query__struct.h
[5.305s] -- Up-to-date symlink: /home/user/cartographer_ws_docker/install/cartographer_ros_msgs/include/cartographer_ros_msgs/cartographer_ros_msgs/srv/detail/trajectory_query__type_support.h
[5.305s] -- Up-to-date symlink: /home/user/cartographer_ws_docker/install/cartographer_ros_msgs/include/cartographer_ros_msgs/cartographer_ros_msgs/srv/detail/write_state__functions.h
[5.305s] -- Up-to-date symlink: /home/user/cartographer_ws_docker/install/cartographer_ros_msgs/include/cartographer_ros_msgs/cartographer_ros_msgs/srv/detail/write_state__struct.h
[5.305s] -- Up-to-date symlink: /home/user/cartographer_ws_docker/install/cartographer_ros_msgs/include/cartographer_ros_msgs/cartographer_ros_msgs/srv/detail/write_state__type_support.h
[5.305s] -- Up-to-date symlink: /home/user/cartographer_ws_docker/install/cartographer_ros_msgs/include/cartographer_ros_msgs/cartographer_ros_msgs/srv/finish_trajectory.h
[5.305s] -- Up-to-date symlink: /home/user/cartographer_ws_docker/install/cartographer_ros_msgs/include/cartographer_ros_msgs/cartographer_ros_msgs/srv/get_trajectory_states.h
[5.306s] -- Up-to-date symlink: /home/user/cartographer_ws_docker/install/cartographer_ros_msgs/include/cartographer_ros_msgs/cartographer_ros_msgs/srv/read_metrics.h
[5.308s] -- Up-to-date symlink: /home/user/cartographer_ws_docker/install/cartographer_ros_msgs/include/cartographer_ros_msgs/cartographer_ros_msgs/srv/start_trajectory.h
[5.310s] -- Up-to-date symlink: /home/user/cartographer_ws_docker/install/cartographer_ros_msgs/include/cartographer_ros_msgs/cartographer_ros_msgs/srv/submap_query.h
[5.310s] -- Up-to-date symlink: /home/user/cartographer_ws_docker/install/cartographer_ros_msgs/include/cartographer_ros_msgs/cartographer_ros_msgs/srv/trajectory_query.h
[5.311s] -- Up-to-date symlink: /home/user/cartographer_ws_docker/install/cartographer_ros_msgs/include/cartographer_ros_msgs/cartographer_ros_msgs/srv/write_state.h
[5.311s] -- Up-to-date symlink: /home/user/cartographer_ws_docker/install/cartographer_ros_msgs/share/cartographer_ros_msgs/environment/library_path.sh
[5.312s] -- Up-to-date symlink: /home/user/cartographer_ws_docker/install/cartographer_ros_msgs/share/cartographer_ros_msgs/environment/library_path.dsv
[5.312s] -- Up-to-date symlink: /home/user/cartographer_ws_docker/install/cartographer_ros_msgs/include/cartographer_ros_msgs/cartographer_ros_msgs/msg/detail/bagfile_progress__rosidl_typesupport_introspection_c.h
[5.312s] -- Up-to-date symlink: /home/user/cartographer_ws_docker/install/cartographer_ros_msgs/include/cartographer_ros_msgs/cartographer_ros_msgs/msg/detail/histogram_bucket__rosidl_typesupport_introspection_c.h
[5.312s] -- Up-to-date symlink: /home/user/cartographer_ws_docker/install/cartographer_ros_msgs/include/cartographer_ros_msgs/cartographer_ros_msgs/msg/detail/landmark_entry__rosidl_typesupport_introspection_c.h
[5.313s] -- Up-to-date symlink: /home/user/cartographer_ws_docker/install/cartographer_ros_msgs/include/cartographer_ros_msgs/cartographer_ros_msgs/msg/detail/landmark_list__rosidl_typesupport_introspection_c.h
[5.313s] -- Up-to-date symlink: /home/user/cartographer_ws_docker/install/cartographer_ros_msgs/include/cartographer_ros_msgs/cartographer_ros_msgs/msg/detail/metric__rosidl_typesupport_introspection_c.h
[5.313s] -- Up-to-date symlink: /home/user/cartographer_ws_docker/install/cartographer_ros_msgs/include/cartographer_ros_msgs/cartographer_ros_msgs/msg/detail/metric_family__rosidl_typesupport_introspection_c.h
[5.313s] -- Up-to-date symlink: /home/user/cartographer_ws_docker/install/cartographer_ros_msgs/include/cartographer_ros_msgs/cartographer_ros_msgs/msg/detail/metric_label__rosidl_typesupport_introspection_c.h
[5.313s] -- Up-to-date symlink: /home/user/cartographer_ws_docker/install/cartographer_ros_msgs/include/cartographer_ros_msgs/cartographer_ros_msgs/msg/detail/status_code__rosidl_typesupport_introspection_c.h
[5.314s] -- Up-to-date symlink: /home/user/cartographer_ws_docker/install/cartographer_ros_msgs/include/cartographer_ros_msgs/cartographer_ros_msgs/msg/detail/status_response__rosidl_typesupport_introspection_c.h
[5.314s] -- Up-to-date symlink: /home/user/cartographer_ws_docker/install/cartographer_ros_msgs/include/cartographer_ros_msgs/cartographer_ros_msgs/msg/detail/submap_entry__rosidl_typesupport_introspection_c.h
[5.314s] -- Up-to-date symlink: /home/user/cartographer_ws_docker/install/cartographer_ros_msgs/include/cartographer_ros_msgs/cartographer_ros_msgs/msg/detail/submap_list__rosidl_typesupport_introspection_c.h
[5.314s] -- Up-to-date symlink: /home/user/cartographer_ws_docker/install/cartographer_ros_msgs/include/cartographer_ros_msgs/cartographer_ros_msgs/msg/detail/submap_texture__rosidl_typesupport_introspection_c.h
[5.314s] -- Up-to-date symlink: /home/user/cartographer_ws_docker/install/cartographer_ros_msgs/include/cartographer_ros_msgs/cartographer_ros_msgs/msg/detail/trajectory_states__rosidl_typesupport_introspection_c.h
[5.314s] -- Up-to-date symlink: /home/user/cartographer_ws_docker/install/cartographer_ros_msgs/include/cartographer_ros_msgs/cartographer_ros_msgs/msg/rosidl_typesupport_introspection_c__visibility_control.h
[5.314s] -- Up-to-date symlink: /home/user/cartographer_ws_docker/install/cartographer_ros_msgs/include/cartographer_ros_msgs/cartographer_ros_msgs/srv/detail/finish_trajectory__rosidl_typesupport_introspection_c.h
[5.314s] -- Up-to-date symlink: /home/user/cartographer_ws_docker/install/cartographer_ros_msgs/include/cartographer_ros_msgs/cartographer_ros_msgs/srv/detail/get_trajectory_states__rosidl_typesupport_introspection_c.h
[5.314s] -- Up-to-date symlink: /home/user/cartographer_ws_docker/install/cartographer_ros_msgs/include/cartographer_ros_msgs/cartographer_ros_msgs/srv/detail/read_metrics__rosidl_typesupport_introspection_c.h
[5.315s] -- Up-to-date symlink: /home/user/cartographer_ws_docker/install/cartographer_ros_msgs/include/cartographer_ros_msgs/cartographer_ros_msgs/srv/detail/start_trajectory__rosidl_typesupport_introspection_c.h
[5.315s] -- Up-to-date symlink: /home/user/cartographer_ws_docker/install/cartographer_ros_msgs/include/cartographer_ros_msgs/cartographer_ros_msgs/srv/detail/submap_query__rosidl_typesupport_introspection_c.h
[5.315s] -- Up-to-date symlink: /home/user/cartographer_ws_docker/install/cartographer_ros_msgs/include/cartographer_ros_msgs/cartographer_ros_msgs/srv/detail/trajectory_query__rosidl_typesupport_introspection_c.h
[5.315s] -- Up-to-date symlink: /home/user/cartographer_ws_docker/install/cartographer_ros_msgs/include/cartographer_ros_msgs/cartographer_ros_msgs/srv/detail/write_state__rosidl_typesupport_introspection_c.h
[5.315s] -- Up-to-date symlink: /home/user/cartographer_ws_docker/install/cartographer_ros_msgs/include/cartographer_ros_msgs/cartographer_ros_msgs/msg/detail/bagfile_progress__rosidl_typesupport_fastrtps_c.h
[5.315s] -- Up-to-date symlink: /home/user/cartographer_ws_docker/install/cartographer_ros_msgs/include/cartographer_ros_msgs/cartographer_ros_msgs/msg/detail/histogram_bucket__rosidl_typesupport_fastrtps_c.h
[5.315s] -- Up-to-date symlink: /home/user/cartographer_ws_docker/install/cartographer_ros_msgs/include/cartographer_ros_msgs/cartographer_ros_msgs/msg/detail/landmark_entry__rosidl_typesupport_fastrtps_c.h
[5.315s] -- Up-to-date symlink: /home/user/cartographer_ws_docker/install/cartographer_ros_msgs/include/cartographer_ros_msgs/cartographer_ros_msgs/msg/detail/landmark_list__rosidl_typesupport_fastrtps_c.h
[5.315s] -- Up-to-date symlink: /home/user/cartographer_ws_docker/install/cartographer_ros_msgs/include/cartographer_ros_msgs/cartographer_ros_msgs/msg/detail/metric__rosidl_typesupport_fastrtps_c.h
[5.315s] -- Up-to-date symlink: /home/user/cartographer_ws_docker/install/cartographer_ros_msgs/include/cartographer_ros_msgs/cartographer_ros_msgs/msg/detail/metric_family__rosidl_typesupport_fastrtps_c.h
[5.315s] -- Up-to-date symlink: /home/user/cartographer_ws_docker/install/cartographer_ros_msgs/include/cartographer_ros_msgs/cartographer_ros_msgs/msg/detail/metric_label__rosidl_typesupport_fastrtps_c.h
[5.315s] -- Up-to-date symlink: /home/user/cartographer_ws_docker/install/cartographer_ros_msgs/include/cartographer_ros_msgs/cartographer_ros_msgs/msg/detail/status_code__rosidl_typesupport_fastrtps_c.h
[5.316s] -- Up-to-date symlink: /home/user/cartographer_ws_docker/install/cartographer_ros_msgs/include/cartographer_ros_msgs/cartographer_ros_msgs/msg/detail/status_response__rosidl_typesupport_fastrtps_c.h
[5.316s] -- Up-to-date symlink: /home/user/cartographer_ws_docker/install/cartographer_ros_msgs/include/cartographer_ros_msgs/cartographer_ros_msgs/msg/detail/submap_entry__rosidl_typesupport_fastrtps_c.h
[5.317s] -- Up-to-date symlink: /home/user/cartographer_ws_docker/install/cartographer_ros_msgs/include/cartographer_ros_msgs/cartographer_ros_msgs/msg/detail/submap_list__rosidl_typesupport_fastrtps_c.h
[5.317s] -- Up-to-date symlink: /home/user/cartographer_ws_docker/install/cartographer_ros_msgs/include/cartographer_ros_msgs/cartographer_ros_msgs/msg/detail/submap_texture__rosidl_typesupport_fastrtps_c.h
[5.317s] -- Up-to-date symlink: /home/user/cartographer_ws_docker/install/cartographer_ros_msgs/include/cartographer_ros_msgs/cartographer_ros_msgs/msg/detail/trajectory_states__rosidl_typesupport_fastrtps_c.h
[5.317s] -- Up-to-date symlink: /home/user/cartographer_ws_docker/install/cartographer_ros_msgs/include/cartographer_ros_msgs/cartographer_ros_msgs/msg/rosidl_typesupport_fastrtps_c__visibility_control.h
[5.317s] -- Up-to-date symlink: /home/user/cartographer_ws_docker/install/cartographer_ros_msgs/include/cartographer_ros_msgs/cartographer_ros_msgs/srv/detail/finish_trajectory__rosidl_typesupport_fastrtps_c.h
[5.318s] -- Up-to-date symlink: /home/user/cartographer_ws_docker/install/cartographer_ros_msgs/include/cartographer_ros_msgs/cartographer_ros_msgs/srv/detail/get_trajectory_states__rosidl_typesupport_fastrtps_c.h
[5.318s] -- Up-to-date symlink: /home/user/cartographer_ws_docker/install/cartographer_ros_msgs/include/cartographer_ros_msgs/cartographer_ros_msgs/srv/detail/read_metrics__rosidl_typesupport_fastrtps_c.h
[5.318s] -- Up-to-date symlink: /home/user/cartographer_ws_docker/install/cartographer_ros_msgs/include/cartographer_ros_msgs/cartographer_ros_msgs/srv/detail/start_trajectory__rosidl_typesupport_fastrtps_c.h
[5.318s] -- Up-to-date symlink: /home/user/cartographer_ws_docker/install/cartographer_ros_msgs/include/cartographer_ros_msgs/cartographer_ros_msgs/srv/detail/submap_query__rosidl_typesupport_fastrtps_c.h
[5.318s] -- Up-to-date symlink: /home/user/cartographer_ws_docker/install/cartographer_ros_msgs/include/cartographer_ros_msgs/cartographer_ros_msgs/srv/detail/trajectory_query__rosidl_typesupport_fastrtps_c.h
[5.318s] -- Up-to-date symlink: /home/user/cartographer_ws_docker/install/cartographer_ros_msgs/include/cartographer_ros_msgs/cartographer_ros_msgs/srv/detail/write_state__rosidl_typesupport_fastrtps_c.h
[5.318s] -- Up-to-date symlink: /home/user/cartographer_ws_docker/install/cartographer_ros_msgs/include/cartographer_ros_msgs/cartographer_ros_msgs/msg/bagfile_progress.hpp
[5.319s] -- Up-to-date symlink: /home/user/cartographer_ws_docker/install/cartographer_ros_msgs/include/cartographer_ros_msgs/cartographer_ros_msgs/msg/detail/bagfile_progress__builder.hpp
[5.319s] -- Up-to-date symlink: /home/user/cartographer_ws_docker/install/cartographer_ros_msgs/include/cartographer_ros_msgs/cartographer_ros_msgs/msg/detail/bagfile_progress__struct.hpp
[5.319s] -- Up-to-date symlink: /home/user/cartographer_ws_docker/install/cartographer_ros_msgs/include/cartographer_ros_msgs/cartographer_ros_msgs/msg/detail/bagfile_progress__traits.hpp
[5.319s] -- Up-to-date symlink: /home/user/cartographer_ws_docker/install/cartographer_ros_msgs/include/cartographer_ros_msgs/cartographer_ros_msgs/msg/detail/histogram_bucket__builder.hpp
[5.319s] -- Up-to-date symlink: /home/user/cartographer_ws_docker/install/cartographer_ros_msgs/include/cartographer_ros_msgs/cartographer_ros_msgs/msg/detail/histogram_bucket__struct.hpp
[5.319s] -- Up-to-date symlink: /home/user/cartographer_ws_docker/install/cartographer_ros_msgs/include/cartographer_ros_msgs/cartographer_ros_msgs/msg/detail/histogram_bucket__traits.hpp
[5.319s] -- Up-to-date symlink: /home/user/cartographer_ws_docker/install/cartographer_ros_msgs/include/cartographer_ros_msgs/cartographer_ros_msgs/msg/detail/landmark_entry__builder.hpp
[5.319s] -- Up-to-date symlink: /home/user/cartographer_ws_docker/install/cartographer_ros_msgs/include/cartographer_ros_msgs/cartographer_ros_msgs/msg/detail/landmark_entry__struct.hpp
[5.320s] -- Up-to-date symlink: /home/user/cartographer_ws_docker/install/cartographer_ros_msgs/include/cartographer_ros_msgs/cartographer_ros_msgs/msg/detail/landmark_entry__traits.hpp
[5.320s] -- Up-to-date symlink: /home/user/cartographer_ws_docker/install/cartographer_ros_msgs/include/cartographer_ros_msgs/cartographer_ros_msgs/msg/detail/landmark_list__builder.hpp
[5.320s] -- Up-to-date symlink: /home/user/cartographer_ws_docker/install/cartographer_ros_msgs/include/cartographer_ros_msgs/cartographer_ros_msgs/msg/detail/landmark_list__struct.hpp
[5.320s] -- Up-to-date symlink: /home/user/cartographer_ws_docker/install/cartographer_ros_msgs/include/cartographer_ros_msgs/cartographer_ros_msgs/msg/detail/landmark_list__traits.hpp
[5.320s] -- Up-to-date symlink: /home/user/cartographer_ws_docker/install/cartographer_ros_msgs/include/cartographer_ros_msgs/cartographer_ros_msgs/msg/detail/metric__builder.hpp
[5.320s] -- Up-to-date symlink: /home/user/cartographer_ws_docker/install/cartographer_ros_msgs/include/cartographer_ros_msgs/cartographer_ros_msgs/msg/detail/metric__struct.hpp
[5.320s] -- Up-to-date symlink: /home/user/cartographer_ws_docker/install/cartographer_ros_msgs/include/cartographer_ros_msgs/cartographer_ros_msgs/msg/detail/metric__traits.hpp
[5.320s] -- Up-to-date symlink: /home/user/cartographer_ws_docker/install/cartographer_ros_msgs/include/cartographer_ros_msgs/cartographer_ros_msgs/msg/detail/metric_family__builder.hpp
[5.321s] -- Up-to-date symlink: /home/user/cartographer_ws_docker/install/cartographer_ros_msgs/include/cartographer_ros_msgs/cartographer_ros_msgs/msg/detail/metric_family__struct.hpp
[5.321s] -- Up-to-date symlink: /home/user/cartographer_ws_docker/install/cartographer_ros_msgs/include/cartographer_ros_msgs/cartographer_ros_msgs/msg/detail/metric_family__traits.hpp
[5.321s] -- Up-to-date symlink: /home/user/cartographer_ws_docker/install/cartographer_ros_msgs/include/cartographer_ros_msgs/cartographer_ros_msgs/msg/detail/metric_label__builder.hpp
[5.321s] -- Up-to-date symlink: /home/user/cartographer_ws_docker/install/cartographer_ros_msgs/include/cartographer_ros_msgs/cartographer_ros_msgs/msg/detail/metric_label__struct.hpp
[5.321s] -- Up-to-date symlink: /home/user/cartographer_ws_docker/install/cartographer_ros_msgs/include/cartographer_ros_msgs/cartographer_ros_msgs/msg/detail/metric_label__traits.hpp
[5.321s] -- Up-to-date symlink: /home/user/cartographer_ws_docker/install/cartographer_ros_msgs/include/cartographer_ros_msgs/cartographer_ros_msgs/msg/detail/status_code__builder.hpp
[5.322s] -- Up-to-date symlink: /home/user/cartographer_ws_docker/install/cartographer_ros_msgs/include/cartographer_ros_msgs/cartographer_ros_msgs/msg/detail/status_code__struct.hpp
[5.322s] -- Up-to-date symlink: /home/user/cartographer_ws_docker/install/cartographer_ros_msgs/include/cartographer_ros_msgs/cartographer_ros_msgs/msg/detail/status_code__traits.hpp
[5.322s] -- Up-to-date symlink: /home/user/cartographer_ws_docker/install/cartographer_ros_msgs/include/cartographer_ros_msgs/cartographer_ros_msgs/msg/detail/status_response__builder.hpp
[5.322s] -- Up-to-date symlink: /home/user/cartographer_ws_docker/install/cartographer_ros_msgs/include/cartographer_ros_msgs/cartographer_ros_msgs/msg/detail/status_response__struct.hpp
[5.322s] -- Up-to-date symlink: /home/user/cartographer_ws_docker/install/cartographer_ros_msgs/include/cartographer_ros_msgs/cartographer_ros_msgs/msg/detail/status_response__traits.hpp
[5.323s] -- Up-to-date symlink: /home/user/cartographer_ws_docker/install/cartographer_ros_msgs/include/cartographer_ros_msgs/cartographer_ros_msgs/msg/detail/submap_entry__builder.hpp
[5.323s] -- Up-to-date symlink: /home/user/cartographer_ws_docker/install/cartographer_ros_msgs/include/cartographer_ros_msgs/cartographer_ros_msgs/msg/detail/submap_entry__struct.hpp
[5.323s] -- Up-to-date symlink: /home/user/cartographer_ws_docker/install/cartographer_ros_msgs/include/cartographer_ros_msgs/cartographer_ros_msgs/msg/detail/submap_entry__traits.hpp
[5.323s] -- Up-to-date symlink: /home/user/cartographer_ws_docker/install/cartographer_ros_msgs/include/cartographer_ros_msgs/cartographer_ros_msgs/msg/detail/submap_list__builder.hpp
[5.323s] -- Up-to-date symlink: /home/user/cartographer_ws_docker/install/cartographer_ros_msgs/include/cartographer_ros_msgs/cartographer_ros_msgs/msg/detail/submap_list__struct.hpp
[5.323s] -- Up-to-date symlink: /home/user/cartographer_ws_docker/install/cartographer_ros_msgs/include/cartographer_ros_msgs/cartographer_ros_msgs/msg/detail/submap_list__traits.hpp
[5.324s] -- Up-to-date symlink: /home/user/cartographer_ws_docker/install/cartographer_ros_msgs/include/cartographer_ros_msgs/cartographer_ros_msgs/msg/detail/submap_texture__builder.hpp
[5.324s] -- Up-to-date symlink: /home/user/cartographer_ws_docker/install/cartographer_ros_msgs/include/cartographer_ros_msgs/cartographer_ros_msgs/msg/detail/submap_texture__struct.hpp
[5.324s] -- Up-to-date symlink: /home/user/cartographer_ws_docker/install/cartographer_ros_msgs/include/cartographer_ros_msgs/cartographer_ros_msgs/msg/detail/submap_texture__traits.hpp
[5.324s] -- Up-to-date symlink: /home/user/cartographer_ws_docker/install/cartographer_ros_msgs/include/cartographer_ros_msgs/cartographer_ros_msgs/msg/detail/trajectory_states__builder.hpp
[5.324s] -- Up-to-date symlink: /home/user/cartographer_ws_docker/install/cartographer_ros_msgs/include/cartographer_ros_msgs/cartographer_ros_msgs/msg/detail/trajectory_states__struct.hpp
[5.324s] -- Up-to-date symlink: /home/user/cartographer_ws_docker/install/cartographer_ros_msgs/include/cartographer_ros_msgs/cartographer_ros_msgs/msg/detail/trajectory_states__traits.hpp
[5.324s] -- Up-to-date symlink: /home/user/cartographer_ws_docker/install/cartographer_ros_msgs/include/cartographer_ros_msgs/cartographer_ros_msgs/msg/histogram_bucket.hpp
[5.324s] -- Up-to-date symlink: /home/user/cartographer_ws_docker/install/cartographer_ros_msgs/include/cartographer_ros_msgs/cartographer_ros_msgs/msg/landmark_entry.hpp
[5.326s] -- Up-to-date symlink: /home/user/cartographer_ws_docker/install/cartographer_ros_msgs/include/cartographer_ros_msgs/cartographer_ros_msgs/msg/landmark_list.hpp
[5.326s] -- Up-to-date symlink: /home/user/cartographer_ws_docker/install/cartographer_ros_msgs/include/cartographer_ros_msgs/cartographer_ros_msgs/msg/metric.hpp
[5.326s] -- Up-to-date symlink: /home/user/cartographer_ws_docker/install/cartographer_ros_msgs/include/cartographer_ros_msgs/cartographer_ros_msgs/msg/metric_family.hpp
[5.326s] -- Up-to-date symlink: /home/user/cartographer_ws_docker/install/cartographer_ros_msgs/include/cartographer_ros_msgs/cartographer_ros_msgs/msg/metric_label.hpp
[5.327s] -- Up-to-date symlink: /home/user/cartographer_ws_docker/install/cartographer_ros_msgs/include/cartographer_ros_msgs/cartographer_ros_msgs/msg/status_code.hpp
[5.327s] -- Up-to-date symlink: /home/user/cartographer_ws_docker/install/cartographer_ros_msgs/include/cartographer_ros_msgs/cartographer_ros_msgs/msg/status_response.hpp
[5.328s] -- Up-to-date symlink: /home/user/cartographer_ws_docker/install/cartographer_ros_msgs/include/cartographer_ros_msgs/cartographer_ros_msgs/msg/submap_entry.hpp
[5.328s] -- Up-to-date symlink: /home/user/cartographer_ws_docker/install/cartographer_ros_msgs/include/cartographer_ros_msgs/cartographer_ros_msgs/msg/submap_list.hpp
[5.328s] -- Up-to-date symlink: /home/user/cartographer_ws_docker/install/cartographer_ros_msgs/include/cartographer_ros_msgs/cartographer_ros_msgs/msg/submap_texture.hpp
[5.328s] -- Up-to-date symlink: /home/user/cartographer_ws_docker/install/cartographer_ros_msgs/include/cartographer_ros_msgs/cartographer_ros_msgs/msg/trajectory_states.hpp
[5.329s] -- Up-to-date symlink: /home/user/cartographer_ws_docker/install/cartographer_ros_msgs/include/cartographer_ros_msgs/cartographer_ros_msgs/srv/detail/finish_trajectory__builder.hpp
[5.329s] -- Up-to-date symlink: /home/user/cartographer_ws_docker/install/cartographer_ros_msgs/include/cartographer_ros_msgs/cartographer_ros_msgs/srv/detail/finish_trajectory__struct.hpp
[5.329s] -- Up-to-date symlink: /home/user/cartographer_ws_docker/install/cartographer_ros_msgs/include/cartographer_ros_msgs/cartographer_ros_msgs/srv/detail/finish_trajectory__traits.hpp
[5.329s] -- Up-to-date symlink: /home/user/cartographer_ws_docker/install/cartographer_ros_msgs/include/cartographer_ros_msgs/cartographer_ros_msgs/srv/detail/get_trajectory_states__builder.hpp
[5.330s] -- Up-to-date symlink: /home/user/cartographer_ws_docker/install/cartographer_ros_msgs/include/cartographer_ros_msgs/cartographer_ros_msgs/srv/detail/get_trajectory_states__struct.hpp
[5.330s] -- Up-to-date symlink: /home/user/cartographer_ws_docker/install/cartographer_ros_msgs/include/cartographer_ros_msgs/cartographer_ros_msgs/srv/detail/get_trajectory_states__traits.hpp
[5.330s] -- Up-to-date symlink: /home/user/cartographer_ws_docker/install/cartographer_ros_msgs/include/cartographer_ros_msgs/cartographer_ros_msgs/srv/detail/read_metrics__builder.hpp
[5.330s] -- Up-to-date symlink: /home/user/cartographer_ws_docker/install/cartographer_ros_msgs/include/cartographer_ros_msgs/cartographer_ros_msgs/srv/detail/read_metrics__struct.hpp
[5.330s] -- Up-to-date symlink: /home/user/cartographer_ws_docker/install/cartographer_ros_msgs/include/cartographer_ros_msgs/cartographer_ros_msgs/srv/detail/read_metrics__traits.hpp
[5.330s] -- Up-to-date symlink: /home/user/cartographer_ws_docker/install/cartographer_ros_msgs/include/cartographer_ros_msgs/cartographer_ros_msgs/srv/detail/start_trajectory__builder.hpp
[5.331s] -- Up-to-date symlink: /home/user/cartographer_ws_docker/install/cartographer_ros_msgs/include/cartographer_ros_msgs/cartographer_ros_msgs/srv/detail/start_trajectory__struct.hpp
[5.331s] -- Up-to-date symlink: /home/user/cartographer_ws_docker/install/cartographer_ros_msgs/include/cartographer_ros_msgs/cartographer_ros_msgs/srv/detail/start_trajectory__traits.hpp
[5.331s] -- Up-to-date symlink: /home/user/cartographer_ws_docker/install/cartographer_ros_msgs/include/cartographer_ros_msgs/cartographer_ros_msgs/srv/detail/submap_query__builder.hpp
[5.331s] -- Up-to-date symlink: /home/user/cartographer_ws_docker/install/cartographer_ros_msgs/include/cartographer_ros_msgs/cartographer_ros_msgs/srv/detail/submap_query__struct.hpp
[5.331s] -- Up-to-date symlink: /home/user/cartographer_ws_docker/install/cartographer_ros_msgs/include/cartographer_ros_msgs/cartographer_ros_msgs/srv/detail/submap_query__traits.hpp
[5.331s] -- Up-to-date symlink: /home/user/cartographer_ws_docker/install/cartographer_ros_msgs/include/cartographer_ros_msgs/cartographer_ros_msgs/srv/detail/trajectory_query__builder.hpp
[5.331s] -- Up-to-date symlink: /home/user/cartographer_ws_docker/install/cartographer_ros_msgs/include/cartographer_ros_msgs/cartographer_ros_msgs/srv/detail/trajectory_query__struct.hpp
[5.331s] -- Up-to-date symlink: /home/user/cartographer_ws_docker/install/cartographer_ros_msgs/include/cartographer_ros_msgs/cartographer_ros_msgs/srv/detail/trajectory_query__traits.hpp
[5.331s] -- Up-to-date symlink: /home/user/cartographer_ws_docker/install/cartographer_ros_msgs/include/cartographer_ros_msgs/cartographer_ros_msgs/srv/detail/write_state__builder.hpp
[5.331s] -- Up-to-date symlink: /home/user/cartographer_ws_docker/install/cartographer_ros_msgs/include/cartographer_ros_msgs/cartographer_ros_msgs/srv/detail/write_state__struct.hpp
[5.331s] -- Up-to-date symlink: /home/user/cartographer_ws_docker/install/cartographer_ros_msgs/include/cartographer_ros_msgs/cartographer_ros_msgs/srv/detail/write_state__traits.hpp
[5.331s] -- Up-to-date symlink: /home/user/cartographer_ws_docker/install/cartographer_ros_msgs/include/cartographer_ros_msgs/cartographer_ros_msgs/srv/finish_trajectory.hpp
[5.332s] -- Up-to-date symlink: /home/user/cartographer_ws_docker/install/cartographer_ros_msgs/include/cartographer_ros_msgs/cartographer_ros_msgs/srv/get_trajectory_states.hpp
[5.332s] -- Up-to-date symlink: /home/user/cartographer_ws_docker/install/cartographer_ros_msgs/include/cartographer_ros_msgs/cartographer_ros_msgs/srv/read_metrics.hpp
[5.332s] -- Up-to-date symlink: /home/user/cartographer_ws_docker/install/cartographer_ros_msgs/include/cartographer_ros_msgs/cartographer_ros_msgs/srv/start_trajectory.hpp
[5.332s] -- Up-to-date symlink: /home/user/cartographer_ws_docker/install/cartographer_ros_msgs/include/cartographer_ros_msgs/cartographer_ros_msgs/srv/submap_query.hpp
[5.332s] -- Up-to-date symlink: /home/user/cartographer_ws_docker/install/cartographer_ros_msgs/include/cartographer_ros_msgs/cartographer_ros_msgs/srv/trajectory_query.hpp
[5.332s] -- Up-to-date symlink: /home/user/cartographer_ws_docker/install/cartographer_ros_msgs/include/cartographer_ros_msgs/cartographer_ros_msgs/srv/write_state.hpp
[5.332s] -- Up-to-date symlink: /home/user/cartographer_ws_docker/install/cartographer_ros_msgs/include/cartographer_ros_msgs/cartographer_ros_msgs/msg/detail/bagfile_progress__rosidl_typesupport_introspection_cpp.hpp
[5.332s] -- Up-to-date symlink: /home/user/cartographer_ws_docker/install/cartographer_ros_msgs/include/cartographer_ros_msgs/cartographer_ros_msgs/msg/detail/histogram_bucket__rosidl_typesupport_introspection_cpp.hpp
[5.332s] -- Up-to-date symlink: /home/user/cartographer_ws_docker/install/cartographer_ros_msgs/include/cartographer_ros_msgs/cartographer_ros_msgs/msg/detail/landmark_entry__rosidl_typesupport_introspection_cpp.hpp
[5.332s] -- Up-to-date symlink: /home/user/cartographer_ws_docker/install/cartographer_ros_msgs/include/cartographer_ros_msgs/cartographer_ros_msgs/msg/detail/landmark_list__rosidl_typesupport_introspection_cpp.hpp
[5.333s] -- Up-to-date symlink: /home/user/cartographer_ws_docker/install/cartographer_ros_msgs/include/cartographer_ros_msgs/cartographer_ros_msgs/msg/detail/metric__rosidl_typesupport_introspection_cpp.hpp
[5.333s] -- Up-to-date symlink: /home/user/cartographer_ws_docker/install/cartographer_ros_msgs/include/cartographer_ros_msgs/cartographer_ros_msgs/msg/detail/metric_family__rosidl_typesupport_introspection_cpp.hpp
[5.333s] -- Up-to-date symlink: /home/user/cartographer_ws_docker/install/cartographer_ros_msgs/include/cartographer_ros_msgs/cartographer_ros_msgs/msg/detail/metric_label__rosidl_typesupport_introspection_cpp.hpp
[5.333s] -- Up-to-date symlink: /home/user/cartographer_ws_docker/install/cartographer_ros_msgs/include/cartographer_ros_msgs/cartographer_ros_msgs/msg/detail/status_code__rosidl_typesupport_introspection_cpp.hpp
[5.333s] -- Up-to-date symlink: /home/user/cartographer_ws_docker/install/cartographer_ros_msgs/include/cartographer_ros_msgs/cartographer_ros_msgs/msg/detail/status_response__rosidl_typesupport_introspection_cpp.hpp
[5.333s] -- Up-to-date symlink: /home/user/cartographer_ws_docker/install/cartographer_ros_msgs/include/cartographer_ros_msgs/cartographer_ros_msgs/msg/detail/submap_entry__rosidl_typesupport_introspection_cpp.hpp
[5.333s] -- Up-to-date symlink: /home/user/cartographer_ws_docker/install/cartographer_ros_msgs/include/cartographer_ros_msgs/cartographer_ros_msgs/msg/detail/submap_list__rosidl_typesupport_introspection_cpp.hpp
[5.334s] -- Up-to-date symlink: /home/user/cartographer_ws_docker/install/cartographer_ros_msgs/include/cartographer_ros_msgs/cartographer_ros_msgs/msg/detail/submap_texture__rosidl_typesupport_introspection_cpp.hpp
[5.334s] -- Up-to-date symlink: /home/user/cartographer_ws_docker/install/cartographer_ros_msgs/include/cartographer_ros_msgs/cartographer_ros_msgs/msg/detail/trajectory_states__rosidl_typesupport_introspection_cpp.hpp
[5.334s] -- Up-to-date symlink: /home/user/cartographer_ws_docker/install/cartographer_ros_msgs/include/cartographer_ros_msgs/cartographer_ros_msgs/srv/detail/finish_trajectory__rosidl_typesupport_introspection_cpp.hpp
[5.334s] -- Up-to-date symlink: /home/user/cartographer_ws_docker/install/cartographer_ros_msgs/include/cartographer_ros_msgs/cartographer_ros_msgs/srv/detail/get_trajectory_states__rosidl_typesupport_introspection_cpp.hpp
[5.334s] -- Up-to-date symlink: /home/user/cartographer_ws_docker/install/cartographer_ros_msgs/include/cartographer_ros_msgs/cartographer_ros_msgs/srv/detail/read_metrics__rosidl_typesupport_introspection_cpp.hpp
[5.334s] -- Up-to-date symlink: /home/user/cartographer_ws_docker/install/cartographer_ros_msgs/include/cartographer_ros_msgs/cartographer_ros_msgs/srv/detail/start_trajectory__rosidl_typesupport_introspection_cpp.hpp
[5.334s] -- Up-to-date symlink: /home/user/cartographer_ws_docker/install/cartographer_ros_msgs/include/cartographer_ros_msgs/cartographer_ros_msgs/srv/detail/submap_query__rosidl_typesupport_introspection_cpp.hpp
[5.334s] -- Up-to-date symlink: /home/user/cartographer_ws_docker/install/cartographer_ros_msgs/include/cartographer_ros_msgs/cartographer_ros_msgs/srv/detail/trajectory_query__rosidl_typesupport_introspection_cpp.hpp
[5.334s] -- Up-to-date symlink: /home/user/cartographer_ws_docker/install/cartographer_ros_msgs/include/cartographer_ros_msgs/cartographer_ros_msgs/srv/detail/write_state__rosidl_typesupport_introspection_cpp.hpp
[5.335s] -- Up-to-date symlink: /home/user/cartographer_ws_docker/install/cartographer_ros_msgs/include/cartographer_ros_msgs/cartographer_ros_msgs/msg/detail/bagfile_progress__rosidl_typesupport_fastrtps_cpp.hpp
[5.336s] -- Up-to-date symlink: /home/user/cartographer_ws_docker/install/cartographer_ros_msgs/include/cartographer_ros_msgs/cartographer_ros_msgs/msg/detail/histogram_bucket__rosidl_typesupport_fastrtps_cpp.hpp
[5.336s] -- Up-to-date symlink: /home/user/cartographer_ws_docker/install/cartographer_ros_msgs/include/cartographer_ros_msgs/cartographer_ros_msgs/msg/detail/landmark_entry__rosidl_typesupport_fastrtps_cpp.hpp
[5.336s] -- Up-to-date symlink: /home/user/cartographer_ws_docker/install/cartographer_ros_msgs/include/cartographer_ros_msgs/cartographer_ros_msgs/msg/detail/landmark_list__rosidl_typesupport_fastrtps_cpp.hpp
[5.336s] -- Up-to-date symlink: /home/user/cartographer_ws_docker/install/cartographer_ros_msgs/include/cartographer_ros_msgs/cartographer_ros_msgs/msg/detail/metric__rosidl_typesupport_fastrtps_cpp.hpp
[5.336s] -- Up-to-date symlink: /home/user/cartographer_ws_docker/install/cartographer_ros_msgs/include/cartographer_ros_msgs/cartographer_ros_msgs/msg/detail/metric_family__rosidl_typesupport_fastrtps_cpp.hpp
[5.337s] -- Up-to-date symlink: /home/user/cartographer_ws_docker/install/cartographer_ros_msgs/include/cartographer_ros_msgs/cartographer_ros_msgs/msg/detail/metric_label__rosidl_typesupport_fastrtps_cpp.hpp
[5.338s] -- Up-to-date symlink: /home/user/cartographer_ws_docker/install/cartographer_ros_msgs/include/cartographer_ros_msgs/cartographer_ros_msgs/msg/detail/status_code__rosidl_typesupport_fastrtps_cpp.hpp
[5.338s] -- Up-to-date symlink: /home/user/cartographer_ws_docker/install/cartographer_ros_msgs/include/cartographer_ros_msgs/cartographer_ros_msgs/msg/detail/status_response__rosidl_typesupport_fastrtps_cpp.hpp
[5.340s] -- Up-to-date symlink: /home/user/cartographer_ws_docker/install/cartographer_ros_msgs/include/cartographer_ros_msgs/cartographer_ros_msgs/msg/detail/submap_entry__rosidl_typesupport_fastrtps_cpp.hpp
[5.340s] -- Up-to-date symlink: /home/user/cartographer_ws_docker/install/cartographer_ros_msgs/include/cartographer_ros_msgs/cartographer_ros_msgs/msg/detail/submap_list__rosidl_typesupport_fastrtps_cpp.hpp
[5.340s] -- Up-to-date symlink: /home/user/cartographer_ws_docker/install/cartographer_ros_msgs/include/cartographer_ros_msgs/cartographer_ros_msgs/msg/detail/submap_texture__rosidl_typesupport_fastrtps_cpp.hpp
[5.340s] -- Up-to-date symlink: /home/user/cartographer_ws_docker/install/cartographer_ros_msgs/include/cartographer_ros_msgs/cartographer_ros_msgs/msg/detail/trajectory_states__rosidl_typesupport_fastrtps_cpp.hpp
[5.340s] -- Up-to-date symlink: /home/user/cartographer_ws_docker/install/cartographer_ros_msgs/include/cartographer_ros_msgs/cartographer_ros_msgs/msg/rosidl_typesupport_fastrtps_cpp__visibility_control.h
[5.340s] -- Up-to-date symlink: /home/user/cartographer_ws_docker/install/cartographer_ros_msgs/include/cartographer_ros_msgs/cartographer_ros_msgs/srv/detail/finish_trajectory__rosidl_typesupport_fastrtps_cpp.hpp
[5.340s] -- Up-to-date symlink: /home/user/cartographer_ws_docker/install/cartographer_ros_msgs/include/cartographer_ros_msgs/cartographer_ros_msgs/srv/detail/get_trajectory_states__rosidl_typesupport_fastrtps_cpp.hpp
[5.340s] -- Up-to-date symlink: /home/user/cartographer_ws_docker/install/cartographer_ros_msgs/include/cartographer_ros_msgs/cartographer_ros_msgs/srv/detail/read_metrics__rosidl_typesupport_fastrtps_cpp.hpp
[5.340s] -- Up-to-date symlink: /home/user/cartographer_ws_docker/install/cartographer_ros_msgs/include/cartographer_ros_msgs/cartographer_ros_msgs/srv/detail/start_trajectory__rosidl_typesupport_fastrtps_cpp.hpp
[5.340s] -- Up-to-date symlink: /home/user/cartographer_ws_docker/install/cartographer_ros_msgs/include/cartographer_ros_msgs/cartographer_ros_msgs/srv/detail/submap_query__rosidl_typesupport_fastrtps_cpp.hpp
[5.341s] -- Up-to-date symlink: /home/user/cartographer_ws_docker/install/cartographer_ros_msgs/include/cartographer_ros_msgs/cartographer_ros_msgs/srv/detail/trajectory_query__rosidl_typesupport_fastrtps_cpp.hpp
[5.341s] -- Up-to-date symlink: /home/user/cartographer_ws_docker/install/cartographer_ros_msgs/include/cartographer_ros_msgs/cartographer_ros_msgs/srv/detail/write_state__rosidl_typesupport_fastrtps_cpp.hpp
[5.341s] -- Up-to-date symlink: /home/user/cartographer_ws_docker/install/cartographer_ros_msgs/share/cartographer_ros_msgs/environment/pythonpath.sh
[5.341s] -- Up-to-date symlink: /home/user/cartographer_ws_docker/install/cartographer_ros_msgs/share/cartographer_ros_msgs/environment/pythonpath.dsv
[5.341s] -- Up-to-date symlink: /home/user/cartographer_ws_docker/install/cartographer_ros_msgs/local/lib/python3.10/dist-packages/cartographer_ros_msgs-2.0.9003-py3.10.egg-info/PKG-INFO
[5.341s] -- Up-to-date symlink: /home/user/cartographer_ws_docker/install/cartographer_ros_msgs/local/lib/python3.10/dist-packages/cartographer_ros_msgs-2.0.9003-py3.10.egg-info/SOURCES.txt
[5.341s] -- Up-to-date symlink: /home/user/cartographer_ws_docker/install/cartographer_ros_msgs/local/lib/python3.10/dist-packages/cartographer_ros_msgs-2.0.9003-py3.10.egg-info/dependency_links.txt
[5.341s] -- Up-to-date symlink: /home/user/cartographer_ws_docker/install/cartographer_ros_msgs/local/lib/python3.10/dist-packages/cartographer_ros_msgs-2.0.9003-py3.10.egg-info/top_level.txt
[5.341s] -- Up-to-date symlink: /home/user/cartographer_ws_docker/install/cartographer_ros_msgs/local/lib/python3.10/dist-packages/cartographer_ros_msgs/__init__.py
[5.342s] -- Up-to-date symlink: /home/user/cartographer_ws_docker/install/cartographer_ros_msgs/local/lib/python3.10/dist-packages/cartographer_ros_msgs/_cartographer_ros_msgs_s.ep.rosidl_typesupport_c.c
[5.342s] -- Up-to-date symlink: /home/user/cartographer_ws_docker/install/cartographer_ros_msgs/local/lib/python3.10/dist-packages/cartographer_ros_msgs/_cartographer_ros_msgs_s.ep.rosidl_typesupport_fastrtps_c.c
[5.342s] -- Up-to-date symlink: /home/user/cartographer_ws_docker/install/cartographer_ros_msgs/local/lib/python3.10/dist-packages/cartographer_ros_msgs/_cartographer_ros_msgs_s.ep.rosidl_typesupport_introspection_c.c
[5.342s] -- Up-to-date symlink: /home/user/cartographer_ws_docker/install/cartographer_ros_msgs/local/lib/python3.10/dist-packages/cartographer_ros_msgs/cartographer_ros_msgs_s__rosidl_typesupport_c.cpython-310-x86_64-linux-gnu.so
[5.342s] -- Up-to-date symlink: /home/user/cartographer_ws_docker/install/cartographer_ros_msgs/local/lib/python3.10/dist-packages/cartographer_ros_msgs/cartographer_ros_msgs_s__rosidl_typesupport_fastrtps_c.cpython-310-x86_64-linux-gnu.so
[5.342s] -- Up-to-date symlink: /home/user/cartographer_ws_docker/install/cartographer_ros_msgs/local/lib/python3.10/dist-packages/cartographer_ros_msgs/cartographer_ros_msgs_s__rosidl_typesupport_introspection_c.cpython-310-x86_64-linux-gnu.so
[5.343s] -- Up-to-date symlink: /home/user/cartographer_ws_docker/install/cartographer_ros_msgs/local/lib/python3.10/dist-packages/cartographer_ros_msgs/libcartographer_ros_msgs__rosidl_generator_py.so
[5.343s] -- Up-to-date symlink: /home/user/cartographer_ws_docker/install/cartographer_ros_msgs/local/lib/python3.10/dist-packages/cartographer_ros_msgs/msg/__init__.py
[5.343s] -- Up-to-date symlink: /home/user/cartographer_ws_docker/install/cartographer_ros_msgs/local/lib/python3.10/dist-packages/cartographer_ros_msgs/msg/_bagfile_progress.py
[5.343s] -- Up-to-date symlink: /home/user/cartographer_ws_docker/install/cartographer_ros_msgs/local/lib/python3.10/dist-packages/cartographer_ros_msgs/msg/_bagfile_progress_s.c
[5.343s] -- Up-to-date symlink: /home/user/cartographer_ws_docker/install/cartographer_ros_msgs/local/lib/python3.10/dist-packages/cartographer_ros_msgs/msg/_histogram_bucket.py
[5.343s] -- Up-to-date symlink: /home/user/cartographer_ws_docker/install/cartographer_ros_msgs/local/lib/python3.10/dist-packages/cartographer_ros_msgs/msg/_histogram_bucket_s.c
[5.343s] -- Up-to-date symlink: /home/user/cartographer_ws_docker/install/cartographer_ros_msgs/local/lib/python3.10/dist-packages/cartographer_ros_msgs/msg/_landmark_entry.py
[5.344s] -- Up-to-date symlink: /home/user/cartographer_ws_docker/install/cartographer_ros_msgs/local/lib/python3.10/dist-packages/cartographer_ros_msgs/msg/_landmark_entry_s.c
[5.344s] -- Up-to-date symlink: /home/user/cartographer_ws_docker/install/cartographer_ros_msgs/local/lib/python3.10/dist-packages/cartographer_ros_msgs/msg/_landmark_list.py
[5.344s] -- Up-to-date symlink: /home/user/cartographer_ws_docker/install/cartographer_ros_msgs/local/lib/python3.10/dist-packages/cartographer_ros_msgs/msg/_landmark_list_s.c
[5.344s] -- Up-to-date symlink: /home/user/cartographer_ws_docker/install/cartographer_ros_msgs/local/lib/python3.10/dist-packages/cartographer_ros_msgs/msg/_metric.py
[5.345s] -- Up-to-date symlink: /home/user/cartographer_ws_docker/install/cartographer_ros_msgs/local/lib/python3.10/dist-packages/cartographer_ros_msgs/msg/_metric_family.py
[5.345s] -- Up-to-date symlink: /home/user/cartographer_ws_docker/install/cartographer_ros_msgs/local/lib/python3.10/dist-packages/cartographer_ros_msgs/msg/_metric_family_s.c
[5.345s] -- Up-to-date symlink: /home/user/cartographer_ws_docker/install/cartographer_ros_msgs/local/lib/python3.10/dist-packages/cartographer_ros_msgs/msg/_metric_label.py
[5.345s] -- Up-to-date symlink: /home/user/cartographer_ws_docker/install/cartographer_ros_msgs/local/lib/python3.10/dist-packages/cartographer_ros_msgs/msg/_metric_label_s.c
[5.345s] -- Up-to-date symlink: /home/user/cartographer_ws_docker/install/cartographer_ros_msgs/local/lib/python3.10/dist-packages/cartographer_ros_msgs/msg/_metric_s.c
[5.345s] -- Up-to-date symlink: /home/user/cartographer_ws_docker/install/cartographer_ros_msgs/local/lib/python3.10/dist-packages/cartographer_ros_msgs/msg/_status_code.py
[5.346s] -- Up-to-date symlink: /home/user/cartographer_ws_docker/install/cartographer_ros_msgs/local/lib/python3.10/dist-packages/cartographer_ros_msgs/msg/_status_code_s.c
[5.346s] -- Up-to-date symlink: /home/user/cartographer_ws_docker/install/cartographer_ros_msgs/local/lib/python3.10/dist-packages/cartographer_ros_msgs/msg/_status_response.py
[5.346s] -- Up-to-date symlink: /home/user/cartographer_ws_docker/install/cartographer_ros_msgs/local/lib/python3.10/dist-packages/cartographer_ros_msgs/msg/_status_response_s.c
[5.347s] -- Up-to-date symlink: /home/user/cartographer_ws_docker/install/cartographer_ros_msgs/local/lib/python3.10/dist-packages/cartographer_ros_msgs/msg/_submap_entry.py
[5.347s] -- Up-to-date symlink: /home/user/cartographer_ws_docker/install/cartographer_ros_msgs/local/lib/python3.10/dist-packages/cartographer_ros_msgs/msg/_submap_entry_s.c
[5.347s] -- Up-to-date symlink: /home/user/cartographer_ws_docker/install/cartographer_ros_msgs/local/lib/python3.10/dist-packages/cartographer_ros_msgs/msg/_submap_list.py
[5.347s] -- Up-to-date symlink: /home/user/cartographer_ws_docker/install/cartographer_ros_msgs/local/lib/python3.10/dist-packages/cartographer_ros_msgs/msg/_submap_list_s.c
[5.347s] -- Up-to-date symlink: /home/user/cartographer_ws_docker/install/cartographer_ros_msgs/local/lib/python3.10/dist-packages/cartographer_ros_msgs/msg/_submap_texture.py
[5.347s] -- Up-to-date symlink: /home/user/cartographer_ws_docker/install/cartographer_ros_msgs/local/lib/python3.10/dist-packages/cartographer_ros_msgs/msg/_submap_texture_s.c
[5.348s] -- Up-to-date symlink: /home/user/cartographer_ws_docker/install/cartographer_ros_msgs/local/lib/python3.10/dist-packages/cartographer_ros_msgs/msg/_trajectory_states.py
[5.348s] -- Up-to-date symlink: /home/user/cartographer_ws_docker/install/cartographer_ros_msgs/local/lib/python3.10/dist-packages/cartographer_ros_msgs/msg/_trajectory_states_s.c
[5.348s] -- Up-to-date symlink: /home/user/cartographer_ws_docker/install/cartographer_ros_msgs/local/lib/python3.10/dist-packages/cartographer_ros_msgs/srv/__init__.py
[5.349s] -- Up-to-date symlink: /home/user/cartographer_ws_docker/install/cartographer_ros_msgs/local/lib/python3.10/dist-packages/cartographer_ros_msgs/srv/_finish_trajectory.py
[5.349s] -- Up-to-date symlink: /home/user/cartographer_ws_docker/install/cartographer_ros_msgs/local/lib/python3.10/dist-packages/cartographer_ros_msgs/srv/_finish_trajectory_s.c
[5.349s] -- Up-to-date symlink: /home/user/cartographer_ws_docker/install/cartographer_ros_msgs/local/lib/python3.10/dist-packages/cartographer_ros_msgs/srv/_get_trajectory_states.py
[5.349s] -- Up-to-date symlink: /home/user/cartographer_ws_docker/install/cartographer_ros_msgs/local/lib/python3.10/dist-packages/cartographer_ros_msgs/srv/_get_trajectory_states_s.c
[5.349s] -- Up-to-date symlink: /home/user/cartographer_ws_docker/install/cartographer_ros_msgs/local/lib/python3.10/dist-packages/cartographer_ros_msgs/srv/_read_metrics.py
[5.349s] -- Up-to-date symlink: /home/user/cartographer_ws_docker/install/cartographer_ros_msgs/local/lib/python3.10/dist-packages/cartographer_ros_msgs/srv/_read_metrics_s.c
[5.349s] -- Up-to-date symlink: /home/user/cartographer_ws_docker/install/cartographer_ros_msgs/local/lib/python3.10/dist-packages/cartographer_ros_msgs/srv/_start_trajectory.py
[5.349s] -- Up-to-date symlink: /home/user/cartographer_ws_docker/install/cartographer_ros_msgs/local/lib/python3.10/dist-packages/cartographer_ros_msgs/srv/_start_trajectory_s.c
[5.349s] -- Up-to-date symlink: /home/user/cartographer_ws_docker/install/cartographer_ros_msgs/local/lib/python3.10/dist-packages/cartographer_ros_msgs/srv/_submap_query.py
[5.349s] -- Up-to-date symlink: /home/user/cartographer_ws_docker/install/cartographer_ros_msgs/local/lib/python3.10/dist-packages/cartographer_ros_msgs/srv/_submap_query_s.c
[5.349s] -- Up-to-date symlink: /home/user/cartographer_ws_docker/install/cartographer_ros_msgs/local/lib/python3.10/dist-packages/cartographer_ros_msgs/srv/_trajectory_query.py
[5.350s] -- Up-to-date symlink: /home/user/cartographer_ws_docker/install/cartographer_ros_msgs/local/lib/python3.10/dist-packages/cartographer_ros_msgs/srv/_trajectory_query_s.c
[5.350s] -- Up-to-date symlink: /home/user/cartographer_ws_docker/install/cartographer_ros_msgs/local/lib/python3.10/dist-packages/cartographer_ros_msgs/srv/_write_state.py
[5.350s] -- Up-to-date symlink: /home/user/cartographer_ws_docker/install/cartographer_ros_msgs/local/lib/python3.10/dist-packages/cartographer_ros_msgs/srv/_write_state_s.c
[5.350s] -- Up-to-date symlink: /home/user/cartographer_ws_docker/install/cartographer_ros_msgs/local/lib/python3.10/dist-packages/cartographer_ros_msgs/cartographer_ros_msgs_s__rosidl_typesupport_introspection_c.cpython-310-x86_64-linux-gnu.so
[5.350s] -- Up-to-date symlink: /home/user/cartographer_ws_docker/install/cartographer_ros_msgs/local/lib/python3.10/dist-packages/cartographer_ros_msgs/cartographer_ros_msgs_s__rosidl_typesupport_fastrtps_c.cpython-310-x86_64-linux-gnu.so
[5.350s] -- Up-to-date symlink: /home/user/cartographer_ws_docker/install/cartographer_ros_msgs/local/lib/python3.10/dist-packages/cartographer_ros_msgs/cartographer_ros_msgs_s__rosidl_typesupport_c.cpython-310-x86_64-linux-gnu.so
[5.350s] -- Up-to-date symlink: /home/user/cartographer_ws_docker/install/cartographer_ros_msgs/share/cartographer_ros_msgs/msg/BagfileProgress.idl
[5.350s] -- Up-to-date symlink: /home/user/cartographer_ws_docker/install/cartographer_ros_msgs/share/cartographer_ros_msgs/msg/HistogramBucket.idl
[5.351s] -- Up-to-date symlink: /home/user/cartographer_ws_docker/install/cartographer_ros_msgs/share/cartographer_ros_msgs/msg/LandmarkEntry.idl
[5.351s] -- Up-to-date symlink: /home/user/cartographer_ws_docker/install/cartographer_ros_msgs/share/cartographer_ros_msgs/msg/LandmarkList.idl
[5.351s] -- Up-to-date symlink: /home/user/cartographer_ws_docker/install/cartographer_ros_msgs/share/cartographer_ros_msgs/msg/MetricFamily.idl
[5.351s] -- Up-to-date symlink: /home/user/cartographer_ws_docker/install/cartographer_ros_msgs/share/cartographer_ros_msgs/msg/MetricLabel.idl
[5.351s] -- Up-to-date symlink: /home/user/cartographer_ws_docker/install/cartographer_ros_msgs/share/cartographer_ros_msgs/msg/Metric.idl
[5.352s] -- Up-to-date symlink: /home/user/cartographer_ws_docker/install/cartographer_ros_msgs/share/cartographer_ros_msgs/msg/StatusCode.idl
[5.352s] -- Up-to-date symlink: /home/user/cartographer_ws_docker/install/cartographer_ros_msgs/share/cartographer_ros_msgs/msg/StatusResponse.idl
[5.352s] -- Up-to-date symlink: /home/user/cartographer_ws_docker/install/cartographer_ros_msgs/share/cartographer_ros_msgs/msg/SubmapEntry.idl
[5.352s] -- Up-to-date symlink: /home/user/cartographer_ws_docker/install/cartographer_ros_msgs/share/cartographer_ros_msgs/msg/SubmapList.idl
[5.353s] -- Up-to-date symlink: /home/user/cartographer_ws_docker/install/cartographer_ros_msgs/share/cartographer_ros_msgs/msg/SubmapTexture.idl
[5.353s] -- Up-to-date symlink: /home/user/cartographer_ws_docker/install/cartographer_ros_msgs/share/cartographer_ros_msgs/msg/TrajectoryStates.idl
[5.353s] -- Up-to-date symlink: /home/user/cartographer_ws_docker/install/cartographer_ros_msgs/share/cartographer_ros_msgs/srv/FinishTrajectory.idl
[5.353s] -- Up-to-date symlink: /home/user/cartographer_ws_docker/install/cartographer_ros_msgs/share/cartographer_ros_msgs/srv/GetTrajectoryStates.idl
[5.353s] -- Up-to-date symlink: /home/user/cartographer_ws_docker/install/cartographer_ros_msgs/share/cartographer_ros_msgs/srv/ReadMetrics.idl
[5.354s] -- Up-to-date symlink: /home/user/cartographer_ws_docker/install/cartographer_ros_msgs/share/cartographer_ros_msgs/srv/StartTrajectory.idl
[5.354s] -- Up-to-date symlink: /home/user/cartographer_ws_docker/install/cartographer_ros_msgs/share/cartographer_ros_msgs/srv/TrajectoryQuery.idl
[5.354s] -- Up-to-date symlink: /home/user/cartographer_ws_docker/install/cartographer_ros_msgs/share/cartographer_ros_msgs/srv/SubmapQuery.idl
[5.354s] -- Up-to-date symlink: /home/user/cartographer_ws_docker/install/cartographer_ros_msgs/share/cartographer_ros_msgs/srv/WriteState.idl
[5.354s] -- Up-to-date symlink: /home/user/cartographer_ws_docker/install/cartographer_ros_msgs/share/cartographer_ros_msgs/msg/BagfileProgress.msg
[5.354s] -- Up-to-date symlink: /home/user/cartographer_ws_docker/install/cartographer_ros_msgs/share/cartographer_ros_msgs/msg/HistogramBucket.msg
[5.355s] -- Up-to-date symlink: /home/user/cartographer_ws_docker/install/cartographer_ros_msgs/share/cartographer_ros_msgs/msg/LandmarkEntry.msg
[5.355s] -- Up-to-date symlink: /home/user/cartographer_ws_docker/install/cartographer_ros_msgs/share/cartographer_ros_msgs/msg/LandmarkList.msg
[5.355s] -- Up-to-date symlink: /home/user/cartographer_ws_docker/install/cartographer_ros_msgs/share/cartographer_ros_msgs/msg/MetricFamily.msg
[5.355s] -- Up-to-date symlink: /home/user/cartographer_ws_docker/install/cartographer_ros_msgs/share/cartographer_ros_msgs/msg/MetricLabel.msg
[5.355s] -- Up-to-date symlink: /home/user/cartographer_ws_docker/install/cartographer_ros_msgs/share/cartographer_ros_msgs/msg/Metric.msg
[5.356s] -- Up-to-date symlink: /home/user/cartographer_ws_docker/install/cartographer_ros_msgs/share/cartographer_ros_msgs/msg/StatusCode.msg
[5.356s] -- Up-to-date symlink: /home/user/cartographer_ws_docker/install/cartographer_ros_msgs/share/cartographer_ros_msgs/msg/StatusResponse.msg
[5.356s] -- Up-to-date symlink: /home/user/cartographer_ws_docker/install/cartographer_ros_msgs/share/cartographer_ros_msgs/msg/SubmapEntry.msg
[5.356s] -- Up-to-date symlink: /home/user/cartographer_ws_docker/install/cartographer_ros_msgs/share/cartographer_ros_msgs/msg/SubmapList.msg
[5.357s] -- Up-to-date symlink: /home/user/cartographer_ws_docker/install/cartographer_ros_msgs/share/cartographer_ros_msgs/msg/SubmapTexture.msg
[5.357s] -- Up-to-date symlink: /home/user/cartographer_ws_docker/install/cartographer_ros_msgs/share/cartographer_ros_msgs/msg/TrajectoryStates.msg
[5.357s] -- Up-to-date symlink: /home/user/cartographer_ws_docker/install/cartographer_ros_msgs/share/cartographer_ros_msgs/srv/FinishTrajectory.srv
[5.357s] -- Up-to-date symlink: /home/user/cartographer_ws_docker/install/cartographer_ros_msgs/share/cartographer_ros_msgs/srv/FinishTrajectory_Request.msg
[5.359s] -- Up-to-date symlink: /home/user/cartographer_ws_docker/install/cartographer_ros_msgs/share/cartographer_ros_msgs/srv/FinishTrajectory_Response.msg
[5.359s] -- Up-to-date symlink: /home/user/cartographer_ws_docker/install/cartographer_ros_msgs/share/cartographer_ros_msgs/srv/GetTrajectoryStates.srv
[5.359s] -- Up-to-date symlink: /home/user/cartographer_ws_docker/install/cartographer_ros_msgs/share/cartographer_ros_msgs/srv/GetTrajectoryStates_Request.msg
[5.359s] -- Up-to-date symlink: /home/user/cartographer_ws_docker/install/cartographer_ros_msgs/share/cartographer_ros_msgs/srv/GetTrajectoryStates_Response.msg
[5.359s] -- Up-to-date symlink: /home/user/cartographer_ws_docker/install/cartographer_ros_msgs/share/cartographer_ros_msgs/srv/ReadMetrics.srv
[5.359s] -- Up-to-date symlink: /home/user/cartographer_ws_docker/install/cartographer_ros_msgs/share/cartographer_ros_msgs/srv/ReadMetrics_Request.msg
[5.359s] -- Up-to-date symlink: /home/user/cartographer_ws_docker/install/cartographer_ros_msgs/share/cartographer_ros_msgs/srv/ReadMetrics_Response.msg
[5.360s] -- Up-to-date symlink: /home/user/cartographer_ws_docker/install/cartographer_ros_msgs/share/cartographer_ros_msgs/srv/StartTrajectory.srv
[5.360s] -- Up-to-date symlink: /home/user/cartographer_ws_docker/install/cartographer_ros_msgs/share/cartographer_ros_msgs/srv/StartTrajectory_Request.msg
[5.360s] -- Up-to-date symlink: /home/user/cartographer_ws_docker/install/cartographer_ros_msgs/share/cartographer_ros_msgs/srv/StartTrajectory_Response.msg
[5.360s] -- Up-to-date symlink: /home/user/cartographer_ws_docker/install/cartographer_ros_msgs/share/cartographer_ros_msgs/srv/TrajectoryQuery.srv
[5.360s] -- Up-to-date symlink: /home/user/cartographer_ws_docker/install/cartographer_ros_msgs/share/cartographer_ros_msgs/srv/TrajectoryQuery_Request.msg
[5.360s] -- Up-to-date symlink: /home/user/cartographer_ws_docker/install/cartographer_ros_msgs/share/cartographer_ros_msgs/srv/TrajectoryQuery_Response.msg
[5.360s] -- Up-to-date symlink: /home/user/cartographer_ws_docker/install/cartographer_ros_msgs/share/cartographer_ros_msgs/srv/SubmapQuery.srv
[5.361s] -- Up-to-date symlink: /home/user/cartographer_ws_docker/install/cartographer_ros_msgs/share/cartographer_ros_msgs/srv/SubmapQuery_Request.msg
[5.362s] -- Up-to-date symlink: /home/user/cartographer_ws_docker/install/cartographer_ros_msgs/share/cartographer_ros_msgs/srv/SubmapQuery_Response.msg
[5.362s] -- Up-to-date symlink: /home/user/cartographer_ws_docker/install/cartographer_ros_msgs/share/cartographer_ros_msgs/srv/WriteState.srv
[5.362s] -- Up-to-date symlink: /home/user/cartographer_ws_docker/install/cartographer_ros_msgs/share/cartographer_ros_msgs/srv/WriteState_Request.msg
[5.362s] -- Up-to-date symlink: /home/user/cartographer_ws_docker/install/cartographer_ros_msgs/share/cartographer_ros_msgs/srv/WriteState_Response.msg
[5.362s] -- Up-to-date symlink: /home/user/cartographer_ws_docker/install/cartographer_ros_msgs/share/ament_index/resource_index/package_run_dependencies/cartographer_ros_msgs
[5.362s] -- Up-to-date symlink: /home/user/cartographer_ws_docker/install/cartographer_ros_msgs/share/ament_index/resource_index/parent_prefix_path/cartographer_ros_msgs
[5.362s] -- Up-to-date symlink: /home/user/cartographer_ws_docker/install/cartographer_ros_msgs/share/cartographer_ros_msgs/environment/ament_prefix_path.sh
[5.362s] -- Up-to-date symlink: /home/user/cartographer_ws_docker/install/cartographer_ros_msgs/share/cartographer_ros_msgs/environment/ament_prefix_path.dsv
[5.363s] -- Up-to-date symlink: /home/user/cartographer_ws_docker/install/cartographer_ros_msgs/share/cartographer_ros_msgs/environment/path.sh
[5.363s] -- Up-to-date symlink: /home/user/cartographer_ws_docker/install/cartographer_ros_msgs/share/cartographer_ros_msgs/environment/path.dsv
[5.363s] -- Up-to-date symlink: /home/user/cartographer_ws_docker/install/cartographer_ros_msgs/share/cartographer_ros_msgs/local_setup.bash
[5.363s] -- Up-to-date symlink: /home/user/cartographer_ws_docker/install/cartographer_ros_msgs/share/cartographer_ros_msgs/local_setup.sh
[5.363s] -- Up-to-date symlink: /home/user/cartographer_ws_docker/install/cartographer_ros_msgs/share/cartographer_ros_msgs/local_setup.zsh
[5.363s] -- Up-to-date symlink: /home/user/cartographer_ws_docker/install/cartographer_ros_msgs/share/cartographer_ros_msgs/local_setup.dsv
[5.363s] -- Symlinking: /home/user/cartographer_ws_docker/install/cartographer_ros_msgs/share/cartographer_ros_msgs/package.dsv
[5.398s] -- Up-to-date symlink: /home/user/cartographer_ws_docker/install/cartographer_ros_msgs/share/ament_index/resource_index/packages/cartographer_ros_msgs
[5.398s] -- Up-to-date symlink: /home/user/cartographer_ws_docker/install/cartographer_ros_msgs/share/cartographer_ros_msgs/cmake/rosidl_cmake-extras.cmake
[5.398s] -- Up-to-date symlink: /home/user/cartographer_ws_docker/install/cartographer_ros_msgs/share/cartographer_ros_msgs/cmake/ament_cmake_export_dependencies-extras.cmake
[5.398s] -- Up-to-date symlink: /home/user/cartographer_ws_docker/install/cartographer_ros_msgs/share/cartographer_ros_msgs/cmake/ament_cmake_export_include_directories-extras.cmake
[5.398s] -- Up-to-date symlink: /home/user/cartographer_ws_docker/install/cartographer_ros_msgs/share/cartographer_ros_msgs/cmake/ament_cmake_export_libraries-extras.cmake
[5.398s] -- Up-to-date symlink: /home/user/cartographer_ws_docker/install/cartographer_ros_msgs/share/cartographer_ros_msgs/cmake/ament_cmake_export_targets-extras.cmake
[5.398s] -- Up-to-date symlink: /home/user/cartographer_ws_docker/install/cartographer_ros_msgs/share/cartographer_ros_msgs/cmake/rosidl_cmake_export_typesupport_targets-extras.cmake
[5.399s] -- Up-to-date symlink: /home/user/cartographer_ws_docker/install/cartographer_ros_msgs/share/cartographer_ros_msgs/cmake/rosidl_cmake_export_typesupport_libraries-extras.cmake
[5.399s] -- Up-to-date symlink: /home/user/cartographer_ws_docker/install/cartographer_ros_msgs/share/cartographer_ros_msgs/cmake/cartographer_ros_msgsConfig.cmake
[5.399s] -- Up-to-date symlink: /home/user/cartographer_ws_docker/install/cartographer_ros_msgs/share/cartographer_ros_msgs/cmake/cartographer_ros_msgsConfig-version.cmake
[5.399s] -- Up-to-date symlink: /home/user/cartographer_ws_docker/install/cartographer_ros_msgs/share/cartographer_ros_msgs/package.xml
[5.399s] -- Up-to-date: /home/user/cartographer_ws_docker/install/cartographer_ros_msgs/lib/libcartographer_ros_msgs__rosidl_generator_c.so
[5.400s] -- Up-to-date: /home/user/cartographer_ws_docker/install/cartographer_ros_msgs/lib/libcartographer_ros_msgs__rosidl_typesupport_introspection_c.so
[5.400s] -- Up-to-date: /home/user/cartographer_ws_docker/install/cartographer_ros_msgs/lib/libcartographer_ros_msgs__rosidl_typesupport_fastrtps_c.so
[5.402s] -- Up-to-date: /home/user/cartographer_ws_docker/install/cartographer_ros_msgs/lib/libcartographer_ros_msgs__rosidl_typesupport_c.so
[5.403s] -- Up-to-date: /home/user/cartographer_ws_docker/install/cartographer_ros_msgs/lib/libcartographer_ros_msgs__rosidl_typesupport_introspection_cpp.so
[5.403s] -- Up-to-date: /home/user/cartographer_ws_docker/install/cartographer_ros_msgs/lib/libcartographer_ros_msgs__rosidl_typesupport_fastrtps_cpp.so
[5.403s] -- Up-to-date: /home/user/cartographer_ws_docker/install/cartographer_ros_msgs/lib/libcartographer_ros_msgs__rosidl_typesupport_cpp.so
[5.522s] Listing '/home/user/cartographer_ws_docker/install/cartographer_ros_msgs/local/lib/python3.10/dist-packages/cartographer_ros_msgs'...
[5.522s] Listing '/home/user/cartographer_ws_docker/install/cartographer_ros_msgs/local/lib/python3.10/dist-packages/cartographer_ros_msgs/msg'...
[5.522s] Listing '/home/user/cartographer_ws_docker/install/cartographer_ros_msgs/local/lib/python3.10/dist-packages/cartographer_ros_msgs/srv'...
[5.526s] -- Up-to-date: /home/user/cartographer_ws_docker/install/cartographer_ros_msgs/lib/libcartographer_ros_msgs__rosidl_generator_py.so
[5.526s] -- Up-to-date: /home/user/cartographer_ws_docker/install/cartographer_ros_msgs/share/cartographer_ros_msgs/cmake/export_cartographer_ros_msgs__rosidl_generator_cExport.cmake
[5.526s] -- Up-to-date: /home/user/cartographer_ws_docker/install/cartographer_ros_msgs/share/cartographer_ros_msgs/cmake/export_cartographer_ros_msgs__rosidl_generator_cExport-noconfig.cmake
[5.526s] -- Up-to-date: /home/user/cartographer_ws_docker/install/cartographer_ros_msgs/share/cartographer_ros_msgs/cmake/cartographer_ros_msgs__rosidl_typesupport_introspection_cExport.cmake
[5.527s] -- Up-to-date: /home/user/cartographer_ws_docker/install/cartographer_ros_msgs/share/cartographer_ros_msgs/cmake/cartographer_ros_msgs__rosidl_typesupport_introspection_cExport-noconfig.cmake
[5.527s] -- Up-to-date: /home/user/cartographer_ws_docker/install/cartographer_ros_msgs/share/cartographer_ros_msgs/cmake/export_cartographer_ros_msgs__rosidl_typesupport_fastrtps_cExport.cmake
[5.527s] -- Up-to-date: /home/user/cartographer_ws_docker/install/cartographer_ros_msgs/share/cartographer_ros_msgs/cmake/export_cartographer_ros_msgs__rosidl_typesupport_fastrtps_cExport-noconfig.cmake
[5.527s] -- Up-to-date: /home/user/cartographer_ws_docker/install/cartographer_ros_msgs/share/cartographer_ros_msgs/cmake/cartographer_ros_msgs__rosidl_typesupport_cExport.cmake
[5.527s] -- Up-to-date: /home/user/cartographer_ws_docker/install/cartographer_ros_msgs/share/cartographer_ros_msgs/cmake/cartographer_ros_msgs__rosidl_typesupport_cExport-noconfig.cmake
[5.527s] -- Up-to-date: /home/user/cartographer_ws_docker/install/cartographer_ros_msgs/share/cartographer_ros_msgs/cmake/export_cartographer_ros_msgs__rosidl_generator_cppExport.cmake
[5.528s] -- Up-to-date: /home/user/cartographer_ws_docker/install/cartographer_ros_msgs/share/cartographer_ros_msgs/cmake/cartographer_ros_msgs__rosidl_typesupport_introspection_cppExport.cmake
[5.528s] -- Up-to-date: /home/user/cartographer_ws_docker/install/cartographer_ros_msgs/share/cartographer_ros_msgs/cmake/cartographer_ros_msgs__rosidl_typesupport_introspection_cppExport-noconfig.cmake
[5.528s] -- Up-to-date: /home/user/cartographer_ws_docker/install/cartographer_ros_msgs/share/cartographer_ros_msgs/cmake/export_cartographer_ros_msgs__rosidl_typesupport_fastrtps_cppExport.cmake
[5.528s] -- Up-to-date: /home/user/cartographer_ws_docker/install/cartographer_ros_msgs/share/cartographer_ros_msgs/cmake/export_cartographer_ros_msgs__rosidl_typesupport_fastrtps_cppExport-noconfig.cmake
[5.528s] -- Up-to-date: /home/user/cartographer_ws_docker/install/cartographer_ros_msgs/share/cartographer_ros_msgs/cmake/cartographer_ros_msgs__rosidl_typesupport_cppExport.cmake
[5.528s] -- Up-to-date: /home/user/cartographer_ws_docker/install/cartographer_ros_msgs/share/cartographer_ros_msgs/cmake/cartographer_ros_msgs__rosidl_typesupport_cppExport-noconfig.cmake
[5.528s] -- Up-to-date: /home/user/cartographer_ws_docker/install/cartographer_ros_msgs/share/cartographer_ros_msgs/cmake/export_cartographer_ros_msgs__rosidl_generator_pyExport.cmake
[5.529s] -- Up-to-date: /home/user/cartographer_ws_docker/install/cartographer_ros_msgs/share/cartographer_ros_msgs/cmake/export_cartographer_ros_msgs__rosidl_generator_pyExport-noconfig.cmake
[5.532s] Invoked command in '/home/user/cartographer_ws_docker/build/cartographer_ros_msgs' returned '0': CMAKE_PREFIX_PATH=${CMAKE_PREFIX_PATH}:/home/user/tracing_ws/install/ros2bag:/home/user/tracing_ws/install/tracetools_test:/home/user/tracing_ws/install/tracetools_launch:/home/user/tracing_ws/install/tf2_tools:/home/user/tracing_ws/install/tf2_ros_py:/home/user/tracing_ws/install/sros2:/home/user/tracing_ws/install/rqt_plot:/home/user/tracing_ws/install/rqt_msg:/home/user/tracing_ws/install/rqt_console:/home/user/tracing_ws/install/rqt_gui_py:/home/user/tracing_ws/install/rqt_gui:/home/user/tracing_ws/install/ros2trace:/home/user/tracing_ws/install/ros2topic:/home/user/tracing_ws/install/ros2test:/home/user/tracing_ws/install/ros2param:/home/user/tracing_ws/install/ros2service:/home/user/tracing_ws/install/ros2run:/home/user/tracing_ws/install/ros2pkg:/home/user/tracing_ws/install/ros2node:/home/user/tracing_ws/install/ros2multicast:/home/user/tracing_ws/install/ros2interface:/home/user/tracing_ws/install/ros2doctor:/home/user/tracing_ws/install/ros2action:/home/user/tracing_ws/install/ros2cli:/home/user/tracing_ws/install/launch_testing_ros:/home/user/tracing_ws/install/launch_ros:/home/user/tracing_ws/install/demo_nodes_py:/home/user/tracing_ws/install/ament_uncrustify:/home/user/tracing_ws/install/tracetools_trace:/home/user/tracing_ws/install/tracetools_analysis:/home/user/tracing_ws/install/tracetools_read:/home/user/tracing_ws/install/sensor_msgs_py:/home/user/tracing_ws/install/rpyutils:/home/user/tracing_ws/install/rosidl_runtime_py:/home/user/tracing_ws/install/rosidl_cli:/home/user/tracing_ws/install/launch_testing:/home/user/tracing_ws/install/launch_yaml:/home/user/tracing_ws/install/launch_xml:/home/user/tracing_ws/install/launch:/home/user/tracing_ws/install/osrf_pycommon:/home/user/tracing_ws/install/hello:/home/user/tracing_ws/install/domain_coordinator:/home/user/tracing_ws/install/ament_xmllint:/home/user/tracing_ws/install/ament_pyflakes:/home/user/tracing_ws/install/ament_pycodestyle:/home/user/tracing_ws/install/ament_pep257:/home/user/tracing_ws/install/ament_pclint:/home/user/tracing_ws/install/ament_package:/home/user/tracing_ws/install/ament_mypy:/home/user/tracing_ws/install/ament_lint_cmake:/home/user/tracing_ws/install/ament_flake8:/home/user/tracing_ws/install/ament_copyright:/home/user/tracing_ws/install/ament_lint:/home/user/tracing_ws/install/ament_index_python:/home/user/tracing_ws/install/ament_cpplint:/home/user/tracing_ws/install/ament_cppcheck:/home/user/tracing_ws/install/ament_clang_tidy:/home/user/tracing_ws/install/ament_clang_format:/opt/ros/humble /usr/bin/cmake --install /home/user/cartographer_ws_docker/build/cartographer_ros_msgs
