[0.006s] Invoking command in '/home/user/cartographer_ws_docker/build/cartographer_rviz': CMAKE_PREFIX_PATH=/home/user/cartographer_ws_docker/install/cartographer_ros:/home/user/cartographer_ws_docker/install/cartographer_ros_msgs:/home/user/cartographer_ws_docker/install/cartographer:/home/user/cartographer_ws_docker/install/cartographer_rviz:/home/user/doly_ws/install/turtlebot3_multi_robot:/opt/ros/humble LD_LIBRARY_PATH=/home/user/cartographer_ws_docker/install/cartographer_ros_msgs/lib:/home/user/cartographer_ws_docker/install/cartographer_rviz/lib:/home/user/cartographer_ws_docker/install/cartographer_ros/lib:/usr/lib/x86_64-linux-gnu/gazebo-11/plugins:/opt/ros/humble/opt/rviz_ogre_vendor/lib:/opt/ros/humble/lib/x86_64-linux-gnu:/opt/ros/humble/lib:/home/user/openpose/build/src/openpose:/usr/local/cuda/lib64:/usr/lib/x86_64-linux-gnu/gazebo-11/plugins /usr/bin/cmake --build /home/user/cartographer_ws_docker/build/cartographer_rviz -- -j24 -l24
[0.030s] [ 16%] [34m[1mAutomatic MOC for target cartographer_rviz[0m
[0.032s] [ 16%] Built target cartographer_rviz_detect_changes
[0.042s] [ 16%] Built target cartographer_rviz_autogen
[0.062s] [100%] Built target cartographer_rviz
[0.068s] Invoked command in '/home/user/cartographer_ws_docker/build/cartographer_rviz' returned '0': CMAKE_PREFIX_PATH=/home/user/cartographer_ws_docker/install/cartographer_ros:/home/user/cartographer_ws_docker/install/cartographer_ros_msgs:/home/user/cartographer_ws_docker/install/cartographer:/home/user/cartographer_ws_docker/install/cartographer_rviz:/home/user/doly_ws/install/turtlebot3_multi_robot:/opt/ros/humble LD_LIBRARY_PATH=/home/user/cartographer_ws_docker/install/cartographer_ros_msgs/lib:/home/user/cartographer_ws_docker/install/cartographer_rviz/lib:/home/user/cartographer_ws_docker/install/cartographer_ros/lib:/usr/lib/x86_64-linux-gnu/gazebo-11/plugins:/opt/ros/humble/opt/rviz_ogre_vendor/lib:/opt/ros/humble/lib/x86_64-linux-gnu:/opt/ros/humble/lib:/home/user/openpose/build/src/openpose:/usr/local/cuda/lib64:/usr/lib/x86_64-linux-gnu/gazebo-11/plugins /usr/bin/cmake --build /home/user/cartographer_ws_docker/build/cartographer_rviz -- -j24 -l24
[0.083s] Invoking command in '/home/user/cartographer_ws_docker/build/cartographer_rviz': CMAKE_PREFIX_PATH=/home/user/cartographer_ws_docker/install/cartographer_ros:/home/user/cartographer_ws_docker/install/cartographer_ros_msgs:/home/user/cartographer_ws_docker/install/cartographer:/home/user/cartographer_ws_docker/install/cartographer_rviz:/home/user/doly_ws/install/turtlebot3_multi_robot:/opt/ros/humble LD_LIBRARY_PATH=/home/user/cartographer_ws_docker/install/cartographer_ros_msgs/lib:/home/user/cartographer_ws_docker/install/cartographer_rviz/lib:/home/user/cartographer_ws_docker/install/cartographer_ros/lib:/usr/lib/x86_64-linux-gnu/gazebo-11/plugins:/opt/ros/humble/opt/rviz_ogre_vendor/lib:/opt/ros/humble/lib/x86_64-linux-gnu:/opt/ros/humble/lib:/home/user/openpose/build/src/openpose:/usr/local/cuda/lib64:/usr/lib/x86_64-linux-gnu/gazebo-11/plugins /usr/bin/cmake --install /home/user/cartographer_ws_docker/build/cartographer_rviz
[0.086s] -- Install configuration: "Release"
[0.086s] -- Execute custom install script
[0.086s] -- Up-to-date symlink: /home/user/cartographer_ws_docker/install/cartographer_rviz/share/cartographer_rviz//rviz_plugin_description.xml
[0.087s] -- Up-to-date symlink: /home/user/cartographer_ws_docker/install/cartographer_rviz/include//cartographer_rviz/drawable_submap.h
[0.087s] -- Up-to-date symlink: /home/user/cartographer_ws_docker/install/cartographer_rviz/include//cartographer_rviz/ogre_slice.h
[0.087s] -- Up-to-date symlink: /home/user/cartographer_ws_docker/install/cartographer_rviz/include//cartographer_rviz/submaps_display.h
[0.087s] -- Up-to-date symlink: /home/user/cartographer_ws_docker/install/cartographer_rviz/share/cartographer_rviz/environment/library_path.sh
[0.087s] -- Up-to-date symlink: /home/user/cartographer_ws_docker/install/cartographer_rviz/share/cartographer_rviz/environment/library_path.dsv
[0.087s] -- Up-to-date symlink: /home/user/cartographer_ws_docker/install/cartographer_rviz/share/ament_index/resource_index/package_run_dependencies/cartographer_rviz
[0.087s] -- Up-to-date symlink: /home/user/cartographer_ws_docker/install/cartographer_rviz/share/ament_index/resource_index/parent_prefix_path/cartographer_rviz
[0.087s] -- Up-to-date symlink: /home/user/cartographer_ws_docker/install/cartographer_rviz/share/cartographer_rviz/environment/ament_prefix_path.sh
[0.087s] -- Up-to-date symlink: /home/user/cartographer_ws_docker/install/cartographer_rviz/share/cartographer_rviz/environment/ament_prefix_path.dsv
[0.087s] -- Up-to-date symlink: /home/user/cartographer_ws_docker/install/cartographer_rviz/share/cartographer_rviz/environment/path.sh
[0.087s] -- Up-to-date symlink: /home/user/cartographer_ws_docker/install/cartographer_rviz/share/cartographer_rviz/environment/path.dsv
[0.087s] -- Up-to-date symlink: /home/user/cartographer_ws_docker/install/cartographer_rviz/share/cartographer_rviz/local_setup.bash
[0.088s] -- Up-to-date symlink: /home/user/cartographer_ws_docker/install/cartographer_rviz/share/cartographer_rviz/local_setup.sh
[0.088s] -- Up-to-date symlink: /home/user/cartographer_ws_docker/install/cartographer_rviz/share/cartographer_rviz/local_setup.zsh
[0.088s] -- Up-to-date symlink: /home/user/cartographer_ws_docker/install/cartographer_rviz/share/cartographer_rviz/local_setup.dsv
[0.088s] -- Symlinking: /home/user/cartographer_ws_docker/install/cartographer_rviz/share/cartographer_rviz/package.dsv
[0.092s] -- Up-to-date symlink: /home/user/cartographer_ws_docker/install/cartographer_rviz/share/ament_index/resource_index/packages/cartographer_rviz
[0.092s] -- Up-to-date symlink: /home/user/cartographer_ws_docker/install/cartographer_rviz/share/ament_index/resource_index/rviz_common__pluginlib__plugin/cartographer_rviz
[0.092s] -- Up-to-date symlink: /home/user/cartographer_ws_docker/install/cartographer_rviz/share/ament_index/resource_index/rviz_ogre_media_exports/cartographer_rviz
[0.092s] -- Up-to-date symlink: /home/user/cartographer_ws_docker/install/cartographer_rviz/share/cartographer_rviz/cmake/ament_cmake_export_include_directories-extras.cmake
[0.092s] -- Up-to-date symlink: /home/user/cartographer_ws_docker/install/cartographer_rviz/share/cartographer_rviz/cmake/ament_cmake_export_targets-extras.cmake
[0.092s] -- Up-to-date symlink: /home/user/cartographer_ws_docker/install/cartographer_rviz/share/cartographer_rviz/cmake/ament_cmake_export_dependencies-extras.cmake
[0.092s] -- Up-to-date symlink: /home/user/cartographer_ws_docker/install/cartographer_rviz/share/cartographer_rviz/cmake/cartographer_rvizConfig.cmake
[0.092s] -- Up-to-date symlink: /home/user/cartographer_ws_docker/install/cartographer_rviz/share/cartographer_rviz/cmake/cartographer_rvizConfig-version.cmake
[0.092s] -- Up-to-date symlink: /home/user/cartographer_ws_docker/install/cartographer_rviz/share/cartographer_rviz/package.xml
[0.093s] -- Up-to-date: /home/user/cartographer_ws_docker/install/cartographer_rviz/lib/libcartographer_rviz.so
[0.093s] -- Up-to-date: /home/user/cartographer_ws_docker/install/cartographer_rviz/share/cartographer_rviz/ogre_media/materials/glsl120
[0.093s] -- Up-to-date: /home/user/cartographer_ws_docker/install/cartographer_rviz/share/cartographer_rviz/ogre_media/materials/glsl120/submap.frag
[0.093s] -- Up-to-date: /home/user/cartographer_ws_docker/install/cartographer_rviz/share/cartographer_rviz/ogre_media/materials/glsl120/submap.vert
[0.093s] -- Up-to-date: /home/user/cartographer_ws_docker/install/cartographer_rviz/share/cartographer_rviz/ogre_media/materials/glsl120/glsl120.program
[0.093s] -- Up-to-date: /home/user/cartographer_ws_docker/install/cartographer_rviz/share/cartographer_rviz/ogre_media/materials/scripts
[0.093s] -- Up-to-date: /home/user/cartographer_ws_docker/install/cartographer_rviz/share/cartographer_rviz/ogre_media/materials/scripts/submap.material
[0.093s] -- Up-to-date: /home/user/cartographer_ws_docker/install/cartographer_rviz/share/cartographer_rviz/cmake/cartographer_rvizExport.cmake
[0.093s] -- Up-to-date: /home/user/cartographer_ws_docker/install/cartographer_rviz/share/cartographer_rviz/cmake/cartographer_rvizExport-release.cmake
[0.094s] Invoked command in '/home/user/cartographer_ws_docker/build/cartographer_rviz' returned '0': CMAKE_PREFIX_PATH=/home/user/cartographer_ws_docker/install/cartographer_ros:/home/user/cartographer_ws_docker/install/cartographer_ros_msgs:/home/user/cartographer_ws_docker/install/cartographer:/home/user/cartographer_ws_docker/install/cartographer_rviz:/home/user/doly_ws/install/turtlebot3_multi_robot:/opt/ros/humble LD_LIBRARY_PATH=/home/user/cartographer_ws_docker/install/cartographer_ros_msgs/lib:/home/user/cartographer_ws_docker/install/cartographer_rviz/lib:/home/user/cartographer_ws_docker/install/cartographer_ros/lib:/usr/lib/x86_64-linux-gnu/gazebo-11/plugins:/opt/ros/humble/opt/rviz_ogre_vendor/lib:/opt/ros/humble/lib/x86_64-linux-gnu:/opt/ros/humble/lib:/home/user/openpose/build/src/openpose:/usr/local/cuda/lib64:/usr/lib/x86_64-linux-gnu/gazebo-11/plugins /usr/bin/cmake --install /home/user/cartographer_ws_docker/build/cartographer_rviz
