[0.006s] Invoking command in '/home/user/cartographer_ws_docker/build/cartographer': CMAKE_PREFIX_PATH=${CMAKE_PREFIX_PATH}:/opt/ros/humble /usr/bin/cmake /home/user/cartographer_ws_docker/src/cartographer -DCMAKE_INSTALL_PREFIX=/home/user/cartographer_ws_docker/install/cartographer
[0.038s] -- The C compiler identification is GNU 11.4.0
[0.064s] -- The CXX compiler identification is GNU 11.4.0
[0.067s] -- Detecting C compiler ABI info
[0.101s] -- Detecting C compiler ABI info - done
[0.105s] -- Check for working C compiler: /usr/bin/cc - skipped
[0.105s] -- Detecting C compile features
[0.105s] -- Detecting C compile features - done
[0.107s] -- Detecting CXX compiler ABI info
[0.144s] -- Detecting CXX compiler ABI info - done
[0.148s] -- Check for working CXX compiler: /usr/bin/c++ - skipped
[0.148s] -- Detecting CXX compile features
[0.148s] -- Detecting CXX compile features - done
[0.149s] -- Build type: Release
[0.153s] ãƒ•ã‚¡ã‚¤ãƒ« /home/user/cartographer_ws_docker/build/cartographer/AllFiles.cmake ã¨ - ã¯ç•°ãªã‚Šã¾ã™
[0.248s] -- Found Python: /usr/bin/python3.10 (found version "3.10.12") found components: Interpreter 
[0.249s] -- Looking for pthread.h
[0.285s] -- Looking for pthread.h - found
[0.285s] -- Performing Test CMAKE_HAVE_LIBC_PTHREAD
[0.321s] -- Performing Test CMAKE_HAVE_LIBC_PTHREAD - Success
[0.322s] -- Found Threads: TRUE  
[0.324s] -- Found GMock: gmock_main  
[0.333s] -- Found Boost: /usr/lib/x86_64-linux-gnu/cmake/Boost-1.74.0/BoostConfig.cmake (found version "1.74.0") found components: iostreams 
[0.338s] -- Found required Ceres dependency: Eigen version 3.4.0 in /usr/include/eigen3
[0.340s] -- Found required Ceres dependency: glog
[0.341s] -- Found required Ceres dependency: gflags
[0.341s] -- Found Ceres version: 2.0.0 installed in: /usr with components: [EigenSparse, SparseLinearAlgebraLibrary, LAPACK, SuiteSparse, CXSparse, SchurSpecializations, Multithreading]
[0.345s] -- Found Lua: /usr/lib/x86_64-linux-gnu/liblua5.2.so;/usr/lib/x86_64-linux-gnu/libm.so (found version "5.2.4") 
[0.351s] -- Found Protobuf: /usr/lib/x86_64-linux-gnu/libprotobuf.so (found suitable version "3.12.4", minimum required is "3.0.0") 
[0.353s] -- Found PkgConfig: /usr/bin/pkg-config (found version "0.29.2") 
[0.353s] -- Checking for one of the modules 'cairo>=1.12.16'
[0.377s] -- Found Sphinx: /usr/bin/sphinx-build  
[0.395s] -- Configuring done
[0.517s] -- Generating done
[0.520s] -- Build files have been written to: /home/user/cartographer_ws_docker/build/cartographer
[0.529s] Invoked command in '/home/user/cartographer_ws_docker/build/cartographer' returned '0': CMAKE_PREFIX_PATH=${CMAKE_PREFIX_PATH}:/opt/ros/humble /usr/bin/cmake /home/user/cartographer_ws_docker/src/cartographer -DCMAKE_INSTALL_PREFIX=/home/user/cartographer_ws_docker/install/cartographer
[0.529s] Invoking command in '/home/user/cartographer_ws_docker/build/cartographer': CMAKE_PREFIX_PATH=${CMAKE_PREFIX_PATH}:/opt/ros/humble /usr/bin/cmake --build /home/user/cartographer_ws_docker/build/cartographer -- -j24 -l24
[0.560s] [  0%] [34m[1mRunning C++ protocol buffer compiler on /home/user/cartographer_ws_docker/src/cartographer/cartographer/transform/proto/transform.proto[0m
[0.561s] [  0%] [34m[1mRunning C++ protocol buffer compiler on /home/user/cartographer_ws_docker/src/cartographer/cartographer/common/proto/ceres_solver_options.proto[0m
[0.561s] [  1%] [34m[1mRunning C++ protocol buffer compiler on /home/user/cartographer_ws_docker/src/cartographer/cartographer/mapping/proto/cell_limits_2d.proto[0m
[0.561s] [  1%] [34m[1mRunning C++ protocol buffer compiler on /home/user/cartographer_ws_docker/src/cartographer/cartographer/ground_truth/proto/relations.proto[0m
[0.562s] [  1%] [34m[1mRunning C++ protocol buffer compiler on /home/user/cartographer_ws_docker/src/cartographer/cartographer/mapping/proto/grid_2d.proto[0m
[0.563s] [  1%] [34m[1mRunning C++ protocol buffer compiler on /home/user/cartographer_ws_docker/src/cartographer/cartographer/mapping/proto/map_builder_options.proto[0m
[0.563s] [  1%] [34m[1mRunning C++ protocol buffer compiler on /home/user/cartographer_ws_docker/src/cartographer/cartographer/mapping/proto/connected_components.proto[0m
[0.563s] [  3%] [34m[1mRunning C++ protocol buffer compiler on /home/user/cartographer_ws_docker/src/cartographer/cartographer/mapping/proto/map_limits.proto[0m
[0.563s] [  3%] [34m[1mRunning C++ protocol buffer compiler on /home/user/cartographer_ws_docker/src/cartographer/cartographer/mapping/proto/local_trajectory_builder_options_2d.proto[0m
[0.563s] [  3%] [34m[1mRunning C++ protocol buffer compiler on /home/user/cartographer_ws_docker/src/cartographer/cartographer/mapping/proto/hybrid_grid.proto[0m
[0.564s] [  2%] [34m[1mRunning C++ protocol buffer compiler on /home/user/cartographer_ws_docker/src/cartographer/cartographer/mapping/proto/motion_filter_options.proto[0m
[0.564s] [  4%] [34m[1mRunning C++ protocol buffer compiler on /home/user/cartographer_ws_docker/src/cartographer/cartographer/mapping/proto/pose_graph.proto[0m
[0.564s] [  4%] [34m[1mRunning C++ protocol buffer compiler on /home/user/cartographer_ws_docker/src/cartographer/cartographer/mapping/proto/normal_estimation_options_2d.proto[0m
[0.564s] [  4%] [34m[1mRunning C++ protocol buffer compiler on /home/user/cartographer_ws_docker/src/cartographer/cartographer/mapping/proto/pose_graph/optimization_problem_options.proto[0m
[0.564s] [  4%] [34m[1mRunning C++ protocol buffer compiler on /home/user/cartographer_ws_docker/src/cartographer/cartographer/mapping/proto/grid_2d_options.proto[0m
[0.564s] [  4%] [34m[1mRunning C++ protocol buffer compiler on /home/user/cartographer_ws_docker/src/cartographer/cartographer/mapping/proto/pose_graph_options.proto[0m
[0.564s] [  5%] [34m[1mRunning C++ protocol buffer compiler on /home/user/cartographer_ws_docker/src/cartographer/cartographer/mapping/proto/pose_extrapolator_options.proto[0m
[0.564s] [  5%] [34m[1mRunning C++ protocol buffer compiler on /home/user/cartographer_ws_docker/src/cartographer/cartographer/mapping/proto/probability_grid.proto[0m
[0.565s] [  5%] [34m[1mRunning C++ protocol buffer compiler on /home/user/cartographer_ws_docker/src/cartographer/cartographer/mapping/proto/probability_grid_range_data_inserter_options_2d.proto[0m
[0.565s] [  5%] [34m[1mRunning C++ protocol buffer compiler on /home/user/cartographer_ws_docker/src/cartographer/cartographer/mapping/proto/local_trajectory_builder_options_3d.proto[0m
[0.565s] [  5%] [34m[1mRunning C++ protocol buffer compiler on /home/user/cartographer_ws_docker/src/cartographer/cartographer/mapping/proto/pose_graph/constraint_builder_options.proto[0m
[0.567s] [  5%] [34m[1mBuilding documentation.[0m
[0.567s] [  6%] [32mBuilding CXX object googletest/CMakeFiles/gtest.dir/src/gtest-all.cc.o[0m
[0.573s] [  7%] [34m[1mRunning C++ protocol buffer compiler on /home/user/cartographer_ws_docker/src/cartographer/cartographer/mapping/proto/range_data_inserter_options_3d.proto[0m
[0.573s] [  7%] [34m[1mRunning C++ protocol buffer compiler on /home/user/cartographer_ws_docker/src/cartographer/cartographer/mapping/proto/range_data_inserter_options.proto[0m
[0.573s] [  7%] [34m[1mRunning C++ protocol buffer compiler on /home/user/cartographer_ws_docker/src/cartographer/cartographer/mapping/proto/scan_matching/ceres_scan_matcher_options_2d.proto[0m
[0.573s] [  7%] [34m[1mRunning C++ protocol buffer compiler on /home/user/cartographer_ws_docker/src/cartographer/cartographer/mapping/proto/scan_matching/fast_correlative_scan_matcher_options_2d.proto[0m
[0.573s] [  7%] [34m[1mRunning C++ protocol buffer compiler on /home/user/cartographer_ws_docker/src/cartographer/cartographer/mapping/proto/scan_matching/ceres_scan_matcher_options_3d.proto[0m
[0.574s] [  7%] [34m[1mRunning C++ protocol buffer compiler on /home/user/cartographer_ws_docker/src/cartographer/cartographer/mapping/proto/submap_visualization.proto[0m
[0.574s] [  7%] [34m[1mRunning C++ protocol buffer compiler on /home/user/cartographer_ws_docker/src/cartographer/cartographer/mapping/proto/serialization.proto[0m
[0.574s] [  9%] [34m[1mRunning C++ protocol buffer compiler on /home/user/cartographer_ws_docker/src/cartographer/cartographer/mapping/proto/submaps_options_2d.proto[0m
[0.574s] [  9%] [34m[1mRunning C++ protocol buffer compiler on /home/user/cartographer_ws_docker/src/cartographer/cartographer/mapping/proto/scan_matching/real_time_correlative_scan_matcher_options.proto[0m
[0.574s] [  9%] [34m[1mRunning C++ protocol buffer compiler on /home/user/cartographer_ws_docker/src/cartographer/cartographer/mapping/proto/scan_matching/fast_correlative_scan_matcher_options_3d.proto[0m
[0.574s] [  9%] [34m[1mRunning C++ protocol buffer compiler on /home/user/cartographer_ws_docker/src/cartographer/cartographer/mapping/proto/submap.proto[0m
[0.575s] [ 10%] Built target cartographer_detect_changes
[0.575s] [ 10%] [34m[1mRunning C++ protocol buffer compiler on /home/user/cartographer_ws_docker/src/cartographer/cartographer/mapping/proto/trajectory_node_data.proto[0m
[0.575s] [ 10%] [34m[1mRunning C++ protocol buffer compiler on /home/user/cartographer_ws_docker/src/cartographer/cartographer/mapping/proto/trajectory_builder_options.proto[0m
[0.575s] [ 10%] [34m[1mRunning C++ protocol buffer compiler on /home/user/cartographer_ws_docker/src/cartographer/cartographer/mapping/proto/submaps_options_3d.proto[0m
[0.576s] [ 11%] [34m[1mRunning C++ protocol buffer compiler on /home/user/cartographer_ws_docker/src/cartographer/cartographer/sensor/proto/adaptive_voxel_filter_options.proto[0m
[0.576s] [ 11%] [34m[1mRunning C++ protocol buffer compiler on /home/user/cartographer_ws_docker/src/cartographer/cartographer/mapping/proto/tsdf_2d.proto[0m
[0.576s] [ 11%] [34m[1mRunning C++ protocol buffer compiler on /home/user/cartographer_ws_docker/src/cartographer/cartographer/mapping/proto/tsdf_range_data_inserter_options_2d.proto[0m
[0.576s] [ 11%] [34m[1mRunning C++ protocol buffer compiler on /home/user/cartographer_ws_docker/src/cartographer/cartographer/mapping/proto/trajectory.proto[0m
[0.576s] [ 11%] [34m[1mRunning C++ protocol buffer compiler on /home/user/cartographer_ws_docker/src/cartographer/cartographer/transform/proto/timestamped_transform.proto[0m
[0.576s] [ 11%] [34m[1mRunning C++ protocol buffer compiler on /home/user/cartographer_ws_docker/src/cartographer/cartographer/sensor/proto/sensor.proto[0m
[0.610s] [ 13%] [32mBuilding CXX object CMakeFiles/cartographer.dir/cartographer/common/histogram.cc.o[0m
[0.610s] [ 13%] [32mBuilding CXX object CMakeFiles/cartographer.dir/cartographer/common/configuration_file_resolver.cc.o[0m
[0.610s] [ 13%] [32mBuilding CXX object CMakeFiles/cartographer.dir/cartographer/common/internal/testing/thread_pool_for_testing.cc.o[0m
[0.610s] [ 13%] [32mBuilding CXX object CMakeFiles/cartographer.dir/cartographer/common/fixed_ratio_sampler.cc.o[0m
[0.611s] [ 13%] [32mBuilding CXX object CMakeFiles/cartographer.dir/cartographer/common/internal/ceres_solver_options.cc.o[0m
[0.611s] [ 13%] [32mBuilding CXX object CMakeFiles/cartographer.dir/cartographer/common/task.cc.o[0m
[0.611s] [ 13%] [32mBuilding CXX object CMakeFiles/cartographer.dir/cartographer/common/lua_parameter_dictionary.cc.o[0m
[0.612s] [ 14%] [32mBuilding CXX object CMakeFiles/cartographer.dir/cartographer/common/time.cc.o[0m
[0.612s] [ 14%] [32mBuilding CXX object CMakeFiles/cartographer.dir/cartographer/io/color.cc.o[0m
[0.612s] [ 15%] [32mBuilding CXX object CMakeFiles/cartographer.dir/cartographer/io/coloring_points_processor.cc.o[0m
[0.612s] [ 15%] [32mBuilding CXX object CMakeFiles/cartographer.dir/cartographer/ground_truth/relations_text_file.cc.o[0m
[0.612s] [ 15%] [32mBuilding CXX object CMakeFiles/cartographer.dir/cartographer/ground_truth/autogenerate_ground_truth.cc.o[0m
[0.612s] [ 15%] [32mBuilding CXX object CMakeFiles/cartographer.dir/cartographer/common/thread_pool.cc.o[0m
[0.613s] [ 15%] [32mBuilding CXX object CMakeFiles/cartographer.dir/cartographer/io/draw_trajectories.cc.o[0m
[0.614s] [ 15%] [32mBuilding CXX object CMakeFiles/cartographer.dir/cartographer/io/counting_points_processor.cc.o[0m
[0.614s] [ 16%] [32mBuilding CXX object CMakeFiles/cartographer.dir/cartographer/io/intensity_to_color_points_processor.cc.o[0m
[0.614s] [ 16%] [32mBuilding CXX object CMakeFiles/cartographer.dir/cartographer/io/image.cc.o[0m
[0.614s] [ 17%] [32mBuilding CXX object CMakeFiles/cartographer.dir/cartographer/io/fixed_ratio_sampling_points_processor.cc.o[0m
[0.614s] [ 17%] [32mBuilding CXX object CMakeFiles/cartographer.dir/cartographer/io/file_writer.cc.o[0m
[0.614s] [ 17%] [32mBuilding CXX object CMakeFiles/cartographer.dir/cartographer/io/hybrid_grid_points_processor.cc.o[0m
[0.616s] [ 17%] [32mBuilding CXX object CMakeFiles/cartographer.dir/cartographer/io/internal/in_memory_proto_stream.cc.o[0m
[0.621s] [ 17%] [32mBuilding CXX object CMakeFiles/cartographer.dir/cartographer/io/frame_id_filtering_points_processor.cc.o[0m
[0.842s] [01mRunning Sphinx v4.3.2[39;49;00m
[0.951s] [01mmaking output directory... [39;49;00mdone
[0.956s] [01mbuilding [mo]: [39;49;00mtargets for 0 po files that are out of date
[0.957s] [01mbuilding [html]: [39;49;00mtargets for 6 source files that are out of date
[0.957s] [01mupdating environment: [39;49;00m[new config] 6 added, 0 changed, 0 removed
[1.035s] [01mreading sources... [39;49;00m[ 16%] [35mconfiguration[39;49;00m                                        
[1.048s] [01mreading sources... [39;49;00m[ 33%] [35mcost_functions[39;49;00m                                       
[1.067s] [01mreading sources... [39;49;00m[ 50%] [35mevaluation[39;49;00m                                           
[1.086s] [01mreading sources... [39;49;00m[ 66%] [35mindex[39;49;00m                                                
[1.095s] [01mreading sources... [39;49;00m[ 83%] [35mpbstream_migration[39;49;00m                                   
[1.106s] [01mreading sources... [39;49;00m[100%] [35mterminology[39;49;00m                                          
[1.106s] 
[1.107s] [01mlooking for now-outdated files... [39;49;00mnone found
[1.109s] [01mpickling environment... [39;49;00mdone
[1.109s] [01mchecking consistency... [39;49;00mdone
[1.112s] [01mpreparing documents... [39;49;00mdone
[1.192s] [01mwriting output... [39;49;00m[ 16%] [32mconfiguration[39;49;00m                                         
[1.276s] [01mwriting output... [39;49;00m[ 33%] [32mcost_functions[39;49;00m                                        
[1.303s] [01mwriting output... [39;49;00m[ 50%] [32mevaluation[39;49;00m                                            
[1.325s] [01mwriting output... [39;49;00m[ 66%] [32mindex[39;49;00m                                                 
[1.369s] [01mwriting output... [39;49;00m[ 83%] [32mpbstream_migration[39;49;00m                                    
[1.389s] [01mwriting output... [39;49;00m[100%] [32mterminology[39;49;00m                                           
[1.390s] 
[1.399s] [01mgenerating indices... [39;49;00mgenindex done
[1.406s] [01mwriting additional pages... [39;49;00msearch done
[1.407s] [01mcopying images... [39;49;00m[ 50%] [33mautogenerate_groundtruth.png[39;49;00m                          
[1.407s] [01mcopying images... [39;49;00m[100%] [33mhigh_level_system_overview.png[39;49;00m                        
[1.407s] 
[1.425s] [01mcopying static files... [39;49;00mdone
[1.426s] [01mcopying extra files... [39;49;00mdone
[1.430s] [01mdumping search index in English (code: en)... [39;49;00mdone
[1.430s] [01mdumping object inventory... [39;49;00mdone
[1.430s] [01mbuild succeeded.[39;49;00m
[1.431s] 
[1.431s] The HTML pages are in html.
[1.663s] [ 17%] Built target build_doc
[1.676s] [ 17%] [32mBuilding CXX object CMakeFiles/cartographer.dir/cartographer/io/internal/mapping_state_serialization.cc.o[0m
[1.852s] [ 18%] [32mBuilding CXX object CMakeFiles/cartographer.dir/cartographer/io/internal/pbstream_migrate.cc.o[0m
[1.878s] [ 18%] [32mBuilding CXX object CMakeFiles/cartographer.dir/cartographer/io/internal/pbstream_info.cc.o[0m
[1.910s] [ 18%] [32mBuilding CXX object CMakeFiles/cartographer.dir/cartographer/io/min_max_range_filtering_points_processor.cc.o[0m
[1.961s] [ 18%] [32mBuilding CXX object CMakeFiles/cartographer.dir/cartographer/io/outlier_removing_points_processor.cc.o[0m
[2.049s] [ 18%] [32mBuilding CXX object CMakeFiles/cartographer.dir/cartographer/io/pcd_writing_points_processor.cc.o[0m
[2.068s] [ 19%] [32mBuilding CXX object CMakeFiles/cartographer.dir/cartographer/io/ply_writing_points_processor.cc.o[0m
[2.085s] [ 19%] [32mBuilding CXX object CMakeFiles/cartographer.dir/cartographer/io/points_batch.cc.o[0m
[2.555s] [ 19%] [32mBuilding CXX object CMakeFiles/cartographer.dir/cartographer/io/points_processor_pipeline_builder.cc.o[0m
[2.796s] [ 19%] [32mBuilding CXX object CMakeFiles/cartographer.dir/cartographer/io/probability_grid_points_processor.cc.o[0m
[2.936s] [ 20%] [32mBuilding CXX object CMakeFiles/cartographer.dir/cartographer/io/proto_stream.cc.o[0m
[3.070s] [ 20%] [32mBuilding CXX object CMakeFiles/cartographer.dir/cartographer/io/proto_stream_deserializer.cc.o[0m
[3.318s] [ 20%] [32mBuilding CXX object CMakeFiles/cartographer.dir/cartographer/io/serialization_format_migration.cc.o[0m
[3.685s] [ 21%] [32mBuilding CXX object CMakeFiles/cartographer.dir/cartographer/io/submap_painter.cc.o[0m
[3.944s] [ 21%] [32mBuilding CXX object CMakeFiles/cartographer.dir/cartographer/io/vertical_range_filtering_points_processor.cc.o[0m
[4.024s] [ 21%] [32mBuilding CXX object CMakeFiles/cartographer.dir/cartographer/io/xray_points_processor.cc.o[0m
[4.136s] [ 21%] [32mBuilding CXX object CMakeFiles/cartographer.dir/cartographer/io/xyz_writing_points_processor.cc.o[0m
[4.245s] [ 22%] [32mBuilding CXX object CMakeFiles/cartographer.dir/cartographer/mapping/2d/grid_2d.cc.o[0m
[4.327s] [ 22%] [32mBuilding CXX object CMakeFiles/cartographer.dir/cartographer/mapping/2d/probability_grid.cc.o[0m
[4.366s] [ 22%] [32mBuilding CXX object CMakeFiles/cartographer.dir/cartographer/mapping/2d/probability_grid_range_data_inserter_2d.cc.o[0m
[4.515s] [ 22%] [32mBuilding CXX object CMakeFiles/cartographer.dir/cartographer/mapping/2d/submap_2d.cc.o[0m
[4.579s] [ 23%] [32mBuilding CXX object CMakeFiles/cartographer.dir/cartographer/mapping/3d/range_data_inserter_3d.cc.o[0m
[4.836s] [ 23%] [32mBuilding CXX object CMakeFiles/cartographer.dir/cartographer/mapping/3d/submap_3d.cc.o[0m
[4.897s] [ 23%] [32mBuilding CXX object CMakeFiles/cartographer.dir/cartographer/mapping/detect_floors.cc.o[0m
[5.482s] [ 23%] [32mBuilding CXX object CMakeFiles/cartographer.dir/cartographer/mapping/imu_tracker.cc.o[0m
[6.011s] [ 24%] [32mBuilding CXX object CMakeFiles/cartographer.dir/cartographer/mapping/internal/2d/local_slam_result_2d.cc.o[0m
[6.049s] [ 24%] [32mBuilding CXX object CMakeFiles/cartographer.dir/cartographer/mapping/internal/2d/local_trajectory_builder_2d.cc.o[0m
[6.090s] [ 24%] [32mBuilding CXX object CMakeFiles/cartographer.dir/cartographer/mapping/internal/2d/local_trajectory_builder_options_2d.cc.o[0m
[6.225s] [ 24%] [32mBuilding CXX object CMakeFiles/cartographer.dir/cartographer/mapping/internal/2d/normal_estimation_2d.cc.o[0m
[6.288s] [ 25%] [32mBuilding CXX object CMakeFiles/cartographer.dir/cartographer/mapping/internal/2d/overlapping_submaps_trimmer_2d.cc.o[0m
[6.313s] [ 25%] [32mBuilding CXX object CMakeFiles/cartographer.dir/cartographer/mapping/internal/2d/pose_graph_2d.cc.o[0m
[7.979s] [ 25%] [32mBuilding CXX object CMakeFiles/cartographer.dir/cartographer/mapping/internal/2d/ray_to_pixel_mask.cc.o[0m
[8.174s] [ 25%] [32mBuilding CXX object CMakeFiles/cartographer.dir/cartographer/mapping/internal/2d/scan_matching/ceres_scan_matcher_2d.cc.o[0m
[8.431s] [ 26%] [32mBuilding CXX object CMakeFiles/cartographer.dir/cartographer/mapping/internal/2d/scan_matching/correlative_scan_matcher_2d.cc.o[0m
[8.530s] [ 26%] [32mBuilding CXX object CMakeFiles/cartographer.dir/cartographer/mapping/internal/2d/scan_matching/fast_correlative_scan_matcher_2d.cc.o[0m
[8.668s] [ 26%] [32mBuilding CXX object CMakeFiles/cartographer.dir/cartographer/mapping/internal/2d/scan_matching/occupied_space_cost_function_2d.cc.o[0m
[9.067s] [ 26%] [32mBuilding CXX object CMakeFiles/cartographer.dir/cartographer/mapping/internal/2d/scan_matching/real_time_correlative_scan_matcher_2d.cc.o[0m
[9.216s] [ 27%] [32mBuilding CXX object CMakeFiles/cartographer.dir/cartographer/mapping/internal/2d/scan_matching/tsdf_match_cost_function_2d.cc.o[0m
[10.076s] [ 27%] [32mBuilding CXX object CMakeFiles/cartographer.dir/cartographer/mapping/internal/2d/tsd_value_converter.cc.o[0m
[10.310s] [ 27%] [32mBuilding CXX object CMakeFiles/cartographer.dir/cartographer/mapping/internal/2d/tsdf_2d.cc.o[0m
[10.421s] [ 27%] [32mBuilding CXX object CMakeFiles/cartographer.dir/cartographer/mapping/internal/2d/tsdf_range_data_inserter_2d.cc.o[0m
[10.446s] [ 28%] [32mBuilding CXX object CMakeFiles/cartographer.dir/cartographer/mapping/internal/3d/local_slam_result_3d.cc.o[0m
[10.488s] [ 28%] [32mBuilding CXX object CMakeFiles/cartographer.dir/cartographer/mapping/internal/3d/local_trajectory_builder_3d.cc.o[0m
[10.542s] [ 28%] [32mBuilding CXX object CMakeFiles/cartographer.dir/cartographer/mapping/internal/3d/local_trajectory_builder_options_3d.cc.o[0m
[11.355s] [ 28%] [32mBuilding CXX object CMakeFiles/cartographer.dir/cartographer/mapping/internal/3d/pose_graph_3d.cc.o[0m
[11.418s] [ 29%] [32mBuilding CXX object CMakeFiles/cartographer.dir/cartographer/mapping/internal/3d/scan_matching/ceres_scan_matcher_3d.cc.o[0m
[11.442s] [ 29%] [32mBuilding CXX object CMakeFiles/cartographer.dir/cartographer/mapping/internal/3d/scan_matching/fast_correlative_scan_matcher_3d.cc.o[0m
[11.738s] [ 29%] [32mBuilding CXX object CMakeFiles/cartographer.dir/cartographer/mapping/internal/3d/scan_matching/intensity_cost_function_3d.cc.o[0m
[11.874s] [ 29%] [32mBuilding CXX object CMakeFiles/cartographer.dir/cartographer/mapping/internal/3d/scan_matching/low_resolution_matcher.cc.o[0m
[12.471s] [ 29%] [32m[1mLinking CXX static library ../lib/libgtest.a[0m
[12.591s] [ 29%] Built target gtest
[12.634s] [ 30%] [32mBuilding CXX object CMakeFiles/cartographer.dir/cartographer/mapping/internal/3d/scan_matching/precomputation_grid_3d.cc.o[0m
[12.785s] [ 30%] [32mBuilding CXX object CMakeFiles/cartographer.dir/cartographer/mapping/internal/3d/scan_matching/real_time_correlative_scan_matcher_3d.cc.o[0m
[12.987s] [ 30%] [32mBuilding CXX object CMakeFiles/cartographer.dir/cartographer/mapping/internal/3d/scan_matching/rotational_scan_matcher.cc.o[0m
[13.069s] [ 32%] [32mBuilding CXX object CMakeFiles/cartographer.dir/cartographer/mapping/internal/collated_trajectory_builder.cc.o[0m
[13.074s] [ 32%] [32mBuilding CXX object gmock/CMakeFiles/gmock.dir/src/gmock-all.cc.o[0m
[13.483s] [ 32%] [32mBuilding CXX object CMakeFiles/cartographer.dir/cartographer/mapping/internal/connected_components.cc.o[0m
[13.545s] [ 32%] [32mBuilding CXX object CMakeFiles/cartographer.dir/cartographer/mapping/internal/constraints/constraint_builder.cc.o[0m
[13.648s] [ 32%] [32mBuilding CXX object CMakeFiles/cartographer.dir/cartographer/mapping/internal/constraints/constraint_builder_2d.cc.o[0m
[13.730s] [ 33%] [32mBuilding CXX object CMakeFiles/cartographer.dir/cartographer/mapping/internal/constraints/constraint_builder_3d.cc.o[0m
[13.818s] [ 33%] [32mBuilding CXX object CMakeFiles/cartographer.dir/cartographer/mapping/internal/eigen_quaterniond_from_two_vectors.cc.o[0m
[14.471s] [ 33%] [32mBuilding CXX object CMakeFiles/cartographer.dir/cartographer/mapping/internal/global_trajectory_builder.cc.o[0m
[14.627s] [ 33%] [32mBuilding CXX object CMakeFiles/cartographer.dir/cartographer/mapping/internal/imu_based_pose_extrapolator.cc.o[0m
[14.750s] [ 34%] [32mBuilding CXX object CMakeFiles/cartographer.dir/cartographer/mapping/internal/motion_filter.cc.o[0m
[14.815s] [ 34%] [32mBuilding CXX object CMakeFiles/cartographer.dir/cartographer/mapping/internal/optimization/ceres_pose.cc.o[0m
[15.306s] [ 34%] [32mBuilding CXX object CMakeFiles/cartographer.dir/cartographer/mapping/internal/optimization/cost_functions/spa_cost_function_2d.cc.o[0m
[15.382s] [ 34%] [32mBuilding CXX object CMakeFiles/cartographer.dir/cartographer/mapping/internal/optimization/optimization_problem_2d.cc.o[0m
[15.863s] [ 35%] [32mBuilding CXX object CMakeFiles/cartographer.dir/cartographer/mapping/internal/optimization/optimization_problem_3d.cc.o[0m
[16.350s] [ 35%] [32mBuilding CXX object CMakeFiles/cartographer.dir/cartographer/mapping/internal/optimization/optimization_problem_options.cc.o[0m
[16.517s] [ 35%] [32m[1mLinking CXX static library ../lib/libgmock.a[0m
[16.592s] [ 35%] Built target gmock
[16.608s] [ 35%] [32mBuilding CXX object CMakeFiles/cartographer.dir/cartographer/mapping/internal/range_data_collator.cc.o[0m
[16.748s] [ 35%] [32mBuilding CXX object gmock/CMakeFiles/gmock_main.dir/src/gmock_main.cc.o[0m
[16.817s] [ 35%] [32mBuilding CXX object CMakeFiles/cartographer.dir/cartographer/mapping/internal/scan_matching/real_time_correlative_scan_matcher.cc.o[0m
[17.299s] [ 36%] [32mBuilding CXX object CMakeFiles/cartographer.dir/cartographer/mapping/internal/submap_controller.cc.o[0m
[17.304s] [ 36%] [32mBuilding CXX object CMakeFiles/cartographer.dir/cartographer/mapping/internal/trajectory_connectivity_state.cc.o[0m
[17.343s] [ 36%] [32mBuilding CXX object CMakeFiles/cartographer.dir/cartographer/mapping/map_builder.cc.o[0m
[17.526s] [ 36%] [32mBuilding CXX object CMakeFiles/cartographer.dir/cartographer/mapping/map_builder_interface.cc.o[0m
[17.537s] [ 37%] [32mBuilding CXX object CMakeFiles/cartographer.dir/cartographer/mapping/pose_extrapolator.cc.o[0m
[18.098s] [ 37%] [32mBuilding CXX object CMakeFiles/cartographer.dir/cartographer/mapping/pose_extrapolator_interface.cc.o[0m
[18.126s] [ 37%] [32m[1mLinking CXX static library ../lib/libgmock_main.a[0m
[18.173s] [ 37%] Built target gmock_main
[18.187s] [ 37%] [32mBuilding CXX object CMakeFiles/cartographer.dir/cartographer/mapping/pose_graph.cc.o[0m
[18.235s] [ 37%] [32mBuilding CXX object CMakeFiles/cartographer.dir/cartographer/mapping/pose_graph_trimmer.cc.o[0m
[18.247s] [ 38%] [32mBuilding CXX object CMakeFiles/cartographer.dir/cartographer/mapping/probability_values.cc.o[0m
[18.283s] [ 38%] [32mBuilding CXX object CMakeFiles/cartographer.dir/cartographer/mapping/range_data_inserter_interface.cc.o[0m
[18.527s] [ 38%] [32mBuilding CXX object CMakeFiles/cartographer.dir/cartographer/mapping/trajectory_builder_interface.cc.o[0m
[18.598s] [ 38%] [32mBuilding CXX object CMakeFiles/cartographer.dir/cartographer/mapping/trajectory_node.cc.o[0m
[19.346s] [ 39%] [32mBuilding CXX object CMakeFiles/cartographer.dir/cartographer/mapping/value_conversion_tables.cc.o[0m
[19.541s] [ 39%] [32mBuilding CXX object CMakeFiles/cartographer.dir/cartographer/metrics/counter.cc.o[0m
[19.602s] [ 39%] [32mBuilding CXX object CMakeFiles/cartographer.dir/cartographer/metrics/gauge.cc.o[0m
[19.685s] [ 39%] [32mBuilding CXX object CMakeFiles/cartographer.dir/cartographer/metrics/histogram.cc.o[0m
[19.760s] [ 40%] [32mBuilding CXX object CMakeFiles/cartographer.dir/cartographer/metrics/register.cc.o[0m
[20.060s] [ 40%] [32mBuilding CXX object CMakeFiles/cartographer.dir/cartographer/sensor/compressed_point_cloud.cc.o[0m
[20.413s] [ 40%] [32mBuilding CXX object CMakeFiles/cartographer.dir/cartographer/sensor/fixed_frame_pose_data.cc.o[0m
[20.655s] [ 40%] [32mBuilding CXX object CMakeFiles/cartographer.dir/cartographer/sensor/imu_data.cc.o[0m
[20.687s] [ 41%] [32mBuilding CXX object CMakeFiles/cartographer.dir/cartographer/sensor/internal/collator.cc.o[0m
[20.816s] [ 41%] [32mBuilding CXX object CMakeFiles/cartographer.dir/cartographer/sensor/internal/ordered_multi_queue.cc.o[0m
[20.874s] [ 41%] [32mBuilding CXX object CMakeFiles/cartographer.dir/cartographer/sensor/internal/trajectory_collator.cc.o[0m
[21.006s] [ 42%] [32mBuilding CXX object CMakeFiles/cartographer.dir/cartographer/sensor/internal/voxel_filter.cc.o[0m
[21.174s] [ 42%] [32mBuilding CXX object CMakeFiles/cartographer.dir/cartographer/sensor/landmark_data.cc.o[0m
[21.218s] [ 42%] [32mBuilding CXX object CMakeFiles/cartographer.dir/cartographer/sensor/odometry_data.cc.o[0m
[21.360s] [ 42%] [32mBuilding CXX object CMakeFiles/cartographer.dir/cartographer/sensor/point_cloud.cc.o[0m
[21.497s] [ 43%] [32mBuilding CXX object CMakeFiles/cartographer.dir/cartographer/sensor/range_data.cc.o[0m
[21.630s] [ 43%] [32mBuilding CXX object CMakeFiles/cartographer.dir/cartographer/sensor/timed_point_cloud_data.cc.o[0m
[21.644s] [ 43%] [32mBuilding CXX object CMakeFiles/cartographer.dir/cartographer/transform/rigid_transform.cc.o[0m
[21.905s] [ 43%] [32mBuilding CXX object CMakeFiles/cartographer.dir/cartographer/transform/timestamped_transform.cc.o[0m
[22.064s] [ 44%] [32mBuilding CXX object CMakeFiles/cartographer.dir/cartographer/transform/transform.cc.o[0m
[22.347s] [ 44%] [32mBuilding CXX object CMakeFiles/cartographer.dir/cartographer/transform/transform_interpolation_buffer.cc.o[0m
[22.659s] [ 44%] [32mBuilding CXX object CMakeFiles/cartographer.dir/cartographer/common/proto/ceres_solver_options.pb.cc.o[0m
[23.090s] [ 44%] [32mBuilding CXX object CMakeFiles/cartographer.dir/cartographer/ground_truth/proto/relations.pb.cc.o[0m
[23.125s] [ 45%] [32mBuilding CXX object CMakeFiles/cartographer.dir/cartographer/mapping/proto/cell_limits_2d.pb.cc.o[0m
[23.301s] [ 45%] [32mBuilding CXX object CMakeFiles/cartographer.dir/cartographer/mapping/proto/connected_components.pb.cc.o[0m
[23.445s] [ 45%] [32mBuilding CXX object CMakeFiles/cartographer.dir/cartographer/mapping/proto/grid_2d.pb.cc.o[0m
[23.617s] [ 45%] [32mBuilding CXX object CMakeFiles/cartographer.dir/cartographer/mapping/proto/grid_2d_options.pb.cc.o[0m
[24.017s] [ 46%] [32mBuilding CXX object CMakeFiles/cartographer.dir/cartographer/mapping/proto/hybrid_grid.pb.cc.o[0m
[24.147s] [ 46%] [32mBuilding CXX object CMakeFiles/cartographer.dir/cartographer/mapping/proto/local_trajectory_builder_options_2d.pb.cc.o[0m
[24.154s] [ 46%] [32mBuilding CXX object CMakeFiles/cartographer.dir/cartographer/mapping/proto/local_trajectory_builder_options_3d.pb.cc.o[0m
[24.202s] [ 46%] [32mBuilding CXX object CMakeFiles/cartographer.dir/cartographer/mapping/proto/map_builder_options.pb.cc.o[0m
[24.235s] [ 47%] [32mBuilding CXX object CMakeFiles/cartographer.dir/cartographer/mapping/proto/map_limits.pb.cc.o[0m
[24.410s] [ 47%] [32mBuilding CXX object CMakeFiles/cartographer.dir/cartographer/mapping/proto/motion_filter_options.pb.cc.o[0m
[24.555s] [ 47%] [32mBuilding CXX object CMakeFiles/cartographer.dir/cartographer/mapping/proto/normal_estimation_options_2d.pb.cc.o[0m
[24.606s] [ 47%] [32mBuilding CXX object CMakeFiles/cartographer.dir/cartographer/mapping/proto/pose_extrapolator_options.pb.cc.o[0m
[24.623s] [ 48%] [32mBuilding CXX object CMakeFiles/cartographer.dir/cartographer/mapping/proto/pose_graph.pb.cc.o[0m
[24.665s] [ 48%] [32mBuilding CXX object CMakeFiles/cartographer.dir/cartographer/mapping/proto/pose_graph/constraint_builder_options.pb.cc.o[0m
[24.783s] [ 48%] [32mBuilding CXX object CMakeFiles/cartographer.dir/cartographer/mapping/proto/pose_graph/optimization_problem_options.pb.cc.o[0m
[24.813s] [ 48%] [32mBuilding CXX object CMakeFiles/cartographer.dir/cartographer/mapping/proto/pose_graph_options.pb.cc.o[0m
[24.873s] [ 49%] [32mBuilding CXX object CMakeFiles/cartographer.dir/cartographer/mapping/proto/probability_grid.pb.cc.o[0m
[24.969s] [ 49%] [32mBuilding CXX object CMakeFiles/cartographer.dir/cartographer/mapping/proto/probability_grid_range_data_inserter_options_2d.pb.cc.o[0m
[24.980s] [ 49%] [32mBuilding CXX object CMakeFiles/cartographer.dir/cartographer/mapping/proto/range_data_inserter_options.pb.cc.o[0m
[25.057s] [ 49%] [32mBuilding CXX object CMakeFiles/cartographer.dir/cartographer/mapping/proto/range_data_inserter_options_3d.pb.cc.o[0m
[25.101s] [ 50%] [32mBuilding CXX object CMakeFiles/cartographer.dir/cartographer/mapping/proto/scan_matching/ceres_scan_matcher_options_2d.pb.cc.o[0m
[25.174s] [ 50%] [32mBuilding CXX object CMakeFiles/cartographer.dir/cartographer/mapping/proto/scan_matching/ceres_scan_matcher_options_3d.pb.cc.o[0m
[25.183s] [ 50%] [32mBuilding CXX object CMakeFiles/cartographer.dir/cartographer/mapping/proto/scan_matching/fast_correlative_scan_matcher_options_2d.pb.cc.o[0m
[25.207s] [ 51%] [32mBuilding CXX object CMakeFiles/cartographer.dir/cartographer/mapping/proto/scan_matching/fast_correlative_scan_matcher_options_3d.pb.cc.o[0m
[25.207s] [ 51%] [32mBuilding CXX object CMakeFiles/cartographer.dir/cartographer/mapping/proto/scan_matching/real_time_correlative_scan_matcher_options.pb.cc.o[0m
[25.216s] [ 51%] [32mBuilding CXX object CMakeFiles/cartographer.dir/cartographer/mapping/proto/serialization.pb.cc.o[0m
[25.335s] [ 51%] [32mBuilding CXX object CMakeFiles/cartographer.dir/cartographer/mapping/proto/submap.pb.cc.o[0m
[25.360s] [ 52%] [32mBuilding CXX object CMakeFiles/cartographer.dir/cartographer/mapping/proto/submap_visualization.pb.cc.o[0m
[25.415s] [ 52%] [32mBuilding CXX object CMakeFiles/cartographer.dir/cartographer/mapping/proto/submaps_options_2d.pb.cc.o[0m
[25.486s] [ 52%] [32mBuilding CXX object CMakeFiles/cartographer.dir/cartographer/mapping/proto/submaps_options_3d.pb.cc.o[0m
[25.502s] [ 52%] [32mBuilding CXX object CMakeFiles/cartographer.dir/cartographer/mapping/proto/trajectory.pb.cc.o[0m
[25.514s] [ 53%] [32mBuilding CXX object CMakeFiles/cartographer.dir/cartographer/mapping/proto/trajectory_builder_options.pb.cc.o[0m
[25.598s] [ 53%] [32mBuilding CXX object CMakeFiles/cartographer.dir/cartographer/mapping/proto/trajectory_node_data.pb.cc.o[0m
[25.655s] [ 53%] [32mBuilding CXX object CMakeFiles/cartographer.dir/cartographer/mapping/proto/tsdf_2d.pb.cc.o[0m
[25.756s] [ 53%] [32mBuilding CXX object CMakeFiles/cartographer.dir/cartographer/mapping/proto/tsdf_range_data_inserter_options_2d.pb.cc.o[0m
[25.761s] [ 54%] [32mBuilding CXX object CMakeFiles/cartographer.dir/cartographer/sensor/proto/adaptive_voxel_filter_options.pb.cc.o[0m
[25.868s] [ 54%] [32mBuilding CXX object CMakeFiles/cartographer.dir/cartographer/transform/proto/timestamped_transform.pb.cc.o[0m
[25.868s] [ 54%] [32mBuilding CXX object CMakeFiles/cartographer.dir/cartographer/sensor/proto/sensor.pb.cc.o[0m
[25.946s] [ 54%] [32mBuilding CXX object CMakeFiles/cartographer.dir/cartographer/transform/proto/transform.pb.cc.o[0m
[29.446s] [ 55%] [32m[1mLinking CXX static library libcartographer.a[0m
[29.514s] [ 55%] Built target cartographer
[29.524s] [ 55%] [32mBuilding CXX object CMakeFiles/cartographer_compute_relations_metrics.dir/cartographer/ground_truth/compute_relations_metrics_main.cc.o[0m
[29.525s] [ 55%] [32mBuilding CXX object CMakeFiles/cartographer_autogenerate_ground_truth.dir/cartographer/ground_truth/autogenerate_ground_truth_main.cc.o[0m
[29.525s] [ 55%] [32mBuilding CXX object CMakeFiles/cartographer_pbstream.dir/cartographer/io/pbstream_main.cc.o[0m
[29.525s] [ 55%] [32mBuilding CXX object CMakeFiles/cartographer_print_configuration.dir/cartographer/common/print_configuration_main.cc.o[0m
[29.525s] [ 55%] [32mBuilding CXX object CMakeFiles/cartographer_test_library.dir/cartographer/io/fake_file_writer.cc.o[0m
[29.525s] [ 56%] [32mBuilding CXX object CMakeFiles/cartographer_test_library.dir/cartographer/io/fake_file_writer_test.cc.o[0m
[29.525s] [ 56%] [32mBuilding CXX object CMakeFiles/cartographer_test_library.dir/cartographer/io/internal/testing/test_helpers.cc.o[0m
[29.525s] [ 56%] [32mBuilding CXX object CMakeFiles/cartographer_test_library.dir/cartographer/mapping/internal/testing/test_helpers.cc.o[0m
[30.000s] [ 57%] [32m[1mLinking CXX executable cartographer_pbstream[0m
[30.143s] [ 57%] Built target cartographer_pbstream
[30.322s] [ 57%] [32m[1mLinking CXX executable cartographer_print_configuration[0m
[30.375s] [ 57%] Built target cartographer_print_configuration
[30.957s] [ 58%] [32m[1mLinking CXX executable cartographer_autogenerate_ground_truth[0m
[31.038s] [ 58%] Built target cartographer_autogenerate_ground_truth
[31.290s] [ 58%] [32m[1mLinking CXX executable cartographer_compute_relations_metrics[0m
[31.371s] [ 58%] Built target cartographer_compute_relations_metrics
[31.390s] [ 58%] [32m[1mLinking CXX static library libcartographer_test_library.a[0m
[31.405s] [ 58%] Built target cartographer_test_library
[31.422s] [ 58%] [32mBuilding CXX object CMakeFiles/cartographer.common.configuration_files_test.dir/cartographer/common/configuration_files_test.cc.o[0m
[31.422s] [ 58%] [32mBuilding CXX object CMakeFiles/cartographer.common.internal.rate_timer_test.dir/cartographer/common/internal/rate_timer_test.cc.o[0m
[31.422s] [ 58%] [32mBuilding CXX object CMakeFiles/cartographer.common.lua_parameter_dictionary_test.dir/cartographer/common/lua_parameter_dictionary_test.cc.o[0m
[31.422s] [ 58%] [32mBuilding CXX object CMakeFiles/cartographer.common.math_test.dir/cartographer/common/math_test.cc.o[0m
[31.422s] [ 58%] [32mBuilding CXX object CMakeFiles/cartographer.common.fixed_ratio_sampler_test.dir/cartographer/common/fixed_ratio_sampler_test.cc.o[0m
[31.422s] [ 58%] [32mBuilding CXX object CMakeFiles/cartographer.common.task_test.dir/cartographer/common/task_test.cc.o[0m
[31.422s] [ 58%] [32mBuilding CXX object CMakeFiles/cartographer.io.fake_file_writer_test.dir/cartographer/io/fake_file_writer_test.cc.o[0m
[31.422s] [ 58%] [32mBuilding CXX object CMakeFiles/cartographer.common.internal.blocking_queue_test.dir/cartographer/common/internal/blocking_queue_test.cc.o[0m
[31.423s] [ 58%] [32mBuilding CXX object CMakeFiles/cartographer.io.internal.in_memory_proto_stream_test.dir/cartographer/io/internal/in_memory_proto_stream_test.cc.o[0m
[31.423s] [ 58%] [32mBuilding CXX object CMakeFiles/cartographer.common.thread_pool_test.dir/cartographer/common/thread_pool_test.cc.o[0m
[31.425s] [ 58%] [32mBuilding CXX object CMakeFiles/cartographer.io.proto_stream_deserializer_test.dir/cartographer/io/proto_stream_deserializer_test.cc.o[0m
[31.425s] [ 58%] [32mBuilding CXX object CMakeFiles/cartographer.io.probability_grid_points_processor_test.dir/cartographer/io/probability_grid_points_processor_test.cc.o[0m
[31.425s] [ 59%] [32mBuilding CXX object CMakeFiles/cartographer.io.points_processor_pipeline_builder_test.dir/cartographer/io/points_processor_pipeline_builder_test.cc.o[0m
[31.425s] [ 59%] [32mBuilding CXX object CMakeFiles/cartographer.io.proto_stream_test.dir/cartographer/io/proto_stream_test.cc.o[0m
[31.425s] [ 59%] [32mBuilding CXX object CMakeFiles/cartographer.mapping.2d.probability_grid_test.dir/cartographer/mapping/2d/probability_grid_test.cc.o[0m
[31.425s] [ 59%] [32mBuilding CXX object CMakeFiles/cartographer.io.serialization_format_migration_test.dir/cartographer/io/serialization_format_migration_test.cc.o[0m
[31.426s] [ 61%] [32mBuilding CXX object CMakeFiles/cartographer.mapping.2d.map_limits_test.dir/cartographer/mapping/2d/map_limits_test.cc.o[0m
[31.426s] [ 61%] [32mBuilding CXX object CMakeFiles/cartographer.mapping.3d.hybrid_grid_test.dir/cartographer/mapping/3d/hybrid_grid_test.cc.o[0m
[31.426s] [ 61%] [32mBuilding CXX object CMakeFiles/cartographer.mapping.2d.xy_index_test.dir/cartographer/mapping/2d/xy_index_test.cc.o[0m
[31.426s] [ 61%] [32mBuilding CXX object CMakeFiles/cartographer.mapping.3d.submap_3d_test.dir/cartographer/mapping/3d/submap_3d_test.cc.o[0m
[31.426s] [ 61%] [32mBuilding CXX object CMakeFiles/cartographer.mapping.2d.submap_2d_test.dir/cartographer/mapping/2d/submap_2d_test.cc.o[0m
[31.426s] [ 62%] [32mBuilding CXX object CMakeFiles/cartographer.mapping.2d.range_data_inserter_2d_test.dir/cartographer/mapping/2d/range_data_inserter_2d_test.cc.o[0m
[31.427s] [ 63%] [32mBuilding CXX object CMakeFiles/cartographer.mapping.3d.range_data_inserter_3d_test.dir/cartographer/mapping/3d/range_data_inserter_3d_test.cc.o[0m
[31.434s] [ 64%] [32mBuilding CXX object CMakeFiles/cartographer.mapping.id_test.dir/cartographer/mapping/id_test.cc.o[0m
[33.452s] [ 65%] [32m[1mLinking CXX executable cartographer.common.fixed_ratio_sampler_test[0m
[33.582s] [ 66%] [32m[1mLinking CXX executable cartographer.common.thread_pool_test[0m
[33.653s] [ 66%] Built target cartographer.common.fixed_ratio_sampler_test
[33.685s] [ 66%] [32mBuilding CXX object CMakeFiles/cartographer.mapping.imu_tracker_test.dir/cartographer/mapping/imu_tracker_test.cc.o[0m
[33.806s] [ 66%] Built target cartographer.common.thread_pool_test
[33.863s] [ 67%] [32mBuilding CXX object CMakeFiles/cartographer.mapping.internal.2d.normal_estimation_2d_test.dir/cartographer/mapping/internal/2d/normal_estimation_2d_test.cc.o[0m
[33.997s] [ 67%] [32m[1mLinking CXX executable cartographer.io.fake_file_writer_test[0m
[34.035s] [ 67%] [32m[1mLinking CXX executable cartographer.io.proto_stream_test[0m
[34.213s] [ 67%] Built target cartographer.io.fake_file_writer_test
[34.254s] [ 67%] [32mBuilding CXX object CMakeFiles/cartographer.mapping.internal.2d.overlapping_submaps_trimmer_2d_test.dir/cartographer/mapping/internal/2d/overlapping_submaps_trimmer_2d_test.cc.o[0m
[34.297s] [ 67%] Built target cartographer.io.proto_stream_test
[34.328s] [ 68%] [32mBuilding CXX object CMakeFiles/cartographer.mapping.internal.2d.pose_graph_2d_test.dir/cartographer/mapping/internal/2d/pose_graph_2d_test.cc.o[0m
[34.330s] [ 69%] [32m[1mLinking CXX executable cartographer.common.math_test[0m
[34.383s] [ 70%] [32m[1mLinking CXX executable cartographer.common.internal.rate_timer_test[0m
[34.537s] [ 70%] Built target cartographer.common.math_test
[34.563s] [ 70%] [32mBuilding CXX object CMakeFiles/cartographer.mapping.internal.2d.ray_to_pixel_mask_test.dir/cartographer/mapping/internal/2d/ray_to_pixel_mask_test.cc.o[0m
[34.563s] [ 70%] [32m[1mLinking CXX executable cartographer.common.internal.blocking_queue_test[0m
[34.571s] [ 70%] Built target cartographer.common.internal.rate_timer_test
[34.584s] [ 70%] [32m[1mLinking CXX executable cartographer.common.task_test[0m
[34.604s] [ 71%] [32mBuilding CXX object CMakeFiles/cartographer.mapping.internal.2d.scan_matching.ceres_scan_matcher_2d_test.dir/cartographer/mapping/internal/2d/scan_matching/ceres_scan_matcher_2d_test.cc.o[0m
[34.608s] [ 72%] [32m[1mLinking CXX executable cartographer.io.internal.in_memory_proto_stream_test[0m
[34.748s] [ 72%] Built target cartographer.common.internal.blocking_queue_test
[34.790s] [ 72%] [32mBuilding CXX object CMakeFiles/cartographer.mapping.internal.2d.scan_matching.correlative_scan_matcher_test.dir/cartographer/mapping/internal/2d/scan_matching/correlative_scan_matcher_test.cc.o[0m
[34.817s] [ 72%] Built target cartographer.common.task_test
[34.853s] [ 72%] [32m[1mLinking CXX executable cartographer.mapping.2d.xy_index_test[0m
[34.871s] [ 73%] [32mBuilding CXX object CMakeFiles/cartographer.mapping.internal.2d.scan_matching.fast_correlative_scan_matcher_2d_test.dir/cartographer/mapping/internal/2d/scan_matching/fast_correlative_scan_matcher_2d_test.cc.o[0m
[34.890s] [ 73%] Built target cartographer.io.internal.in_memory_proto_stream_test
[34.918s] [ 73%] [32mBuilding CXX object CMakeFiles/cartographer.mapping.internal.2d.scan_matching.interpolated_tsdf_2d_test.dir/cartographer/mapping/internal/2d/scan_matching/interpolated_tsdf_2d_test.cc.o[0m
[34.945s] [ 73%] [32m[1mLinking CXX executable cartographer.io.proto_stream_deserializer_test[0m
[35.068s] [ 73%] Built target cartographer.mapping.2d.xy_index_test
[35.123s] [ 73%] [32mBuilding CXX object CMakeFiles/cartographer.mapping.internal.2d.scan_matching.occupied_space_cost_function_2d_test.dir/cartographer/mapping/internal/2d/scan_matching/occupied_space_cost_function_2d_test.cc.o[0m
[35.141s] [ 73%] [32m[1mLinking CXX executable cartographer.mapping.2d.map_limits_test[0m
[35.176s] [ 73%] [32m[1mLinking CXX executable cartographer.common.lua_parameter_dictionary_test[0m
[35.254s] [ 73%] Built target cartographer.io.proto_stream_deserializer_test
[35.318s] [ 73%] [32mBuilding CXX object CMakeFiles/cartographer.mapping.internal.2d.scan_matching.real_time_correlative_scan_matcher_2d_test.dir/cartographer/mapping/internal/2d/scan_matching/real_time_correlative_scan_matcher_2d_test.cc.o[0m
[35.362s] [ 73%] Built target cartographer.mapping.2d.map_limits_test
[35.370s] [ 73%] [32m[1mLinking CXX executable cartographer.common.configuration_files_test[0m
[35.378s] [ 73%] Built target cartographer.common.lua_parameter_dictionary_test
[35.389s] [ 73%] [32mBuilding CXX object CMakeFiles/cartographer.mapping.internal.2d.scan_matching.tsdf_match_cost_function_2d_test.dir/cartographer/mapping/internal/2d/scan_matching/tsdf_match_cost_function_2d_test.cc.o[0m
[35.402s] [ 73%] [32mBuilding CXX object CMakeFiles/cartographer.mapping.internal.2d.tsd_value_converter_test.dir/cartographer/mapping/internal/2d/tsd_value_converter_test.cc.o[0m
[35.472s] [ 73%] [32m[1mLinking CXX executable cartographer.io.points_processor_pipeline_builder_test[0m
[35.767s] [ 73%] Built target cartographer.common.configuration_files_test
[35.773s] [ 73%] Built target cartographer.io.points_processor_pipeline_builder_test
[35.797s] [ 73%] [32mBuilding CXX object CMakeFiles/cartographer.mapping.internal.2d.tsdf_range_data_inserter_2d_test.dir/cartographer/mapping/internal/2d/tsdf_range_data_inserter_2d_test.cc.o[0m
[35.806s] [ 73%] [32mBuilding CXX object CMakeFiles/cartographer.mapping.internal.2d.tsdf_2d_test.dir/cartographer/mapping/internal/2d/tsdf_2d_test.cc.o[0m
[35.969s] [ 73%] [32m[1mLinking CXX executable cartographer.mapping.id_test[0m
[36.083s] [ 73%] [32m[1mLinking CXX executable cartographer.mapping.2d.range_data_inserter_2d_test[0m
[36.153s] [ 73%] Built target cartographer.mapping.id_test
[36.195s] [ 73%] [32mBuilding CXX object CMakeFiles/cartographer.mapping.internal.3d.local_trajectory_builder_3d_test.dir/cartographer/mapping/internal/3d/local_trajectory_builder_3d_test.cc.o[0m
[36.353s] [ 73%] Built target cartographer.mapping.2d.range_data_inserter_2d_test
[36.392s] [ 73%] [32m[1mLinking CXX executable cartographer.mapping.2d.probability_grid_test[0m
[36.418s] [ 73%] [32mBuilding CXX object CMakeFiles/cartographer.mapping.internal.3d.pose_graph_3d_test.dir/cartographer/mapping/internal/3d/pose_graph_3d_test.cc.o[0m
[36.618s] [ 73%] Built target cartographer.mapping.2d.probability_grid_test
[36.624s] [ 73%] [32m[1mLinking CXX executable cartographer.io.serialization_format_migration_test[0m
[36.640s] [ 73%] [32mBuilding CXX object CMakeFiles/cartographer.mapping.internal.3d.rotation_parameterization_test.dir/cartographer/mapping/internal/3d/rotation_parameterization_test.cc.o[0m
[36.659s] [ 73%] [32m[1mLinking CXX executable cartographer.mapping.internal.3d.rotation_parameterization_test[0m
[36.853s] [ 73%] Built target cartographer.mapping.internal.3d.rotation_parameterization_test
[36.881s] [ 73%] [32mBuilding CXX object CMakeFiles/cartographer.mapping.internal.3d.scan_matching.ceres_scan_matcher_3d_test.dir/cartographer/mapping/internal/3d/scan_matching/ceres_scan_matcher_3d_test.cc.o[0m
[37.013s] [ 73%] [32m[1mLinking CXX executable cartographer.mapping.2d.submap_2d_test[0m
[37.058s] [ 73%] Built target cartographer.io.serialization_format_migration_test
[37.074s] [ 73%] [32m[1mLinking CXX executable cartographer.mapping.imu_tracker_test[0m
[37.089s] [ 73%] [32mBuilding CXX object CMakeFiles/cartographer.mapping.internal.3d.scan_matching.fast_correlative_scan_matcher_3d_test.dir/cartographer/mapping/internal/3d/scan_matching/fast_correlative_scan_matcher_3d_test.cc.o[0m
[37.270s] [ 73%] Built target cartographer.mapping.imu_tracker_test
[37.315s] [ 73%] [32mBuilding CXX object CMakeFiles/cartographer.mapping.internal.3d.scan_matching.intensity_cost_function_3d_test.dir/cartographer/mapping/internal/3d/scan_matching/intensity_cost_function_3d_test.cc.o[0m
[37.348s] [ 73%] Built target cartographer.mapping.2d.submap_2d_test
[37.411s] [ 73%] [32mBuilding CXX object CMakeFiles/cartographer.mapping.internal.3d.scan_matching.interpolated_grid_test.dir/cartographer/mapping/internal/3d/scan_matching/interpolated_grid_test.cc.o[0m
[37.462s] [ 73%] [32m[1mLinking CXX executable cartographer.mapping.3d.submap_3d_test[0m
[37.492s] [ 73%] [32m[1mLinking CXX executable cartographer.mapping.3d.range_data_inserter_3d_test[0m
[37.730s] [ 73%] Built target cartographer.mapping.3d.range_data_inserter_3d_test
[37.758s] [ 73%] [32mBuilding CXX object CMakeFiles/cartographer.mapping.internal.3d.scan_matching.precomputation_grid_3d_test.dir/cartographer/mapping/internal/3d/scan_matching/precomputation_grid_3d_test.cc.o[0m
[37.765s] [ 73%] Built target cartographer.mapping.3d.submap_3d_test
[37.793s] [ 73%] [32mBuilding CXX object CMakeFiles/cartographer.mapping.internal.3d.scan_matching.real_time_correlative_scan_matcher_3d_test.dir/cartographer/mapping/internal/3d/scan_matching/real_time_correlative_scan_matcher_3d_test.cc.o[0m
[37.894s] [ 74%] [32m[1mLinking CXX executable cartographer.io.probability_grid_points_processor_test[0m
[38.183s] [ 74%] Built target cartographer.io.probability_grid_points_processor_test
[38.238s] [ 74%] [32mBuilding CXX object CMakeFiles/cartographer.mapping.internal.3d.scan_matching.rotation_delta_cost_functor_3d_test.dir/cartographer/mapping/internal/3d/scan_matching/rotation_delta_cost_functor_3d_test.cc.o[0m
[38.486s] [ 74%] [32m[1mLinking CXX executable cartographer.mapping.internal.2d.normal_estimation_2d_test[0m
[38.510s] [ 74%] [32m[1mLinking CXX executable cartographer.mapping.3d.hybrid_grid_test[0m
[38.609s] [ 75%] [32m[1mLinking CXX executable cartographer.mapping.internal.2d.tsd_value_converter_test[0m
[38.728s] [ 75%] Built target cartographer.mapping.internal.2d.normal_estimation_2d_test
[38.766s] [ 75%] Built target cartographer.mapping.3d.hybrid_grid_test
[38.768s] [ 75%] [32mBuilding CXX object CMakeFiles/cartographer.mapping.internal.3d.scan_matching.rotational_scan_matcher_test.dir/cartographer/mapping/internal/3d/scan_matching/rotational_scan_matcher_test.cc.o[0m
[38.794s] [ 75%] [32mBuilding CXX object CMakeFiles/cartographer.mapping.internal.connected_components_test.dir/cartographer/mapping/internal/connected_components_test.cc.o[0m
[38.820s] [ 75%] Built target cartographer.mapping.internal.2d.tsd_value_converter_test
[38.848s] [ 75%] [32mBuilding CXX object CMakeFiles/cartographer.mapping.internal.constraints.constraint_builder_2d_test.dir/cartographer/mapping/internal/constraints/constraint_builder_2d_test.cc.o[0m
[39.052s] [ 76%] [32m[1mLinking CXX executable cartographer.mapping.internal.2d.scan_matching.interpolated_tsdf_2d_test[0m
[39.063s] [ 76%] [32m[1mLinking CXX executable cartographer.mapping.internal.2d.scan_matching.correlative_scan_matcher_test[0m
[39.244s] [ 76%] Built target cartographer.mapping.internal.2d.scan_matching.correlative_scan_matcher_test
[39.284s] [ 77%] [32mBuilding CXX object CMakeFiles/cartographer.mapping.internal.constraints.constraint_builder_3d_test.dir/cartographer/mapping/internal/constraints/constraint_builder_3d_test.cc.o[0m
[39.319s] [ 77%] Built target cartographer.mapping.internal.2d.scan_matching.interpolated_tsdf_2d_test
[39.386s] [ 77%] [32mBuilding CXX object CMakeFiles/cartographer.mapping.internal.motion_filter_test.dir/cartographer/mapping/internal/motion_filter_test.cc.o[0m
[39.876s] [ 77%] [32m[1mLinking CXX executable cartographer.mapping.internal.2d.scan_matching.occupied_space_cost_function_2d_test[0m
[39.981s] [ 78%] [32m[1mLinking CXX executable cartographer.mapping.internal.2d.scan_matching.real_time_correlative_scan_matcher_2d_test[0m
[40.205s] [ 78%] Built target cartographer.mapping.internal.2d.scan_matching.occupied_space_cost_function_2d_test
[40.244s] [ 78%] Built target cartographer.mapping.internal.2d.scan_matching.real_time_correlative_scan_matcher_2d_test
[40.271s] [ 78%] [32mBuilding CXX object CMakeFiles/cartographer.mapping.internal.optimization.cost_functions.landmark_cost_function_3d_test.dir/cartographer/mapping/internal/optimization/cost_functions/landmark_cost_function_3d_test.cc.o[0m
[40.274s] [ 79%] [32mBuilding CXX object CMakeFiles/cartographer.mapping.internal.optimization.cost_functions.landmark_cost_function_2d_test.dir/cartographer/mapping/internal/optimization/cost_functions/landmark_cost_function_2d_test.cc.o[0m
[40.709s] [ 79%] [32m[1mLinking CXX executable cartographer.mapping.internal.2d.tsdf_2d_test[0m
[40.804s] [ 79%] [32m[1mLinking CXX executable cartographer.mapping.internal.2d.scan_matching.ceres_scan_matcher_2d_test[0m
[40.970s] [ 79%] Built target cartographer.mapping.internal.2d.tsdf_2d_test
[40.979s] [ 79%] [32m[1mLinking CXX executable cartographer.mapping.internal.2d.ray_to_pixel_mask_test[0m
[41.043s] [ 80%] [32mBuilding CXX object CMakeFiles/cartographer.mapping.internal.optimization.cost_functions.spa_cost_function_2d_test.dir/cartographer/mapping/internal/optimization/cost_functions/spa_cost_function_2d_test.cc.o[0m
[41.128s] [ 80%] Built target cartographer.mapping.internal.2d.scan_matching.ceres_scan_matcher_2d_test
[41.145s] [ 80%] Built target cartographer.mapping.internal.2d.ray_to_pixel_mask_test
[41.154s] [ 80%] [32mBuilding CXX object CMakeFiles/cartographer.mapping.internal.optimization.optimization_problem_3d_test.dir/cartographer/mapping/internal/optimization/optimization_problem_3d_test.cc.o[0m
[41.169s] [ 81%] [32mBuilding CXX object CMakeFiles/cartographer.mapping.internal.range_data_collator_test.dir/cartographer/mapping/internal/range_data_collator_test.cc.o[0m
[41.321s] [ 81%] [32m[1mLinking CXX executable cartographer.mapping.internal.2d.scan_matching.tsdf_match_cost_function_2d_test[0m
[41.342s] [ 81%] [32m[1mLinking CXX executable cartographer.mapping.internal.2d.overlapping_submaps_trimmer_2d_test[0m
[41.679s] [ 81%] Built target cartographer.mapping.internal.2d.scan_matching.tsdf_match_cost_function_2d_test
[41.706s] [ 81%] [32mBuilding CXX object CMakeFiles/cartographer.mapping.internal.trajectory_connectivity_state_test.dir/cartographer/mapping/internal/trajectory_connectivity_state_test.cc.o[0m
[41.717s] [ 81%] Built target cartographer.mapping.internal.2d.overlapping_submaps_trimmer_2d_test
[41.755s] [ 83%] [32mBuilding CXX object CMakeFiles/cartographer.mapping.map_builder_test.dir/cartographer/mapping/map_builder_test.cc.o[0m
[41.755s] [ 83%] [32m[1mLinking CXX executable cartographer.mapping.internal.2d.tsdf_range_data_inserter_2d_test[0m
[41.779s] [ 83%] [32m[1mLinking CXX executable cartographer.mapping.internal.2d.scan_matching.fast_correlative_scan_matcher_2d_test[0m
[41.868s] [ 83%] [32m[1mLinking CXX executable cartographer.mapping.internal.3d.scan_matching.interpolated_grid_test[0m
[41.969s] [ 84%] [32m[1mLinking CXX executable cartographer.mapping.internal.3d.scan_matching.rotation_delta_cost_functor_3d_test[0m
[42.037s] [ 84%] Built target cartographer.mapping.internal.2d.tsdf_range_data_inserter_2d_test
[42.060s] [ 84%] Built target cartographer.mapping.internal.3d.scan_matching.interpolated_grid_test
[42.078s] [ 84%] Built target cartographer.mapping.internal.2d.scan_matching.fast_correlative_scan_matcher_2d_test
[42.087s] [ 84%] [32mBuilding CXX object CMakeFiles/cartographer.mapping.pose_extrapolator_test.dir/cartographer/mapping/pose_extrapolator_test.cc.o[0m
[42.096s] [ 85%] [32mBuilding CXX object CMakeFiles/cartographer.mapping.pose_graph_test.dir/cartographer/mapping/pose_graph_test.cc.o[0m
[42.104s] [ 85%] [32mBuilding CXX object CMakeFiles/cartographer.mapping.pose_graph_trimmer_test.dir/cartographer/mapping/pose_graph_trimmer_test.cc.o[0m
[42.166s] [ 85%] Built target cartographer.mapping.internal.3d.scan_matching.rotation_delta_cost_functor_3d_test
[42.231s] [ 86%] [32mBuilding CXX object CMakeFiles/cartographer.mapping.probability_values_test.dir/cartographer/mapping/probability_values_test.cc.o[0m
[42.355s] [ 87%] [32m[1mLinking CXX executable cartographer.mapping.internal.3d.scan_matching.precomputation_grid_3d_test[0m
[42.543s] [ 87%] Built target cartographer.mapping.internal.3d.scan_matching.precomputation_grid_3d_test
[42.587s] [ 87%] [32mBuilding CXX object CMakeFiles/cartographer.mapping.submaps_test.dir/cartographer/mapping/submaps_test.cc.o[0m
[42.602s] [ 87%] [32m[1mLinking CXX executable cartographer.mapping.internal.3d.scan_matching.rotational_scan_matcher_test[0m
[42.787s] [ 87%] Built target cartographer.mapping.internal.3d.scan_matching.rotational_scan_matcher_test
[42.833s] [ 88%] [32mBuilding CXX object CMakeFiles/cartographer.mapping.trajectory_node_test.dir/cartographer/mapping/trajectory_node_test.cc.o[0m
[43.247s] [ 89%] [32m[1mLinking CXX executable cartographer.mapping.internal.3d.scan_matching.intensity_cost_function_3d_test[0m
[43.262s] [ 89%] [32m[1mLinking CXX executable cartographer.mapping.internal.motion_filter_test[0m
[43.444s] [ 89%] Built target cartographer.mapping.internal.3d.scan_matching.intensity_cost_function_3d_test
[43.452s] [ 90%] [32m[1mLinking CXX executable cartographer.mapping.internal.connected_components_test[0m
[43.475s] [ 90%] [32mBuilding CXX object CMakeFiles/cartographer.mapping.value_conversion_tables_test.dir/cartographer/mapping/value_conversion_tables_test.cc.o[0m
[43.485s] [ 90%] Built target cartographer.mapping.internal.motion_filter_test
[43.515s] [ 91%] [32mBuilding CXX object CMakeFiles/cartographer.sensor.compressed_point_cloud_test.dir/cartographer/sensor/compressed_point_cloud_test.cc.o[0m
[43.657s] [ 91%] Built target cartographer.mapping.internal.connected_components_test
[43.692s] [ 91%] [32mBuilding CXX object CMakeFiles/cartographer.sensor.internal.collator_test.dir/cartographer/sensor/internal/collator_test.cc.o[0m
[44.128s] [ 92%] [32m[1mLinking CXX executable cartographer.mapping.internal.3d.scan_matching.ceres_scan_matcher_3d_test[0m
[44.282s] [ 92%] [32m[1mLinking CXX executable cartographer.mapping.internal.2d.pose_graph_2d_test[0m
[44.392s] [ 92%] Built target cartographer.mapping.internal.3d.scan_matching.ceres_scan_matcher_3d_test
[44.422s] [ 93%] [32mBuilding CXX object CMakeFiles/cartographer.sensor.internal.ordered_multi_queue_test.dir/cartographer/sensor/internal/ordered_multi_queue_test.cc.o[0m
[44.445s] [ 94%] [32m[1mLinking CXX executable cartographer.mapping.internal.3d.pose_graph_3d_test[0m
[44.458s] [ 94%] [32m[1mLinking CXX executable cartographer.mapping.internal.3d.scan_matching.real_time_correlative_scan_matcher_3d_test[0m
[44.724s] [ 94%] Built target cartographer.mapping.internal.3d.scan_matching.real_time_correlative_scan_matcher_3d_test
[44.761s] [ 94%] [32mBuilding CXX object CMakeFiles/cartographer.sensor.internal.trajectory_collator_test.dir/cartographer/sensor/internal/trajectory_collator_test.cc.o[0m
[44.772s] [ 94%] Built target cartographer.mapping.internal.2d.pose_graph_2d_test
[44.854s] [ 94%] [32mBuilding CXX object CMakeFiles/cartographer.sensor.internal.voxel_filter_test.dir/cartographer/sensor/internal/voxel_filter_test.cc.o[0m
[44.857s] [ 94%] Built target cartographer.mapping.internal.3d.pose_graph_3d_test
[44.910s] [ 94%] [32mBuilding CXX object CMakeFiles/cartographer.sensor.landmark_data_test.dir/cartographer/sensor/landmark_data_test.cc.o[0m
[45.088s] [ 94%] [32m[1mLinking CXX executable cartographer.mapping.internal.3d.local_trajectory_builder_3d_test[0m
[45.411s] [ 94%] [32m[1mLinking CXX executable cartographer.mapping.probability_values_test[0m
[45.422s] [ 94%] Built target cartographer.mapping.internal.3d.local_trajectory_builder_3d_test
[45.449s] [ 94%] [32mBuilding CXX object CMakeFiles/cartographer.sensor.map_by_time_test.dir/cartographer/sensor/map_by_time_test.cc.o[0m
[45.595s] [ 94%] Built target cartographer.mapping.probability_values_test
[45.620s] [ 94%] [32m[1mLinking CXX executable cartographer.mapping.value_conversion_tables_test[0m
[45.639s] [ 94%] [32mBuilding CXX object CMakeFiles/cartographer.sensor.point_cloud_test.dir/cartographer/sensor/point_cloud_test.cc.o[0m
[45.787s] [ 94%] Built target cartographer.mapping.value_conversion_tables_test
[45.827s] [ 94%] [32mBuilding CXX object CMakeFiles/cartographer.sensor.range_data_test.dir/cartographer/sensor/range_data_test.cc.o[0m
[45.873s] [ 94%] [32m[1mLinking CXX executable cartographer.mapping.internal.3d.scan_matching.fast_correlative_scan_matcher_3d_test[0m
[46.093s] [ 94%] Built target cartographer.mapping.internal.3d.scan_matching.fast_correlative_scan_matcher_3d_test
[46.143s] [ 94%] [32mBuilding CXX object CMakeFiles/cartographer.transform.rigid_transform_test.dir/cartographer/transform/rigid_transform_test.cc.o[0m
[46.165s] [ 94%] [32m[1mLinking CXX executable cartographer.mapping.internal.trajectory_connectivity_state_test[0m
[46.391s] [ 94%] Built target cartographer.mapping.internal.trajectory_connectivity_state_test
[46.429s] [ 94%] [32m[1mLinking CXX executable cartographer.mapping.internal.range_data_collator_test[0m
[46.429s] [ 94%] [32mBuilding CXX object CMakeFiles/cartographer.transform.timestamped_transform_test.dir/cartographer/transform/timestamped_transform_test.cc.o[0m
[46.438s] [ 94%] [32m[1mLinking CXX executable cartographer.mapping.submaps_test[0m
[46.490s] [ 94%] [32m[1mLinking CXX executable cartographer.mapping.internal.constraints.constraint_builder_2d_test[0m
[46.627s] [ 94%] Built target cartographer.mapping.internal.range_data_collator_test
[46.649s] [ 94%] Built target cartographer.mapping.submaps_test
[46.655s] [ 94%] [32mBuilding CXX object CMakeFiles/cartographer.transform.transform_interpolation_buffer_test.dir/cartographer/transform/transform_interpolation_buffer_test.cc.o[0m
[46.680s] [ 94%] [32mBuilding CXX object CMakeFiles/cartographer.transform.transform_test.dir/cartographer/transform/transform_test.cc.o[0m
[46.765s] [ 94%] [32m[1mLinking CXX executable cartographer.mapping.pose_graph_trimmer_test[0m
[46.885s] [ 94%] Built target cartographer.mapping.internal.constraints.constraint_builder_2d_test
[47.000s] [ 94%] Built target cartographer.mapping.pose_graph_trimmer_test
[47.153s] [ 94%] [32m[1mLinking CXX executable cartographer.mapping.pose_graph_test[0m
[47.214s] [ 94%] [32m[1mLinking CXX executable cartographer.mapping.internal.constraints.constraint_builder_3d_test[0m
[47.484s] [ 94%] Built target cartographer.mapping.pose_graph_test
[47.539s] [ 94%] Built target cartographer.mapping.internal.constraints.constraint_builder_3d_test
[47.597s] [ 94%] [32m[1mLinking CXX executable cartographer.mapping.internal.optimization.cost_functions.spa_cost_function_2d_test[0m
[47.752s] [ 94%] Built target cartographer.mapping.internal.optimization.cost_functions.spa_cost_function_2d_test
[47.768s] [ 94%] [32m[1mLinking CXX executable cartographer.mapping.internal.optimization.optimization_problem_3d_test[0m
[47.919s] [ 94%] Built target cartographer.mapping.internal.optimization.optimization_problem_3d_test
[48.080s] [ 94%] [32m[1mLinking CXX executable cartographer.sensor.compressed_point_cloud_test[0m
[48.165s] [ 94%] [32m[1mLinking CXX executable cartographer.sensor.map_by_time_test[0m
[48.190s] [ 94%] Built target cartographer.sensor.compressed_point_cloud_test
[48.247s] [ 94%] [32m[1mLinking CXX executable cartographer.mapping.internal.optimization.cost_functions.landmark_cost_function_3d_test[0m
[48.256s] [ 94%] Built target cartographer.sensor.map_by_time_test
[48.393s] [ 94%] Built target cartographer.mapping.internal.optimization.cost_functions.landmark_cost_function_3d_test
[48.567s] [ 94%] [32m[1mLinking CXX executable cartographer.mapping.pose_extrapolator_test[0m
[48.576s] [ 94%] [32m[1mLinking CXX executable cartographer.mapping.internal.optimization.cost_functions.landmark_cost_function_2d_test[0m
[48.660s] [ 94%] Built target cartographer.mapping.pose_extrapolator_test
[48.744s] [ 94%] Built target cartographer.mapping.internal.optimization.cost_functions.landmark_cost_function_2d_test
[48.808s] [ 94%] [32m[1mLinking CXX executable cartographer.mapping.trajectory_node_test[0m
[48.960s] [ 94%] Built target cartographer.mapping.trajectory_node_test
[48.995s] [ 94%] [32m[1mLinking CXX executable cartographer.sensor.internal.ordered_multi_queue_test[0m
[49.106s] [ 94%] Built target cartographer.sensor.internal.ordered_multi_queue_test
[49.235s] [ 94%] [32m[1mLinking CXX executable cartographer.sensor.internal.collator_test[0m
[49.309s] [ 94%] Built target cartographer.sensor.internal.collator_test
[49.512s] [ 94%] [32m[1mLinking CXX executable cartographer.sensor.internal.voxel_filter_test[0m
[49.593s] [ 94%] [32m[1mLinking CXX executable cartographer.transform.timestamped_transform_test[0m
[49.600s] [ 94%] Built target cartographer.sensor.internal.voxel_filter_test
[49.680s] [ 94%] Built target cartographer.transform.timestamped_transform_test
[49.730s] [ 95%] [32m[1mLinking CXX executable cartographer.sensor.internal.trajectory_collator_test[0m
[49.798s] [ 95%] Built target cartographer.sensor.internal.trajectory_collator_test
[49.882s] [ 95%] [32m[1mLinking CXX executable cartographer.mapping.map_builder_test[0m
[50.064s] [ 95%] Built target cartographer.mapping.map_builder_test
[50.080s] [ 95%] [32m[1mLinking CXX executable cartographer.sensor.range_data_test[0m
[50.140s] [ 95%] Built target cartographer.sensor.range_data_test
[50.192s] [ 95%] [32m[1mLinking CXX executable cartographer.transform.transform_test[0m
[50.251s] [ 95%] Built target cartographer.transform.transform_test
[50.399s] [ 96%] [32m[1mLinking CXX executable cartographer.sensor.landmark_data_test[0m
[50.475s] [ 96%] Built target cartographer.sensor.landmark_data_test
[50.513s] [ 97%] [32m[1mLinking CXX executable cartographer.sensor.point_cloud_test[0m
[50.572s] [ 97%] Built target cartographer.sensor.point_cloud_test
[50.723s] [ 98%] [32m[1mLinking CXX executable cartographer.transform.transform_interpolation_buffer_test[0m
[50.794s] [ 98%] Built target cartographer.transform.transform_interpolation_buffer_test
[51.618s] [100%] [32m[1mLinking CXX executable cartographer.transform.rigid_transform_test[0m
[51.674s] [100%] Built target cartographer.transform.rigid_transform_test
[51.681s] Invoked command in '/home/user/cartographer_ws_docker/build/cartographer' returned '0': CMAKE_PREFIX_PATH=${CMAKE_PREFIX_PATH}:/opt/ros/humble /usr/bin/cmake --build /home/user/cartographer_ws_docker/build/cartographer -- -j24 -l24
[51.968s] Invoking command in '/home/user/cartographer_ws_docker/build/cartographer': CMAKE_PREFIX_PATH=${CMAKE_PREFIX_PATH}:/opt/ros/humble /usr/bin/cmake --install /home/user/cartographer_ws_docker/build/cartographer
[51.981s] -- Install configuration: "Release"
[51.981s] -- Installing: /home/user/cartographer_ws_docker/install/cartographer/share/cartographer/package.xml
[51.981s] -- Installing: /home/user/cartographer_ws_docker/install/cartographer/share/cartographer//configuration_files
[51.981s] -- Installing: /home/user/cartographer_ws_docker/install/cartographer/share/cartographer//configuration_files/trajectory_builder.lua
[51.981s] -- Installing: /home/user/cartographer_ws_docker/install/cartographer/share/cartographer//configuration_files/map_builder_server.lua
[51.982s] -- Installing: /home/user/cartographer_ws_docker/install/cartographer/share/cartographer//configuration_files/map_builder.lua
[51.982s] -- Installing: /home/user/cartographer_ws_docker/install/cartographer/share/cartographer//configuration_files/pose_graph.lua
[51.982s] -- Installing: /home/user/cartographer_ws_docker/install/cartographer/share/cartographer//configuration_files/trajectory_builder_3d.lua
[51.982s] -- Installing: /home/user/cartographer_ws_docker/install/cartographer/share/cartographer//configuration_files/trajectory_builder_2d.lua
[51.982s] -- Installing: /home/user/cartographer_ws_docker/install/cartographer/share/cartographer//cmake
[51.982s] -- Installing: /home/user/cartographer_ws_docker/install/cartographer/share/cartographer//cmake/functions.cmake
[51.982s] -- Installing: /home/user/cartographer_ws_docker/install/cartographer/share/cartographer//cmake/modules
[51.982s] -- Installing: /home/user/cartographer_ws_docker/install/cartographer/share/cartographer//cmake/modules/FindEigen3.cmake
[51.982s] -- Installing: /home/user/cartographer_ws_docker/install/cartographer/share/cartographer//cmake/modules/FindLuaGoogle.cmake
[51.982s] -- Installing: /home/user/cartographer_ws_docker/install/cartographer/share/cartographer//cmake/modules/FindSphinx.cmake
[51.982s] -- Installing: /home/user/cartographer_ws_docker/install/cartographer/share/cartographer//cmake/modules/FindGMock.cmake
[51.982s] -- Installing: /home/user/cartographer_ws_docker/install/cartographer/bin/cartographer_autogenerate_ground_truth
[51.983s] -- Installing: /home/user/cartographer_ws_docker/install/cartographer/bin/cartographer_compute_relations_metrics
[51.983s] -- Installing: /home/user/cartographer_ws_docker/install/cartographer/bin/cartographer_pbstream
[51.985s] -- Installing: /home/user/cartographer_ws_docker/install/cartographer/bin/cartographer_print_configuration
[51.985s] -- Installing: /home/user/cartographer_ws_docker/install/cartographer/lib/libcartographer.a
[51.991s] -- Installing: /home/user/cartographer_ws_docker/install/cartographer/include/cartographer/common/configuration_file_resolver.h
[51.991s] -- Installing: /home/user/cartographer_ws_docker/install/cartographer/include/cartographer/common/fixed_ratio_sampler.h
[51.991s] -- Installing: /home/user/cartographer_ws_docker/install/cartographer/include/cartographer/common/histogram.h
[51.991s] -- Installing: /home/user/cartographer_ws_docker/install/cartographer/include/cartographer/common/lua.h
[51.991s] -- Installing: /home/user/cartographer_ws_docker/install/cartographer/include/cartographer/common/lua_parameter_dictionary.h
[51.991s] -- Installing: /home/user/cartographer_ws_docker/install/cartographer/include/cartographer/common/math.h
[51.991s] -- Installing: /home/user/cartographer_ws_docker/install/cartographer/include/cartographer/common/port.h
[51.991s] -- Installing: /home/user/cartographer_ws_docker/install/cartographer/include/cartographer/common/task.h
[51.991s] -- Installing: /home/user/cartographer_ws_docker/install/cartographer/include/cartographer/common/thread_pool.h
[51.991s] -- Installing: /home/user/cartographer_ws_docker/install/cartographer/include/cartographer/common/time.h
[51.991s] -- Installing: /home/user/cartographer_ws_docker/install/cartographer/include/cartographer/ground_truth/autogenerate_ground_truth.h
[51.991s] -- Installing: /home/user/cartographer_ws_docker/install/cartographer/include/cartographer/ground_truth/relations_text_file.h
[51.991s] -- Installing: /home/user/cartographer_ws_docker/install/cartographer/include/cartographer/io/color.h
[51.991s] -- Installing: /home/user/cartographer_ws_docker/install/cartographer/include/cartographer/io/coloring_points_processor.h
[51.991s] -- Installing: /home/user/cartographer_ws_docker/install/cartographer/include/cartographer/io/counting_points_processor.h
[51.991s] -- Installing: /home/user/cartographer_ws_docker/install/cartographer/include/cartographer/io/draw_trajectories.h
[51.991s] -- Installing: /home/user/cartographer_ws_docker/install/cartographer/include/cartographer/io/file_writer.h
[51.991s] -- Installing: /home/user/cartographer_ws_docker/install/cartographer/include/cartographer/io/fixed_ratio_sampling_points_processor.h
[51.991s] -- Installing: /home/user/cartographer_ws_docker/install/cartographer/include/cartographer/io/frame_id_filtering_points_processor.h
[51.991s] -- Installing: /home/user/cartographer_ws_docker/install/cartographer/include/cartographer/io/hybrid_grid_points_processor.h
[51.991s] -- Installing: /home/user/cartographer_ws_docker/install/cartographer/include/cartographer/io/image.h
[51.991s] -- Installing: /home/user/cartographer_ws_docker/install/cartographer/include/cartographer/io/intensity_to_color_points_processor.h
[51.991s] -- Installing: /home/user/cartographer_ws_docker/install/cartographer/include/cartographer/io/min_max_range_filtering_points_processor.h
[51.991s] -- Installing: /home/user/cartographer_ws_docker/install/cartographer/include/cartographer/io/null_points_processor.h
[51.991s] -- Installing: /home/user/cartographer_ws_docker/install/cartographer/include/cartographer/io/outlier_removing_points_processor.h
[51.992s] -- Installing: /home/user/cartographer_ws_docker/install/cartographer/include/cartographer/io/pcd_writing_points_processor.h
[51.992s] -- Installing: /home/user/cartographer_ws_docker/install/cartographer/include/cartographer/io/ply_writing_points_processor.h
[51.992s] -- Installing: /home/user/cartographer_ws_docker/install/cartographer/include/cartographer/io/points_batch.h
[51.992s] -- Installing: /home/user/cartographer_ws_docker/install/cartographer/include/cartographer/io/points_processor.h
[51.992s] -- Installing: /home/user/cartographer_ws_docker/install/cartographer/include/cartographer/io/points_processor_pipeline_builder.h
[51.992s] -- Installing: /home/user/cartographer_ws_docker/install/cartographer/include/cartographer/io/probability_grid_points_processor.h
[51.992s] -- Installing: /home/user/cartographer_ws_docker/install/cartographer/include/cartographer/io/proto_stream.h
[51.992s] -- Installing: /home/user/cartographer_ws_docker/install/cartographer/include/cartographer/io/proto_stream_deserializer.h
[51.992s] -- Installing: /home/user/cartographer_ws_docker/install/cartographer/include/cartographer/io/proto_stream_interface.h
[51.992s] -- Installing: /home/user/cartographer_ws_docker/install/cartographer/include/cartographer/io/serialization_format_migration.h
[51.992s] -- Installing: /home/user/cartographer_ws_docker/install/cartographer/include/cartographer/io/submap_painter.h
[51.992s] -- Installing: /home/user/cartographer_ws_docker/install/cartographer/include/cartographer/io/vertical_range_filtering_points_processor.h
[51.992s] -- Installing: /home/user/cartographer_ws_docker/install/cartographer/include/cartographer/io/xray_points_processor.h
[51.992s] -- Installing: /home/user/cartographer_ws_docker/install/cartographer/include/cartographer/io/xyz_writing_points_processor.h
[51.992s] -- Installing: /home/user/cartographer_ws_docker/install/cartographer/include/cartographer/mapping/2d/grid_2d.h
[51.992s] -- Installing: /home/user/cartographer_ws_docker/install/cartographer/include/cartographer/mapping/2d/map_limits.h
[51.992s] -- Installing: /home/user/cartographer_ws_docker/install/cartographer/include/cartographer/mapping/2d/probability_grid.h
[51.992s] -- Installing: /home/user/cartographer_ws_docker/install/cartographer/include/cartographer/mapping/2d/probability_grid_range_data_inserter_2d.h
[51.992s] -- Installing: /home/user/cartographer_ws_docker/install/cartographer/include/cartographer/mapping/2d/submap_2d.h
[51.992s] -- Installing: /home/user/cartographer_ws_docker/install/cartographer/include/cartographer/mapping/2d/xy_index.h
[51.992s] -- Installing: /home/user/cartographer_ws_docker/install/cartographer/include/cartographer/mapping/3d/hybrid_grid.h
[51.992s] -- Installing: /home/user/cartographer_ws_docker/install/cartographer/include/cartographer/mapping/3d/range_data_inserter_3d.h
[51.992s] -- Installing: /home/user/cartographer_ws_docker/install/cartographer/include/cartographer/mapping/3d/submap_3d.h
[51.992s] -- Installing: /home/user/cartographer_ws_docker/install/cartographer/include/cartographer/mapping/detect_floors.h
[51.992s] -- Installing: /home/user/cartographer_ws_docker/install/cartographer/include/cartographer/mapping/grid_interface.h
[51.992s] -- Installing: /home/user/cartographer_ws_docker/install/cartographer/include/cartographer/mapping/id.h
[51.992s] -- Installing: /home/user/cartographer_ws_docker/install/cartographer/include/cartographer/mapping/imu_tracker.h
[51.993s] -- Installing: /home/user/cartographer_ws_docker/install/cartographer/include/cartographer/mapping/map_builder.h
[51.993s] -- Installing: /home/user/cartographer_ws_docker/install/cartographer/include/cartographer/mapping/map_builder_interface.h
[51.993s] -- Installing: /home/user/cartographer_ws_docker/install/cartographer/include/cartographer/mapping/pose_extrapolator.h
[51.993s] -- Installing: /home/user/cartographer_ws_docker/install/cartographer/include/cartographer/mapping/pose_extrapolator_interface.h
[51.993s] -- Installing: /home/user/cartographer_ws_docker/install/cartographer/include/cartographer/mapping/pose_graph.h
[51.993s] -- Installing: /home/user/cartographer_ws_docker/install/cartographer/include/cartographer/mapping/pose_graph_interface.h
[51.993s] -- Installing: /home/user/cartographer_ws_docker/install/cartographer/include/cartographer/mapping/pose_graph_trimmer.h
[51.993s] -- Installing: /home/user/cartographer_ws_docker/install/cartographer/include/cartographer/mapping/probability_values.h
[51.993s] -- Installing: /home/user/cartographer_ws_docker/install/cartographer/include/cartographer/mapping/range_data_inserter_interface.h
[51.993s] -- Installing: /home/user/cartographer_ws_docker/install/cartographer/include/cartographer/mapping/submaps.h
[51.993s] -- Installing: /home/user/cartographer_ws_docker/install/cartographer/include/cartographer/mapping/trajectory_builder_interface.h
[51.993s] -- Installing: /home/user/cartographer_ws_docker/install/cartographer/include/cartographer/mapping/trajectory_node.h
[51.993s] -- Installing: /home/user/cartographer_ws_docker/install/cartographer/include/cartographer/mapping/value_conversion_tables.h
[51.993s] -- Installing: /home/user/cartographer_ws_docker/install/cartographer/include/cartographer/metrics/counter.h
[51.993s] -- Installing: /home/user/cartographer_ws_docker/install/cartographer/include/cartographer/metrics/family_factory.h
[51.993s] -- Installing: /home/user/cartographer_ws_docker/install/cartographer/include/cartographer/metrics/gauge.h
[51.993s] -- Installing: /home/user/cartographer_ws_docker/install/cartographer/include/cartographer/metrics/histogram.h
[51.993s] -- Installing: /home/user/cartographer_ws_docker/install/cartographer/include/cartographer/metrics/register.h
[51.993s] -- Installing: /home/user/cartographer_ws_docker/install/cartographer/include/cartographer/sensor/collator_interface.h
[51.993s] -- Installing: /home/user/cartographer_ws_docker/install/cartographer/include/cartographer/sensor/compressed_point_cloud.h
[51.993s] -- Installing: /home/user/cartographer_ws_docker/install/cartographer/include/cartographer/sensor/data.h
[51.993s] -- Installing: /home/user/cartographer_ws_docker/install/cartographer/include/cartographer/sensor/fixed_frame_pose_data.h
[51.993s] -- Installing: /home/user/cartographer_ws_docker/install/cartographer/include/cartographer/sensor/imu_data.h
[51.993s] -- Installing: /home/user/cartographer_ws_docker/install/cartographer/include/cartographer/sensor/landmark_data.h
[51.993s] -- Installing: /home/user/cartographer_ws_docker/install/cartographer/include/cartographer/sensor/map_by_time.h
[51.993s] -- Installing: /home/user/cartographer_ws_docker/install/cartographer/include/cartographer/sensor/odometry_data.h
[51.993s] -- Installing: /home/user/cartographer_ws_docker/install/cartographer/include/cartographer/sensor/point_cloud.h
[51.993s] -- Installing: /home/user/cartographer_ws_docker/install/cartographer/include/cartographer/sensor/range_data.h
[51.994s] -- Installing: /home/user/cartographer_ws_docker/install/cartographer/include/cartographer/sensor/rangefinder_point.h
[51.994s] -- Installing: /home/user/cartographer_ws_docker/install/cartographer/include/cartographer/sensor/timed_point_cloud_data.h
[51.994s] -- Installing: /home/user/cartographer_ws_docker/install/cartographer/include/cartographer/transform/rigid_transform.h
[51.994s] -- Installing: /home/user/cartographer_ws_docker/install/cartographer/include/cartographer/transform/timestamped_transform.h
[51.994s] -- Installing: /home/user/cartographer_ws_docker/install/cartographer/include/cartographer/transform/transform.h
[51.994s] -- Installing: /home/user/cartographer_ws_docker/install/cartographer/include/cartographer/transform/transform_interpolation_buffer.h
[51.994s] -- Installing: /home/user/cartographer_ws_docker/install/cartographer/include/cartographer/io/fake_file_writer.h
[51.994s] -- Installing: /home/user/cartographer_ws_docker/install/cartographer/include/cartographer/transform/rigid_transform_test_helpers.h
[51.994s] -- Installing: /home/user/cartographer_ws_docker/install/cartographer/include/cartographer/common/proto/ceres_solver_options.pb.h
[51.994s] -- Installing: /home/user/cartographer_ws_docker/install/cartographer/include/cartographer/ground_truth/proto/relations.pb.h
[51.994s] -- Installing: /home/user/cartographer_ws_docker/install/cartographer/include/cartographer/mapping/proto/cell_limits_2d.pb.h
[51.994s] -- Installing: /home/user/cartographer_ws_docker/install/cartographer/include/cartographer/mapping/proto/connected_components.pb.h
[51.994s] -- Installing: /home/user/cartographer_ws_docker/install/cartographer/include/cartographer/mapping/proto/grid_2d.pb.h
[51.994s] -- Installing: /home/user/cartographer_ws_docker/install/cartographer/include/cartographer/mapping/proto/grid_2d_options.pb.h
[51.994s] -- Installing: /home/user/cartographer_ws_docker/install/cartographer/include/cartographer/mapping/proto/hybrid_grid.pb.h
[51.994s] -- Installing: /home/user/cartographer_ws_docker/install/cartographer/include/cartographer/mapping/proto/local_trajectory_builder_options_2d.pb.h
[51.994s] -- Installing: /home/user/cartographer_ws_docker/install/cartographer/include/cartographer/mapping/proto/local_trajectory_builder_options_3d.pb.h
[51.994s] -- Installing: /home/user/cartographer_ws_docker/install/cartographer/include/cartographer/mapping/proto/map_builder_options.pb.h
[51.994s] -- Installing: /home/user/cartographer_ws_docker/install/cartographer/include/cartographer/mapping/proto/map_limits.pb.h
[51.995s] -- Installing: /home/user/cartographer_ws_docker/install/cartographer/include/cartographer/mapping/proto/motion_filter_options.pb.h
[51.995s] -- Installing: /home/user/cartographer_ws_docker/install/cartographer/include/cartographer/mapping/proto/normal_estimation_options_2d.pb.h
[51.995s] -- Installing: /home/user/cartographer_ws_docker/install/cartographer/include/cartographer/mapping/proto/pose_extrapolator_options.pb.h
[51.995s] -- Installing: /home/user/cartographer_ws_docker/install/cartographer/include/cartographer/mapping/proto/pose_graph.pb.h
[51.995s] -- Installing: /home/user/cartographer_ws_docker/install/cartographer/include/cartographer/mapping/proto/pose_graph/constraint_builder_options.pb.h
[51.995s] -- Installing: /home/user/cartographer_ws_docker/install/cartographer/include/cartographer/mapping/proto/pose_graph/optimization_problem_options.pb.h
[51.995s] -- Installing: /home/user/cartographer_ws_docker/install/cartographer/include/cartographer/mapping/proto/pose_graph_options.pb.h
[51.995s] -- Installing: /home/user/cartographer_ws_docker/install/cartographer/include/cartographer/mapping/proto/probability_grid.pb.h
[51.995s] -- Installing: /home/user/cartographer_ws_docker/install/cartographer/include/cartographer/mapping/proto/probability_grid_range_data_inserter_options_2d.pb.h
[51.995s] -- Installing: /home/user/cartographer_ws_docker/install/cartographer/include/cartographer/mapping/proto/range_data_inserter_options.pb.h
[51.995s] -- Installing: /home/user/cartographer_ws_docker/install/cartographer/include/cartographer/mapping/proto/range_data_inserter_options_3d.pb.h
[51.995s] -- Installing: /home/user/cartographer_ws_docker/install/cartographer/include/cartographer/mapping/proto/scan_matching/ceres_scan_matcher_options_2d.pb.h
[51.995s] -- Installing: /home/user/cartographer_ws_docker/install/cartographer/include/cartographer/mapping/proto/scan_matching/ceres_scan_matcher_options_3d.pb.h
[51.995s] -- Installing: /home/user/cartographer_ws_docker/install/cartographer/include/cartographer/mapping/proto/scan_matching/fast_correlative_scan_matcher_options_2d.pb.h
[51.995s] -- Installing: /home/user/cartographer_ws_docker/install/cartographer/include/cartographer/mapping/proto/scan_matching/fast_correlative_scan_matcher_options_3d.pb.h
[51.995s] -- Installing: /home/user/cartographer_ws_docker/install/cartographer/include/cartographer/mapping/proto/scan_matching/real_time_correlative_scan_matcher_options.pb.h
[51.995s] -- Installing: /home/user/cartographer_ws_docker/install/cartographer/include/cartographer/mapping/proto/serialization.pb.h
[51.995s] -- Installing: /home/user/cartographer_ws_docker/install/cartographer/include/cartographer/mapping/proto/submap.pb.h
[51.996s] -- Installing: /home/user/cartographer_ws_docker/install/cartographer/include/cartographer/mapping/proto/submap_visualization.pb.h
[51.996s] -- Installing: /home/user/cartographer_ws_docker/install/cartographer/include/cartographer/mapping/proto/submaps_options_2d.pb.h
[51.996s] -- Installing: /home/user/cartographer_ws_docker/install/cartographer/include/cartographer/mapping/proto/submaps_options_3d.pb.h
[51.996s] -- Installing: /home/user/cartographer_ws_docker/install/cartographer/include/cartographer/mapping/proto/trajectory.pb.h
[51.996s] -- Installing: /home/user/cartographer_ws_docker/install/cartographer/include/cartographer/mapping/proto/trajectory_builder_options.pb.h
[51.996s] -- Installing: /home/user/cartographer_ws_docker/install/cartographer/include/cartographer/mapping/proto/trajectory_node_data.pb.h
[51.996s] -- Installing: /home/user/cartographer_ws_docker/install/cartographer/include/cartographer/mapping/proto/tsdf_2d.pb.h
[51.996s] -- Installing: /home/user/cartographer_ws_docker/install/cartographer/include/cartographer/mapping/proto/tsdf_range_data_inserter_options_2d.pb.h
[51.996s] -- Installing: /home/user/cartographer_ws_docker/install/cartographer/include/cartographer/sensor/proto/adaptive_voxel_filter_options.pb.h
[51.996s] -- Installing: /home/user/cartographer_ws_docker/install/cartographer/include/cartographer/sensor/proto/sensor.pb.h
[51.996s] -- Installing: /home/user/cartographer_ws_docker/install/cartographer/include/cartographer/transform/proto/timestamped_transform.pb.h
[51.996s] -- Installing: /home/user/cartographer_ws_docker/install/cartographer/include/cartographer/transform/proto/transform.pb.h
[51.996s] -- Installing: /home/user/cartographer_ws_docker/install/cartographer/share/cartographer/cmake/CartographerTargets.cmake
[51.996s] -- Installing: /home/user/cartographer_ws_docker/install/cartographer/share/cartographer/cmake/CartographerTargets-release.cmake
[51.996s] -- Installing: /home/user/cartographer_ws_docker/install/cartographer/share/cartographer/cartographer-config.cmake
[51.998s] Invoked command in '/home/user/cartographer_ws_docker/build/cartographer' returned '0': CMAKE_PREFIX_PATH=${CMAKE_PREFIX_PATH}:/opt/ros/humble /usr/bin/cmake --install /home/user/cartographer_ws_docker/build/cartographer
