[0.016s] Invoking command in '/root/cartographer_ws/build/cartographer': CMAKE_PREFIX_PATH=/opt/ros/humble /usr/bin/cmake /root/cartographer_ws/src/cartographer -DCMAKE_INSTALL_PREFIX=/root/cartographer_ws/install/cartographer
[0.123s] -- The C compiler identification is GNU 11.4.0
[0.211s] -- The CXX compiler identification is GNU 11.4.0
[0.222s] -- Detecting C compiler ABI info
[0.300s] -- Detecting C compiler ABI info - done
[0.308s] -- Check for working C compiler: /usr/bin/cc - skipped
[0.313s] -- Detecting C compile features
[0.314s] -- Detecting C compile features - done
[0.318s] -- Detecting CXX compiler ABI info
[0.407s] -- Detecting CXX compiler ABI info - done
[0.415s] -- Check for working CXX compiler: /usr/bin/c++ - skipped
[0.416s] -- Detecting CXX compile features
[0.417s] -- Detecting CXX compile features - done
[0.420s] -- Build type: Release
[0.427s] Files /root/cartographer_ws/build/cartographer/AllFiles.cmake and - differ
[0.637s] -- Found Python: /usr/bin/python3.10 (found version "3.10.12") found components: Interpreter 
[0.640s] -- Looking for pthread.h
[0.730s] -- Looking for pthread.h - found
[0.730s] -- Performing Test CMAKE_HAVE_LIBC_PTHREAD
[0.811s] -- Performing Test CMAKE_HAVE_LIBC_PTHREAD - Success
[0.812s] -- Found Threads: TRUE  
[0.818s] -- Found GMock: gmock_main  
[0.847s] -- Found Boost: /usr/lib/x86_64-linux-gnu/cmake/Boost-1.74.0/BoostConfig.cmake (found version "1.74.0") found components: iostreams 
[0.866s] -- Found required Ceres dependency: Eigen version 3.4.0 in /usr/include/eigen3
[0.874s] -- Found required Ceres dependency: glog
[0.875s] -- Found required Ceres dependency: gflags
[0.875s] -- Found Ceres version: 2.0.0 installed in: /usr with components: [EigenSparse, SparseLinearAlgebraLibrary, LAPACK, SuiteSparse, CXSparse, SchurSpecializations, Multithreading]
[0.884s] -- Found Lua: /usr/lib/x86_64-linux-gnu/liblua5.2.so;/usr/lib/x86_64-linux-gnu/libm.so (found version "5.2.4") 
[0.904s] -- Found Protobuf: /usr/lib/x86_64-linux-gnu/libprotobuf.so (found suitable version "3.12.4", minimum required is "3.0.0") 
[0.911s] -- Found PkgConfig: /usr/bin/pkg-config (found version "0.29.2") 
[0.911s] -- Checking for one of the modules 'cairo>=1.12.16'
[0.990s] -- Found Sphinx: /usr/bin/sphinx-build  
[1.091s] -- Configuring done
[1.482s] -- Generating done
[1.493s] -- Build files have been written to: /root/cartographer_ws/build/cartographer
[1.507s] Invoked command in '/root/cartographer_ws/build/cartographer' returned '0': CMAKE_PREFIX_PATH=/opt/ros/humble /usr/bin/cmake /root/cartographer_ws/src/cartographer -DCMAKE_INSTALL_PREFIX=/root/cartographer_ws/install/cartographer
[1.509s] Invoking command in '/root/cartographer_ws/build/cartographer': CMAKE_PREFIX_PATH=/opt/ros/humble /usr/bin/cmake --build /root/cartographer_ws/build/cartographer -- -j8 -l8
[1.579s] [  0%] [34m[1mRunning C++ protocol buffer compiler on /root/cartographer_ws/src/cartographer/cartographer/transform/proto/transform.proto[0m
[1.579s] [  0%] [34m[1mRunning C++ protocol buffer compiler on /root/cartographer_ws/src/cartographer/cartographer/ground_truth/proto/relations.proto[0m
[1.579s] [  0%] [34m[1mRunning C++ protocol buffer compiler on /root/cartographer_ws/src/cartographer/cartographer/common/proto/ceres_solver_options.proto[0m
[1.583s] [  0%] [34m[1mRunning C++ protocol buffer compiler on /root/cartographer_ws/src/cartographer/cartographer/mapping/proto/connected_components.proto[0m
[1.587s] [  1%] [34m[1mRunning C++ protocol buffer compiler on /root/cartographer_ws/src/cartographer/cartographer/mapping/proto/cell_limits_2d.proto[0m
[1.593s] [  1%] [34m[1mBuilding documentation.[0m
[1.595s] [  2%] [32mBuilding CXX object googletest/CMakeFiles/gtest.dir/src/gtest-all.cc.o[0m
[1.604s] [  2%] [34m[1mRunning C++ protocol buffer compiler on /root/cartographer_ws/src/cartographer/cartographer/mapping/proto/grid_2d.proto[0m
[1.604s] [  2%] [34m[1mRunning C++ protocol buffer compiler on /root/cartographer_ws/src/cartographer/cartographer/mapping/proto/grid_2d_options.proto[0m
[1.609s] [  3%] [34m[1mRunning C++ protocol buffer compiler on /root/cartographer_ws/src/cartographer/cartographer/mapping/proto/hybrid_grid.proto[0m
[1.610s] [  3%] [34m[1mRunning C++ protocol buffer compiler on /root/cartographer_ws/src/cartographer/cartographer/mapping/proto/local_trajectory_builder_options_2d.proto[0m
[1.614s] [  3%] Built target cartographer_detect_changes
[1.617s] [  3%] [34m[1mRunning C++ protocol buffer compiler on /root/cartographer_ws/src/cartographer/cartographer/mapping/proto/local_trajectory_builder_options_3d.proto[0m
[1.632s] [  3%] [34m[1mRunning C++ protocol buffer compiler on /root/cartographer_ws/src/cartographer/cartographer/mapping/proto/map_builder_options.proto[0m
[1.634s] [  4%] [34m[1mRunning C++ protocol buffer compiler on /root/cartographer_ws/src/cartographer/cartographer/mapping/proto/map_limits.proto[0m
[1.638s] [  4%] [34m[1mRunning C++ protocol buffer compiler on /root/cartographer_ws/src/cartographer/cartographer/mapping/proto/motion_filter_options.proto[0m
[1.639s] [  4%] [34m[1mRunning C++ protocol buffer compiler on /root/cartographer_ws/src/cartographer/cartographer/mapping/proto/pose_extrapolator_options.proto[0m
[1.647s] [  5%] [34m[1mRunning C++ protocol buffer compiler on /root/cartographer_ws/src/cartographer/cartographer/mapping/proto/pose_graph.proto[0m
[1.650s] [  5%] [34m[1mRunning C++ protocol buffer compiler on /root/cartographer_ws/src/cartographer/cartographer/mapping/proto/normal_estimation_options_2d.proto[0m
[1.659s] [  5%] [34m[1mRunning C++ protocol buffer compiler on /root/cartographer_ws/src/cartographer/cartographer/mapping/proto/pose_graph/optimization_problem_options.proto[0m
[1.663s] [  5%] [34m[1mRunning C++ protocol buffer compiler on /root/cartographer_ws/src/cartographer/cartographer/mapping/proto/pose_graph/constraint_builder_options.proto[0m
[1.664s] [  5%] [34m[1mRunning C++ protocol buffer compiler on /root/cartographer_ws/src/cartographer/cartographer/mapping/proto/pose_graph_options.proto[0m
[1.666s] [  6%] [34m[1mRunning C++ protocol buffer compiler on /root/cartographer_ws/src/cartographer/cartographer/mapping/proto/probability_grid.proto[0m
[1.674s] [  6%] [34m[1mRunning C++ protocol buffer compiler on /root/cartographer_ws/src/cartographer/cartographer/mapping/proto/probability_grid_range_data_inserter_options_2d.proto[0m
[1.674s] [  6%] [34m[1mRunning C++ protocol buffer compiler on /root/cartographer_ws/src/cartographer/cartographer/mapping/proto/range_data_inserter_options.proto[0m
[1.685s] [  6%] [34m[1mRunning C++ protocol buffer compiler on /root/cartographer_ws/src/cartographer/cartographer/mapping/proto/range_data_inserter_options_3d.proto[0m
[1.691s] [  7%] [34m[1mRunning C++ protocol buffer compiler on /root/cartographer_ws/src/cartographer/cartographer/mapping/proto/scan_matching/ceres_scan_matcher_options_2d.proto[0m
[1.693s] [  7%] [34m[1mRunning C++ protocol buffer compiler on /root/cartographer_ws/src/cartographer/cartographer/mapping/proto/scan_matching/fast_correlative_scan_matcher_options_2d.proto[0m
[1.697s] [  7%] [34m[1mRunning C++ protocol buffer compiler on /root/cartographer_ws/src/cartographer/cartographer/mapping/proto/scan_matching/fast_correlative_scan_matcher_options_3d.proto[0m
[1.699s] [  7%] [34m[1mRunning C++ protocol buffer compiler on /root/cartographer_ws/src/cartographer/cartographer/mapping/proto/scan_matching/ceres_scan_matcher_options_3d.proto[0m
[1.709s] [  7%] [34m[1mRunning C++ protocol buffer compiler on /root/cartographer_ws/src/cartographer/cartographer/mapping/proto/serialization.proto[0m
[1.710s] [  8%] [34m[1mRunning C++ protocol buffer compiler on /root/cartographer_ws/src/cartographer/cartographer/mapping/proto/scan_matching/real_time_correlative_scan_matcher_options.proto[0m
[1.716s] [  8%] [34m[1mRunning C++ protocol buffer compiler on /root/cartographer_ws/src/cartographer/cartographer/mapping/proto/submap_visualization.proto[0m
[1.720s] [  8%] [34m[1mRunning C++ protocol buffer compiler on /root/cartographer_ws/src/cartographer/cartographer/mapping/proto/submap.proto[0m
[1.721s] [  9%] [34m[1mRunning C++ protocol buffer compiler on /root/cartographer_ws/src/cartographer/cartographer/mapping/proto/submaps_options_2d.proto[0m
[1.724s] [  9%] [34m[1mRunning C++ protocol buffer compiler on /root/cartographer_ws/src/cartographer/cartographer/mapping/proto/submaps_options_3d.proto[0m
[1.742s] [  9%] [34m[1mRunning C++ protocol buffer compiler on /root/cartographer_ws/src/cartographer/cartographer/mapping/proto/trajectory.proto[0m
[1.746s] [  9%] [34m[1mRunning C++ protocol buffer compiler on /root/cartographer_ws/src/cartographer/cartographer/mapping/proto/trajectory_builder_options.proto[0m
[1.746s] [  9%] [34m[1mRunning C++ protocol buffer compiler on /root/cartographer_ws/src/cartographer/cartographer/mapping/proto/tsdf_2d.proto[0m
[1.749s] [ 10%] [34m[1mRunning C++ protocol buffer compiler on /root/cartographer_ws/src/cartographer/cartographer/sensor/proto/adaptive_voxel_filter_options.proto[0m
[1.750s] [ 10%] [34m[1mRunning C++ protocol buffer compiler on /root/cartographer_ws/src/cartographer/cartographer/mapping/proto/tsdf_range_data_inserter_options_2d.proto[0m
[1.757s] [ 11%] [34m[1mRunning C++ protocol buffer compiler on /root/cartographer_ws/src/cartographer/cartographer/mapping/proto/trajectory_node_data.proto[0m
[1.768s] [ 11%] [34m[1mRunning C++ protocol buffer compiler on /root/cartographer_ws/src/cartographer/cartographer/sensor/proto/sensor.proto[0m
[1.772s] [ 11%] [34m[1mRunning C++ protocol buffer compiler on /root/cartographer_ws/src/cartographer/cartographer/transform/proto/timestamped_transform.proto[0m
[1.922s] [ 12%] [32mBuilding CXX object CMakeFiles/cartographer.dir/cartographer/common/histogram.cc.o[0m
[1.922s] [ 12%] [32mBuilding CXX object CMakeFiles/cartographer.dir/cartographer/common/fixed_ratio_sampler.cc.o[0m
[1.923s] [ 12%] [32mBuilding CXX object CMakeFiles/cartographer.dir/cartographer/common/configuration_file_resolver.cc.o[0m
[1.923s] [ 12%] [32mBuilding CXX object CMakeFiles/cartographer.dir/cartographer/common/internal/ceres_solver_options.cc.o[0m
[1.925s] [ 13%] [32mBuilding CXX object CMakeFiles/cartographer.dir/cartographer/common/internal/testing/thread_pool_for_testing.cc.o[0m
[1.925s] [ 13%] [32mBuilding CXX object CMakeFiles/cartographer.dir/cartographer/common/lua_parameter_dictionary.cc.o[0m
[2.561s] [01mRunning Sphinx v4.3.2[39;49;00m
[3.175s] [01mmaking output directory... [39;49;00mdone
[3.199s] [01mbuilding [mo]: [39;49;00mtargets for 0 po files that are out of date
[3.206s] [01mbuilding [html]: [39;49;00mtargets for 6 source files that are out of date
[3.208s] [01mupdating environment: [39;49;00m[new config] 6 added, 0 changed, 0 removed
[3.542s] [01mreading sources... [39;49;00m[ 16%] [35mconfiguration[39;49;00m                                        
[3.578s] [01mreading sources... [39;49;00m[ 33%] [35mcost_functions[39;49;00m                                       
[3.620s] [01mreading sources... [39;49;00m[ 50%] [35mevaluation[39;49;00m                                           
[3.673s] [01mreading sources... [39;49;00m[ 66%] [35mindex[39;49;00m                                                
[3.689s] [01mreading sources... [39;49;00m[ 83%] [35mpbstream_migration[39;49;00m                                   
[3.714s] [01mreading sources... [39;49;00m[100%] [35mterminology[39;49;00m                                          
[3.715s] 
[3.715s] [01mlooking for now-outdated files... [39;49;00mnone found
[3.718s] [01mpickling environment... [39;49;00mdone
[3.718s] [01mchecking consistency... [39;49;00mdone
[3.721s] [01mpreparing documents... [39;49;00mdone
[3.981s] [01mwriting output... [39;49;00m[ 16%] [32mconfiguration[39;49;00m                                         
[4.015s] [01mwriting output... [39;49;00m[ 33%] [32mcost_functions[39;49;00m                                        
[4.126s] [01mwriting output... [39;49;00m[ 50%] [32mevaluation[39;49;00m                                            
[4.164s] [01mwriting output... [39;49;00m[ 66%] [32mindex[39;49;00m                                                 
[4.257s] [01mwriting output... [39;49;00m[ 83%] [32mpbstream_migration[39;49;00m                                    
[4.285s] [01mwriting output... [39;49;00m[100%] [32mterminology[39;49;00m                                           
[4.285s] 
[4.343s] [01mgenerating indices... [39;49;00mgenindex done
[4.378s] [01mwriting additional pages... [39;49;00msearch done
[4.378s] [01mcopying images... [39;49;00m[ 50%] [33mautogenerate_groundtruth.png[39;49;00m                          
[4.379s] [01mcopying images... [39;49;00m[100%] [33mhigh_level_system_overview.png[39;49;00m                        
[4.379s] 
[4.472s] [01mcopying static files... [39;49;00mdone
[4.472s] [01mcopying extra files... [39;49;00mdone
[4.477s] [01mdumping search index in English (code: en)... [39;49;00mdone
[4.479s] [01mdumping object inventory... [39;49;00mdone
[4.479s] [01mbuild succeeded.[39;49;00m
[4.480s] 
[4.480s] The HTML pages are in html.
[4.737s] [ 13%] Built target build_doc
[4.792s] [ 13%] [32mBuilding CXX object CMakeFiles/cartographer.dir/cartographer/common/task.cc.o[0m
[5.374s] [ 13%] [32mBuilding CXX object CMakeFiles/cartographer.dir/cartographer/common/thread_pool.cc.o[0m
[5.636s] [ 14%] [32mBuilding CXX object CMakeFiles/cartographer.dir/cartographer/common/time.cc.o[0m
[6.009s] [ 14%] [32mBuilding CXX object CMakeFiles/cartographer.dir/cartographer/ground_truth/autogenerate_ground_truth.cc.o[0m
[6.888s] [ 14%] [32mBuilding CXX object CMakeFiles/cartographer.dir/cartographer/ground_truth/relations_text_file.cc.o[0m
[7.132s] [ 14%] [32mBuilding CXX object CMakeFiles/cartographer.dir/cartographer/io/color.cc.o[0m
[7.931s] [ 15%] [32mBuilding CXX object CMakeFiles/cartographer.dir/cartographer/io/coloring_points_processor.cc.o[0m
[8.972s] [ 15%] [32mBuilding CXX object CMakeFiles/cartographer.dir/cartographer/io/counting_points_processor.cc.o[0m
[9.293s] [ 15%] [32mBuilding CXX object CMakeFiles/cartographer.dir/cartographer/io/draw_trajectories.cc.o[0m
[9.910s] [ 15%] [32mBuilding CXX object CMakeFiles/cartographer.dir/cartographer/io/file_writer.cc.o[0m
[13.404s] [ 16%] [32mBuilding CXX object CMakeFiles/cartographer.dir/cartographer/io/fixed_ratio_sampling_points_processor.cc.o[0m
[14.629s] [ 16%] [32mBuilding CXX object CMakeFiles/cartographer.dir/cartographer/io/frame_id_filtering_points_processor.cc.o[0m
[15.449s] [ 16%] [32mBuilding CXX object CMakeFiles/cartographer.dir/cartographer/io/hybrid_grid_points_processor.cc.o[0m
[16.532s] [ 16%] [32mBuilding CXX object CMakeFiles/cartographer.dir/cartographer/io/image.cc.o[0m
[16.976s] [ 17%] [32mBuilding CXX object CMakeFiles/cartographer.dir/cartographer/io/intensity_to_color_points_processor.cc.o[0m
[22.307s] [ 17%] [32mBuilding CXX object CMakeFiles/cartographer.dir/cartographer/io/internal/in_memory_proto_stream.cc.o[0m
[23.544s] [ 17%] [32mBuilding CXX object CMakeFiles/cartographer.dir/cartographer/io/internal/mapping_state_serialization.cc.o[0m
[26.098s] [ 17%] [32mBuilding CXX object CMakeFiles/cartographer.dir/cartographer/io/internal/pbstream_info.cc.o[0m
[30.582s] [ 18%] [32mBuilding CXX object CMakeFiles/cartographer.dir/cartographer/io/internal/pbstream_migrate.cc.o[0m
[32.877s] [ 18%] [32mBuilding CXX object CMakeFiles/cartographer.dir/cartographer/io/min_max_range_filtering_points_processor.cc.o[0m
[33.364s] [ 18%] [32mBuilding CXX object CMakeFiles/cartographer.dir/cartographer/io/outlier_removing_points_processor.cc.o[0m
[33.741s] [ 18%] [32mBuilding CXX object CMakeFiles/cartographer.dir/cartographer/io/pcd_writing_points_processor.cc.o[0m
[34.322s] [ 19%] [32mBuilding CXX object CMakeFiles/cartographer.dir/cartographer/io/ply_writing_points_processor.cc.o[0m
[39.880s] [ 19%] [32m[1mLinking CXX static library ../lib/libgtest.a[0m
[39.901s] [ 19%] [32mBuilding CXX object CMakeFiles/cartographer.dir/cartographer/io/points_batch.cc.o[0m
[40.249s] [ 19%] Built target gtest
[40.337s] [ 19%] [32mBuilding CXX object CMakeFiles/cartographer.dir/cartographer/io/points_processor_pipeline_builder.cc.o[0m
[41.597s] [ 19%] [32mBuilding CXX object CMakeFiles/cartographer.dir/cartographer/io/probability_grid_points_processor.cc.o[0m
[44.344s] [ 20%] [32mBuilding CXX object CMakeFiles/cartographer.dir/cartographer/io/proto_stream.cc.o[0m
[46.512s] [ 20%] [32mBuilding CXX object CMakeFiles/cartographer.dir/cartographer/io/proto_stream_deserializer.cc.o[0m
[46.779s] [ 20%] [32mBuilding CXX object CMakeFiles/cartographer.dir/cartographer/io/serialization_format_migration.cc.o[0m
[46.976s] [ 21%] [32mBuilding CXX object CMakeFiles/cartographer.dir/cartographer/io/submap_painter.cc.o[0m
[48.272s] [ 21%] [32mBuilding CXX object CMakeFiles/cartographer.dir/cartographer/io/vertical_range_filtering_points_processor.cc.o[0m
[50.152s] [ 21%] [32mBuilding CXX object CMakeFiles/cartographer.dir/cartographer/io/xray_points_processor.cc.o[0m
[51.996s] [ 21%] [32mBuilding CXX object CMakeFiles/cartographer.dir/cartographer/io/xyz_writing_points_processor.cc.o[0m
[58.377s] [ 21%] [32mBuilding CXX object CMakeFiles/cartographer.dir/cartographer/mapping/2d/submap_2d.cc.o[0m
[59.400s] [ 21%] [32mBuilding CXX object CMakeFiles/cartographer.dir/cartographer/mapping/2d/probability_grid_range_data_inserter_2d.cc.o[0m
[59.750s] [ 21%] [32mBuilding CXX object CMakeFiles/cartographer.dir/cartographer/mapping/2d/probability_grid.cc.o[0m
[59.770s] [ 22%] [32mBuilding CXX object gmock/CMakeFiles/gmock.dir/src/gmock-all.cc.o[0m
[60.800s] [ 23%] [32mBuilding CXX object CMakeFiles/cartographer.dir/cartographer/mapping/2d/grid_2d.cc.o[0m
[61.889s] [ 24%] [32mBuilding CXX object CMakeFiles/cartographer.dir/cartographer/mapping/3d/range_data_inserter_3d.cc.o[0m
[63.606s] [ 24%] [32mBuilding CXX object CMakeFiles/cartographer.dir/cartographer/mapping/3d/submap_3d.cc.o[0m
[64.178s] [ 24%] [32mBuilding CXX object CMakeFiles/cartographer.dir/cartographer/mapping/detect_floors.cc.o[0m
[68.213s] [ 24%] [32m[1mLinking CXX static library ../lib/libgmock.a[0m
[68.410s] [ 24%] Built target gmock
[72.984s] [ 25%] [32mBuilding CXX object CMakeFiles/cartographer.dir/cartographer/mapping/internal/2d/normal_estimation_2d.cc.o[0m
[72.984s] [ 25%] [32mBuilding CXX object CMakeFiles/cartographer.dir/cartographer/mapping/internal/2d/overlapping_submaps_trimmer_2d.cc.o[0m
[74.003s] [ 25%] [32mBuilding CXX object CMakeFiles/cartographer.dir/cartographer/mapping/internal/2d/local_trajectory_builder_options_2d.cc.o[0m
[75.023s] [ 25%] [32mBuilding CXX object CMakeFiles/cartographer.dir/cartographer/mapping/internal/2d/local_trajectory_builder_2d.cc.o[0m
[75.759s] [ 25%] [32mBuilding CXX object CMakeFiles/cartographer.dir/cartographer/mapping/imu_tracker.cc.o[0m
[75.764s] [ 26%] [32mBuilding CXX object CMakeFiles/cartographer.dir/cartographer/mapping/internal/2d/local_slam_result_2d.cc.o[0m
[76.786s] [ 26%] [32mBuilding CXX object CMakeFiles/cartographer.dir/cartographer/mapping/internal/2d/pose_graph_2d.cc.o[0m
[77.918s] [ 26%] [32mBuilding CXX object CMakeFiles/cartographer.dir/cartographer/mapping/internal/2d/ray_to_pixel_mask.cc.o[0m
[81.011s] [ 26%] [32mBuilding CXX object CMakeFiles/cartographer.dir/cartographer/mapping/internal/2d/scan_matching/ceres_scan_matcher_2d.cc.o[0m
[81.101s] [ 27%] [32mBuilding CXX object CMakeFiles/cartographer.dir/cartographer/mapping/internal/2d/scan_matching/correlative_scan_matcher_2d.cc.o[0m
[83.427s] [ 27%] [32mBuilding CXX object CMakeFiles/cartographer.dir/cartographer/mapping/internal/2d/scan_matching/fast_correlative_scan_matcher_2d.cc.o[0m
[84.907s] [ 27%] [32mBuilding CXX object CMakeFiles/cartographer.dir/cartographer/mapping/internal/2d/scan_matching/occupied_space_cost_function_2d.cc.o[0m
[87.239s] [ 27%] [32mBuilding CXX object CMakeFiles/cartographer.dir/cartographer/mapping/internal/2d/scan_matching/real_time_correlative_scan_matcher_2d.cc.o[0m
[87.319s] [ 28%] [32mBuilding CXX object CMakeFiles/cartographer.dir/cartographer/mapping/internal/2d/scan_matching/tsdf_match_cost_function_2d.cc.o[0m
[88.383s] [ 28%] [32mBuilding CXX object CMakeFiles/cartographer.dir/cartographer/mapping/internal/2d/tsd_value_converter.cc.o[0m
[90.367s] [ 28%] [32mBuilding CXX object CMakeFiles/cartographer.dir/cartographer/mapping/internal/2d/tsdf_2d.cc.o[0m
[92.741s] [ 28%] [32mBuilding CXX object CMakeFiles/cartographer.dir/cartographer/mapping/internal/2d/tsdf_range_data_inserter_2d.cc.o[0m
[93.281s] [ 29%] [32mBuilding CXX object CMakeFiles/cartographer.dir/cartographer/mapping/internal/3d/local_slam_result_3d.cc.o[0m
[94.012s] [ 29%] [32mBuilding CXX object CMakeFiles/cartographer.dir/cartographer/mapping/internal/3d/local_trajectory_builder_3d.cc.o[0m
[97.419s] [ 29%] [32mBuilding CXX object CMakeFiles/cartographer.dir/cartographer/mapping/internal/3d/local_trajectory_builder_options_3d.cc.o[0m
[97.698s] [ 29%] [32mBuilding CXX object CMakeFiles/cartographer.dir/cartographer/mapping/internal/3d/pose_graph_3d.cc.o[0m
[100.703s] [ 30%] [32mBuilding CXX object CMakeFiles/cartographer.dir/cartographer/mapping/internal/3d/scan_matching/ceres_scan_matcher_3d.cc.o[0m
[102.126s] [ 30%] [32mBuilding CXX object CMakeFiles/cartographer.dir/cartographer/mapping/internal/3d/scan_matching/fast_correlative_scan_matcher_3d.cc.o[0m
[102.243s] [ 30%] [32mBuilding CXX object CMakeFiles/cartographer.dir/cartographer/mapping/internal/3d/scan_matching/intensity_cost_function_3d.cc.o[0m
[104.072s] [ 30%] [32mBuilding CXX object CMakeFiles/cartographer.dir/cartographer/mapping/internal/3d/scan_matching/low_resolution_matcher.cc.o[0m
[106.107s] [ 31%] [32mBuilding CXX object CMakeFiles/cartographer.dir/cartographer/mapping/internal/3d/scan_matching/precomputation_grid_3d.cc.o[0m
[108.285s] [ 31%] [32mBuilding CXX object CMakeFiles/cartographer.dir/cartographer/mapping/internal/3d/scan_matching/real_time_correlative_scan_matcher_3d.cc.o[0m
[109.833s] [ 31%] [32mBuilding CXX object CMakeFiles/cartographer.dir/cartographer/mapping/internal/3d/scan_matching/rotational_scan_matcher.cc.o[0m
[113.903s] [ 32%] [32mBuilding CXX object CMakeFiles/cartographer.dir/cartographer/mapping/internal/collated_trajectory_builder.cc.o[0m
[114.315s] [ 32%] [32mBuilding CXX object CMakeFiles/cartographer.dir/cartographer/mapping/internal/connected_components.cc.o[0m
[114.938s] [ 32%] [32mBuilding CXX object CMakeFiles/cartographer.dir/cartographer/mapping/internal/constraints/constraint_builder.cc.o[0m
[115.442s] [ 32%] [32mBuilding CXX object CMakeFiles/cartographer.dir/cartographer/mapping/internal/constraints/constraint_builder_2d.cc.o[0m
[116.912s] [ 33%] [32mBuilding CXX object CMakeFiles/cartographer.dir/cartographer/mapping/internal/constraints/constraint_builder_3d.cc.o[0m
[117.441s] [ 33%] [32mBuilding CXX object CMakeFiles/cartographer.dir/cartographer/mapping/internal/eigen_quaterniond_from_two_vectors.cc.o[0m
[119.163s] [ 33%] [32mBuilding CXX object CMakeFiles/cartographer.dir/cartographer/mapping/internal/global_trajectory_builder.cc.o[0m
[122.245s] [ 33%] [32mBuilding CXX object CMakeFiles/cartographer.dir/cartographer/mapping/internal/imu_based_pose_extrapolator.cc.o[0m
[124.221s] [ 34%] [32mBuilding CXX object CMakeFiles/cartographer.dir/cartographer/mapping/internal/motion_filter.cc.o[0m
[124.758s] [ 34%] [32mBuilding CXX object CMakeFiles/cartographer.dir/cartographer/mapping/internal/optimization/ceres_pose.cc.o[0m
[127.446s] [ 34%] [32mBuilding CXX object CMakeFiles/cartographer.dir/cartographer/mapping/internal/optimization/cost_functions/spa_cost_function_2d.cc.o[0m
[128.768s] [ 34%] [32mBuilding CXX object CMakeFiles/cartographer.dir/cartographer/mapping/internal/optimization/optimization_problem_2d.cc.o[0m
[130.487s] [ 35%] [32mBuilding CXX object CMakeFiles/cartographer.dir/cartographer/mapping/internal/optimization/optimization_problem_3d.cc.o[0m
[131.496s] [ 35%] [32mBuilding CXX object CMakeFiles/cartographer.dir/cartographer/mapping/internal/optimization/optimization_problem_options.cc.o[0m
[132.319s] [ 35%] [32mBuilding CXX object CMakeFiles/cartographer.dir/cartographer/mapping/internal/range_data_collator.cc.o[0m
[132.934s] [ 35%] [32mBuilding CXX object CMakeFiles/cartographer.dir/cartographer/mapping/internal/scan_matching/real_time_correlative_scan_matcher.cc.o[0m
[133.645s] [ 36%] [32mBuilding CXX object CMakeFiles/cartographer.dir/cartographer/mapping/internal/submap_controller.cc.o[0m
[137.102s] [ 36%] [32mBuilding CXX object CMakeFiles/cartographer.dir/cartographer/mapping/internal/trajectory_connectivity_state.cc.o[0m
[137.891s] [ 36%] [32mBuilding CXX object CMakeFiles/cartographer.dir/cartographer/mapping/map_builder.cc.o[0m
[139.986s] [ 36%] [32mBuilding CXX object CMakeFiles/cartographer.dir/cartographer/mapping/map_builder_interface.cc.o[0m
[141.831s] [ 37%] [32mBuilding CXX object CMakeFiles/cartographer.dir/cartographer/mapping/pose_extrapolator.cc.o[0m
[145.658s] [ 37%] [32mBuilding CXX object CMakeFiles/cartographer.dir/cartographer/mapping/pose_extrapolator_interface.cc.o[0m
[147.711s] [ 37%] [32mBuilding CXX object CMakeFiles/cartographer.dir/cartographer/mapping/pose_graph.cc.o[0m
[147.732s] [ 37%] [32mBuilding CXX object CMakeFiles/cartographer.dir/cartographer/mapping/pose_graph_trimmer.cc.o[0m
[149.120s] [ 38%] [32mBuilding CXX object CMakeFiles/cartographer.dir/cartographer/mapping/probability_values.cc.o[0m
[150.680s] [ 38%] [32mBuilding CXX object CMakeFiles/cartographer.dir/cartographer/mapping/range_data_inserter_interface.cc.o[0m
[151.871s] [ 38%] [32mBuilding CXX object CMakeFiles/cartographer.dir/cartographer/mapping/trajectory_builder_interface.cc.o[0m
[152.852s] [ 38%] [32mBuilding CXX object CMakeFiles/cartographer.dir/cartographer/mapping/trajectory_node.cc.o[0m
[153.013s] [ 39%] [32mBuilding CXX object CMakeFiles/cartographer.dir/cartographer/mapping/value_conversion_tables.cc.o[0m
[154.874s] [ 39%] [32mBuilding CXX object CMakeFiles/cartographer.dir/cartographer/metrics/counter.cc.o[0m
[155.233s] [ 39%] [32mBuilding CXX object CMakeFiles/cartographer.dir/cartographer/metrics/gauge.cc.o[0m
[155.566s] [ 39%] [32mBuilding CXX object CMakeFiles/cartographer.dir/cartographer/metrics/histogram.cc.o[0m
[155.592s] [ 40%] [32mBuilding CXX object CMakeFiles/cartographer.dir/cartographer/metrics/register.cc.o[0m
[156.249s] [ 40%] [32mBuilding CXX object CMakeFiles/cartographer.dir/cartographer/sensor/compressed_point_cloud.cc.o[0m
[158.026s] [ 40%] [32mBuilding CXX object CMakeFiles/cartographer.dir/cartographer/sensor/fixed_frame_pose_data.cc.o[0m
[158.182s] [ 40%] [32mBuilding CXX object CMakeFiles/cartographer.dir/cartographer/sensor/imu_data.cc.o[0m
[159.997s] [ 41%] [32mBuilding CXX object CMakeFiles/cartographer.dir/cartographer/sensor/internal/collator.cc.o[0m
[160.746s] [ 41%] [32mBuilding CXX object CMakeFiles/cartographer.dir/cartographer/sensor/internal/ordered_multi_queue.cc.o[0m
[163.418s] [ 41%] [32mBuilding CXX object CMakeFiles/cartographer.dir/cartographer/sensor/internal/trajectory_collator.cc.o[0m
[163.683s] [ 42%] [32mBuilding CXX object CMakeFiles/cartographer.dir/cartographer/sensor/internal/voxel_filter.cc.o[0m
[164.843s] [ 42%] [32mBuilding CXX object CMakeFiles/cartographer.dir/cartographer/sensor/landmark_data.cc.o[0m
[165.024s] [ 42%] [32mBuilding CXX object CMakeFiles/cartographer.dir/cartographer/sensor/odometry_data.cc.o[0m
[166.897s] [ 42%] [32mBuilding CXX object CMakeFiles/cartographer.dir/cartographer/sensor/point_cloud.cc.o[0m
[169.252s] [ 43%] [32mBuilding CXX object CMakeFiles/cartographer.dir/cartographer/sensor/range_data.cc.o[0m
[169.747s] [ 43%] [32mBuilding CXX object CMakeFiles/cartographer.dir/cartographer/sensor/timed_point_cloud_data.cc.o[0m
[169.957s] [ 43%] [32mBuilding CXX object CMakeFiles/cartographer.dir/cartographer/transform/rigid_transform.cc.o[0m
[171.791s] [ 43%] [32mBuilding CXX object CMakeFiles/cartographer.dir/cartographer/transform/timestamped_transform.cc.o[0m
[173.026s] [ 44%] [32mBuilding CXX object CMakeFiles/cartographer.dir/cartographer/transform/transform.cc.o[0m
[174.094s] [ 44%] [32mBuilding CXX object CMakeFiles/cartographer.dir/cartographer/transform/transform_interpolation_buffer.cc.o[0m
[174.167s] [ 44%] [32mBuilding CXX object CMakeFiles/cartographer.dir/cartographer/common/proto/ceres_solver_options.pb.cc.o[0m
[174.544s] [ 44%] [32mBuilding CXX object CMakeFiles/cartographer.dir/cartographer/ground_truth/proto/relations.pb.cc.o[0m
[176.519s] [ 45%] [32mBuilding CXX object CMakeFiles/cartographer.dir/cartographer/mapping/proto/cell_limits_2d.pb.cc.o[0m
[176.856s] [ 45%] [32mBuilding CXX object CMakeFiles/cartographer.dir/cartographer/mapping/proto/connected_components.pb.cc.o[0m
[176.987s] [ 45%] [32mBuilding CXX object CMakeFiles/cartographer.dir/cartographer/mapping/proto/grid_2d.pb.cc.o[0m
[177.372s] [ 45%] [32mBuilding CXX object CMakeFiles/cartographer.dir/cartographer/mapping/proto/grid_2d_options.pb.cc.o[0m
[178.773s] [ 46%] [32mBuilding CXX object CMakeFiles/cartographer.dir/cartographer/mapping/proto/hybrid_grid.pb.cc.o[0m
[178.859s] [ 46%] [32mBuilding CXX object CMakeFiles/cartographer.dir/cartographer/mapping/proto/local_trajectory_builder_options_2d.pb.cc.o[0m
[178.933s] [ 46%] [32mBuilding CXX object CMakeFiles/cartographer.dir/cartographer/mapping/proto/local_trajectory_builder_options_3d.pb.cc.o[0m
[179.530s] [ 46%] [32mBuilding CXX object CMakeFiles/cartographer.dir/cartographer/mapping/proto/map_builder_options.pb.cc.o[0m
[179.676s] [ 47%] [32mBuilding CXX object CMakeFiles/cartographer.dir/cartographer/mapping/proto/map_limits.pb.cc.o[0m
[179.972s] [ 47%] [32mBuilding CXX object CMakeFiles/cartographer.dir/cartographer/mapping/proto/motion_filter_options.pb.cc.o[0m
[180.028s] [ 47%] [32mBuilding CXX object CMakeFiles/cartographer.dir/cartographer/mapping/proto/normal_estimation_options_2d.pb.cc.o[0m
[181.282s] [ 47%] [32mBuilding CXX object CMakeFiles/cartographer.dir/cartographer/mapping/proto/pose_extrapolator_options.pb.cc.o[0m
[181.651s] [ 48%] [32mBuilding CXX object CMakeFiles/cartographer.dir/cartographer/mapping/proto/pose_graph.pb.cc.o[0m
[181.951s] [ 48%] [32mBuilding CXX object CMakeFiles/cartographer.dir/cartographer/mapping/proto/pose_graph/constraint_builder_options.pb.cc.o[0m
[182.030s] [ 48%] [32mBuilding CXX object CMakeFiles/cartographer.dir/cartographer/mapping/proto/pose_graph/optimization_problem_options.pb.cc.o[0m
[182.090s] [ 48%] [32mBuilding CXX object CMakeFiles/cartographer.dir/cartographer/mapping/proto/pose_graph_options.pb.cc.o[0m
[182.264s] [ 49%] [32mBuilding CXX object CMakeFiles/cartographer.dir/cartographer/mapping/proto/probability_grid.pb.cc.o[0m
[182.374s] [ 49%] [32mBuilding CXX object CMakeFiles/cartographer.dir/cartographer/mapping/proto/probability_grid_range_data_inserter_options_2d.pb.cc.o[0m
[184.153s] [ 49%] [32mBuilding CXX object CMakeFiles/cartographer.dir/cartographer/mapping/proto/range_data_inserter_options.pb.cc.o[0m
[184.182s] [ 49%] [32mBuilding CXX object CMakeFiles/cartographer.dir/cartographer/mapping/proto/range_data_inserter_options_3d.pb.cc.o[0m
[184.322s] [ 50%] [32mBuilding CXX object CMakeFiles/cartographer.dir/cartographer/mapping/proto/scan_matching/ceres_scan_matcher_options_2d.pb.cc.o[0m
[184.643s] [ 50%] [32mBuilding CXX object CMakeFiles/cartographer.dir/cartographer/mapping/proto/scan_matching/ceres_scan_matcher_options_3d.pb.cc.o[0m
[184.644s] [ 50%] [32mBuilding CXX object CMakeFiles/cartographer.dir/cartographer/mapping/proto/scan_matching/fast_correlative_scan_matcher_options_2d.pb.cc.o[0m
[185.109s] [ 50%] [32mBuilding CXX object CMakeFiles/cartographer.dir/cartographer/mapping/proto/scan_matching/fast_correlative_scan_matcher_options_3d.pb.cc.o[0m
[185.496s] [ 51%] [32mBuilding CXX object CMakeFiles/cartographer.dir/cartographer/mapping/proto/scan_matching/real_time_correlative_scan_matcher_options.pb.cc.o[0m
[186.407s] [ 51%] [32mBuilding CXX object CMakeFiles/cartographer.dir/cartographer/mapping/proto/serialization.pb.cc.o[0m
[186.550s] [ 51%] [32mBuilding CXX object CMakeFiles/cartographer.dir/cartographer/mapping/proto/submap.pb.cc.o[0m
[186.671s] [ 52%] [32mBuilding CXX object CMakeFiles/cartographer.dir/cartographer/mapping/proto/submap_visualization.pb.cc.o[0m
[186.703s] [ 52%] [32mBuilding CXX object CMakeFiles/cartographer.dir/cartographer/mapping/proto/submaps_options_2d.pb.cc.o[0m
[187.495s] [ 52%] [32mBuilding CXX object CMakeFiles/cartographer.dir/cartographer/mapping/proto/submaps_options_3d.pb.cc.o[0m
[187.562s] [ 52%] [32mBuilding CXX object CMakeFiles/cartographer.dir/cartographer/mapping/proto/trajectory.pb.cc.o[0m
[187.869s] [ 53%] [32mBuilding CXX object CMakeFiles/cartographer.dir/cartographer/mapping/proto/trajectory_builder_options.pb.cc.o[0m
[189.124s] [ 53%] [32mBuilding CXX object CMakeFiles/cartographer.dir/cartographer/mapping/proto/trajectory_node_data.pb.cc.o[0m
[189.221s] [ 53%] [32mBuilding CXX object CMakeFiles/cartographer.dir/cartographer/mapping/proto/tsdf_2d.pb.cc.o[0m
[189.963s] [ 53%] [32mBuilding CXX object CMakeFiles/cartographer.dir/cartographer/mapping/proto/tsdf_range_data_inserter_options_2d.pb.cc.o[0m
[190.844s] [ 54%] [32mBuilding CXX object CMakeFiles/cartographer.dir/cartographer/sensor/proto/adaptive_voxel_filter_options.pb.cc.o[0m
[191.051s] [ 54%] [32mBuilding CXX object CMakeFiles/cartographer.dir/cartographer/sensor/proto/sensor.pb.cc.o[0m
[191.101s] [ 54%] [32mBuilding CXX object CMakeFiles/cartographer.dir/cartographer/transform/proto/timestamped_transform.pb.cc.o[0m
[191.668s] [ 54%] [32mBuilding CXX object CMakeFiles/cartographer.dir/cartographer/transform/proto/transform.pb.cc.o[0m
[194.510s] [ 55%] [32m[1mLinking CXX static library libcartographer.a[0m
[194.698s] [ 55%] Built target cartographer
[194.729s] [ 55%] [32mBuilding CXX object CMakeFiles/cartographer_autogenerate_ground_truth.dir/cartographer/ground_truth/autogenerate_ground_truth_main.cc.o[0m
[194.729s] [ 55%] [32mBuilding CXX object gmock/CMakeFiles/gmock_main.dir/src/gmock_main.cc.o[0m
[194.730s] [ 55%] [32mBuilding CXX object CMakeFiles/cartographer_pbstream.dir/cartographer/io/pbstream_main.cc.o[0m
[194.730s] [ 55%] [32mBuilding CXX object CMakeFiles/cartographer_compute_relations_metrics.dir/cartographer/ground_truth/compute_relations_metrics_main.cc.o[0m
[194.730s] [ 55%] [32mBuilding CXX object CMakeFiles/cartographer_test_library.dir/cartographer/io/fake_file_writer.cc.o[0m
[194.731s] [ 55%] [32mBuilding CXX object CMakeFiles/cartographer_print_configuration.dir/cartographer/common/print_configuration_main.cc.o[0m
[194.731s] [ 56%] [32mBuilding CXX object CMakeFiles/cartographer_test_library.dir/cartographer/io/fake_file_writer_test.cc.o[0m
[194.732s] [ 56%] [32mBuilding CXX object CMakeFiles/cartographer_test_library.dir/cartographer/io/internal/testing/test_helpers.cc.o[0m
[197.464s] [ 57%] [32m[1mLinking CXX executable cartographer_pbstream[0m
[197.595s] [ 57%] [32m[1mLinking CXX static library ../lib/libgmock_main.a[0m
[197.685s] [ 57%] Built target gmock_main
[197.708s] [ 57%] [32mBuilding CXX object CMakeFiles/cartographer_test_library.dir/cartographer/mapping/internal/testing/test_helpers.cc.o[0m
[198.283s] [ 57%] Built target cartographer_pbstream
[199.108s] [ 57%] [32m[1mLinking CXX executable cartographer_print_configuration[0m
[199.374s] [ 57%] Built target cartographer_print_configuration
[201.150s] [ 58%] [32m[1mLinking CXX executable cartographer_autogenerate_ground_truth[0m
[201.424s] [ 58%] Built target cartographer_autogenerate_ground_truth
[201.900s] [ 58%] [32m[1mLinking CXX executable cartographer_compute_relations_metrics[0m
[202.144s] [ 58%] Built target cartographer_compute_relations_metrics
[203.673s] [ 58%] [32m[1mLinking CXX static library libcartographer_test_library.a[0m
[203.711s] [ 58%] Built target cartographer_test_library
[203.740s] [ 58%] [32mBuilding CXX object CMakeFiles/cartographer.common.fixed_ratio_sampler_test.dir/cartographer/common/fixed_ratio_sampler_test.cc.o[0m
[203.741s] [ 58%] [32mBuilding CXX object CMakeFiles/cartographer.common.internal.blocking_queue_test.dir/cartographer/common/internal/blocking_queue_test.cc.o[0m
[203.743s] [ 58%] [32mBuilding CXX object CMakeFiles/cartographer.common.configuration_files_test.dir/cartographer/common/configuration_files_test.cc.o[0m
[203.745s] [ 58%] [32mBuilding CXX object CMakeFiles/cartographer.common.lua_parameter_dictionary_test.dir/cartographer/common/lua_parameter_dictionary_test.cc.o[0m
[203.745s] [ 58%] [32mBuilding CXX object CMakeFiles/cartographer.common.math_test.dir/cartographer/common/math_test.cc.o[0m
[203.745s] [ 58%] [32mBuilding CXX object CMakeFiles/cartographer.common.task_test.dir/cartographer/common/task_test.cc.o[0m
[203.745s] [ 58%] [32mBuilding CXX object CMakeFiles/cartographer.common.internal.rate_timer_test.dir/cartographer/common/internal/rate_timer_test.cc.o[0m
[204.777s] [ 58%] [32mBuilding CXX object CMakeFiles/cartographer.common.thread_pool_test.dir/cartographer/common/thread_pool_test.cc.o[0m
[208.966s] [ 59%] [32m[1mLinking CXX executable cartographer.common.fixed_ratio_sampler_test[0m
[209.487s] [ 59%] Built target cartographer.common.fixed_ratio_sampler_test
[209.593s] [ 59%] [32mBuilding CXX object CMakeFiles/cartographer.io.fake_file_writer_test.dir/cartographer/io/fake_file_writer_test.cc.o[0m
[211.249s] [ 60%] [32m[1mLinking CXX executable cartographer.common.thread_pool_test[0m
[211.651s] [ 61%] [32m[1mLinking CXX executable cartographer.common.math_test[0m
[211.714s] [ 61%] Built target cartographer.common.thread_pool_test
[211.763s] [ 61%] [32mBuilding CXX object CMakeFiles/cartographer.io.internal.in_memory_proto_stream_test.dir/cartographer/io/internal/in_memory_proto_stream_test.cc.o[0m
[211.818s] [ 62%] [32m[1mLinking CXX executable cartographer.common.internal.rate_timer_test[0m
[211.965s] [ 62%] Built target cartographer.common.math_test
[212.016s] [ 62%] [32mBuilding CXX object CMakeFiles/cartographer.io.points_processor_pipeline_builder_test.dir/cartographer/io/points_processor_pipeline_builder_test.cc.o[0m
[212.137s] [ 62%] [32m[1mLinking CXX executable cartographer.common.internal.blocking_queue_test[0m
[212.144s] [ 62%] Built target cartographer.common.internal.rate_timer_test
[212.195s] [ 62%] [32mBuilding CXX object CMakeFiles/cartographer.io.probability_grid_points_processor_test.dir/cartographer/io/probability_grid_points_processor_test.cc.o[0m
[212.482s] [ 62%] Built target cartographer.common.internal.blocking_queue_test
[212.533s] [ 62%] [32mBuilding CXX object CMakeFiles/cartographer.io.proto_stream_deserializer_test.dir/cartographer/io/proto_stream_deserializer_test.cc.o[0m
[212.930s] [ 62%] [32m[1mLinking CXX executable cartographer.common.task_test[0m
[213.285s] [ 62%] Built target cartographer.common.task_test
[213.333s] [ 63%] [32mBuilding CXX object CMakeFiles/cartographer.io.proto_stream_test.dir/cartographer/io/proto_stream_test.cc.o[0m
[213.686s] [ 63%] [32m[1mLinking CXX executable cartographer.common.lua_parameter_dictionary_test[0m
[213.983s] [ 63%] [32m[1mLinking CXX executable cartographer.common.configuration_files_test[0m
[214.185s] [ 63%] Built target cartographer.common.lua_parameter_dictionary_test
[214.238s] [ 63%] [32mBuilding CXX object CMakeFiles/cartographer.io.serialization_format_migration_test.dir/cartographer/io/serialization_format_migration_test.cc.o[0m
[214.855s] [ 63%] Built target cartographer.common.configuration_files_test
[214.907s] [ 64%] [32mBuilding CXX object CMakeFiles/cartographer.mapping.2d.map_limits_test.dir/cartographer/mapping/2d/map_limits_test.cc.o[0m
[217.428s] [ 64%] [32m[1mLinking CXX executable cartographer.io.fake_file_writer_test[0m
[217.779s] [ 64%] Built target cartographer.io.fake_file_writer_test
[217.834s] [ 64%] [32mBuilding CXX object CMakeFiles/cartographer.mapping.2d.probability_grid_test.dir/cartographer/mapping/2d/probability_grid_test.cc.o[0m
[219.967s] [ 65%] [32m[1mLinking CXX executable cartographer.io.internal.in_memory_proto_stream_test[0m
[220.051s] [ 65%] [32m[1mLinking CXX executable cartographer.io.proto_stream_test[0m
[220.526s] [ 65%] Built target cartographer.io.proto_stream_test
[220.564s] [ 65%] Built target cartographer.io.internal.in_memory_proto_stream_test
[220.578s] [ 66%] [32mBuilding CXX object CMakeFiles/cartographer.mapping.2d.range_data_inserter_2d_test.dir/cartographer/mapping/2d/range_data_inserter_2d_test.cc.o[0m
[220.614s] [ 66%] [32mBuilding CXX object CMakeFiles/cartographer.mapping.2d.submap_2d_test.dir/cartographer/mapping/2d/submap_2d_test.cc.o[0m
[221.951s] [ 66%] [32m[1mLinking CXX executable cartographer.io.points_processor_pipeline_builder_test[0m
[222.416s] [ 66%] [32m[1mLinking CXX executable cartographer.io.proto_stream_deserializer_test[0m
[222.677s] [ 66%] Built target cartographer.io.points_processor_pipeline_builder_test
[222.735s] [ 67%] [32mBuilding CXX object CMakeFiles/cartographer.mapping.2d.xy_index_test.dir/cartographer/mapping/2d/xy_index_test.cc.o[0m
[222.990s] [ 67%] Built target cartographer.io.proto_stream_deserializer_test
[223.035s] [ 67%] [32mBuilding CXX object CMakeFiles/cartographer.mapping.3d.hybrid_grid_test.dir/cartographer/mapping/3d/hybrid_grid_test.cc.o[0m
[224.576s] [ 67%] [32m[1mLinking CXX executable cartographer.mapping.2d.map_limits_test[0m
[224.987s] [ 67%] Built target cartographer.mapping.2d.map_limits_test
[225.051s] [ 68%] [32mBuilding CXX object CMakeFiles/cartographer.mapping.3d.range_data_inserter_3d_test.dir/cartographer/mapping/3d/range_data_inserter_3d_test.cc.o[0m
[226.768s] [ 68%] [32m[1mLinking CXX executable cartographer.io.serialization_format_migration_test[0m
[226.824s] [ 69%] [32m[1mLinking CXX executable cartographer.io.probability_grid_points_processor_test[0m
[227.440s] [ 69%] Built target cartographer.io.probability_grid_points_processor_test
[227.489s] [ 69%] [32mBuilding CXX object CMakeFiles/cartographer.mapping.3d.submap_3d_test.dir/cartographer/mapping/3d/submap_3d_test.cc.o[0m
[227.635s] [ 69%] Built target cartographer.io.serialization_format_migration_test
[227.701s] [ 70%] [32mBuilding CXX object CMakeFiles/cartographer.mapping.id_test.dir/cartographer/mapping/id_test.cc.o[0m
[232.050s] [ 70%] [32m[1mLinking CXX executable cartographer.mapping.2d.probability_grid_test[0m
[232.605s] [ 70%] Built target cartographer.mapping.2d.probability_grid_test
[232.657s] [ 70%] [32m[1mLinking CXX executable cartographer.mapping.2d.range_data_inserter_2d_test[0m
[232.810s] [ 70%] [32m[1mLinking CXX executable cartographer.mapping.2d.xy_index_test[0m
[233.205s] [ 70%] Built target cartographer.mapping.2d.range_data_inserter_2d_test
[233.299s] [ 70%] Built target cartographer.mapping.2d.xy_index_test
[235.727s] [ 70%] [32m[1mLinking CXX executable cartographer.mapping.2d.submap_2d_test[0m
[236.181s] [ 70%] Built target cartographer.mapping.2d.submap_2d_test
[238.162s] [ 70%] [32m[1mLinking CXX executable cartographer.mapping.3d.range_data_inserter_3d_test[0m
[238.529s] [ 70%] Built target cartographer.mapping.3d.range_data_inserter_3d_test
[239.144s] [ 70%] [32m[1mLinking CXX executable cartographer.mapping.id_test[0m
[239.291s] [ 70%] [32m[1mLinking CXX executable cartographer.mapping.3d.hybrid_grid_test[0m
[239.378s] [ 70%] Built target cartographer.mapping.id_test
[239.558s] [ 70%] Built target cartographer.mapping.3d.hybrid_grid_test
[240.247s] [ 70%] [32m[1mLinking CXX executable cartographer.mapping.3d.submap_3d_test[0m
[240.605s] [ 70%] Built target cartographer.mapping.3d.submap_3d_test
[240.637s] [ 70%] [32mBuilding CXX object CMakeFiles/cartographer.mapping.internal.2d.scan_matching.correlative_scan_matcher_test.dir/cartographer/mapping/internal/2d/scan_matching/correlative_scan_matcher_test.cc.o[0m
[243.650s] [ 72%] [32mBuilding CXX object CMakeFiles/cartographer.mapping.internal.2d.scan_matching.ceres_scan_matcher_2d_test.dir/cartographer/mapping/internal/2d/scan_matching/ceres_scan_matcher_2d_test.cc.o[0m
[243.650s] [ 72%] [32mBuilding CXX object CMakeFiles/cartographer.mapping.internal.2d.scan_matching.fast_correlative_scan_matcher_2d_test.dir/cartographer/mapping/internal/2d/scan_matching/fast_correlative_scan_matcher_2d_test.cc.o[0m
[244.703s] [ 72%] [32mBuilding CXX object CMakeFiles/cartographer.mapping.internal.2d.ray_to_pixel_mask_test.dir/cartographer/mapping/internal/2d/ray_to_pixel_mask_test.cc.o[0m
[244.711s] [ 73%] [32mBuilding CXX object CMakeFiles/cartographer.mapping.internal.2d.pose_graph_2d_test.dir/cartographer/mapping/internal/2d/pose_graph_2d_test.cc.o[0m
[245.736s] [ 73%] [32mBuilding CXX object CMakeFiles/cartographer.mapping.internal.2d.overlapping_submaps_trimmer_2d_test.dir/cartographer/mapping/internal/2d/overlapping_submaps_trimmer_2d_test.cc.o[0m
[245.741s] [ 74%] [32mBuilding CXX object CMakeFiles/cartographer.mapping.internal.2d.normal_estimation_2d_test.dir/cartographer/mapping/internal/2d/normal_estimation_2d_test.cc.o[0m
[245.814s] [ 74%] [32mBuilding CXX object CMakeFiles/cartographer.mapping.imu_tracker_test.dir/cartographer/mapping/imu_tracker_test.cc.o[0m
[246.278s] [ 74%] [32m[1mLinking CXX executable cartographer.mapping.internal.2d.scan_matching.correlative_scan_matcher_test[0m
[246.796s] [ 74%] Built target cartographer.mapping.internal.2d.scan_matching.correlative_scan_matcher_test
[246.923s] [ 74%] [32mBuilding CXX object CMakeFiles/cartographer.mapping.internal.2d.scan_matching.interpolated_tsdf_2d_test.dir/cartographer/mapping/internal/2d/scan_matching/interpolated_tsdf_2d_test.cc.o[0m
[254.856s] [ 74%] [32m[1mLinking CXX executable cartographer.mapping.imu_tracker_test[0m
[255.198s] [ 74%] Built target cartographer.mapping.imu_tracker_test
[255.253s] [ 74%] [32mBuilding CXX object CMakeFiles/cartographer.mapping.internal.2d.scan_matching.occupied_space_cost_function_2d_test.dir/cartographer/mapping/internal/2d/scan_matching/occupied_space_cost_function_2d_test.cc.o[0m
[257.333s] [ 74%] [32m[1mLinking CXX executable cartographer.mapping.internal.2d.scan_matching.ceres_scan_matcher_2d_test[0m
[257.971s] [ 74%] Built target cartographer.mapping.internal.2d.scan_matching.ceres_scan_matcher_2d_test
[258.023s] [ 74%] [32mBuilding CXX object CMakeFiles/cartographer.mapping.internal.2d.scan_matching.real_time_correlative_scan_matcher_2d_test.dir/cartographer/mapping/internal/2d/scan_matching/real_time_correlative_scan_matcher_2d_test.cc.o[0m
[258.872s] [ 75%] [32m[1mLinking CXX executable cartographer.mapping.internal.2d.scan_matching.interpolated_tsdf_2d_test[0m
[258.999s] [ 75%] [32m[1mLinking CXX executable cartographer.mapping.internal.2d.normal_estimation_2d_test[0m
[259.371s] [ 75%] Built target cartographer.mapping.internal.2d.scan_matching.interpolated_tsdf_2d_test
[259.425s] [ 75%] [32mBuilding CXX object CMakeFiles/cartographer.mapping.internal.2d.scan_matching.tsdf_match_cost_function_2d_test.dir/cartographer/mapping/internal/2d/scan_matching/tsdf_match_cost_function_2d_test.cc.o[0m
[259.456s] [ 75%] Built target cartographer.mapping.internal.2d.normal_estimation_2d_test
[259.508s] [ 75%] [32mBuilding CXX object CMakeFiles/cartographer.mapping.internal.2d.tsd_value_converter_test.dir/cartographer/mapping/internal/2d/tsd_value_converter_test.cc.o[0m
[260.111s] [ 75%] [32m[1mLinking CXX executable cartographer.mapping.internal.2d.ray_to_pixel_mask_test[0m
[260.440s] [ 75%] [32m[1mLinking CXX executable cartographer.mapping.internal.2d.scan_matching.fast_correlative_scan_matcher_2d_test[0m
[260.525s] [ 75%] Built target cartographer.mapping.internal.2d.ray_to_pixel_mask_test
[260.581s] [ 75%] [32mBuilding CXX object CMakeFiles/cartographer.mapping.internal.2d.tsdf_2d_test.dir/cartographer/mapping/internal/2d/tsdf_2d_test.cc.o[0m
[260.915s] [ 75%] Built target cartographer.mapping.internal.2d.scan_matching.fast_correlative_scan_matcher_2d_test
[260.965s] [ 75%] [32mBuilding CXX object CMakeFiles/cartographer.mapping.internal.2d.tsdf_range_data_inserter_2d_test.dir/cartographer/mapping/internal/2d/tsdf_range_data_inserter_2d_test.cc.o[0m
[265.170s] [ 75%] [32m[1mLinking CXX executable cartographer.mapping.internal.2d.overlapping_submaps_trimmer_2d_test[0m
[265.857s] [ 75%] Built target cartographer.mapping.internal.2d.overlapping_submaps_trimmer_2d_test
[265.930s] [ 75%] [32mBuilding CXX object CMakeFiles/cartographer.mapping.internal.3d.local_trajectory_builder_3d_test.dir/cartographer/mapping/internal/3d/local_trajectory_builder_3d_test.cc.o[0m
[267.591s] [ 75%] [32m[1mLinking CXX executable cartographer.mapping.internal.2d.scan_matching.occupied_space_cost_function_2d_test[0m
[268.157s] [ 75%] Built target cartographer.mapping.internal.2d.scan_matching.occupied_space_cost_function_2d_test
[268.210s] [ 75%] [32mBuilding CXX object CMakeFiles/cartographer.mapping.internal.3d.pose_graph_3d_test.dir/cartographer/mapping/internal/3d/pose_graph_3d_test.cc.o[0m
[268.894s] [ 75%] [32m[1mLinking CXX executable cartographer.mapping.internal.2d.pose_graph_2d_test[0m
[268.927s] [ 76%] [32m[1mLinking CXX executable cartographer.mapping.internal.2d.tsd_value_converter_test[0m
[269.358s] [ 76%] Built target cartographer.mapping.internal.2d.tsd_value_converter_test
[269.437s] [ 76%] [32mBuilding CXX object CMakeFiles/cartographer.mapping.internal.3d.rotation_parameterization_test.dir/cartographer/mapping/internal/3d/rotation_parameterization_test.cc.o[0m
[269.524s] [ 76%] [32m[1mLinking CXX executable cartographer.mapping.internal.3d.rotation_parameterization_test[0m
[269.890s] [ 76%] Built target cartographer.mapping.internal.2d.pose_graph_2d_test
[269.918s] [ 76%] Built target cartographer.mapping.internal.3d.rotation_parameterization_test
[269.948s] [ 76%] [32mBuilding CXX object CMakeFiles/cartographer.mapping.internal.3d.scan_matching.ceres_scan_matcher_3d_test.dir/cartographer/mapping/internal/3d/scan_matching/ceres_scan_matcher_3d_test.cc.o[0m
[269.972s] [ 76%] [32mBuilding CXX object CMakeFiles/cartographer.mapping.internal.3d.scan_matching.fast_correlative_scan_matcher_3d_test.dir/cartographer/mapping/internal/3d/scan_matching/fast_correlative_scan_matcher_3d_test.cc.o[0m
[270.273s] [ 77%] [32m[1mLinking CXX executable cartographer.mapping.internal.2d.scan_matching.real_time_correlative_scan_matcher_2d_test[0m
[270.761s] [ 77%] Built target cartographer.mapping.internal.2d.scan_matching.real_time_correlative_scan_matcher_2d_test
[270.816s] [ 77%] [32mBuilding CXX object CMakeFiles/cartographer.mapping.internal.3d.scan_matching.intensity_cost_function_3d_test.dir/cartographer/mapping/internal/3d/scan_matching/intensity_cost_function_3d_test.cc.o[0m
[272.978s] [ 77%] [32m[1mLinking CXX executable cartographer.mapping.internal.2d.tsdf_2d_test[0m
[273.450s] [ 77%] Built target cartographer.mapping.internal.2d.tsdf_2d_test
[273.503s] [ 77%] [32mBuilding CXX object CMakeFiles/cartographer.mapping.internal.3d.scan_matching.interpolated_grid_test.dir/cartographer/mapping/internal/3d/scan_matching/interpolated_grid_test.cc.o[0m
[275.448s] [ 77%] [32m[1mLinking CXX executable cartographer.mapping.internal.2d.scan_matching.tsdf_match_cost_function_2d_test[0m
[275.949s] [ 77%] Built target cartographer.mapping.internal.2d.scan_matching.tsdf_match_cost_function_2d_test
[276.000s] [ 77%] [32mBuilding CXX object CMakeFiles/cartographer.mapping.internal.3d.scan_matching.precomputation_grid_3d_test.dir/cartographer/mapping/internal/3d/scan_matching/precomputation_grid_3d_test.cc.o[0m
[276.869s] [ 78%] [32m[1mLinking CXX executable cartographer.mapping.internal.2d.tsdf_range_data_inserter_2d_test[0m
[277.349s] [ 78%] Built target cartographer.mapping.internal.2d.tsdf_range_data_inserter_2d_test
[277.401s] [ 78%] [32mBuilding CXX object CMakeFiles/cartographer.mapping.internal.3d.scan_matching.real_time_correlative_scan_matcher_3d_test.dir/cartographer/mapping/internal/3d/scan_matching/real_time_correlative_scan_matcher_3d_test.cc.o[0m
[285.997s] [ 78%] [32m[1mLinking CXX executable cartographer.mapping.internal.3d.local_trajectory_builder_3d_test[0m
[286.211s] [ 79%] [32m[1mLinking CXX executable cartographer.mapping.internal.3d.scan_matching.intensity_cost_function_3d_test[0m
[286.742s] [ 79%] Built target cartographer.mapping.internal.3d.scan_matching.intensity_cost_function_3d_test
[286.785s] [ 79%] Built target cartographer.mapping.internal.3d.local_trajectory_builder_3d_test
[286.803s] [ 79%] [32m[1mLinking CXX executable cartographer.mapping.internal.3d.scan_matching.interpolated_grid_test[0m
[287.115s] [ 79%] Built target cartographer.mapping.internal.3d.scan_matching.interpolated_grid_test
[288.175s] [ 80%] [32m[1mLinking CXX executable cartographer.mapping.internal.3d.scan_matching.precomputation_grid_3d_test[0m
[288.231s] [ 81%] [32m[1mLinking CXX executable cartographer.mapping.internal.3d.scan_matching.ceres_scan_matcher_3d_test[0m
[288.521s] [ 81%] Built target cartographer.mapping.internal.3d.scan_matching.precomputation_grid_3d_test
[288.691s] [ 81%] Built target cartographer.mapping.internal.3d.scan_matching.ceres_scan_matcher_3d_test
[289.414s] [ 82%] [32m[1mLinking CXX executable cartographer.mapping.internal.3d.pose_graph_3d_test[0m
[289.620s] [ 82%] [32m[1mLinking CXX executable cartographer.mapping.internal.3d.scan_matching.fast_correlative_scan_matcher_3d_test[0m
[289.901s] [ 82%] Built target cartographer.mapping.internal.3d.pose_graph_3d_test
[289.903s] [ 82%] Built target cartographer.mapping.internal.3d.scan_matching.fast_correlative_scan_matcher_3d_test
[291.726s] [ 82%] [32m[1mLinking CXX executable cartographer.mapping.internal.3d.scan_matching.real_time_correlative_scan_matcher_3d_test[0m
[291.921s] [ 82%] Built target cartographer.mapping.internal.3d.scan_matching.real_time_correlative_scan_matcher_3d_test
[291.950s] [ 83%] [32mBuilding CXX object CMakeFiles/cartographer.mapping.internal.optimization.cost_functions.landmark_cost_function_2d_test.dir/cartographer/mapping/internal/optimization/cost_functions/landmark_cost_function_2d_test.cc.o[0m
[293.964s] [ 83%] [32mBuilding CXX object CMakeFiles/cartographer.mapping.internal.optimization.cost_functions.landmark_cost_function_3d_test.dir/cartographer/mapping/internal/optimization/cost_functions/landmark_cost_function_3d_test.cc.o[0m
[293.964s] [ 83%] [32mBuilding CXX object CMakeFiles/cartographer.mapping.internal.motion_filter_test.dir/cartographer/mapping/internal/motion_filter_test.cc.o[0m
[294.985s] [ 84%] [32mBuilding CXX object CMakeFiles/cartographer.mapping.internal.constraints.constraint_builder_3d_test.dir/cartographer/mapping/internal/constraints/constraint_builder_3d_test.cc.o[0m
[296.016s] [ 84%] [32mBuilding CXX object CMakeFiles/cartographer.mapping.internal.connected_components_test.dir/cartographer/mapping/internal/connected_components_test.cc.o[0m
[296.018s] [ 84%] [32mBuilding CXX object CMakeFiles/cartographer.mapping.internal.constraints.constraint_builder_2d_test.dir/cartographer/mapping/internal/constraints/constraint_builder_2d_test.cc.o[0m
[297.044s] [ 84%] [32mBuilding CXX object CMakeFiles/cartographer.mapping.internal.3d.scan_matching.rotational_scan_matcher_test.dir/cartographer/mapping/internal/3d/scan_matching/rotational_scan_matcher_test.cc.o[0m
[298.074s] [ 84%] [32mBuilding CXX object CMakeFiles/cartographer.mapping.internal.3d.scan_matching.rotation_delta_cost_functor_3d_test.dir/cartographer/mapping/internal/3d/scan_matching/rotation_delta_cost_functor_3d_test.cc.o[0m
[302.781s] [ 84%] [32m[1mLinking CXX executable cartographer.mapping.internal.motion_filter_test[0m
[303.268s] [ 84%] Built target cartographer.mapping.internal.motion_filter_test
[303.333s] [ 85%] [32mBuilding CXX object CMakeFiles/cartographer.mapping.internal.optimization.cost_functions.spa_cost_function_2d_test.dir/cartographer/mapping/internal/optimization/cost_functions/spa_cost_function_2d_test.cc.o[0m
[307.412s] [ 85%] [32m[1mLinking CXX executable cartographer.mapping.internal.3d.scan_matching.rotational_scan_matcher_test[0m
[307.794s] [ 86%] [32m[1mLinking CXX executable cartographer.mapping.internal.3d.scan_matching.rotation_delta_cost_functor_3d_test[0m
[307.839s] [ 86%] Built target cartographer.mapping.internal.3d.scan_matching.rotational_scan_matcher_test
[307.899s] [ 86%] [32mBuilding CXX object CMakeFiles/cartographer.mapping.internal.optimization.optimization_problem_3d_test.dir/cartographer/mapping/internal/optimization/optimization_problem_3d_test.cc.o[0m
[308.139s] [ 86%] [32m[1mLinking CXX executable cartographer.mapping.internal.optimization.cost_functions.landmark_cost_function_2d_test[0m
[308.155s] [ 86%] Built target cartographer.mapping.internal.3d.scan_matching.rotation_delta_cost_functor_3d_test
[308.211s] [ 87%] [32mBuilding CXX object CMakeFiles/cartographer.mapping.internal.range_data_collator_test.dir/cartographer/mapping/internal/range_data_collator_test.cc.o[0m
[308.627s] [ 87%] Built target cartographer.mapping.internal.optimization.cost_functions.landmark_cost_function_2d_test
[308.678s] [ 87%] [32mBuilding CXX object CMakeFiles/cartographer.mapping.internal.trajectory_connectivity_state_test.dir/cartographer/mapping/internal/trajectory_connectivity_state_test.cc.o[0m
[310.054s] [ 88%] [32m[1mLinking CXX executable cartographer.mapping.internal.connected_components_test[0m
[310.476s] [ 88%] Built target cartographer.mapping.internal.connected_components_test
[310.528s] [ 89%] [32mBuilding CXX object CMakeFiles/cartographer.mapping.map_builder_test.dir/cartographer/mapping/map_builder_test.cc.o[0m
[312.687s] [ 89%] [32m[1mLinking CXX executable cartographer.mapping.internal.optimization.cost_functions.landmark_cost_function_3d_test[0m
[313.036s] [ 89%] Built target cartographer.mapping.internal.optimization.cost_functions.landmark_cost_function_3d_test
[313.090s] [ 89%] [32mBuilding CXX object CMakeFiles/cartographer.mapping.pose_extrapolator_test.dir/cartographer/mapping/pose_extrapolator_test.cc.o[0m
[314.718s] [ 89%] [32m[1mLinking CXX executable cartographer.mapping.internal.constraints.constraint_builder_2d_test[0m
[315.356s] [ 89%] [32m[1mLinking CXX executable cartographer.mapping.internal.constraints.constraint_builder_3d_test[0m
[315.615s] [ 89%] Built target cartographer.mapping.internal.constraints.constraint_builder_2d_test
[315.735s] [ 90%] [32mBuilding CXX object CMakeFiles/cartographer.mapping.pose_graph_test.dir/cartographer/mapping/pose_graph_test.cc.o[0m
[316.537s] [ 90%] Built target cartographer.mapping.internal.constraints.constraint_builder_3d_test
[316.595s] [ 90%] [32mBuilding CXX object CMakeFiles/cartographer.mapping.pose_graph_trimmer_test.dir/cartographer/mapping/pose_graph_trimmer_test.cc.o[0m
[321.626s] [ 90%] [32m[1mLinking CXX executable cartographer.mapping.internal.optimization.cost_functions.spa_cost_function_2d_test[0m
[321.678s] [ 90%] [32m[1mLinking CXX executable cartographer.mapping.internal.trajectory_connectivity_state_test[0m
[322.027s] [ 90%] Built target cartographer.mapping.internal.optimization.cost_functions.spa_cost_function_2d_test
[322.269s] [ 90%] Built target cartographer.mapping.internal.trajectory_connectivity_state_test
[322.998s] [ 90%] [32m[1mLinking CXX executable cartographer.mapping.internal.range_data_collator_test[0m
[323.331s] [ 90%] Built target cartographer.mapping.internal.range_data_collator_test
[323.584s] [ 90%] [32m[1mLinking CXX executable cartographer.mapping.internal.optimization.optimization_problem_3d_test[0m
[324.037s] [ 90%] Built target cartographer.mapping.internal.optimization.optimization_problem_3d_test
[326.286s] [ 90%] [32m[1mLinking CXX executable cartographer.mapping.pose_graph_test[0m
[326.395s] [ 90%] [32m[1mLinking CXX executable cartographer.mapping.pose_graph_trimmer_test[0m
[326.637s] [ 90%] Built target cartographer.mapping.pose_graph_trimmer_test
[326.737s] [ 90%] Built target cartographer.mapping.pose_graph_test
[327.729s] [ 90%] [32m[1mLinking CXX executable cartographer.mapping.pose_extrapolator_test[0m
[327.923s] [ 90%] Built target cartographer.mapping.pose_extrapolator_test
[328.947s] [ 91%] [32mBuilding CXX object CMakeFiles/cartographer.sensor.internal.ordered_multi_queue_test.dir/cartographer/sensor/internal/ordered_multi_queue_test.cc.o[0m
[329.038s] [ 91%] [32m[1mLinking CXX executable cartographer.mapping.map_builder_test[0m
[329.426s] [ 91%] Built target cartographer.mapping.map_builder_test
[329.449s] [ 91%] [32mBuilding CXX object CMakeFiles/cartographer.sensor.internal.collator_test.dir/cartographer/sensor/internal/collator_test.cc.o[0m
[331.468s] [ 91%] [32mBuilding CXX object CMakeFiles/cartographer.sensor.internal.trajectory_collator_test.dir/cartographer/sensor/internal/trajectory_collator_test.cc.o[0m
[333.501s] [ 92%] [32mBuilding CXX object CMakeFiles/cartographer.sensor.compressed_point_cloud_test.dir/cartographer/sensor/compressed_point_cloud_test.cc.o[0m
[334.529s] [ 92%] [32mBuilding CXX object CMakeFiles/cartographer.mapping.value_conversion_tables_test.dir/cartographer/mapping/value_conversion_tables_test.cc.o[0m
[335.064s] [ 92%] [32m[1mLinking CXX executable cartographer.sensor.internal.ordered_multi_queue_test[0m
[335.327s] [ 92%] Built target cartographer.sensor.internal.ordered_multi_queue_test
[335.354s] [ 93%] [32mBuilding CXX object CMakeFiles/cartographer.mapping.trajectory_node_test.dir/cartographer/mapping/trajectory_node_test.cc.o[0m
[335.389s] [ 93%] [32mBuilding CXX object CMakeFiles/cartographer.mapping.submaps_test.dir/cartographer/mapping/submaps_test.cc.o[0m
[336.425s] [ 93%] [32mBuilding CXX object CMakeFiles/cartographer.sensor.internal.voxel_filter_test.dir/cartographer/sensor/internal/voxel_filter_test.cc.o[0m
[337.459s] [ 94%] [32mBuilding CXX object CMakeFiles/cartographer.mapping.probability_values_test.dir/cartographer/mapping/probability_values_test.cc.o[0m
[339.645s] [ 94%] [32m[1mLinking CXX executable cartographer.sensor.internal.collator_test[0m
[339.998s] [ 94%] Built target cartographer.sensor.internal.collator_test
[340.169s] [ 94%] [32m[1mLinking CXX executable cartographer.mapping.value_conversion_tables_test[0m
[340.496s] [ 94%] Built target cartographer.mapping.value_conversion_tables_test
[343.094s] [ 94%] [32m[1mLinking CXX executable cartographer.mapping.submaps_test[0m
[343.217s] [ 95%] [32m[1mLinking CXX executable cartographer.sensor.internal.trajectory_collator_test[0m
[343.307s] [ 95%] [32m[1mLinking CXX executable cartographer.sensor.compressed_point_cloud_test[0m
[343.359s] [ 95%] Built target cartographer.mapping.submaps_test
[343.499s] [ 95%] Built target cartographer.sensor.internal.trajectory_collator_test
[343.659s] [ 95%] Built target cartographer.sensor.compressed_point_cloud_test
[344.640s] [ 95%] [32m[1mLinking CXX executable cartographer.mapping.probability_values_test[0m
[344.831s] [ 95%] Built target cartographer.mapping.probability_values_test
[345.931s] [ 95%] [32m[1mLinking CXX executable cartographer.sensor.internal.voxel_filter_test[0m
[346.100s] [ 95%] [32m[1mLinking CXX executable cartographer.mapping.trajectory_node_test[0m
[346.191s] [ 95%] Built target cartographer.sensor.internal.voxel_filter_test
[346.372s] [ 95%] Built target cartographer.mapping.trajectory_node_test
[346.402s] [ 95%] [32mBuilding CXX object CMakeFiles/cartographer.transform.transform_interpolation_buffer_test.dir/cartographer/transform/transform_interpolation_buffer_test.cc.o[0m
[352.209s] [ 96%] [32m[1mLinking CXX executable cartographer.transform.transform_interpolation_buffer_test[0m
[352.407s] [ 96%] Built target cartographer.transform.transform_interpolation_buffer_test
[352.436s] [ 96%] [32mBuilding CXX object CMakeFiles/cartographer.transform.rigid_transform_test.dir/cartographer/transform/rigid_transform_test.cc.o[0m
[352.436s] [ 96%] [32mBuilding CXX object CMakeFiles/cartographer.transform.timestamped_transform_test.dir/cartographer/transform/timestamped_transform_test.cc.o[0m
[352.436s] [ 96%] [32mBuilding CXX object CMakeFiles/cartographer.transform.transform_test.dir/cartographer/transform/transform_test.cc.o[0m
[358.170s] [ 96%] [32m[1mLinking CXX executable cartographer.transform.timestamped_transform_test[0m
[358.415s] [ 96%] Built target cartographer.transform.timestamped_transform_test
[358.450s] [ 96%] [32mBuilding CXX object CMakeFiles/cartographer.sensor.range_data_test.dir/cartographer/sensor/range_data_test.cc.o[0m
[358.450s] [ 96%] [32mBuilding CXX object CMakeFiles/cartographer.sensor.landmark_data_test.dir/cartographer/sensor/landmark_data_test.cc.o[0m
[358.453s] [ 96%] [32mBuilding CXX object CMakeFiles/cartographer.sensor.point_cloud_test.dir/cartographer/sensor/point_cloud_test.cc.o[0m
[358.453s] [ 96%] [32mBuilding CXX object CMakeFiles/cartographer.sensor.map_by_time_test.dir/cartographer/sensor/map_by_time_test.cc.o[0m
[359.100s] [ 96%] [32m[1mLinking CXX executable cartographer.transform.transform_test[0m
[359.401s] [ 96%] Built target cartographer.transform.transform_test
[363.939s] [ 96%] [32m[1mLinking CXX executable cartographer.sensor.map_by_time_test[0m
[364.163s] [ 96%] Built target cartographer.sensor.map_by_time_test
[365.362s] [ 96%] [32m[1mLinking CXX executable cartographer.sensor.range_data_test[0m
[365.572s] [ 96%] Built target cartographer.sensor.range_data_test
[365.884s] [ 97%] [32m[1mLinking CXX executable cartographer.transform.rigid_transform_test[0m
[366.093s] [ 97%] Built target cartographer.transform.rigid_transform_test
[368.315s] [ 98%] [32m[1mLinking CXX executable cartographer.sensor.point_cloud_test[0m
[368.505s] [ 98%] Built target cartographer.sensor.point_cloud_test
[368.513s] [100%] [32m[1mLinking CXX executable cartographer.sensor.landmark_data_test[0m
[368.730s] [100%] Built target cartographer.sensor.landmark_data_test
[368.748s] Invoked command in '/root/cartographer_ws/build/cartographer' returned '0': CMAKE_PREFIX_PATH=/opt/ros/humble /usr/bin/cmake --build /root/cartographer_ws/build/cartographer -- -j8 -l8
[369.735s] Invoking command in '/root/cartographer_ws/build/cartographer': CMAKE_PREFIX_PATH=/opt/ros/humble /usr/bin/cmake --install /root/cartographer_ws/build/cartographer
[369.748s] -- Install configuration: "Release"
[369.748s] -- Installing: /root/cartographer_ws/install/cartographer/share/cartographer/package.xml
[369.749s] -- Installing: /root/cartographer_ws/install/cartographer/share/cartographer//configuration_files
[369.749s] -- Installing: /root/cartographer_ws/install/cartographer/share/cartographer//configuration_files/trajectory_builder_2d.lua
[369.749s] -- Installing: /root/cartographer_ws/install/cartographer/share/cartographer//configuration_files/trajectory_builder.lua
[369.749s] -- Installing: /root/cartographer_ws/install/cartographer/share/cartographer//configuration_files/map_builder_server.lua
[369.749s] -- Installing: /root/cartographer_ws/install/cartographer/share/cartographer//configuration_files/trajectory_builder_3d.lua
[369.750s] -- Installing: /root/cartographer_ws/install/cartographer/share/cartographer//configuration_files/map_builder.lua
[369.750s] -- Installing: /root/cartographer_ws/install/cartographer/share/cartographer//configuration_files/pose_graph.lua
[369.750s] -- Installing: /root/cartographer_ws/install/cartographer/share/cartographer//cmake
[369.750s] -- Installing: /root/cartographer_ws/install/cartographer/share/cartographer//cmake/functions.cmake
[369.750s] -- Installing: /root/cartographer_ws/install/cartographer/share/cartographer//cmake/modules
[369.751s] -- Installing: /root/cartographer_ws/install/cartographer/share/cartographer//cmake/modules/FindEigen3.cmake
[369.751s] -- Installing: /root/cartographer_ws/install/cartographer/share/cartographer//cmake/modules/FindLuaGoogle.cmake
[369.751s] -- Installing: /root/cartographer_ws/install/cartographer/share/cartographer//cmake/modules/FindSphinx.cmake
[369.751s] -- Installing: /root/cartographer_ws/install/cartographer/share/cartographer//cmake/modules/FindGMock.cmake
[369.752s] -- Installing: /root/cartographer_ws/install/cartographer/bin/cartographer_autogenerate_ground_truth
[369.754s] -- Installing: /root/cartographer_ws/install/cartographer/bin/cartographer_compute_relations_metrics
[369.756s] -- Installing: /root/cartographer_ws/install/cartographer/bin/cartographer_pbstream
[369.759s] -- Installing: /root/cartographer_ws/install/cartographer/bin/cartographer_print_configuration
[369.760s] -- Installing: /root/cartographer_ws/install/cartographer/lib/libcartographer.a
[369.772s] -- Installing: /root/cartographer_ws/install/cartographer/include/cartographer/common/configuration_file_resolver.h
[369.772s] -- Installing: /root/cartographer_ws/install/cartographer/include/cartographer/common/fixed_ratio_sampler.h
[369.772s] -- Installing: /root/cartographer_ws/install/cartographer/include/cartographer/common/histogram.h
[369.772s] -- Installing: /root/cartographer_ws/install/cartographer/include/cartographer/common/lua.h
[369.772s] -- Installing: /root/cartographer_ws/install/cartographer/include/cartographer/common/lua_parameter_dictionary.h
[369.773s] -- Installing: /root/cartographer_ws/install/cartographer/include/cartographer/common/math.h
[369.773s] -- Installing: /root/cartographer_ws/install/cartographer/include/cartographer/common/port.h
[369.773s] -- Installing: /root/cartographer_ws/install/cartographer/include/cartographer/common/task.h
[369.773s] -- Installing: /root/cartographer_ws/install/cartographer/include/cartographer/common/thread_pool.h
[369.773s] -- Installing: /root/cartographer_ws/install/cartographer/include/cartographer/common/time.h
[369.774s] -- Installing: /root/cartographer_ws/install/cartographer/include/cartographer/ground_truth/autogenerate_ground_truth.h
[369.774s] -- Installing: /root/cartographer_ws/install/cartographer/include/cartographer/ground_truth/relations_text_file.h
[369.774s] -- Installing: /root/cartographer_ws/install/cartographer/include/cartographer/io/color.h
[369.775s] -- Installing: /root/cartographer_ws/install/cartographer/include/cartographer/io/coloring_points_processor.h
[369.775s] -- Installing: /root/cartographer_ws/install/cartographer/include/cartographer/io/counting_points_processor.h
[369.775s] -- Installing: /root/cartographer_ws/install/cartographer/include/cartographer/io/draw_trajectories.h
[369.775s] -- Installing: /root/cartographer_ws/install/cartographer/include/cartographer/io/file_writer.h
[369.776s] -- Installing: /root/cartographer_ws/install/cartographer/include/cartographer/io/fixed_ratio_sampling_points_processor.h
[369.776s] -- Installing: /root/cartographer_ws/install/cartographer/include/cartographer/io/frame_id_filtering_points_processor.h
[369.776s] -- Installing: /root/cartographer_ws/install/cartographer/include/cartographer/io/hybrid_grid_points_processor.h
[369.776s] -- Installing: /root/cartographer_ws/install/cartographer/include/cartographer/io/image.h
[369.776s] -- Installing: /root/cartographer_ws/install/cartographer/include/cartographer/io/intensity_to_color_points_processor.h
[369.777s] -- Installing: /root/cartographer_ws/install/cartographer/include/cartographer/io/min_max_range_filtering_points_processor.h
[369.777s] -- Installing: /root/cartographer_ws/install/cartographer/include/cartographer/io/null_points_processor.h
[369.777s] -- Installing: /root/cartographer_ws/install/cartographer/include/cartographer/io/outlier_removing_points_processor.h
[369.777s] -- Installing: /root/cartographer_ws/install/cartographer/include/cartographer/io/pcd_writing_points_processor.h
[369.778s] -- Installing: /root/cartographer_ws/install/cartographer/include/cartographer/io/ply_writing_points_processor.h
[369.778s] -- Installing: /root/cartographer_ws/install/cartographer/include/cartographer/io/points_batch.h
[369.778s] -- Installing: /root/cartographer_ws/install/cartographer/include/cartographer/io/points_processor.h
[369.778s] -- Installing: /root/cartographer_ws/install/cartographer/include/cartographer/io/points_processor_pipeline_builder.h
[369.779s] -- Installing: /root/cartographer_ws/install/cartographer/include/cartographer/io/probability_grid_points_processor.h
[369.779s] -- Installing: /root/cartographer_ws/install/cartographer/include/cartographer/io/proto_stream.h
[369.779s] -- Installing: /root/cartographer_ws/install/cartographer/include/cartographer/io/proto_stream_deserializer.h
[369.779s] -- Installing: /root/cartographer_ws/install/cartographer/include/cartographer/io/proto_stream_interface.h
[369.779s] -- Installing: /root/cartographer_ws/install/cartographer/include/cartographer/io/serialization_format_migration.h
[369.780s] -- Installing: /root/cartographer_ws/install/cartographer/include/cartographer/io/submap_painter.h
[369.780s] -- Installing: /root/cartographer_ws/install/cartographer/include/cartographer/io/vertical_range_filtering_points_processor.h
[369.780s] -- Installing: /root/cartographer_ws/install/cartographer/include/cartographer/io/xray_points_processor.h
[369.780s] -- Installing: /root/cartographer_ws/install/cartographer/include/cartographer/io/xyz_writing_points_processor.h
[369.781s] -- Installing: /root/cartographer_ws/install/cartographer/include/cartographer/mapping/2d/grid_2d.h
[369.781s] -- Installing: /root/cartographer_ws/install/cartographer/include/cartographer/mapping/2d/map_limits.h
[369.781s] -- Installing: /root/cartographer_ws/install/cartographer/include/cartographer/mapping/2d/probability_grid.h
[369.781s] -- Installing: /root/cartographer_ws/install/cartographer/include/cartographer/mapping/2d/probability_grid_range_data_inserter_2d.h
[369.782s] -- Installing: /root/cartographer_ws/install/cartographer/include/cartographer/mapping/2d/submap_2d.h
[369.782s] -- Installing: /root/cartographer_ws/install/cartographer/include/cartographer/mapping/2d/xy_index.h
[369.782s] -- Installing: /root/cartographer_ws/install/cartographer/include/cartographer/mapping/3d/hybrid_grid.h
[369.782s] -- Installing: /root/cartographer_ws/install/cartographer/include/cartographer/mapping/3d/range_data_inserter_3d.h
[369.783s] -- Installing: /root/cartographer_ws/install/cartographer/include/cartographer/mapping/3d/submap_3d.h
[369.783s] -- Installing: /root/cartographer_ws/install/cartographer/include/cartographer/mapping/detect_floors.h
[369.783s] -- Installing: /root/cartographer_ws/install/cartographer/include/cartographer/mapping/grid_interface.h
[369.783s] -- Installing: /root/cartographer_ws/install/cartographer/include/cartographer/mapping/id.h
[369.784s] -- Installing: /root/cartographer_ws/install/cartographer/include/cartographer/mapping/imu_tracker.h
[369.784s] -- Installing: /root/cartographer_ws/install/cartographer/include/cartographer/mapping/map_builder.h
[369.784s] -- Installing: /root/cartographer_ws/install/cartographer/include/cartographer/mapping/map_builder_interface.h
[369.784s] -- Installing: /root/cartographer_ws/install/cartographer/include/cartographer/mapping/pose_extrapolator.h
[369.784s] -- Installing: /root/cartographer_ws/install/cartographer/include/cartographer/mapping/pose_extrapolator_interface.h
[369.785s] -- Installing: /root/cartographer_ws/install/cartographer/include/cartographer/mapping/pose_graph.h
[369.785s] -- Installing: /root/cartographer_ws/install/cartographer/include/cartographer/mapping/pose_graph_interface.h
[369.785s] -- Installing: /root/cartographer_ws/install/cartographer/include/cartographer/mapping/pose_graph_trimmer.h
[369.785s] -- Installing: /root/cartographer_ws/install/cartographer/include/cartographer/mapping/probability_values.h
[369.785s] -- Installing: /root/cartographer_ws/install/cartographer/include/cartographer/mapping/range_data_inserter_interface.h
[369.786s] -- Installing: /root/cartographer_ws/install/cartographer/include/cartographer/mapping/submaps.h
[369.786s] -- Installing: /root/cartographer_ws/install/cartographer/include/cartographer/mapping/trajectory_builder_interface.h
[369.786s] -- Installing: /root/cartographer_ws/install/cartographer/include/cartographer/mapping/trajectory_node.h
[369.786s] -- Installing: /root/cartographer_ws/install/cartographer/include/cartographer/mapping/value_conversion_tables.h
[369.787s] -- Installing: /root/cartographer_ws/install/cartographer/include/cartographer/metrics/counter.h
[369.787s] -- Installing: /root/cartographer_ws/install/cartographer/include/cartographer/metrics/family_factory.h
[369.787s] -- Installing: /root/cartographer_ws/install/cartographer/include/cartographer/metrics/gauge.h
[369.788s] -- Installing: /root/cartographer_ws/install/cartographer/include/cartographer/metrics/histogram.h
[369.788s] -- Installing: /root/cartographer_ws/install/cartographer/include/cartographer/metrics/register.h
[369.788s] -- Installing: /root/cartographer_ws/install/cartographer/include/cartographer/sensor/collator_interface.h
[369.788s] -- Installing: /root/cartographer_ws/install/cartographer/include/cartographer/sensor/compressed_point_cloud.h
[369.789s] -- Installing: /root/cartographer_ws/install/cartographer/include/cartographer/sensor/data.h
[369.789s] -- Installing: /root/cartographer_ws/install/cartographer/include/cartographer/sensor/fixed_frame_pose_data.h
[369.789s] -- Installing: /root/cartographer_ws/install/cartographer/include/cartographer/sensor/imu_data.h
[369.790s] -- Installing: /root/cartographer_ws/install/cartographer/include/cartographer/sensor/landmark_data.h
[369.790s] -- Installing: /root/cartographer_ws/install/cartographer/include/cartographer/sensor/map_by_time.h
[369.790s] -- Installing: /root/cartographer_ws/install/cartographer/include/cartographer/sensor/odometry_data.h
[369.790s] -- Installing: /root/cartographer_ws/install/cartographer/include/cartographer/sensor/point_cloud.h
[369.791s] -- Installing: /root/cartographer_ws/install/cartographer/include/cartographer/sensor/range_data.h
[369.791s] -- Installing: /root/cartographer_ws/install/cartographer/include/cartographer/sensor/rangefinder_point.h
[369.791s] -- Installing: /root/cartographer_ws/install/cartographer/include/cartographer/sensor/timed_point_cloud_data.h
[369.792s] -- Installing: /root/cartographer_ws/install/cartographer/include/cartographer/transform/rigid_transform.h
[369.792s] -- Installing: /root/cartographer_ws/install/cartographer/include/cartographer/transform/timestamped_transform.h
[369.792s] -- Installing: /root/cartographer_ws/install/cartographer/include/cartographer/transform/transform.h
[369.792s] -- Installing: /root/cartographer_ws/install/cartographer/include/cartographer/transform/transform_interpolation_buffer.h
[369.793s] -- Installing: /root/cartographer_ws/install/cartographer/include/cartographer/io/fake_file_writer.h
[369.793s] -- Installing: /root/cartographer_ws/install/cartographer/include/cartographer/transform/rigid_transform_test_helpers.h
[369.793s] -- Installing: /root/cartographer_ws/install/cartographer/include/cartographer/common/proto/ceres_solver_options.pb.h
[369.794s] -- Installing: /root/cartographer_ws/install/cartographer/include/cartographer/ground_truth/proto/relations.pb.h
[369.794s] -- Installing: /root/cartographer_ws/install/cartographer/include/cartographer/mapping/proto/cell_limits_2d.pb.h
[369.794s] -- Installing: /root/cartographer_ws/install/cartographer/include/cartographer/mapping/proto/connected_components.pb.h
[369.795s] -- Installing: /root/cartographer_ws/install/cartographer/include/cartographer/mapping/proto/grid_2d.pb.h
[369.795s] -- Installing: /root/cartographer_ws/install/cartographer/include/cartographer/mapping/proto/grid_2d_options.pb.h
[369.795s] -- Installing: /root/cartographer_ws/install/cartographer/include/cartographer/mapping/proto/hybrid_grid.pb.h
[369.796s] -- Installing: /root/cartographer_ws/install/cartographer/include/cartographer/mapping/proto/local_trajectory_builder_options_2d.pb.h
[369.796s] -- Installing: /root/cartographer_ws/install/cartographer/include/cartographer/mapping/proto/local_trajectory_builder_options_3d.pb.h
[369.797s] -- Installing: /root/cartographer_ws/install/cartographer/include/cartographer/mapping/proto/map_builder_options.pb.h
[369.797s] -- Installing: /root/cartographer_ws/install/cartographer/include/cartographer/mapping/proto/map_limits.pb.h
[369.797s] -- Installing: /root/cartographer_ws/install/cartographer/include/cartographer/mapping/proto/motion_filter_options.pb.h
[369.797s] -- Installing: /root/cartographer_ws/install/cartographer/include/cartographer/mapping/proto/normal_estimation_options_2d.pb.h
[369.798s] -- Installing: /root/cartographer_ws/install/cartographer/include/cartographer/mapping/proto/pose_extrapolator_options.pb.h
[369.798s] -- Installing: /root/cartographer_ws/install/cartographer/include/cartographer/mapping/proto/pose_graph.pb.h
[369.799s] -- Installing: /root/cartographer_ws/install/cartographer/include/cartographer/mapping/proto/pose_graph/constraint_builder_options.pb.h
[369.799s] -- Installing: /root/cartographer_ws/install/cartographer/include/cartographer/mapping/proto/pose_graph/optimization_problem_options.pb.h
[369.799s] -- Installing: /root/cartographer_ws/install/cartographer/include/cartographer/mapping/proto/pose_graph_options.pb.h
[369.800s] -- Installing: /root/cartographer_ws/install/cartographer/include/cartographer/mapping/proto/probability_grid.pb.h
[369.800s] -- Installing: /root/cartographer_ws/install/cartographer/include/cartographer/mapping/proto/probability_grid_range_data_inserter_options_2d.pb.h
[369.800s] -- Installing: /root/cartographer_ws/install/cartographer/include/cartographer/mapping/proto/range_data_inserter_options.pb.h
[369.801s] -- Installing: /root/cartographer_ws/install/cartographer/include/cartographer/mapping/proto/range_data_inserter_options_3d.pb.h
[369.801s] -- Installing: /root/cartographer_ws/install/cartographer/include/cartographer/mapping/proto/scan_matching/ceres_scan_matcher_options_2d.pb.h
[369.801s] -- Installing: /root/cartographer_ws/install/cartographer/include/cartographer/mapping/proto/scan_matching/ceres_scan_matcher_options_3d.pb.h
[369.802s] -- Installing: /root/cartographer_ws/install/cartographer/include/cartographer/mapping/proto/scan_matching/fast_correlative_scan_matcher_options_2d.pb.h
[369.802s] -- Installing: /root/cartographer_ws/install/cartographer/include/cartographer/mapping/proto/scan_matching/fast_correlative_scan_matcher_options_3d.pb.h
[369.802s] -- Installing: /root/cartographer_ws/install/cartographer/include/cartographer/mapping/proto/scan_matching/real_time_correlative_scan_matcher_options.pb.h
[369.803s] -- Installing: /root/cartographer_ws/install/cartographer/include/cartographer/mapping/proto/serialization.pb.h
[369.803s] -- Installing: /root/cartographer_ws/install/cartographer/include/cartographer/mapping/proto/submap.pb.h
[369.804s] -- Installing: /root/cartographer_ws/install/cartographer/include/cartographer/mapping/proto/submap_visualization.pb.h
[369.804s] -- Installing: /root/cartographer_ws/install/cartographer/include/cartographer/mapping/proto/submaps_options_2d.pb.h
[369.804s] -- Installing: /root/cartographer_ws/install/cartographer/include/cartographer/mapping/proto/submaps_options_3d.pb.h
[369.805s] -- Installing: /root/cartographer_ws/install/cartographer/include/cartographer/mapping/proto/trajectory.pb.h
[369.805s] -- Installing: /root/cartographer_ws/install/cartographer/include/cartographer/mapping/proto/trajectory_builder_options.pb.h
[369.805s] -- Installing: /root/cartographer_ws/install/cartographer/include/cartographer/mapping/proto/trajectory_node_data.pb.h
[369.806s] -- Installing: /root/cartographer_ws/install/cartographer/include/cartographer/mapping/proto/tsdf_2d.pb.h
[369.806s] -- Installing: /root/cartographer_ws/install/cartographer/include/cartographer/mapping/proto/tsdf_range_data_inserter_options_2d.pb.h
[369.806s] -- Installing: /root/cartographer_ws/install/cartographer/include/cartographer/sensor/proto/adaptive_voxel_filter_options.pb.h
[369.807s] -- Installing: /root/cartographer_ws/install/cartographer/include/cartographer/sensor/proto/sensor.pb.h
[369.807s] -- Installing: /root/cartographer_ws/install/cartographer/include/cartographer/transform/proto/timestamped_transform.pb.h
[369.808s] -- Installing: /root/cartographer_ws/install/cartographer/include/cartographer/transform/proto/transform.pb.h
[369.808s] -- Installing: /root/cartographer_ws/install/cartographer/share/cartographer/cmake/CartographerTargets.cmake
[369.808s] -- Installing: /root/cartographer_ws/install/cartographer/share/cartographer/cmake/CartographerTargets-release.cmake
[369.809s] -- Installing: /root/cartographer_ws/install/cartographer/share/cartographer/cartographer-config.cmake
[369.811s] Invoked command in '/root/cartographer_ws/build/cartographer' returned '0': CMAKE_PREFIX_PATH=/opt/ros/humble /usr/bin/cmake --install /root/cartographer_ws/build/cartographer
