[0.005s] Invoking command in '/home/user/cartographer_ws_docker/build/cartographer_rviz': CMAKE_PREFIX_PATH=/home/user/cartographer_ws_docker/install/cartographer_ros:/home/user/cartographer_ws_docker/install/cartographer_ros_msgs:/home/user/cartographer_ws_docker/install/cartographer:/home/user/cartographer_ws_docker/install/cartographer_rviz:/home/user/doly_ws/install/turtlebot3_multi_robot:/opt/ros/humble LD_LIBRARY_PATH=/home/user/cartographer_ws_docker/install/cartographer_ros_msgs/lib:/home/user/cartographer_ws_docker/install/cartographer_rviz/lib:/home/user/cartographer_ws_docker/install/cartographer_ros/lib:/usr/lib/x86_64-linux-gnu/gazebo-11/plugins:/opt/ros/humble/opt/rviz_ogre_vendor/lib:/opt/ros/humble/lib/x86_64-linux-gnu:/opt/ros/humble/lib:/home/user/openpose/build/src/openpose:/usr/local/cuda/lib64:/usr/lib/x86_64-linux-gnu/gazebo-11/plugins /usr/bin/cmake /home/user/cartographer_ws_docker/src/cartographer_ros/cartographer_rviz -DAMENT_CMAKE_SYMLINK_INSTALL=1 -DCMAKE_INSTALL_PREFIX=/home/user/cartographer_ws_docker/install/cartographer_rviz
[0.031s] -- The C compiler identification is GNU 11.4.0
[0.056s] -- The CXX compiler identification is GNU 11.4.0
[0.059s] -- Detecting C compiler ABI info
[0.090s] -- Detecting C compiler ABI info - done
[0.094s] -- Check for working C compiler: /usr/bin/cc - skipped
[0.094s] -- Detecting C compile features
[0.094s] -- Detecting C compile features - done
[0.095s] -- Detecting CXX compiler ABI info
[0.132s] -- Detecting CXX compiler ABI info - done
[0.135s] -- Check for working CXX compiler: /usr/bin/c++ - skipped
[0.136s] -- Detecting CXX compile features
[0.136s] -- Detecting CXX compile features - done
[0.137s] -- Found ament_cmake: 1.3.9 (/opt/ros/humble/share/ament_cmake/cmake)
[0.208s] -- Found Python3: /usr/bin/python3 (found version "3.10.12") found components: Interpreter 
[0.237s] -- Override CMake install command with custom implementation using symlinks instead of copying resources
[0.251s] -- Looking for pthread.h
[0.286s] -- Looking for pthread.h - found
[0.286s] -- Performing Test CMAKE_HAVE_LIBC_PTHREAD
[0.320s] -- Performing Test CMAKE_HAVE_LIBC_PTHREAD - Success
[0.320s] -- Found Threads: TRUE  
[0.324s] -- Found required Ceres dependency: Eigen version 3.4.0 in /usr/include/eigen3
[0.326s] -- Found required Ceres dependency: glog
[0.326s] -- Found required Ceres dependency: gflags
[0.327s] -- Found Ceres version: 2.0.0 installed in: /usr with components: [EigenSparse, SparseLinearAlgebraLibrary, LAPACK, SuiteSparse, CXSparse, SchurSpecializations, Multithreading]
[0.331s] -- Build type: Release
[0.335s] ファイル /home/user/cartographer_ws_docker/build/cartographer_rviz/AllFiles.cmake と - は異なります
[0.341s] -- Found Boost: /usr/lib/x86_64-linux-gnu/cmake/Boost-1.74.0/BoostConfig.cmake (found version "1.74.0") found components: iostreams 
[0.341s] -- Found cartographer_ros: 2.0.9003 (/home/user/cartographer_ws_docker/install/cartographer_ros/share/cartographer_ros/cmake)
[0.359s] -- Found rosidl_generator_c: 3.1.5 (/opt/ros/humble/share/rosidl_generator_c/cmake)
[0.362s] -- Found rosidl_adapter: 3.1.5 (/opt/ros/humble/share/rosidl_adapter/cmake)
[0.366s] -- Found rosidl_generator_cpp: 3.1.5 (/opt/ros/humble/share/rosidl_generator_cpp/cmake)
[0.372s] -- Using all available rosidl_typesupport_c: rosidl_typesupport_fastrtps_c;rosidl_typesupport_introspection_c
[0.382s] -- Using all available rosidl_typesupport_cpp: rosidl_typesupport_fastrtps_cpp;rosidl_typesupport_introspection_cpp
[0.571s] -- Found rmw_implementation_cmake: 6.1.2 (/opt/ros/humble/share/rmw_implementation_cmake/cmake)
[0.572s] -- Found rmw_fastrtps_cpp: 6.2.6 (/opt/ros/humble/share/rmw_fastrtps_cpp/cmake)
[0.618s] -- Found OpenSSL: /usr/lib/x86_64-linux-gnu/libcrypto.so (found version "3.0.2")  
[0.631s] -- Found FastRTPS: /opt/ros/humble/include  
[0.654s] -- Using RMW implementation 'rmw_fastrtps_cpp' as default
[1.226s] -- Found rviz_common: 11.2.12 (/opt/ros/humble/share/rviz_common/cmake)
[1.241s] -- Setting OGRE_DIR to: '/opt/ros/humble/share/rviz_ogre_vendor/cmake/../../../opt/rviz_ogre_vendor/lib/OGRE/cmake'
[1.242s] -- Found OGRE
[1.242s] --   static     : OFF
[1.242s] --   components : HLMS;MeshLodGenerator;Overlay;Paging;Property;RTShaderSystem;Terrain;Volume
[1.242s] --   plugins    : Plugin_BSPSceneManager;Plugin_OctreeSceneManager;Plugin_PCZSceneManager;Plugin_ParticleFX;RenderSystem_GL;RenderSystem_GL3Plus;Codec_STBI
[1.242s] --   media      : /opt/ros/humble/opt/rviz_ogre_vendor/share/OGRE/Media
[1.242s] -- OGRE_LIBRARIES: OgreHLMS;OgreMeshLodGenerator;OgreOverlay;OgrePaging;OgreProperty;OgreRTShaderSystem;OgreTerrain;OgreVolume;OgreMain
[1.242s] -- OGRE_LIBRARY_DIRS: /opt/ros/humble/opt/rviz_ogre_vendor/lib
[1.243s] -- OGRE_PLUGINS: Plugin_BSPSceneManager;Plugin_OctreeSceneManager;Plugin_PCZSceneManager;Plugin_ParticleFX;RenderSystem_GL;RenderSystem_GL3Plus;Codec_STBI
[1.243s] -- OGRE_PLUGIN_DIR: /opt/ros/humble/opt/rviz_ogre_vendor/lib/OGRE
[1.243s] -- rviz_ogre_vendor::OgreOverlay for IMPORTED_LOCATION_RELEASE: /opt/ros/humble/opt/rviz_ogre_vendor/lib/libOgreOverlay.so
[1.243s] -- rviz_ogre_vendor::OgreOverlay for IMPORTED_LOCATION_DEBUG: /opt/ros/humble/opt/rviz_ogre_vendor/lib/libOgreOverlay.so
[1.243s] -- rviz_ogre_vendor::OgreMain for IMPORTED_LOCATION_RELEASE: /opt/ros/humble/opt/rviz_ogre_vendor/lib/libOgreMain.so
[1.243s] -- rviz_ogre_vendor::OgreMain for IMPORTED_LOCATION_DEBUG: /opt/ros/humble/opt/rviz_ogre_vendor/lib/libOgreMain.so
[1.252s] -- Found ZLIB: /usr/lib/x86_64-linux-gnu/libz.so (found version "1.2.11") 
[1.254s] -- Found OpenGL: /usr/lib/x86_64-linux-gnu/libOpenGL.so   
[1.294s] -- Found X11: /usr/include   
[1.294s] -- Looking for XOpenDisplay in /usr/lib/x86_64-linux-gnu/libX11.so;/usr/lib/x86_64-linux-gnu/libXext.so
[1.329s] -- Looking for XOpenDisplay in /usr/lib/x86_64-linux-gnu/libX11.so;/usr/lib/x86_64-linux-gnu/libXext.so - found
[1.329s] -- Looking for gethostbyname
[1.362s] -- Looking for gethostbyname - found
[1.363s] -- Looking for connect
[1.396s] -- Looking for connect - found
[1.396s] -- Looking for remove
[1.428s] -- Looking for remove - found
[1.428s] -- Looking for shmat
[1.461s] -- Looking for shmat - found
[1.461s] -- Looking for IceConnectionNumber in ICE
[1.495s] -- Looking for IceConnectionNumber in ICE - found
[1.496s] -- rviz_ogre_vendor::RenderSystem_GL for IMPORTED_LOCATION_RELEASE: _render_system_gl_static_library_abs-NOTFOUND
[1.496s] -- rviz_ogre_vendor::RenderSystem_GL for IMPORTED_LOCATION_DEBUG: _render_system_gl_static_library_abs-NOTFOUND
[1.532s] -- library: /usr/lib/x86_64-linux-gnu/libcurl.so
[1.557s] -- Found Eigen3: TRUE (found version "3.4.0") 
[1.557s] -- Ensuring Eigen3 include directory is part of orocos-kdl CMake target
[1.845s] -- Deploy OGRE media
[1.846s] -- Configuring done
[1.874s] -- Generating done
[1.876s] -- Build files have been written to: /home/user/cartographer_ws_docker/build/cartographer_rviz
[1.884s] Invoked command in '/home/user/cartographer_ws_docker/build/cartographer_rviz' returned '0': CMAKE_PREFIX_PATH=/home/user/cartographer_ws_docker/install/cartographer_ros:/home/user/cartographer_ws_docker/install/cartographer_ros_msgs:/home/user/cartographer_ws_docker/install/cartographer:/home/user/cartographer_ws_docker/install/cartographer_rviz:/home/user/doly_ws/install/turtlebot3_multi_robot:/opt/ros/humble LD_LIBRARY_PATH=/home/user/cartographer_ws_docker/install/cartographer_ros_msgs/lib:/home/user/cartographer_ws_docker/install/cartographer_rviz/lib:/home/user/cartographer_ws_docker/install/cartographer_ros/lib:/usr/lib/x86_64-linux-gnu/gazebo-11/plugins:/opt/ros/humble/opt/rviz_ogre_vendor/lib:/opt/ros/humble/lib/x86_64-linux-gnu:/opt/ros/humble/lib:/home/user/openpose/build/src/openpose:/usr/local/cuda/lib64:/usr/lib/x86_64-linux-gnu/gazebo-11/plugins /usr/bin/cmake /home/user/cartographer_ws_docker/src/cartographer_ros/cartographer_rviz -DAMENT_CMAKE_SYMLINK_INSTALL=1 -DCMAKE_INSTALL_PREFIX=/home/user/cartographer_ws_docker/install/cartographer_rviz
[1.884s] Invoking command in '/home/user/cartographer_ws_docker/build/cartographer_rviz': CMAKE_PREFIX_PATH=/home/user/cartographer_ws_docker/install/cartographer_ros:/home/user/cartographer_ws_docker/install/cartographer_ros_msgs:/home/user/cartographer_ws_docker/install/cartographer:/home/user/cartographer_ws_docker/install/cartographer_rviz:/home/user/doly_ws/install/turtlebot3_multi_robot:/opt/ros/humble LD_LIBRARY_PATH=/home/user/cartographer_ws_docker/install/cartographer_ros_msgs/lib:/home/user/cartographer_ws_docker/install/cartographer_rviz/lib:/home/user/cartographer_ws_docker/install/cartographer_ros/lib:/usr/lib/x86_64-linux-gnu/gazebo-11/plugins:/opt/ros/humble/opt/rviz_ogre_vendor/lib:/opt/ros/humble/lib/x86_64-linux-gnu:/opt/ros/humble/lib:/home/user/openpose/build/src/openpose:/usr/local/cuda/lib64:/usr/lib/x86_64-linux-gnu/gazebo-11/plugins /usr/bin/cmake --build /home/user/cartographer_ws_docker/build/cartographer_rviz -- -j24 -l24
[1.910s] [ 16%] [34m[1mAutomatic MOC for target cartographer_rviz[0m
[1.912s] [ 16%] Built target cartographer_rviz_detect_changes
[3.043s] [ 16%] Built target cartographer_rviz_autogen
[3.055s] [ 33%] [32mBuilding CXX object CMakeFiles/cartographer_rviz.dir/cartographer_rviz_autogen/mocs_compilation.cpp.o[0m
[3.055s] [ 50%] [32mBuilding CXX object CMakeFiles/cartographer_rviz.dir/src/drawable_submap.cpp.o[0m
[3.055s] [ 66%] [32mBuilding CXX object CMakeFiles/cartographer_rviz.dir/src/ogre_slice.cpp.o[0m
[3.055s] [ 83%] [32mBuilding CXX object CMakeFiles/cartographer_rviz.dir/src/submaps_display.cpp.o[0m
[12.459s] [100%] [32m[1mLinking CXX shared library libcartographer_rviz.so[0m
[13.015s] [100%] Built target cartographer_rviz
[13.023s] Invoked command in '/home/user/cartographer_ws_docker/build/cartographer_rviz' returned '0': CMAKE_PREFIX_PATH=/home/user/cartographer_ws_docker/install/cartographer_ros:/home/user/cartographer_ws_docker/install/cartographer_ros_msgs:/home/user/cartographer_ws_docker/install/cartographer:/home/user/cartographer_ws_docker/install/cartographer_rviz:/home/user/doly_ws/install/turtlebot3_multi_robot:/opt/ros/humble LD_LIBRARY_PATH=/home/user/cartographer_ws_docker/install/cartographer_ros_msgs/lib:/home/user/cartographer_ws_docker/install/cartographer_rviz/lib:/home/user/cartographer_ws_docker/install/cartographer_ros/lib:/usr/lib/x86_64-linux-gnu/gazebo-11/plugins:/opt/ros/humble/opt/rviz_ogre_vendor/lib:/opt/ros/humble/lib/x86_64-linux-gnu:/opt/ros/humble/lib:/home/user/openpose/build/src/openpose:/usr/local/cuda/lib64:/usr/lib/x86_64-linux-gnu/gazebo-11/plugins /usr/bin/cmake --build /home/user/cartographer_ws_docker/build/cartographer_rviz -- -j24 -l24
[13.041s] Invoking command in '/home/user/cartographer_ws_docker/build/cartographer_rviz': CMAKE_PREFIX_PATH=/home/user/cartographer_ws_docker/install/cartographer_ros:/home/user/cartographer_ws_docker/install/cartographer_ros_msgs:/home/user/cartographer_ws_docker/install/cartographer:/home/user/cartographer_ws_docker/install/cartographer_rviz:/home/user/doly_ws/install/turtlebot3_multi_robot:/opt/ros/humble LD_LIBRARY_PATH=/home/user/cartographer_ws_docker/install/cartographer_ros_msgs/lib:/home/user/cartographer_ws_docker/install/cartographer_rviz/lib:/home/user/cartographer_ws_docker/install/cartographer_ros/lib:/usr/lib/x86_64-linux-gnu/gazebo-11/plugins:/opt/ros/humble/opt/rviz_ogre_vendor/lib:/opt/ros/humble/lib/x86_64-linux-gnu:/opt/ros/humble/lib:/home/user/openpose/build/src/openpose:/usr/local/cuda/lib64:/usr/lib/x86_64-linux-gnu/gazebo-11/plugins /usr/bin/cmake --install /home/user/cartographer_ws_docker/build/cartographer_rviz
[13.044s] -- Install configuration: "Release"
[13.044s] -- Execute custom install script
[13.045s] -- Symlinking: /home/user/cartographer_ws_docker/install/cartographer_rviz/share/cartographer_rviz//rviz_plugin_description.xml
[13.048s] -- Symlinking: /home/user/cartographer_ws_docker/install/cartographer_rviz/include//cartographer_rviz/drawable_submap.h
[13.052s] -- Symlinking: /home/user/cartographer_ws_docker/install/cartographer_rviz/include//cartographer_rviz/ogre_slice.h
[13.056s] -- Symlinking: /home/user/cartographer_ws_docker/install/cartographer_rviz/include//cartographer_rviz/submaps_display.h
[13.059s] -- Symlinking: /home/user/cartographer_ws_docker/install/cartographer_rviz/share/cartographer_rviz/environment/library_path.sh
[13.063s] -- Symlinking: /home/user/cartographer_ws_docker/install/cartographer_rviz/share/cartographer_rviz/environment/library_path.dsv
[13.067s] -- Symlinking: /home/user/cartographer_ws_docker/install/cartographer_rviz/share/ament_index/resource_index/package_run_dependencies/cartographer_rviz
[13.071s] -- Symlinking: /home/user/cartographer_ws_docker/install/cartographer_rviz/share/ament_index/resource_index/parent_prefix_path/cartographer_rviz
[13.074s] -- Symlinking: /home/user/cartographer_ws_docker/install/cartographer_rviz/share/cartographer_rviz/environment/ament_prefix_path.sh
[13.078s] -- Symlinking: /home/user/cartographer_ws_docker/install/cartographer_rviz/share/cartographer_rviz/environment/ament_prefix_path.dsv
[13.082s] -- Symlinking: /home/user/cartographer_ws_docker/install/cartographer_rviz/share/cartographer_rviz/environment/path.sh
[13.085s] -- Symlinking: /home/user/cartographer_ws_docker/install/cartographer_rviz/share/cartographer_rviz/environment/path.dsv
[13.089s] -- Symlinking: /home/user/cartographer_ws_docker/install/cartographer_rviz/share/cartographer_rviz/local_setup.bash
[13.093s] -- Symlinking: /home/user/cartographer_ws_docker/install/cartographer_rviz/share/cartographer_rviz/local_setup.sh
[13.097s] -- Symlinking: /home/user/cartographer_ws_docker/install/cartographer_rviz/share/cartographer_rviz/local_setup.zsh
[13.100s] -- Symlinking: /home/user/cartographer_ws_docker/install/cartographer_rviz/share/cartographer_rviz/local_setup.dsv
[13.104s] -- Symlinking: /home/user/cartographer_ws_docker/install/cartographer_rviz/share/cartographer_rviz/package.dsv
[13.108s] -- Symlinking: /home/user/cartographer_ws_docker/install/cartographer_rviz/share/ament_index/resource_index/packages/cartographer_rviz
[13.111s] -- Symlinking: /home/user/cartographer_ws_docker/install/cartographer_rviz/share/ament_index/resource_index/rviz_common__pluginlib__plugin/cartographer_rviz
[13.115s] -- Symlinking: /home/user/cartographer_ws_docker/install/cartographer_rviz/share/ament_index/resource_index/rviz_ogre_media_exports/cartographer_rviz
[13.119s] -- Symlinking: /home/user/cartographer_ws_docker/install/cartographer_rviz/share/cartographer_rviz/cmake/ament_cmake_export_include_directories-extras.cmake
[13.122s] -- Symlinking: /home/user/cartographer_ws_docker/install/cartographer_rviz/share/cartographer_rviz/cmake/ament_cmake_export_targets-extras.cmake
[13.126s] -- Symlinking: /home/user/cartographer_ws_docker/install/cartographer_rviz/share/cartographer_rviz/cmake/ament_cmake_export_dependencies-extras.cmake
[13.130s] -- Symlinking: /home/user/cartographer_ws_docker/install/cartographer_rviz/share/cartographer_rviz/cmake/cartographer_rvizConfig.cmake
[13.133s] -- Symlinking: /home/user/cartographer_ws_docker/install/cartographer_rviz/share/cartographer_rviz/cmake/cartographer_rvizConfig-version.cmake
[13.137s] -- Symlinking: /home/user/cartographer_ws_docker/install/cartographer_rviz/share/cartographer_rviz/package.xml
[13.141s] -- Installing: /home/user/cartographer_ws_docker/install/cartographer_rviz/lib/libcartographer_rviz.so
[13.144s] -- Set runtime path of "/home/user/cartographer_ws_docker/install/cartographer_rviz/lib/libcartographer_rviz.so" to ""
[13.144s] -- Installing: /home/user/cartographer_ws_docker/install/cartographer_rviz/share/cartographer_rviz/ogre_media/materials/glsl120
[13.144s] -- Installing: /home/user/cartographer_ws_docker/install/cartographer_rviz/share/cartographer_rviz/ogre_media/materials/glsl120/submap.frag
[13.144s] -- Installing: /home/user/cartographer_ws_docker/install/cartographer_rviz/share/cartographer_rviz/ogre_media/materials/glsl120/submap.vert
[13.144s] -- Installing: /home/user/cartographer_ws_docker/install/cartographer_rviz/share/cartographer_rviz/ogre_media/materials/glsl120/glsl120.program
[13.144s] -- Installing: /home/user/cartographer_ws_docker/install/cartographer_rviz/share/cartographer_rviz/ogre_media/materials/scripts
[13.144s] -- Installing: /home/user/cartographer_ws_docker/install/cartographer_rviz/share/cartographer_rviz/ogre_media/materials/scripts/submap.material
[13.144s] -- Installing: /home/user/cartographer_ws_docker/install/cartographer_rviz/share/cartographer_rviz/cmake/cartographer_rvizExport.cmake
[13.144s] -- Installing: /home/user/cartographer_ws_docker/install/cartographer_rviz/share/cartographer_rviz/cmake/cartographer_rvizExport-release.cmake
[13.145s] Invoked command in '/home/user/cartographer_ws_docker/build/cartographer_rviz' returned '0': CMAKE_PREFIX_PATH=/home/user/cartographer_ws_docker/install/cartographer_ros:/home/user/cartographer_ws_docker/install/cartographer_ros_msgs:/home/user/cartographer_ws_docker/install/cartographer:/home/user/cartographer_ws_docker/install/cartographer_rviz:/home/user/doly_ws/install/turtlebot3_multi_robot:/opt/ros/humble LD_LIBRARY_PATH=/home/user/cartographer_ws_docker/install/cartographer_ros_msgs/lib:/home/user/cartographer_ws_docker/install/cartographer_rviz/lib:/home/user/cartographer_ws_docker/install/cartographer_ros/lib:/usr/lib/x86_64-linux-gnu/gazebo-11/plugins:/opt/ros/humble/opt/rviz_ogre_vendor/lib:/opt/ros/humble/lib/x86_64-linux-gnu:/opt/ros/humble/lib:/home/user/openpose/build/src/openpose:/usr/local/cuda/lib64:/usr/lib/x86_64-linux-gnu/gazebo-11/plugins /usr/bin/cmake --install /home/user/cartographer_ws_docker/build/cartographer_rviz
