[0.004s] Invoking command in '/home/user/cartographer_ws_docker/build/cartographer_ros': AMENT_PREFIX_PATH=/home/user/cartographer_ws_docker/install/cartographer_ros_msgs:${AMENT_PREFIX_PATH} CMAKE_PREFIX_PATH=/home/user/cartographer_ws_docker/install/cartographer_ros_msgs:/home/user/cartographer_ws_docker/install/cartographer:/home/user/doly_ws/install/turtlebot3_multi_robot:/opt/ros/humble LD_LIBRARY_PATH=/home/user/cartographer_ws_docker/install/cartographer_ros_msgs/lib:/usr/lib/x86_64-linux-gnu/gazebo-11/plugins:/opt/ros/humble/opt/rviz_ogre_vendor/lib:/opt/ros/humble/lib/x86_64-linux-gnu:/opt/ros/humble/lib:/home/user/openpose/build/src/openpose:/usr/local/cuda/lib64:/usr/lib/x86_64-linux-gnu/gazebo-11/plugins PATH=/home/user/cartographer_ws_docker/install/cartographer/bin:${PATH} PKG_CONFIG_PATH=/home/user/cartographer_ws_docker/install/cartographer/lib/x86_64-linux-gnu/pkgconfig:/home/user/cartographer_ws_docker/install/cartographer/lib/pkgconfig PYTHONPATH=/home/user/cartographer_ws_docker/install/cartographer_ros_msgs/local/lib/python3.10/dist-packages:${PYTHONPATH} /usr/bin/cmake /home/user/cartographer_ws_docker/src/cartographer_ros/cartographer_ros -DAMENT_CMAKE_SYMLINK_INSTALL=1 -DCMAKE_INSTALL_PREFIX=/home/user/cartographer_ws_docker/install/cartographer_ros
[0.028s] -- The C compiler identification is GNU 11.4.0
[0.054s] -- The CXX compiler identification is GNU 11.4.0
[0.057s] -- Detecting C compiler ABI info
[0.088s] -- Detecting C compiler ABI info - done
[0.092s] -- Check for working C compiler: /usr/bin/cc - skipped
[0.092s] -- Detecting C compile features
[0.092s] -- Detecting C compile features - done
[0.094s] -- Detecting CXX compiler ABI info
[0.130s] -- Detecting CXX compiler ABI info - done
[0.134s] -- Check for working CXX compiler: /usr/bin/c++ - skipped
[0.134s] -- Detecting CXX compile features
[0.134s] -- Detecting CXX compile features - done
[0.135s] -- Found ament_cmake: 1.3.9 (/opt/ros/humble/share/ament_cmake/cmake)
[0.207s] -- Found Python3: /usr/bin/python3 (found version "3.10.12") found components: Interpreter 
[0.236s] -- Override CMake install command with custom implementation using symlinks instead of copying resources
[0.247s] -- Found builtin_interfaces: 1.2.1 (/opt/ros/humble/share/builtin_interfaces/cmake)
[0.263s] -- Found rosidl_generator_c: 3.1.5 (/opt/ros/humble/share/rosidl_generator_c/cmake)
[0.266s] -- Found rosidl_adapter: 3.1.5 (/opt/ros/humble/share/rosidl_adapter/cmake)
[0.270s] -- Found rosidl_generator_cpp: 3.1.5 (/opt/ros/humble/share/rosidl_generator_cpp/cmake)
[0.276s] -- Using all available rosidl_typesupport_c: rosidl_typesupport_fastrtps_c;rosidl_typesupport_introspection_c
[0.285s] -- Using all available rosidl_typesupport_cpp: rosidl_typesupport_fastrtps_cpp;rosidl_typesupport_introspection_cpp
[0.295s] -- Looking for pthread.h
[0.330s] -- Looking for pthread.h - found
[0.330s] -- Performing Test CMAKE_HAVE_LIBC_PTHREAD
[0.364s] -- Performing Test CMAKE_HAVE_LIBC_PTHREAD - Success
[0.364s] -- Found Threads: TRUE  
[0.367s] -- Found required Ceres dependency: Eigen version 3.4.0 in /usr/include/eigen3
[0.370s] -- Found required Ceres dependency: glog
[0.370s] -- Found required Ceres dependency: gflags
[0.370s] -- Found Ceres version: 2.0.0 installed in: /usr with components: [EigenSparse, SparseLinearAlgebraLibrary, LAPACK, SuiteSparse, CXSparse, SchurSpecializations, Multithreading]
[0.375s] -- Found cartographer_ros_msgs: 2.0.9003 (/home/user/cartographer_ws_docker/install/cartographer_ros_msgs/share/cartographer_ros_msgs/cmake)
[0.477s] -- Checking for module 'eigen3'
[0.489s] --   Found eigen3, version 3.4.0
[0.502s] -- Found Eigen: /usr/include/eigen3 (Required is at least version "3.1") 
[0.502s] -- Eigen found (include: /usr/include/eigen3, version: 3.4.0)
[0.511s] -- Found Boost: /usr/lib/x86_64-linux-gnu/cmake/Boost-1.74.0/BoostConfig.cmake (found suitable version "1.74.0", minimum required is "1.65.0") found components: system filesystem date_time iostreams serialization 
[0.512s] -- looking for PCL_COMMON
[0.513s] -- Found PCL_COMMON: /usr/lib/x86_64-linux-gnu/libpcl_common.so  
[0.513s] -- Found PCL: pcl_common;Boost::system;Boost::filesystem;Boost::date_time;Boost::iostreams;Boost::serialization  
[0.514s] -- Found nav_msgs: 4.2.4 (/opt/ros/humble/share/nav_msgs/cmake)
[0.555s] -- Found pcl_conversions: 2.4.0 (/opt/ros/humble/share/pcl_conversions/cmake)
[0.586s] -- Found rmw_implementation_cmake: 6.1.2 (/opt/ros/humble/share/rmw_implementation_cmake/cmake)
[0.588s] -- Found rmw_fastrtps_cpp: 6.2.6 (/opt/ros/humble/share/rmw_fastrtps_cpp/cmake)
[0.639s] -- Found OpenSSL: /usr/lib/x86_64-linux-gnu/libcrypto.so (found version "3.0.2")  
[0.653s] -- Found FastRTPS: /opt/ros/humble/include  
[0.675s] -- Using RMW implementation 'rmw_fastrtps_cpp' as default
[0.873s] -- Found rosbag2_cpp: 0.15.11 (/opt/ros/humble/share/rosbag2_cpp/cmake)
[0.895s] -- Found tf2: 0.25.7 (/opt/ros/humble/share/tf2/cmake)
[0.899s] -- Found tf2_eigen: 0.25.7 (/opt/ros/humble/share/tf2_eigen/cmake)
[1.068s] -- Found urdf: 2.6.0 (/opt/ros/humble/share/urdf/cmake)
[1.072s] -- Found visualization_msgs: 4.2.4 (/opt/ros/humble/share/visualization_msgs/cmake)
[1.538s] -- Configuring done
[1.601s] -- Generating done
[1.602s] -- Build files have been written to: /home/user/cartographer_ws_docker/build/cartographer_ros
[1.609s] Invoked command in '/home/user/cartographer_ws_docker/build/cartographer_ros' returned '0': AMENT_PREFIX_PATH=/home/user/cartographer_ws_docker/install/cartographer_ros_msgs:${AMENT_PREFIX_PATH} CMAKE_PREFIX_PATH=/home/user/cartographer_ws_docker/install/cartographer_ros_msgs:/home/user/cartographer_ws_docker/install/cartographer:/home/user/doly_ws/install/turtlebot3_multi_robot:/opt/ros/humble LD_LIBRARY_PATH=/home/user/cartographer_ws_docker/install/cartographer_ros_msgs/lib:/usr/lib/x86_64-linux-gnu/gazebo-11/plugins:/opt/ros/humble/opt/rviz_ogre_vendor/lib:/opt/ros/humble/lib/x86_64-linux-gnu:/opt/ros/humble/lib:/home/user/openpose/build/src/openpose:/usr/local/cuda/lib64:/usr/lib/x86_64-linux-gnu/gazebo-11/plugins PATH=/home/user/cartographer_ws_docker/install/cartographer/bin:${PATH} PKG_CONFIG_PATH=/home/user/cartographer_ws_docker/install/cartographer/lib/x86_64-linux-gnu/pkgconfig:/home/user/cartographer_ws_docker/install/cartographer/lib/pkgconfig PYTHONPATH=/home/user/cartographer_ws_docker/install/cartographer_ros_msgs/local/lib/python3.10/dist-packages:${PYTHONPATH} /usr/bin/cmake /home/user/cartographer_ws_docker/src/cartographer_ros/cartographer_ros -DAMENT_CMAKE_SYMLINK_INSTALL=1 -DCMAKE_INSTALL_PREFIX=/home/user/cartographer_ws_docker/install/cartographer_ros
[1.610s] Invoking command in '/home/user/cartographer_ws_docker/build/cartographer_ros': AMENT_PREFIX_PATH=/home/user/cartographer_ws_docker/install/cartographer_ros_msgs:${AMENT_PREFIX_PATH} CMAKE_PREFIX_PATH=/home/user/cartographer_ws_docker/install/cartographer_ros_msgs:/home/user/cartographer_ws_docker/install/cartographer:/home/user/doly_ws/install/turtlebot3_multi_robot:/opt/ros/humble LD_LIBRARY_PATH=/home/user/cartographer_ws_docker/install/cartographer_ros_msgs/lib:/usr/lib/x86_64-linux-gnu/gazebo-11/plugins:/opt/ros/humble/opt/rviz_ogre_vendor/lib:/opt/ros/humble/lib/x86_64-linux-gnu:/opt/ros/humble/lib:/home/user/openpose/build/src/openpose:/usr/local/cuda/lib64:/usr/lib/x86_64-linux-gnu/gazebo-11/plugins PATH=/home/user/cartographer_ws_docker/install/cartographer/bin:${PATH} PKG_CONFIG_PATH=/home/user/cartographer_ws_docker/install/cartographer/lib/x86_64-linux-gnu/pkgconfig:/home/user/cartographer_ws_docker/install/cartographer/lib/pkgconfig PYTHONPATH=/home/user/cartographer_ws_docker/install/cartographer_ros_msgs/local/lib/python3.10/dist-packages:${PYTHONPATH} /usr/bin/cmake --build /home/user/cartographer_ws_docker/build/cartographer_ros -- -j24 -l24
[1.636s] [  2%] [32mBuilding CXX object CMakeFiles/cartographer_ros.dir/src/assets_writer.cpp.o[0m
[1.636s] [  5%] [32mBuilding CXX object CMakeFiles/cartographer_ros.dir/src/map_builder_bridge.cpp.o[0m
[1.636s] [  8%] [32mBuilding CXX object CMakeFiles/cartographer_ros.dir/src/msg_conversion.cpp.o[0m
[1.636s] [ 11%] [32mBuilding CXX object CMakeFiles/cartographer_ros.dir/src/node_constants.cpp.o[0m
[1.636s] [ 17%] [32mBuilding CXX object CMakeFiles/cartographer_ros.dir/src/node.cpp.o[0m
[1.636s] [ 17%] [32mBuilding CXX object CMakeFiles/cartographer_ros.dir/src/node_options.cpp.o[0m
[1.637s] [ 22%] [32mBuilding CXX object CMakeFiles/cartographer_ros.dir/src/playable_bag.cpp.o[0m
[1.637s] [ 22%] [32mBuilding CXX object CMakeFiles/cartographer_ros.dir/src/offline_node.cpp.o[0m
[1.639s] [ 25%] [32mBuilding CXX object CMakeFiles/cartographer_ros.dir/src/time_conversion.cpp.o[0m
[1.639s] [ 34%] [32mBuilding CXX object CMakeFiles/cartographer_ros.dir/src/ros_log_sink.cpp.o[0m
[1.639s] [ 34%] [32mBuilding CXX object CMakeFiles/cartographer_ros.dir/src/ros_map.cpp.o[0m
[1.639s] [ 37%] [32mBuilding CXX object CMakeFiles/cartographer_ros.dir/src/sensor_bridge.cpp.o[0m
[1.639s] [ 40%] [32mBuilding CXX object CMakeFiles/cartographer_ros.dir/src/trajectory_options.cpp.o[0m
[1.640s] [ 40%] [32mBuilding CXX object CMakeFiles/cartographer_ros.dir/src/ros_map_writing_points_processor.cpp.o[0m
[1.640s] [ 42%] [32mBuilding CXX object CMakeFiles/cartographer_ros.dir/src/submap.cpp.o[0m
[1.640s] [ 45%] [32mBuilding CXX object CMakeFiles/cartographer_ros.dir/src/urdf_reader.cpp.o[0m
[1.640s] [ 48%] [32mBuilding CXX object CMakeFiles/cartographer_ros.dir/src/tf_bridge.cpp.o[0m
[1.640s] [ 54%] [32mBuilding CXX object CMakeFiles/cartographer_ros.dir/src/metrics/internal/family.cpp.o[0m
[1.640s] [ 54%] [32mBuilding CXX object CMakeFiles/cartographer_ros.dir/src/metrics/family_factory.cpp.o[0m
[1.642s] [ 57%] [32mBuilding CXX object CMakeFiles/cartographer_ros.dir/src/metrics/internal/histogram.cpp.o[0m
[20.873s] [ 60%] [32m[1mLinking CXX static library libcartographer_ros.a[0m
[21.312s] [ 60%] Built target cartographer_ros
[21.323s] [ 65%] [32mBuilding CXX object CMakeFiles/cartographer_pbstream_to_ros_map.dir/src/pbstream_to_ros_map_main.cpp.o[0m
[21.323s] [ 68%] [32mBuilding CXX object CMakeFiles/cartographer_offline_node.dir/src/offline_node_main.cpp.o[0m
[21.323s] [ 68%] [32mBuilding CXX object CMakeFiles/cartographer_node.dir/src/node_main.cpp.o[0m
[21.323s] [ 71%] [32mBuilding CXX object CMakeFiles/cartographer_assets_writer.dir/src/assets_writer_main.cpp.o[0m
[21.323s] [ 74%] [32mBuilding CXX object CMakeFiles/cartographer_occupancy_grid_node.dir/src/occupancy_grid_node_main.cpp.o[0m
[21.323s] [ 77%] [32mBuilding CXX object CMakeFiles/cartographer_pbstream_map_publisher.dir/src/pbstream_map_publisher_main.cpp.o[0m
[21.323s] [ 80%] [32mBuilding CXX object CMakeFiles/cartographer_rosbag_validate.dir/src/rosbag_validate_main.cpp.o[0m
[24.540s] [ 82%] [32m[1mLinking CXX executable cartographer_offline_node[0m
[24.770s] [ 85%] [32m[1mLinking CXX executable cartographer_pbstream_to_ros_map[0m
[25.012s] [ 85%] Built target cartographer_pbstream_to_ros_map
[25.245s] [ 88%] [32m[1mLinking CXX executable cartographer_assets_writer[0m
[25.699s] [ 91%] [32m[1mLinking CXX executable cartographer_node[0m
[25.711s] [ 91%] Built target cartographer_assets_writer
[26.233s] [ 94%] [32m[1mLinking CXX executable cartographer_pbstream_map_publisher[0m
[26.600s] [ 94%] Built target cartographer_pbstream_map_publisher
[26.765s] [ 97%] [32m[1mLinking CXX executable cartographer_rosbag_validate[0m
[27.002s] [ 97%] Built target cartographer_rosbag_validate
[27.133s] [ 97%] Built target cartographer_offline_node
[27.621s] [ 97%] Built target cartographer_node
[28.314s] [100%] [32m[1mLinking CXX executable cartographer_occupancy_grid_node[0m
[28.753s] [100%] Built target cartographer_occupancy_grid_node
[28.762s] Invoked command in '/home/user/cartographer_ws_docker/build/cartographer_ros' returned '0': AMENT_PREFIX_PATH=/home/user/cartographer_ws_docker/install/cartographer_ros_msgs:${AMENT_PREFIX_PATH} CMAKE_PREFIX_PATH=/home/user/cartographer_ws_docker/install/cartographer_ros_msgs:/home/user/cartographer_ws_docker/install/cartographer:/home/user/doly_ws/install/turtlebot3_multi_robot:/opt/ros/humble LD_LIBRARY_PATH=/home/user/cartographer_ws_docker/install/cartographer_ros_msgs/lib:/usr/lib/x86_64-linux-gnu/gazebo-11/plugins:/opt/ros/humble/opt/rviz_ogre_vendor/lib:/opt/ros/humble/lib/x86_64-linux-gnu:/opt/ros/humble/lib:/home/user/openpose/build/src/openpose:/usr/local/cuda/lib64:/usr/lib/x86_64-linux-gnu/gazebo-11/plugins PATH=/home/user/cartographer_ws_docker/install/cartographer/bin:${PATH} PKG_CONFIG_PATH=/home/user/cartographer_ws_docker/install/cartographer/lib/x86_64-linux-gnu/pkgconfig:/home/user/cartographer_ws_docker/install/cartographer/lib/pkgconfig PYTHONPATH=/home/user/cartographer_ws_docker/install/cartographer_ros_msgs/local/lib/python3.10/dist-packages:${PYTHONPATH} /usr/bin/cmake --build /home/user/cartographer_ws_docker/build/cartographer_ros -- -j24 -l24
[28.800s] Invoking command in '/home/user/cartographer_ws_docker/build/cartographer_ros': AMENT_PREFIX_PATH=/home/user/cartographer_ws_docker/install/cartographer_ros_msgs:${AMENT_PREFIX_PATH} CMAKE_PREFIX_PATH=/home/user/cartographer_ws_docker/install/cartographer_ros_msgs:/home/user/cartographer_ws_docker/install/cartographer:/home/user/doly_ws/install/turtlebot3_multi_robot:/opt/ros/humble LD_LIBRARY_PATH=/home/user/cartographer_ws_docker/install/cartographer_ros_msgs/lib:/usr/lib/x86_64-linux-gnu/gazebo-11/plugins:/opt/ros/humble/opt/rviz_ogre_vendor/lib:/opt/ros/humble/lib/x86_64-linux-gnu:/opt/ros/humble/lib:/home/user/openpose/build/src/openpose:/usr/local/cuda/lib64:/usr/lib/x86_64-linux-gnu/gazebo-11/plugins PATH=/home/user/cartographer_ws_docker/install/cartographer/bin:${PATH} PKG_CONFIG_PATH=/home/user/cartographer_ws_docker/install/cartographer/lib/x86_64-linux-gnu/pkgconfig:/home/user/cartographer_ws_docker/install/cartographer/lib/pkgconfig PYTHONPATH=/home/user/cartographer_ws_docker/install/cartographer_ros_msgs/local/lib/python3.10/dist-packages:${PYTHONPATH} /usr/bin/cmake --install /home/user/cartographer_ws_docker/build/cartographer_ros
[28.802s] -- Install configuration: ""
[28.803s] -- Execute custom install script
[28.803s] -- Symlinking: /home/user/cartographer_ws_docker/install/cartographer_ros/lib/libcartographer_ros.a
[28.807s] -- Symlinking: /home/user/cartographer_ws_docker/install/cartographer_ros/lib/cartographer_ros/cartographer_node
[28.810s] -- Symlinking: /home/user/cartographer_ws_docker/install/cartographer_ros/lib/cartographer_ros/cartographer_occupancy_grid_node
[28.814s] -- Symlinking: /home/user/cartographer_ws_docker/install/cartographer_ros/lib/cartographer_ros/cartographer_offline_node
[28.818s] -- Symlinking: /home/user/cartographer_ws_docker/install/cartographer_ros/lib/cartographer_ros/cartographer_assets_writer
[28.821s] -- Symlinking: /home/user/cartographer_ws_docker/install/cartographer_ros/lib/cartographer_ros/cartographer_pbstream_map_publisher
[28.825s] -- Symlinking: /home/user/cartographer_ws_docker/install/cartographer_ros/lib/cartographer_ros/cartographer_pbstream_to_ros_map
[28.828s] -- Symlinking: /home/user/cartographer_ws_docker/install/cartographer_ros/lib/cartographer_ros/cartographer_rosbag_validate
[28.832s] -- Symlinking: /home/user/cartographer_ws_docker/install/cartographer_ros/include//cartographer_ros/assets_writer.h
[28.836s] -- Symlinking: /home/user/cartographer_ws_docker/install/cartographer_ros/include//cartographer_ros/map_builder_bridge.h
[28.839s] -- Symlinking: /home/user/cartographer_ws_docker/install/cartographer_ros/include//cartographer_ros/metrics/family_factory.h
[28.843s] -- Symlinking: /home/user/cartographer_ws_docker/install/cartographer_ros/include//cartographer_ros/metrics/internal/counter.h
[28.846s] -- Symlinking: /home/user/cartographer_ws_docker/install/cartographer_ros/include//cartographer_ros/metrics/internal/family.h
[28.849s] -- Symlinking: /home/user/cartographer_ws_docker/install/cartographer_ros/include//cartographer_ros/metrics/internal/gauge.h
[28.853s] -- Symlinking: /home/user/cartographer_ws_docker/install/cartographer_ros/include//cartographer_ros/metrics/internal/histogram.h
[28.856s] -- Symlinking: /home/user/cartographer_ws_docker/install/cartographer_ros/include//cartographer_ros/msg_conversion.h
[28.860s] -- Symlinking: /home/user/cartographer_ws_docker/install/cartographer_ros/include//cartographer_ros/node.h
[28.863s] -- Symlinking: /home/user/cartographer_ws_docker/install/cartographer_ros/include//cartographer_ros/node_constants.h
[28.867s] -- Symlinking: /home/user/cartographer_ws_docker/install/cartographer_ros/include//cartographer_ros/node_options.h
[28.870s] -- Symlinking: /home/user/cartographer_ws_docker/install/cartographer_ros/include//cartographer_ros/offline_node.h
[28.874s] -- Symlinking: /home/user/cartographer_ws_docker/install/cartographer_ros/include//cartographer_ros/playable_bag.h
[28.877s] -- Symlinking: /home/user/cartographer_ws_docker/install/cartographer_ros/include//cartographer_ros/ros_log_sink.h
[28.881s] -- Symlinking: /home/user/cartographer_ws_docker/install/cartographer_ros/include//cartographer_ros/ros_map.h
[28.884s] -- Symlinking: /home/user/cartographer_ws_docker/install/cartographer_ros/include//cartographer_ros/ros_map_writing_points_processor.h
[28.888s] -- Symlinking: /home/user/cartographer_ws_docker/install/cartographer_ros/include//cartographer_ros/sensor_bridge.h
[28.891s] -- Symlinking: /home/user/cartographer_ws_docker/install/cartographer_ros/include//cartographer_ros/submap.h
[28.894s] -- Symlinking: /home/user/cartographer_ws_docker/install/cartographer_ros/include//cartographer_ros/tf_bridge.h
[28.898s] -- Symlinking: /home/user/cartographer_ws_docker/install/cartographer_ros/include//cartographer_ros/time_conversion.h
[28.901s] -- Symlinking: /home/user/cartographer_ws_docker/install/cartographer_ros/include//cartographer_ros/trajectory_options.h
[28.905s] -- Symlinking: /home/user/cartographer_ws_docker/install/cartographer_ros/include//cartographer_ros/urdf_reader.h
[28.908s] -- Symlinking: /home/user/cartographer_ws_docker/install/cartographer_ros/share/cartographer_ros//configuration_files/assets_writer_backpack_2d.lua
[28.912s] -- Symlinking: /home/user/cartographer_ws_docker/install/cartographer_ros/share/cartographer_ros//configuration_files/assets_writer_backpack_2d_ci.lua
[28.915s] -- Symlinking: /home/user/cartographer_ws_docker/install/cartographer_ros/share/cartographer_ros//configuration_files/assets_writer_backpack_3d.lua
[28.919s] -- Symlinking: /home/user/cartographer_ws_docker/install/cartographer_ros/share/cartographer_ros//configuration_files/assets_writer_ros_map.lua
[28.922s] -- Symlinking: /home/user/cartographer_ws_docker/install/cartographer_ros/share/cartographer_ros//configuration_files/backpack_2d.lua
[28.926s] -- Symlinking: /home/user/cartographer_ws_docker/install/cartographer_ros/share/cartographer_ros//configuration_files/backpack_2d_localization.lua
[28.929s] -- Symlinking: /home/user/cartographer_ws_docker/install/cartographer_ros/share/cartographer_ros//configuration_files/backpack_2d_localization_evaluation.lua
[28.932s] -- Symlinking: /home/user/cartographer_ws_docker/install/cartographer_ros/share/cartographer_ros//configuration_files/backpack_2d_server.lua
[28.936s] -- Symlinking: /home/user/cartographer_ws_docker/install/cartographer_ros/share/cartographer_ros//configuration_files/backpack_3d.lua
[28.939s] -- Symlinking: /home/user/cartographer_ws_docker/install/cartographer_ros/share/cartographer_ros//configuration_files/backpack_3d_localization.lua
[28.943s] -- Symlinking: /home/user/cartographer_ws_docker/install/cartographer_ros/share/cartographer_ros//configuration_files/cartographer.lua
[28.946s] -- Symlinking: /home/user/cartographer_ws_docker/install/cartographer_ros/share/cartographer_ros//configuration_files/demo_2d.rviz
[28.950s] -- Symlinking: /home/user/cartographer_ws_docker/install/cartographer_ros/share/cartographer_ros//configuration_files/demo_3d.rviz
[28.953s] -- Symlinking: /home/user/cartographer_ws_docker/install/cartographer_ros/share/cartographer_ros//configuration_files/mir-100-mapping.lua
[28.957s] -- Symlinking: /home/user/cartographer_ws_docker/install/cartographer_ros/share/cartographer_ros//configuration_files/my_config.lua
[28.960s] -- Symlinking: /home/user/cartographer_ws_docker/install/cartographer_ros/share/cartographer_ros//configuration_files/pr2.lua
[28.964s] -- Symlinking: /home/user/cartographer_ws_docker/install/cartographer_ros/share/cartographer_ros//configuration_files/revo_lds.lua
[28.967s] -- Symlinking: /home/user/cartographer_ws_docker/install/cartographer_ros/share/cartographer_ros//configuration_files/taurob_tracker.lua
[28.971s] -- Symlinking: /home/user/cartographer_ws_docker/install/cartographer_ros/share/cartographer_ros//configuration_files/transform.lua
[28.974s] -- Symlinking: /home/user/cartographer_ws_docker/install/cartographer_ros/share/cartographer_ros//configuration_files/turtlebot3.lua
[28.978s] -- Symlinking: /home/user/cartographer_ws_docker/install/cartographer_ros/share/cartographer_ros//configuration_files/visualize_pbstream.lua
[28.981s] -- Symlinking: /home/user/cartographer_ws_docker/install/cartographer_ros/share/cartographer_ros//urdf/backpack_2d.urdf
[28.985s] -- Symlinking: /home/user/cartographer_ws_docker/install/cartographer_ros/share/cartographer_ros//urdf/backpack_3d.urdf
[28.988s] -- Symlinking: /home/user/cartographer_ws_docker/install/cartographer_ros/share/cartographer_ros//urdf/mir-100.urdf
[28.992s] -- Symlinking: /home/user/cartographer_ws_docker/install/cartographer_ros/share/cartographer_ros//launch/assets_writer_backpack_2d.launch.py
[28.995s] -- Symlinking: /home/user/cartographer_ws_docker/install/cartographer_ros/share/cartographer_ros//launch/assets_writer_backpack_3d.launch.py
[28.999s] -- Symlinking: /home/user/cartographer_ws_docker/install/cartographer_ros/share/cartographer_ros//launch/assets_writer_ros_map.launch.py
[29.003s] -- Symlinking: /home/user/cartographer_ws_docker/install/cartographer_ros/share/cartographer_ros//launch/backpack_2d.launch.py
[29.006s] -- Symlinking: /home/user/cartographer_ws_docker/install/cartographer_ros/share/cartographer_ros//launch/backpack_3d.launch.py
[29.010s] -- Symlinking: /home/user/cartographer_ws_docker/install/cartographer_ros/share/cartographer_ros//launch/cartographer_node.launch.py
[29.013s] -- Symlinking: /home/user/cartographer_ws_docker/install/cartographer_ros/share/cartographer_ros//launch/cartographer_rviz.launch.py
[29.017s] -- Symlinking: /home/user/cartographer_ws_docker/install/cartographer_ros/share/cartographer_ros//launch/demo_backpack_2d.launch.py
[29.020s] -- Symlinking: /home/user/cartographer_ws_docker/install/cartographer_ros/share/cartographer_ros//launch/demo_backpack_2d_localization.launch.py
[29.024s] -- Symlinking: /home/user/cartographer_ws_docker/install/cartographer_ros/share/cartographer_ros//launch/demo_backpack_3d.launch.py
[29.027s] -- Symlinking: /home/user/cartographer_ws_docker/install/cartographer_ros/share/cartographer_ros//launch/demo_backpack_3d_localization.launch.py
[29.031s] -- Symlinking: /home/user/cartographer_ws_docker/install/cartographer_ros/share/cartographer_ros//launch/demo_pr2.launch
[29.034s] -- Symlinking: /home/user/cartographer_ws_docker/install/cartographer_ros/share/cartographer_ros//launch/demo_revo_lds.launch.py
[29.038s] -- Symlinking: /home/user/cartographer_ws_docker/install/cartographer_ros/share/cartographer_ros//launch/demo_taurob_tracker.launch.py
[29.041s] -- Symlinking: /home/user/cartographer_ws_docker/install/cartographer_ros/share/cartographer_ros//launch/grpc_demo_backpack_2d.launch
[29.045s] -- Symlinking: /home/user/cartographer_ws_docker/install/cartographer_ros/share/cartographer_ros//launch/grpc_demo_backpack_2d_localization.launch
[29.048s] -- Symlinking: /home/user/cartographer_ws_docker/install/cartographer_ros/share/cartographer_ros//launch/offline_backpack_2d.launch.py
[29.052s] -- Symlinking: /home/user/cartographer_ws_docker/install/cartographer_ros/share/cartographer_ros//launch/offline_backpack_3d.launch.py
[29.055s] -- Symlinking: /home/user/cartographer_ws_docker/install/cartographer_ros/share/cartographer_ros//launch/offline_mir_100_rviz.launch.py
[29.059s] -- Symlinking: /home/user/cartographer_ws_docker/install/cartographer_ros/share/cartographer_ros//launch/offline_node.launch.py
[29.063s] -- Symlinking: /home/user/cartographer_ws_docker/install/cartographer_ros/share/cartographer_ros//launch/taurob_tracker.launch.py
[29.066s] -- Symlinking: /home/user/cartographer_ws_docker/install/cartographer_ros/share/cartographer_ros//launch/turtlebot3_cartographer.launch.py
[29.069s] -- Symlinking: /home/user/cartographer_ws_docker/install/cartographer_ros/share/cartographer_ros//launch/visualize_pbstream.launch.py
[29.073s] -- Symlinking: /home/user/cartographer_ws_docker/install/cartographer_ros/share/cartographer_ros/environment/library_path.sh
[29.077s] -- Symlinking: /home/user/cartographer_ws_docker/install/cartographer_ros/share/cartographer_ros/environment/library_path.dsv
[29.080s] -- Symlinking: /home/user/cartographer_ws_docker/install/cartographer_ros/share/ament_index/resource_index/package_run_dependencies/cartographer_ros
[29.084s] -- Symlinking: /home/user/cartographer_ws_docker/install/cartographer_ros/share/ament_index/resource_index/parent_prefix_path/cartographer_ros
[29.087s] -- Symlinking: /home/user/cartographer_ws_docker/install/cartographer_ros/share/cartographer_ros/environment/ament_prefix_path.sh
[29.091s] -- Symlinking: /home/user/cartographer_ws_docker/install/cartographer_ros/share/cartographer_ros/environment/ament_prefix_path.dsv
[29.095s] -- Symlinking: /home/user/cartographer_ws_docker/install/cartographer_ros/share/cartographer_ros/environment/path.sh
[29.099s] -- Symlinking: /home/user/cartographer_ws_docker/install/cartographer_ros/share/cartographer_ros/environment/path.dsv
[29.102s] -- Symlinking: /home/user/cartographer_ws_docker/install/cartographer_ros/share/cartographer_ros/local_setup.bash
[29.105s] -- Symlinking: /home/user/cartographer_ws_docker/install/cartographer_ros/share/cartographer_ros/local_setup.sh
[29.109s] -- Symlinking: /home/user/cartographer_ws_docker/install/cartographer_ros/share/cartographer_ros/local_setup.zsh
[29.112s] -- Symlinking: /home/user/cartographer_ws_docker/install/cartographer_ros/share/cartographer_ros/local_setup.dsv
[29.116s] -- Symlinking: /home/user/cartographer_ws_docker/install/cartographer_ros/share/cartographer_ros/package.dsv
[29.119s] -- Symlinking: /home/user/cartographer_ws_docker/install/cartographer_ros/share/ament_index/resource_index/packages/cartographer_ros
[29.123s] -- Symlinking: /home/user/cartographer_ws_docker/install/cartographer_ros/share/cartographer_ros/cmake/ament_cmake_export_include_directories-extras.cmake
[29.126s] -- Symlinking: /home/user/cartographer_ws_docker/install/cartographer_ros/share/cartographer_ros/cmake/ament_cmake_export_libraries-extras.cmake
[29.130s] -- Symlinking: /home/user/cartographer_ws_docker/install/cartographer_ros/share/cartographer_ros/cmake/ament_cmake_export_dependencies-extras.cmake
[29.133s] -- Symlinking: /home/user/cartographer_ws_docker/install/cartographer_ros/share/cartographer_ros/cmake/cartographer_rosConfig.cmake
[29.137s] -- Symlinking: /home/user/cartographer_ws_docker/install/cartographer_ros/share/cartographer_ros/cmake/cartographer_rosConfig-version.cmake
[29.140s] -- Symlinking: /home/user/cartographer_ws_docker/install/cartographer_ros/share/cartographer_ros/package.xml
[29.145s] Invoked command in '/home/user/cartographer_ws_docker/build/cartographer_ros' returned '0': AMENT_PREFIX_PATH=/home/user/cartographer_ws_docker/install/cartographer_ros_msgs:${AMENT_PREFIX_PATH} CMAKE_PREFIX_PATH=/home/user/cartographer_ws_docker/install/cartographer_ros_msgs:/home/user/cartographer_ws_docker/install/cartographer:/home/user/doly_ws/install/turtlebot3_multi_robot:/opt/ros/humble LD_LIBRARY_PATH=/home/user/cartographer_ws_docker/install/cartographer_ros_msgs/lib:/usr/lib/x86_64-linux-gnu/gazebo-11/plugins:/opt/ros/humble/opt/rviz_ogre_vendor/lib:/opt/ros/humble/lib/x86_64-linux-gnu:/opt/ros/humble/lib:/home/user/openpose/build/src/openpose:/usr/local/cuda/lib64:/usr/lib/x86_64-linux-gnu/gazebo-11/plugins PATH=/home/user/cartographer_ws_docker/install/cartographer/bin:${PATH} PKG_CONFIG_PATH=/home/user/cartographer_ws_docker/install/cartographer/lib/x86_64-linux-gnu/pkgconfig:/home/user/cartographer_ws_docker/install/cartographer/lib/pkgconfig PYTHONPATH=/home/user/cartographer_ws_docker/install/cartographer_ros_msgs/local/lib/python3.10/dist-packages:${PYTHONPATH} /usr/bin/cmake --install /home/user/cartographer_ws_docker/build/cartographer_ros
