[0.017s] Invoking command in '/root/cartographer_ws_docker/build/cartographer': CMAKE_PREFIX_PATH=/opt/ros/humble /usr/bin/cmake /root/cartographer_ws_docker/src/cartographer -DCMAKE_INSTALL_PREFIX=/root/cartographer_ws_docker/install/cartographer
[0.091s] -- The C compiler identification is GNU 11.4.0
[0.161s] -- The CXX compiler identification is GNU 11.4.0
[0.170s] -- Detecting C compiler ABI info
[0.249s] -- Detecting C compiler ABI info - done
[0.257s] -- Check for working C compiler: /usr/bin/cc - skipped
[0.257s] -- Detecting C compile features
[0.258s] -- Detecting C compile features - done
[0.263s] -- Detecting CXX compiler ABI info
[0.353s] -- Detecting CXX compiler ABI info - done
[0.362s] -- Check for working CXX compiler: /usr/bin/c++ - skipped
[0.362s] -- Detecting CXX compile features
[0.363s] -- Detecting CXX compile features - done
[0.364s] -- Build type: Release
[0.371s] Files /root/cartographer_ws_docker/build/cartographer/AllFiles.cmake and - differ
[0.583s] -- Found Python: /usr/bin/python3.10 (found version "3.10.12") found components: Interpreter 
[0.585s] -- Looking for pthread.h
[0.678s] -- Looking for pthread.h - found
[0.678s] -- Performing Test CMAKE_HAVE_LIBC_PTHREAD
[0.762s] -- Performing Test CMAKE_HAVE_LIBC_PTHREAD - Success
[0.763s] -- Found Threads: TRUE  
[0.769s] -- Found GMock: gmock_main  
[0.791s] -- Found Boost: /usr/lib/x86_64-linux-gnu/cmake/Boost-1.74.0/BoostConfig.cmake (found version "1.74.0") found components: iostreams 
[0.806s] -- Found required Ceres dependency: Eigen version 3.4.0 in /usr/include/eigen3
[0.813s] -- Found required Ceres dependency: glog
[0.814s] -- Found required Ceres dependency: gflags
[0.814s] -- Found Ceres version: 2.0.0 installed in: /usr with components: [EigenSparse, SparseLinearAlgebraLibrary, LAPACK, SuiteSparse, CXSparse, SchurSpecializations, Multithreading]
[0.822s] -- Found Lua: /usr/lib/x86_64-linux-gnu/liblua5.2.so;/usr/lib/x86_64-linux-gnu/libm.so (found version "5.2.4") 
[0.835s] -- Found Protobuf: /usr/lib/x86_64-linux-gnu/libprotobuf.so (found suitable version "3.12.4", minimum required is "3.0.0") 
[0.839s] -- Found PkgConfig: /usr/bin/pkg-config (found version "0.29.2") 
[0.839s] -- Checking for one of the modules 'cairo>=1.12.16'
[0.904s] -- Found Sphinx: /usr/bin/sphinx-build  
[0.977s] -- Configuring done
[1.365s] -- Generating done
[1.376s] -- Build files have been written to: /root/cartographer_ws_docker/build/cartographer
[1.392s] Invoked command in '/root/cartographer_ws_docker/build/cartographer' returned '0': CMAKE_PREFIX_PATH=/opt/ros/humble /usr/bin/cmake /root/cartographer_ws_docker/src/cartographer -DCMAKE_INSTALL_PREFIX=/root/cartographer_ws_docker/install/cartographer
[1.395s] Invoking command in '/root/cartographer_ws_docker/build/cartographer': CMAKE_PREFIX_PATH=/opt/ros/humble /usr/bin/cmake --build /root/cartographer_ws_docker/build/cartographer -- -j8 -l8
[1.468s] [  0%] [34m[1mRunning C++ protocol buffer compiler on /root/cartographer_ws_docker/src/cartographer/cartographer/transform/proto/transform.proto[0m
[1.468s] [  0%] [34m[1mRunning C++ protocol buffer compiler on /root/cartographer_ws_docker/src/cartographer/cartographer/ground_truth/proto/relations.proto[0m
[1.469s] [  0%] [34m[1mRunning C++ protocol buffer compiler on /root/cartographer_ws_docker/src/cartographer/cartographer/common/proto/ceres_solver_options.proto[0m
[1.470s] [  1%] [34m[1mRunning C++ protocol buffer compiler on /root/cartographer_ws_docker/src/cartographer/cartographer/mapping/proto/cell_limits_2d.proto[0m
[1.474s] [  1%] [34m[1mRunning C++ protocol buffer compiler on /root/cartographer_ws_docker/src/cartographer/cartographer/mapping/proto/connected_components.proto[0m
[1.482s] [  2%] [32mBuilding CXX object googletest/CMakeFiles/gtest.dir/src/gtest-all.cc.o[0m
[1.486s] [  2%] [34m[1mBuilding documentation.[0m
[1.491s] [  2%] Built target cartographer_detect_changes
[1.500s] [  3%] [34m[1mRunning C++ protocol buffer compiler on /root/cartographer_ws_docker/src/cartographer/cartographer/mapping/proto/hybrid_grid.proto[0m
[1.500s] [  3%] [34m[1mRunning C++ protocol buffer compiler on /root/cartographer_ws_docker/src/cartographer/cartographer/mapping/proto/grid_2d_options.proto[0m
[1.501s] [  3%] [34m[1mRunning C++ protocol buffer compiler on /root/cartographer_ws_docker/src/cartographer/cartographer/mapping/proto/local_trajectory_builder_options_2d.proto[0m
[1.504s] [  3%] [34m[1mRunning C++ protocol buffer compiler on /root/cartographer_ws_docker/src/cartographer/cartographer/mapping/proto/grid_2d.proto[0m
[1.517s] [  3%] [34m[1mRunning C++ protocol buffer compiler on /root/cartographer_ws_docker/src/cartographer/cartographer/mapping/proto/local_trajectory_builder_options_3d.proto[0m
[1.517s] [  3%] [34m[1mRunning C++ protocol buffer compiler on /root/cartographer_ws_docker/src/cartographer/cartographer/mapping/proto/map_builder_options.proto[0m
[1.529s] [  4%] [34m[1mRunning C++ protocol buffer compiler on /root/cartographer_ws_docker/src/cartographer/cartographer/mapping/proto/map_limits.proto[0m
[1.533s] [  4%] [34m[1mRunning C++ protocol buffer compiler on /root/cartographer_ws_docker/src/cartographer/cartographer/mapping/proto/motion_filter_options.proto[0m
[1.543s] [  4%] [34m[1mRunning C++ protocol buffer compiler on /root/cartographer_ws_docker/src/cartographer/cartographer/mapping/proto/normal_estimation_options_2d.proto[0m
[1.546s] [  4%] [34m[1mRunning C++ protocol buffer compiler on /root/cartographer_ws_docker/src/cartographer/cartographer/mapping/proto/pose_extrapolator_options.proto[0m
[1.552s] [  5%] [34m[1mRunning C++ protocol buffer compiler on /root/cartographer_ws_docker/src/cartographer/cartographer/mapping/proto/pose_graph.proto[0m
[1.556s] [  5%] [34m[1mRunning C++ protocol buffer compiler on /root/cartographer_ws_docker/src/cartographer/cartographer/mapping/proto/pose_graph/constraint_builder_options.proto[0m
[1.559s] [  5%] [34m[1mRunning C++ protocol buffer compiler on /root/cartographer_ws_docker/src/cartographer/cartographer/mapping/proto/pose_graph/optimization_problem_options.proto[0m
[1.566s] [  5%] [34m[1mRunning C++ protocol buffer compiler on /root/cartographer_ws_docker/src/cartographer/cartographer/mapping/proto/pose_graph_options.proto[0m
[1.569s] [  6%] [34m[1mRunning C++ protocol buffer compiler on /root/cartographer_ws_docker/src/cartographer/cartographer/mapping/proto/probability_grid.proto[0m
[1.575s] [  6%] [34m[1mRunning C++ protocol buffer compiler on /root/cartographer_ws_docker/src/cartographer/cartographer/mapping/proto/probability_grid_range_data_inserter_options_2d.proto[0m
[1.588s] [  6%] [34m[1mRunning C++ protocol buffer compiler on /root/cartographer_ws_docker/src/cartographer/cartographer/mapping/proto/range_data_inserter_options.proto[0m
[1.590s] [  6%] [34m[1mRunning C++ protocol buffer compiler on /root/cartographer_ws_docker/src/cartographer/cartographer/mapping/proto/range_data_inserter_options_3d.proto[0m
[1.591s] [  7%] [34m[1mRunning C++ protocol buffer compiler on /root/cartographer_ws_docker/src/cartographer/cartographer/mapping/proto/scan_matching/ceres_scan_matcher_options_2d.proto[0m
[1.600s] [  7%] [34m[1mRunning C++ protocol buffer compiler on /root/cartographer_ws_docker/src/cartographer/cartographer/mapping/proto/scan_matching/ceres_scan_matcher_options_3d.proto[0m
[1.600s] [  7%] [34m[1mRunning C++ protocol buffer compiler on /root/cartographer_ws_docker/src/cartographer/cartographer/mapping/proto/scan_matching/fast_correlative_scan_matcher_options_3d.proto[0m
[1.605s] [  7%] [34m[1mRunning C++ protocol buffer compiler on /root/cartographer_ws_docker/src/cartographer/cartographer/mapping/proto/scan_matching/fast_correlative_scan_matcher_options_2d.proto[0m
[1.615s] [  8%] [34m[1mRunning C++ protocol buffer compiler on /root/cartographer_ws_docker/src/cartographer/cartographer/mapping/proto/scan_matching/real_time_correlative_scan_matcher_options.proto[0m
[1.618s] [  8%] [34m[1mRunning C++ protocol buffer compiler on /root/cartographer_ws_docker/src/cartographer/cartographer/mapping/proto/serialization.proto[0m
[1.625s] [  8%] [34m[1mRunning C++ protocol buffer compiler on /root/cartographer_ws_docker/src/cartographer/cartographer/mapping/proto/submap.proto[0m
[1.632s] [  9%] [34m[1mRunning C++ protocol buffer compiler on /root/cartographer_ws_docker/src/cartographer/cartographer/mapping/proto/submap_visualization.proto[0m
[1.633s] [  9%] [34m[1mRunning C++ protocol buffer compiler on /root/cartographer_ws_docker/src/cartographer/cartographer/mapping/proto/submaps_options_2d.proto[0m
[1.641s] [  9%] [34m[1mRunning C++ protocol buffer compiler on /root/cartographer_ws_docker/src/cartographer/cartographer/mapping/proto/submaps_options_3d.proto[0m
[1.642s] [  9%] [34m[1mRunning C++ protocol buffer compiler on /root/cartographer_ws_docker/src/cartographer/cartographer/mapping/proto/trajectory.proto[0m
[1.663s] [  9%] [34m[1mRunning C++ protocol buffer compiler on /root/cartographer_ws_docker/src/cartographer/cartographer/mapping/proto/trajectory_builder_options.proto[0m
[1.666s] [ 10%] [34m[1mRunning C++ protocol buffer compiler on /root/cartographer_ws_docker/src/cartographer/cartographer/mapping/proto/trajectory_node_data.proto[0m
[1.669s] [ 11%] [34m[1mRunning C++ protocol buffer compiler on /root/cartographer_ws_docker/src/cartographer/cartographer/mapping/proto/tsdf_range_data_inserter_options_2d.proto[0m
[1.669s] [ 11%] [34m[1mRunning C++ protocol buffer compiler on /root/cartographer_ws_docker/src/cartographer/cartographer/sensor/proto/adaptive_voxel_filter_options.proto[0m
[1.675s] [ 11%] [34m[1mRunning C++ protocol buffer compiler on /root/cartographer_ws_docker/src/cartographer/cartographer/mapping/proto/tsdf_2d.proto[0m
[1.681s] [ 11%] [34m[1mRunning C++ protocol buffer compiler on /root/cartographer_ws_docker/src/cartographer/cartographer/sensor/proto/sensor.proto[0m
[1.694s] [ 11%] [34m[1mRunning C++ protocol buffer compiler on /root/cartographer_ws_docker/src/cartographer/cartographer/transform/proto/timestamped_transform.proto[0m
[1.874s] [ 11%] [32mBuilding CXX object CMakeFiles/cartographer.dir/cartographer/common/fixed_ratio_sampler.cc.o[0m
[1.876s] [ 11%] [32mBuilding CXX object CMakeFiles/cartographer.dir/cartographer/common/internal/ceres_solver_options.cc.o[0m
[1.881s] [ 11%] [32mBuilding CXX object CMakeFiles/cartographer.dir/cartographer/common/histogram.cc.o[0m
[1.881s] [ 12%] [32mBuilding CXX object CMakeFiles/cartographer.dir/cartographer/common/configuration_file_resolver.cc.o[0m
[1.883s] [ 12%] [32mBuilding CXX object CMakeFiles/cartographer.dir/cartographer/common/lua_parameter_dictionary.cc.o[0m
[1.897s] [ 13%] [32mBuilding CXX object CMakeFiles/cartographer.dir/cartographer/common/internal/testing/thread_pool_for_testing.cc.o[0m
[2.256s] [01mRunning Sphinx v4.3.2[39;49;00m
[2.527s] [01mmaking output directory... [39;49;00mdone
[2.541s] [01mbuilding [mo]: [39;49;00mtargets for 0 po files that are out of date
[2.542s] [01mbuilding [html]: [39;49;00mtargets for 6 source files that are out of date
[2.543s] [01mupdating environment: [39;49;00m[new config] 6 added, 0 changed, 0 removed
[2.802s] [01mreading sources... [39;49;00m[ 16%] [35mconfiguration[39;49;00m                                        
[2.849s] [01mreading sources... [39;49;00m[ 33%] [35mcost_functions[39;49;00m                                       
[2.881s] [01mreading sources... [39;49;00m[ 50%] [35mevaluation[39;49;00m                                           
[2.935s] [01mreading sources... [39;49;00m[ 66%] [35mindex[39;49;00m                                                
[2.966s] [01mreading sources... [39;49;00m[ 83%] [35mpbstream_migration[39;49;00m                                   
[3.003s] [01mreading sources... [39;49;00m[100%] [35mterminology[39;49;00m                                          
[3.003s] 
[3.003s] [01mlooking for now-outdated files... [39;49;00mnone found
[3.006s] [01mpickling environment... [39;49;00mdone
[3.006s] [01mchecking consistency... [39;49;00mdone
[3.010s] [01mpreparing documents... [39;49;00mdone
[3.392s] [01mwriting output... [39;49;00m[ 16%] [32mconfiguration[39;49;00m                                         
[3.487s] [01mwriting output... [39;49;00m[ 33%] [32mcost_functions[39;49;00m                                        
[3.673s] [01mwriting output... [39;49;00m[ 50%] [32mevaluation[39;49;00m                                            
[3.721s] [01mwriting output... [39;49;00m[ 66%] [32mindex[39;49;00m                                                 
[3.841s] [01mwriting output... [39;49;00m[ 83%] [32mpbstream_migration[39;49;00m                                    
[3.876s] [01mwriting output... [39;49;00m[100%] [32mterminology[39;49;00m                                           
[3.876s] 
[3.912s] [01mgenerating indices... [39;49;00mgenindex done
[3.934s] [01mwriting additional pages... [39;49;00msearch done
[3.937s] [01mcopying images... [39;49;00m[ 50%] [33mautogenerate_groundtruth.png[39;49;00m                          
[3.937s] [01mcopying images... [39;49;00m[100%] [33mhigh_level_system_overview.png[39;49;00m                        
[3.937s] 
[4.008s] [01mcopying static files... [39;49;00mdone
[4.009s] [01mcopying extra files... [39;49;00mdone
[4.018s] [01mdumping search index in English (code: en)... [39;49;00mdone
[4.020s] [01mdumping object inventory... [39;49;00mdone
[4.020s] [01mbuild succeeded.[39;49;00m
[4.021s] 
[4.022s] The HTML pages are in html.
[4.336s] [ 13%] Built target build_doc
[4.393s] [ 13%] [32mBuilding CXX object CMakeFiles/cartographer.dir/cartographer/common/task.cc.o[0m
[5.237s] [ 13%] [32mBuilding CXX object CMakeFiles/cartographer.dir/cartographer/common/thread_pool.cc.o[0m
[6.187s] [ 14%] [32mBuilding CXX object CMakeFiles/cartographer.dir/cartographer/common/time.cc.o[0m
[6.216s] [ 14%] [32mBuilding CXX object CMakeFiles/cartographer.dir/cartographer/ground_truth/autogenerate_ground_truth.cc.o[0m
[7.491s] [ 14%] [32mBuilding CXX object CMakeFiles/cartographer.dir/cartographer/ground_truth/relations_text_file.cc.o[0m
[8.205s] [ 14%] [32mBuilding CXX object CMakeFiles/cartographer.dir/cartographer/io/color.cc.o[0m
[8.417s] [ 15%] [32mBuilding CXX object CMakeFiles/cartographer.dir/cartographer/io/coloring_points_processor.cc.o[0m
[8.473s] [ 15%] [32mBuilding CXX object CMakeFiles/cartographer.dir/cartographer/io/counting_points_processor.cc.o[0m
[9.353s] [ 15%] [32mBuilding CXX object CMakeFiles/cartographer.dir/cartographer/io/draw_trajectories.cc.o[0m
[9.817s] [ 15%] [32mBuilding CXX object CMakeFiles/cartographer.dir/cartographer/io/file_writer.cc.o[0m
[14.860s] [ 16%] [32mBuilding CXX object CMakeFiles/cartographer.dir/cartographer/io/fixed_ratio_sampling_points_processor.cc.o[0m
[16.694s] [ 16%] [32mBuilding CXX object CMakeFiles/cartographer.dir/cartographer/io/frame_id_filtering_points_processor.cc.o[0m
[19.541s] [ 16%] [32mBuilding CXX object CMakeFiles/cartographer.dir/cartographer/io/hybrid_grid_points_processor.cc.o[0m
[19.806s] [ 16%] [32mBuilding CXX object CMakeFiles/cartographer.dir/cartographer/io/image.cc.o[0m
[21.421s] [ 17%] [32mBuilding CXX object CMakeFiles/cartographer.dir/cartographer/io/intensity_to_color_points_processor.cc.o[0m
[22.886s] [ 17%] [32mBuilding CXX object CMakeFiles/cartographer.dir/cartographer/io/internal/in_memory_proto_stream.cc.o[0m
[23.838s] [ 17%] [32mBuilding CXX object CMakeFiles/cartographer.dir/cartographer/io/internal/mapping_state_serialization.cc.o[0m
[29.768s] [ 17%] [32mBuilding CXX object CMakeFiles/cartographer.dir/cartographer/io/internal/pbstream_info.cc.o[0m
[35.855s] [ 18%] [32mBuilding CXX object CMakeFiles/cartographer.dir/cartographer/io/internal/pbstream_migrate.cc.o[0m
[39.583s] [ 18%] [32m[1mLinking CXX static library ../lib/libgtest.a[0m
[39.679s] [ 18%] Built target gtest
[41.493s] [ 19%] [32mBuilding CXX object CMakeFiles/cartographer.dir/cartographer/io/ply_writing_points_processor.cc.o[0m
[41.539s] [ 19%] [32mBuilding CXX object CMakeFiles/cartographer.dir/cartographer/io/points_batch.cc.o[0m
[42.199s] [ 19%] [32mBuilding CXX object CMakeFiles/cartographer.dir/cartographer/io/points_processor_pipeline_builder.cc.o[0m
[43.221s] [ 19%] [32mBuilding CXX object CMakeFiles/cartographer.dir/cartographer/io/probability_grid_points_processor.cc.o[0m
[44.243s] [ 19%] [32mBuilding CXX object CMakeFiles/cartographer.dir/cartographer/io/pcd_writing_points_processor.cc.o[0m
[45.269s] [ 19%] [32mBuilding CXX object CMakeFiles/cartographer.dir/cartographer/io/outlier_removing_points_processor.cc.o[0m
[46.295s] [ 19%] [32mBuilding CXX object CMakeFiles/cartographer.dir/cartographer/io/min_max_range_filtering_points_processor.cc.o[0m
[51.716s] [ 19%] [32mBuilding CXX object CMakeFiles/cartographer.dir/cartographer/io/proto_stream_deserializer.cc.o[0m
[52.743s] [ 19%] [32mBuilding CXX object CMakeFiles/cartographer.dir/cartographer/io/serialization_format_migration.cc.o[0m
[53.795s] [ 20%] [32mBuilding CXX object CMakeFiles/cartographer.dir/cartographer/io/proto_stream.cc.o[0m
[53.987s] [ 21%] [32mBuilding CXX object CMakeFiles/cartographer.dir/cartographer/io/submap_painter.cc.o[0m
[54.534s] [ 21%] [32mBuilding CXX object CMakeFiles/cartographer.dir/cartographer/io/vertical_range_filtering_points_processor.cc.o[0m
[54.754s] [ 21%] [32mBuilding CXX object CMakeFiles/cartographer.dir/cartographer/io/xray_points_processor.cc.o[0m
[55.682s] [ 21%] [32mBuilding CXX object CMakeFiles/cartographer.dir/cartographer/io/xyz_writing_points_processor.cc.o[0m
[66.660s] [ 21%] [32mBuilding CXX object CMakeFiles/cartographer.dir/cartographer/mapping/2d/submap_2d.cc.o[0m
[67.681s] [ 21%] [32mBuilding CXX object CMakeFiles/cartographer.dir/cartographer/mapping/2d/probability_grid_range_data_inserter_2d.cc.o[0m
[67.881s] [ 22%] [32mBuilding CXX object CMakeFiles/cartographer.dir/cartographer/mapping/3d/range_data_inserter_3d.cc.o[0m
[67.881s] [ 22%] [32mBuilding CXX object CMakeFiles/cartographer.dir/cartographer/mapping/2d/probability_grid.cc.o[0m
[68.904s] [ 22%] [32mBuilding CXX object CMakeFiles/cartographer.dir/cartographer/mapping/3d/submap_3d.cc.o[0m
[69.926s] [ 23%] [32mBuilding CXX object CMakeFiles/cartographer.dir/cartographer/mapping/2d/grid_2d.cc.o[0m
[70.444s] [ 23%] [32mBuilding CXX object CMakeFiles/cartographer.dir/cartographer/mapping/detect_floors.cc.o[0m
[76.446s] [ 23%] [32mBuilding CXX object CMakeFiles/cartographer.dir/cartographer/mapping/imu_tracker.cc.o[0m
[77.220s] [ 24%] [32mBuilding CXX object CMakeFiles/cartographer.dir/cartographer/mapping/internal/2d/local_slam_result_2d.cc.o[0m
[78.244s] [ 24%] [32mBuilding CXX object CMakeFiles/cartographer.dir/cartographer/mapping/internal/2d/local_trajectory_builder_2d.cc.o[0m
[79.323s] [ 24%] [32mBuilding CXX object CMakeFiles/cartographer.dir/cartographer/mapping/internal/2d/local_trajectory_builder_options_2d.cc.o[0m
[79.975s] [ 24%] [32mBuilding CXX object CMakeFiles/cartographer.dir/cartographer/mapping/internal/2d/normal_estimation_2d.cc.o[0m
[80.534s] [ 25%] [32mBuilding CXX object CMakeFiles/cartographer.dir/cartographer/mapping/internal/2d/overlapping_submaps_trimmer_2d.cc.o[0m
[84.085s] [ 25%] [32mBuilding CXX object CMakeFiles/cartographer.dir/cartographer/mapping/internal/2d/pose_graph_2d.cc.o[0m
[85.673s] [ 25%] [32mBuilding CXX object CMakeFiles/cartographer.dir/cartographer/mapping/internal/2d/ray_to_pixel_mask.cc.o[0m
[91.855s] [ 25%] [32mBuilding CXX object CMakeFiles/cartographer.dir/cartographer/mapping/internal/2d/scan_matching/real_time_correlative_scan_matcher_2d.cc.o[0m
[92.867s] [ 26%] [32mBuilding CXX object CMakeFiles/cartographer.dir/cartographer/mapping/internal/2d/scan_matching/tsdf_match_cost_function_2d.cc.o[0m
[93.882s] [ 26%] [32mBuilding CXX object CMakeFiles/cartographer.dir/cartographer/mapping/internal/2d/scan_matching/occupied_space_cost_function_2d.cc.o[0m
[94.902s] [ 26%] [32mBuilding CXX object CMakeFiles/cartographer.dir/cartographer/mapping/internal/2d/scan_matching/fast_correlative_scan_matcher_2d.cc.o[0m
[95.926s] [ 27%] [32mBuilding CXX object CMakeFiles/cartographer.dir/cartographer/mapping/internal/2d/scan_matching/correlative_scan_matcher_2d.cc.o[0m
[96.819s] [ 27%] [32mBuilding CXX object CMakeFiles/cartographer.dir/cartographer/mapping/internal/2d/scan_matching/ceres_scan_matcher_2d.cc.o[0m
[97.845s] [ 27%] [32mBuilding CXX object CMakeFiles/cartographer.dir/cartographer/mapping/internal/2d/tsd_value_converter.cc.o[0m
[101.040s] [ 27%] [32mBuilding CXX object CMakeFiles/cartographer.dir/cartographer/mapping/internal/2d/tsdf_2d.cc.o[0m
[103.453s] [ 27%] [32mBuilding CXX object CMakeFiles/cartographer.dir/cartographer/mapping/internal/2d/tsdf_range_data_inserter_2d.cc.o[0m
[104.822s] [ 28%] [32mBuilding CXX object CMakeFiles/cartographer.dir/cartographer/mapping/internal/3d/local_slam_result_3d.cc.o[0m
[105.502s] [ 28%] [32mBuilding CXX object CMakeFiles/cartographer.dir/cartographer/mapping/internal/3d/local_trajectory_builder_options_3d.cc.o[0m
[105.505s] [ 28%] [32mBuilding CXX object CMakeFiles/cartographer.dir/cartographer/mapping/internal/3d/local_trajectory_builder_3d.cc.o[0m
[105.618s] [ 28%] [32mBuilding CXX object CMakeFiles/cartographer.dir/cartographer/mapping/internal/3d/pose_graph_3d.cc.o[0m
[105.630s] [ 29%] [32mBuilding CXX object CMakeFiles/cartographer.dir/cartographer/mapping/internal/3d/scan_matching/ceres_scan_matcher_3d.cc.o[0m
[113.521s] [ 29%] [32mBuilding CXX object CMakeFiles/cartographer.dir/cartographer/mapping/internal/3d/scan_matching/fast_correlative_scan_matcher_3d.cc.o[0m
[113.801s] [ 29%] [32mBuilding CXX object CMakeFiles/cartographer.dir/cartographer/mapping/internal/3d/scan_matching/intensity_cost_function_3d.cc.o[0m
[114.732s] [ 29%] [32mBuilding CXX object CMakeFiles/cartographer.dir/cartographer/mapping/internal/3d/scan_matching/low_resolution_matcher.cc.o[0m
[117.412s] [ 30%] [32mBuilding CXX object CMakeFiles/cartographer.dir/cartographer/mapping/internal/3d/scan_matching/precomputation_grid_3d.cc.o[0m
[120.199s] [ 30%] [32mBuilding CXX object CMakeFiles/cartographer.dir/cartographer/mapping/internal/3d/scan_matching/real_time_correlative_scan_matcher_3d.cc.o[0m
[120.751s] [ 30%] [32mBuilding CXX object CMakeFiles/cartographer.dir/cartographer/mapping/internal/3d/scan_matching/rotational_scan_matcher.cc.o[0m
[126.563s] [ 30%] [32mBuilding CXX object CMakeFiles/cartographer.dir/cartographer/mapping/internal/connected_components.cc.o[0m
[127.084s] [ 30%] [32mBuilding CXX object CMakeFiles/cartographer.dir/cartographer/mapping/internal/constraints/constraint_builder.cc.o[0m
[128.108s] [ 30%] [32mBuilding CXX object CMakeFiles/cartographer.dir/cartographer/mapping/internal/constraints/constraint_builder_2d.cc.o[0m
[129.023s] [ 31%] [32mBuilding CXX object CMakeFiles/cartographer.dir/cartographer/mapping/internal/collated_trajectory_builder.cc.o[0m
[129.678s] [ 32%] [32mBuilding CXX object CMakeFiles/cartographer.dir/cartographer/mapping/internal/constraints/constraint_builder_3d.cc.o[0m
[130.705s] [ 32%] [32mBuilding CXX object CMakeFiles/cartographer.dir/cartographer/mapping/internal/eigen_quaterniond_from_two_vectors.cc.o[0m
[132.846s] [ 32%] [32mBuilding CXX object CMakeFiles/cartographer.dir/cartographer/mapping/internal/global_trajectory_builder.cc.o[0m
[134.948s] [ 32%] [32mBuilding CXX object CMakeFiles/cartographer.dir/cartographer/mapping/internal/imu_based_pose_extrapolator.cc.o[0m
[135.367s] [ 33%] [32mBuilding CXX object CMakeFiles/cartographer.dir/cartographer/mapping/internal/motion_filter.cc.o[0m
[140.739s] [ 33%] [32mBuilding CXX object CMakeFiles/cartographer.dir/cartographer/mapping/internal/optimization/ceres_pose.cc.o[0m
[142.179s] [ 33%] [32mBuilding CXX object CMakeFiles/cartographer.dir/cartographer/mapping/internal/optimization/cost_functions/spa_cost_function_2d.cc.o[0m
[143.182s] [ 33%] [32mBuilding CXX object CMakeFiles/cartographer.dir/cartographer/mapping/internal/optimization/optimization_problem_2d.cc.o[0m
[144.969s] [ 34%] [32mBuilding CXX object CMakeFiles/cartographer.dir/cartographer/mapping/internal/optimization/optimization_problem_3d.cc.o[0m
[145.345s] [ 34%] [32mBuilding CXX object CMakeFiles/cartographer.dir/cartographer/mapping/internal/optimization/optimization_problem_options.cc.o[0m
[147.201s] [ 34%] [32mBuilding CXX object CMakeFiles/cartographer.dir/cartographer/mapping/internal/range_data_collator.cc.o[0m
[147.667s] [ 34%] [32mBuilding CXX object CMakeFiles/cartographer.dir/cartographer/mapping/internal/scan_matching/real_time_correlative_scan_matcher.cc.o[0m
[151.634s] [ 35%] [32mBuilding CXX object CMakeFiles/cartographer.dir/cartographer/mapping/internal/submap_controller.cc.o[0m
[151.957s] [ 35%] [32mBuilding CXX object CMakeFiles/cartographer.dir/cartographer/mapping/internal/trajectory_connectivity_state.cc.o[0m
[152.122s] [ 35%] [32mBuilding CXX object CMakeFiles/cartographer.dir/cartographer/mapping/map_builder.cc.o[0m
[157.207s] [ 35%] [32mBuilding CXX object CMakeFiles/cartographer.dir/cartographer/mapping/map_builder_interface.cc.o[0m
[160.696s] [ 36%] [32mBuilding CXX object CMakeFiles/cartographer.dir/cartographer/mapping/pose_extrapolator.cc.o[0m
[160.905s] [ 36%] [32mBuilding CXX object CMakeFiles/cartographer.dir/cartographer/mapping/pose_extrapolator_interface.cc.o[0m
[161.488s] [ 36%] [32mBuilding CXX object CMakeFiles/cartographer.dir/cartographer/mapping/pose_graph.cc.o[0m
[165.840s] [ 36%] [32mBuilding CXX object CMakeFiles/cartographer.dir/cartographer/mapping/pose_graph_trimmer.cc.o[0m
[166.180s] [ 37%] [32mBuilding CXX object CMakeFiles/cartographer.dir/cartographer/mapping/probability_values.cc.o[0m
[168.713s] [ 37%] [32mBuilding CXX object CMakeFiles/cartographer.dir/cartographer/mapping/range_data_inserter_interface.cc.o[0m
[169.209s] [ 37%] [32mBuilding CXX object CMakeFiles/cartographer.dir/cartographer/mapping/trajectory_builder_interface.cc.o[0m
[170.522s] [ 37%] [32mBuilding CXX object CMakeFiles/cartographer.dir/cartographer/mapping/trajectory_node.cc.o[0m
[172.167s] [ 38%] [32mBuilding CXX object CMakeFiles/cartographer.dir/cartographer/mapping/value_conversion_tables.cc.o[0m
[172.392s] [ 38%] [32mBuilding CXX object CMakeFiles/cartographer.dir/cartographer/metrics/counter.cc.o[0m
[172.792s] [ 38%] [32mBuilding CXX object CMakeFiles/cartographer.dir/cartographer/metrics/gauge.cc.o[0m
[173.235s] [ 38%] [32mBuilding CXX object CMakeFiles/cartographer.dir/cartographer/metrics/histogram.cc.o[0m
[174.227s] [ 39%] [32mBuilding CXX object CMakeFiles/cartographer.dir/cartographer/metrics/register.cc.o[0m
[174.420s] [ 39%] [32mBuilding CXX object CMakeFiles/cartographer.dir/cartographer/sensor/compressed_point_cloud.cc.o[0m
[175.988s] [ 39%] [32mBuilding CXX object CMakeFiles/cartographer.dir/cartographer/sensor/fixed_frame_pose_data.cc.o[0m
[176.428s] [ 39%] [32mBuilding CXX object CMakeFiles/cartographer.dir/cartographer/sensor/imu_data.cc.o[0m
[178.161s] [ 40%] [32mBuilding CXX object CMakeFiles/cartographer.dir/cartographer/sensor/internal/collator.cc.o[0m
[178.766s] [ 40%] [32mBuilding CXX object CMakeFiles/cartographer.dir/cartographer/sensor/internal/ordered_multi_queue.cc.o[0m
[181.807s] [ 40%] [32mBuilding CXX object CMakeFiles/cartographer.dir/cartographer/sensor/internal/trajectory_collator.cc.o[0m
[183.229s] [ 41%] [32mBuilding CXX object CMakeFiles/cartographer.dir/cartographer/sensor/internal/voxel_filter.cc.o[0m
[183.789s] [ 41%] [32mBuilding CXX object CMakeFiles/cartographer.dir/cartographer/sensor/landmark_data.cc.o[0m
[183.843s] [ 41%] [32mBuilding CXX object CMakeFiles/cartographer.dir/cartographer/sensor/odometry_data.cc.o[0m
[185.817s] [ 41%] [32mBuilding CXX object CMakeFiles/cartographer.dir/cartographer/sensor/point_cloud.cc.o[0m
[187.390s] [ 42%] [32mBuilding CXX object CMakeFiles/cartographer.dir/cartographer/sensor/range_data.cc.o[0m
[188.898s] [ 42%] [32mBuilding CXX object CMakeFiles/cartographer.dir/cartographer/sensor/timed_point_cloud_data.cc.o[0m
[190.507s] [ 42%] [32mBuilding CXX object CMakeFiles/cartographer.dir/cartographer/transform/rigid_transform.cc.o[0m
[190.753s] [ 42%] [32mBuilding CXX object CMakeFiles/cartographer.dir/cartographer/transform/timestamped_transform.cc.o[0m
[193.306s] [ 43%] [32mBuilding CXX object CMakeFiles/cartographer.dir/cartographer/transform/transform.cc.o[0m
[193.616s] [ 43%] [32mBuilding CXX object CMakeFiles/cartographer.dir/cartographer/transform/transform_interpolation_buffer.cc.o[0m
[193.943s] [ 43%] [32mBuilding CXX object CMakeFiles/cartographer.dir/cartographer/common/proto/ceres_solver_options.pb.cc.o[0m
[195.523s] [ 43%] [32mBuilding CXX object CMakeFiles/cartographer.dir/cartographer/ground_truth/proto/relations.pb.cc.o[0m
[196.474s] [ 44%] [32mBuilding CXX object CMakeFiles/cartographer.dir/cartographer/mapping/proto/cell_limits_2d.pb.cc.o[0m
[196.488s] [ 44%] [32mBuilding CXX object CMakeFiles/cartographer.dir/cartographer/mapping/proto/connected_components.pb.cc.o[0m
[197.171s] [ 44%] [32mBuilding CXX object CMakeFiles/cartographer.dir/cartographer/mapping/proto/grid_2d.pb.cc.o[0m
[198.577s] [ 44%] [32mBuilding CXX object CMakeFiles/cartographer.dir/cartographer/mapping/proto/grid_2d_options.pb.cc.o[0m
[198.817s] [ 45%] [32mBuilding CXX object CMakeFiles/cartographer.dir/cartographer/mapping/proto/hybrid_grid.pb.cc.o[0m
[199.081s] [ 45%] [32mBuilding CXX object CMakeFiles/cartographer.dir/cartographer/mapping/proto/local_trajectory_builder_options_2d.pb.cc.o[0m
[199.388s] [ 45%] [32mBuilding CXX object CMakeFiles/cartographer.dir/cartographer/mapping/proto/local_trajectory_builder_options_3d.pb.cc.o[0m
[200.512s] [ 45%] [32mBuilding CXX object CMakeFiles/cartographer.dir/cartographer/mapping/proto/map_builder_options.pb.cc.o[0m
[200.542s] [ 46%] [32mBuilding CXX object CMakeFiles/cartographer.dir/cartographer/mapping/proto/map_limits.pb.cc.o[0m
[200.900s] [ 46%] [32mBuilding CXX object CMakeFiles/cartographer.dir/cartographer/mapping/proto/motion_filter_options.pb.cc.o[0m
[201.121s] [ 46%] [32mBuilding CXX object CMakeFiles/cartographer.dir/cartographer/mapping/proto/normal_estimation_options_2d.pb.cc.o[0m
[201.610s] [ 46%] [32mBuilding CXX object CMakeFiles/cartographer.dir/cartographer/mapping/proto/pose_extrapolator_options.pb.cc.o[0m
[202.433s] [ 47%] [32mBuilding CXX object CMakeFiles/cartographer.dir/cartographer/mapping/proto/pose_graph.pb.cc.o[0m
[202.997s] [ 47%] [32mBuilding CXX object CMakeFiles/cartographer.dir/cartographer/mapping/proto/pose_graph/constraint_builder_options.pb.cc.o[0m
[203.107s] [ 47%] [32mBuilding CXX object CMakeFiles/cartographer.dir/cartographer/mapping/proto/pose_graph/optimization_problem_options.pb.cc.o[0m
[203.159s] [ 47%] [32mBuilding CXX object CMakeFiles/cartographer.dir/cartographer/mapping/proto/pose_graph_options.pb.cc.o[0m
[203.626s] [ 48%] [32mBuilding CXX object CMakeFiles/cartographer.dir/cartographer/mapping/proto/probability_grid.pb.cc.o[0m
[203.801s] [ 48%] [32mBuilding CXX object CMakeFiles/cartographer.dir/cartographer/mapping/proto/probability_grid_range_data_inserter_options_2d.pb.cc.o[0m
[204.759s] [ 48%] [32mBuilding CXX object CMakeFiles/cartographer.dir/cartographer/mapping/proto/range_data_inserter_options.pb.cc.o[0m
[205.909s] [ 48%] [32mBuilding CXX object CMakeFiles/cartographer.dir/cartographer/mapping/proto/range_data_inserter_options_3d.pb.cc.o[0m
[206.079s] [ 49%] [32mBuilding CXX object CMakeFiles/cartographer.dir/cartographer/mapping/proto/scan_matching/ceres_scan_matcher_options_2d.pb.cc.o[0m
[206.192s] [ 49%] [32mBuilding CXX object CMakeFiles/cartographer.dir/cartographer/mapping/proto/scan_matching/ceres_scan_matcher_options_3d.pb.cc.o[0m
[206.398s] [ 49%] [32mBuilding CXX object CMakeFiles/cartographer.dir/cartographer/mapping/proto/scan_matching/fast_correlative_scan_matcher_options_2d.pb.cc.o[0m
[206.609s] [ 49%] [32mBuilding CXX object CMakeFiles/cartographer.dir/cartographer/mapping/proto/scan_matching/fast_correlative_scan_matcher_options_3d.pb.cc.o[0m
[206.969s] [ 50%] [32mBuilding CXX object CMakeFiles/cartographer.dir/cartographer/mapping/proto/scan_matching/real_time_correlative_scan_matcher_options.pb.cc.o[0m
[207.975s] [ 50%] [32mBuilding CXX object CMakeFiles/cartographer.dir/cartographer/mapping/proto/serialization.pb.cc.o[0m
[208.539s] [ 50%] [32mBuilding CXX object CMakeFiles/cartographer.dir/cartographer/mapping/proto/submap.pb.cc.o[0m
[208.813s] [ 51%] [32mBuilding CXX object CMakeFiles/cartographer.dir/cartographer/mapping/proto/submap_visualization.pb.cc.o[0m
[208.965s] [ 51%] [32mBuilding CXX object CMakeFiles/cartographer.dir/cartographer/mapping/proto/submaps_options_2d.pb.cc.o[0m
[209.427s] [ 51%] [32mBuilding CXX object CMakeFiles/cartographer.dir/cartographer/mapping/proto/submaps_options_3d.pb.cc.o[0m
[209.488s] [ 51%] [32mBuilding CXX object CMakeFiles/cartographer.dir/cartographer/mapping/proto/trajectory.pb.cc.o[0m
[209.563s] [ 52%] [32mBuilding CXX object CMakeFiles/cartographer.dir/cartographer/mapping/proto/trajectory_builder_options.pb.cc.o[0m
[211.813s] [ 52%] [32mBuilding CXX object CMakeFiles/cartographer.dir/cartographer/mapping/proto/trajectory_node_data.pb.cc.o[0m
[211.918s] [ 52%] [32mBuilding CXX object CMakeFiles/cartographer.dir/cartographer/mapping/proto/tsdf_2d.pb.cc.o[0m
[212.025s] [ 52%] [32mBuilding CXX object CMakeFiles/cartographer.dir/cartographer/mapping/proto/tsdf_range_data_inserter_options_2d.pb.cc.o[0m
[212.981s] [ 53%] [32mBuilding CXX object CMakeFiles/cartographer.dir/cartographer/sensor/proto/adaptive_voxel_filter_options.pb.cc.o[0m
[213.128s] [ 53%] [32mBuilding CXX object CMakeFiles/cartographer.dir/cartographer/sensor/proto/sensor.pb.cc.o[0m
[214.280s] [ 53%] [32mBuilding CXX object CMakeFiles/cartographer.dir/cartographer/transform/proto/timestamped_transform.pb.cc.o[0m
[214.610s] [ 53%] [32mBuilding CXX object CMakeFiles/cartographer.dir/cartographer/transform/proto/transform.pb.cc.o[0m
[217.339s] [ 54%] [32m[1mLinking CXX static library libcartographer.a[0m
[217.535s] [ 54%] Built target cartographer
[217.559s] [ 55%] [32mBuilding CXX object gmock/CMakeFiles/gmock.dir/src/gmock-all.cc.o[0m
[217.559s] [ 55%] [32mBuilding CXX object CMakeFiles/cartographer_pbstream.dir/cartographer/io/pbstream_main.cc.o[0m
[217.559s] [ 55%] [32mBuilding CXX object CMakeFiles/cartographer_autogenerate_ground_truth.dir/cartographer/ground_truth/autogenerate_ground_truth_main.cc.o[0m
[217.559s] [ 55%] [32mBuilding CXX object CMakeFiles/cartographer_compute_relations_metrics.dir/cartographer/ground_truth/compute_relations_metrics_main.cc.o[0m
[219.244s] [ 56%] [32m[1mLinking CXX executable cartographer_pbstream[0m
[219.721s] [ 56%] Built target cartographer_pbstream
[219.761s] [ 56%] [32mBuilding CXX object CMakeFiles/cartographer_test_library.dir/cartographer/io/fake_file_writer.cc.o[0m
[219.762s] [ 56%] [32mBuilding CXX object CMakeFiles/cartographer_test_library.dir/cartographer/io/internal/testing/test_helpers.cc.o[0m
[219.762s] [ 56%] [32mBuilding CXX object CMakeFiles/cartographer_test_library.dir/cartographer/mapping/internal/testing/test_helpers.cc.o[0m
[219.764s] [ 57%] [32mBuilding CXX object CMakeFiles/cartographer_test_library.dir/cartographer/io/fake_file_writer_test.cc.o[0m
[219.782s] [ 57%] [32mBuilding CXX object CMakeFiles/cartographer_print_configuration.dir/cartographer/common/print_configuration_main.cc.o[0m
[224.545s] [ 58%] [32m[1mLinking CXX executable cartographer_autogenerate_ground_truth[0m
[225.070s] [ 58%] [32m[1mLinking CXX static library ../lib/libgmock.a[0m
[225.115s] [ 58%] Built target cartographer_autogenerate_ground_truth
[225.125s] [ 58%] [32m[1mLinking CXX executable cartographer_print_configuration[0m
[225.158s] [ 58%] Built target gmock
[225.214s] [ 58%] [32mBuilding CXX object gmock/CMakeFiles/gmock_main.dir/src/gmock_main.cc.o[0m
[225.403s] [ 58%] Built target cartographer_print_configuration
[226.088s] [ 58%] [32m[1mLinking CXX executable cartographer_compute_relations_metrics[0m
[226.413s] [ 58%] Built target cartographer_compute_relations_metrics
[227.248s] [ 58%] [32m[1mLinking CXX static library ../lib/libgmock_main.a[0m
[227.289s] [ 58%] Built target gmock_main
[228.112s] [ 58%] [32m[1mLinking CXX static library libcartographer_test_library.a[0m
[228.152s] [ 58%] Built target cartographer_test_library
[228.178s] [ 58%] [32mBuilding CXX object CMakeFiles/cartographer.common.fixed_ratio_sampler_test.dir/cartographer/common/fixed_ratio_sampler_test.cc.o[0m
[228.179s] [ 58%] [32mBuilding CXX object CMakeFiles/cartographer.common.lua_parameter_dictionary_test.dir/cartographer/common/lua_parameter_dictionary_test.cc.o[0m
[228.179s] [ 58%] [32mBuilding CXX object CMakeFiles/cartographer.common.internal.rate_timer_test.dir/cartographer/common/internal/rate_timer_test.cc.o[0m
[228.187s] [ 58%] [32mBuilding CXX object CMakeFiles/cartographer.common.configuration_files_test.dir/cartographer/common/configuration_files_test.cc.o[0m
[228.187s] [ 58%] [32mBuilding CXX object CMakeFiles/cartographer.common.internal.blocking_queue_test.dir/cartographer/common/internal/blocking_queue_test.cc.o[0m
[229.220s] [ 58%] [32mBuilding CXX object CMakeFiles/cartographer.common.task_test.dir/cartographer/common/task_test.cc.o[0m
[229.220s] [ 58%] [32mBuilding CXX object CMakeFiles/cartographer.common.math_test.dir/cartographer/common/math_test.cc.o[0m
[229.222s] [ 58%] [32mBuilding CXX object CMakeFiles/cartographer.common.thread_pool_test.dir/cartographer/common/thread_pool_test.cc.o[0m
[233.466s] [ 59%] [32m[1mLinking CXX executable cartographer.common.fixed_ratio_sampler_test[0m
[233.902s] [ 59%] Built target cartographer.common.fixed_ratio_sampler_test
[233.968s] [ 59%] [32mBuilding CXX object CMakeFiles/cartographer.io.fake_file_writer_test.dir/cartographer/io/fake_file_writer_test.cc.o[0m
[235.385s] [ 60%] [32m[1mLinking CXX executable cartographer.common.internal.rate_timer_test[0m
[235.736s] [ 60%] Built target cartographer.common.internal.rate_timer_test
[235.792s] [ 60%] [32mBuilding CXX object CMakeFiles/cartographer.io.internal.in_memory_proto_stream_test.dir/cartographer/io/internal/in_memory_proto_stream_test.cc.o[0m
[236.039s] [ 61%] [32m[1mLinking CXX executable cartographer.common.thread_pool_test[0m
[236.477s] [ 61%] Built target cartographer.common.thread_pool_test
[236.549s] [ 61%] [32mBuilding CXX object CMakeFiles/cartographer.io.points_processor_pipeline_builder_test.dir/cartographer/io/points_processor_pipeline_builder_test.cc.o[0m
[237.307s] [ 62%] [32m[1mLinking CXX executable cartographer.common.math_test[0m
[237.693s] [ 62%] [32m[1mLinking CXX executable cartographer.common.internal.blocking_queue_test[0m
[237.709s] [ 62%] Built target cartographer.common.math_test
[237.763s] [ 62%] [32mBuilding CXX object CMakeFiles/cartographer.io.probability_grid_points_processor_test.dir/cartographer/io/probability_grid_points_processor_test.cc.o[0m
[238.062s] [ 62%] Built target cartographer.common.internal.blocking_queue_test
[238.116s] [ 62%] [32mBuilding CXX object CMakeFiles/cartographer.io.proto_stream_deserializer_test.dir/cartographer/io/proto_stream_deserializer_test.cc.o[0m
[238.195s] [ 62%] [32m[1mLinking CXX executable cartographer.common.configuration_files_test[0m
[238.353s] [ 62%] [32m[1mLinking CXX executable cartographer.common.lua_parameter_dictionary_test[0m
[238.741s] [ 62%] Built target cartographer.common.lua_parameter_dictionary_test
[238.802s] [ 63%] [32mBuilding CXX object CMakeFiles/cartographer.io.proto_stream_test.dir/cartographer/io/proto_stream_test.cc.o[0m
[238.996s] [ 63%] Built target cartographer.common.configuration_files_test
[239.049s] [ 63%] [32mBuilding CXX object CMakeFiles/cartographer.io.serialization_format_migration_test.dir/cartographer/io/serialization_format_migration_test.cc.o[0m
[239.283s] [ 63%] [32m[1mLinking CXX executable cartographer.common.task_test[0m
[239.685s] [ 63%] Built target cartographer.common.task_test
[239.742s] [ 64%] [32mBuilding CXX object CMakeFiles/cartographer.mapping.2d.map_limits_test.dir/cartographer/mapping/2d/map_limits_test.cc.o[0m
[242.072s] [ 64%] [32m[1mLinking CXX executable cartographer.io.fake_file_writer_test[0m
[242.492s] [ 64%] Built target cartographer.io.fake_file_writer_test
[242.550s] [ 64%] [32mBuilding CXX object CMakeFiles/cartographer.mapping.2d.probability_grid_test.dir/cartographer/mapping/2d/probability_grid_test.cc.o[0m
[244.498s] [ 65%] [32m[1mLinking CXX executable cartographer.io.internal.in_memory_proto_stream_test[0m
[245.135s] [ 65%] Built target cartographer.io.internal.in_memory_proto_stream_test
[245.187s] [ 66%] [32mBuilding CXX object CMakeFiles/cartographer.mapping.2d.range_data_inserter_2d_test.dir/cartographer/mapping/2d/range_data_inserter_2d_test.cc.o[0m
[246.567s] [ 66%] [32m[1mLinking CXX executable cartographer.io.proto_stream_test[0m
[246.903s] [ 66%] [32m[1mLinking CXX executable cartographer.io.points_processor_pipeline_builder_test[0m
[247.117s] [ 66%] Built target cartographer.io.proto_stream_test
[247.179s] [ 66%] [32mBuilding CXX object CMakeFiles/cartographer.mapping.2d.submap_2d_test.dir/cartographer/mapping/2d/submap_2d_test.cc.o[0m
[247.488s] [ 66%] Built target cartographer.io.points_processor_pipeline_builder_test
[247.540s] [ 67%] [32mBuilding CXX object CMakeFiles/cartographer.mapping.2d.xy_index_test.dir/cartographer/mapping/2d/xy_index_test.cc.o[0m
[248.691s] [ 67%] [32m[1mLinking CXX executable cartographer.io.proto_stream_deserializer_test[0m
[249.433s] [ 67%] Built target cartographer.io.proto_stream_deserializer_test
[249.494s] [ 67%] [32mBuilding CXX object CMakeFiles/cartographer.mapping.3d.hybrid_grid_test.dir/cartographer/mapping/3d/hybrid_grid_test.cc.o[0m
[250.125s] [ 67%] [32m[1mLinking CXX executable cartographer.mapping.2d.map_limits_test[0m
[250.526s] [ 67%] Built target cartographer.mapping.2d.map_limits_test
[250.576s] [ 68%] [32mBuilding CXX object CMakeFiles/cartographer.mapping.3d.range_data_inserter_3d_test.dir/cartographer/mapping/3d/range_data_inserter_3d_test.cc.o[0m
[252.675s] [ 68%] [32m[1mLinking CXX executable cartographer.io.serialization_format_migration_test[0m
[252.962s] [ 69%] [32m[1mLinking CXX executable cartographer.io.probability_grid_points_processor_test[0m
[253.598s] [ 69%] Built target cartographer.io.probability_grid_points_processor_test
[253.622s] [ 69%] Built target cartographer.io.serialization_format_migration_test
[253.648s] [ 69%] [32mBuilding CXX object CMakeFiles/cartographer.mapping.3d.submap_3d_test.dir/cartographer/mapping/3d/submap_3d_test.cc.o[0m
[253.679s] [ 70%] [32mBuilding CXX object CMakeFiles/cartographer.mapping.id_test.dir/cartographer/mapping/id_test.cc.o[0m
[256.031s] [ 70%] [32m[1mLinking CXX executable cartographer.mapping.2d.probability_grid_test[0m
[256.656s] [ 70%] Built target cartographer.mapping.2d.probability_grid_test
[256.714s] [ 70%] [32mBuilding CXX object CMakeFiles/cartographer.mapping.imu_tracker_test.dir/cartographer/mapping/imu_tracker_test.cc.o[0m
[256.813s] [ 70%] [32m[1mLinking CXX executable cartographer.mapping.2d.xy_index_test[0m
[257.407s] [ 70%] Built target cartographer.mapping.2d.xy_index_test
[257.410s] [ 70%] [32m[1mLinking CXX executable cartographer.mapping.2d.range_data_inserter_2d_test[0m
[257.498s] [ 71%] [32mBuilding CXX object CMakeFiles/cartographer.mapping.internal.2d.normal_estimation_2d_test.dir/cartographer/mapping/internal/2d/normal_estimation_2d_test.cc.o[0m
[257.957s] [ 71%] Built target cartographer.mapping.2d.range_data_inserter_2d_test
[258.009s] [ 71%] [32mBuilding CXX object CMakeFiles/cartographer.mapping.internal.2d.overlapping_submaps_trimmer_2d_test.dir/cartographer/mapping/internal/2d/overlapping_submaps_trimmer_2d_test.cc.o[0m
[261.408s] [ 71%] [32m[1mLinking CXX executable cartographer.mapping.2d.submap_2d_test[0m
[262.166s] [ 71%] Built target cartographer.mapping.2d.submap_2d_test
[262.223s] [ 72%] [32mBuilding CXX object CMakeFiles/cartographer.mapping.internal.2d.pose_graph_2d_test.dir/cartographer/mapping/internal/2d/pose_graph_2d_test.cc.o[0m
[265.120s] [ 72%] [32m[1mLinking CXX executable cartographer.mapping.imu_tracker_test[0m
[265.224s] [ 72%] [32m[1mLinking CXX executable cartographer.mapping.3d.range_data_inserter_3d_test[0m
[265.500s] [ 72%] Built target cartographer.mapping.imu_tracker_test
[265.554s] [ 72%] [32mBuilding CXX object CMakeFiles/cartographer.mapping.internal.2d.ray_to_pixel_mask_test.dir/cartographer/mapping/internal/2d/ray_to_pixel_mask_test.cc.o[0m
[265.675s] [ 72%] Built target cartographer.mapping.3d.range_data_inserter_3d_test
[265.726s] [ 73%] [32mBuilding CXX object CMakeFiles/cartographer.mapping.internal.2d.scan_matching.ceres_scan_matcher_2d_test.dir/cartographer/mapping/internal/2d/scan_matching/ceres_scan_matcher_2d_test.cc.o[0m
[267.101s] [ 73%] [32m[1mLinking CXX executable cartographer.mapping.id_test[0m
[267.477s] [ 73%] Built target cartographer.mapping.id_test
[267.622s] [ 73%] [32mBuilding CXX object CMakeFiles/cartographer.mapping.internal.2d.scan_matching.correlative_scan_matcher_test.dir/cartographer/mapping/internal/2d/scan_matching/correlative_scan_matcher_test.cc.o[0m
[267.815s] [ 73%] [32m[1mLinking CXX executable cartographer.mapping.3d.submap_3d_test[0m
[268.593s] [ 73%] Built target cartographer.mapping.3d.submap_3d_test
[268.651s] [ 74%] [32mBuilding CXX object CMakeFiles/cartographer.mapping.internal.2d.scan_matching.fast_correlative_scan_matcher_2d_test.dir/cartographer/mapping/internal/2d/scan_matching/fast_correlative_scan_matcher_2d_test.cc.o[0m
[269.434s] [ 74%] [32m[1mLinking CXX executable cartographer.mapping.3d.hybrid_grid_test[0m
[269.824s] [ 74%] Built target cartographer.mapping.3d.hybrid_grid_test
[269.875s] [ 74%] [32mBuilding CXX object CMakeFiles/cartographer.mapping.internal.2d.scan_matching.interpolated_tsdf_2d_test.dir/cartographer/mapping/internal/2d/scan_matching/interpolated_tsdf_2d_test.cc.o[0m
[271.108s] [ 74%] [32m[1mLinking CXX executable cartographer.mapping.internal.2d.normal_estimation_2d_test[0m
[271.680s] [ 74%] Built target cartographer.mapping.internal.2d.normal_estimation_2d_test
[271.734s] [ 74%] [32mBuilding CXX object CMakeFiles/cartographer.mapping.internal.2d.scan_matching.occupied_space_cost_function_2d_test.dir/cartographer/mapping/internal/2d/scan_matching/occupied_space_cost_function_2d_test.cc.o[0m
[276.491s] [ 74%] [32m[1mLinking CXX executable cartographer.mapping.internal.2d.overlapping_submaps_trimmer_2d_test[0m
[277.275s] [ 74%] Built target cartographer.mapping.internal.2d.overlapping_submaps_trimmer_2d_test
[279.448s] [ 74%] [32m[1mLinking CXX executable cartographer.mapping.internal.2d.scan_matching.correlative_scan_matcher_test[0m
[279.810s] [ 74%] Built target cartographer.mapping.internal.2d.scan_matching.correlative_scan_matcher_test
[279.989s] [ 74%] [32m[1mLinking CXX executable cartographer.mapping.internal.2d.ray_to_pixel_mask_test[0m
[280.249s] [ 74%] Built target cartographer.mapping.internal.2d.ray_to_pixel_mask_test
[280.264s] [ 74%] [32m[1mLinking CXX executable cartographer.mapping.internal.2d.scan_matching.ceres_scan_matcher_2d_test[0m
[280.604s] [ 75%] [32m[1mLinking CXX executable cartographer.mapping.internal.2d.scan_matching.interpolated_tsdf_2d_test[0m
[280.657s] [ 75%] Built target cartographer.mapping.internal.2d.scan_matching.ceres_scan_matcher_2d_test
[280.995s] [ 75%] Built target cartographer.mapping.internal.2d.scan_matching.interpolated_tsdf_2d_test
[282.028s] [ 75%] [32mBuilding CXX object CMakeFiles/cartographer.mapping.internal.2d.tsdf_range_data_inserter_2d_test.dir/cartographer/mapping/internal/2d/tsdf_range_data_inserter_2d_test.cc.o[0m
[282.363s] [ 75%] [32m[1mLinking CXX executable cartographer.mapping.internal.2d.scan_matching.occupied_space_cost_function_2d_test[0m
[282.709s] [ 75%] Built target cartographer.mapping.internal.2d.scan_matching.occupied_space_cost_function_2d_test
[282.741s] [ 75%] [32mBuilding CXX object CMakeFiles/cartographer.mapping.internal.2d.tsdf_2d_test.dir/cartographer/mapping/internal/2d/tsdf_2d_test.cc.o[0m
[283.245s] [ 75%] [32m[1mLinking CXX executable cartographer.mapping.internal.2d.scan_matching.fast_correlative_scan_matcher_2d_test[0m
[283.556s] [ 75%] Built target cartographer.mapping.internal.2d.scan_matching.fast_correlative_scan_matcher_2d_test
[283.720s] [ 75%] [32m[1mLinking CXX executable cartographer.mapping.internal.2d.pose_graph_2d_test[0m
[284.189s] [ 75%] Built target cartographer.mapping.internal.2d.pose_graph_2d_test
[285.221s] [ 75%] [32mBuilding CXX object CMakeFiles/cartographer.mapping.internal.3d.rotation_parameterization_test.dir/cartographer/mapping/internal/3d/rotation_parameterization_test.cc.o[0m
[285.260s] [ 75%] [32m[1mLinking CXX executable cartographer.mapping.internal.3d.rotation_parameterization_test[0m
[285.466s] [ 75%] Built target cartographer.mapping.internal.3d.rotation_parameterization_test
[285.496s] [ 75%] [32mBuilding CXX object CMakeFiles/cartographer.mapping.internal.3d.pose_graph_3d_test.dir/cartographer/mapping/internal/3d/pose_graph_3d_test.cc.o[0m
[287.520s] [ 75%] [32mBuilding CXX object CMakeFiles/cartographer.mapping.internal.3d.local_trajectory_builder_3d_test.dir/cartographer/mapping/internal/3d/local_trajectory_builder_3d_test.cc.o[0m
[287.524s] [ 75%] [32mBuilding CXX object CMakeFiles/cartographer.mapping.internal.3d.scan_matching.ceres_scan_matcher_3d_test.dir/cartographer/mapping/internal/3d/scan_matching/ceres_scan_matcher_3d_test.cc.o[0m
[288.558s] [ 75%] [32mBuilding CXX object CMakeFiles/cartographer.mapping.internal.2d.scan_matching.tsdf_match_cost_function_2d_test.dir/cartographer/mapping/internal/2d/scan_matching/tsdf_match_cost_function_2d_test.cc.o[0m
[288.560s] [ 75%] [32mBuilding CXX object CMakeFiles/cartographer.mapping.internal.2d.tsd_value_converter_test.dir/cartographer/mapping/internal/2d/tsd_value_converter_test.cc.o[0m
[289.682s] [ 75%] [32mBuilding CXX object CMakeFiles/cartographer.mapping.internal.2d.scan_matching.real_time_correlative_scan_matcher_2d_test.dir/cartographer/mapping/internal/2d/scan_matching/real_time_correlative_scan_matcher_2d_test.cc.o[0m
[289.701s] [ 75%] [32m[1mLinking CXX executable cartographer.mapping.internal.2d.tsdf_2d_test[0m
[290.172s] [ 75%] Built target cartographer.mapping.internal.2d.tsdf_2d_test
[290.225s] [ 75%] [32mBuilding CXX object CMakeFiles/cartographer.mapping.internal.3d.scan_matching.fast_correlative_scan_matcher_3d_test.dir/cartographer/mapping/internal/3d/scan_matching/fast_correlative_scan_matcher_3d_test.cc.o[0m
[292.443s] [ 76%] [32m[1mLinking CXX executable cartographer.mapping.internal.2d.tsdf_range_data_inserter_2d_test[0m
[292.935s] [ 76%] Built target cartographer.mapping.internal.2d.tsdf_range_data_inserter_2d_test
[292.992s] [ 76%] [32mBuilding CXX object CMakeFiles/cartographer.mapping.internal.3d.scan_matching.intensity_cost_function_3d_test.dir/cartographer/mapping/internal/3d/scan_matching/intensity_cost_function_3d_test.cc.o[0m
[297.608s] [ 77%] [32m[1mLinking CXX executable cartographer.mapping.internal.2d.tsd_value_converter_test[0m
[298.033s] [ 77%] Built target cartographer.mapping.internal.2d.tsd_value_converter_test
[298.085s] [ 77%] [32mBuilding CXX object CMakeFiles/cartographer.mapping.internal.3d.scan_matching.interpolated_grid_test.dir/cartographer/mapping/internal/3d/scan_matching/interpolated_grid_test.cc.o[0m
[303.316s] [ 78%] [32m[1mLinking CXX executable cartographer.mapping.internal.3d.pose_graph_3d_test[0m
[303.414s] [ 79%] [32m[1mLinking CXX executable cartographer.mapping.internal.2d.scan_matching.real_time_correlative_scan_matcher_2d_test[0m
[304.120s] [ 79%] [32m[1mLinking CXX executable cartographer.mapping.internal.2d.scan_matching.tsdf_match_cost_function_2d_test[0m
[304.406s] [ 79%] Built target cartographer.mapping.internal.2d.scan_matching.real_time_correlative_scan_matcher_2d_test
[304.571s] [ 79%] [32mBuilding CXX object CMakeFiles/cartographer.mapping.internal.3d.scan_matching.precomputation_grid_3d_test.dir/cartographer/mapping/internal/3d/scan_matching/precomputation_grid_3d_test.cc.o[0m
[304.627s] [ 79%] Built target cartographer.mapping.internal.3d.pose_graph_3d_test
[304.732s] [ 79%] [32mBuilding CXX object CMakeFiles/cartographer.mapping.internal.3d.scan_matching.real_time_correlative_scan_matcher_3d_test.dir/cartographer/mapping/internal/3d/scan_matching/real_time_correlative_scan_matcher_3d_test.cc.o[0m
[304.997s] [ 79%] Built target cartographer.mapping.internal.2d.scan_matching.tsdf_match_cost_function_2d_test
[305.054s] [ 79%] [32mBuilding CXX object CMakeFiles/cartographer.mapping.internal.3d.scan_matching.rotation_delta_cost_functor_3d_test.dir/cartographer/mapping/internal/3d/scan_matching/rotation_delta_cost_functor_3d_test.cc.o[0m
[305.398s] [ 80%] [32m[1mLinking CXX executable cartographer.mapping.internal.3d.scan_matching.ceres_scan_matcher_3d_test[0m
[306.133s] [ 80%] Built target cartographer.mapping.internal.3d.scan_matching.ceres_scan_matcher_3d_test
[306.203s] [ 80%] [32mBuilding CXX object CMakeFiles/cartographer.mapping.internal.3d.scan_matching.rotational_scan_matcher_test.dir/cartographer/mapping/internal/3d/scan_matching/rotational_scan_matcher_test.cc.o[0m
[308.221s] [ 80%] [32m[1mLinking CXX executable cartographer.mapping.internal.3d.local_trajectory_builder_3d_test[0m
[308.837s] [ 81%] [32m[1mLinking CXX executable cartographer.mapping.internal.3d.scan_matching.intensity_cost_function_3d_test[0m
[309.143s] [ 81%] Built target cartographer.mapping.internal.3d.local_trajectory_builder_3d_test
[309.226s] [ 81%] [32mBuilding CXX object CMakeFiles/cartographer.mapping.internal.connected_components_test.dir/cartographer/mapping/internal/connected_components_test.cc.o[0m
[309.227s] [ 81%] Built target cartographer.mapping.internal.3d.scan_matching.intensity_cost_function_3d_test
[309.308s] [ 81%] [32mBuilding CXX object CMakeFiles/cartographer.mapping.internal.constraints.constraint_builder_2d_test.dir/cartographer/mapping/internal/constraints/constraint_builder_2d_test.cc.o[0m
[311.536s] [ 81%] [32m[1mLinking CXX executable cartographer.mapping.internal.3d.scan_matching.interpolated_grid_test[0m
[311.911s] [ 81%] Built target cartographer.mapping.internal.3d.scan_matching.interpolated_grid_test
[311.963s] [ 82%] [32mBuilding CXX object CMakeFiles/cartographer.mapping.internal.constraints.constraint_builder_3d_test.dir/cartographer/mapping/internal/constraints/constraint_builder_3d_test.cc.o[0m
[312.136s] [ 82%] [32m[1mLinking CXX executable cartographer.mapping.internal.3d.scan_matching.fast_correlative_scan_matcher_3d_test[0m
[312.800s] [ 82%] Built target cartographer.mapping.internal.3d.scan_matching.fast_correlative_scan_matcher_3d_test
[312.852s] [ 82%] [32mBuilding CXX object CMakeFiles/cartographer.mapping.internal.motion_filter_test.dir/cartographer/mapping/internal/motion_filter_test.cc.o[0m
[314.945s] [ 83%] [32m[1mLinking CXX executable cartographer.mapping.internal.3d.scan_matching.rotation_delta_cost_functor_3d_test[0m
[315.284s] [ 83%] Built target cartographer.mapping.internal.3d.scan_matching.rotation_delta_cost_functor_3d_test
[315.339s] [ 84%] [32mBuilding CXX object CMakeFiles/cartographer.mapping.internal.optimization.cost_functions.landmark_cost_function_2d_test.dir/cartographer/mapping/internal/optimization/cost_functions/landmark_cost_function_2d_test.cc.o[0m
[317.186s] [ 84%] [32m[1mLinking CXX executable cartographer.mapping.internal.3d.scan_matching.rotational_scan_matcher_test[0m
[317.539s] [ 84%] Built target cartographer.mapping.internal.3d.scan_matching.rotational_scan_matcher_test
[317.595s] [ 84%] [32mBuilding CXX object CMakeFiles/cartographer.mapping.internal.optimization.cost_functions.landmark_cost_function_3d_test.dir/cartographer/mapping/internal/optimization/cost_functions/landmark_cost_function_3d_test.cc.o[0m
[317.679s] [ 85%] [32m[1mLinking CXX executable cartographer.mapping.internal.3d.scan_matching.precomputation_grid_3d_test[0m
[318.063s] [ 85%] Built target cartographer.mapping.internal.3d.scan_matching.precomputation_grid_3d_test
[318.115s] [ 86%] [32mBuilding CXX object CMakeFiles/cartographer.mapping.internal.optimization.cost_functions.spa_cost_function_2d_test.dir/cartographer/mapping/internal/optimization/cost_functions/spa_cost_function_2d_test.cc.o[0m
[320.986s] [ 87%] [32m[1mLinking CXX executable cartographer.mapping.internal.connected_components_test[0m
[321.385s] [ 87%] Built target cartographer.mapping.internal.connected_components_test
[321.434s] [ 87%] [32mBuilding CXX object CMakeFiles/cartographer.mapping.internal.optimization.optimization_problem_3d_test.dir/cartographer/mapping/internal/optimization/optimization_problem_3d_test.cc.o[0m
[321.886s] [ 87%] [32m[1mLinking CXX executable cartographer.mapping.internal.3d.scan_matching.real_time_correlative_scan_matcher_3d_test[0m
[322.306s] [ 87%] Built target cartographer.mapping.internal.3d.scan_matching.real_time_correlative_scan_matcher_3d_test
[322.356s] [ 88%] [32mBuilding CXX object CMakeFiles/cartographer.mapping.internal.range_data_collator_test.dir/cartographer/mapping/internal/range_data_collator_test.cc.o[0m
[322.850s] [ 88%] [32m[1mLinking CXX executable cartographer.mapping.internal.motion_filter_test[0m
[323.261s] [ 88%] Built target cartographer.mapping.internal.motion_filter_test
[323.310s] [ 88%] [32mBuilding CXX object CMakeFiles/cartographer.mapping.internal.trajectory_connectivity_state_test.dir/cartographer/mapping/internal/trajectory_connectivity_state_test.cc.o[0m
[327.306s] [ 88%] [32m[1mLinking CXX executable cartographer.mapping.internal.constraints.constraint_builder_2d_test[0m
[328.227s] [ 88%] Built target cartographer.mapping.internal.constraints.constraint_builder_2d_test
[331.005s] [ 88%] [32m[1mLinking CXX executable cartographer.mapping.internal.constraints.constraint_builder_3d_test[0m
[331.732s] [ 88%] Built target cartographer.mapping.internal.constraints.constraint_builder_3d_test
[333.396s] [ 88%] [32m[1mLinking CXX executable cartographer.mapping.internal.trajectory_connectivity_state_test[0m
[333.591s] [ 88%] [32m[1mLinking CXX executable cartographer.mapping.internal.optimization.cost_functions.spa_cost_function_2d_test[0m
[333.729s] [ 88%] Built target cartographer.mapping.internal.trajectory_connectivity_state_test
[333.879s] [ 88%] [32m[1mLinking CXX executable cartographer.mapping.internal.optimization.cost_functions.landmark_cost_function_2d_test[0m
[333.909s] [ 88%] Built target cartographer.mapping.internal.optimization.cost_functions.spa_cost_function_2d_test
[334.112s] [ 88%] Built target cartographer.mapping.internal.optimization.cost_functions.landmark_cost_function_2d_test
[334.173s] [ 88%] [32m[1mLinking CXX executable cartographer.mapping.internal.range_data_collator_test[0m
[334.378s] [ 88%] Built target cartographer.mapping.internal.range_data_collator_test
[334.620s] [ 88%] [32m[1mLinking CXX executable cartographer.mapping.internal.optimization.optimization_problem_3d_test[0m
[334.868s] [ 88%] Built target cartographer.mapping.internal.optimization.optimization_problem_3d_test
[335.236s] [ 88%] [32m[1mLinking CXX executable cartographer.mapping.internal.optimization.cost_functions.landmark_cost_function_3d_test[0m
[335.395s] [ 88%] Built target cartographer.mapping.internal.optimization.cost_functions.landmark_cost_function_3d_test
[335.421s] [ 89%] [32mBuilding CXX object CMakeFiles/cartographer.mapping.trajectory_node_test.dir/cartographer/mapping/trajectory_node_test.cc.o[0m
[337.435s] [ 90%] [32mBuilding CXX object CMakeFiles/cartographer.mapping.submaps_test.dir/cartographer/mapping/submaps_test.cc.o[0m
[337.435s] [ 90%] [32mBuilding CXX object CMakeFiles/cartographer.mapping.value_conversion_tables_test.dir/cartographer/mapping/value_conversion_tables_test.cc.o[0m
[337.436s] [ 90%] [32mBuilding CXX object CMakeFiles/cartographer.mapping.probability_values_test.dir/cartographer/mapping/probability_values_test.cc.o[0m
[338.467s] [ 91%] [32mBuilding CXX object CMakeFiles/cartographer.mapping.pose_graph_trimmer_test.dir/cartographer/mapping/pose_graph_trimmer_test.cc.o[0m
[338.468s] [ 91%] [32mBuilding CXX object CMakeFiles/cartographer.mapping.pose_graph_test.dir/cartographer/mapping/pose_graph_test.cc.o[0m
[339.502s] [ 91%] [32mBuilding CXX object CMakeFiles/cartographer.mapping.pose_extrapolator_test.dir/cartographer/mapping/pose_extrapolator_test.cc.o[0m
[339.508s] [ 92%] [32mBuilding CXX object CMakeFiles/cartographer.mapping.map_builder_test.dir/cartographer/mapping/map_builder_test.cc.o[0m
[341.496s] [ 92%] [32m[1mLinking CXX executable cartographer.mapping.value_conversion_tables_test[0m
[341.908s] [ 92%] Built target cartographer.mapping.value_conversion_tables_test
[341.967s] [ 93%] [32mBuilding CXX object CMakeFiles/cartographer.sensor.compressed_point_cloud_test.dir/cartographer/sensor/compressed_point_cloud_test.cc.o[0m
[344.049s] [ 93%] [32m[1mLinking CXX executable cartographer.mapping.trajectory_node_test[0m
[344.479s] [ 93%] Built target cartographer.mapping.trajectory_node_test
[344.530s] [ 93%] [32mBuilding CXX object CMakeFiles/cartographer.sensor.internal.collator_test.dir/cartographer/sensor/internal/collator_test.cc.o[0m
[344.715s] [ 93%] [32m[1mLinking CXX executable cartographer.mapping.probability_values_test[0m
[345.063s] [ 93%] Built target cartographer.mapping.probability_values_test
[345.116s] [ 94%] [32mBuilding CXX object CMakeFiles/cartographer.sensor.internal.ordered_multi_queue_test.dir/cartographer/sensor/internal/ordered_multi_queue_test.cc.o[0m
[345.554s] [ 94%] [32m[1mLinking CXX executable cartographer.mapping.submaps_test[0m
[345.946s] [ 94%] Built target cartographer.mapping.submaps_test
[346.007s] [ 94%] [32mBuilding CXX object CMakeFiles/cartographer.sensor.internal.trajectory_collator_test.dir/cartographer/sensor/internal/trajectory_collator_test.cc.o[0m
[349.651s] [ 94%] [32m[1mLinking CXX executable cartographer.mapping.pose_graph_test[0m
[349.865s] [ 94%] [32m[1mLinking CXX executable cartographer.mapping.pose_graph_trimmer_test[0m
[350.300s] [ 94%] Built target cartographer.mapping.pose_graph_trimmer_test
[350.320s] [ 94%] Built target cartographer.mapping.pose_graph_test
[350.361s] [ 94%] [32mBuilding CXX object CMakeFiles/cartographer.sensor.internal.voxel_filter_test.dir/cartographer/sensor/internal/voxel_filter_test.cc.o[0m
[350.369s] [ 94%] [32mBuilding CXX object CMakeFiles/cartographer.sensor.landmark_data_test.dir/cartographer/sensor/landmark_data_test.cc.o[0m
[355.709s] [ 94%] [32m[1mLinking CXX executable cartographer.mapping.pose_extrapolator_test[0m
[355.753s] [ 94%] [32m[1mLinking CXX executable cartographer.sensor.compressed_point_cloud_test[0m
[356.099s] [ 94%] Built target cartographer.mapping.pose_extrapolator_test
[356.154s] [ 94%] [32mBuilding CXX object CMakeFiles/cartographer.sensor.map_by_time_test.dir/cartographer/sensor/map_by_time_test.cc.o[0m
[356.195s] [ 94%] Built target cartographer.sensor.compressed_point_cloud_test
[356.243s] [ 94%] [32mBuilding CXX object CMakeFiles/cartographer.sensor.point_cloud_test.dir/cartographer/sensor/point_cloud_test.cc.o[0m
[357.513s] [ 94%] [32m[1mLinking CXX executable cartographer.sensor.internal.ordered_multi_queue_test[0m
[357.873s] [ 94%] Built target cartographer.sensor.internal.ordered_multi_queue_test
[357.925s] [ 94%] [32mBuilding CXX object CMakeFiles/cartographer.sensor.range_data_test.dir/cartographer/sensor/range_data_test.cc.o[0m
[359.869s] [ 94%] [32m[1mLinking CXX executable cartographer.sensor.internal.collator_test[0m
[360.223s] [ 94%] Built target cartographer.sensor.internal.collator_test
[360.275s] [ 94%] [32mBuilding CXX object CMakeFiles/cartographer.transform.rigid_transform_test.dir/cartographer/transform/rigid_transform_test.cc.o[0m
[360.569s] [ 95%] [32m[1mLinking CXX executable cartographer.sensor.internal.trajectory_collator_test[0m
[360.996s] [ 95%] Built target cartographer.sensor.internal.trajectory_collator_test
[361.052s] [ 95%] [32mBuilding CXX object CMakeFiles/cartographer.transform.timestamped_transform_test.dir/cartographer/transform/timestamped_transform_test.cc.o[0m
[362.946s] [ 95%] [32m[1mLinking CXX executable cartographer.mapping.map_builder_test[0m
[363.409s] [ 95%] [32m[1mLinking CXX executable cartographer.sensor.internal.voxel_filter_test[0m
[363.859s] [ 95%] Built target cartographer.sensor.internal.voxel_filter_test
[363.912s] [ 95%] [32mBuilding CXX object CMakeFiles/cartographer.transform.transform_interpolation_buffer_test.dir/cartographer/transform/transform_interpolation_buffer_test.cc.o[0m
[364.134s] [ 95%] Built target cartographer.mapping.map_builder_test
[364.185s] [ 95%] [32mBuilding CXX object CMakeFiles/cartographer.transform.transform_test.dir/cartographer/transform/transform_test.cc.o[0m
[365.786s] [ 95%] [32m[1mLinking CXX executable cartographer.sensor.map_by_time_test[0m
[366.233s] [ 95%] Built target cartographer.sensor.map_by_time_test
[368.569s] [ 96%] [32m[1mLinking CXX executable cartographer.sensor.landmark_data_test[0m
[369.031s] [ 96%] Built target cartographer.sensor.landmark_data_test
[369.649s] [ 97%] [32m[1mLinking CXX executable cartographer.sensor.point_cloud_test[0m
[369.890s] [ 97%] Built target cartographer.sensor.point_cloud_test
[370.042s] [ 97%] [32m[1mLinking CXX executable cartographer.sensor.range_data_test[0m
[370.332s] [ 97%] Built target cartographer.sensor.range_data_test
[371.785s] [ 97%] [32m[1mLinking CXX executable cartographer.transform.timestamped_transform_test[0m
[372.034s] [ 97%] Built target cartographer.transform.timestamped_transform_test
[374.430s] [ 98%] [32m[1mLinking CXX executable cartographer.transform.transform_interpolation_buffer_test[0m
[374.449s] [ 98%] [32m[1mLinking CXX executable cartographer.transform.transform_test[0m
[374.649s] [ 98%] Built target cartographer.transform.transform_test
[374.675s] [ 98%] Built target cartographer.transform.transform_interpolation_buffer_test
[375.790s] [100%] [32m[1mLinking CXX executable cartographer.transform.rigid_transform_test[0m
[375.949s] [100%] Built target cartographer.transform.rigid_transform_test
[375.965s] Invoked command in '/root/cartographer_ws_docker/build/cartographer' returned '0': CMAKE_PREFIX_PATH=/opt/ros/humble /usr/bin/cmake --build /root/cartographer_ws_docker/build/cartographer -- -j8 -l8
[376.815s] Invoking command in '/root/cartographer_ws_docker/build/cartographer': CMAKE_PREFIX_PATH=/opt/ros/humble /usr/bin/cmake --install /root/cartographer_ws_docker/build/cartographer
[376.825s] -- Install configuration: "Release"
[376.825s] -- Installing: /root/cartographer_ws_docker/install/cartographer/share/cartographer/package.xml
[376.826s] -- Installing: /root/cartographer_ws_docker/install/cartographer/share/cartographer//configuration_files
[376.826s] -- Installing: /root/cartographer_ws_docker/install/cartographer/share/cartographer//configuration_files/trajectory_builder_2d.lua
[376.826s] -- Installing: /root/cartographer_ws_docker/install/cartographer/share/cartographer//configuration_files/trajectory_builder.lua
[376.826s] -- Installing: /root/cartographer_ws_docker/install/cartographer/share/cartographer//configuration_files/map_builder_server.lua
[376.826s] -- Installing: /root/cartographer_ws_docker/install/cartographer/share/cartographer//configuration_files/trajectory_builder_3d.lua
[376.826s] -- Installing: /root/cartographer_ws_docker/install/cartographer/share/cartographer//configuration_files/map_builder.lua
[376.826s] -- Installing: /root/cartographer_ws_docker/install/cartographer/share/cartographer//configuration_files/pose_graph.lua
[376.827s] -- Installing: /root/cartographer_ws_docker/install/cartographer/share/cartographer//cmake
[376.827s] -- Installing: /root/cartographer_ws_docker/install/cartographer/share/cartographer//cmake/functions.cmake
[376.827s] -- Installing: /root/cartographer_ws_docker/install/cartographer/share/cartographer//cmake/modules
[376.827s] -- Installing: /root/cartographer_ws_docker/install/cartographer/share/cartographer//cmake/modules/FindEigen3.cmake
[376.827s] -- Installing: /root/cartographer_ws_docker/install/cartographer/share/cartographer//cmake/modules/FindLuaGoogle.cmake
[376.827s] -- Installing: /root/cartographer_ws_docker/install/cartographer/share/cartographer//cmake/modules/FindSphinx.cmake
[376.827s] -- Installing: /root/cartographer_ws_docker/install/cartographer/share/cartographer//cmake/modules/FindGMock.cmake
[376.828s] -- Installing: /root/cartographer_ws_docker/install/cartographer/bin/cartographer_autogenerate_ground_truth
[376.829s] -- Installing: /root/cartographer_ws_docker/install/cartographer/bin/cartographer_compute_relations_metrics
[376.831s] -- Installing: /root/cartographer_ws_docker/install/cartographer/bin/cartographer_pbstream
[376.835s] -- Installing: /root/cartographer_ws_docker/install/cartographer/bin/cartographer_print_configuration
[376.835s] -- Installing: /root/cartographer_ws_docker/install/cartographer/lib/libcartographer.a
[376.850s] -- Installing: /root/cartographer_ws_docker/install/cartographer/include/cartographer/common/configuration_file_resolver.h
[376.850s] -- Installing: /root/cartographer_ws_docker/install/cartographer/include/cartographer/common/fixed_ratio_sampler.h
[376.850s] -- Installing: /root/cartographer_ws_docker/install/cartographer/include/cartographer/common/histogram.h
[376.850s] -- Installing: /root/cartographer_ws_docker/install/cartographer/include/cartographer/common/lua.h
[376.850s] -- Installing: /root/cartographer_ws_docker/install/cartographer/include/cartographer/common/lua_parameter_dictionary.h
[376.850s] -- Installing: /root/cartographer_ws_docker/install/cartographer/include/cartographer/common/math.h
[376.851s] -- Installing: /root/cartographer_ws_docker/install/cartographer/include/cartographer/common/port.h
[376.851s] -- Installing: /root/cartographer_ws_docker/install/cartographer/include/cartographer/common/task.h
[376.851s] -- Installing: /root/cartographer_ws_docker/install/cartographer/include/cartographer/common/thread_pool.h
[376.851s] -- Installing: /root/cartographer_ws_docker/install/cartographer/include/cartographer/common/time.h
[376.851s] -- Installing: /root/cartographer_ws_docker/install/cartographer/include/cartographer/ground_truth/autogenerate_ground_truth.h
[376.851s] -- Installing: /root/cartographer_ws_docker/install/cartographer/include/cartographer/ground_truth/relations_text_file.h
[376.852s] -- Installing: /root/cartographer_ws_docker/install/cartographer/include/cartographer/io/color.h
[376.852s] -- Installing: /root/cartographer_ws_docker/install/cartographer/include/cartographer/io/coloring_points_processor.h
[376.852s] -- Installing: /root/cartographer_ws_docker/install/cartographer/include/cartographer/io/counting_points_processor.h
[376.852s] -- Installing: /root/cartographer_ws_docker/install/cartographer/include/cartographer/io/draw_trajectories.h
[376.852s] -- Installing: /root/cartographer_ws_docker/install/cartographer/include/cartographer/io/file_writer.h
[376.853s] -- Installing: /root/cartographer_ws_docker/install/cartographer/include/cartographer/io/fixed_ratio_sampling_points_processor.h
[376.853s] -- Installing: /root/cartographer_ws_docker/install/cartographer/include/cartographer/io/frame_id_filtering_points_processor.h
[376.853s] -- Installing: /root/cartographer_ws_docker/install/cartographer/include/cartographer/io/hybrid_grid_points_processor.h
[376.853s] -- Installing: /root/cartographer_ws_docker/install/cartographer/include/cartographer/io/image.h
[376.853s] -- Installing: /root/cartographer_ws_docker/install/cartographer/include/cartographer/io/intensity_to_color_points_processor.h
[376.854s] -- Installing: /root/cartographer_ws_docker/install/cartographer/include/cartographer/io/min_max_range_filtering_points_processor.h
[376.854s] -- Installing: /root/cartographer_ws_docker/install/cartographer/include/cartographer/io/null_points_processor.h
[376.854s] -- Installing: /root/cartographer_ws_docker/install/cartographer/include/cartographer/io/outlier_removing_points_processor.h
[376.854s] -- Installing: /root/cartographer_ws_docker/install/cartographer/include/cartographer/io/pcd_writing_points_processor.h
[376.854s] -- Installing: /root/cartographer_ws_docker/install/cartographer/include/cartographer/io/ply_writing_points_processor.h
[376.854s] -- Installing: /root/cartographer_ws_docker/install/cartographer/include/cartographer/io/points_batch.h
[376.855s] -- Installing: /root/cartographer_ws_docker/install/cartographer/include/cartographer/io/points_processor.h
[376.855s] -- Installing: /root/cartographer_ws_docker/install/cartographer/include/cartographer/io/points_processor_pipeline_builder.h
[376.855s] -- Installing: /root/cartographer_ws_docker/install/cartographer/include/cartographer/io/probability_grid_points_processor.h
[376.855s] -- Installing: /root/cartographer_ws_docker/install/cartographer/include/cartographer/io/proto_stream.h
[376.855s] -- Installing: /root/cartographer_ws_docker/install/cartographer/include/cartographer/io/proto_stream_deserializer.h
[376.855s] -- Installing: /root/cartographer_ws_docker/install/cartographer/include/cartographer/io/proto_stream_interface.h
[376.856s] -- Installing: /root/cartographer_ws_docker/install/cartographer/include/cartographer/io/serialization_format_migration.h
[376.856s] -- Installing: /root/cartographer_ws_docker/install/cartographer/include/cartographer/io/submap_painter.h
[376.856s] -- Installing: /root/cartographer_ws_docker/install/cartographer/include/cartographer/io/vertical_range_filtering_points_processor.h
[376.856s] -- Installing: /root/cartographer_ws_docker/install/cartographer/include/cartographer/io/xray_points_processor.h
[376.856s] -- Installing: /root/cartographer_ws_docker/install/cartographer/include/cartographer/io/xyz_writing_points_processor.h
[376.857s] -- Installing: /root/cartographer_ws_docker/install/cartographer/include/cartographer/mapping/2d/grid_2d.h
[376.857s] -- Installing: /root/cartographer_ws_docker/install/cartographer/include/cartographer/mapping/2d/map_limits.h
[376.857s] -- Installing: /root/cartographer_ws_docker/install/cartographer/include/cartographer/mapping/2d/probability_grid.h
[376.857s] -- Installing: /root/cartographer_ws_docker/install/cartographer/include/cartographer/mapping/2d/probability_grid_range_data_inserter_2d.h
[376.857s] -- Installing: /root/cartographer_ws_docker/install/cartographer/include/cartographer/mapping/2d/submap_2d.h
[376.858s] -- Installing: /root/cartographer_ws_docker/install/cartographer/include/cartographer/mapping/2d/xy_index.h
[376.858s] -- Installing: /root/cartographer_ws_docker/install/cartographer/include/cartographer/mapping/3d/hybrid_grid.h
[376.858s] -- Installing: /root/cartographer_ws_docker/install/cartographer/include/cartographer/mapping/3d/range_data_inserter_3d.h
[376.858s] -- Installing: /root/cartographer_ws_docker/install/cartographer/include/cartographer/mapping/3d/submap_3d.h
[376.858s] -- Installing: /root/cartographer_ws_docker/install/cartographer/include/cartographer/mapping/detect_floors.h
[376.859s] -- Installing: /root/cartographer_ws_docker/install/cartographer/include/cartographer/mapping/grid_interface.h
[376.859s] -- Installing: /root/cartographer_ws_docker/install/cartographer/include/cartographer/mapping/id.h
[376.859s] -- Installing: /root/cartographer_ws_docker/install/cartographer/include/cartographer/mapping/imu_tracker.h
[376.859s] -- Installing: /root/cartographer_ws_docker/install/cartographer/include/cartographer/mapping/map_builder.h
[376.859s] -- Installing: /root/cartographer_ws_docker/install/cartographer/include/cartographer/mapping/map_builder_interface.h
[376.859s] -- Installing: /root/cartographer_ws_docker/install/cartographer/include/cartographer/mapping/pose_extrapolator.h
[376.860s] -- Installing: /root/cartographer_ws_docker/install/cartographer/include/cartographer/mapping/pose_extrapolator_interface.h
[376.860s] -- Installing: /root/cartographer_ws_docker/install/cartographer/include/cartographer/mapping/pose_graph.h
[376.860s] -- Installing: /root/cartographer_ws_docker/install/cartographer/include/cartographer/mapping/pose_graph_interface.h
[376.860s] -- Installing: /root/cartographer_ws_docker/install/cartographer/include/cartographer/mapping/pose_graph_trimmer.h
[376.860s] -- Installing: /root/cartographer_ws_docker/install/cartographer/include/cartographer/mapping/probability_values.h
[376.861s] -- Installing: /root/cartographer_ws_docker/install/cartographer/include/cartographer/mapping/range_data_inserter_interface.h
[376.861s] -- Installing: /root/cartographer_ws_docker/install/cartographer/include/cartographer/mapping/submaps.h
[376.861s] -- Installing: /root/cartographer_ws_docker/install/cartographer/include/cartographer/mapping/trajectory_builder_interface.h
[376.861s] -- Installing: /root/cartographer_ws_docker/install/cartographer/include/cartographer/mapping/trajectory_node.h
[376.861s] -- Installing: /root/cartographer_ws_docker/install/cartographer/include/cartographer/mapping/value_conversion_tables.h
[376.861s] -- Installing: /root/cartographer_ws_docker/install/cartographer/include/cartographer/metrics/counter.h
[376.862s] -- Installing: /root/cartographer_ws_docker/install/cartographer/include/cartographer/metrics/family_factory.h
[376.862s] -- Installing: /root/cartographer_ws_docker/install/cartographer/include/cartographer/metrics/gauge.h
[376.862s] -- Installing: /root/cartographer_ws_docker/install/cartographer/include/cartographer/metrics/histogram.h
[376.862s] -- Installing: /root/cartographer_ws_docker/install/cartographer/include/cartographer/metrics/register.h
[376.862s] -- Installing: /root/cartographer_ws_docker/install/cartographer/include/cartographer/sensor/collator_interface.h
[376.863s] -- Installing: /root/cartographer_ws_docker/install/cartographer/include/cartographer/sensor/compressed_point_cloud.h
[376.863s] -- Installing: /root/cartographer_ws_docker/install/cartographer/include/cartographer/sensor/data.h
[376.863s] -- Installing: /root/cartographer_ws_docker/install/cartographer/include/cartographer/sensor/fixed_frame_pose_data.h
[376.863s] -- Installing: /root/cartographer_ws_docker/install/cartographer/include/cartographer/sensor/imu_data.h
[376.863s] -- Installing: /root/cartographer_ws_docker/install/cartographer/include/cartographer/sensor/landmark_data.h
[376.863s] -- Installing: /root/cartographer_ws_docker/install/cartographer/include/cartographer/sensor/map_by_time.h
[376.864s] -- Installing: /root/cartographer_ws_docker/install/cartographer/include/cartographer/sensor/odometry_data.h
[376.864s] -- Installing: /root/cartographer_ws_docker/install/cartographer/include/cartographer/sensor/point_cloud.h
[376.864s] -- Installing: /root/cartographer_ws_docker/install/cartographer/include/cartographer/sensor/range_data.h
[376.864s] -- Installing: /root/cartographer_ws_docker/install/cartographer/include/cartographer/sensor/rangefinder_point.h
[376.864s] -- Installing: /root/cartographer_ws_docker/install/cartographer/include/cartographer/sensor/timed_point_cloud_data.h
[376.865s] -- Installing: /root/cartographer_ws_docker/install/cartographer/include/cartographer/transform/rigid_transform.h
[376.865s] -- Installing: /root/cartographer_ws_docker/install/cartographer/include/cartographer/transform/timestamped_transform.h
[376.865s] -- Installing: /root/cartographer_ws_docker/install/cartographer/include/cartographer/transform/transform.h
[376.865s] -- Installing: /root/cartographer_ws_docker/install/cartographer/include/cartographer/transform/transform_interpolation_buffer.h
[376.865s] -- Installing: /root/cartographer_ws_docker/install/cartographer/include/cartographer/io/fake_file_writer.h
[376.866s] -- Installing: /root/cartographer_ws_docker/install/cartographer/include/cartographer/transform/rigid_transform_test_helpers.h
[376.866s] -- Installing: /root/cartographer_ws_docker/install/cartographer/include/cartographer/common/proto/ceres_solver_options.pb.h
[376.866s] -- Installing: /root/cartographer_ws_docker/install/cartographer/include/cartographer/ground_truth/proto/relations.pb.h
[376.866s] -- Installing: /root/cartographer_ws_docker/install/cartographer/include/cartographer/mapping/proto/cell_limits_2d.pb.h
[376.866s] -- Installing: /root/cartographer_ws_docker/install/cartographer/include/cartographer/mapping/proto/connected_components.pb.h
[376.867s] -- Installing: /root/cartographer_ws_docker/install/cartographer/include/cartographer/mapping/proto/grid_2d.pb.h
[376.867s] -- Installing: /root/cartographer_ws_docker/install/cartographer/include/cartographer/mapping/proto/grid_2d_options.pb.h
[376.867s] -- Installing: /root/cartographer_ws_docker/install/cartographer/include/cartographer/mapping/proto/hybrid_grid.pb.h
[376.867s] -- Installing: /root/cartographer_ws_docker/install/cartographer/include/cartographer/mapping/proto/local_trajectory_builder_options_2d.pb.h
[376.868s] -- Installing: /root/cartographer_ws_docker/install/cartographer/include/cartographer/mapping/proto/local_trajectory_builder_options_3d.pb.h
[376.868s] -- Installing: /root/cartographer_ws_docker/install/cartographer/include/cartographer/mapping/proto/map_builder_options.pb.h
[376.868s] -- Installing: /root/cartographer_ws_docker/install/cartographer/include/cartographer/mapping/proto/map_limits.pb.h
[376.868s] -- Installing: /root/cartographer_ws_docker/install/cartographer/include/cartographer/mapping/proto/motion_filter_options.pb.h
[376.869s] -- Installing: /root/cartographer_ws_docker/install/cartographer/include/cartographer/mapping/proto/normal_estimation_options_2d.pb.h
[376.869s] -- Installing: /root/cartographer_ws_docker/install/cartographer/include/cartographer/mapping/proto/pose_extrapolator_options.pb.h
[376.869s] -- Installing: /root/cartographer_ws_docker/install/cartographer/include/cartographer/mapping/proto/pose_graph.pb.h
[376.869s] -- Installing: /root/cartographer_ws_docker/install/cartographer/include/cartographer/mapping/proto/pose_graph/constraint_builder_options.pb.h
[376.870s] -- Installing: /root/cartographer_ws_docker/install/cartographer/include/cartographer/mapping/proto/pose_graph/optimization_problem_options.pb.h
[376.870s] -- Installing: /root/cartographer_ws_docker/install/cartographer/include/cartographer/mapping/proto/pose_graph_options.pb.h
[376.870s] -- Installing: /root/cartographer_ws_docker/install/cartographer/include/cartographer/mapping/proto/probability_grid.pb.h
[376.870s] -- Installing: /root/cartographer_ws_docker/install/cartographer/include/cartographer/mapping/proto/probability_grid_range_data_inserter_options_2d.pb.h
[376.870s] -- Installing: /root/cartographer_ws_docker/install/cartographer/include/cartographer/mapping/proto/range_data_inserter_options.pb.h
[376.871s] -- Installing: /root/cartographer_ws_docker/install/cartographer/include/cartographer/mapping/proto/range_data_inserter_options_3d.pb.h
[376.871s] -- Installing: /root/cartographer_ws_docker/install/cartographer/include/cartographer/mapping/proto/scan_matching/ceres_scan_matcher_options_2d.pb.h
[376.871s] -- Installing: /root/cartographer_ws_docker/install/cartographer/include/cartographer/mapping/proto/scan_matching/ceres_scan_matcher_options_3d.pb.h
[376.871s] -- Installing: /root/cartographer_ws_docker/install/cartographer/include/cartographer/mapping/proto/scan_matching/fast_correlative_scan_matcher_options_2d.pb.h
[376.872s] -- Installing: /root/cartographer_ws_docker/install/cartographer/include/cartographer/mapping/proto/scan_matching/fast_correlative_scan_matcher_options_3d.pb.h
[376.872s] -- Installing: /root/cartographer_ws_docker/install/cartographer/include/cartographer/mapping/proto/scan_matching/real_time_correlative_scan_matcher_options.pb.h
[376.872s] -- Installing: /root/cartographer_ws_docker/install/cartographer/include/cartographer/mapping/proto/serialization.pb.h
[376.873s] -- Installing: /root/cartographer_ws_docker/install/cartographer/include/cartographer/mapping/proto/submap.pb.h
[376.873s] -- Installing: /root/cartographer_ws_docker/install/cartographer/include/cartographer/mapping/proto/submap_visualization.pb.h
[376.873s] -- Installing: /root/cartographer_ws_docker/install/cartographer/include/cartographer/mapping/proto/submaps_options_2d.pb.h
[376.873s] -- Installing: /root/cartographer_ws_docker/install/cartographer/include/cartographer/mapping/proto/submaps_options_3d.pb.h
[376.873s] -- Installing: /root/cartographer_ws_docker/install/cartographer/include/cartographer/mapping/proto/trajectory.pb.h
[376.874s] -- Installing: /root/cartographer_ws_docker/install/cartographer/include/cartographer/mapping/proto/trajectory_builder_options.pb.h
[376.874s] -- Installing: /root/cartographer_ws_docker/install/cartographer/include/cartographer/mapping/proto/trajectory_node_data.pb.h
[376.874s] -- Installing: /root/cartographer_ws_docker/install/cartographer/include/cartographer/mapping/proto/tsdf_2d.pb.h
[376.874s] -- Installing: /root/cartographer_ws_docker/install/cartographer/include/cartographer/mapping/proto/tsdf_range_data_inserter_options_2d.pb.h
[376.875s] -- Installing: /root/cartographer_ws_docker/install/cartographer/include/cartographer/sensor/proto/adaptive_voxel_filter_options.pb.h
[376.875s] -- Installing: /root/cartographer_ws_docker/install/cartographer/include/cartographer/sensor/proto/sensor.pb.h
[376.875s] -- Installing: /root/cartographer_ws_docker/install/cartographer/include/cartographer/transform/proto/timestamped_transform.pb.h
[376.875s] -- Installing: /root/cartographer_ws_docker/install/cartographer/include/cartographer/transform/proto/transform.pb.h
[376.876s] -- Installing: /root/cartographer_ws_docker/install/cartographer/share/cartographer/cmake/CartographerTargets.cmake
[376.876s] -- Installing: /root/cartographer_ws_docker/install/cartographer/share/cartographer/cmake/CartographerTargets-release.cmake
[376.876s] -- Installing: /root/cartographer_ws_docker/install/cartographer/share/cartographer/cartographer-config.cmake
[376.879s] Invoked command in '/root/cartographer_ws_docker/build/cartographer' returned '0': CMAKE_PREFIX_PATH=/opt/ros/humble /usr/bin/cmake --install /root/cartographer_ws_docker/build/cartographer
