[0.007s] Invoking command in '/home/user/cartographer_ws_docker/build/cartographer': CMAKE_PREFIX_PATH=/opt/ros/humble /usr/bin/cmake /home/user/cartographer_ws_docker/src/cartographer -DCMAKE_INSTALL_PREFIX=/home/user/cartographer_ws_docker/install/cartographer
[0.123s] -- The C compiler identification is GNU 11.4.0
[0.194s] -- The CXX compiler identification is GNU 11.4.0
[0.201s] -- Detecting C compiler ABI info
[0.238s] -- Detecting C compiler ABI info - done
[0.242s] -- Check for working C compiler: /usr/bin/cc - skipped
[0.242s] -- Detecting C compile features
[0.243s] -- Detecting C compile features - done
[0.245s] -- Detecting CXX compiler ABI info
[0.286s] -- Detecting CXX compiler ABI info - done
[0.289s] -- Check for working CXX compiler: /usr/bin/c++ - skipped
[0.290s] -- Detecting CXX compile features
[0.290s] -- Detecting CXX compile features - done
[0.291s] -- Build type: Release
[0.301s] ãƒ•ã‚¡ã‚¤ãƒ« /home/user/cartographer_ws_docker/build/cartographer/AllFiles.cmake ã¨ - ã¯ç•°ãªã‚Šã¾ã™
[0.397s] -- Found Python: /usr/bin/python3.10 (found version "3.10.12") found components: Interpreter 
[0.399s] -- Looking for pthread.h
[0.443s] -- Looking for pthread.h - found
[0.444s] -- Performing Test CMAKE_HAVE_LIBC_PTHREAD
[0.478s] -- Performing Test CMAKE_HAVE_LIBC_PTHREAD - Success
[0.479s] -- Found Threads: TRUE  
[0.482s] -- Found GMock: gmock_main  
[0.498s] -- Found Boost: /usr/lib/x86_64-linux-gnu/cmake/Boost-1.74.0/BoostConfig.cmake (found version "1.74.0") found components: iostreams 
[0.506s] -- Found required Ceres dependency: Eigen version 3.4.0 in /usr/include/eigen3
[0.510s] -- Found required Ceres dependency: glog
[0.510s] -- Found required Ceres dependency: gflags
[0.511s] -- Found Ceres version: 2.0.0 installed in: /usr with components: [EigenSparse, SparseLinearAlgebraLibrary, LAPACK, SuiteSparse, CXSparse, SchurSpecializations, Multithreading]
[0.515s] -- Found Lua: /usr/lib/x86_64-linux-gnu/liblua5.2.so;/usr/lib/x86_64-linux-gnu/libm.so (found version "5.2.4") 
[0.528s] -- Found Protobuf: /usr/lib/x86_64-linux-gnu/libprotobuf.so (found suitable version "3.12.4", minimum required is "3.0.0") 
[0.531s] -- Found PkgConfig: /usr/bin/pkg-config (found version "0.29.2") 
[0.531s] -- Checking for one of the modules 'cairo>=1.12.16'
[0.560s] -- Found Sphinx: /usr/bin/sphinx-build  
[0.579s] -- Configuring done
[0.703s] -- Generating done
[0.706s] -- Build files have been written to: /home/user/cartographer_ws_docker/build/cartographer
[0.713s] Invoked command in '/home/user/cartographer_ws_docker/build/cartographer' returned '0': CMAKE_PREFIX_PATH=/opt/ros/humble /usr/bin/cmake /home/user/cartographer_ws_docker/src/cartographer -DCMAKE_INSTALL_PREFIX=/home/user/cartographer_ws_docker/install/cartographer
[0.714s] Invoking command in '/home/user/cartographer_ws_docker/build/cartographer': CMAKE_PREFIX_PATH=/opt/ros/humble /usr/bin/cmake --build /home/user/cartographer_ws_docker/build/cartographer -- -j12 -l12
[0.742s] [  0%] [34m[1mRunning C++ protocol buffer compiler on /home/user/cartographer_ws_docker/src/cartographer/cartographer/transform/proto/transform.proto[0m
[0.744s] [  0%] [34m[1mRunning C++ protocol buffer compiler on /home/user/cartographer_ws_docker/src/cartographer/cartographer/common/proto/ceres_solver_options.proto[0m
[0.744s] [  0%] [34m[1mRunning C++ protocol buffer compiler on /home/user/cartographer_ws_docker/src/cartographer/cartographer/ground_truth/proto/relations.proto[0m
[0.744s] [  1%] [34m[1mRunning C++ protocol buffer compiler on /home/user/cartographer_ws_docker/src/cartographer/cartographer/mapping/proto/cell_limits_2d.proto[0m
[0.746s] [  1%] [34m[1mRunning C++ protocol buffer compiler on /home/user/cartographer_ws_docker/src/cartographer/cartographer/mapping/proto/grid_2d.proto[0m
[0.746s] [  1%] [34m[1mRunning C++ protocol buffer compiler on /home/user/cartographer_ws_docker/src/cartographer/cartographer/mapping/proto/connected_components.proto[0m
[0.747s] [  1%] [34m[1mRunning C++ protocol buffer compiler on /home/user/cartographer_ws_docker/src/cartographer/cartographer/mapping/proto/local_trajectory_builder_options_2d.proto[0m
[0.748s] [  2%] [32mBuilding CXX object googletest/CMakeFiles/gtest.dir/src/gtest-all.cc.o[0m
[0.748s] [  2%] [34m[1mRunning C++ protocol buffer compiler on /home/user/cartographer_ws_docker/src/cartographer/cartographer/mapping/proto/grid_2d_options.proto[0m
[0.748s] [  3%] [34m[1mRunning C++ protocol buffer compiler on /home/user/cartographer_ws_docker/src/cartographer/cartographer/mapping/proto/hybrid_grid.proto[0m
[0.749s] [  3%] [34m[1mBuilding documentation.[0m
[0.750s] [  3%] [34m[1mRunning C++ protocol buffer compiler on /home/user/cartographer_ws_docker/src/cartographer/cartographer/mapping/proto/local_trajectory_builder_options_3d.proto[0m
[0.754s] [  4%] [34m[1mRunning C++ protocol buffer compiler on /home/user/cartographer_ws_docker/src/cartographer/cartographer/mapping/proto/map_limits.proto[0m
[0.754s] [  4%] [34m[1mRunning C++ protocol buffer compiler on /home/user/cartographer_ws_docker/src/cartographer/cartographer/mapping/proto/motion_filter_options.proto[0m
[0.754s] [  4%] Built target cartographer_detect_changes
[0.755s] [  4%] [34m[1mRunning C++ protocol buffer compiler on /home/user/cartographer_ws_docker/src/cartographer/cartographer/mapping/proto/normal_estimation_options_2d.proto[0m
[0.755s] [  4%] [34m[1mRunning C++ protocol buffer compiler on /home/user/cartographer_ws_docker/src/cartographer/cartographer/mapping/proto/map_builder_options.proto[0m
[0.756s] [  5%] [34m[1mRunning C++ protocol buffer compiler on /home/user/cartographer_ws_docker/src/cartographer/cartographer/mapping/proto/pose_graph.proto[0m
[0.756s] [  5%] [34m[1mRunning C++ protocol buffer compiler on /home/user/cartographer_ws_docker/src/cartographer/cartographer/mapping/proto/pose_graph/constraint_builder_options.proto[0m
[0.758s] [  5%] [34m[1mRunning C++ protocol buffer compiler on /home/user/cartographer_ws_docker/src/cartographer/cartographer/mapping/proto/pose_extrapolator_options.proto[0m
[0.759s] [  5%] [34m[1mRunning C++ protocol buffer compiler on /home/user/cartographer_ws_docker/src/cartographer/cartographer/mapping/proto/pose_graph/optimization_problem_options.proto[0m
[0.761s] [  5%] [34m[1mRunning C++ protocol buffer compiler on /home/user/cartographer_ws_docker/src/cartographer/cartographer/mapping/proto/pose_graph_options.proto[0m
[0.761s] [  6%] [34m[1mRunning C++ protocol buffer compiler on /home/user/cartographer_ws_docker/src/cartographer/cartographer/mapping/proto/range_data_inserter_options.proto[0m
[0.761s] [  6%] [34m[1mRunning C++ protocol buffer compiler on /home/user/cartographer_ws_docker/src/cartographer/cartographer/mapping/proto/probability_grid.proto[0m
[0.761s] [  6%] [34m[1mRunning C++ protocol buffer compiler on /home/user/cartographer_ws_docker/src/cartographer/cartographer/mapping/proto/probability_grid_range_data_inserter_options_2d.proto[0m
[0.762s] [  6%] [34m[1mRunning C++ protocol buffer compiler on /home/user/cartographer_ws_docker/src/cartographer/cartographer/mapping/proto/range_data_inserter_options_3d.proto[0m
[0.764s] [  7%] [34m[1mRunning C++ protocol buffer compiler on /home/user/cartographer_ws_docker/src/cartographer/cartographer/mapping/proto/scan_matching/ceres_scan_matcher_options_2d.proto[0m
[0.765s] [  7%] [34m[1mRunning C++ protocol buffer compiler on /home/user/cartographer_ws_docker/src/cartographer/cartographer/mapping/proto/scan_matching/ceres_scan_matcher_options_3d.proto[0m
[0.767s] [  8%] [34m[1mRunning C++ protocol buffer compiler on /home/user/cartographer_ws_docker/src/cartographer/cartographer/mapping/proto/scan_matching/fast_correlative_scan_matcher_options_3d.proto[0m
[0.767s] [  8%] [34m[1mRunning C++ protocol buffer compiler on /home/user/cartographer_ws_docker/src/cartographer/cartographer/mapping/proto/scan_matching/real_time_correlative_scan_matcher_options.proto[0m
[0.768s] [  8%] [34m[1mRunning C++ protocol buffer compiler on /home/user/cartographer_ws_docker/src/cartographer/cartographer/mapping/proto/scan_matching/fast_correlative_scan_matcher_options_2d.proto[0m
[0.769s] [  8%] [34m[1mRunning C++ protocol buffer compiler on /home/user/cartographer_ws_docker/src/cartographer/cartographer/mapping/proto/submap.proto[0m
[0.769s] [  9%] [34m[1mRunning C++ protocol buffer compiler on /home/user/cartographer_ws_docker/src/cartographer/cartographer/mapping/proto/submaps_options_2d.proto[0m
[0.769s] [  9%] [34m[1mRunning C++ protocol buffer compiler on /home/user/cartographer_ws_docker/src/cartographer/cartographer/mapping/proto/submaps_options_3d.proto[0m
[0.770s] [  9%] [34m[1mRunning C++ protocol buffer compiler on /home/user/cartographer_ws_docker/src/cartographer/cartographer/mapping/proto/serialization.proto[0m
[0.770s] [  9%] [34m[1mRunning C++ protocol buffer compiler on /home/user/cartographer_ws_docker/src/cartographer/cartographer/mapping/proto/submap_visualization.proto[0m
[0.771s] [  9%] [34m[1mRunning C++ protocol buffer compiler on /home/user/cartographer_ws_docker/src/cartographer/cartographer/mapping/proto/trajectory.proto[0m
[0.775s] [ 10%] [34m[1mRunning C++ protocol buffer compiler on /home/user/cartographer_ws_docker/src/cartographer/cartographer/mapping/proto/trajectory_node_data.proto[0m
[0.776s] [ 10%] [34m[1mRunning C++ protocol buffer compiler on /home/user/cartographer_ws_docker/src/cartographer/cartographer/mapping/proto/tsdf_2d.proto[0m
[0.777s] [ 10%] [34m[1mRunning C++ protocol buffer compiler on /home/user/cartographer_ws_docker/src/cartographer/cartographer/mapping/proto/trajectory_builder_options.proto[0m
[0.777s] [ 10%] [34m[1mRunning C++ protocol buffer compiler on /home/user/cartographer_ws_docker/src/cartographer/cartographer/sensor/proto/sensor.proto[0m
[0.777s] [ 11%] [34m[1mRunning C++ protocol buffer compiler on /home/user/cartographer_ws_docker/src/cartographer/cartographer/transform/proto/timestamped_transform.proto[0m
[0.777s] [ 11%] [34m[1mRunning C++ protocol buffer compiler on /home/user/cartographer_ws_docker/src/cartographer/cartographer/sensor/proto/adaptive_voxel_filter_options.proto[0m
[0.777s] [ 11%] [34m[1mRunning C++ protocol buffer compiler on /home/user/cartographer_ws_docker/src/cartographer/cartographer/mapping/proto/tsdf_range_data_inserter_options_2d.proto[0m
[0.812s] [ 12%] [32mBuilding CXX object CMakeFiles/cartographer.dir/cartographer/common/histogram.cc.o[0m
[0.812s] [ 12%] [32mBuilding CXX object CMakeFiles/cartographer.dir/cartographer/common/internal/testing/thread_pool_for_testing.cc.o[0m
[0.812s] [ 12%] [32mBuilding CXX object CMakeFiles/cartographer.dir/cartographer/common/fixed_ratio_sampler.cc.o[0m
[0.812s] [ 12%] [32mBuilding CXX object CMakeFiles/cartographer.dir/cartographer/common/task.cc.o[0m
[0.813s] [ 12%] [32mBuilding CXX object CMakeFiles/cartographer.dir/cartographer/common/internal/ceres_solver_options.cc.o[0m
[0.813s] [ 12%] [32mBuilding CXX object CMakeFiles/cartographer.dir/cartographer/common/thread_pool.cc.o[0m
[0.813s] [ 12%] [32mBuilding CXX object CMakeFiles/cartographer.dir/cartographer/common/lua_parameter_dictionary.cc.o[0m
[0.813s] [ 12%] [32mBuilding CXX object CMakeFiles/cartographer.dir/cartographer/ground_truth/autogenerate_ground_truth.cc.o[0m
[0.814s] [ 13%] [32mBuilding CXX object CMakeFiles/cartographer.dir/cartographer/common/configuration_file_resolver.cc.o[0m
[0.814s] [ 14%] [32mBuilding CXX object CMakeFiles/cartographer.dir/cartographer/common/time.cc.o[0m
[1.137s] [01mRunning Sphinx v4.3.2[39;49;00m
[1.398s] [01mmaking output directory... [39;49;00mdone
[1.406s] [01mbuilding [mo]: [39;49;00mtargets for 0 po files that are out of date
[1.409s] [01mbuilding [html]: [39;49;00mtargets for 6 source files that are out of date
[1.409s] [01mupdating environment: [39;49;00m[new config] 6 added, 0 changed, 0 removed
[1.458s] [01mreading sources... [39;49;00m[ 16%] [35mconfiguration[39;49;00m                                        
[1.475s] [01mreading sources... [39;49;00m[ 33%] [35mcost_functions[39;49;00m                                       
[1.489s] [01mreading sources... [39;49;00m[ 50%] [35mevaluation[39;49;00m                                           
[1.537s] [01mreading sources... [39;49;00m[ 66%] [35mindex[39;49;00m                                                
[1.554s] [01mreading sources... [39;49;00m[ 83%] [35mpbstream_migration[39;49;00m                                   
[1.563s] [01mreading sources... [39;49;00m[100%] [35mterminology[39;49;00m                                          
[1.563s] 
[1.563s] [01mlooking for now-outdated files... [39;49;00mnone found
[1.569s] [01mpickling environment... [39;49;00mdone
[1.570s] [01mchecking consistency... [39;49;00mdone
[1.571s] [01mpreparing documents... [39;49;00mdone
[1.661s] [01mwriting output... [39;49;00m[ 16%] [32mconfiguration[39;49;00m                                         
[1.662s] [ 14%] [32mBuilding CXX object CMakeFiles/cartographer.dir/cartographer/ground_truth/relations_text_file.cc.o[0m
[1.677s] [01mwriting output... [39;49;00m[ 33%] [32mcost_functions[39;49;00m                                        
[1.716s] [01mwriting output... [39;49;00m[ 50%] [32mevaluation[39;49;00m                                            
[1.716s] [ 14%] [32mBuilding CXX object CMakeFiles/cartographer.dir/cartographer/io/color.cc.o[0m
[1.725s] [01mwriting output... [39;49;00m[ 66%] [32mindex[39;49;00m                                                 
[1.729s] [01mwriting output... [39;49;00m[ 83%] [32mpbstream_migration[39;49;00m                                    
[1.729s] [ 15%] [32mBuilding CXX object CMakeFiles/cartographer.dir/cartographer/io/coloring_points_processor.cc.o[0m
[1.781s] [01mwriting output... [39;49;00m[100%] [32mterminology[39;49;00m                                           
[1.781s] 
[1.800s] [01mgenerating indices... [39;49;00mgenindex done
[1.804s] [01mwriting additional pages... [39;49;00msearch done
[1.814s] [01mcopying images... [39;49;00m[ 50%] [33mautogenerate_groundtruth.png[39;49;00m                          
[1.814s] [01mcopying images... [39;49;00m[100%] [33mhigh_level_system_overview.png[39;49;00m                        
[1.814s] 
[1.846s] [01mcopying static files... [39;49;00m[ 15%] [32mBuilding CXX object CMakeFiles/cartographer.dir/cartographer/io/counting_points_processor.cc.o[0m
[1.850s] done
[1.850s] [01mcopying extra files... [39;49;00mdone
[1.851s] [01mdumping search index in English (code: en)... [39;49;00mdone
[1.851s] [01mdumping object inventory... [39;49;00mdone
[1.851s] [01mbuild succeeded.[39;49;00m
[1.851s] 
[1.851s] The HTML pages are in html.
[1.887s] [ 15%] [32mBuilding CXX object CMakeFiles/cartographer.dir/cartographer/io/draw_trajectories.cc.o[0m
[1.927s] [ 15%] [32mBuilding CXX object CMakeFiles/cartographer.dir/cartographer/io/file_writer.cc.o[0m
[2.023s] [ 15%] Built target build_doc
[2.059s] [ 16%] [32mBuilding CXX object CMakeFiles/cartographer.dir/cartographer/io/fixed_ratio_sampling_points_processor.cc.o[0m
[2.319s] [ 16%] [32mBuilding CXX object CMakeFiles/cartographer.dir/cartographer/io/frame_id_filtering_points_processor.cc.o[0m
[2.483s] [ 16%] [32mBuilding CXX object CMakeFiles/cartographer.dir/cartographer/io/hybrid_grid_points_processor.cc.o[0m
[2.507s] [ 16%] [32mBuilding CXX object CMakeFiles/cartographer.dir/cartographer/io/image.cc.o[0m
[2.872s] [ 17%] [32mBuilding CXX object CMakeFiles/cartographer.dir/cartographer/io/intensity_to_color_points_processor.cc.o[0m
[2.903s] [ 17%] [32mBuilding CXX object CMakeFiles/cartographer.dir/cartographer/io/internal/in_memory_proto_stream.cc.o[0m
[3.208s] [ 17%] [32mBuilding CXX object CMakeFiles/cartographer.dir/cartographer/io/internal/mapping_state_serialization.cc.o[0m
[3.883s] [ 17%] [32mBuilding CXX object CMakeFiles/cartographer.dir/cartographer/io/internal/pbstream_info.cc.o[0m
[3.959s] [ 18%] [32mBuilding CXX object CMakeFiles/cartographer.dir/cartographer/io/internal/pbstream_migrate.cc.o[0m
[4.042s] [ 18%] [32mBuilding CXX object CMakeFiles/cartographer.dir/cartographer/io/min_max_range_filtering_points_processor.cc.o[0m
[4.359s] [ 18%] [32mBuilding CXX object CMakeFiles/cartographer.dir/cartographer/io/outlier_removing_points_processor.cc.o[0m
[4.418s] [ 18%] [32mBuilding CXX object CMakeFiles/cartographer.dir/cartographer/io/pcd_writing_points_processor.cc.o[0m
[4.810s] [ 19%] [32mBuilding CXX object CMakeFiles/cartographer.dir/cartographer/io/ply_writing_points_processor.cc.o[0m
[4.955s] [ 19%] [32mBuilding CXX object CMakeFiles/cartographer.dir/cartographer/io/points_batch.cc.o[0m
[5.379s] [ 19%] [32mBuilding CXX object CMakeFiles/cartographer.dir/cartographer/io/points_processor_pipeline_builder.cc.o[0m
[5.486s] [ 19%] [32mBuilding CXX object CMakeFiles/cartographer.dir/cartographer/io/probability_grid_points_processor.cc.o[0m
[5.563s] [ 20%] [32mBuilding CXX object CMakeFiles/cartographer.dir/cartographer/io/proto_stream.cc.o[0m
[6.099s] [ 20%] [32mBuilding CXX object CMakeFiles/cartographer.dir/cartographer/io/proto_stream_deserializer.cc.o[0m
[6.168s] [ 20%] [32mBuilding CXX object CMakeFiles/cartographer.dir/cartographer/io/serialization_format_migration.cc.o[0m
[7.257s] [ 21%] [32mBuilding CXX object CMakeFiles/cartographer.dir/cartographer/io/submap_painter.cc.o[0m
[7.831s] [ 21%] [32mBuilding CXX object CMakeFiles/cartographer.dir/cartographer/io/vertical_range_filtering_points_processor.cc.o[0m
[7.955s] [ 21%] [32mBuilding CXX object CMakeFiles/cartographer.dir/cartographer/io/xray_points_processor.cc.o[0m
[8.411s] [ 21%] [32mBuilding CXX object CMakeFiles/cartographer.dir/cartographer/io/xyz_writing_points_processor.cc.o[0m
[8.431s] [ 22%] [32mBuilding CXX object CMakeFiles/cartographer.dir/cartographer/mapping/2d/grid_2d.cc.o[0m
[8.592s] [ 22%] [32mBuilding CXX object CMakeFiles/cartographer.dir/cartographer/mapping/2d/probability_grid.cc.o[0m
[9.507s] [ 22%] [32mBuilding CXX object CMakeFiles/cartographer.dir/cartographer/mapping/2d/probability_grid_range_data_inserter_2d.cc.o[0m
[9.815s] [ 22%] [32mBuilding CXX object CMakeFiles/cartographer.dir/cartographer/mapping/2d/submap_2d.cc.o[0m
[9.927s] [ 23%] [32mBuilding CXX object CMakeFiles/cartographer.dir/cartographer/mapping/3d/range_data_inserter_3d.cc.o[0m
[10.125s] [ 23%] [32mBuilding CXX object CMakeFiles/cartographer.dir/cartographer/mapping/3d/submap_3d.cc.o[0m
[10.515s] [ 23%] [32m[1mLinking CXX static library ../lib/libgtest.a[0m
[10.683s] [ 23%] Built target gtest
[10.707s] [ 23%] [32mBuilding CXX object CMakeFiles/cartographer.dir/cartographer/mapping/detect_floors.cc.o[0m
[10.731s] [ 23%] [32mBuilding CXX object CMakeFiles/cartographer.dir/cartographer/mapping/imu_tracker.cc.o[0m
[11.152s] [ 24%] [32mBuilding CXX object gmock/CMakeFiles/gmock.dir/src/gmock-all.cc.o[0m
[11.487s] [ 25%] [32mBuilding CXX object CMakeFiles/cartographer.dir/cartographer/mapping/internal/2d/local_slam_result_2d.cc.o[0m
[11.701s] [ 25%] [32mBuilding CXX object CMakeFiles/cartographer.dir/cartographer/mapping/internal/2d/local_trajectory_builder_2d.cc.o[0m
[11.896s] [ 25%] [32mBuilding CXX object CMakeFiles/cartographer.dir/cartographer/mapping/internal/2d/local_trajectory_builder_options_2d.cc.o[0m
[11.922s] [ 25%] [32mBuilding CXX object CMakeFiles/cartographer.dir/cartographer/mapping/internal/2d/normal_estimation_2d.cc.o[0m
[12.323s] [ 26%] [32mBuilding CXX object CMakeFiles/cartographer.dir/cartographer/mapping/internal/2d/overlapping_submaps_trimmer_2d.cc.o[0m
[12.435s] [ 26%] [32mBuilding CXX object CMakeFiles/cartographer.dir/cartographer/mapping/internal/2d/pose_graph_2d.cc.o[0m
[12.587s] [ 26%] [32mBuilding CXX object CMakeFiles/cartographer.dir/cartographer/mapping/internal/2d/ray_to_pixel_mask.cc.o[0m
[12.650s] [ 26%] [32mBuilding CXX object CMakeFiles/cartographer.dir/cartographer/mapping/internal/2d/scan_matching/ceres_scan_matcher_2d.cc.o[0m
[12.978s] [ 27%] [32mBuilding CXX object CMakeFiles/cartographer.dir/cartographer/mapping/internal/2d/scan_matching/correlative_scan_matcher_2d.cc.o[0m
[13.156s] [ 27%] [32mBuilding CXX object CMakeFiles/cartographer.dir/cartographer/mapping/internal/2d/scan_matching/fast_correlative_scan_matcher_2d.cc.o[0m
[13.679s] [ 27%] [32m[1mLinking CXX static library ../lib/libgmock.a[0m
[13.751s] [ 27%] Built target gmock
[13.799s] [ 27%] [32mBuilding CXX object gmock/CMakeFiles/gmock_main.dir/src/gmock_main.cc.o[0m
[14.219s] [ 27%] [32mBuilding CXX object CMakeFiles/cartographer.dir/cartographer/mapping/internal/2d/scan_matching/occupied_space_cost_function_2d.cc.o[0m
[14.282s] [ 27%] [32mBuilding CXX object CMakeFiles/cartographer.dir/cartographer/mapping/internal/2d/scan_matching/real_time_correlative_scan_matcher_2d.cc.o[0m
[14.497s] [ 27%] [32m[1mLinking CXX static library ../lib/libgmock_main.a[0m
[14.553s] [ 27%] Built target gmock_main
[14.572s] [ 28%] [32mBuilding CXX object CMakeFiles/cartographer.dir/cartographer/mapping/internal/2d/scan_matching/tsdf_match_cost_function_2d.cc.o[0m
[14.622s] [ 28%] [32mBuilding CXX object CMakeFiles/cartographer.dir/cartographer/mapping/internal/2d/tsd_value_converter.cc.o[0m
[14.961s] [ 28%] [32mBuilding CXX object CMakeFiles/cartographer.dir/cartographer/mapping/internal/2d/tsdf_2d.cc.o[0m
[15.011s] [ 28%] [32mBuilding CXX object CMakeFiles/cartographer.dir/cartographer/mapping/internal/2d/tsdf_range_data_inserter_2d.cc.o[0m
[15.149s] [ 29%] [32mBuilding CXX object CMakeFiles/cartographer.dir/cartographer/mapping/internal/3d/local_slam_result_3d.cc.o[0m
[15.680s] [ 29%] [32mBuilding CXX object CMakeFiles/cartographer.dir/cartographer/mapping/internal/3d/local_trajectory_builder_3d.cc.o[0m
[15.748s] [ 29%] [32mBuilding CXX object CMakeFiles/cartographer.dir/cartographer/mapping/internal/3d/local_trajectory_builder_options_3d.cc.o[0m
[15.924s] [ 29%] [32mBuilding CXX object CMakeFiles/cartographer.dir/cartographer/mapping/internal/3d/pose_graph_3d.cc.o[0m
[16.087s] [ 30%] [32mBuilding CXX object CMakeFiles/cartographer.dir/cartographer/mapping/internal/3d/scan_matching/ceres_scan_matcher_3d.cc.o[0m
[16.342s] [ 30%] [32mBuilding CXX object CMakeFiles/cartographer.dir/cartographer/mapping/internal/3d/scan_matching/fast_correlative_scan_matcher_3d.cc.o[0m
[16.634s] [ 30%] [32mBuilding CXX object CMakeFiles/cartographer.dir/cartographer/mapping/internal/3d/scan_matching/intensity_cost_function_3d.cc.o[0m
[17.718s] [ 30%] [32mBuilding CXX object CMakeFiles/cartographer.dir/cartographer/mapping/internal/3d/scan_matching/low_resolution_matcher.cc.o[0m
[17.806s] [ 31%] [32mBuilding CXX object CMakeFiles/cartographer.dir/cartographer/mapping/internal/3d/scan_matching/precomputation_grid_3d.cc.o[0m
[18.012s] [ 31%] [32mBuilding CXX object CMakeFiles/cartographer.dir/cartographer/mapping/internal/3d/scan_matching/real_time_correlative_scan_matcher_3d.cc.o[0m
[18.431s] [ 31%] [32mBuilding CXX object CMakeFiles/cartographer.dir/cartographer/mapping/internal/3d/scan_matching/rotational_scan_matcher.cc.o[0m
[18.647s] [ 32%] [32mBuilding CXX object CMakeFiles/cartographer.dir/cartographer/mapping/internal/collated_trajectory_builder.cc.o[0m
[18.658s] [ 32%] [32mBuilding CXX object CMakeFiles/cartographer.dir/cartographer/mapping/internal/connected_components.cc.o[0m
[19.880s] [ 32%] [32mBuilding CXX object CMakeFiles/cartographer.dir/cartographer/mapping/internal/constraints/constraint_builder.cc.o[0m
[19.995s] [ 32%] [32mBuilding CXX object CMakeFiles/cartographer.dir/cartographer/mapping/internal/constraints/constraint_builder_2d.cc.o[0m
[20.248s] [ 33%] [32mBuilding CXX object CMakeFiles/cartographer.dir/cartographer/mapping/internal/constraints/constraint_builder_3d.cc.o[0m
[20.421s] [ 33%] [32mBuilding CXX object CMakeFiles/cartographer.dir/cartographer/mapping/internal/eigen_quaterniond_from_two_vectors.cc.o[0m
[20.461s] [ 33%] [32mBuilding CXX object CMakeFiles/cartographer.dir/cartographer/mapping/internal/global_trajectory_builder.cc.o[0m
[20.468s] [ 33%] [32mBuilding CXX object CMakeFiles/cartographer.dir/cartographer/mapping/internal/imu_based_pose_extrapolator.cc.o[0m
[20.577s] [ 34%] [32mBuilding CXX object CMakeFiles/cartographer.dir/cartographer/mapping/internal/motion_filter.cc.o[0m
[20.712s] [ 34%] [32mBuilding CXX object CMakeFiles/cartographer.dir/cartographer/mapping/internal/optimization/ceres_pose.cc.o[0m
[20.865s] [ 34%] [32mBuilding CXX object CMakeFiles/cartographer.dir/cartographer/mapping/internal/optimization/cost_functions/spa_cost_function_2d.cc.o[0m
[21.755s] [ 34%] [32mBuilding CXX object CMakeFiles/cartographer.dir/cartographer/mapping/internal/optimization/optimization_problem_2d.cc.o[0m
[22.077s] [ 35%] [32mBuilding CXX object CMakeFiles/cartographer.dir/cartographer/mapping/internal/optimization/optimization_problem_3d.cc.o[0m
[22.362s] [ 35%] [32mBuilding CXX object CMakeFiles/cartographer.dir/cartographer/mapping/internal/optimization/optimization_problem_options.cc.o[0m
[22.375s] [ 35%] [32mBuilding CXX object CMakeFiles/cartographer.dir/cartographer/mapping/internal/range_data_collator.cc.o[0m
[22.728s] [ 35%] [32mBuilding CXX object CMakeFiles/cartographer.dir/cartographer/mapping/internal/scan_matching/real_time_correlative_scan_matcher.cc.o[0m
[23.429s] [ 36%] [32mBuilding CXX object CMakeFiles/cartographer.dir/cartographer/mapping/internal/submap_controller.cc.o[0m
[23.534s] [ 36%] [32mBuilding CXX object CMakeFiles/cartographer.dir/cartographer/mapping/internal/trajectory_connectivity_state.cc.o[0m
[23.776s] [ 36%] [32mBuilding CXX object CMakeFiles/cartographer.dir/cartographer/mapping/map_builder.cc.o[0m
[23.891s] [ 36%] [32mBuilding CXX object CMakeFiles/cartographer.dir/cartographer/mapping/map_builder_interface.cc.o[0m
[24.115s] [ 37%] [32mBuilding CXX object CMakeFiles/cartographer.dir/cartographer/mapping/pose_extrapolator.cc.o[0m
[24.257s] [ 37%] [32mBuilding CXX object CMakeFiles/cartographer.dir/cartographer/mapping/pose_extrapolator_interface.cc.o[0m
[24.407s] [ 37%] [32mBuilding CXX object CMakeFiles/cartographer.dir/cartographer/mapping/pose_graph.cc.o[0m
[24.954s] [ 37%] [32mBuilding CXX object CMakeFiles/cartographer.dir/cartographer/mapping/pose_graph_trimmer.cc.o[0m
[25.210s] [ 38%] [32mBuilding CXX object CMakeFiles/cartographer.dir/cartographer/mapping/probability_values.cc.o[0m
[25.766s] [ 38%] [32mBuilding CXX object CMakeFiles/cartographer.dir/cartographer/mapping/range_data_inserter_interface.cc.o[0m
[25.965s] [ 38%] [32mBuilding CXX object CMakeFiles/cartographer.dir/cartographer/mapping/trajectory_builder_interface.cc.o[0m
[26.229s] [ 38%] [32mBuilding CXX object CMakeFiles/cartographer.dir/cartographer/mapping/trajectory_node.cc.o[0m
[26.323s] [ 39%] [32mBuilding CXX object CMakeFiles/cartographer.dir/cartographer/mapping/value_conversion_tables.cc.o[0m
[26.639s] [ 39%] [32mBuilding CXX object CMakeFiles/cartographer.dir/cartographer/metrics/counter.cc.o[0m
[26.731s] [ 39%] [32mBuilding CXX object CMakeFiles/cartographer.dir/cartographer/metrics/gauge.cc.o[0m
[26.821s] [ 39%] [32mBuilding CXX object CMakeFiles/cartographer.dir/cartographer/metrics/histogram.cc.o[0m
[26.913s] [ 40%] [32mBuilding CXX object CMakeFiles/cartographer.dir/cartographer/metrics/register.cc.o[0m
[27.087s] [ 40%] [32mBuilding CXX object CMakeFiles/cartographer.dir/cartographer/sensor/compressed_point_cloud.cc.o[0m
[27.138s] [ 40%] [32mBuilding CXX object CMakeFiles/cartographer.dir/cartographer/sensor/fixed_frame_pose_data.cc.o[0m
[27.229s] [ 40%] [32mBuilding CXX object CMakeFiles/cartographer.dir/cartographer/sensor/imu_data.cc.o[0m
[27.307s] [ 41%] [32mBuilding CXX object CMakeFiles/cartographer.dir/cartographer/sensor/internal/collator.cc.o[0m
[27.688s] [ 41%] [32mBuilding CXX object CMakeFiles/cartographer.dir/cartographer/sensor/internal/ordered_multi_queue.cc.o[0m
[27.805s] [ 41%] [32mBuilding CXX object CMakeFiles/cartographer.dir/cartographer/sensor/internal/trajectory_collator.cc.o[0m
[27.888s] [ 42%] [32mBuilding CXX object CMakeFiles/cartographer.dir/cartographer/sensor/internal/voxel_filter.cc.o[0m
[28.182s] [ 42%] [32mBuilding CXX object CMakeFiles/cartographer.dir/cartographer/sensor/landmark_data.cc.o[0m
[28.402s] [ 42%] [32mBuilding CXX object CMakeFiles/cartographer.dir/cartographer/sensor/odometry_data.cc.o[0m
[28.654s] [ 42%] [32mBuilding CXX object CMakeFiles/cartographer.dir/cartographer/sensor/point_cloud.cc.o[0m
[28.904s] [ 43%] [32mBuilding CXX object CMakeFiles/cartographer.dir/cartographer/sensor/range_data.cc.o[0m
[29.045s] [ 43%] [32mBuilding CXX object CMakeFiles/cartographer.dir/cartographer/sensor/timed_point_cloud_data.cc.o[0m
[29.637s] [ 43%] [32mBuilding CXX object CMakeFiles/cartographer.dir/cartographer/transform/rigid_transform.cc.o[0m
[29.868s] [ 43%] [32mBuilding CXX object CMakeFiles/cartographer.dir/cartographer/transform/timestamped_transform.cc.o[0m
[30.041s] [ 44%] [32mBuilding CXX object CMakeFiles/cartographer.dir/cartographer/transform/transform.cc.o[0m
[30.112s] [ 44%] [32mBuilding CXX object CMakeFiles/cartographer.dir/cartographer/transform/transform_interpolation_buffer.cc.o[0m
[30.215s] [ 44%] [32mBuilding CXX object CMakeFiles/cartographer.dir/cartographer/common/proto/ceres_solver_options.pb.cc.o[0m
[30.311s] [ 44%] [32mBuilding CXX object CMakeFiles/cartographer.dir/cartographer/ground_truth/proto/relations.pb.cc.o[0m
[30.418s] [ 45%] [32mBuilding CXX object CMakeFiles/cartographer.dir/cartographer/mapping/proto/cell_limits_2d.pb.cc.o[0m
[30.681s] [ 45%] [32mBuilding CXX object CMakeFiles/cartographer.dir/cartographer/mapping/proto/connected_components.pb.cc.o[0m
[30.852s] [ 45%] [32mBuilding CXX object CMakeFiles/cartographer.dir/cartographer/mapping/proto/grid_2d.pb.cc.o[0m
[30.858s] [ 45%] [32mBuilding CXX object CMakeFiles/cartographer.dir/cartographer/mapping/proto/grid_2d_options.pb.cc.o[0m
[30.993s] [ 46%] [32mBuilding CXX object CMakeFiles/cartographer.dir/cartographer/mapping/proto/hybrid_grid.pb.cc.o[0m
[31.019s] [ 46%] [32mBuilding CXX object CMakeFiles/cartographer.dir/cartographer/mapping/proto/local_trajectory_builder_options_2d.pb.cc.o[0m
[31.050s] [ 46%] [32mBuilding CXX object CMakeFiles/cartographer.dir/cartographer/mapping/proto/local_trajectory_builder_options_3d.pb.cc.o[0m
[31.110s] [ 46%] [32mBuilding CXX object CMakeFiles/cartographer.dir/cartographer/mapping/proto/map_builder_options.pb.cc.o[0m
[31.364s] [ 47%] [32mBuilding CXX object CMakeFiles/cartographer.dir/cartographer/mapping/proto/map_limits.pb.cc.o[0m
[31.397s] [ 47%] [32mBuilding CXX object CMakeFiles/cartographer.dir/cartographer/mapping/proto/motion_filter_options.pb.cc.o[0m
[31.495s] [ 47%] [32mBuilding CXX object CMakeFiles/cartographer.dir/cartographer/mapping/proto/normal_estimation_options_2d.pb.cc.o[0m
[31.653s] [ 47%] [32mBuilding CXX object CMakeFiles/cartographer.dir/cartographer/mapping/proto/pose_extrapolator_options.pb.cc.o[0m
[31.701s] [ 48%] [32mBuilding CXX object CMakeFiles/cartographer.dir/cartographer/mapping/proto/pose_graph.pb.cc.o[0m
[31.767s] [ 48%] [32mBuilding CXX object CMakeFiles/cartographer.dir/cartographer/mapping/proto/pose_graph/constraint_builder_options.pb.cc.o[0m
[31.852s] [ 48%] [32mBuilding CXX object CMakeFiles/cartographer.dir/cartographer/mapping/proto/pose_graph/optimization_problem_options.pb.cc.o[0m
[31.902s] [ 48%] [32mBuilding CXX object CMakeFiles/cartographer.dir/cartographer/mapping/proto/pose_graph_options.pb.cc.o[0m
[32.002s] [ 49%] [32mBuilding CXX object CMakeFiles/cartographer.dir/cartographer/mapping/proto/probability_grid.pb.cc.o[0m
[32.022s] [ 49%] [32mBuilding CXX object CMakeFiles/cartographer.dir/cartographer/mapping/proto/range_data_inserter_options.pb.cc.o[0m
[32.023s] [ 49%] [32mBuilding CXX object CMakeFiles/cartographer.dir/cartographer/mapping/proto/probability_grid_range_data_inserter_options_2d.pb.cc.o[0m
[32.039s] [ 49%] [32mBuilding CXX object CMakeFiles/cartographer.dir/cartographer/mapping/proto/range_data_inserter_options_3d.pb.cc.o[0m
[32.047s] [ 50%] [32mBuilding CXX object CMakeFiles/cartographer.dir/cartographer/mapping/proto/scan_matching/ceres_scan_matcher_options_2d.pb.cc.o[0m
[32.118s] [ 50%] [32mBuilding CXX object CMakeFiles/cartographer.dir/cartographer/mapping/proto/scan_matching/ceres_scan_matcher_options_3d.pb.cc.o[0m
[32.297s] [ 50%] [32mBuilding CXX object CMakeFiles/cartographer.dir/cartographer/mapping/proto/scan_matching/fast_correlative_scan_matcher_options_2d.pb.cc.o[0m
[32.409s] [ 50%] [32mBuilding CXX object CMakeFiles/cartographer.dir/cartographer/mapping/proto/scan_matching/fast_correlative_scan_matcher_options_3d.pb.cc.o[0m
[32.516s] [ 51%] [32mBuilding CXX object CMakeFiles/cartographer.dir/cartographer/mapping/proto/scan_matching/real_time_correlative_scan_matcher_options.pb.cc.o[0m
[32.537s] [ 51%] [32mBuilding CXX object CMakeFiles/cartographer.dir/cartographer/mapping/proto/serialization.pb.cc.o[0m
[32.595s] [ 51%] [32mBuilding CXX object CMakeFiles/cartographer.dir/cartographer/mapping/proto/submap.pb.cc.o[0m
[32.677s] [ 52%] [32mBuilding CXX object CMakeFiles/cartographer.dir/cartographer/mapping/proto/submap_visualization.pb.cc.o[0m
[32.687s] [ 52%] [32mBuilding CXX object CMakeFiles/cartographer.dir/cartographer/mapping/proto/submaps_options_2d.pb.cc.o[0m
[32.700s] [ 52%] [32mBuilding CXX object CMakeFiles/cartographer.dir/cartographer/mapping/proto/submaps_options_3d.pb.cc.o[0m
[32.707s] [ 52%] [32mBuilding CXX object CMakeFiles/cartographer.dir/cartographer/mapping/proto/trajectory.pb.cc.o[0m
[32.715s] [ 53%] [32mBuilding CXX object CMakeFiles/cartographer.dir/cartographer/mapping/proto/trajectory_builder_options.pb.cc.o[0m
[32.842s] [ 53%] [32mBuilding CXX object CMakeFiles/cartographer.dir/cartographer/mapping/proto/trajectory_node_data.pb.cc.o[0m
[32.923s] [ 53%] [32mBuilding CXX object CMakeFiles/cartographer.dir/cartographer/mapping/proto/tsdf_2d.pb.cc.o[0m
[32.932s] [ 53%] [32mBuilding CXX object CMakeFiles/cartographer.dir/cartographer/mapping/proto/tsdf_range_data_inserter_options_2d.pb.cc.o[0m
[33.047s] [ 54%] [32mBuilding CXX object CMakeFiles/cartographer.dir/cartographer/sensor/proto/adaptive_voxel_filter_options.pb.cc.o[0m
[33.160s] [ 54%] [32mBuilding CXX object CMakeFiles/cartographer.dir/cartographer/sensor/proto/sensor.pb.cc.o[0m
[33.360s] [ 54%] [32mBuilding CXX object CMakeFiles/cartographer.dir/cartographer/transform/proto/timestamped_transform.pb.cc.o[0m
[33.366s] [ 54%] [32mBuilding CXX object CMakeFiles/cartographer.dir/cartographer/transform/proto/transform.pb.cc.o[0m
[34.397s] [ 55%] [32m[1mLinking CXX static library libcartographer.a[0m
[34.463s] [ 55%] Built target cartographer
[34.475s] [ 55%] [32mBuilding CXX object CMakeFiles/cartographer_pbstream.dir/cartographer/io/pbstream_main.cc.o[0m
[34.476s] [ 55%] [32mBuilding CXX object CMakeFiles/cartographer_print_configuration.dir/cartographer/common/print_configuration_main.cc.o[0m
[34.476s] [ 55%] [32mBuilding CXX object CMakeFiles/cartographer_compute_relations_metrics.dir/cartographer/ground_truth/compute_relations_metrics_main.cc.o[0m
[34.479s] [ 55%] [32mBuilding CXX object CMakeFiles/cartographer_autogenerate_ground_truth.dir/cartographer/ground_truth/autogenerate_ground_truth_main.cc.o[0m
[34.480s] [ 55%] [32mBuilding CXX object CMakeFiles/cartographer_test_library.dir/cartographer/io/fake_file_writer.cc.o[0m
[34.480s] [ 56%] [32mBuilding CXX object CMakeFiles/cartographer_test_library.dir/cartographer/io/fake_file_writer_test.cc.o[0m
[34.480s] [ 56%] [32mBuilding CXX object CMakeFiles/cartographer_test_library.dir/cartographer/io/internal/testing/test_helpers.cc.o[0m
[34.481s] [ 56%] [32mBuilding CXX object CMakeFiles/cartographer_test_library.dir/cartographer/mapping/internal/testing/test_helpers.cc.o[0m
[34.998s] [ 57%] [32m[1mLinking CXX executable cartographer_pbstream[0m
[35.175s] [ 57%] Built target cartographer_pbstream
[35.391s] [ 57%] [32m[1mLinking CXX executable cartographer_print_configuration[0m
[35.452s] [ 57%] Built target cartographer_print_configuration
[36.052s] [ 58%] [32m[1mLinking CXX executable cartographer_autogenerate_ground_truth[0m
[36.132s] [ 58%] Built target cartographer_autogenerate_ground_truth
[36.385s] [ 58%] [32m[1mLinking CXX executable cartographer_compute_relations_metrics[0m
[36.466s] [ 58%] Built target cartographer_compute_relations_metrics
[36.499s] [ 58%] [32m[1mLinking CXX static library libcartographer_test_library.a[0m
[36.514s] [ 58%] Built target cartographer_test_library
[36.526s] [ 58%] [32mBuilding CXX object CMakeFiles/cartographer.common.math_test.dir/cartographer/common/math_test.cc.o[0m
[36.526s] [ 58%] [32mBuilding CXX object CMakeFiles/cartographer.common.lua_parameter_dictionary_test.dir/cartographer/common/lua_parameter_dictionary_test.cc.o[0m
[36.526s] [ 58%] [32mBuilding CXX object CMakeFiles/cartographer.common.internal.blocking_queue_test.dir/cartographer/common/internal/blocking_queue_test.cc.o[0m
[36.527s] [ 58%] [32mBuilding CXX object CMakeFiles/cartographer.common.internal.rate_timer_test.dir/cartographer/common/internal/rate_timer_test.cc.o[0m
[36.527s] [ 58%] [32mBuilding CXX object CMakeFiles/cartographer.common.task_test.dir/cartographer/common/task_test.cc.o[0m
[36.527s] [ 58%] [32mBuilding CXX object CMakeFiles/cartographer.io.probability_grid_points_processor_test.dir/cartographer/io/probability_grid_points_processor_test.cc.o[0m
[36.527s] [ 58%] [32mBuilding CXX object CMakeFiles/cartographer.common.configuration_files_test.dir/cartographer/common/configuration_files_test.cc.o[0m
[36.528s] [ 58%] [32mBuilding CXX object CMakeFiles/cartographer.common.fixed_ratio_sampler_test.dir/cartographer/common/fixed_ratio_sampler_test.cc.o[0m
[36.528s] [ 58%] [32mBuilding CXX object CMakeFiles/cartographer.io.fake_file_writer_test.dir/cartographer/io/fake_file_writer_test.cc.o[0m
[36.529s] [ 58%] [32mBuilding CXX object CMakeFiles/cartographer.common.thread_pool_test.dir/cartographer/common/thread_pool_test.cc.o[0m
[36.529s] [ 58%] [32mBuilding CXX object CMakeFiles/cartographer.io.points_processor_pipeline_builder_test.dir/cartographer/io/points_processor_pipeline_builder_test.cc.o[0m
[36.532s] [ 58%] [32mBuilding CXX object CMakeFiles/cartographer.io.internal.in_memory_proto_stream_test.dir/cartographer/io/internal/in_memory_proto_stream_test.cc.o[0m
[37.922s] [ 59%] [32m[1mLinking CXX executable cartographer.common.fixed_ratio_sampler_test[0m
[37.986s] [ 60%] [32m[1mLinking CXX executable cartographer.common.thread_pool_test[0m
[38.000s] [ 60%] Built target cartographer.common.fixed_ratio_sampler_test
[38.018s] [ 60%] [32mBuilding CXX object CMakeFiles/cartographer.io.proto_stream_deserializer_test.dir/cartographer/io/proto_stream_deserializer_test.cc.o[0m
[38.054s] [ 60%] Built target cartographer.common.thread_pool_test
[38.072s] [ 61%] [32mBuilding CXX object CMakeFiles/cartographer.io.proto_stream_test.dir/cartographer/io/proto_stream_test.cc.o[0m
[38.250s] [ 61%] [32m[1mLinking CXX executable cartographer.io.fake_file_writer_test[0m
[38.338s] [ 61%] Built target cartographer.io.fake_file_writer_test
[38.349s] [ 62%] [32m[1mLinking CXX executable cartographer.common.math_test[0m
[38.355s] [ 62%] [32mBuilding CXX object CMakeFiles/cartographer.io.serialization_format_migration_test.dir/cartographer/io/serialization_format_migration_test.cc.o[0m
[38.417s] [ 62%] Built target cartographer.common.math_test
[38.433s] [ 63%] [32mBuilding CXX object CMakeFiles/cartographer.mapping.2d.map_limits_test.dir/cartographer/mapping/2d/map_limits_test.cc.o[0m
[38.456s] [ 64%] [32m[1mLinking CXX executable cartographer.common.internal.rate_timer_test[0m
[38.462s] [ 65%] [32m[1mLinking CXX executable cartographer.io.internal.in_memory_proto_stream_test[0m
[38.534s] [ 65%] Built target cartographer.common.internal.rate_timer_test
[38.546s] [ 65%] [32m[1mLinking CXX executable cartographer.common.internal.blocking_queue_test[0m
[38.552s] [ 65%] [32mBuilding CXX object CMakeFiles/cartographer.mapping.2d.probability_grid_test.dir/cartographer/mapping/2d/probability_grid_test.cc.o[0m
[38.587s] [ 65%] Built target cartographer.io.internal.in_memory_proto_stream_test
[38.601s] [ 66%] [32mBuilding CXX object CMakeFiles/cartographer.mapping.2d.range_data_inserter_2d_test.dir/cartographer/mapping/2d/range_data_inserter_2d_test.cc.o[0m
[38.622s] [ 66%] Built target cartographer.common.internal.blocking_queue_test
[38.647s] [ 66%] [32mBuilding CXX object CMakeFiles/cartographer.mapping.2d.submap_2d_test.dir/cartographer/mapping/2d/submap_2d_test.cc.o[0m
[38.782s] [ 66%] [32m[1mLinking CXX executable cartographer.io.points_processor_pipeline_builder_test[0m
[38.784s] [ 66%] [32m[1mLinking CXX executable cartographer.common.task_test[0m
[38.871s] [ 66%] Built target cartographer.common.task_test
[38.890s] [ 67%] [32mBuilding CXX object CMakeFiles/cartographer.mapping.2d.xy_index_test.dir/cartographer/mapping/2d/xy_index_test.cc.o[0m
[38.925s] [ 67%] Built target cartographer.io.points_processor_pipeline_builder_test
[38.928s] [ 67%] [32m[1mLinking CXX executable cartographer.common.lua_parameter_dictionary_test[0m
[38.943s] [ 67%] [32mBuilding CXX object CMakeFiles/cartographer.mapping.3d.hybrid_grid_test.dir/cartographer/mapping/3d/hybrid_grid_test.cc.o[0m
[39.017s] [ 67%] Built target cartographer.common.lua_parameter_dictionary_test
[39.029s] [ 68%] [32mBuilding CXX object CMakeFiles/cartographer.mapping.3d.range_data_inserter_3d_test.dir/cartographer/mapping/3d/range_data_inserter_3d_test.cc.o[0m
[39.128s] [ 68%] [32m[1mLinking CXX executable cartographer.common.configuration_files_test[0m
[39.315s] [ 68%] Built target cartographer.common.configuration_files_test
[39.327s] [ 68%] [32mBuilding CXX object CMakeFiles/cartographer.mapping.3d.submap_3d_test.dir/cartographer/mapping/3d/submap_3d_test.cc.o[0m
[39.643s] [ 68%] [32m[1mLinking CXX executable cartographer.io.proto_stream_test[0m
[39.740s] [ 68%] Built target cartographer.io.proto_stream_test
[39.751s] [ 69%] [32mBuilding CXX object CMakeFiles/cartographer.mapping.id_test.dir/cartographer/mapping/id_test.cc.o[0m
[40.110s] [ 70%] [32m[1mLinking CXX executable cartographer.io.probability_grid_points_processor_test[0m
[40.261s] [ 70%] Built target cartographer.io.probability_grid_points_processor_test
[40.267s] [ 70%] [32m[1mLinking CXX executable cartographer.io.proto_stream_deserializer_test[0m
[40.280s] [ 70%] [32mBuilding CXX object CMakeFiles/cartographer.mapping.imu_tracker_test.dir/cartographer/mapping/imu_tracker_test.cc.o[0m
[40.425s] [ 70%] Built target cartographer.io.proto_stream_deserializer_test
[40.443s] [ 71%] [32mBuilding CXX object CMakeFiles/cartographer.mapping.internal.2d.normal_estimation_2d_test.dir/cartographer/mapping/internal/2d/normal_estimation_2d_test.cc.o[0m
[40.884s] [ 71%] [32m[1mLinking CXX executable cartographer.mapping.2d.map_limits_test[0m
[40.993s] [ 71%] Built target cartographer.mapping.2d.map_limits_test
[41.008s] [ 71%] [32mBuilding CXX object CMakeFiles/cartographer.mapping.internal.2d.overlapping_submaps_trimmer_2d_test.dir/cartographer/mapping/internal/2d/overlapping_submaps_trimmer_2d_test.cc.o[0m
[41.079s] [ 71%] [32m[1mLinking CXX executable cartographer.mapping.2d.xy_index_test[0m
[41.168s] [ 71%] Built target cartographer.mapping.2d.xy_index_test
[41.185s] [ 72%] [32mBuilding CXX object CMakeFiles/cartographer.mapping.internal.2d.pose_graph_2d_test.dir/cartographer/mapping/internal/2d/pose_graph_2d_test.cc.o[0m
[41.366s] [ 72%] [32m[1mLinking CXX executable cartographer.mapping.2d.range_data_inserter_2d_test[0m
[41.498s] [ 72%] Built target cartographer.mapping.2d.range_data_inserter_2d_test
[41.513s] [ 72%] [32mBuilding CXX object CMakeFiles/cartographer.mapping.internal.2d.ray_to_pixel_mask_test.dir/cartographer/mapping/internal/2d/ray_to_pixel_mask_test.cc.o[0m
[41.526s] [ 72%] [32m[1mLinking CXX executable cartographer.io.serialization_format_migration_test[0m
[41.728s] [ 72%] Built target cartographer.io.serialization_format_migration_test
[41.750s] [ 72%] [32m[1mLinking CXX executable cartographer.mapping.2d.probability_grid_test[0m
[41.755s] [ 73%] [32mBuilding CXX object CMakeFiles/cartographer.mapping.internal.2d.scan_matching.ceres_scan_matcher_2d_test.dir/cartographer/mapping/internal/2d/scan_matching/ceres_scan_matcher_2d_test.cc.o[0m
[41.880s] [ 73%] Built target cartographer.mapping.2d.probability_grid_test
[41.894s] [ 73%] [32mBuilding CXX object CMakeFiles/cartographer.mapping.internal.2d.scan_matching.correlative_scan_matcher_test.dir/cartographer/mapping/internal/2d/scan_matching/correlative_scan_matcher_test.cc.o[0m
[42.198s] [ 73%] [32m[1mLinking CXX executable cartographer.mapping.2d.submap_2d_test[0m
[42.317s] [ 73%] [32m[1mLinking CXX executable cartographer.mapping.imu_tracker_test[0m
[42.350s] [ 73%] Built target cartographer.mapping.2d.submap_2d_test
[42.372s] [ 74%] [32mBuilding CXX object CMakeFiles/cartographer.mapping.internal.2d.scan_matching.fast_correlative_scan_matcher_2d_test.dir/cartographer/mapping/internal/2d/scan_matching/fast_correlative_scan_matcher_2d_test.cc.o[0m
[42.400s] [ 74%] Built target cartographer.mapping.imu_tracker_test
[42.417s] [ 74%] [32mBuilding CXX object CMakeFiles/cartographer.mapping.internal.2d.scan_matching.interpolated_tsdf_2d_test.dir/cartographer/mapping/internal/2d/scan_matching/interpolated_tsdf_2d_test.cc.o[0m
[42.632s] [ 74%] [32m[1mLinking CXX executable cartographer.mapping.3d.range_data_inserter_3d_test[0m
[42.749s] [ 74%] Built target cartographer.mapping.3d.range_data_inserter_3d_test
[42.762s] [ 74%] [32mBuilding CXX object CMakeFiles/cartographer.mapping.internal.2d.scan_matching.occupied_space_cost_function_2d_test.dir/cartographer/mapping/internal/2d/scan_matching/occupied_space_cost_function_2d_test.cc.o[0m
[42.819s] [ 74%] [32m[1mLinking CXX executable cartographer.mapping.3d.submap_3d_test[0m
[42.951s] [ 74%] [32m[1mLinking CXX executable cartographer.mapping.id_test[0m
[42.961s] [ 74%] Built target cartographer.mapping.3d.submap_3d_test
[42.984s] [ 74%] [32mBuilding CXX object CMakeFiles/cartographer.mapping.internal.2d.scan_matching.real_time_correlative_scan_matcher_2d_test.dir/cartographer/mapping/internal/2d/scan_matching/real_time_correlative_scan_matcher_2d_test.cc.o[0m
[43.043s] [ 74%] Built target cartographer.mapping.id_test
[43.062s] [ 74%] [32mBuilding CXX object CMakeFiles/cartographer.mapping.internal.2d.scan_matching.tsdf_match_cost_function_2d_test.dir/cartographer/mapping/internal/2d/scan_matching/tsdf_match_cost_function_2d_test.cc.o[0m
[43.362s] [ 74%] [32m[1mLinking CXX executable cartographer.mapping.3d.hybrid_grid_test[0m
[43.466s] [ 74%] Built target cartographer.mapping.3d.hybrid_grid_test
[43.480s] [ 74%] [32mBuilding CXX object CMakeFiles/cartographer.mapping.internal.2d.tsd_value_converter_test.dir/cartographer/mapping/internal/2d/tsd_value_converter_test.cc.o[0m
[43.596s] [ 74%] [32m[1mLinking CXX executable cartographer.mapping.internal.2d.normal_estimation_2d_test[0m
[43.723s] [ 74%] Built target cartographer.mapping.internal.2d.normal_estimation_2d_test
[43.744s] [ 74%] [32mBuilding CXX object CMakeFiles/cartographer.mapping.internal.2d.tsdf_2d_test.dir/cartographer/mapping/internal/2d/tsdf_2d_test.cc.o[0m
[44.722s] [ 74%] [32m[1mLinking CXX executable cartographer.mapping.internal.2d.scan_matching.correlative_scan_matcher_test[0m
[44.816s] [ 74%] Built target cartographer.mapping.internal.2d.scan_matching.correlative_scan_matcher_test
[44.831s] [ 74%] [32mBuilding CXX object CMakeFiles/cartographer.mapping.internal.2d.tsdf_range_data_inserter_2d_test.dir/cartographer/mapping/internal/2d/tsdf_range_data_inserter_2d_test.cc.o[0m
[45.130s] [ 75%] [32m[1mLinking CXX executable cartographer.mapping.internal.2d.scan_matching.interpolated_tsdf_2d_test[0m
[45.265s] [ 75%] Built target cartographer.mapping.internal.2d.scan_matching.interpolated_tsdf_2d_test
[45.289s] [ 75%] [32mBuilding CXX object CMakeFiles/cartographer.mapping.internal.3d.local_trajectory_builder_3d_test.dir/cartographer/mapping/internal/3d/local_trajectory_builder_3d_test.cc.o[0m
[45.399s] [ 75%] [32m[1mLinking CXX executable cartographer.mapping.internal.2d.ray_to_pixel_mask_test[0m
[45.476s] [ 75%] Built target cartographer.mapping.internal.2d.ray_to_pixel_mask_test
[45.489s] [ 75%] [32mBuilding CXX object CMakeFiles/cartographer.mapping.internal.3d.pose_graph_3d_test.dir/cartographer/mapping/internal/3d/pose_graph_3d_test.cc.o[0m
[45.497s] [ 75%] [32m[1mLinking CXX executable cartographer.mapping.internal.2d.overlapping_submaps_trimmer_2d_test[0m
[45.539s] [ 75%] [32m[1mLinking CXX executable cartographer.mapping.internal.2d.scan_matching.ceres_scan_matcher_2d_test[0m
[45.632s] [ 75%] Built target cartographer.mapping.internal.2d.overlapping_submaps_trimmer_2d_test
[45.646s] [ 75%] [32mBuilding CXX object CMakeFiles/cartographer.mapping.internal.3d.rotation_parameterization_test.dir/cartographer/mapping/internal/3d/rotation_parameterization_test.cc.o[0m
[45.658s] [ 75%] [32m[1mLinking CXX executable cartographer.mapping.internal.3d.rotation_parameterization_test[0m
[45.682s] [ 75%] Built target cartographer.mapping.internal.2d.scan_matching.ceres_scan_matcher_2d_test
[45.701s] [ 75%] [32mBuilding CXX object CMakeFiles/cartographer.mapping.internal.3d.scan_matching.ceres_scan_matcher_3d_test.dir/cartographer/mapping/internal/3d/scan_matching/ceres_scan_matcher_3d_test.cc.o[0m
[45.737s] [ 75%] Built target cartographer.mapping.internal.3d.rotation_parameterization_test
[45.752s] [ 75%] [32mBuilding CXX object CMakeFiles/cartographer.mapping.internal.3d.scan_matching.fast_correlative_scan_matcher_3d_test.dir/cartographer/mapping/internal/3d/scan_matching/fast_correlative_scan_matcher_3d_test.cc.o[0m
[45.843s] [ 76%] [32m[1mLinking CXX executable cartographer.mapping.internal.2d.tsd_value_converter_test[0m
[45.880s] [ 76%] [32m[1mLinking CXX executable cartographer.mapping.internal.2d.scan_matching.occupied_space_cost_function_2d_test[0m
[45.955s] [ 76%] Built target cartographer.mapping.internal.2d.tsd_value_converter_test
[45.969s] [ 76%] [32mBuilding CXX object CMakeFiles/cartographer.mapping.internal.3d.scan_matching.intensity_cost_function_3d_test.dir/cartographer/mapping/internal/3d/scan_matching/intensity_cost_function_3d_test.cc.o[0m
[46.012s] [ 76%] Built target cartographer.mapping.internal.2d.scan_matching.occupied_space_cost_function_2d_test
[46.031s] [ 76%] [32mBuilding CXX object CMakeFiles/cartographer.mapping.internal.3d.scan_matching.interpolated_grid_test.dir/cartographer/mapping/internal/3d/scan_matching/interpolated_grid_test.cc.o[0m
[46.232s] [ 77%] [32m[1mLinking CXX executable cartographer.mapping.internal.2d.scan_matching.real_time_correlative_scan_matcher_2d_test[0m
[46.391s] [ 77%] Built target cartographer.mapping.internal.2d.scan_matching.real_time_correlative_scan_matcher_2d_test
[46.411s] [ 77%] [32mBuilding CXX object CMakeFiles/cartographer.mapping.internal.3d.scan_matching.precomputation_grid_3d_test.dir/cartographer/mapping/internal/3d/scan_matching/precomputation_grid_3d_test.cc.o[0m
[46.792s] [ 77%] [32m[1mLinking CXX executable cartographer.mapping.internal.2d.scan_matching.fast_correlative_scan_matcher_2d_test[0m
[46.898s] [ 77%] Built target cartographer.mapping.internal.2d.scan_matching.fast_correlative_scan_matcher_2d_test
[46.914s] [ 77%] [32mBuilding CXX object CMakeFiles/cartographer.mapping.internal.3d.scan_matching.real_time_correlative_scan_matcher_3d_test.dir/cartographer/mapping/internal/3d/scan_matching/real_time_correlative_scan_matcher_3d_test.cc.o[0m
[47.006s] [ 77%] [32m[1mLinking CXX executable cartographer.mapping.internal.2d.tsdf_2d_test[0m
[47.110s] [ 77%] [32m[1mLinking CXX executable cartographer.mapping.internal.2d.scan_matching.tsdf_match_cost_function_2d_test[0m
[47.130s] [ 77%] Built target cartographer.mapping.internal.2d.tsdf_2d_test
[47.154s] [ 77%] [32mBuilding CXX object CMakeFiles/cartographer.mapping.internal.3d.scan_matching.rotation_delta_cost_functor_3d_test.dir/cartographer/mapping/internal/3d/scan_matching/rotation_delta_cost_functor_3d_test.cc.o[0m
[47.243s] [ 77%] Built target cartographer.mapping.internal.2d.scan_matching.tsdf_match_cost_function_2d_test
[47.274s] [ 77%] [32mBuilding CXX object CMakeFiles/cartographer.mapping.internal.3d.scan_matching.rotational_scan_matcher_test.dir/cartographer/mapping/internal/3d/scan_matching/rotational_scan_matcher_test.cc.o[0m
[47.589s] [ 77%] [32m[1mLinking CXX executable cartographer.mapping.internal.2d.pose_graph_2d_test[0m
[47.758s] [ 77%] Built target cartographer.mapping.internal.2d.pose_graph_2d_test
[47.770s] [ 77%] [32mBuilding CXX object CMakeFiles/cartographer.mapping.internal.connected_components_test.dir/cartographer/mapping/internal/connected_components_test.cc.o[0m
[48.875s] [ 78%] [32m[1mLinking CXX executable cartographer.mapping.internal.2d.tsdf_range_data_inserter_2d_test[0m
[48.972s] [ 78%] [32m[1mLinking CXX executable cartographer.mapping.internal.3d.scan_matching.interpolated_grid_test[0m
[48.975s] [ 78%] Built target cartographer.mapping.internal.2d.tsdf_range_data_inserter_2d_test
[48.992s] [ 78%] [32mBuilding CXX object CMakeFiles/cartographer.mapping.internal.constraints.constraint_builder_2d_test.dir/cartographer/mapping/internal/constraints/constraint_builder_2d_test.cc.o[0m
[49.049s] [ 78%] Built target cartographer.mapping.internal.3d.scan_matching.interpolated_grid_test
[49.066s] [ 79%] [32mBuilding CXX object CMakeFiles/cartographer.mapping.internal.constraints.constraint_builder_3d_test.dir/cartographer/mapping/internal/constraints/constraint_builder_3d_test.cc.o[0m
[49.332s] [ 80%] [32m[1mLinking CXX executable cartographer.mapping.internal.3d.scan_matching.precomputation_grid_3d_test[0m
[49.421s] [ 80%] Built target cartographer.mapping.internal.3d.scan_matching.precomputation_grid_3d_test
[49.446s] [ 80%] [32mBuilding CXX object CMakeFiles/cartographer.mapping.internal.motion_filter_test.dir/cartographer/mapping/internal/motion_filter_test.cc.o[0m
[49.487s] [ 81%] [32m[1mLinking CXX executable cartographer.mapping.internal.3d.scan_matching.intensity_cost_function_3d_test[0m
[49.549s] [ 82%] [32m[1mLinking CXX executable cartographer.mapping.internal.3d.scan_matching.rotation_delta_cost_functor_3d_test[0m
[49.576s] [ 82%] Built target cartographer.mapping.internal.3d.scan_matching.intensity_cost_function_3d_test
[49.596s] [ 83%] [32mBuilding CXX object CMakeFiles/cartographer.mapping.internal.optimization.cost_functions.landmark_cost_function_2d_test.dir/cartographer/mapping/internal/optimization/cost_functions/landmark_cost_function_2d_test.cc.o[0m
[49.664s] [ 83%] Built target cartographer.mapping.internal.3d.scan_matching.rotation_delta_cost_functor_3d_test
[49.682s] [ 83%] [32mBuilding CXX object CMakeFiles/cartographer.mapping.internal.optimization.cost_functions.landmark_cost_function_3d_test.dir/cartographer/mapping/internal/optimization/cost_functions/landmark_cost_function_3d_test.cc.o[0m
[49.785s] [ 83%] [32m[1mLinking CXX executable cartographer.mapping.internal.3d.scan_matching.rotational_scan_matcher_test[0m
[49.894s] [ 83%] Built target cartographer.mapping.internal.3d.scan_matching.rotational_scan_matcher_test
[49.927s] [ 84%] [32mBuilding CXX object CMakeFiles/cartographer.mapping.internal.optimization.cost_functions.spa_cost_function_2d_test.dir/cartographer/mapping/internal/optimization/cost_functions/spa_cost_function_2d_test.cc.o[0m
[50.207s] [ 84%] [32m[1mLinking CXX executable cartographer.mapping.internal.3d.local_trajectory_builder_3d_test[0m
[50.257s] [ 85%] [32m[1mLinking CXX executable cartographer.mapping.internal.3d.scan_matching.ceres_scan_matcher_3d_test[0m
[50.395s] [ 85%] Built target cartographer.mapping.internal.3d.scan_matching.ceres_scan_matcher_3d_test
[50.397s] [ 85%] Built target cartographer.mapping.internal.3d.local_trajectory_builder_3d_test
[50.415s] [ 86%] [32mBuilding CXX object CMakeFiles/cartographer.mapping.internal.optimization.optimization_problem_3d_test.dir/cartographer/mapping/internal/optimization/optimization_problem_3d_test.cc.o[0m
[50.415s] [ 86%] [32mBuilding CXX object CMakeFiles/cartographer.mapping.internal.range_data_collator_test.dir/cartographer/mapping/internal/range_data_collator_test.cc.o[0m
[50.562s] [ 87%] [32m[1mLinking CXX executable cartographer.mapping.internal.3d.pose_graph_3d_test[0m
[50.596s] [ 88%] [32m[1mLinking CXX executable cartographer.mapping.internal.connected_components_test[0m
[50.697s] [ 88%] Built target cartographer.mapping.internal.connected_components_test
[50.713s] [ 88%] [32mBuilding CXX object CMakeFiles/cartographer.mapping.internal.trajectory_connectivity_state_test.dir/cartographer/mapping/internal/trajectory_connectivity_state_test.cc.o[0m
[50.765s] [ 88%] Built target cartographer.mapping.internal.3d.pose_graph_3d_test
[50.778s] [ 89%] [32mBuilding CXX object CMakeFiles/cartographer.mapping.map_builder_test.dir/cartographer/mapping/map_builder_test.cc.o[0m
[50.790s] [ 89%] [32m[1mLinking CXX executable cartographer.mapping.internal.3d.scan_matching.fast_correlative_scan_matcher_3d_test[0m
[50.892s] [ 89%] Built target cartographer.mapping.internal.3d.scan_matching.fast_correlative_scan_matcher_3d_test
[50.910s] [ 89%] [32mBuilding CXX object CMakeFiles/cartographer.mapping.pose_extrapolator_test.dir/cartographer/mapping/pose_extrapolator_test.cc.o[0m
[51.241s] [ 89%] [32m[1mLinking CXX executable cartographer.mapping.internal.3d.scan_matching.real_time_correlative_scan_matcher_3d_test[0m
[51.352s] [ 89%] Built target cartographer.mapping.internal.3d.scan_matching.real_time_correlative_scan_matcher_3d_test
[51.372s] [ 90%] [32mBuilding CXX object CMakeFiles/cartographer.mapping.pose_graph_test.dir/cartographer/mapping/pose_graph_test.cc.o[0m
[52.033s] [ 90%] [32m[1mLinking CXX executable cartographer.mapping.internal.motion_filter_test[0m
[52.118s] [ 90%] Built target cartographer.mapping.internal.motion_filter_test
[52.140s] [ 90%] [32mBuilding CXX object CMakeFiles/cartographer.mapping.pose_graph_trimmer_test.dir/cartographer/mapping/pose_graph_trimmer_test.cc.o[0m
[53.406s] [ 90%] [32m[1mLinking CXX executable cartographer.mapping.internal.constraints.constraint_builder_2d_test[0m
[53.458s] [ 90%] [32m[1mLinking CXX executable cartographer.mapping.internal.trajectory_connectivity_state_test[0m
[53.564s] [ 90%] Built target cartographer.mapping.internal.trajectory_connectivity_state_test
[53.576s] [ 91%] [32mBuilding CXX object CMakeFiles/cartographer.mapping.probability_values_test.dir/cartographer/mapping/probability_values_test.cc.o[0m
[53.601s] [ 91%] Built target cartographer.mapping.internal.constraints.constraint_builder_2d_test
[53.616s] [ 91%] [32mBuilding CXX object CMakeFiles/cartographer.mapping.submaps_test.dir/cartographer/mapping/submaps_test.cc.o[0m
[53.636s] [ 91%] [32m[1mLinking CXX executable cartographer.mapping.internal.range_data_collator_test[0m
[53.714s] [ 91%] Built target cartographer.mapping.internal.range_data_collator_test
[53.731s] [ 92%] [32mBuilding CXX object CMakeFiles/cartographer.mapping.trajectory_node_test.dir/cartographer/mapping/trajectory_node_test.cc.o[0m
[54.147s] [ 92%] [32m[1mLinking CXX executable cartographer.mapping.internal.optimization.cost_functions.spa_cost_function_2d_test[0m
[54.227s] [ 92%] [32m[1mLinking CXX executable cartographer.mapping.internal.constraints.constraint_builder_3d_test[0m
[54.248s] [ 92%] Built target cartographer.mapping.internal.optimization.cost_functions.spa_cost_function_2d_test
[54.265s] [ 92%] [32mBuilding CXX object CMakeFiles/cartographer.mapping.value_conversion_tables_test.dir/cartographer/mapping/value_conversion_tables_test.cc.o[0m
[54.273s] [ 92%] [32m[1mLinking CXX executable cartographer.mapping.pose_graph_test[0m
[54.351s] [ 92%] [32m[1mLinking CXX executable cartographer.mapping.internal.optimization.optimization_problem_3d_test[0m
[54.462s] [ 92%] Built target cartographer.mapping.internal.constraints.constraint_builder_3d_test
[54.471s] [ 92%] [32m[1mLinking CXX executable cartographer.mapping.internal.optimization.cost_functions.landmark_cost_function_2d_test[0m
[54.482s] [ 93%] [32mBuilding CXX object CMakeFiles/cartographer.sensor.compressed_point_cloud_test.dir/cartographer/sensor/compressed_point_cloud_test.cc.o[0m
[54.534s] [ 93%] [32m[1mLinking CXX executable cartographer.mapping.internal.optimization.cost_functions.landmark_cost_function_3d_test[0m
[54.555s] [ 93%] Built target cartographer.mapping.pose_graph_test
[54.580s] [ 93%] Built target cartographer.mapping.internal.optimization.optimization_problem_3d_test
[54.588s] [ 93%] Built target cartographer.mapping.internal.optimization.cost_functions.landmark_cost_function_2d_test
[54.588s] [ 93%] [32mBuilding CXX object CMakeFiles/cartographer.sensor.internal.collator_test.dir/cartographer/sensor/internal/collator_test.cc.o[0m
[54.602s] [ 94%] [32mBuilding CXX object CMakeFiles/cartographer.sensor.internal.ordered_multi_queue_test.dir/cartographer/sensor/internal/ordered_multi_queue_test.cc.o[0m
[54.603s] [ 94%] [32mBuilding CXX object CMakeFiles/cartographer.sensor.internal.trajectory_collator_test.dir/cartographer/sensor/internal/trajectory_collator_test.cc.o[0m
[54.654s] [ 94%] Built target cartographer.mapping.internal.optimization.cost_functions.landmark_cost_function_3d_test
[54.674s] [ 94%] [32mBuilding CXX object CMakeFiles/cartographer.sensor.internal.voxel_filter_test.dir/cartographer/sensor/internal/voxel_filter_test.cc.o[0m
[55.047s] [ 94%] [32m[1mLinking CXX executable cartographer.mapping.pose_graph_trimmer_test[0m
[55.145s] [ 94%] Built target cartographer.mapping.pose_graph_trimmer_test
[55.164s] [ 94%] [32mBuilding CXX object CMakeFiles/cartographer.sensor.landmark_data_test.dir/cartographer/sensor/landmark_data_test.cc.o[0m
[55.238s] [ 94%] [32m[1mLinking CXX executable cartographer.mapping.pose_extrapolator_test[0m
[55.350s] [ 94%] Built target cartographer.mapping.pose_extrapolator_test
[55.386s] [ 94%] [32mBuilding CXX object CMakeFiles/cartographer.sensor.map_by_time_test.dir/cartographer/sensor/map_by_time_test.cc.o[0m
[55.726s] [ 94%] [32m[1mLinking CXX executable cartographer.mapping.probability_values_test[0m
[55.777s] [ 94%] [32m[1mLinking CXX executable cartographer.mapping.value_conversion_tables_test[0m
[55.810s] [ 94%] Built target cartographer.mapping.probability_values_test
[55.823s] [ 94%] [32mBuilding CXX object CMakeFiles/cartographer.sensor.point_cloud_test.dir/cartographer/sensor/point_cloud_test.cc.o[0m
[55.862s] [ 94%] Built target cartographer.mapping.value_conversion_tables_test
[55.875s] [ 94%] [32mBuilding CXX object CMakeFiles/cartographer.sensor.range_data_test.dir/cartographer/sensor/range_data_test.cc.o[0m
[56.056s] [ 94%] [32m[1mLinking CXX executable cartographer.mapping.submaps_test[0m
[56.139s] [ 94%] Built target cartographer.mapping.submaps_test
[56.154s] [ 94%] [32mBuilding CXX object CMakeFiles/cartographer.transform.rigid_transform_test.dir/cartographer/transform/rigid_transform_test.cc.o[0m
[56.827s] [ 94%] [32m[1mLinking CXX executable cartographer.mapping.map_builder_test[0m
[57.079s] [ 94%] Built target cartographer.mapping.map_builder_test
[57.091s] [ 94%] [32mBuilding CXX object CMakeFiles/cartographer.transform.timestamped_transform_test.dir/cartographer/transform/timestamped_transform_test.cc.o[0m
[57.442s] [ 94%] [32m[1mLinking CXX executable cartographer.mapping.trajectory_node_test[0m
[57.501s] [ 94%] [32m[1mLinking CXX executable cartographer.sensor.map_by_time_test[0m
[57.567s] [ 94%] Built target cartographer.sensor.map_by_time_test
[57.571s] [ 94%] Built target cartographer.mapping.trajectory_node_test
[57.586s] [ 94%] [32mBuilding CXX object CMakeFiles/cartographer.transform.transform_test.dir/cartographer/transform/transform_test.cc.o[0m
[57.587s] [ 94%] [32mBuilding CXX object CMakeFiles/cartographer.transform.transform_interpolation_buffer_test.dir/cartographer/transform/transform_interpolation_buffer_test.cc.o[0m
[57.601s] [ 94%] [32m[1mLinking CXX executable cartographer.sensor.compressed_point_cloud_test[0m
[57.623s] [ 94%] [32m[1mLinking CXX executable cartographer.sensor.internal.ordered_multi_queue_test[0m
[57.695s] [ 94%] Built target cartographer.sensor.internal.ordered_multi_queue_test
[57.717s] [ 94%] Built target cartographer.sensor.compressed_point_cloud_test
[57.893s] [ 94%] [32m[1mLinking CXX executable cartographer.sensor.internal.voxel_filter_test[0m
[57.986s] [ 94%] Built target cartographer.sensor.internal.voxel_filter_test
[58.258s] [ 95%] [32m[1mLinking CXX executable cartographer.sensor.internal.trajectory_collator_test[0m
[58.328s] [ 95%] Built target cartographer.sensor.internal.trajectory_collator_test
[58.440s] [ 95%] [32m[1mLinking CXX executable cartographer.sensor.internal.collator_test[0m
[58.511s] [ 95%] Built target cartographer.sensor.internal.collator_test
[58.757s] [ 95%] [32m[1mLinking CXX executable cartographer.sensor.range_data_test[0m
[58.824s] [ 95%] Built target cartographer.sensor.range_data_test
[59.313s] [ 96%] [32m[1mLinking CXX executable cartographer.sensor.point_cloud_test[0m
[59.390s] [ 96%] Built target cartographer.sensor.point_cloud_test
[59.392s] [ 97%] [32m[1mLinking CXX executable cartographer.sensor.landmark_data_test[0m
[59.473s] [ 97%] Built target cartographer.sensor.landmark_data_test
[59.807s] [ 97%] [32m[1mLinking CXX executable cartographer.transform.timestamped_transform_test[0m
[59.879s] [ 97%] Built target cartographer.transform.timestamped_transform_test
[60.448s] [ 98%] [32m[1mLinking CXX executable cartographer.transform.transform_interpolation_buffer_test[0m
[60.518s] [ 98%] Built target cartographer.transform.transform_interpolation_buffer_test
[60.550s] [ 98%] [32m[1mLinking CXX executable cartographer.transform.transform_test[0m
[60.606s] [ 98%] Built target cartographer.transform.transform_test
[61.079s] [100%] [32m[1mLinking CXX executable cartographer.transform.rigid_transform_test[0m
[61.136s] [100%] Built target cartographer.transform.rigid_transform_test
[61.143s] Invoked command in '/home/user/cartographer_ws_docker/build/cartographer' returned '0': CMAKE_PREFIX_PATH=/opt/ros/humble /usr/bin/cmake --build /home/user/cartographer_ws_docker/build/cartographer -- -j12 -l12
[61.439s] Invoking command in '/home/user/cartographer_ws_docker/build/cartographer': CMAKE_PREFIX_PATH=/opt/ros/humble /usr/bin/cmake --install /home/user/cartographer_ws_docker/build/cartographer
[61.443s] -- Install configuration: "Release"
[61.443s] -- Installing: /home/user/cartographer_ws_docker/install/cartographer/share/cartographer/package.xml
[61.443s] -- Installing: /home/user/cartographer_ws_docker/install/cartographer/share/cartographer//configuration_files
[61.444s] -- Installing: /home/user/cartographer_ws_docker/install/cartographer/share/cartographer//configuration_files/map_builder.lua
[61.444s] -- Installing: /home/user/cartographer_ws_docker/install/cartographer/share/cartographer//configuration_files/pose_graph.lua
[61.444s] -- Installing: /home/user/cartographer_ws_docker/install/cartographer/share/cartographer//configuration_files/trajectory_builder_2d.lua
[61.444s] -- Installing: /home/user/cartographer_ws_docker/install/cartographer/share/cartographer//configuration_files/trajectory_builder_3d.lua
[61.444s] -- Installing: /home/user/cartographer_ws_docker/install/cartographer/share/cartographer//configuration_files/map_builder_server.lua
[61.445s] -- Installing: /home/user/cartographer_ws_docker/install/cartographer/share/cartographer//configuration_files/trajectory_builder.lua
[61.445s] -- Installing: /home/user/cartographer_ws_docker/install/cartographer/share/cartographer//cmake
[61.445s] -- Installing: /home/user/cartographer_ws_docker/install/cartographer/share/cartographer//cmake/functions.cmake
[61.445s] -- Installing: /home/user/cartographer_ws_docker/install/cartographer/share/cartographer//cmake/modules
[61.445s] -- Installing: /home/user/cartographer_ws_docker/install/cartographer/share/cartographer//cmake/modules/FindLuaGoogle.cmake
[61.446s] -- Installing: /home/user/cartographer_ws_docker/install/cartographer/share/cartographer//cmake/modules/FindEigen3.cmake
[61.446s] -- Installing: /home/user/cartographer_ws_docker/install/cartographer/share/cartographer//cmake/modules/FindGMock.cmake
[61.446s] -- Installing: /home/user/cartographer_ws_docker/install/cartographer/share/cartographer//cmake/modules/FindSphinx.cmake
[61.446s] -- Installing: /home/user/cartographer_ws_docker/install/cartographer/bin/cartographer_autogenerate_ground_truth
[61.447s] -- Installing: /home/user/cartographer_ws_docker/install/cartographer/bin/cartographer_compute_relations_metrics
[61.447s] -- Installing: /home/user/cartographer_ws_docker/install/cartographer/bin/cartographer_pbstream
[61.449s] -- Installing: /home/user/cartographer_ws_docker/install/cartographer/bin/cartographer_print_configuration
[61.449s] -- Installing: /home/user/cartographer_ws_docker/install/cartographer/lib/libcartographer.a
[61.453s] -- Installing: /home/user/cartographer_ws_docker/install/cartographer/include/cartographer/common/configuration_file_resolver.h
[61.453s] -- Installing: /home/user/cartographer_ws_docker/install/cartographer/include/cartographer/common/fixed_ratio_sampler.h
[61.453s] -- Installing: /home/user/cartographer_ws_docker/install/cartographer/include/cartographer/common/histogram.h
[61.453s] -- Installing: /home/user/cartographer_ws_docker/install/cartographer/include/cartographer/common/lua.h
[61.453s] -- Installing: /home/user/cartographer_ws_docker/install/cartographer/include/cartographer/common/lua_parameter_dictionary.h
[61.453s] -- Installing: /home/user/cartographer_ws_docker/install/cartographer/include/cartographer/common/math.h
[61.453s] -- Installing: /home/user/cartographer_ws_docker/install/cartographer/include/cartographer/common/port.h
[61.453s] -- Installing: /home/user/cartographer_ws_docker/install/cartographer/include/cartographer/common/task.h
[61.453s] -- Installing: /home/user/cartographer_ws_docker/install/cartographer/include/cartographer/common/thread_pool.h
[61.454s] -- Installing: /home/user/cartographer_ws_docker/install/cartographer/include/cartographer/common/time.h
[61.454s] -- Installing: /home/user/cartographer_ws_docker/install/cartographer/include/cartographer/ground_truth/autogenerate_ground_truth.h
[61.454s] -- Installing: /home/user/cartographer_ws_docker/install/cartographer/include/cartographer/ground_truth/relations_text_file.h
[61.454s] -- Installing: /home/user/cartographer_ws_docker/install/cartographer/include/cartographer/io/color.h
[61.454s] -- Installing: /home/user/cartographer_ws_docker/install/cartographer/include/cartographer/io/coloring_points_processor.h
[61.454s] -- Installing: /home/user/cartographer_ws_docker/install/cartographer/include/cartographer/io/counting_points_processor.h
[61.454s] -- Installing: /home/user/cartographer_ws_docker/install/cartographer/include/cartographer/io/draw_trajectories.h
[61.454s] -- Installing: /home/user/cartographer_ws_docker/install/cartographer/include/cartographer/io/file_writer.h
[61.454s] -- Installing: /home/user/cartographer_ws_docker/install/cartographer/include/cartographer/io/fixed_ratio_sampling_points_processor.h
[61.454s] -- Installing: /home/user/cartographer_ws_docker/install/cartographer/include/cartographer/io/frame_id_filtering_points_processor.h
[61.455s] -- Installing: /home/user/cartographer_ws_docker/install/cartographer/include/cartographer/io/hybrid_grid_points_processor.h
[61.455s] -- Installing: /home/user/cartographer_ws_docker/install/cartographer/include/cartographer/io/image.h
[61.455s] -- Installing: /home/user/cartographer_ws_docker/install/cartographer/include/cartographer/io/intensity_to_color_points_processor.h
[61.455s] -- Installing: /home/user/cartographer_ws_docker/install/cartographer/include/cartographer/io/min_max_range_filtering_points_processor.h
[61.455s] -- Installing: /home/user/cartographer_ws_docker/install/cartographer/include/cartographer/io/null_points_processor.h
[61.455s] -- Installing: /home/user/cartographer_ws_docker/install/cartographer/include/cartographer/io/outlier_removing_points_processor.h
[61.456s] -- Installing: /home/user/cartographer_ws_docker/install/cartographer/include/cartographer/io/pcd_writing_points_processor.h
[61.456s] -- Installing: /home/user/cartographer_ws_docker/install/cartographer/include/cartographer/io/ply_writing_points_processor.h
[61.456s] -- Installing: /home/user/cartographer_ws_docker/install/cartographer/include/cartographer/io/points_batch.h
[61.456s] -- Installing: /home/user/cartographer_ws_docker/install/cartographer/include/cartographer/io/points_processor.h
[61.456s] -- Installing: /home/user/cartographer_ws_docker/install/cartographer/include/cartographer/io/points_processor_pipeline_builder.h
[61.456s] -- Installing: /home/user/cartographer_ws_docker/install/cartographer/include/cartographer/io/probability_grid_points_processor.h
[61.456s] -- Installing: /home/user/cartographer_ws_docker/install/cartographer/include/cartographer/io/proto_stream.h
[61.456s] -- Installing: /home/user/cartographer_ws_docker/install/cartographer/include/cartographer/io/proto_stream_deserializer.h
[61.456s] -- Installing: /home/user/cartographer_ws_docker/install/cartographer/include/cartographer/io/proto_stream_interface.h
[61.456s] -- Installing: /home/user/cartographer_ws_docker/install/cartographer/include/cartographer/io/serialization_format_migration.h
[61.456s] -- Installing: /home/user/cartographer_ws_docker/install/cartographer/include/cartographer/io/submap_painter.h
[61.457s] -- Installing: /home/user/cartographer_ws_docker/install/cartographer/include/cartographer/io/vertical_range_filtering_points_processor.h
[61.457s] -- Installing: /home/user/cartographer_ws_docker/install/cartographer/include/cartographer/io/xray_points_processor.h
[61.457s] -- Installing: /home/user/cartographer_ws_docker/install/cartographer/include/cartographer/io/xyz_writing_points_processor.h
[61.457s] -- Installing: /home/user/cartographer_ws_docker/install/cartographer/include/cartographer/mapping/2d/grid_2d.h
[61.457s] -- Installing: /home/user/cartographer_ws_docker/install/cartographer/include/cartographer/mapping/2d/map_limits.h
[61.457s] -- Installing: /home/user/cartographer_ws_docker/install/cartographer/include/cartographer/mapping/2d/probability_grid.h
[61.458s] -- Installing: /home/user/cartographer_ws_docker/install/cartographer/include/cartographer/mapping/2d/probability_grid_range_data_inserter_2d.h
[61.458s] -- Installing: /home/user/cartographer_ws_docker/install/cartographer/include/cartographer/mapping/2d/submap_2d.h
[61.458s] -- Installing: /home/user/cartographer_ws_docker/install/cartographer/include/cartographer/mapping/2d/xy_index.h
[61.458s] -- Installing: /home/user/cartographer_ws_docker/install/cartographer/include/cartographer/mapping/3d/hybrid_grid.h
[61.458s] -- Installing: /home/user/cartographer_ws_docker/install/cartographer/include/cartographer/mapping/3d/range_data_inserter_3d.h
[61.458s] -- Installing: /home/user/cartographer_ws_docker/install/cartographer/include/cartographer/mapping/3d/submap_3d.h
[61.458s] -- Installing: /home/user/cartographer_ws_docker/install/cartographer/include/cartographer/mapping/detect_floors.h
[61.458s] -- Installing: /home/user/cartographer_ws_docker/install/cartographer/include/cartographer/mapping/grid_interface.h
[61.458s] -- Installing: /home/user/cartographer_ws_docker/install/cartographer/include/cartographer/mapping/id.h
[61.458s] -- Installing: /home/user/cartographer_ws_docker/install/cartographer/include/cartographer/mapping/imu_tracker.h
[61.458s] -- Installing: /home/user/cartographer_ws_docker/install/cartographer/include/cartographer/mapping/map_builder.h
[61.458s] -- Installing: /home/user/cartographer_ws_docker/install/cartographer/include/cartographer/mapping/map_builder_interface.h
[61.458s] -- Installing: /home/user/cartographer_ws_docker/install/cartographer/include/cartographer/mapping/pose_extrapolator.h
[61.458s] -- Installing: /home/user/cartographer_ws_docker/install/cartographer/include/cartographer/mapping/pose_extrapolator_interface.h
[61.458s] -- Installing: /home/user/cartographer_ws_docker/install/cartographer/include/cartographer/mapping/pose_graph.h
[61.458s] -- Installing: /home/user/cartographer_ws_docker/install/cartographer/include/cartographer/mapping/pose_graph_interface.h
[61.458s] -- Installing: /home/user/cartographer_ws_docker/install/cartographer/include/cartographer/mapping/pose_graph_trimmer.h
[61.459s] -- Installing: /home/user/cartographer_ws_docker/install/cartographer/include/cartographer/mapping/probability_values.h
[61.459s] -- Installing: /home/user/cartographer_ws_docker/install/cartographer/include/cartographer/mapping/range_data_inserter_interface.h
[61.459s] -- Installing: /home/user/cartographer_ws_docker/install/cartographer/include/cartographer/mapping/submaps.h
[61.459s] -- Installing: /home/user/cartographer_ws_docker/install/cartographer/include/cartographer/mapping/trajectory_builder_interface.h
[61.459s] -- Installing: /home/user/cartographer_ws_docker/install/cartographer/include/cartographer/mapping/trajectory_node.h
[61.459s] -- Installing: /home/user/cartographer_ws_docker/install/cartographer/include/cartographer/mapping/value_conversion_tables.h
[61.459s] -- Installing: /home/user/cartographer_ws_docker/install/cartographer/include/cartographer/metrics/counter.h
[61.459s] -- Installing: /home/user/cartographer_ws_docker/install/cartographer/include/cartographer/metrics/family_factory.h
[61.459s] -- Installing: /home/user/cartographer_ws_docker/install/cartographer/include/cartographer/metrics/gauge.h
[61.459s] -- Installing: /home/user/cartographer_ws_docker/install/cartographer/include/cartographer/metrics/histogram.h
[61.459s] -- Installing: /home/user/cartographer_ws_docker/install/cartographer/include/cartographer/metrics/register.h
[61.459s] -- Installing: /home/user/cartographer_ws_docker/install/cartographer/include/cartographer/sensor/collator_interface.h
[61.459s] -- Installing: /home/user/cartographer_ws_docker/install/cartographer/include/cartographer/sensor/compressed_point_cloud.h
[61.459s] -- Installing: /home/user/cartographer_ws_docker/install/cartographer/include/cartographer/sensor/data.h
[61.460s] -- Installing: /home/user/cartographer_ws_docker/install/cartographer/include/cartographer/sensor/fixed_frame_pose_data.h
[61.460s] -- Installing: /home/user/cartographer_ws_docker/install/cartographer/include/cartographer/sensor/imu_data.h
[61.460s] -- Installing: /home/user/cartographer_ws_docker/install/cartographer/include/cartographer/sensor/landmark_data.h
[61.460s] -- Installing: /home/user/cartographer_ws_docker/install/cartographer/include/cartographer/sensor/map_by_time.h
[61.460s] -- Installing: /home/user/cartographer_ws_docker/install/cartographer/include/cartographer/sensor/odometry_data.h
[61.460s] -- Installing: /home/user/cartographer_ws_docker/install/cartographer/include/cartographer/sensor/point_cloud.h
[61.460s] -- Installing: /home/user/cartographer_ws_docker/install/cartographer/include/cartographer/sensor/range_data.h
[61.460s] -- Installing: /home/user/cartographer_ws_docker/install/cartographer/include/cartographer/sensor/rangefinder_point.h
[61.460s] -- Installing: /home/user/cartographer_ws_docker/install/cartographer/include/cartographer/sensor/timed_point_cloud_data.h
[61.460s] -- Installing: /home/user/cartographer_ws_docker/install/cartographer/include/cartographer/transform/rigid_transform.h
[61.460s] -- Installing: /home/user/cartographer_ws_docker/install/cartographer/include/cartographer/transform/timestamped_transform.h
[61.460s] -- Installing: /home/user/cartographer_ws_docker/install/cartographer/include/cartographer/transform/transform.h
[61.460s] -- Installing: /home/user/cartographer_ws_docker/install/cartographer/include/cartographer/transform/transform_interpolation_buffer.h
[61.461s] -- Installing: /home/user/cartographer_ws_docker/install/cartographer/include/cartographer/io/fake_file_writer.h
[61.461s] -- Installing: /home/user/cartographer_ws_docker/install/cartographer/include/cartographer/transform/rigid_transform_test_helpers.h
[61.461s] -- Installing: /home/user/cartographer_ws_docker/install/cartographer/include/cartographer/common/proto/ceres_solver_options.pb.h
[61.461s] -- Installing: /home/user/cartographer_ws_docker/install/cartographer/include/cartographer/ground_truth/proto/relations.pb.h
[61.461s] -- Installing: /home/user/cartographer_ws_docker/install/cartographer/include/cartographer/mapping/proto/cell_limits_2d.pb.h
[61.461s] -- Installing: /home/user/cartographer_ws_docker/install/cartographer/include/cartographer/mapping/proto/connected_components.pb.h
[61.461s] -- Installing: /home/user/cartographer_ws_docker/install/cartographer/include/cartographer/mapping/proto/grid_2d.pb.h
[61.461s] -- Installing: /home/user/cartographer_ws_docker/install/cartographer/include/cartographer/mapping/proto/grid_2d_options.pb.h
[61.461s] -- Installing: /home/user/cartographer_ws_docker/install/cartographer/include/cartographer/mapping/proto/hybrid_grid.pb.h
[61.461s] -- Installing: /home/user/cartographer_ws_docker/install/cartographer/include/cartographer/mapping/proto/local_trajectory_builder_options_2d.pb.h
[61.461s] -- Installing: /home/user/cartographer_ws_docker/install/cartographer/include/cartographer/mapping/proto/local_trajectory_builder_options_3d.pb.h
[61.461s] -- Installing: /home/user/cartographer_ws_docker/install/cartographer/include/cartographer/mapping/proto/map_builder_options.pb.h
[61.461s] -- Installing: /home/user/cartographer_ws_docker/install/cartographer/include/cartographer/mapping/proto/map_limits.pb.h
[61.461s] -- Installing: /home/user/cartographer_ws_docker/install/cartographer/include/cartographer/mapping/proto/motion_filter_options.pb.h
[61.462s] -- Installing: /home/user/cartographer_ws_docker/install/cartographer/include/cartographer/mapping/proto/normal_estimation_options_2d.pb.h
[61.462s] -- Installing: /home/user/cartographer_ws_docker/install/cartographer/include/cartographer/mapping/proto/pose_extrapolator_options.pb.h
[61.462s] -- Installing: /home/user/cartographer_ws_docker/install/cartographer/include/cartographer/mapping/proto/pose_graph.pb.h
[61.462s] -- Installing: /home/user/cartographer_ws_docker/install/cartographer/include/cartographer/mapping/proto/pose_graph/constraint_builder_options.pb.h
[61.462s] -- Installing: /home/user/cartographer_ws_docker/install/cartographer/include/cartographer/mapping/proto/pose_graph/optimization_problem_options.pb.h
[61.462s] -- Installing: /home/user/cartographer_ws_docker/install/cartographer/include/cartographer/mapping/proto/pose_graph_options.pb.h
[61.462s] -- Installing: /home/user/cartographer_ws_docker/install/cartographer/include/cartographer/mapping/proto/probability_grid.pb.h
[61.462s] -- Installing: /home/user/cartographer_ws_docker/install/cartographer/include/cartographer/mapping/proto/probability_grid_range_data_inserter_options_2d.pb.h
[61.462s] -- Installing: /home/user/cartographer_ws_docker/install/cartographer/include/cartographer/mapping/proto/range_data_inserter_options.pb.h
[61.462s] -- Installing: /home/user/cartographer_ws_docker/install/cartographer/include/cartographer/mapping/proto/range_data_inserter_options_3d.pb.h
[61.462s] -- Installing: /home/user/cartographer_ws_docker/install/cartographer/include/cartographer/mapping/proto/scan_matching/ceres_scan_matcher_options_2d.pb.h
[61.462s] -- Installing: /home/user/cartographer_ws_docker/install/cartographer/include/cartographer/mapping/proto/scan_matching/ceres_scan_matcher_options_3d.pb.h
[61.462s] -- Installing: /home/user/cartographer_ws_docker/install/cartographer/include/cartographer/mapping/proto/scan_matching/fast_correlative_scan_matcher_options_2d.pb.h
[61.462s] -- Installing: /home/user/cartographer_ws_docker/install/cartographer/include/cartographer/mapping/proto/scan_matching/fast_correlative_scan_matcher_options_3d.pb.h
[61.463s] -- Installing: /home/user/cartographer_ws_docker/install/cartographer/include/cartographer/mapping/proto/scan_matching/real_time_correlative_scan_matcher_options.pb.h
[61.463s] -- Installing: /home/user/cartographer_ws_docker/install/cartographer/include/cartographer/mapping/proto/serialization.pb.h
[61.463s] -- Installing: /home/user/cartographer_ws_docker/install/cartographer/include/cartographer/mapping/proto/submap.pb.h
[61.463s] -- Installing: /home/user/cartographer_ws_docker/install/cartographer/include/cartographer/mapping/proto/submap_visualization.pb.h
[61.463s] -- Installing: /home/user/cartographer_ws_docker/install/cartographer/include/cartographer/mapping/proto/submaps_options_2d.pb.h
[61.463s] -- Installing: /home/user/cartographer_ws_docker/install/cartographer/include/cartographer/mapping/proto/submaps_options_3d.pb.h
[61.463s] -- Installing: /home/user/cartographer_ws_docker/install/cartographer/include/cartographer/mapping/proto/trajectory.pb.h
[61.463s] -- Installing: /home/user/cartographer_ws_docker/install/cartographer/include/cartographer/mapping/proto/trajectory_builder_options.pb.h
[61.463s] -- Installing: /home/user/cartographer_ws_docker/install/cartographer/include/cartographer/mapping/proto/trajectory_node_data.pb.h
[61.463s] -- Installing: /home/user/cartographer_ws_docker/install/cartographer/include/cartographer/mapping/proto/tsdf_2d.pb.h
[61.463s] -- Installing: /home/user/cartographer_ws_docker/install/cartographer/include/cartographer/mapping/proto/tsdf_range_data_inserter_options_2d.pb.h
[61.463s] -- Installing: /home/user/cartographer_ws_docker/install/cartographer/include/cartographer/sensor/proto/adaptive_voxel_filter_options.pb.h
[61.463s] -- Installing: /home/user/cartographer_ws_docker/install/cartographer/include/cartographer/sensor/proto/sensor.pb.h
[61.463s] -- Installing: /home/user/cartographer_ws_docker/install/cartographer/include/cartographer/transform/proto/timestamped_transform.pb.h
[61.463s] -- Installing: /home/user/cartographer_ws_docker/install/cartographer/include/cartographer/transform/proto/transform.pb.h
[61.464s] -- Installing: /home/user/cartographer_ws_docker/install/cartographer/share/cartographer/cmake/CartographerTargets.cmake
[61.464s] -- Installing: /home/user/cartographer_ws_docker/install/cartographer/share/cartographer/cmake/CartographerTargets-release.cmake
[61.464s] -- Installing: /home/user/cartographer_ws_docker/install/cartographer/share/cartographer/cartographer-config.cmake
[61.465s] Invoked command in '/home/user/cartographer_ws_docker/build/cartographer' returned '0': CMAKE_PREFIX_PATH=/opt/ros/humble /usr/bin/cmake --install /home/user/cartographer_ws_docker/build/cartographer
