[0.014s] Invoking command in '/root/cartographer_ws_docker/build/cartographer_rviz': AMENT_PREFIX_PATH=/root/cartographer_ws_docker/install/cartographer_ros:/root/cartographer_ws_docker/install/cartographer_ros_msgs:${AMENT_PREFIX_PATH} CMAKE_PREFIX_PATH=/root/cartographer_ws_docker/install/cartographer_ros:/root/cartographer_ws_docker/install/cartographer_ros_msgs:/root/cartographer_ws_docker/install/cartographer:/opt/ros/humble LD_LIBRARY_PATH=/root/cartographer_ws_docker/install/cartographer_ros/lib:/root/cartographer_ws_docker/install/cartographer_ros_msgs/lib:${LD_LIBRARY_PATH} PATH=/root/cartographer_ws_docker/install/cartographer/bin:${PATH} PKG_CONFIG_PATH=/root/cartographer_ws_docker/install/cartographer/lib/x86_64-linux-gnu/pkgconfig:/root/cartographer_ws_docker/install/cartographer/lib/pkgconfig PYTHONPATH=/root/cartographer_ws_docker/install/cartographer_ros_msgs/local/lib/python3.10/dist-packages:${PYTHONPATH} /usr/bin/cmake /root/cartographer_ws_docker/src/cartographer_ros/cartographer_rviz -DAMENT_CMAKE_SYMLINK_INSTALL=1 -DCMAKE_INSTALL_PREFIX=/root/cartographer_ws_docker/install/cartographer_rviz
[0.077s] -- The C compiler identification is GNU 11.4.0
[0.142s] -- The CXX compiler identification is GNU 11.4.0
[0.150s] -- Detecting C compiler ABI info
[0.227s] -- Detecting C compiler ABI info - done
[0.236s] -- Check for working C compiler: /usr/bin/cc - skipped
[0.236s] -- Detecting C compile features
[0.236s] -- Detecting C compile features - done
[0.241s] -- Detecting CXX compiler ABI info
[0.330s] -- Detecting CXX compiler ABI info - done
[0.339s] -- Check for working CXX compiler: /usr/bin/c++ - skipped
[0.339s] -- Detecting CXX compile features
[0.339s] -- Detecting CXX compile features - done
[0.344s] -- Found ament_cmake: 1.3.9 (/opt/ros/humble/share/ament_cmake/cmake)
[0.508s] -- Found Python3: /usr/bin/python3 (found version "3.10.12") found components: Interpreter 
[0.575s] -- Override CMake install command with custom implementation using symlinks instead of copying resources
[0.622s] -- Looking for pthread.h
[0.705s] -- Looking for pthread.h - found
[0.705s] -- Performing Test CMAKE_HAVE_LIBC_PTHREAD
[0.788s] -- Performing Test CMAKE_HAVE_LIBC_PTHREAD - Success
[0.788s] -- Found Threads: TRUE  
[0.800s] -- Found required Ceres dependency: Eigen version 3.4.0 in /usr/include/eigen3
[0.808s] -- Found required Ceres dependency: glog
[0.809s] -- Found required Ceres dependency: gflags
[0.809s] -- Found Ceres version: 2.0.0 installed in: /usr with components: [EigenSparse, SparseLinearAlgebraLibrary, LAPACK, SuiteSparse, CXSparse, SchurSpecializations, Multithreading]
[0.820s] -- Build type: Release
[0.825s] Files /root/cartographer_ws_docker/build/cartographer_rviz/AllFiles.cmake and - differ
[0.843s] -- Found Boost: /usr/lib/x86_64-linux-gnu/cmake/Boost-1.74.0/BoostConfig.cmake (found version "1.74.0") found components: iostreams 
[0.844s] -- Found cartographer_ros: 2.0.9003 (/root/cartographer_ws_docker/install/cartographer_ros/share/cartographer_ros/cmake)
[0.894s] -- Found rosidl_generator_c: 3.1.5 (/opt/ros/humble/share/rosidl_generator_c/cmake)
[0.902s] -- Found rosidl_adapter: 3.1.5 (/opt/ros/humble/share/rosidl_adapter/cmake)
[0.914s] -- Found rosidl_generator_cpp: 3.1.5 (/opt/ros/humble/share/rosidl_generator_cpp/cmake)
[0.931s] -- Using all available rosidl_typesupport_c: rosidl_typesupport_fastrtps_c;rosidl_typesupport_introspection_c
[0.958s] -- Using all available rosidl_typesupport_cpp: rosidl_typesupport_fastrtps_cpp;rosidl_typesupport_introspection_cpp
[1.418s] -- Found rmw_implementation_cmake: 6.1.2 (/opt/ros/humble/share/rmw_implementation_cmake/cmake)
[1.422s] -- Found rmw_fastrtps_cpp: 6.2.6 (/opt/ros/humble/share/rmw_fastrtps_cpp/cmake)
[1.547s] -- Found OpenSSL: /usr/lib/x86_64-linux-gnu/libcrypto.so (found version "3.0.2")  
[1.583s] -- Found FastRTPS: /opt/ros/humble/include  
[1.646s] -- Using RMW implementation 'rmw_fastrtps_cpp' as default
[3.034s] -- Found rviz_common: 11.2.12 (/opt/ros/humble/share/rviz_common/cmake)
[3.066s] -- Setting OGRE_DIR to: '/opt/ros/humble/share/rviz_ogre_vendor/cmake/../../../opt/rviz_ogre_vendor/lib/OGRE/cmake'
[3.067s] -- Found OGRE
[3.067s] --   static     : OFF
[3.067s] --   components : HLMS;MeshLodGenerator;Overlay;Paging;Property;RTShaderSystem;Terrain;Volume
[3.067s] --   plugins    : Plugin_BSPSceneManager;Plugin_OctreeSceneManager;Plugin_PCZSceneManager;Plugin_ParticleFX;RenderSystem_GL;RenderSystem_GL3Plus;Codec_STBI
[3.067s] --   media      : /opt/ros/humble/opt/rviz_ogre_vendor/share/OGRE/Media
[3.067s] -- OGRE_LIBRARIES: OgreHLMS;OgreMeshLodGenerator;OgreOverlay;OgrePaging;OgreProperty;OgreRTShaderSystem;OgreTerrain;OgreVolume;OgreMain
[3.067s] -- OGRE_LIBRARY_DIRS: /opt/ros/humble/opt/rviz_ogre_vendor/lib
[3.067s] -- OGRE_PLUGINS: Plugin_BSPSceneManager;Plugin_OctreeSceneManager;Plugin_PCZSceneManager;Plugin_ParticleFX;RenderSystem_GL;RenderSystem_GL3Plus;Codec_STBI
[3.068s] -- OGRE_PLUGIN_DIR: /opt/ros/humble/opt/rviz_ogre_vendor/lib/OGRE
[3.068s] -- rviz_ogre_vendor::OgreOverlay for IMPORTED_LOCATION_RELEASE: /opt/ros/humble/opt/rviz_ogre_vendor/lib/libOgreOverlay.so
[3.068s] -- rviz_ogre_vendor::OgreOverlay for IMPORTED_LOCATION_DEBUG: /opt/ros/humble/opt/rviz_ogre_vendor/lib/libOgreOverlay.so
[3.068s] -- rviz_ogre_vendor::OgreMain for IMPORTED_LOCATION_RELEASE: /opt/ros/humble/opt/rviz_ogre_vendor/lib/libOgreMain.so
[3.068s] -- rviz_ogre_vendor::OgreMain for IMPORTED_LOCATION_DEBUG: /opt/ros/humble/opt/rviz_ogre_vendor/lib/libOgreMain.so
[3.085s] -- Found ZLIB: /usr/lib/x86_64-linux-gnu/libz.so (found version "1.2.11") 
[3.090s] -- Found OpenGL: /usr/lib/x86_64-linux-gnu/libOpenGL.so   
[3.185s] -- Found X11: /usr/include   
[3.185s] -- Looking for XOpenDisplay in /usr/lib/x86_64-linux-gnu/libX11.so;/usr/lib/x86_64-linux-gnu/libXext.so
[3.268s] -- Looking for XOpenDisplay in /usr/lib/x86_64-linux-gnu/libX11.so;/usr/lib/x86_64-linux-gnu/libXext.so - found
[3.268s] -- Looking for gethostbyname
[3.355s] -- Looking for gethostbyname - found
[3.356s] -- Looking for connect
[3.435s] -- Looking for connect - found
[3.435s] -- Looking for remove
[3.514s] -- Looking for remove - found
[3.514s] -- Looking for shmat
[3.592s] -- Looking for shmat - found
[3.592s] -- Looking for IceConnectionNumber in ICE
[3.671s] -- Looking for IceConnectionNumber in ICE - found
[3.674s] -- rviz_ogre_vendor::RenderSystem_GL for IMPORTED_LOCATION_RELEASE: _render_system_gl_static_library_abs-NOTFOUND
[3.674s] -- rviz_ogre_vendor::RenderSystem_GL for IMPORTED_LOCATION_DEBUG: _render_system_gl_static_library_abs-NOTFOUND
[3.770s] -- library: /usr/lib/x86_64-linux-gnu/libcurl.so
[3.827s] -- Found Eigen3: TRUE (found version "3.4.0") 
[3.827s] -- Ensuring Eigen3 include directory is part of orocos-kdl CMake target
[4.491s] -- Deploy OGRE media
[4.495s] -- Configuring done
[4.584s] -- Generating done
[4.587s] -- Build files have been written to: /root/cartographer_ws_docker/build/cartographer_rviz
[4.603s] Invoked command in '/root/cartographer_ws_docker/build/cartographer_rviz' returned '0': AMENT_PREFIX_PATH=/root/cartographer_ws_docker/install/cartographer_ros:/root/cartographer_ws_docker/install/cartographer_ros_msgs:${AMENT_PREFIX_PATH} CMAKE_PREFIX_PATH=/root/cartographer_ws_docker/install/cartographer_ros:/root/cartographer_ws_docker/install/cartographer_ros_msgs:/root/cartographer_ws_docker/install/cartographer:/opt/ros/humble LD_LIBRARY_PATH=/root/cartographer_ws_docker/install/cartographer_ros/lib:/root/cartographer_ws_docker/install/cartographer_ros_msgs/lib:${LD_LIBRARY_PATH} PATH=/root/cartographer_ws_docker/install/cartographer/bin:${PATH} PKG_CONFIG_PATH=/root/cartographer_ws_docker/install/cartographer/lib/x86_64-linux-gnu/pkgconfig:/root/cartographer_ws_docker/install/cartographer/lib/pkgconfig PYTHONPATH=/root/cartographer_ws_docker/install/cartographer_ros_msgs/local/lib/python3.10/dist-packages:${PYTHONPATH} /usr/bin/cmake /root/cartographer_ws_docker/src/cartographer_ros/cartographer_rviz -DAMENT_CMAKE_SYMLINK_INSTALL=1 -DCMAKE_INSTALL_PREFIX=/root/cartographer_ws_docker/install/cartographer_rviz
[4.605s] Invoking command in '/root/cartographer_ws_docker/build/cartographer_rviz': AMENT_PREFIX_PATH=/root/cartographer_ws_docker/install/cartographer_ros:/root/cartographer_ws_docker/install/cartographer_ros_msgs:${AMENT_PREFIX_PATH} CMAKE_PREFIX_PATH=/root/cartographer_ws_docker/install/cartographer_ros:/root/cartographer_ws_docker/install/cartographer_ros_msgs:/root/cartographer_ws_docker/install/cartographer:/opt/ros/humble LD_LIBRARY_PATH=/root/cartographer_ws_docker/install/cartographer_ros/lib:/root/cartographer_ws_docker/install/cartographer_ros_msgs/lib:${LD_LIBRARY_PATH} PATH=/root/cartographer_ws_docker/install/cartographer/bin:${PATH} PKG_CONFIG_PATH=/root/cartographer_ws_docker/install/cartographer/lib/x86_64-linux-gnu/pkgconfig:/root/cartographer_ws_docker/install/cartographer/lib/pkgconfig PYTHONPATH=/root/cartographer_ws_docker/install/cartographer_ros_msgs/local/lib/python3.10/dist-packages:${PYTHONPATH} /usr/bin/cmake --build /root/cartographer_ws_docker/build/cartographer_rviz -- -j8 -l8
[4.668s] [ 16%] [34m[1mAutomatic MOC for target cartographer_rviz[0m
[4.673s] [ 16%] Built target cartographer_rviz_detect_changes
[8.369s] [ 16%] Built target cartographer_rviz_autogen
[8.396s] [ 50%] [32mBuilding CXX object CMakeFiles/cartographer_rviz.dir/src/drawable_submap.cpp.o[0m
[8.396s] [ 50%] [32mBuilding CXX object CMakeFiles/cartographer_rviz.dir/src/submaps_display.cpp.o[0m
[8.398s] [ 66%] [32mBuilding CXX object CMakeFiles/cartographer_rviz.dir/cartographer_rviz_autogen/mocs_compilation.cpp.o[0m
[8.399s] [ 83%] [32mBuilding CXX object CMakeFiles/cartographer_rviz.dir/src/ogre_slice.cpp.o[0m
[34.107s] [100%] [32m[1mLinking CXX shared library libcartographer_rviz.so[0m
[36.052s] [100%] Built target cartographer_rviz
[36.067s] Invoked command in '/root/cartographer_ws_docker/build/cartographer_rviz' returned '0': AMENT_PREFIX_PATH=/root/cartographer_ws_docker/install/cartographer_ros:/root/cartographer_ws_docker/install/cartographer_ros_msgs:${AMENT_PREFIX_PATH} CMAKE_PREFIX_PATH=/root/cartographer_ws_docker/install/cartographer_ros:/root/cartographer_ws_docker/install/cartographer_ros_msgs:/root/cartographer_ws_docker/install/cartographer:/opt/ros/humble LD_LIBRARY_PATH=/root/cartographer_ws_docker/install/cartographer_ros/lib:/root/cartographer_ws_docker/install/cartographer_ros_msgs/lib:${LD_LIBRARY_PATH} PATH=/root/cartographer_ws_docker/install/cartographer/bin:${PATH} PKG_CONFIG_PATH=/root/cartographer_ws_docker/install/cartographer/lib/x86_64-linux-gnu/pkgconfig:/root/cartographer_ws_docker/install/cartographer/lib/pkgconfig PYTHONPATH=/root/cartographer_ws_docker/install/cartographer_ros_msgs/local/lib/python3.10/dist-packages:${PYTHONPATH} /usr/bin/cmake --build /root/cartographer_ws_docker/build/cartographer_rviz -- -j8 -l8
[36.107s] Invoking command in '/root/cartographer_ws_docker/build/cartographer_rviz': AMENT_PREFIX_PATH=/root/cartographer_ws_docker/install/cartographer_ros:/root/cartographer_ws_docker/install/cartographer_ros_msgs:${AMENT_PREFIX_PATH} CMAKE_PREFIX_PATH=/root/cartographer_ws_docker/install/cartographer_ros:/root/cartographer_ws_docker/install/cartographer_ros_msgs:/root/cartographer_ws_docker/install/cartographer:/opt/ros/humble LD_LIBRARY_PATH=/root/cartographer_ws_docker/install/cartographer_ros/lib:/root/cartographer_ws_docker/install/cartographer_ros_msgs/lib:${LD_LIBRARY_PATH} PATH=/root/cartographer_ws_docker/install/cartographer/bin:${PATH} PKG_CONFIG_PATH=/root/cartographer_ws_docker/install/cartographer/lib/x86_64-linux-gnu/pkgconfig:/root/cartographer_ws_docker/install/cartographer/lib/pkgconfig PYTHONPATH=/root/cartographer_ws_docker/install/cartographer_ros_msgs/local/lib/python3.10/dist-packages:${PYTHONPATH} /usr/bin/cmake --install /root/cartographer_ws_docker/build/cartographer_rviz
[36.115s] -- Install configuration: "Release"
[36.116s] -- Execute custom install script
[36.116s] -- Symlinking: /root/cartographer_ws_docker/install/cartographer_rviz/share/cartographer_rviz//rviz_plugin_description.xml
[36.127s] -- Symlinking: /root/cartographer_ws_docker/install/cartographer_rviz/include//cartographer_rviz/drawable_submap.h
[36.138s] -- Symlinking: /root/cartographer_ws_docker/install/cartographer_rviz/include//cartographer_rviz/ogre_slice.h
[36.149s] -- Symlinking: /root/cartographer_ws_docker/install/cartographer_rviz/include//cartographer_rviz/submaps_display.h
[36.159s] -- Symlinking: /root/cartographer_ws_docker/install/cartographer_rviz/share/cartographer_rviz/environment/library_path.sh
[36.169s] -- Symlinking: /root/cartographer_ws_docker/install/cartographer_rviz/share/cartographer_rviz/environment/library_path.dsv
[36.180s] -- Symlinking: /root/cartographer_ws_docker/install/cartographer_rviz/share/ament_index/resource_index/package_run_dependencies/cartographer_rviz
[36.191s] -- Symlinking: /root/cartographer_ws_docker/install/cartographer_rviz/share/ament_index/resource_index/parent_prefix_path/cartographer_rviz
[36.203s] -- Symlinking: /root/cartographer_ws_docker/install/cartographer_rviz/share/cartographer_rviz/environment/ament_prefix_path.sh
[36.214s] -- Symlinking: /root/cartographer_ws_docker/install/cartographer_rviz/share/cartographer_rviz/environment/ament_prefix_path.dsv
[36.225s] -- Symlinking: /root/cartographer_ws_docker/install/cartographer_rviz/share/cartographer_rviz/environment/path.sh
[36.235s] -- Symlinking: /root/cartographer_ws_docker/install/cartographer_rviz/share/cartographer_rviz/environment/path.dsv
[36.246s] -- Symlinking: /root/cartographer_ws_docker/install/cartographer_rviz/share/cartographer_rviz/local_setup.bash
[36.257s] -- Symlinking: /root/cartographer_ws_docker/install/cartographer_rviz/share/cartographer_rviz/local_setup.sh
[36.267s] -- Symlinking: /root/cartographer_ws_docker/install/cartographer_rviz/share/cartographer_rviz/local_setup.zsh
[36.278s] -- Symlinking: /root/cartographer_ws_docker/install/cartographer_rviz/share/cartographer_rviz/local_setup.dsv
[36.289s] -- Symlinking: /root/cartographer_ws_docker/install/cartographer_rviz/share/cartographer_rviz/package.dsv
[36.299s] -- Symlinking: /root/cartographer_ws_docker/install/cartographer_rviz/share/ament_index/resource_index/packages/cartographer_rviz
[36.310s] -- Symlinking: /root/cartographer_ws_docker/install/cartographer_rviz/share/ament_index/resource_index/rviz_common__pluginlib__plugin/cartographer_rviz
[36.321s] -- Symlinking: /root/cartographer_ws_docker/install/cartographer_rviz/share/ament_index/resource_index/rviz_ogre_media_exports/cartographer_rviz
[36.332s] -- Symlinking: /root/cartographer_ws_docker/install/cartographer_rviz/share/cartographer_rviz/cmake/ament_cmake_export_include_directories-extras.cmake
[36.342s] -- Symlinking: /root/cartographer_ws_docker/install/cartographer_rviz/share/cartographer_rviz/cmake/ament_cmake_export_targets-extras.cmake
[36.353s] -- Symlinking: /root/cartographer_ws_docker/install/cartographer_rviz/share/cartographer_rviz/cmake/ament_cmake_export_dependencies-extras.cmake
[36.364s] -- Symlinking: /root/cartographer_ws_docker/install/cartographer_rviz/share/cartographer_rviz/cmake/cartographer_rvizConfig.cmake
[36.374s] -- Symlinking: /root/cartographer_ws_docker/install/cartographer_rviz/share/cartographer_rviz/cmake/cartographer_rvizConfig-version.cmake
[36.385s] -- Symlinking: /root/cartographer_ws_docker/install/cartographer_rviz/share/cartographer_rviz/package.xml
[36.395s] -- Installing: /root/cartographer_ws_docker/install/cartographer_rviz/lib/libcartographer_rviz.so
[36.403s] -- Set runtime path of "/root/cartographer_ws_docker/install/cartographer_rviz/lib/libcartographer_rviz.so" to ""
[36.403s] -- Installing: /root/cartographer_ws_docker/install/cartographer_rviz/share/cartographer_rviz/ogre_media/materials/glsl120
[36.403s] -- Installing: /root/cartographer_ws_docker/install/cartographer_rviz/share/cartographer_rviz/ogre_media/materials/glsl120/glsl120.program
[36.404s] -- Installing: /root/cartographer_ws_docker/install/cartographer_rviz/share/cartographer_rviz/ogre_media/materials/glsl120/submap.vert
[36.404s] -- Installing: /root/cartographer_ws_docker/install/cartographer_rviz/share/cartographer_rviz/ogre_media/materials/glsl120/submap.frag
[36.404s] -- Installing: /root/cartographer_ws_docker/install/cartographer_rviz/share/cartographer_rviz/ogre_media/materials/scripts
[36.404s] -- Installing: /root/cartographer_ws_docker/install/cartographer_rviz/share/cartographer_rviz/ogre_media/materials/scripts/submap.material
[36.404s] -- Installing: /root/cartographer_ws_docker/install/cartographer_rviz/share/cartographer_rviz/cmake/cartographer_rvizExport.cmake
[36.404s] -- Installing: /root/cartographer_ws_docker/install/cartographer_rviz/share/cartographer_rviz/cmake/cartographer_rvizExport-release.cmake
[36.407s] Invoked command in '/root/cartographer_ws_docker/build/cartographer_rviz' returned '0': AMENT_PREFIX_PATH=/root/cartographer_ws_docker/install/cartographer_ros:/root/cartographer_ws_docker/install/cartographer_ros_msgs:${AMENT_PREFIX_PATH} CMAKE_PREFIX_PATH=/root/cartographer_ws_docker/install/cartographer_ros:/root/cartographer_ws_docker/install/cartographer_ros_msgs:/root/cartographer_ws_docker/install/cartographer:/opt/ros/humble LD_LIBRARY_PATH=/root/cartographer_ws_docker/install/cartographer_ros/lib:/root/cartographer_ws_docker/install/cartographer_ros_msgs/lib:${LD_LIBRARY_PATH} PATH=/root/cartographer_ws_docker/install/cartographer/bin:${PATH} PKG_CONFIG_PATH=/root/cartographer_ws_docker/install/cartographer/lib/x86_64-linux-gnu/pkgconfig:/root/cartographer_ws_docker/install/cartographer/lib/pkgconfig PYTHONPATH=/root/cartographer_ws_docker/install/cartographer_ros_msgs/local/lib/python3.10/dist-packages:${PYTHONPATH} /usr/bin/cmake --install /root/cartographer_ws_docker/build/cartographer_rviz
