[0.056s] Invoking command in '/home/user/cartographer_ws_docker/build/cartographer_ros_msgs': CMAKE_PREFIX_PATH=${CMAKE_PREFIX_PATH}:/home/user/tracing_ws/install/ros2bag:/home/user/tracing_ws/install/tracetools_test:/home/user/tracing_ws/install/tracetools_launch:/home/user/tracing_ws/install/tf2_tools:/home/user/tracing_ws/install/tf2_ros_py:/home/user/tracing_ws/install/sros2:/home/user/tracing_ws/install/rqt_plot:/home/user/tracing_ws/install/rqt_msg:/home/user/tracing_ws/install/rqt_console:/home/user/tracing_ws/install/rqt_gui_py:/home/user/tracing_ws/install/rqt_gui:/home/user/tracing_ws/install/ros2trace:/home/user/tracing_ws/install/ros2topic:/home/user/tracing_ws/install/ros2test:/home/user/tracing_ws/install/ros2param:/home/user/tracing_ws/install/ros2service:/home/user/tracing_ws/install/ros2run:/home/user/tracing_ws/install/ros2pkg:/home/user/tracing_ws/install/ros2node:/home/user/tracing_ws/install/ros2multicast:/home/user/tracing_ws/install/ros2interface:/home/user/tracing_ws/install/ros2doctor:/home/user/tracing_ws/install/ros2action:/home/user/tracing_ws/install/ros2cli:/home/user/tracing_ws/install/launch_testing_ros:/home/user/tracing_ws/install/launch_ros:/home/user/tracing_ws/install/demo_nodes_py:/home/user/tracing_ws/install/ament_uncrustify:/home/user/tracing_ws/install/tracetools_trace:/home/user/tracing_ws/install/tracetools_analysis:/home/user/tracing_ws/install/tracetools_read:/home/user/tracing_ws/install/sensor_msgs_py:/home/user/tracing_ws/install/rpyutils:/home/user/tracing_ws/install/rosidl_runtime_py:/home/user/tracing_ws/install/rosidl_cli:/home/user/tracing_ws/install/launch_testing:/home/user/tracing_ws/install/launch_yaml:/home/user/tracing_ws/install/launch_xml:/home/user/tracing_ws/install/launch:/home/user/tracing_ws/install/osrf_pycommon:/home/user/tracing_ws/install/hello:/home/user/tracing_ws/install/domain_coordinator:/home/user/tracing_ws/install/ament_xmllint:/home/user/tracing_ws/install/ament_pyflakes:/home/user/tracing_ws/install/ament_pycodestyle:/home/user/tracing_ws/install/ament_pep257:/home/user/tracing_ws/install/ament_pclint:/home/user/tracing_ws/install/ament_package:/home/user/tracing_ws/install/ament_mypy:/home/user/tracing_ws/install/ament_lint_cmake:/home/user/tracing_ws/install/ament_flake8:/home/user/tracing_ws/install/ament_copyright:/home/user/tracing_ws/install/ament_lint:/home/user/tracing_ws/install/ament_index_python:/home/user/tracing_ws/install/ament_cpplint:/home/user/tracing_ws/install/ament_cppcheck:/home/user/tracing_ws/install/ament_clang_tidy:/home/user/tracing_ws/install/ament_clang_format:/opt/ros/humble /usr/bin/cmake --build /home/user/cartographer_ws_docker/build/cartographer_ros_msgs -- -j6 -l6
[0.324s] [  0%] Built target cartographer_ros_msgs__cpp
[0.326s] [ 12%] Built target cartographer_ros_msgs__rosidl_generator_c
[0.343s] [ 12%] Built target ament_cmake_python_symlink_cartographer_ros_msgs
[0.514s] [ 36%] Built target cartographer_ros_msgs__rosidl_typesupport_cpp
[0.515s] [ 36%] Built target cartographer_ros_msgs__rosidl_typesupport_introspection_c
[0.549s] [ 48%] Built target cartographer_ros_msgs__rosidl_typesupport_c
[0.551s] [ 61%] Built target cartographer_ros_msgs__rosidl_typesupport_introspection_cpp
[0.559s] [ 73%] Built target cartographer_ros_msgs__rosidl_typesupport_fastrtps_cpp
[0.565s] [ 85%] Built target cartographer_ros_msgs__rosidl_typesupport_fastrtps_c
[0.690s] [ 85%] Built target cartographer_ros_msgs
[0.838s] [ 86%] Built target cartographer_ros_msgs__py
[1.021s] [ 97%] Built target cartographer_ros_msgs__rosidl_generator_py
[1.206s] [ 98%] Built target cartographer_ros_msgs__rosidl_typesupport_introspection_c__pyext
[1.211s] running egg_info
[1.212s] writing cartographer_ros_msgs.egg-info/PKG-INFO
[1.213s] writing dependency_links to cartographer_ros_msgs.egg-info/dependency_links.txt
[1.213s] writing top-level names to cartographer_ros_msgs.egg-info/top_level.txt
[1.216s] reading manifest file 'cartographer_ros_msgs.egg-info/SOURCES.txt'
[1.218s] writing manifest file 'cartographer_ros_msgs.egg-info/SOURCES.txt'
[1.224s] [ 99%] Built target cartographer_ros_msgs__rosidl_typesupport_fastrtps_c__pyext
[1.233s] [100%] Built target cartographer_ros_msgs__rosidl_typesupport_c__pyext
[1.295s] [100%] Built target ament_cmake_python_build_cartographer_ros_msgs_egg
[1.385s] Invoked command in '/home/user/cartographer_ws_docker/build/cartographer_ros_msgs' returned '0': CMAKE_PREFIX_PATH=${CMAKE_PREFIX_PATH}:/home/user/tracing_ws/install/ros2bag:/home/user/tracing_ws/install/tracetools_test:/home/user/tracing_ws/install/tracetools_launch:/home/user/tracing_ws/install/tf2_tools:/home/user/tracing_ws/install/tf2_ros_py:/home/user/tracing_ws/install/sros2:/home/user/tracing_ws/install/rqt_plot:/home/user/tracing_ws/install/rqt_msg:/home/user/tracing_ws/install/rqt_console:/home/user/tracing_ws/install/rqt_gui_py:/home/user/tracing_ws/install/rqt_gui:/home/user/tracing_ws/install/ros2trace:/home/user/tracing_ws/install/ros2topic:/home/user/tracing_ws/install/ros2test:/home/user/tracing_ws/install/ros2param:/home/user/tracing_ws/install/ros2service:/home/user/tracing_ws/install/ros2run:/home/user/tracing_ws/install/ros2pkg:/home/user/tracing_ws/install/ros2node:/home/user/tracing_ws/install/ros2multicast:/home/user/tracing_ws/install/ros2interface:/home/user/tracing_ws/install/ros2doctor:/home/user/tracing_ws/install/ros2action:/home/user/tracing_ws/install/ros2cli:/home/user/tracing_ws/install/launch_testing_ros:/home/user/tracing_ws/install/launch_ros:/home/user/tracing_ws/install/demo_nodes_py:/home/user/tracing_ws/install/ament_uncrustify:/home/user/tracing_ws/install/tracetools_trace:/home/user/tracing_ws/install/tracetools_analysis:/home/user/tracing_ws/install/tracetools_read:/home/user/tracing_ws/install/sensor_msgs_py:/home/user/tracing_ws/install/rpyutils:/home/user/tracing_ws/install/rosidl_runtime_py:/home/user/tracing_ws/install/rosidl_cli:/home/user/tracing_ws/install/launch_testing:/home/user/tracing_ws/install/launch_yaml:/home/user/tracing_ws/install/launch_xml:/home/user/tracing_ws/install/launch:/home/user/tracing_ws/install/osrf_pycommon:/home/user/tracing_ws/install/hello:/home/user/tracing_ws/install/domain_coordinator:/home/user/tracing_ws/install/ament_xmllint:/home/user/tracing_ws/install/ament_pyflakes:/home/user/tracing_ws/install/ament_pycodestyle:/home/user/tracing_ws/install/ament_pep257:/home/user/tracing_ws/install/ament_pclint:/home/user/tracing_ws/install/ament_package:/home/user/tracing_ws/install/ament_mypy:/home/user/tracing_ws/install/ament_lint_cmake:/home/user/tracing_ws/install/ament_flake8:/home/user/tracing_ws/install/ament_copyright:/home/user/tracing_ws/install/ament_lint:/home/user/tracing_ws/install/ament_index_python:/home/user/tracing_ws/install/ament_cpplint:/home/user/tracing_ws/install/ament_cppcheck:/home/user/tracing_ws/install/ament_clang_tidy:/home/user/tracing_ws/install/ament_clang_format:/opt/ros/humble /usr/bin/cmake --build /home/user/cartographer_ws_docker/build/cartographer_ros_msgs -- -j6 -l6
[5.677s] Invoking command in '/home/user/cartographer_ws_docker/build/cartographer_ros_msgs': CMAKE_PREFIX_PATH=${CMAKE_PREFIX_PATH}:/home/user/tracing_ws/install/ros2bag:/home/user/tracing_ws/install/tracetools_test:/home/user/tracing_ws/install/tracetools_launch:/home/user/tracing_ws/install/tf2_tools:/home/user/tracing_ws/install/tf2_ros_py:/home/user/tracing_ws/install/sros2:/home/user/tracing_ws/install/rqt_plot:/home/user/tracing_ws/install/rqt_msg:/home/user/tracing_ws/install/rqt_console:/home/user/tracing_ws/install/rqt_gui_py:/home/user/tracing_ws/install/rqt_gui:/home/user/tracing_ws/install/ros2trace:/home/user/tracing_ws/install/ros2topic:/home/user/tracing_ws/install/ros2test:/home/user/tracing_ws/install/ros2param:/home/user/tracing_ws/install/ros2service:/home/user/tracing_ws/install/ros2run:/home/user/tracing_ws/install/ros2pkg:/home/user/tracing_ws/install/ros2node:/home/user/tracing_ws/install/ros2multicast:/home/user/tracing_ws/install/ros2interface:/home/user/tracing_ws/install/ros2doctor:/home/user/tracing_ws/install/ros2action:/home/user/tracing_ws/install/ros2cli:/home/user/tracing_ws/install/launch_testing_ros:/home/user/tracing_ws/install/launch_ros:/home/user/tracing_ws/install/demo_nodes_py:/home/user/tracing_ws/install/ament_uncrustify:/home/user/tracing_ws/install/tracetools_trace:/home/user/tracing_ws/install/tracetools_analysis:/home/user/tracing_ws/install/tracetools_read:/home/user/tracing_ws/install/sensor_msgs_py:/home/user/tracing_ws/install/rpyutils:/home/user/tracing_ws/install/rosidl_runtime_py:/home/user/tracing_ws/install/rosidl_cli:/home/user/tracing_ws/install/launch_testing:/home/user/tracing_ws/install/launch_yaml:/home/user/tracing_ws/install/launch_xml:/home/user/tracing_ws/install/launch:/home/user/tracing_ws/install/osrf_pycommon:/home/user/tracing_ws/install/hello:/home/user/tracing_ws/install/domain_coordinator:/home/user/tracing_ws/install/ament_xmllint:/home/user/tracing_ws/install/ament_pyflakes:/home/user/tracing_ws/install/ament_pycodestyle:/home/user/tracing_ws/install/ament_pep257:/home/user/tracing_ws/install/ament_pclint:/home/user/tracing_ws/install/ament_package:/home/user/tracing_ws/install/ament_mypy:/home/user/tracing_ws/install/ament_lint_cmake:/home/user/tracing_ws/install/ament_flake8:/home/user/tracing_ws/install/ament_copyright:/home/user/tracing_ws/install/ament_lint:/home/user/tracing_ws/install/ament_index_python:/home/user/tracing_ws/install/ament_cpplint:/home/user/tracing_ws/install/ament_cppcheck:/home/user/tracing_ws/install/ament_clang_tidy:/home/user/tracing_ws/install/ament_clang_format:/opt/ros/humble /usr/bin/cmake --install /home/user/cartographer_ws_docker/build/cartographer_ros_msgs
[5.706s] -- Install configuration: ""
[5.706s] -- Execute custom install script
[5.708s] -- Up-to-date symlink: /home/user/cartographer_ws_docker/install/cartographer_ros_msgs/share/ament_index/resource_index/rosidl_interfaces/cartographer_ros_msgs
[5.708s] -- Up-to-date symlink: /home/user/cartographer_ws_docker/install/cartographer_ros_msgs/include/cartographer_ros_msgs/cartographer_ros_msgs/msg/bagfile_progress.h
[5.708s] -- Up-to-date symlink: /home/user/cartographer_ws_docker/install/cartographer_ros_msgs/include/cartographer_ros_msgs/cartographer_ros_msgs/msg/detail/bagfile_progress__functions.h
[5.708s] -- Up-to-date symlink: /home/user/cartographer_ws_docker/install/cartographer_ros_msgs/include/cartographer_ros_msgs/cartographer_ros_msgs/msg/detail/bagfile_progress__struct.h
[5.708s] -- Up-to-date symlink: /home/user/cartographer_ws_docker/install/cartographer_ros_msgs/include/cartographer_ros_msgs/cartographer_ros_msgs/msg/detail/bagfile_progress__type_support.h
[5.709s] -- Up-to-date symlink: /home/user/cartographer_ws_docker/install/cartographer_ros_msgs/include/cartographer_ros_msgs/cartographer_ros_msgs/msg/detail/histogram_bucket__functions.h
[5.709s] -- Up-to-date symlink: /home/user/cartographer_ws_docker/install/cartographer_ros_msgs/include/cartographer_ros_msgs/cartographer_ros_msgs/msg/detail/histogram_bucket__struct.h
[5.709s] -- Up-to-date symlink: /home/user/cartographer_ws_docker/install/cartographer_ros_msgs/include/cartographer_ros_msgs/cartographer_ros_msgs/msg/detail/histogram_bucket__type_support.h
[5.709s] -- Up-to-date symlink: /home/user/cartographer_ws_docker/install/cartographer_ros_msgs/include/cartographer_ros_msgs/cartographer_ros_msgs/msg/detail/landmark_entry__functions.h
[5.709s] -- Up-to-date symlink: /home/user/cartographer_ws_docker/install/cartographer_ros_msgs/include/cartographer_ros_msgs/cartographer_ros_msgs/msg/detail/landmark_entry__struct.h
[5.709s] -- Up-to-date symlink: /home/user/cartographer_ws_docker/install/cartographer_ros_msgs/include/cartographer_ros_msgs/cartographer_ros_msgs/msg/detail/landmark_entry__type_support.h
[5.709s] -- Up-to-date symlink: /home/user/cartographer_ws_docker/install/cartographer_ros_msgs/include/cartographer_ros_msgs/cartographer_ros_msgs/msg/detail/landmark_list__functions.h
[5.709s] -- Up-to-date symlink: /home/user/cartographer_ws_docker/install/cartographer_ros_msgs/include/cartographer_ros_msgs/cartographer_ros_msgs/msg/detail/landmark_list__struct.h
[5.710s] -- Up-to-date symlink: /home/user/cartographer_ws_docker/install/cartographer_ros_msgs/include/cartographer_ros_msgs/cartographer_ros_msgs/msg/detail/landmark_list__type_support.h
[5.710s] -- Up-to-date symlink: /home/user/cartographer_ws_docker/install/cartographer_ros_msgs/include/cartographer_ros_msgs/cartographer_ros_msgs/msg/detail/metric__functions.h
[5.710s] -- Up-to-date symlink: /home/user/cartographer_ws_docker/install/cartographer_ros_msgs/include/cartographer_ros_msgs/cartographer_ros_msgs/msg/detail/metric__struct.h
[5.710s] -- Up-to-date symlink: /home/user/cartographer_ws_docker/install/cartographer_ros_msgs/include/cartographer_ros_msgs/cartographer_ros_msgs/msg/detail/metric__type_support.h
[5.710s] -- Up-to-date symlink: /home/user/cartographer_ws_docker/install/cartographer_ros_msgs/include/cartographer_ros_msgs/cartographer_ros_msgs/msg/detail/metric_family__functions.h
[5.710s] -- Up-to-date symlink: /home/user/cartographer_ws_docker/install/cartographer_ros_msgs/include/cartographer_ros_msgs/cartographer_ros_msgs/msg/detail/metric_family__struct.h
[5.710s] -- Up-to-date symlink: /home/user/cartographer_ws_docker/install/cartographer_ros_msgs/include/cartographer_ros_msgs/cartographer_ros_msgs/msg/detail/metric_family__type_support.h
[5.711s] -- Up-to-date symlink: /home/user/cartographer_ws_docker/install/cartographer_ros_msgs/include/cartographer_ros_msgs/cartographer_ros_msgs/msg/detail/metric_label__functions.h
[5.711s] -- Up-to-date symlink: /home/user/cartographer_ws_docker/install/cartographer_ros_msgs/include/cartographer_ros_msgs/cartographer_ros_msgs/msg/detail/metric_label__struct.h
[5.711s] -- Up-to-date symlink: /home/user/cartographer_ws_docker/install/cartographer_ros_msgs/include/cartographer_ros_msgs/cartographer_ros_msgs/msg/detail/metric_label__type_support.h
[5.711s] -- Up-to-date symlink: /home/user/cartographer_ws_docker/install/cartographer_ros_msgs/include/cartographer_ros_msgs/cartographer_ros_msgs/msg/detail/status_code__functions.h
[5.711s] -- Up-to-date symlink: /home/user/cartographer_ws_docker/install/cartographer_ros_msgs/include/cartographer_ros_msgs/cartographer_ros_msgs/msg/detail/status_code__struct.h
[5.711s] -- Up-to-date symlink: /home/user/cartographer_ws_docker/install/cartographer_ros_msgs/include/cartographer_ros_msgs/cartographer_ros_msgs/msg/detail/status_code__type_support.h
[5.712s] -- Up-to-date symlink: /home/user/cartographer_ws_docker/install/cartographer_ros_msgs/include/cartographer_ros_msgs/cartographer_ros_msgs/msg/detail/status_response__functions.h
[5.712s] -- Up-to-date symlink: /home/user/cartographer_ws_docker/install/cartographer_ros_msgs/include/cartographer_ros_msgs/cartographer_ros_msgs/msg/detail/status_response__struct.h
[5.712s] -- Up-to-date symlink: /home/user/cartographer_ws_docker/install/cartographer_ros_msgs/include/cartographer_ros_msgs/cartographer_ros_msgs/msg/detail/status_response__type_support.h
[5.713s] -- Up-to-date symlink: /home/user/cartographer_ws_docker/install/cartographer_ros_msgs/include/cartographer_ros_msgs/cartographer_ros_msgs/msg/detail/submap_entry__functions.h
[5.713s] -- Up-to-date symlink: /home/user/cartographer_ws_docker/install/cartographer_ros_msgs/include/cartographer_ros_msgs/cartographer_ros_msgs/msg/detail/submap_entry__struct.h
[5.713s] -- Up-to-date symlink: /home/user/cartographer_ws_docker/install/cartographer_ros_msgs/include/cartographer_ros_msgs/cartographer_ros_msgs/msg/detail/submap_entry__type_support.h
[5.713s] -- Up-to-date symlink: /home/user/cartographer_ws_docker/install/cartographer_ros_msgs/include/cartographer_ros_msgs/cartographer_ros_msgs/msg/detail/submap_list__functions.h
[5.713s] -- Up-to-date symlink: /home/user/cartographer_ws_docker/install/cartographer_ros_msgs/include/cartographer_ros_msgs/cartographer_ros_msgs/msg/detail/submap_list__struct.h
[5.713s] -- Up-to-date symlink: /home/user/cartographer_ws_docker/install/cartographer_ros_msgs/include/cartographer_ros_msgs/cartographer_ros_msgs/msg/detail/submap_list__type_support.h
[5.713s] -- Up-to-date symlink: /home/user/cartographer_ws_docker/install/cartographer_ros_msgs/include/cartographer_ros_msgs/cartographer_ros_msgs/msg/detail/submap_texture__functions.h
[5.714s] -- Up-to-date symlink: /home/user/cartographer_ws_docker/install/cartographer_ros_msgs/include/cartographer_ros_msgs/cartographer_ros_msgs/msg/detail/submap_texture__struct.h
[5.714s] -- Up-to-date symlink: /home/user/cartographer_ws_docker/install/cartographer_ros_msgs/include/cartographer_ros_msgs/cartographer_ros_msgs/msg/detail/submap_texture__type_support.h
[5.714s] -- Up-to-date symlink: /home/user/cartographer_ws_docker/install/cartographer_ros_msgs/include/cartographer_ros_msgs/cartographer_ros_msgs/msg/detail/trajectory_states__functions.h
[5.714s] -- Up-to-date symlink: /home/user/cartographer_ws_docker/install/cartographer_ros_msgs/include/cartographer_ros_msgs/cartographer_ros_msgs/msg/detail/trajectory_states__struct.h
[5.714s] -- Up-to-date symlink: /home/user/cartographer_ws_docker/install/cartographer_ros_msgs/include/cartographer_ros_msgs/cartographer_ros_msgs/msg/detail/trajectory_states__type_support.h
[5.714s] -- Up-to-date symlink: /home/user/cartographer_ws_docker/install/cartographer_ros_msgs/include/cartographer_ros_msgs/cartographer_ros_msgs/msg/histogram_bucket.h
[5.715s] -- Up-to-date symlink: /home/user/cartographer_ws_docker/install/cartographer_ros_msgs/include/cartographer_ros_msgs/cartographer_ros_msgs/msg/landmark_entry.h
[5.715s] -- Up-to-date symlink: /home/user/cartographer_ws_docker/install/cartographer_ros_msgs/include/cartographer_ros_msgs/cartographer_ros_msgs/msg/landmark_list.h
[5.715s] -- Up-to-date symlink: /home/user/cartographer_ws_docker/install/cartographer_ros_msgs/include/cartographer_ros_msgs/cartographer_ros_msgs/msg/metric.h
[5.715s] -- Up-to-date symlink: /home/user/cartographer_ws_docker/install/cartographer_ros_msgs/include/cartographer_ros_msgs/cartographer_ros_msgs/msg/metric_family.h
[5.715s] -- Up-to-date symlink: /home/user/cartographer_ws_docker/install/cartographer_ros_msgs/include/cartographer_ros_msgs/cartographer_ros_msgs/msg/metric_label.h
[5.717s] -- Up-to-date symlink: /home/user/cartographer_ws_docker/install/cartographer_ros_msgs/include/cartographer_ros_msgs/cartographer_ros_msgs/msg/rosidl_generator_c__visibility_control.h
[5.717s] -- Up-to-date symlink: /home/user/cartographer_ws_docker/install/cartographer_ros_msgs/include/cartographer_ros_msgs/cartographer_ros_msgs/msg/status_code.h
[5.717s] -- Up-to-date symlink: /home/user/cartographer_ws_docker/install/cartographer_ros_msgs/include/cartographer_ros_msgs/cartographer_ros_msgs/msg/status_response.h
[5.717s] -- Up-to-date symlink: /home/user/cartographer_ws_docker/install/cartographer_ros_msgs/include/cartographer_ros_msgs/cartographer_ros_msgs/msg/submap_entry.h
[5.717s] -- Up-to-date symlink: /home/user/cartographer_ws_docker/install/cartographer_ros_msgs/include/cartographer_ros_msgs/cartographer_ros_msgs/msg/submap_list.h
[5.717s] -- Up-to-date symlink: /home/user/cartographer_ws_docker/install/cartographer_ros_msgs/include/cartographer_ros_msgs/cartographer_ros_msgs/msg/submap_texture.h
[5.717s] -- Up-to-date symlink: /home/user/cartographer_ws_docker/install/cartographer_ros_msgs/include/cartographer_ros_msgs/cartographer_ros_msgs/msg/trajectory_states.h
[5.717s] -- Up-to-date symlink: /home/user/cartographer_ws_docker/install/cartographer_ros_msgs/include/cartographer_ros_msgs/cartographer_ros_msgs/srv/detail/finish_trajectory__functions.h
[5.718s] -- Up-to-date symlink: /home/user/cartographer_ws_docker/install/cartographer_ros_msgs/include/cartographer_ros_msgs/cartographer_ros_msgs/srv/detail/finish_trajectory__struct.h
[5.718s] -- Up-to-date symlink: /home/user/cartographer_ws_docker/install/cartographer_ros_msgs/include/cartographer_ros_msgs/cartographer_ros_msgs/srv/detail/finish_trajectory__type_support.h
[5.718s] -- Up-to-date symlink: /home/user/cartographer_ws_docker/install/cartographer_ros_msgs/include/cartographer_ros_msgs/cartographer_ros_msgs/srv/detail/get_trajectory_states__functions.h
[5.718s] -- Up-to-date symlink: /home/user/cartographer_ws_docker/install/cartographer_ros_msgs/include/cartographer_ros_msgs/cartographer_ros_msgs/srv/detail/get_trajectory_states__struct.h
[5.718s] -- Up-to-date symlink: /home/user/cartographer_ws_docker/install/cartographer_ros_msgs/include/cartographer_ros_msgs/cartographer_ros_msgs/srv/detail/get_trajectory_states__type_support.h
[5.718s] -- Up-to-date symlink: /home/user/cartographer_ws_docker/install/cartographer_ros_msgs/include/cartographer_ros_msgs/cartographer_ros_msgs/srv/detail/read_metrics__functions.h
[5.718s] -- Up-to-date symlink: /home/user/cartographer_ws_docker/install/cartographer_ros_msgs/include/cartographer_ros_msgs/cartographer_ros_msgs/srv/detail/read_metrics__struct.h
[5.728s] -- Up-to-date symlink: /home/user/cartographer_ws_docker/install/cartographer_ros_msgs/include/cartographer_ros_msgs/cartographer_ros_msgs/srv/detail/read_metrics__type_support.h
[5.728s] -- Up-to-date symlink: /home/user/cartographer_ws_docker/install/cartographer_ros_msgs/include/cartographer_ros_msgs/cartographer_ros_msgs/srv/detail/start_trajectory__functions.h
[5.728s] -- Up-to-date symlink: /home/user/cartographer_ws_docker/install/cartographer_ros_msgs/include/cartographer_ros_msgs/cartographer_ros_msgs/srv/detail/start_trajectory__struct.h
[5.728s] -- Up-to-date symlink: /home/user/cartographer_ws_docker/install/cartographer_ros_msgs/include/cartographer_ros_msgs/cartographer_ros_msgs/srv/detail/start_trajectory__type_support.h
[5.728s] -- Up-to-date symlink: /home/user/cartographer_ws_docker/install/cartographer_ros_msgs/include/cartographer_ros_msgs/cartographer_ros_msgs/srv/detail/submap_query__functions.h
[5.729s] -- Up-to-date symlink: /home/user/cartographer_ws_docker/install/cartographer_ros_msgs/include/cartographer_ros_msgs/cartographer_ros_msgs/srv/detail/submap_query__struct.h
[5.729s] -- Up-to-date symlink: /home/user/cartographer_ws_docker/install/cartographer_ros_msgs/include/cartographer_ros_msgs/cartographer_ros_msgs/srv/detail/submap_query__type_support.h
[5.729s] -- Up-to-date symlink: /home/user/cartographer_ws_docker/install/cartographer_ros_msgs/include/cartographer_ros_msgs/cartographer_ros_msgs/srv/detail/trajectory_query__functions.h
[5.729s] -- Up-to-date symlink: /home/user/cartographer_ws_docker/install/cartographer_ros_msgs/include/cartographer_ros_msgs/cartographer_ros_msgs/srv/detail/trajectory_query__struct.h
[5.729s] -- Up-to-date symlink: /home/user/cartographer_ws_docker/install/cartographer_ros_msgs/include/cartographer_ros_msgs/cartographer_ros_msgs/srv/detail/trajectory_query__type_support.h
[5.729s] -- Up-to-date symlink: /home/user/cartographer_ws_docker/install/cartographer_ros_msgs/include/cartographer_ros_msgs/cartographer_ros_msgs/srv/detail/write_state__functions.h
[5.729s] -- Up-to-date symlink: /home/user/cartographer_ws_docker/install/cartographer_ros_msgs/include/cartographer_ros_msgs/cartographer_ros_msgs/srv/detail/write_state__struct.h
[5.729s] -- Up-to-date symlink: /home/user/cartographer_ws_docker/install/cartographer_ros_msgs/include/cartographer_ros_msgs/cartographer_ros_msgs/srv/detail/write_state__type_support.h
[5.729s] -- Up-to-date symlink: /home/user/cartographer_ws_docker/install/cartographer_ros_msgs/include/cartographer_ros_msgs/cartographer_ros_msgs/srv/finish_trajectory.h
[5.729s] -- Up-to-date symlink: /home/user/cartographer_ws_docker/install/cartographer_ros_msgs/include/cartographer_ros_msgs/cartographer_ros_msgs/srv/get_trajectory_states.h
[5.729s] -- Up-to-date symlink: /home/user/cartographer_ws_docker/install/cartographer_ros_msgs/include/cartographer_ros_msgs/cartographer_ros_msgs/srv/read_metrics.h
[5.729s] -- Up-to-date symlink: /home/user/cartographer_ws_docker/install/cartographer_ros_msgs/include/cartographer_ros_msgs/cartographer_ros_msgs/srv/start_trajectory.h
[5.729s] -- Up-to-date symlink: /home/user/cartographer_ws_docker/install/cartographer_ros_msgs/include/cartographer_ros_msgs/cartographer_ros_msgs/srv/submap_query.h
[5.730s] -- Up-to-date symlink: /home/user/cartographer_ws_docker/install/cartographer_ros_msgs/include/cartographer_ros_msgs/cartographer_ros_msgs/srv/trajectory_query.h
[5.730s] -- Up-to-date symlink: /home/user/cartographer_ws_docker/install/cartographer_ros_msgs/include/cartographer_ros_msgs/cartographer_ros_msgs/srv/write_state.h
[5.730s] -- Up-to-date symlink: /home/user/cartographer_ws_docker/install/cartographer_ros_msgs/share/cartographer_ros_msgs/environment/library_path.sh
[5.730s] -- Up-to-date symlink: /home/user/cartographer_ws_docker/install/cartographer_ros_msgs/share/cartographer_ros_msgs/environment/library_path.dsv
[5.730s] -- Up-to-date symlink: /home/user/cartographer_ws_docker/install/cartographer_ros_msgs/include/cartographer_ros_msgs/cartographer_ros_msgs/msg/detail/bagfile_progress__rosidl_typesupport_introspection_c.h
[5.730s] -- Up-to-date symlink: /home/user/cartographer_ws_docker/install/cartographer_ros_msgs/include/cartographer_ros_msgs/cartographer_ros_msgs/msg/detail/histogram_bucket__rosidl_typesupport_introspection_c.h
[5.730s] -- Up-to-date symlink: /home/user/cartographer_ws_docker/install/cartographer_ros_msgs/include/cartographer_ros_msgs/cartographer_ros_msgs/msg/detail/landmark_entry__rosidl_typesupport_introspection_c.h
[5.731s] -- Up-to-date symlink: /home/user/cartographer_ws_docker/install/cartographer_ros_msgs/include/cartographer_ros_msgs/cartographer_ros_msgs/msg/detail/landmark_list__rosidl_typesupport_introspection_c.h
[5.731s] -- Up-to-date symlink: /home/user/cartographer_ws_docker/install/cartographer_ros_msgs/include/cartographer_ros_msgs/cartographer_ros_msgs/msg/detail/metric__rosidl_typesupport_introspection_c.h
[5.731s] -- Up-to-date symlink: /home/user/cartographer_ws_docker/install/cartographer_ros_msgs/include/cartographer_ros_msgs/cartographer_ros_msgs/msg/detail/metric_family__rosidl_typesupport_introspection_c.h
[5.731s] -- Up-to-date symlink: /home/user/cartographer_ws_docker/install/cartographer_ros_msgs/include/cartographer_ros_msgs/cartographer_ros_msgs/msg/detail/metric_label__rosidl_typesupport_introspection_c.h
[5.731s] -- Up-to-date symlink: /home/user/cartographer_ws_docker/install/cartographer_ros_msgs/include/cartographer_ros_msgs/cartographer_ros_msgs/msg/detail/status_code__rosidl_typesupport_introspection_c.h
[5.732s] -- Up-to-date symlink: /home/user/cartographer_ws_docker/install/cartographer_ros_msgs/include/cartographer_ros_msgs/cartographer_ros_msgs/msg/detail/status_response__rosidl_typesupport_introspection_c.h
[5.732s] -- Up-to-date symlink: /home/user/cartographer_ws_docker/install/cartographer_ros_msgs/include/cartographer_ros_msgs/cartographer_ros_msgs/msg/detail/submap_entry__rosidl_typesupport_introspection_c.h
[5.732s] -- Up-to-date symlink: /home/user/cartographer_ws_docker/install/cartographer_ros_msgs/include/cartographer_ros_msgs/cartographer_ros_msgs/msg/detail/submap_list__rosidl_typesupport_introspection_c.h
[5.732s] -- Up-to-date symlink: /home/user/cartographer_ws_docker/install/cartographer_ros_msgs/include/cartographer_ros_msgs/cartographer_ros_msgs/msg/detail/submap_texture__rosidl_typesupport_introspection_c.h
[5.732s] -- Up-to-date symlink: /home/user/cartographer_ws_docker/install/cartographer_ros_msgs/include/cartographer_ros_msgs/cartographer_ros_msgs/msg/detail/trajectory_states__rosidl_typesupport_introspection_c.h
[5.732s] -- Up-to-date symlink: /home/user/cartographer_ws_docker/install/cartographer_ros_msgs/include/cartographer_ros_msgs/cartographer_ros_msgs/msg/rosidl_typesupport_introspection_c__visibility_control.h
[5.732s] -- Up-to-date symlink: /home/user/cartographer_ws_docker/install/cartographer_ros_msgs/include/cartographer_ros_msgs/cartographer_ros_msgs/srv/detail/finish_trajectory__rosidl_typesupport_introspection_c.h
[5.732s] -- Up-to-date symlink: /home/user/cartographer_ws_docker/install/cartographer_ros_msgs/include/cartographer_ros_msgs/cartographer_ros_msgs/srv/detail/get_trajectory_states__rosidl_typesupport_introspection_c.h
[5.732s] -- Up-to-date symlink: /home/user/cartographer_ws_docker/install/cartographer_ros_msgs/include/cartographer_ros_msgs/cartographer_ros_msgs/srv/detail/read_metrics__rosidl_typesupport_introspection_c.h
[5.732s] -- Up-to-date symlink: /home/user/cartographer_ws_docker/install/cartographer_ros_msgs/include/cartographer_ros_msgs/cartographer_ros_msgs/srv/detail/start_trajectory__rosidl_typesupport_introspection_c.h
[5.732s] -- Up-to-date symlink: /home/user/cartographer_ws_docker/install/cartographer_ros_msgs/include/cartographer_ros_msgs/cartographer_ros_msgs/srv/detail/submap_query__rosidl_typesupport_introspection_c.h
[5.733s] -- Up-to-date symlink: /home/user/cartographer_ws_docker/install/cartographer_ros_msgs/include/cartographer_ros_msgs/cartographer_ros_msgs/srv/detail/trajectory_query__rosidl_typesupport_introspection_c.h
[5.733s] -- Up-to-date symlink: /home/user/cartographer_ws_docker/install/cartographer_ros_msgs/include/cartographer_ros_msgs/cartographer_ros_msgs/srv/detail/write_state__rosidl_typesupport_introspection_c.h
[5.733s] -- Up-to-date symlink: /home/user/cartographer_ws_docker/install/cartographer_ros_msgs/include/cartographer_ros_msgs/cartographer_ros_msgs/msg/detail/bagfile_progress__rosidl_typesupport_fastrtps_c.h
[5.733s] -- Up-to-date symlink: /home/user/cartographer_ws_docker/install/cartographer_ros_msgs/include/cartographer_ros_msgs/cartographer_ros_msgs/msg/detail/histogram_bucket__rosidl_typesupport_fastrtps_c.h
[5.733s] -- Up-to-date symlink: /home/user/cartographer_ws_docker/install/cartographer_ros_msgs/include/cartographer_ros_msgs/cartographer_ros_msgs/msg/detail/landmark_entry__rosidl_typesupport_fastrtps_c.h
[5.733s] -- Up-to-date symlink: /home/user/cartographer_ws_docker/install/cartographer_ros_msgs/include/cartographer_ros_msgs/cartographer_ros_msgs/msg/detail/landmark_list__rosidl_typesupport_fastrtps_c.h
[5.733s] -- Up-to-date symlink: /home/user/cartographer_ws_docker/install/cartographer_ros_msgs/include/cartographer_ros_msgs/cartographer_ros_msgs/msg/detail/metric__rosidl_typesupport_fastrtps_c.h
[5.733s] -- Up-to-date symlink: /home/user/cartographer_ws_docker/install/cartographer_ros_msgs/include/cartographer_ros_msgs/cartographer_ros_msgs/msg/detail/metric_family__rosidl_typesupport_fastrtps_c.h
[5.733s] -- Up-to-date symlink: /home/user/cartographer_ws_docker/install/cartographer_ros_msgs/include/cartographer_ros_msgs/cartographer_ros_msgs/msg/detail/metric_label__rosidl_typesupport_fastrtps_c.h
[5.733s] -- Up-to-date symlink: /home/user/cartographer_ws_docker/install/cartographer_ros_msgs/include/cartographer_ros_msgs/cartographer_ros_msgs/msg/detail/status_code__rosidl_typesupport_fastrtps_c.h
[5.733s] -- Up-to-date symlink: /home/user/cartographer_ws_docker/install/cartographer_ros_msgs/include/cartographer_ros_msgs/cartographer_ros_msgs/msg/detail/status_response__rosidl_typesupport_fastrtps_c.h
[5.733s] -- Up-to-date symlink: /home/user/cartographer_ws_docker/install/cartographer_ros_msgs/include/cartographer_ros_msgs/cartographer_ros_msgs/msg/detail/submap_entry__rosidl_typesupport_fastrtps_c.h
[5.733s] -- Up-to-date symlink: /home/user/cartographer_ws_docker/install/cartographer_ros_msgs/include/cartographer_ros_msgs/cartographer_ros_msgs/msg/detail/submap_list__rosidl_typesupport_fastrtps_c.h
[5.734s] -- Up-to-date symlink: /home/user/cartographer_ws_docker/install/cartographer_ros_msgs/include/cartographer_ros_msgs/cartographer_ros_msgs/msg/detail/submap_texture__rosidl_typesupport_fastrtps_c.h
[5.734s] -- Up-to-date symlink: /home/user/cartographer_ws_docker/install/cartographer_ros_msgs/include/cartographer_ros_msgs/cartographer_ros_msgs/msg/detail/trajectory_states__rosidl_typesupport_fastrtps_c.h
[5.734s] -- Up-to-date symlink: /home/user/cartographer_ws_docker/install/cartographer_ros_msgs/include/cartographer_ros_msgs/cartographer_ros_msgs/msg/rosidl_typesupport_fastrtps_c__visibility_control.h
[5.734s] -- Up-to-date symlink: /home/user/cartographer_ws_docker/install/cartographer_ros_msgs/include/cartographer_ros_msgs/cartographer_ros_msgs/srv/detail/finish_trajectory__rosidl_typesupport_fastrtps_c.h
[5.734s] -- Up-to-date symlink: /home/user/cartographer_ws_docker/install/cartographer_ros_msgs/include/cartographer_ros_msgs/cartographer_ros_msgs/srv/detail/get_trajectory_states__rosidl_typesupport_fastrtps_c.h
[5.734s] -- Up-to-date symlink: /home/user/cartographer_ws_docker/install/cartographer_ros_msgs/include/cartographer_ros_msgs/cartographer_ros_msgs/srv/detail/read_metrics__rosidl_typesupport_fastrtps_c.h
[5.734s] -- Up-to-date symlink: /home/user/cartographer_ws_docker/install/cartographer_ros_msgs/include/cartographer_ros_msgs/cartographer_ros_msgs/srv/detail/start_trajectory__rosidl_typesupport_fastrtps_c.h
[5.734s] -- Up-to-date symlink: /home/user/cartographer_ws_docker/install/cartographer_ros_msgs/include/cartographer_ros_msgs/cartographer_ros_msgs/srv/detail/submap_query__rosidl_typesupport_fastrtps_c.h
[5.734s] -- Up-to-date symlink: /home/user/cartographer_ws_docker/install/cartographer_ros_msgs/include/cartographer_ros_msgs/cartographer_ros_msgs/srv/detail/trajectory_query__rosidl_typesupport_fastrtps_c.h
[5.734s] -- Up-to-date symlink: /home/user/cartographer_ws_docker/install/cartographer_ros_msgs/include/cartographer_ros_msgs/cartographer_ros_msgs/srv/detail/write_state__rosidl_typesupport_fastrtps_c.h
[5.734s] -- Up-to-date symlink: /home/user/cartographer_ws_docker/install/cartographer_ros_msgs/include/cartographer_ros_msgs/cartographer_ros_msgs/msg/bagfile_progress.hpp
[5.734s] -- Up-to-date symlink: /home/user/cartographer_ws_docker/install/cartographer_ros_msgs/include/cartographer_ros_msgs/cartographer_ros_msgs/msg/detail/bagfile_progress__builder.hpp
[5.735s] -- Up-to-date symlink: /home/user/cartographer_ws_docker/install/cartographer_ros_msgs/include/cartographer_ros_msgs/cartographer_ros_msgs/msg/detail/bagfile_progress__struct.hpp
[5.735s] -- Up-to-date symlink: /home/user/cartographer_ws_docker/install/cartographer_ros_msgs/include/cartographer_ros_msgs/cartographer_ros_msgs/msg/detail/bagfile_progress__traits.hpp
[5.736s] -- Up-to-date symlink: /home/user/cartographer_ws_docker/install/cartographer_ros_msgs/include/cartographer_ros_msgs/cartographer_ros_msgs/msg/detail/histogram_bucket__builder.hpp
[5.736s] -- Up-to-date symlink: /home/user/cartographer_ws_docker/install/cartographer_ros_msgs/include/cartographer_ros_msgs/cartographer_ros_msgs/msg/detail/histogram_bucket__struct.hpp
[5.736s] -- Up-to-date symlink: /home/user/cartographer_ws_docker/install/cartographer_ros_msgs/include/cartographer_ros_msgs/cartographer_ros_msgs/msg/detail/histogram_bucket__traits.hpp
[5.736s] -- Up-to-date symlink: /home/user/cartographer_ws_docker/install/cartographer_ros_msgs/include/cartographer_ros_msgs/cartographer_ros_msgs/msg/detail/landmark_entry__builder.hpp
[5.736s] -- Up-to-date symlink: /home/user/cartographer_ws_docker/install/cartographer_ros_msgs/include/cartographer_ros_msgs/cartographer_ros_msgs/msg/detail/landmark_entry__struct.hpp
[5.736s] -- Up-to-date symlink: /home/user/cartographer_ws_docker/install/cartographer_ros_msgs/include/cartographer_ros_msgs/cartographer_ros_msgs/msg/detail/landmark_entry__traits.hpp
[5.736s] -- Up-to-date symlink: /home/user/cartographer_ws_docker/install/cartographer_ros_msgs/include/cartographer_ros_msgs/cartographer_ros_msgs/msg/detail/landmark_list__builder.hpp
[5.736s] -- Up-to-date symlink: /home/user/cartographer_ws_docker/install/cartographer_ros_msgs/include/cartographer_ros_msgs/cartographer_ros_msgs/msg/detail/landmark_list__struct.hpp
[5.736s] -- Up-to-date symlink: /home/user/cartographer_ws_docker/install/cartographer_ros_msgs/include/cartographer_ros_msgs/cartographer_ros_msgs/msg/detail/landmark_list__traits.hpp
[5.736s] -- Up-to-date symlink: /home/user/cartographer_ws_docker/install/cartographer_ros_msgs/include/cartographer_ros_msgs/cartographer_ros_msgs/msg/detail/metric__builder.hpp
[5.736s] -- Up-to-date symlink: /home/user/cartographer_ws_docker/install/cartographer_ros_msgs/include/cartographer_ros_msgs/cartographer_ros_msgs/msg/detail/metric__struct.hpp
[5.737s] -- Up-to-date symlink: /home/user/cartographer_ws_docker/install/cartographer_ros_msgs/include/cartographer_ros_msgs/cartographer_ros_msgs/msg/detail/metric__traits.hpp
[5.737s] -- Up-to-date symlink: /home/user/cartographer_ws_docker/install/cartographer_ros_msgs/include/cartographer_ros_msgs/cartographer_ros_msgs/msg/detail/metric_family__builder.hpp
[5.737s] -- Up-to-date symlink: /home/user/cartographer_ws_docker/install/cartographer_ros_msgs/include/cartographer_ros_msgs/cartographer_ros_msgs/msg/detail/metric_family__struct.hpp
[5.737s] -- Up-to-date symlink: /home/user/cartographer_ws_docker/install/cartographer_ros_msgs/include/cartographer_ros_msgs/cartographer_ros_msgs/msg/detail/metric_family__traits.hpp
[5.737s] -- Up-to-date symlink: /home/user/cartographer_ws_docker/install/cartographer_ros_msgs/include/cartographer_ros_msgs/cartographer_ros_msgs/msg/detail/metric_label__builder.hpp
[5.737s] -- Up-to-date symlink: /home/user/cartographer_ws_docker/install/cartographer_ros_msgs/include/cartographer_ros_msgs/cartographer_ros_msgs/msg/detail/metric_label__struct.hpp
[5.737s] -- Up-to-date symlink: /home/user/cartographer_ws_docker/install/cartographer_ros_msgs/include/cartographer_ros_msgs/cartographer_ros_msgs/msg/detail/metric_label__traits.hpp
[5.737s] -- Up-to-date symlink: /home/user/cartographer_ws_docker/install/cartographer_ros_msgs/include/cartographer_ros_msgs/cartographer_ros_msgs/msg/detail/status_code__builder.hpp
[5.737s] -- Up-to-date symlink: /home/user/cartographer_ws_docker/install/cartographer_ros_msgs/include/cartographer_ros_msgs/cartographer_ros_msgs/msg/detail/status_code__struct.hpp
[5.737s] -- Up-to-date symlink: /home/user/cartographer_ws_docker/install/cartographer_ros_msgs/include/cartographer_ros_msgs/cartographer_ros_msgs/msg/detail/status_code__traits.hpp
[5.737s] -- Up-to-date symlink: /home/user/cartographer_ws_docker/install/cartographer_ros_msgs/include/cartographer_ros_msgs/cartographer_ros_msgs/msg/detail/status_response__builder.hpp
[5.737s] -- Up-to-date symlink: /home/user/cartographer_ws_docker/install/cartographer_ros_msgs/include/cartographer_ros_msgs/cartographer_ros_msgs/msg/detail/status_response__struct.hpp
[5.737s] -- Up-to-date symlink: /home/user/cartographer_ws_docker/install/cartographer_ros_msgs/include/cartographer_ros_msgs/cartographer_ros_msgs/msg/detail/status_response__traits.hpp
[5.738s] -- Up-to-date symlink: /home/user/cartographer_ws_docker/install/cartographer_ros_msgs/include/cartographer_ros_msgs/cartographer_ros_msgs/msg/detail/submap_entry__builder.hpp
[5.738s] -- Up-to-date symlink: /home/user/cartographer_ws_docker/install/cartographer_ros_msgs/include/cartographer_ros_msgs/cartographer_ros_msgs/msg/detail/submap_entry__struct.hpp
[5.738s] -- Up-to-date symlink: /home/user/cartographer_ws_docker/install/cartographer_ros_msgs/include/cartographer_ros_msgs/cartographer_ros_msgs/msg/detail/submap_entry__traits.hpp
[5.738s] -- Up-to-date symlink: /home/user/cartographer_ws_docker/install/cartographer_ros_msgs/include/cartographer_ros_msgs/cartographer_ros_msgs/msg/detail/submap_list__builder.hpp
[5.738s] -- Up-to-date symlink: /home/user/cartographer_ws_docker/install/cartographer_ros_msgs/include/cartographer_ros_msgs/cartographer_ros_msgs/msg/detail/submap_list__struct.hpp
[5.738s] -- Up-to-date symlink: /home/user/cartographer_ws_docker/install/cartographer_ros_msgs/include/cartographer_ros_msgs/cartographer_ros_msgs/msg/detail/submap_list__traits.hpp
[5.738s] -- Up-to-date symlink: /home/user/cartographer_ws_docker/install/cartographer_ros_msgs/include/cartographer_ros_msgs/cartographer_ros_msgs/msg/detail/submap_texture__builder.hpp
[5.738s] -- Up-to-date symlink: /home/user/cartographer_ws_docker/install/cartographer_ros_msgs/include/cartographer_ros_msgs/cartographer_ros_msgs/msg/detail/submap_texture__struct.hpp
[5.738s] -- Up-to-date symlink: /home/user/cartographer_ws_docker/install/cartographer_ros_msgs/include/cartographer_ros_msgs/cartographer_ros_msgs/msg/detail/submap_texture__traits.hpp
[5.739s] -- Up-to-date symlink: /home/user/cartographer_ws_docker/install/cartographer_ros_msgs/include/cartographer_ros_msgs/cartographer_ros_msgs/msg/detail/trajectory_states__builder.hpp
[5.739s] -- Up-to-date symlink: /home/user/cartographer_ws_docker/install/cartographer_ros_msgs/include/cartographer_ros_msgs/cartographer_ros_msgs/msg/detail/trajectory_states__struct.hpp
[5.739s] -- Up-to-date symlink: /home/user/cartographer_ws_docker/install/cartographer_ros_msgs/include/cartographer_ros_msgs/cartographer_ros_msgs/msg/detail/trajectory_states__traits.hpp
[5.739s] -- Up-to-date symlink: /home/user/cartographer_ws_docker/install/cartographer_ros_msgs/include/cartographer_ros_msgs/cartographer_ros_msgs/msg/histogram_bucket.hpp
[5.739s] -- Up-to-date symlink: /home/user/cartographer_ws_docker/install/cartographer_ros_msgs/include/cartographer_ros_msgs/cartographer_ros_msgs/msg/landmark_entry.hpp
[5.739s] -- Up-to-date symlink: /home/user/cartographer_ws_docker/install/cartographer_ros_msgs/include/cartographer_ros_msgs/cartographer_ros_msgs/msg/landmark_list.hpp
[5.739s] -- Up-to-date symlink: /home/user/cartographer_ws_docker/install/cartographer_ros_msgs/include/cartographer_ros_msgs/cartographer_ros_msgs/msg/metric.hpp
[5.739s] -- Up-to-date symlink: /home/user/cartographer_ws_docker/install/cartographer_ros_msgs/include/cartographer_ros_msgs/cartographer_ros_msgs/msg/metric_family.hpp
[5.740s] -- Up-to-date symlink: /home/user/cartographer_ws_docker/install/cartographer_ros_msgs/include/cartographer_ros_msgs/cartographer_ros_msgs/msg/metric_label.hpp
[5.740s] -- Up-to-date symlink: /home/user/cartographer_ws_docker/install/cartographer_ros_msgs/include/cartographer_ros_msgs/cartographer_ros_msgs/msg/status_code.hpp
[5.740s] -- Up-to-date symlink: /home/user/cartographer_ws_docker/install/cartographer_ros_msgs/include/cartographer_ros_msgs/cartographer_ros_msgs/msg/status_response.hpp
[5.740s] -- Up-to-date symlink: /home/user/cartographer_ws_docker/install/cartographer_ros_msgs/include/cartographer_ros_msgs/cartographer_ros_msgs/msg/submap_entry.hpp
[5.740s] -- Up-to-date symlink: /home/user/cartographer_ws_docker/install/cartographer_ros_msgs/include/cartographer_ros_msgs/cartographer_ros_msgs/msg/submap_list.hpp
[5.740s] -- Up-to-date symlink: /home/user/cartographer_ws_docker/install/cartographer_ros_msgs/include/cartographer_ros_msgs/cartographer_ros_msgs/msg/submap_texture.hpp
[5.740s] -- Up-to-date symlink: /home/user/cartographer_ws_docker/install/cartographer_ros_msgs/include/cartographer_ros_msgs/cartographer_ros_msgs/msg/trajectory_states.hpp
[5.740s] -- Up-to-date symlink: /home/user/cartographer_ws_docker/install/cartographer_ros_msgs/include/cartographer_ros_msgs/cartographer_ros_msgs/srv/detail/finish_trajectory__builder.hpp
[5.740s] -- Up-to-date symlink: /home/user/cartographer_ws_docker/install/cartographer_ros_msgs/include/cartographer_ros_msgs/cartographer_ros_msgs/srv/detail/finish_trajectory__struct.hpp
[5.740s] -- Up-to-date symlink: /home/user/cartographer_ws_docker/install/cartographer_ros_msgs/include/cartographer_ros_msgs/cartographer_ros_msgs/srv/detail/finish_trajectory__traits.hpp
[5.740s] -- Up-to-date symlink: /home/user/cartographer_ws_docker/install/cartographer_ros_msgs/include/cartographer_ros_msgs/cartographer_ros_msgs/srv/detail/get_trajectory_states__builder.hpp
[5.741s] -- Up-to-date symlink: /home/user/cartographer_ws_docker/install/cartographer_ros_msgs/include/cartographer_ros_msgs/cartographer_ros_msgs/srv/detail/get_trajectory_states__struct.hpp
[5.741s] -- Up-to-date symlink: /home/user/cartographer_ws_docker/install/cartographer_ros_msgs/include/cartographer_ros_msgs/cartographer_ros_msgs/srv/detail/get_trajectory_states__traits.hpp
[5.744s] -- Up-to-date symlink: /home/user/cartographer_ws_docker/install/cartographer_ros_msgs/include/cartographer_ros_msgs/cartographer_ros_msgs/srv/detail/read_metrics__builder.hpp
[5.744s] -- Up-to-date symlink: /home/user/cartographer_ws_docker/install/cartographer_ros_msgs/include/cartographer_ros_msgs/cartographer_ros_msgs/srv/detail/read_metrics__struct.hpp
[5.744s] -- Up-to-date symlink: /home/user/cartographer_ws_docker/install/cartographer_ros_msgs/include/cartographer_ros_msgs/cartographer_ros_msgs/srv/detail/read_metrics__traits.hpp
[5.744s] -- Up-to-date symlink: /home/user/cartographer_ws_docker/install/cartographer_ros_msgs/include/cartographer_ros_msgs/cartographer_ros_msgs/srv/detail/start_trajectory__builder.hpp
[5.744s] -- Up-to-date symlink: /home/user/cartographer_ws_docker/install/cartographer_ros_msgs/include/cartographer_ros_msgs/cartographer_ros_msgs/srv/detail/start_trajectory__struct.hpp
[5.744s] -- Up-to-date symlink: /home/user/cartographer_ws_docker/install/cartographer_ros_msgs/include/cartographer_ros_msgs/cartographer_ros_msgs/srv/detail/start_trajectory__traits.hpp
[5.744s] -- Up-to-date symlink: /home/user/cartographer_ws_docker/install/cartographer_ros_msgs/include/cartographer_ros_msgs/cartographer_ros_msgs/srv/detail/submap_query__builder.hpp
[5.744s] -- Up-to-date symlink: /home/user/cartographer_ws_docker/install/cartographer_ros_msgs/include/cartographer_ros_msgs/cartographer_ros_msgs/srv/detail/submap_query__struct.hpp
[5.745s] -- Up-to-date symlink: /home/user/cartographer_ws_docker/install/cartographer_ros_msgs/include/cartographer_ros_msgs/cartographer_ros_msgs/srv/detail/submap_query__traits.hpp
[5.745s] -- Up-to-date symlink: /home/user/cartographer_ws_docker/install/cartographer_ros_msgs/include/cartographer_ros_msgs/cartographer_ros_msgs/srv/detail/trajectory_query__builder.hpp
[5.745s] -- Up-to-date symlink: /home/user/cartographer_ws_docker/install/cartographer_ros_msgs/include/cartographer_ros_msgs/cartographer_ros_msgs/srv/detail/trajectory_query__struct.hpp
[5.745s] -- Up-to-date symlink: /home/user/cartographer_ws_docker/install/cartographer_ros_msgs/include/cartographer_ros_msgs/cartographer_ros_msgs/srv/detail/trajectory_query__traits.hpp
[5.745s] -- Up-to-date symlink: /home/user/cartographer_ws_docker/install/cartographer_ros_msgs/include/cartographer_ros_msgs/cartographer_ros_msgs/srv/detail/write_state__builder.hpp
[5.745s] -- Up-to-date symlink: /home/user/cartographer_ws_docker/install/cartographer_ros_msgs/include/cartographer_ros_msgs/cartographer_ros_msgs/srv/detail/write_state__struct.hpp
[5.745s] -- Up-to-date symlink: /home/user/cartographer_ws_docker/install/cartographer_ros_msgs/include/cartographer_ros_msgs/cartographer_ros_msgs/srv/detail/write_state__traits.hpp
[5.745s] -- Up-to-date symlink: /home/user/cartographer_ws_docker/install/cartographer_ros_msgs/include/cartographer_ros_msgs/cartographer_ros_msgs/srv/finish_trajectory.hpp
[5.746s] -- Up-to-date symlink: /home/user/cartographer_ws_docker/install/cartographer_ros_msgs/include/cartographer_ros_msgs/cartographer_ros_msgs/srv/get_trajectory_states.hpp
[5.746s] -- Up-to-date symlink: /home/user/cartographer_ws_docker/install/cartographer_ros_msgs/include/cartographer_ros_msgs/cartographer_ros_msgs/srv/read_metrics.hpp
[5.746s] -- Up-to-date symlink: /home/user/cartographer_ws_docker/install/cartographer_ros_msgs/include/cartographer_ros_msgs/cartographer_ros_msgs/srv/start_trajectory.hpp
[5.746s] -- Up-to-date symlink: /home/user/cartographer_ws_docker/install/cartographer_ros_msgs/include/cartographer_ros_msgs/cartographer_ros_msgs/srv/submap_query.hpp
[5.746s] -- Up-to-date symlink: /home/user/cartographer_ws_docker/install/cartographer_ros_msgs/include/cartographer_ros_msgs/cartographer_ros_msgs/srv/trajectory_query.hpp
[5.746s] -- Up-to-date symlink: /home/user/cartographer_ws_docker/install/cartographer_ros_msgs/include/cartographer_ros_msgs/cartographer_ros_msgs/srv/write_state.hpp
[5.746s] -- Up-to-date symlink: /home/user/cartographer_ws_docker/install/cartographer_ros_msgs/include/cartographer_ros_msgs/cartographer_ros_msgs/msg/detail/bagfile_progress__rosidl_typesupport_introspection_cpp.hpp
[5.746s] -- Up-to-date symlink: /home/user/cartographer_ws_docker/install/cartographer_ros_msgs/include/cartographer_ros_msgs/cartographer_ros_msgs/msg/detail/histogram_bucket__rosidl_typesupport_introspection_cpp.hpp
[5.746s] -- Up-to-date symlink: /home/user/cartographer_ws_docker/install/cartographer_ros_msgs/include/cartographer_ros_msgs/cartographer_ros_msgs/msg/detail/landmark_entry__rosidl_typesupport_introspection_cpp.hpp
[5.746s] -- Up-to-date symlink: /home/user/cartographer_ws_docker/install/cartographer_ros_msgs/include/cartographer_ros_msgs/cartographer_ros_msgs/msg/detail/landmark_list__rosidl_typesupport_introspection_cpp.hpp
[5.746s] -- Up-to-date symlink: /home/user/cartographer_ws_docker/install/cartographer_ros_msgs/include/cartographer_ros_msgs/cartographer_ros_msgs/msg/detail/metric__rosidl_typesupport_introspection_cpp.hpp
[5.746s] -- Up-to-date symlink: /home/user/cartographer_ws_docker/install/cartographer_ros_msgs/include/cartographer_ros_msgs/cartographer_ros_msgs/msg/detail/metric_family__rosidl_typesupport_introspection_cpp.hpp
[5.746s] -- Up-to-date symlink: /home/user/cartographer_ws_docker/install/cartographer_ros_msgs/include/cartographer_ros_msgs/cartographer_ros_msgs/msg/detail/metric_label__rosidl_typesupport_introspection_cpp.hpp
[5.747s] -- Up-to-date symlink: /home/user/cartographer_ws_docker/install/cartographer_ros_msgs/include/cartographer_ros_msgs/cartographer_ros_msgs/msg/detail/status_code__rosidl_typesupport_introspection_cpp.hpp
[5.747s] -- Up-to-date symlink: /home/user/cartographer_ws_docker/install/cartographer_ros_msgs/include/cartographer_ros_msgs/cartographer_ros_msgs/msg/detail/status_response__rosidl_typesupport_introspection_cpp.hpp
[5.747s] -- Up-to-date symlink: /home/user/cartographer_ws_docker/install/cartographer_ros_msgs/include/cartographer_ros_msgs/cartographer_ros_msgs/msg/detail/submap_entry__rosidl_typesupport_introspection_cpp.hpp
[5.747s] -- Up-to-date symlink: /home/user/cartographer_ws_docker/install/cartographer_ros_msgs/include/cartographer_ros_msgs/cartographer_ros_msgs/msg/detail/submap_list__rosidl_typesupport_introspection_cpp.hpp
[5.747s] -- Up-to-date symlink: /home/user/cartographer_ws_docker/install/cartographer_ros_msgs/include/cartographer_ros_msgs/cartographer_ros_msgs/msg/detail/submap_texture__rosidl_typesupport_introspection_cpp.hpp
[5.747s] -- Up-to-date symlink: /home/user/cartographer_ws_docker/install/cartographer_ros_msgs/include/cartographer_ros_msgs/cartographer_ros_msgs/msg/detail/trajectory_states__rosidl_typesupport_introspection_cpp.hpp
[5.747s] -- Up-to-date symlink: /home/user/cartographer_ws_docker/install/cartographer_ros_msgs/include/cartographer_ros_msgs/cartographer_ros_msgs/srv/detail/finish_trajectory__rosidl_typesupport_introspection_cpp.hpp
[5.747s] -- Up-to-date symlink: /home/user/cartographer_ws_docker/install/cartographer_ros_msgs/include/cartographer_ros_msgs/cartographer_ros_msgs/srv/detail/get_trajectory_states__rosidl_typesupport_introspection_cpp.hpp
[5.747s] -- Up-to-date symlink: /home/user/cartographer_ws_docker/install/cartographer_ros_msgs/include/cartographer_ros_msgs/cartographer_ros_msgs/srv/detail/read_metrics__rosidl_typesupport_introspection_cpp.hpp
[5.747s] -- Up-to-date symlink: /home/user/cartographer_ws_docker/install/cartographer_ros_msgs/include/cartographer_ros_msgs/cartographer_ros_msgs/srv/detail/start_trajectory__rosidl_typesupport_introspection_cpp.hpp
[5.748s] -- Up-to-date symlink: /home/user/cartographer_ws_docker/install/cartographer_ros_msgs/include/cartographer_ros_msgs/cartographer_ros_msgs/srv/detail/submap_query__rosidl_typesupport_introspection_cpp.hpp
[5.748s] -- Up-to-date symlink: /home/user/cartographer_ws_docker/install/cartographer_ros_msgs/include/cartographer_ros_msgs/cartographer_ros_msgs/srv/detail/trajectory_query__rosidl_typesupport_introspection_cpp.hpp
[5.748s] -- Up-to-date symlink: /home/user/cartographer_ws_docker/install/cartographer_ros_msgs/include/cartographer_ros_msgs/cartographer_ros_msgs/srv/detail/write_state__rosidl_typesupport_introspection_cpp.hpp
[5.748s] -- Up-to-date symlink: /home/user/cartographer_ws_docker/install/cartographer_ros_msgs/include/cartographer_ros_msgs/cartographer_ros_msgs/msg/detail/bagfile_progress__rosidl_typesupport_fastrtps_cpp.hpp
[5.748s] -- Up-to-date symlink: /home/user/cartographer_ws_docker/install/cartographer_ros_msgs/include/cartographer_ros_msgs/cartographer_ros_msgs/msg/detail/histogram_bucket__rosidl_typesupport_fastrtps_cpp.hpp
[5.748s] -- Up-to-date symlink: /home/user/cartographer_ws_docker/install/cartographer_ros_msgs/include/cartographer_ros_msgs/cartographer_ros_msgs/msg/detail/landmark_entry__rosidl_typesupport_fastrtps_cpp.hpp
[5.748s] -- Up-to-date symlink: /home/user/cartographer_ws_docker/install/cartographer_ros_msgs/include/cartographer_ros_msgs/cartographer_ros_msgs/msg/detail/landmark_list__rosidl_typesupport_fastrtps_cpp.hpp
[5.748s] -- Up-to-date symlink: /home/user/cartographer_ws_docker/install/cartographer_ros_msgs/include/cartographer_ros_msgs/cartographer_ros_msgs/msg/detail/metric__rosidl_typesupport_fastrtps_cpp.hpp
[5.749s] -- Up-to-date symlink: /home/user/cartographer_ws_docker/install/cartographer_ros_msgs/include/cartographer_ros_msgs/cartographer_ros_msgs/msg/detail/metric_family__rosidl_typesupport_fastrtps_cpp.hpp
[5.749s] -- Up-to-date symlink: /home/user/cartographer_ws_docker/install/cartographer_ros_msgs/include/cartographer_ros_msgs/cartographer_ros_msgs/msg/detail/metric_label__rosidl_typesupport_fastrtps_cpp.hpp
[5.749s] -- Up-to-date symlink: /home/user/cartographer_ws_docker/install/cartographer_ros_msgs/include/cartographer_ros_msgs/cartographer_ros_msgs/msg/detail/status_code__rosidl_typesupport_fastrtps_cpp.hpp
[5.749s] -- Up-to-date symlink: /home/user/cartographer_ws_docker/install/cartographer_ros_msgs/include/cartographer_ros_msgs/cartographer_ros_msgs/msg/detail/status_response__rosidl_typesupport_fastrtps_cpp.hpp
[5.749s] -- Up-to-date symlink: /home/user/cartographer_ws_docker/install/cartographer_ros_msgs/include/cartographer_ros_msgs/cartographer_ros_msgs/msg/detail/submap_entry__rosidl_typesupport_fastrtps_cpp.hpp
[5.749s] -- Up-to-date symlink: /home/user/cartographer_ws_docker/install/cartographer_ros_msgs/include/cartographer_ros_msgs/cartographer_ros_msgs/msg/detail/submap_list__rosidl_typesupport_fastrtps_cpp.hpp
[5.750s] -- Up-to-date symlink: /home/user/cartographer_ws_docker/install/cartographer_ros_msgs/include/cartographer_ros_msgs/cartographer_ros_msgs/msg/detail/submap_texture__rosidl_typesupport_fastrtps_cpp.hpp
[5.750s] -- Up-to-date symlink: /home/user/cartographer_ws_docker/install/cartographer_ros_msgs/include/cartographer_ros_msgs/cartographer_ros_msgs/msg/detail/trajectory_states__rosidl_typesupport_fastrtps_cpp.hpp
[5.750s] -- Up-to-date symlink: /home/user/cartographer_ws_docker/install/cartographer_ros_msgs/include/cartographer_ros_msgs/cartographer_ros_msgs/msg/rosidl_typesupport_fastrtps_cpp__visibility_control.h
[5.750s] -- Up-to-date symlink: /home/user/cartographer_ws_docker/install/cartographer_ros_msgs/include/cartographer_ros_msgs/cartographer_ros_msgs/srv/detail/finish_trajectory__rosidl_typesupport_fastrtps_cpp.hpp
[5.750s] -- Up-to-date symlink: /home/user/cartographer_ws_docker/install/cartographer_ros_msgs/include/cartographer_ros_msgs/cartographer_ros_msgs/srv/detail/get_trajectory_states__rosidl_typesupport_fastrtps_cpp.hpp
[5.750s] -- Up-to-date symlink: /home/user/cartographer_ws_docker/install/cartographer_ros_msgs/include/cartographer_ros_msgs/cartographer_ros_msgs/srv/detail/read_metrics__rosidl_typesupport_fastrtps_cpp.hpp
[5.752s] -- Up-to-date symlink: /home/user/cartographer_ws_docker/install/cartographer_ros_msgs/include/cartographer_ros_msgs/cartographer_ros_msgs/srv/detail/start_trajectory__rosidl_typesupport_fastrtps_cpp.hpp
[5.752s] -- Up-to-date symlink: /home/user/cartographer_ws_docker/install/cartographer_ros_msgs/include/cartographer_ros_msgs/cartographer_ros_msgs/srv/detail/submap_query__rosidl_typesupport_fastrtps_cpp.hpp
[5.752s] -- Up-to-date symlink: /home/user/cartographer_ws_docker/install/cartographer_ros_msgs/include/cartographer_ros_msgs/cartographer_ros_msgs/srv/detail/trajectory_query__rosidl_typesupport_fastrtps_cpp.hpp
[5.752s] -- Up-to-date symlink: /home/user/cartographer_ws_docker/install/cartographer_ros_msgs/include/cartographer_ros_msgs/cartographer_ros_msgs/srv/detail/write_state__rosidl_typesupport_fastrtps_cpp.hpp
[5.752s] -- Up-to-date symlink: /home/user/cartographer_ws_docker/install/cartographer_ros_msgs/share/cartographer_ros_msgs/environment/pythonpath.sh
[5.752s] -- Up-to-date symlink: /home/user/cartographer_ws_docker/install/cartographer_ros_msgs/share/cartographer_ros_msgs/environment/pythonpath.dsv
[5.753s] -- Up-to-date symlink: /home/user/cartographer_ws_docker/install/cartographer_ros_msgs/local/lib/python3.10/dist-packages/cartographer_ros_msgs-2.0.9003-py3.10.egg-info/PKG-INFO
[5.753s] -- Up-to-date symlink: /home/user/cartographer_ws_docker/install/cartographer_ros_msgs/local/lib/python3.10/dist-packages/cartographer_ros_msgs-2.0.9003-py3.10.egg-info/SOURCES.txt
[5.753s] -- Up-to-date symlink: /home/user/cartographer_ws_docker/install/cartographer_ros_msgs/local/lib/python3.10/dist-packages/cartographer_ros_msgs-2.0.9003-py3.10.egg-info/dependency_links.txt
[5.753s] -- Up-to-date symlink: /home/user/cartographer_ws_docker/install/cartographer_ros_msgs/local/lib/python3.10/dist-packages/cartographer_ros_msgs-2.0.9003-py3.10.egg-info/top_level.txt
[5.754s] -- Up-to-date symlink: /home/user/cartographer_ws_docker/install/cartographer_ros_msgs/local/lib/python3.10/dist-packages/cartographer_ros_msgs/__init__.py
[5.754s] -- Up-to-date symlink: /home/user/cartographer_ws_docker/install/cartographer_ros_msgs/local/lib/python3.10/dist-packages/cartographer_ros_msgs/_cartographer_ros_msgs_s.ep.rosidl_typesupport_c.c
[5.754s] -- Up-to-date symlink: /home/user/cartographer_ws_docker/install/cartographer_ros_msgs/local/lib/python3.10/dist-packages/cartographer_ros_msgs/_cartographer_ros_msgs_s.ep.rosidl_typesupport_fastrtps_c.c
[5.754s] -- Up-to-date symlink: /home/user/cartographer_ws_docker/install/cartographer_ros_msgs/local/lib/python3.10/dist-packages/cartographer_ros_msgs/_cartographer_ros_msgs_s.ep.rosidl_typesupport_introspection_c.c
[5.754s] -- Up-to-date symlink: /home/user/cartographer_ws_docker/install/cartographer_ros_msgs/local/lib/python3.10/dist-packages/cartographer_ros_msgs/cartographer_ros_msgs_s__rosidl_typesupport_c.cpython-310-x86_64-linux-gnu.so
[5.754s] -- Up-to-date symlink: /home/user/cartographer_ws_docker/install/cartographer_ros_msgs/local/lib/python3.10/dist-packages/cartographer_ros_msgs/cartographer_ros_msgs_s__rosidl_typesupport_fastrtps_c.cpython-310-x86_64-linux-gnu.so
[5.755s] -- Up-to-date symlink: /home/user/cartographer_ws_docker/install/cartographer_ros_msgs/local/lib/python3.10/dist-packages/cartographer_ros_msgs/cartographer_ros_msgs_s__rosidl_typesupport_introspection_c.cpython-310-x86_64-linux-gnu.so
[5.755s] -- Up-to-date symlink: /home/user/cartographer_ws_docker/install/cartographer_ros_msgs/local/lib/python3.10/dist-packages/cartographer_ros_msgs/libcartographer_ros_msgs__rosidl_generator_py.so
[5.755s] -- Up-to-date symlink: /home/user/cartographer_ws_docker/install/cartographer_ros_msgs/local/lib/python3.10/dist-packages/cartographer_ros_msgs/msg/__init__.py
[5.755s] -- Up-to-date symlink: /home/user/cartographer_ws_docker/install/cartographer_ros_msgs/local/lib/python3.10/dist-packages/cartographer_ros_msgs/msg/_bagfile_progress.py
[5.755s] -- Up-to-date symlink: /home/user/cartographer_ws_docker/install/cartographer_ros_msgs/local/lib/python3.10/dist-packages/cartographer_ros_msgs/msg/_bagfile_progress_s.c
[5.755s] -- Up-to-date symlink: /home/user/cartographer_ws_docker/install/cartographer_ros_msgs/local/lib/python3.10/dist-packages/cartographer_ros_msgs/msg/_histogram_bucket.py
[5.755s] -- Up-to-date symlink: /home/user/cartographer_ws_docker/install/cartographer_ros_msgs/local/lib/python3.10/dist-packages/cartographer_ros_msgs/msg/_histogram_bucket_s.c
[5.755s] -- Up-to-date symlink: /home/user/cartographer_ws_docker/install/cartographer_ros_msgs/local/lib/python3.10/dist-packages/cartographer_ros_msgs/msg/_landmark_entry.py
[5.756s] -- Up-to-date symlink: /home/user/cartographer_ws_docker/install/cartographer_ros_msgs/local/lib/python3.10/dist-packages/cartographer_ros_msgs/msg/_landmark_entry_s.c
[5.756s] -- Up-to-date symlink: /home/user/cartographer_ws_docker/install/cartographer_ros_msgs/local/lib/python3.10/dist-packages/cartographer_ros_msgs/msg/_landmark_list.py
[5.756s] -- Up-to-date symlink: /home/user/cartographer_ws_docker/install/cartographer_ros_msgs/local/lib/python3.10/dist-packages/cartographer_ros_msgs/msg/_landmark_list_s.c
[5.756s] -- Up-to-date symlink: /home/user/cartographer_ws_docker/install/cartographer_ros_msgs/local/lib/python3.10/dist-packages/cartographer_ros_msgs/msg/_metric.py
[5.756s] -- Up-to-date symlink: /home/user/cartographer_ws_docker/install/cartographer_ros_msgs/local/lib/python3.10/dist-packages/cartographer_ros_msgs/msg/_metric_family.py
[5.757s] -- Up-to-date symlink: /home/user/cartographer_ws_docker/install/cartographer_ros_msgs/local/lib/python3.10/dist-packages/cartographer_ros_msgs/msg/_metric_family_s.c
[5.757s] -- Up-to-date symlink: /home/user/cartographer_ws_docker/install/cartographer_ros_msgs/local/lib/python3.10/dist-packages/cartographer_ros_msgs/msg/_metric_label.py
[5.757s] -- Up-to-date symlink: /home/user/cartographer_ws_docker/install/cartographer_ros_msgs/local/lib/python3.10/dist-packages/cartographer_ros_msgs/msg/_metric_label_s.c
[5.757s] -- Up-to-date symlink: /home/user/cartographer_ws_docker/install/cartographer_ros_msgs/local/lib/python3.10/dist-packages/cartographer_ros_msgs/msg/_metric_s.c
[5.757s] -- Up-to-date symlink: /home/user/cartographer_ws_docker/install/cartographer_ros_msgs/local/lib/python3.10/dist-packages/cartographer_ros_msgs/msg/_status_code.py
[5.757s] -- Up-to-date symlink: /home/user/cartographer_ws_docker/install/cartographer_ros_msgs/local/lib/python3.10/dist-packages/cartographer_ros_msgs/msg/_status_code_s.c
[5.758s] -- Up-to-date symlink: /home/user/cartographer_ws_docker/install/cartographer_ros_msgs/local/lib/python3.10/dist-packages/cartographer_ros_msgs/msg/_status_response.py
[5.758s] -- Up-to-date symlink: /home/user/cartographer_ws_docker/install/cartographer_ros_msgs/local/lib/python3.10/dist-packages/cartographer_ros_msgs/msg/_status_response_s.c
[5.758s] -- Up-to-date symlink: /home/user/cartographer_ws_docker/install/cartographer_ros_msgs/local/lib/python3.10/dist-packages/cartographer_ros_msgs/msg/_submap_entry.py
[5.760s] -- Up-to-date symlink: /home/user/cartographer_ws_docker/install/cartographer_ros_msgs/local/lib/python3.10/dist-packages/cartographer_ros_msgs/msg/_submap_entry_s.c
[5.760s] -- Up-to-date symlink: /home/user/cartographer_ws_docker/install/cartographer_ros_msgs/local/lib/python3.10/dist-packages/cartographer_ros_msgs/msg/_submap_list.py
[5.760s] -- Up-to-date symlink: /home/user/cartographer_ws_docker/install/cartographer_ros_msgs/local/lib/python3.10/dist-packages/cartographer_ros_msgs/msg/_submap_list_s.c
[5.760s] -- Up-to-date symlink: /home/user/cartographer_ws_docker/install/cartographer_ros_msgs/local/lib/python3.10/dist-packages/cartographer_ros_msgs/msg/_submap_texture.py
[5.760s] -- Up-to-date symlink: /home/user/cartographer_ws_docker/install/cartographer_ros_msgs/local/lib/python3.10/dist-packages/cartographer_ros_msgs/msg/_submap_texture_s.c
[5.760s] -- Up-to-date symlink: /home/user/cartographer_ws_docker/install/cartographer_ros_msgs/local/lib/python3.10/dist-packages/cartographer_ros_msgs/msg/_trajectory_states.py
[5.760s] -- Up-to-date symlink: /home/user/cartographer_ws_docker/install/cartographer_ros_msgs/local/lib/python3.10/dist-packages/cartographer_ros_msgs/msg/_trajectory_states_s.c
[5.760s] -- Up-to-date symlink: /home/user/cartographer_ws_docker/install/cartographer_ros_msgs/local/lib/python3.10/dist-packages/cartographer_ros_msgs/srv/__init__.py
[5.763s] -- Up-to-date symlink: /home/user/cartographer_ws_docker/install/cartographer_ros_msgs/local/lib/python3.10/dist-packages/cartographer_ros_msgs/srv/_finish_trajectory.py
[5.764s] -- Up-to-date symlink: /home/user/cartographer_ws_docker/install/cartographer_ros_msgs/local/lib/python3.10/dist-packages/cartographer_ros_msgs/srv/_finish_trajectory_s.c
[5.764s] -- Up-to-date symlink: /home/user/cartographer_ws_docker/install/cartographer_ros_msgs/local/lib/python3.10/dist-packages/cartographer_ros_msgs/srv/_get_trajectory_states.py
[5.764s] -- Up-to-date symlink: /home/user/cartographer_ws_docker/install/cartographer_ros_msgs/local/lib/python3.10/dist-packages/cartographer_ros_msgs/srv/_get_trajectory_states_s.c
[5.764s] -- Up-to-date symlink: /home/user/cartographer_ws_docker/install/cartographer_ros_msgs/local/lib/python3.10/dist-packages/cartographer_ros_msgs/srv/_read_metrics.py
[5.764s] -- Up-to-date symlink: /home/user/cartographer_ws_docker/install/cartographer_ros_msgs/local/lib/python3.10/dist-packages/cartographer_ros_msgs/srv/_read_metrics_s.c
[5.764s] -- Up-to-date symlink: /home/user/cartographer_ws_docker/install/cartographer_ros_msgs/local/lib/python3.10/dist-packages/cartographer_ros_msgs/srv/_start_trajectory.py
[5.764s] -- Up-to-date symlink: /home/user/cartographer_ws_docker/install/cartographer_ros_msgs/local/lib/python3.10/dist-packages/cartographer_ros_msgs/srv/_start_trajectory_s.c
[5.764s] -- Up-to-date symlink: /home/user/cartographer_ws_docker/install/cartographer_ros_msgs/local/lib/python3.10/dist-packages/cartographer_ros_msgs/srv/_submap_query.py
[5.765s] -- Up-to-date symlink: /home/user/cartographer_ws_docker/install/cartographer_ros_msgs/local/lib/python3.10/dist-packages/cartographer_ros_msgs/srv/_submap_query_s.c
[5.765s] -- Up-to-date symlink: /home/user/cartographer_ws_docker/install/cartographer_ros_msgs/local/lib/python3.10/dist-packages/cartographer_ros_msgs/srv/_trajectory_query.py
[5.765s] -- Up-to-date symlink: /home/user/cartographer_ws_docker/install/cartographer_ros_msgs/local/lib/python3.10/dist-packages/cartographer_ros_msgs/srv/_trajectory_query_s.c
[5.765s] -- Up-to-date symlink: /home/user/cartographer_ws_docker/install/cartographer_ros_msgs/local/lib/python3.10/dist-packages/cartographer_ros_msgs/srv/_write_state.py
[5.765s] -- Up-to-date symlink: /home/user/cartographer_ws_docker/install/cartographer_ros_msgs/local/lib/python3.10/dist-packages/cartographer_ros_msgs/srv/_write_state_s.c
[5.765s] -- Up-to-date symlink: /home/user/cartographer_ws_docker/install/cartographer_ros_msgs/local/lib/python3.10/dist-packages/cartographer_ros_msgs/cartographer_ros_msgs_s__rosidl_typesupport_introspection_c.cpython-310-x86_64-linux-gnu.so
[5.765s] -- Up-to-date symlink: /home/user/cartographer_ws_docker/install/cartographer_ros_msgs/local/lib/python3.10/dist-packages/cartographer_ros_msgs/cartographer_ros_msgs_s__rosidl_typesupport_fastrtps_c.cpython-310-x86_64-linux-gnu.so
[5.765s] -- Up-to-date symlink: /home/user/cartographer_ws_docker/install/cartographer_ros_msgs/local/lib/python3.10/dist-packages/cartographer_ros_msgs/cartographer_ros_msgs_s__rosidl_typesupport_c.cpython-310-x86_64-linux-gnu.so
[5.765s] -- Up-to-date symlink: /home/user/cartographer_ws_docker/install/cartographer_ros_msgs/share/cartographer_ros_msgs/msg/BagfileProgress.idl
[5.765s] -- Up-to-date symlink: /home/user/cartographer_ws_docker/install/cartographer_ros_msgs/share/cartographer_ros_msgs/msg/HistogramBucket.idl
[5.766s] -- Up-to-date symlink: /home/user/cartographer_ws_docker/install/cartographer_ros_msgs/share/cartographer_ros_msgs/msg/LandmarkEntry.idl
[5.766s] -- Up-to-date symlink: /home/user/cartographer_ws_docker/install/cartographer_ros_msgs/share/cartographer_ros_msgs/msg/LandmarkList.idl
[5.766s] -- Up-to-date symlink: /home/user/cartographer_ws_docker/install/cartographer_ros_msgs/share/cartographer_ros_msgs/msg/MetricFamily.idl
[5.766s] -- Up-to-date symlink: /home/user/cartographer_ws_docker/install/cartographer_ros_msgs/share/cartographer_ros_msgs/msg/MetricLabel.idl
[5.766s] -- Up-to-date symlink: /home/user/cartographer_ws_docker/install/cartographer_ros_msgs/share/cartographer_ros_msgs/msg/Metric.idl
[5.766s] -- Up-to-date symlink: /home/user/cartographer_ws_docker/install/cartographer_ros_msgs/share/cartographer_ros_msgs/msg/StatusCode.idl
[5.766s] -- Up-to-date symlink: /home/user/cartographer_ws_docker/install/cartographer_ros_msgs/share/cartographer_ros_msgs/msg/StatusResponse.idl
[5.766s] -- Up-to-date symlink: /home/user/cartographer_ws_docker/install/cartographer_ros_msgs/share/cartographer_ros_msgs/msg/SubmapEntry.idl
[5.767s] -- Up-to-date symlink: /home/user/cartographer_ws_docker/install/cartographer_ros_msgs/share/cartographer_ros_msgs/msg/SubmapList.idl
[5.767s] -- Up-to-date symlink: /home/user/cartographer_ws_docker/install/cartographer_ros_msgs/share/cartographer_ros_msgs/msg/SubmapTexture.idl
[5.767s] -- Up-to-date symlink: /home/user/cartographer_ws_docker/install/cartographer_ros_msgs/share/cartographer_ros_msgs/msg/TrajectoryStates.idl
[5.767s] -- Up-to-date symlink: /home/user/cartographer_ws_docker/install/cartographer_ros_msgs/share/cartographer_ros_msgs/srv/FinishTrajectory.idl
[5.767s] -- Up-to-date symlink: /home/user/cartographer_ws_docker/install/cartographer_ros_msgs/share/cartographer_ros_msgs/srv/GetTrajectoryStates.idl
[5.767s] -- Up-to-date symlink: /home/user/cartographer_ws_docker/install/cartographer_ros_msgs/share/cartographer_ros_msgs/srv/ReadMetrics.idl
[5.767s] -- Up-to-date symlink: /home/user/cartographer_ws_docker/install/cartographer_ros_msgs/share/cartographer_ros_msgs/srv/StartTrajectory.idl
[5.767s] -- Up-to-date symlink: /home/user/cartographer_ws_docker/install/cartographer_ros_msgs/share/cartographer_ros_msgs/srv/TrajectoryQuery.idl
[5.767s] -- Up-to-date symlink: /home/user/cartographer_ws_docker/install/cartographer_ros_msgs/share/cartographer_ros_msgs/srv/SubmapQuery.idl
[5.767s] -- Up-to-date symlink: /home/user/cartographer_ws_docker/install/cartographer_ros_msgs/share/cartographer_ros_msgs/srv/WriteState.idl
[5.768s] -- Up-to-date symlink: /home/user/cartographer_ws_docker/install/cartographer_ros_msgs/share/cartographer_ros_msgs/msg/BagfileProgress.msg
[5.768s] -- Up-to-date symlink: /home/user/cartographer_ws_docker/install/cartographer_ros_msgs/share/cartographer_ros_msgs/msg/HistogramBucket.msg
[5.768s] -- Up-to-date symlink: /home/user/cartographer_ws_docker/install/cartographer_ros_msgs/share/cartographer_ros_msgs/msg/LandmarkEntry.msg
[5.768s] -- Up-to-date symlink: /home/user/cartographer_ws_docker/install/cartographer_ros_msgs/share/cartographer_ros_msgs/msg/LandmarkList.msg
[5.768s] -- Up-to-date symlink: /home/user/cartographer_ws_docker/install/cartographer_ros_msgs/share/cartographer_ros_msgs/msg/MetricFamily.msg
[5.768s] -- Up-to-date symlink: /home/user/cartographer_ws_docker/install/cartographer_ros_msgs/share/cartographer_ros_msgs/msg/MetricLabel.msg
[5.768s] -- Up-to-date symlink: /home/user/cartographer_ws_docker/install/cartographer_ros_msgs/share/cartographer_ros_msgs/msg/Metric.msg
[5.768s] -- Up-to-date symlink: /home/user/cartographer_ws_docker/install/cartographer_ros_msgs/share/cartographer_ros_msgs/msg/StatusCode.msg
[5.768s] -- Up-to-date symlink: /home/user/cartographer_ws_docker/install/cartographer_ros_msgs/share/cartographer_ros_msgs/msg/StatusResponse.msg
[5.768s] -- Up-to-date symlink: /home/user/cartographer_ws_docker/install/cartographer_ros_msgs/share/cartographer_ros_msgs/msg/SubmapEntry.msg
[5.769s] -- Up-to-date symlink: /home/user/cartographer_ws_docker/install/cartographer_ros_msgs/share/cartographer_ros_msgs/msg/SubmapList.msg
[5.769s] -- Up-to-date symlink: /home/user/cartographer_ws_docker/install/cartographer_ros_msgs/share/cartographer_ros_msgs/msg/SubmapTexture.msg
[5.769s] -- Up-to-date symlink: /home/user/cartographer_ws_docker/install/cartographer_ros_msgs/share/cartographer_ros_msgs/msg/TrajectoryStates.msg
[5.769s] -- Up-to-date symlink: /home/user/cartographer_ws_docker/install/cartographer_ros_msgs/share/cartographer_ros_msgs/srv/FinishTrajectory.srv
[5.769s] -- Up-to-date symlink: /home/user/cartographer_ws_docker/install/cartographer_ros_msgs/share/cartographer_ros_msgs/srv/FinishTrajectory_Request.msg
[5.769s] -- Up-to-date symlink: /home/user/cartographer_ws_docker/install/cartographer_ros_msgs/share/cartographer_ros_msgs/srv/FinishTrajectory_Response.msg
[5.769s] -- Up-to-date symlink: /home/user/cartographer_ws_docker/install/cartographer_ros_msgs/share/cartographer_ros_msgs/srv/GetTrajectoryStates.srv
[5.769s] -- Up-to-date symlink: /home/user/cartographer_ws_docker/install/cartographer_ros_msgs/share/cartographer_ros_msgs/srv/GetTrajectoryStates_Request.msg
[5.770s] -- Up-to-date symlink: /home/user/cartographer_ws_docker/install/cartographer_ros_msgs/share/cartographer_ros_msgs/srv/GetTrajectoryStates_Response.msg
[5.770s] -- Up-to-date symlink: /home/user/cartographer_ws_docker/install/cartographer_ros_msgs/share/cartographer_ros_msgs/srv/ReadMetrics.srv
[5.770s] -- Up-to-date symlink: /home/user/cartographer_ws_docker/install/cartographer_ros_msgs/share/cartographer_ros_msgs/srv/ReadMetrics_Request.msg
[5.770s] -- Up-to-date symlink: /home/user/cartographer_ws_docker/install/cartographer_ros_msgs/share/cartographer_ros_msgs/srv/ReadMetrics_Response.msg
[5.770s] -- Up-to-date symlink: /home/user/cartographer_ws_docker/install/cartographer_ros_msgs/share/cartographer_ros_msgs/srv/StartTrajectory.srv
[5.770s] -- Up-to-date symlink: /home/user/cartographer_ws_docker/install/cartographer_ros_msgs/share/cartographer_ros_msgs/srv/StartTrajectory_Request.msg
[5.770s] -- Up-to-date symlink: /home/user/cartographer_ws_docker/install/cartographer_ros_msgs/share/cartographer_ros_msgs/srv/StartTrajectory_Response.msg
[5.770s] -- Up-to-date symlink: /home/user/cartographer_ws_docker/install/cartographer_ros_msgs/share/cartographer_ros_msgs/srv/TrajectoryQuery.srv
[5.770s] -- Up-to-date symlink: /home/user/cartographer_ws_docker/install/cartographer_ros_msgs/share/cartographer_ros_msgs/srv/TrajectoryQuery_Request.msg
[5.770s] -- Up-to-date symlink: /home/user/cartographer_ws_docker/install/cartographer_ros_msgs/share/cartographer_ros_msgs/srv/TrajectoryQuery_Response.msg
[5.771s] -- Up-to-date symlink: /home/user/cartographer_ws_docker/install/cartographer_ros_msgs/share/cartographer_ros_msgs/srv/SubmapQuery.srv
[5.771s] -- Up-to-date symlink: /home/user/cartographer_ws_docker/install/cartographer_ros_msgs/share/cartographer_ros_msgs/srv/SubmapQuery_Request.msg
[5.771s] -- Up-to-date symlink: /home/user/cartographer_ws_docker/install/cartographer_ros_msgs/share/cartographer_ros_msgs/srv/SubmapQuery_Response.msg
[5.772s] -- Up-to-date symlink: /home/user/cartographer_ws_docker/install/cartographer_ros_msgs/share/cartographer_ros_msgs/srv/WriteState.srv
[5.772s] -- Up-to-date symlink: /home/user/cartographer_ws_docker/install/cartographer_ros_msgs/share/cartographer_ros_msgs/srv/WriteState_Request.msg
[5.772s] -- Up-to-date symlink: /home/user/cartographer_ws_docker/install/cartographer_ros_msgs/share/cartographer_ros_msgs/srv/WriteState_Response.msg
[5.772s] -- Up-to-date symlink: /home/user/cartographer_ws_docker/install/cartographer_ros_msgs/share/ament_index/resource_index/package_run_dependencies/cartographer_ros_msgs
[5.773s] -- Up-to-date symlink: /home/user/cartographer_ws_docker/install/cartographer_ros_msgs/share/ament_index/resource_index/parent_prefix_path/cartographer_ros_msgs
[5.773s] -- Up-to-date symlink: /home/user/cartographer_ws_docker/install/cartographer_ros_msgs/share/cartographer_ros_msgs/environment/ament_prefix_path.sh
[5.773s] -- Up-to-date symlink: /home/user/cartographer_ws_docker/install/cartographer_ros_msgs/share/cartographer_ros_msgs/environment/ament_prefix_path.dsv
[5.773s] -- Up-to-date symlink: /home/user/cartographer_ws_docker/install/cartographer_ros_msgs/share/cartographer_ros_msgs/environment/path.sh
[5.774s] -- Up-to-date symlink: /home/user/cartographer_ws_docker/install/cartographer_ros_msgs/share/cartographer_ros_msgs/environment/path.dsv
[5.774s] -- Up-to-date symlink: /home/user/cartographer_ws_docker/install/cartographer_ros_msgs/share/cartographer_ros_msgs/local_setup.bash
[5.774s] -- Up-to-date symlink: /home/user/cartographer_ws_docker/install/cartographer_ros_msgs/share/cartographer_ros_msgs/local_setup.sh
[5.775s] -- Up-to-date symlink: /home/user/cartographer_ws_docker/install/cartographer_ros_msgs/share/cartographer_ros_msgs/local_setup.zsh
[5.775s] -- Up-to-date symlink: /home/user/cartographer_ws_docker/install/cartographer_ros_msgs/share/cartographer_ros_msgs/local_setup.dsv
[5.775s] -- Symlinking: /home/user/cartographer_ws_docker/install/cartographer_ros_msgs/share/cartographer_ros_msgs/package.dsv
[5.805s] -- Up-to-date symlink: /home/user/cartographer_ws_docker/install/cartographer_ros_msgs/share/ament_index/resource_index/packages/cartographer_ros_msgs
[5.806s] -- Up-to-date symlink: /home/user/cartographer_ws_docker/install/cartographer_ros_msgs/share/cartographer_ros_msgs/cmake/rosidl_cmake-extras.cmake
[5.806s] -- Up-to-date symlink: /home/user/cartographer_ws_docker/install/cartographer_ros_msgs/share/cartographer_ros_msgs/cmake/ament_cmake_export_dependencies-extras.cmake
[5.806s] -- Up-to-date symlink: /home/user/cartographer_ws_docker/install/cartographer_ros_msgs/share/cartographer_ros_msgs/cmake/ament_cmake_export_include_directories-extras.cmake
[5.806s] -- Up-to-date symlink: /home/user/cartographer_ws_docker/install/cartographer_ros_msgs/share/cartographer_ros_msgs/cmake/ament_cmake_export_libraries-extras.cmake
[5.806s] -- Up-to-date symlink: /home/user/cartographer_ws_docker/install/cartographer_ros_msgs/share/cartographer_ros_msgs/cmake/ament_cmake_export_targets-extras.cmake
[5.806s] -- Up-to-date symlink: /home/user/cartographer_ws_docker/install/cartographer_ros_msgs/share/cartographer_ros_msgs/cmake/rosidl_cmake_export_typesupport_targets-extras.cmake
[5.807s] -- Up-to-date symlink: /home/user/cartographer_ws_docker/install/cartographer_ros_msgs/share/cartographer_ros_msgs/cmake/rosidl_cmake_export_typesupport_libraries-extras.cmake
[5.807s] -- Up-to-date symlink: /home/user/cartographer_ws_docker/install/cartographer_ros_msgs/share/cartographer_ros_msgs/cmake/cartographer_ros_msgsConfig.cmake
[5.807s] -- Up-to-date symlink: /home/user/cartographer_ws_docker/install/cartographer_ros_msgs/share/cartographer_ros_msgs/cmake/cartographer_ros_msgsConfig-version.cmake
[5.808s] -- Up-to-date symlink: /home/user/cartographer_ws_docker/install/cartographer_ros_msgs/share/cartographer_ros_msgs/package.xml
[5.808s] -- Up-to-date: /home/user/cartographer_ws_docker/install/cartographer_ros_msgs/lib/libcartographer_ros_msgs__rosidl_generator_c.so
[5.809s] -- Up-to-date: /home/user/cartographer_ws_docker/install/cartographer_ros_msgs/lib/libcartographer_ros_msgs__rosidl_typesupport_introspection_c.so
[5.811s] -- Up-to-date: /home/user/cartographer_ws_docker/install/cartographer_ros_msgs/lib/libcartographer_ros_msgs__rosidl_typesupport_fastrtps_c.so
[5.811s] -- Up-to-date: /home/user/cartographer_ws_docker/install/cartographer_ros_msgs/lib/libcartographer_ros_msgs__rosidl_typesupport_c.so
[5.811s] -- Up-to-date: /home/user/cartographer_ws_docker/install/cartographer_ros_msgs/lib/libcartographer_ros_msgs__rosidl_typesupport_introspection_cpp.so
[5.812s] -- Up-to-date: /home/user/cartographer_ws_docker/install/cartographer_ros_msgs/lib/libcartographer_ros_msgs__rosidl_typesupport_fastrtps_cpp.so
[5.813s] -- Up-to-date: /home/user/cartographer_ws_docker/install/cartographer_ros_msgs/lib/libcartographer_ros_msgs__rosidl_typesupport_cpp.so
[5.934s] Listing '/home/user/cartographer_ws_docker/install/cartographer_ros_msgs/local/lib/python3.10/dist-packages/cartographer_ros_msgs'...
[5.934s] Listing '/home/user/cartographer_ws_docker/install/cartographer_ros_msgs/local/lib/python3.10/dist-packages/cartographer_ros_msgs/msg'...
[5.934s] Listing '/home/user/cartographer_ws_docker/install/cartographer_ros_msgs/local/lib/python3.10/dist-packages/cartographer_ros_msgs/srv'...
[5.939s] -- Up-to-date: /home/user/cartographer_ws_docker/install/cartographer_ros_msgs/lib/libcartographer_ros_msgs__rosidl_generator_py.so
[5.940s] -- Up-to-date: /home/user/cartographer_ws_docker/install/cartographer_ros_msgs/share/cartographer_ros_msgs/cmake/export_cartographer_ros_msgs__rosidl_generator_cExport.cmake
[5.940s] -- Up-to-date: /home/user/cartographer_ws_docker/install/cartographer_ros_msgs/share/cartographer_ros_msgs/cmake/export_cartographer_ros_msgs__rosidl_generator_cExport-noconfig.cmake
[5.940s] -- Up-to-date: /home/user/cartographer_ws_docker/install/cartographer_ros_msgs/share/cartographer_ros_msgs/cmake/cartographer_ros_msgs__rosidl_typesupport_introspection_cExport.cmake
[5.940s] -- Up-to-date: /home/user/cartographer_ws_docker/install/cartographer_ros_msgs/share/cartographer_ros_msgs/cmake/cartographer_ros_msgs__rosidl_typesupport_introspection_cExport-noconfig.cmake
[5.940s] -- Up-to-date: /home/user/cartographer_ws_docker/install/cartographer_ros_msgs/share/cartographer_ros_msgs/cmake/export_cartographer_ros_msgs__rosidl_typesupport_fastrtps_cExport.cmake
[5.940s] -- Up-to-date: /home/user/cartographer_ws_docker/install/cartographer_ros_msgs/share/cartographer_ros_msgs/cmake/export_cartographer_ros_msgs__rosidl_typesupport_fastrtps_cExport-noconfig.cmake
[5.941s] -- Up-to-date: /home/user/cartographer_ws_docker/install/cartographer_ros_msgs/share/cartographer_ros_msgs/cmake/cartographer_ros_msgs__rosidl_typesupport_cExport.cmake
[5.941s] -- Up-to-date: /home/user/cartographer_ws_docker/install/cartographer_ros_msgs/share/cartographer_ros_msgs/cmake/cartographer_ros_msgs__rosidl_typesupport_cExport-noconfig.cmake
[5.941s] -- Up-to-date: /home/user/cartographer_ws_docker/install/cartographer_ros_msgs/share/cartographer_ros_msgs/cmake/export_cartographer_ros_msgs__rosidl_generator_cppExport.cmake
[5.941s] -- Up-to-date: /home/user/cartographer_ws_docker/install/cartographer_ros_msgs/share/cartographer_ros_msgs/cmake/cartographer_ros_msgs__rosidl_typesupport_introspection_cppExport.cmake
[5.941s] -- Up-to-date: /home/user/cartographer_ws_docker/install/cartographer_ros_msgs/share/cartographer_ros_msgs/cmake/cartographer_ros_msgs__rosidl_typesupport_introspection_cppExport-noconfig.cmake
[5.941s] -- Up-to-date: /home/user/cartographer_ws_docker/install/cartographer_ros_msgs/share/cartographer_ros_msgs/cmake/export_cartographer_ros_msgs__rosidl_typesupport_fastrtps_cppExport.cmake
[5.941s] -- Up-to-date: /home/user/cartographer_ws_docker/install/cartographer_ros_msgs/share/cartographer_ros_msgs/cmake/export_cartographer_ros_msgs__rosidl_typesupport_fastrtps_cppExport-noconfig.cmake
[5.941s] -- Up-to-date: /home/user/cartographer_ws_docker/install/cartographer_ros_msgs/share/cartographer_ros_msgs/cmake/cartographer_ros_msgs__rosidl_typesupport_cppExport.cmake
[5.941s] -- Up-to-date: /home/user/cartographer_ws_docker/install/cartographer_ros_msgs/share/cartographer_ros_msgs/cmake/cartographer_ros_msgs__rosidl_typesupport_cppExport-noconfig.cmake
[5.941s] -- Up-to-date: /home/user/cartographer_ws_docker/install/cartographer_ros_msgs/share/cartographer_ros_msgs/cmake/export_cartographer_ros_msgs__rosidl_generator_pyExport.cmake
[5.942s] -- Up-to-date: /home/user/cartographer_ws_docker/install/cartographer_ros_msgs/share/cartographer_ros_msgs/cmake/export_cartographer_ros_msgs__rosidl_generator_pyExport-noconfig.cmake
[5.946s] Invoked command in '/home/user/cartographer_ws_docker/build/cartographer_ros_msgs' returned '0': CMAKE_PREFIX_PATH=${CMAKE_PREFIX_PATH}:/home/user/tracing_ws/install/ros2bag:/home/user/tracing_ws/install/tracetools_test:/home/user/tracing_ws/install/tracetools_launch:/home/user/tracing_ws/install/tf2_tools:/home/user/tracing_ws/install/tf2_ros_py:/home/user/tracing_ws/install/sros2:/home/user/tracing_ws/install/rqt_plot:/home/user/tracing_ws/install/rqt_msg:/home/user/tracing_ws/install/rqt_console:/home/user/tracing_ws/install/rqt_gui_py:/home/user/tracing_ws/install/rqt_gui:/home/user/tracing_ws/install/ros2trace:/home/user/tracing_ws/install/ros2topic:/home/user/tracing_ws/install/ros2test:/home/user/tracing_ws/install/ros2param:/home/user/tracing_ws/install/ros2service:/home/user/tracing_ws/install/ros2run:/home/user/tracing_ws/install/ros2pkg:/home/user/tracing_ws/install/ros2node:/home/user/tracing_ws/install/ros2multicast:/home/user/tracing_ws/install/ros2interface:/home/user/tracing_ws/install/ros2doctor:/home/user/tracing_ws/install/ros2action:/home/user/tracing_ws/install/ros2cli:/home/user/tracing_ws/install/launch_testing_ros:/home/user/tracing_ws/install/launch_ros:/home/user/tracing_ws/install/demo_nodes_py:/home/user/tracing_ws/install/ament_uncrustify:/home/user/tracing_ws/install/tracetools_trace:/home/user/tracing_ws/install/tracetools_analysis:/home/user/tracing_ws/install/tracetools_read:/home/user/tracing_ws/install/sensor_msgs_py:/home/user/tracing_ws/install/rpyutils:/home/user/tracing_ws/install/rosidl_runtime_py:/home/user/tracing_ws/install/rosidl_cli:/home/user/tracing_ws/install/launch_testing:/home/user/tracing_ws/install/launch_yaml:/home/user/tracing_ws/install/launch_xml:/home/user/tracing_ws/install/launch:/home/user/tracing_ws/install/osrf_pycommon:/home/user/tracing_ws/install/hello:/home/user/tracing_ws/install/domain_coordinator:/home/user/tracing_ws/install/ament_xmllint:/home/user/tracing_ws/install/ament_pyflakes:/home/user/tracing_ws/install/ament_pycodestyle:/home/user/tracing_ws/install/ament_pep257:/home/user/tracing_ws/install/ament_pclint:/home/user/tracing_ws/install/ament_package:/home/user/tracing_ws/install/ament_mypy:/home/user/tracing_ws/install/ament_lint_cmake:/home/user/tracing_ws/install/ament_flake8:/home/user/tracing_ws/install/ament_copyright:/home/user/tracing_ws/install/ament_lint:/home/user/tracing_ws/install/ament_index_python:/home/user/tracing_ws/install/ament_cpplint:/home/user/tracing_ws/install/ament_cppcheck:/home/user/tracing_ws/install/ament_clang_tidy:/home/user/tracing_ws/install/ament_clang_format:/opt/ros/humble /usr/bin/cmake --install /home/user/cartographer_ws_docker/build/cartographer_ros_msgs
