[0.008s] Invoking command in '/home/user/cartographer_ws_docker/build/cartographer_ros': CMAKE_PREFIX_PATH=/home/user/cartographer_ws_docker/install/cartographer_ros_msgs:/home/user/cartographer_ws_docker/install/cartographer:/home/user/cartographer_ws_docker/install/cartographer_rviz:/home/user/cartographer_ws_docker/install/cartographer_ros:/opt/ros/humble LD_LIBRARY_PATH=/home/user/cartographer_ws_docker/install/cartographer_ros_msgs/lib:/home/user/cartographer_ws_docker/install/cartographer_rviz/lib:/home/user/cartographer_ws_docker/install/cartographer_ros/lib:/usr/lib/x86_64-linux-gnu/gazebo-11/plugins:/opt/ros/humble/opt/rviz_ogre_vendor/lib:/opt/ros/humble/lib/x86_64-linux-gnu:/opt/ros/humble/lib:/usr/lib/x86_64-linux-gnu/gazebo-11/plugins /usr/bin/cmake /home/user/cartographer_ws_docker/src/cartographer_ros/cartographer_ros -DCMAKE_INSTALL_PREFIX=/home/user/cartographer_ws_docker/install/cartographer_ros
[0.014s] -- Found ament_cmake: 1.3.9 (/opt/ros/humble/share/ament_cmake/cmake)
[0.076s] -- Override CMake install command with custom implementation using symlinks instead of copying resources
[0.079s] -- Found builtin_interfaces: 1.2.1 (/opt/ros/humble/share/builtin_interfaces/cmake)
[0.092s] -- Found rosidl_generator_c: 3.1.5 (/opt/ros/humble/share/rosidl_generator_c/cmake)
[0.093s] -- Found rosidl_adapter: 3.1.5 (/opt/ros/humble/share/rosidl_adapter/cmake)
[0.096s] -- Found rosidl_generator_cpp: 3.1.5 (/opt/ros/humble/share/rosidl_generator_cpp/cmake)
[0.103s] -- Using all available rosidl_typesupport_c: rosidl_typesupport_fastrtps_c;rosidl_typesupport_introspection_c
[0.110s] -- Using all available rosidl_typesupport_cpp: rosidl_typesupport_fastrtps_cpp;rosidl_typesupport_introspection_cpp
[0.121s] -- Found required Ceres dependency: Eigen version 3.4.0 in /usr/include/eigen3
[0.123s] -- Found required Ceres dependency: glog
[0.123s] -- Found required Ceres dependency: gflags
[0.124s] -- Found Ceres version: 2.0.0 installed in: /usr with components: [EigenSparse, SparseLinearAlgebraLibrary, LAPACK, SuiteSparse, CXSparse, SchurSpecializations, Multithreading]
[0.129s] -- Found cartographer_ros_msgs: 2.0.9003 (/home/user/cartographer_ws_docker/install/cartographer_ros_msgs/share/cartographer_ros_msgs/cmake)
[0.239s] -- Eigen found (include: /usr/include/eigen3, version: 3.4.0)
[0.250s] -- looking for PCL_COMMON
[0.252s] -- Found nav_msgs: 4.2.4 (/opt/ros/humble/share/nav_msgs/cmake)
[0.297s] -- Found pcl_conversions: 2.4.0 (/opt/ros/humble/share/pcl_conversions/cmake)
[0.343s] -- Found rmw_implementation_cmake: 6.1.2 (/opt/ros/humble/share/rmw_implementation_cmake/cmake)
[0.345s] -- Found rmw_fastrtps_cpp: 6.2.6 (/opt/ros/humble/share/rmw_fastrtps_cpp/cmake)
[0.421s] -- Using RMW implementation 'rmw_fastrtps_cpp' as default
[0.656s] -- Found rosbag2_cpp: 0.15.11 (/opt/ros/humble/share/rosbag2_cpp/cmake)
[0.681s] -- Found tf2: 0.25.7 (/opt/ros/humble/share/tf2/cmake)
[0.687s] -- Found tf2_eigen: 0.25.7 (/opt/ros/humble/share/tf2_eigen/cmake)
[0.888s] -- Found urdf: 2.6.0 (/opt/ros/humble/share/urdf/cmake)
[0.896s] -- Found visualization_msgs: 4.2.4 (/opt/ros/humble/share/visualization_msgs/cmake)
[1.396s] -- Configuring done
[1.478s] -- Generating done
[1.479s] -- Build files have been written to: /home/user/cartographer_ws_docker/build/cartographer_ros
[1.486s] Invoked command in '/home/user/cartographer_ws_docker/build/cartographer_ros' returned '0': CMAKE_PREFIX_PATH=/home/user/cartographer_ws_docker/install/cartographer_ros_msgs:/home/user/cartographer_ws_docker/install/cartographer:/home/user/cartographer_ws_docker/install/cartographer_rviz:/home/user/cartographer_ws_docker/install/cartographer_ros:/opt/ros/humble LD_LIBRARY_PATH=/home/user/cartographer_ws_docker/install/cartographer_ros_msgs/lib:/home/user/cartographer_ws_docker/install/cartographer_rviz/lib:/home/user/cartographer_ws_docker/install/cartographer_ros/lib:/usr/lib/x86_64-linux-gnu/gazebo-11/plugins:/opt/ros/humble/opt/rviz_ogre_vendor/lib:/opt/ros/humble/lib/x86_64-linux-gnu:/opt/ros/humble/lib:/usr/lib/x86_64-linux-gnu/gazebo-11/plugins /usr/bin/cmake /home/user/cartographer_ws_docker/src/cartographer_ros/cartographer_ros -DCMAKE_INSTALL_PREFIX=/home/user/cartographer_ws_docker/install/cartographer_ros
[1.487s] Invoking command in '/home/user/cartographer_ws_docker/build/cartographer_ros': CMAKE_PREFIX_PATH=/home/user/cartographer_ws_docker/install/cartographer_ros_msgs:/home/user/cartographer_ws_docker/install/cartographer:/home/user/cartographer_ws_docker/install/cartographer_rviz:/home/user/cartographer_ws_docker/install/cartographer_ros:/opt/ros/humble LD_LIBRARY_PATH=/home/user/cartographer_ws_docker/install/cartographer_ros_msgs/lib:/home/user/cartographer_ws_docker/install/cartographer_rviz/lib:/home/user/cartographer_ws_docker/install/cartographer_ros/lib:/usr/lib/x86_64-linux-gnu/gazebo-11/plugins:/opt/ros/humble/opt/rviz_ogre_vendor/lib:/opt/ros/humble/lib/x86_64-linux-gnu:/opt/ros/humble/lib:/usr/lib/x86_64-linux-gnu/gazebo-11/plugins /usr/bin/cmake --build /home/user/cartographer_ws_docker/build/cartographer_ros -- -j12 -l12
[1.521s] [35m[1mConsolidate compiler generated dependencies of target cartographer_ros[0m
[1.599s] [ 60%] Built target cartographer_ros
[1.606s] [35m[1mConsolidate compiler generated dependencies of target cartographer_occupancy_grid_node[0m
[1.606s] [35m[1mConsolidate compiler generated dependencies of target cartographer_node[0m
[1.607s] [35m[1mConsolidate compiler generated dependencies of target cartographer_assets_writer[0m
[1.609s] [35m[1mConsolidate compiler generated dependencies of target cartographer_pbstream_map_publisher[0m
[1.610s] [35m[1mConsolidate compiler generated dependencies of target cartographer_offline_node[0m
[1.610s] [35m[1mConsolidate compiler generated dependencies of target cartographer_pbstream_to_ros_map[0m
[1.610s] [35m[1mConsolidate compiler generated dependencies of target cartographer_rosbag_validate[0m
[1.625s] [ 71%] Built target cartographer_offline_node
[1.625s] [ 71%] Built target cartographer_assets_writer
[1.625s] [ 77%] Built target cartographer_occupancy_grid_node
[1.625s] [ 85%] Built target cartographer_pbstream_to_ros_map
[1.625s] [ 88%] Built target cartographer_pbstream_map_publisher
[1.626s] [ 94%] Built target cartographer_rosbag_validate
[1.626s] [100%] Built target cartographer_node
[1.632s] Invoked command in '/home/user/cartographer_ws_docker/build/cartographer_ros' returned '0': CMAKE_PREFIX_PATH=/home/user/cartographer_ws_docker/install/cartographer_ros_msgs:/home/user/cartographer_ws_docker/install/cartographer:/home/user/cartographer_ws_docker/install/cartographer_rviz:/home/user/cartographer_ws_docker/install/cartographer_ros:/opt/ros/humble LD_LIBRARY_PATH=/home/user/cartographer_ws_docker/install/cartographer_ros_msgs/lib:/home/user/cartographer_ws_docker/install/cartographer_rviz/lib:/home/user/cartographer_ws_docker/install/cartographer_ros/lib:/usr/lib/x86_64-linux-gnu/gazebo-11/plugins:/opt/ros/humble/opt/rviz_ogre_vendor/lib:/opt/ros/humble/lib/x86_64-linux-gnu:/opt/ros/humble/lib:/usr/lib/x86_64-linux-gnu/gazebo-11/plugins /usr/bin/cmake --build /home/user/cartographer_ws_docker/build/cartographer_ros -- -j12 -l12
[1.678s] Invoking command in '/home/user/cartographer_ws_docker/build/cartographer_ros': CMAKE_PREFIX_PATH=/home/user/cartographer_ws_docker/install/cartographer_ros_msgs:/home/user/cartographer_ws_docker/install/cartographer:/home/user/cartographer_ws_docker/install/cartographer_rviz:/home/user/cartographer_ws_docker/install/cartographer_ros:/opt/ros/humble LD_LIBRARY_PATH=/home/user/cartographer_ws_docker/install/cartographer_ros_msgs/lib:/home/user/cartographer_ws_docker/install/cartographer_rviz/lib:/home/user/cartographer_ws_docker/install/cartographer_ros/lib:/usr/lib/x86_64-linux-gnu/gazebo-11/plugins:/opt/ros/humble/opt/rviz_ogre_vendor/lib:/opt/ros/humble/lib/x86_64-linux-gnu:/opt/ros/humble/lib:/usr/lib/x86_64-linux-gnu/gazebo-11/plugins /usr/bin/cmake --install /home/user/cartographer_ws_docker/build/cartographer_ros
[1.682s] -- Install configuration: ""
[1.682s] -- Execute custom install script
[1.682s] -- Up-to-date symlink: /home/user/cartographer_ws_docker/install/cartographer_ros/lib/libcartographer_ros.a
[1.682s] -- Up-to-date symlink: /home/user/cartographer_ws_docker/install/cartographer_ros/lib/cartographer_ros/cartographer_node
[1.682s] -- Up-to-date symlink: /home/user/cartographer_ws_docker/install/cartographer_ros/lib/cartographer_ros/cartographer_occupancy_grid_node
[1.682s] -- Up-to-date symlink: /home/user/cartographer_ws_docker/install/cartographer_ros/lib/cartographer_ros/cartographer_offline_node
[1.682s] -- Up-to-date symlink: /home/user/cartographer_ws_docker/install/cartographer_ros/lib/cartographer_ros/cartographer_assets_writer
[1.683s] -- Up-to-date symlink: /home/user/cartographer_ws_docker/install/cartographer_ros/lib/cartographer_ros/cartographer_pbstream_map_publisher
[1.683s] -- Up-to-date symlink: /home/user/cartographer_ws_docker/install/cartographer_ros/lib/cartographer_ros/cartographer_pbstream_to_ros_map
[1.683s] -- Up-to-date symlink: /home/user/cartographer_ws_docker/install/cartographer_ros/lib/cartographer_ros/cartographer_rosbag_validate
[1.683s] -- Up-to-date symlink: /home/user/cartographer_ws_docker/install/cartographer_ros/include//cartographer_ros/assets_writer.h
[1.683s] -- Up-to-date symlink: /home/user/cartographer_ws_docker/install/cartographer_ros/include//cartographer_ros/map_builder_bridge.h
[1.683s] -- Up-to-date symlink: /home/user/cartographer_ws_docker/install/cartographer_ros/include//cartographer_ros/metrics/family_factory.h
[1.683s] -- Up-to-date symlink: /home/user/cartographer_ws_docker/install/cartographer_ros/include//cartographer_ros/metrics/internal/counter.h
[1.683s] -- Up-to-date symlink: /home/user/cartographer_ws_docker/install/cartographer_ros/include//cartographer_ros/metrics/internal/family.h
[1.683s] -- Up-to-date symlink: /home/user/cartographer_ws_docker/install/cartographer_ros/include//cartographer_ros/metrics/internal/gauge.h
[1.683s] -- Up-to-date symlink: /home/user/cartographer_ws_docker/install/cartographer_ros/include//cartographer_ros/metrics/internal/histogram.h
[1.683s] -- Up-to-date symlink: /home/user/cartographer_ws_docker/install/cartographer_ros/include//cartographer_ros/msg_conversion.h
[1.684s] -- Up-to-date symlink: /home/user/cartographer_ws_docker/install/cartographer_ros/include//cartographer_ros/node.h
[1.684s] -- Up-to-date symlink: /home/user/cartographer_ws_docker/install/cartographer_ros/include//cartographer_ros/node_constants.h
[1.684s] -- Up-to-date symlink: /home/user/cartographer_ws_docker/install/cartographer_ros/include//cartographer_ros/node_options.h
[1.684s] -- Up-to-date symlink: /home/user/cartographer_ws_docker/install/cartographer_ros/include//cartographer_ros/offline_node.h
[1.684s] -- Up-to-date symlink: /home/user/cartographer_ws_docker/install/cartographer_ros/include//cartographer_ros/playable_bag.h
[1.684s] -- Up-to-date symlink: /home/user/cartographer_ws_docker/install/cartographer_ros/include//cartographer_ros/ros_log_sink.h
[1.685s] -- Up-to-date symlink: /home/user/cartographer_ws_docker/install/cartographer_ros/include//cartographer_ros/ros_map.h
[1.685s] -- Up-to-date symlink: /home/user/cartographer_ws_docker/install/cartographer_ros/include//cartographer_ros/ros_map_writing_points_processor.h
[1.685s] -- Up-to-date symlink: /home/user/cartographer_ws_docker/install/cartographer_ros/include//cartographer_ros/sensor_bridge.h
[1.685s] -- Up-to-date symlink: /home/user/cartographer_ws_docker/install/cartographer_ros/include//cartographer_ros/submap.h
[1.685s] -- Up-to-date symlink: /home/user/cartographer_ws_docker/install/cartographer_ros/include//cartographer_ros/tf_bridge.h
[1.685s] -- Up-to-date symlink: /home/user/cartographer_ws_docker/install/cartographer_ros/include//cartographer_ros/time_conversion.h
[1.685s] -- Up-to-date symlink: /home/user/cartographer_ws_docker/install/cartographer_ros/include//cartographer_ros/trajectory_options.h
[1.685s] -- Up-to-date symlink: /home/user/cartographer_ws_docker/install/cartographer_ros/include//cartographer_ros/urdf_reader.h
[1.685s] -- Up-to-date symlink: /home/user/cartographer_ws_docker/install/cartographer_ros/share/cartographer_ros//configuration_files/assets_writer_backpack_2d.lua
[1.685s] -- Up-to-date symlink: /home/user/cartographer_ws_docker/install/cartographer_ros/share/cartographer_ros//configuration_files/assets_writer_backpack_2d_ci.lua
[1.686s] -- Up-to-date symlink: /home/user/cartographer_ws_docker/install/cartographer_ros/share/cartographer_ros//configuration_files/assets_writer_backpack_3d.lua
[1.686s] -- Up-to-date symlink: /home/user/cartographer_ws_docker/install/cartographer_ros/share/cartographer_ros//configuration_files/assets_writer_ros_map.lua
[1.686s] -- Up-to-date symlink: /home/user/cartographer_ws_docker/install/cartographer_ros/share/cartographer_ros//configuration_files/backpack_2d.lua
[1.686s] -- Up-to-date symlink: /home/user/cartographer_ws_docker/install/cartographer_ros/share/cartographer_ros//configuration_files/backpack_2d_localization.lua
[1.686s] -- Up-to-date symlink: /home/user/cartographer_ws_docker/install/cartographer_ros/share/cartographer_ros//configuration_files/backpack_2d_localization_evaluation.lua
[1.686s] -- Up-to-date symlink: /home/user/cartographer_ws_docker/install/cartographer_ros/share/cartographer_ros//configuration_files/backpack_2d_server.lua
[1.686s] -- Up-to-date symlink: /home/user/cartographer_ws_docker/install/cartographer_ros/share/cartographer_ros//configuration_files/backpack_3d.lua
[1.686s] -- Up-to-date symlink: /home/user/cartographer_ws_docker/install/cartographer_ros/share/cartographer_ros//configuration_files/backpack_3d_localization.lua
[1.686s] -- Up-to-date symlink: /home/user/cartographer_ws_docker/install/cartographer_ros/share/cartographer_ros//configuration_files/cartographer.lua
[1.686s] -- Up-to-date symlink: /home/user/cartographer_ws_docker/install/cartographer_ros/share/cartographer_ros//configuration_files/demo_2d.rviz
[1.686s] -- Up-to-date symlink: /home/user/cartographer_ws_docker/install/cartographer_ros/share/cartographer_ros//configuration_files/demo_3d.rviz
[1.686s] -- Up-to-date symlink: /home/user/cartographer_ws_docker/install/cartographer_ros/share/cartographer_ros//configuration_files/mir-100-mapping.lua
[1.687s] -- Up-to-date symlink: /home/user/cartographer_ws_docker/install/cartographer_ros/share/cartographer_ros//configuration_files/my_config.lua
[1.687s] -- Up-to-date symlink: /home/user/cartographer_ws_docker/install/cartographer_ros/share/cartographer_ros//configuration_files/pr2.lua
[1.687s] -- Up-to-date symlink: /home/user/cartographer_ws_docker/install/cartographer_ros/share/cartographer_ros//configuration_files/revo_lds.lua
[1.687s] -- Up-to-date symlink: /home/user/cartographer_ws_docker/install/cartographer_ros/share/cartographer_ros//configuration_files/taurob_tracker.lua
[1.687s] -- Up-to-date symlink: /home/user/cartographer_ws_docker/install/cartographer_ros/share/cartographer_ros//configuration_files/transform.lua
[1.687s] -- Up-to-date symlink: /home/user/cartographer_ws_docker/install/cartographer_ros/share/cartographer_ros//configuration_files/turtlebot3.lua
[1.687s] -- Up-to-date symlink: /home/user/cartographer_ws_docker/install/cartographer_ros/share/cartographer_ros//configuration_files/visualize_pbstream.lua
[1.687s] -- Up-to-date symlink: /home/user/cartographer_ws_docker/install/cartographer_ros/share/cartographer_ros//urdf/backpack_2d.urdf
[1.687s] -- Up-to-date symlink: /home/user/cartographer_ws_docker/install/cartographer_ros/share/cartographer_ros//urdf/backpack_3d.urdf
[1.687s] -- Up-to-date symlink: /home/user/cartographer_ws_docker/install/cartographer_ros/share/cartographer_ros//urdf/mir-100.urdf
[1.687s] -- Up-to-date symlink: /home/user/cartographer_ws_docker/install/cartographer_ros/share/cartographer_ros//launch/assets_writer_backpack_2d.launch.py
[1.687s] -- Up-to-date symlink: /home/user/cartographer_ws_docker/install/cartographer_ros/share/cartographer_ros//launch/assets_writer_backpack_3d.launch.py
[1.687s] -- Up-to-date symlink: /home/user/cartographer_ws_docker/install/cartographer_ros/share/cartographer_ros//launch/assets_writer_ros_map.launch.py
[1.687s] -- Up-to-date symlink: /home/user/cartographer_ws_docker/install/cartographer_ros/share/cartographer_ros//launch/backpack_2d.launch.py
[1.687s] -- Up-to-date symlink: /home/user/cartographer_ws_docker/install/cartographer_ros/share/cartographer_ros//launch/backpack_3d.launch.py
[1.687s] -- Up-to-date symlink: /home/user/cartographer_ws_docker/install/cartographer_ros/share/cartographer_ros//launch/cartographer_node.launch.py
[1.687s] -- Up-to-date symlink: /home/user/cartographer_ws_docker/install/cartographer_ros/share/cartographer_ros//launch/cartographer_rviz.launch.py
[1.687s] -- Up-to-date symlink: /home/user/cartographer_ws_docker/install/cartographer_ros/share/cartographer_ros//launch/demo_backpack_2d.launch.py
[1.688s] -- Up-to-date symlink: /home/user/cartographer_ws_docker/install/cartographer_ros/share/cartographer_ros//launch/demo_backpack_2d_localization.launch.py
[1.688s] -- Up-to-date symlink: /home/user/cartographer_ws_docker/install/cartographer_ros/share/cartographer_ros//launch/demo_backpack_3d.launch.py
[1.688s] -- Up-to-date symlink: /home/user/cartographer_ws_docker/install/cartographer_ros/share/cartographer_ros//launch/demo_backpack_3d_localization.launch.py
[1.688s] -- Up-to-date symlink: /home/user/cartographer_ws_docker/install/cartographer_ros/share/cartographer_ros//launch/demo_pr2.launch
[1.688s] -- Up-to-date symlink: /home/user/cartographer_ws_docker/install/cartographer_ros/share/cartographer_ros//launch/demo_revo_lds.launch.py
[1.688s] -- Up-to-date symlink: /home/user/cartographer_ws_docker/install/cartographer_ros/share/cartographer_ros//launch/demo_taurob_tracker.launch.py
[1.688s] -- Up-to-date symlink: /home/user/cartographer_ws_docker/install/cartographer_ros/share/cartographer_ros//launch/grpc_demo_backpack_2d.launch
[1.688s] -- Up-to-date symlink: /home/user/cartographer_ws_docker/install/cartographer_ros/share/cartographer_ros//launch/grpc_demo_backpack_2d_localization.launch
[1.688s] -- Up-to-date symlink: /home/user/cartographer_ws_docker/install/cartographer_ros/share/cartographer_ros//launch/offline_backpack_2d.launch.py
[1.688s] -- Up-to-date symlink: /home/user/cartographer_ws_docker/install/cartographer_ros/share/cartographer_ros//launch/offline_backpack_3d.launch.py
[1.688s] -- Up-to-date symlink: /home/user/cartographer_ws_docker/install/cartographer_ros/share/cartographer_ros//launch/offline_mir_100_rviz.launch.py
[1.688s] -- Up-to-date symlink: /home/user/cartographer_ws_docker/install/cartographer_ros/share/cartographer_ros//launch/offline_node.launch.py
[1.688s] -- Up-to-date symlink: /home/user/cartographer_ws_docker/install/cartographer_ros/share/cartographer_ros//launch/taurob_tracker.launch.py
[1.688s] -- Up-to-date symlink: /home/user/cartographer_ws_docker/install/cartographer_ros/share/cartographer_ros//launch/turtlebot3_cartographer.launch.py
[1.689s] -- Up-to-date symlink: /home/user/cartographer_ws_docker/install/cartographer_ros/share/cartographer_ros//launch/visualize_pbstream.launch.py
[1.689s] -- Up-to-date symlink: /home/user/cartographer_ws_docker/install/cartographer_ros/share/cartographer_ros/environment/library_path.sh
[1.689s] -- Up-to-date symlink: /home/user/cartographer_ws_docker/install/cartographer_ros/share/cartographer_ros/environment/library_path.dsv
[1.689s] -- Up-to-date symlink: /home/user/cartographer_ws_docker/install/cartographer_ros/share/ament_index/resource_index/package_run_dependencies/cartographer_ros
[1.689s] -- Up-to-date symlink: /home/user/cartographer_ws_docker/install/cartographer_ros/share/ament_index/resource_index/parent_prefix_path/cartographer_ros
[1.689s] -- Up-to-date symlink: /home/user/cartographer_ws_docker/install/cartographer_ros/share/cartographer_ros/environment/ament_prefix_path.sh
[1.689s] -- Up-to-date symlink: /home/user/cartographer_ws_docker/install/cartographer_ros/share/cartographer_ros/environment/ament_prefix_path.dsv
[1.689s] -- Up-to-date symlink: /home/user/cartographer_ws_docker/install/cartographer_ros/share/cartographer_ros/environment/path.sh
[1.689s] -- Up-to-date symlink: /home/user/cartographer_ws_docker/install/cartographer_ros/share/cartographer_ros/environment/path.dsv
[1.689s] -- Up-to-date symlink: /home/user/cartographer_ws_docker/install/cartographer_ros/share/cartographer_ros/local_setup.bash
[1.689s] -- Up-to-date symlink: /home/user/cartographer_ws_docker/install/cartographer_ros/share/cartographer_ros/local_setup.sh
[1.689s] -- Up-to-date symlink: /home/user/cartographer_ws_docker/install/cartographer_ros/share/cartographer_ros/local_setup.zsh
[1.689s] -- Up-to-date symlink: /home/user/cartographer_ws_docker/install/cartographer_ros/share/cartographer_ros/local_setup.dsv
[1.689s] -- Symlinking: /home/user/cartographer_ws_docker/install/cartographer_ros/share/cartographer_ros/package.dsv
[1.693s] -- Up-to-date symlink: /home/user/cartographer_ws_docker/install/cartographer_ros/share/ament_index/resource_index/packages/cartographer_ros
[1.693s] -- Up-to-date symlink: /home/user/cartographer_ws_docker/install/cartographer_ros/share/cartographer_ros/cmake/ament_cmake_export_include_directories-extras.cmake
[1.693s] -- Up-to-date symlink: /home/user/cartographer_ws_docker/install/cartographer_ros/share/cartographer_ros/cmake/ament_cmake_export_libraries-extras.cmake
[1.693s] -- Up-to-date symlink: /home/user/cartographer_ws_docker/install/cartographer_ros/share/cartographer_ros/cmake/ament_cmake_export_dependencies-extras.cmake
[1.693s] -- Up-to-date symlink: /home/user/cartographer_ws_docker/install/cartographer_ros/share/cartographer_ros/cmake/cartographer_rosConfig.cmake
[1.693s] -- Up-to-date symlink: /home/user/cartographer_ws_docker/install/cartographer_ros/share/cartographer_ros/cmake/cartographer_rosConfig-version.cmake
[1.693s] -- Up-to-date symlink: /home/user/cartographer_ws_docker/install/cartographer_ros/share/cartographer_ros/package.xml
[1.694s] Invoked command in '/home/user/cartographer_ws_docker/build/cartographer_ros' returned '0': CMAKE_PREFIX_PATH=/home/user/cartographer_ws_docker/install/cartographer_ros_msgs:/home/user/cartographer_ws_docker/install/cartographer:/home/user/cartographer_ws_docker/install/cartographer_rviz:/home/user/cartographer_ws_docker/install/cartographer_ros:/opt/ros/humble LD_LIBRARY_PATH=/home/user/cartographer_ws_docker/install/cartographer_ros_msgs/lib:/home/user/cartographer_ws_docker/install/cartographer_rviz/lib:/home/user/cartographer_ws_docker/install/cartographer_ros/lib:/usr/lib/x86_64-linux-gnu/gazebo-11/plugins:/opt/ros/humble/opt/rviz_ogre_vendor/lib:/opt/ros/humble/lib/x86_64-linux-gnu:/opt/ros/humble/lib:/usr/lib/x86_64-linux-gnu/gazebo-11/plugins /usr/bin/cmake --install /home/user/cartographer_ws_docker/build/cartographer_ros
