[0.011s] Invoking command in '/root/cartographer_ws_docker/build/cartographer_ros': AMENT_PREFIX_PATH=/root/cartographer_ws_docker/install/cartographer_ros_msgs:${AMENT_PREFIX_PATH} CMAKE_PREFIX_PATH=/root/cartographer_ws_docker/install/cartographer_ros_msgs:/root/cartographer_ws_docker/install/cartographer:/opt/ros/humble LD_LIBRARY_PATH=/root/cartographer_ws_docker/install/cartographer_ros_msgs/lib:${LD_LIBRARY_PATH} PATH=/root/cartographer_ws_docker/install/cartographer/bin:${PATH} PKG_CONFIG_PATH=/root/cartographer_ws_docker/install/cartographer/lib/x86_64-linux-gnu/pkgconfig:/root/cartographer_ws_docker/install/cartographer/lib/pkgconfig PYTHONPATH=/root/cartographer_ws_docker/install/cartographer_ros_msgs/local/lib/python3.10/dist-packages:${PYTHONPATH} /usr/bin/cmake /root/cartographer_ws_docker/src/cartographer_ros/cartographer_ros -DAMENT_CMAKE_SYMLINK_INSTALL=1 -DCMAKE_INSTALL_PREFIX=/root/cartographer_ws_docker/install/cartographer_ros
[0.070s] -- The C compiler identification is GNU 11.4.0
[0.131s] -- The CXX compiler identification is GNU 11.4.0
[0.138s] -- Detecting C compiler ABI info
[0.215s] -- Detecting C compiler ABI info - done
[0.223s] -- Check for working C compiler: /usr/bin/cc - skipped
[0.223s] -- Detecting C compile features
[0.223s] -- Detecting C compile features - done
[0.226s] -- Detecting CXX compiler ABI info
[0.316s] -- Detecting CXX compiler ABI info - done
[0.324s] -- Check for working CXX compiler: /usr/bin/c++ - skipped
[0.324s] -- Detecting CXX compile features
[0.325s] -- Detecting CXX compile features - done
[0.329s] -- Found ament_cmake: 1.3.9 (/opt/ros/humble/share/ament_cmake/cmake)
[0.492s] -- Found Python3: /usr/bin/python3 (found version "3.10.12") found components: Interpreter 
[0.559s] -- Override CMake install command with custom implementation using symlinks instead of copying resources
[0.602s] -- Found builtin_interfaces: 1.2.1 (/opt/ros/humble/share/builtin_interfaces/cmake)
[0.647s] -- Found rosidl_generator_c: 3.1.5 (/opt/ros/humble/share/rosidl_generator_c/cmake)
[0.654s] -- Found rosidl_adapter: 3.1.5 (/opt/ros/humble/share/rosidl_adapter/cmake)
[0.666s] -- Found rosidl_generator_cpp: 3.1.5 (/opt/ros/humble/share/rosidl_generator_cpp/cmake)
[0.686s] -- Using all available rosidl_typesupport_c: rosidl_typesupport_fastrtps_c;rosidl_typesupport_introspection_c
[0.710s] -- Using all available rosidl_typesupport_cpp: rosidl_typesupport_fastrtps_cpp;rosidl_typesupport_introspection_cpp
[0.736s] -- Looking for pthread.h
[0.816s] -- Looking for pthread.h - found
[0.816s] -- Performing Test CMAKE_HAVE_LIBC_PTHREAD
[0.898s] -- Performing Test CMAKE_HAVE_LIBC_PTHREAD - Success
[0.899s] -- Found Threads: TRUE  
[0.909s] -- Found required Ceres dependency: Eigen version 3.4.0 in /usr/include/eigen3
[0.917s] -- Found required Ceres dependency: glog
[0.918s] -- Found required Ceres dependency: gflags
[0.918s] -- Found Ceres version: 2.0.0 installed in: /usr with components: [EigenSparse, SparseLinearAlgebraLibrary, LAPACK, SuiteSparse, CXSparse, SchurSpecializations, Multithreading]
[0.929s] -- Found cartographer_ros_msgs: 2.0.9003 (/root/cartographer_ws_docker/install/cartographer_ros_msgs/share/cartographer_ros_msgs/cmake)
[1.179s] -- Checking for module 'eigen3'
[1.193s] --   Found eigen3, version 3.4.0
[1.227s] -- Found Eigen: /usr/include/eigen3 (Required is at least version "3.1") 
[1.227s] -- Eigen found (include: /usr/include/eigen3, version: 3.4.0)
[1.256s] -- Found Boost: /usr/lib/x86_64-linux-gnu/cmake/Boost-1.74.0/BoostConfig.cmake (found suitable version "1.74.0", minimum required is "1.65.0") found components: system filesystem date_time iostreams serialization 
[1.257s] -- looking for PCL_COMMON
[1.258s] -- Found PCL_COMMON: /usr/lib/x86_64-linux-gnu/libpcl_common.so  
[1.258s] -- Found PCL: pcl_common;Boost::system;Boost::filesystem;Boost::date_time;Boost::iostreams;Boost::serialization  
[1.261s] -- Found nav_msgs: 4.2.4 (/opt/ros/humble/share/nav_msgs/cmake)
[1.362s] -- Found pcl_conversions: 2.4.0 (/opt/ros/humble/share/pcl_conversions/cmake)
[1.449s] -- Found rmw_implementation_cmake: 6.1.2 (/opt/ros/humble/share/rmw_implementation_cmake/cmake)
[1.453s] -- Found rmw_fastrtps_cpp: 6.2.6 (/opt/ros/humble/share/rmw_fastrtps_cpp/cmake)
[1.576s] -- Found OpenSSL: /usr/lib/x86_64-linux-gnu/libcrypto.so (found version "3.0.2")  
[1.612s] -- Found FastRTPS: /opt/ros/humble/include  
[1.676s] -- Using RMW implementation 'rmw_fastrtps_cpp' as default
[2.167s] -- Found rosbag2_cpp: 0.15.11 (/opt/ros/humble/share/rosbag2_cpp/cmake)
[2.236s] -- Found tf2: 0.25.7 (/opt/ros/humble/share/tf2/cmake)
[2.247s] -- Found tf2_eigen: 0.25.7 (/opt/ros/humble/share/tf2_eigen/cmake)
[2.653s] -- Found urdf: 2.6.0 (/opt/ros/humble/share/urdf/cmake)
[2.667s] -- Found visualization_msgs: 4.2.4 (/opt/ros/humble/share/visualization_msgs/cmake)
[3.753s] -- Configuring done
[4.048s] -- Generating done
[4.050s] -- Build files have been written to: /root/cartographer_ws_docker/build/cartographer_ros
[4.065s] Invoked command in '/root/cartographer_ws_docker/build/cartographer_ros' returned '0': AMENT_PREFIX_PATH=/root/cartographer_ws_docker/install/cartographer_ros_msgs:${AMENT_PREFIX_PATH} CMAKE_PREFIX_PATH=/root/cartographer_ws_docker/install/cartographer_ros_msgs:/root/cartographer_ws_docker/install/cartographer:/opt/ros/humble LD_LIBRARY_PATH=/root/cartographer_ws_docker/install/cartographer_ros_msgs/lib:${LD_LIBRARY_PATH} PATH=/root/cartographer_ws_docker/install/cartographer/bin:${PATH} PKG_CONFIG_PATH=/root/cartographer_ws_docker/install/cartographer/lib/x86_64-linux-gnu/pkgconfig:/root/cartographer_ws_docker/install/cartographer/lib/pkgconfig PYTHONPATH=/root/cartographer_ws_docker/install/cartographer_ros_msgs/local/lib/python3.10/dist-packages:${PYTHONPATH} /usr/bin/cmake /root/cartographer_ws_docker/src/cartographer_ros/cartographer_ros -DAMENT_CMAKE_SYMLINK_INSTALL=1 -DCMAKE_INSTALL_PREFIX=/root/cartographer_ws_docker/install/cartographer_ros
[4.067s] Invoking command in '/root/cartographer_ws_docker/build/cartographer_ros': AMENT_PREFIX_PATH=/root/cartographer_ws_docker/install/cartographer_ros_msgs:${AMENT_PREFIX_PATH} CMAKE_PREFIX_PATH=/root/cartographer_ws_docker/install/cartographer_ros_msgs:/root/cartographer_ws_docker/install/cartographer:/opt/ros/humble LD_LIBRARY_PATH=/root/cartographer_ws_docker/install/cartographer_ros_msgs/lib:${LD_LIBRARY_PATH} PATH=/root/cartographer_ws_docker/install/cartographer/bin:${PATH} PKG_CONFIG_PATH=/root/cartographer_ws_docker/install/cartographer/lib/x86_64-linux-gnu/pkgconfig:/root/cartographer_ws_docker/install/cartographer/lib/pkgconfig PYTHONPATH=/root/cartographer_ws_docker/install/cartographer_ros_msgs/local/lib/python3.10/dist-packages:${PYTHONPATH} /usr/bin/cmake --build /root/cartographer_ws_docker/build/cartographer_ros -- -j8 -l8
[4.130s] [  5%] [32mBuilding CXX object CMakeFiles/cartographer_ros.dir/src/node.cpp.o[0m
[4.130s] [  5%] [32mBuilding CXX object CMakeFiles/cartographer_ros.dir/src/node_options.cpp.o[0m
[4.132s] [ 11%] [32mBuilding CXX object CMakeFiles/cartographer_ros.dir/src/map_builder_bridge.cpp.o[0m
[4.132s] [ 14%] [32mBuilding CXX object CMakeFiles/cartographer_ros.dir/src/msg_conversion.cpp.o[0m
[4.132s] [ 14%] [32mBuilding CXX object CMakeFiles/cartographer_ros.dir/src/assets_writer.cpp.o[0m
[4.132s] [ 17%] [32mBuilding CXX object CMakeFiles/cartographer_ros.dir/src/node_constants.cpp.o[0m
[4.146s] [ 22%] [32mBuilding CXX object CMakeFiles/cartographer_ros.dir/src/offline_node.cpp.o[0m
[4.146s] [ 22%] [32mBuilding CXX object CMakeFiles/cartographer_ros.dir/src/playable_bag.cpp.o[0m
[5.145s] [ 25%] [32mBuilding CXX object CMakeFiles/cartographer_ros.dir/src/ros_log_sink.cpp.o[0m
[13.540s] [ 28%] [32mBuilding CXX object CMakeFiles/cartographer_ros.dir/src/ros_map.cpp.o[0m
[14.365s] [ 31%] [32mBuilding CXX object CMakeFiles/cartographer_ros.dir/src/ros_map_writing_points_processor.cpp.o[0m
[20.225s] [ 34%] [32mBuilding CXX object CMakeFiles/cartographer_ros.dir/src/sensor_bridge.cpp.o[0m
[23.817s] [ 37%] [32mBuilding CXX object CMakeFiles/cartographer_ros.dir/src/submap.cpp.o[0m
[25.032s] [ 40%] [32mBuilding CXX object CMakeFiles/cartographer_ros.dir/src/tf_bridge.cpp.o[0m
[29.189s] [ 42%] [32mBuilding CXX object CMakeFiles/cartographer_ros.dir/src/time_conversion.cpp.o[0m
[30.983s] [ 45%] [32mBuilding CXX object CMakeFiles/cartographer_ros.dir/src/trajectory_options.cpp.o[0m
[33.343s] [ 48%] [32mBuilding CXX object CMakeFiles/cartographer_ros.dir/src/urdf_reader.cpp.o[0m
[38.291s] [ 51%] [32mBuilding CXX object CMakeFiles/cartographer_ros.dir/src/metrics/family_factory.cpp.o[0m
[40.030s] [ 54%] [32mBuilding CXX object CMakeFiles/cartographer_ros.dir/src/metrics/internal/family.cpp.o[0m
[40.783s] [ 57%] [32mBuilding CXX object CMakeFiles/cartographer_ros.dir/src/metrics/internal/histogram.cpp.o[0m
[71.565s] [ 60%] [32m[1mLinking CXX static library libcartographer_ros.a[0m
[72.957s] [ 60%] Built target cartographer_ros
[72.990s] [ 62%] [32mBuilding CXX object CMakeFiles/cartographer_offline_node.dir/src/offline_node_main.cpp.o[0m
[72.990s] [ 65%] [32mBuilding CXX object CMakeFiles/cartographer_pbstream_map_publisher.dir/src/pbstream_map_publisher_main.cpp.o[0m
[72.993s] [ 68%] [32mBuilding CXX object CMakeFiles/cartographer_node.dir/src/node_main.cpp.o[0m
[72.993s] [ 71%] [32mBuilding CXX object CMakeFiles/cartographer_occupancy_grid_node.dir/src/occupancy_grid_node_main.cpp.o[0m
[72.994s] [ 74%] [32mBuilding CXX object CMakeFiles/cartographer_rosbag_validate.dir/src/rosbag_validate_main.cpp.o[0m
[72.994s] [ 77%] [32mBuilding CXX object CMakeFiles/cartographer_pbstream_to_ros_map.dir/src/pbstream_to_ros_map_main.cpp.o[0m
[72.994s] [ 80%] [32mBuilding CXX object CMakeFiles/cartographer_assets_writer.dir/src/assets_writer_main.cpp.o[0m
[87.651s] [ 82%] [32m[1mLinking CXX executable cartographer_offline_node[0m
[87.811s] [ 85%] [32m[1mLinking CXX executable cartographer_pbstream_to_ros_map[0m
[88.776s] [ 85%] Built target cartographer_pbstream_to_ros_map
[91.279s] [ 88%] [32m[1mLinking CXX executable cartographer_assets_writer[0m
[92.509s] [ 91%] [32m[1mLinking CXX executable cartographer_node[0m
[93.289s] [ 94%] [32m[1mLinking CXX executable cartographer_pbstream_map_publisher[0m
[93.882s] [ 94%] Built target cartographer_assets_writer
[94.637s] [ 94%] Built target cartographer_pbstream_map_publisher
[95.588s] [ 97%] [32m[1mLinking CXX executable cartographer_rosbag_validate[0m
[96.634s] [ 97%] Built target cartographer_rosbag_validate
[97.275s] [ 97%] Built target cartographer_offline_node
[99.137s] [ 97%] Built target cartographer_node
[100.281s] [100%] [32m[1mLinking CXX executable cartographer_occupancy_grid_node[0m
[101.574s] [100%] Built target cartographer_occupancy_grid_node
[101.588s] Invoked command in '/root/cartographer_ws_docker/build/cartographer_ros' returned '0': AMENT_PREFIX_PATH=/root/cartographer_ws_docker/install/cartographer_ros_msgs:${AMENT_PREFIX_PATH} CMAKE_PREFIX_PATH=/root/cartographer_ws_docker/install/cartographer_ros_msgs:/root/cartographer_ws_docker/install/cartographer:/opt/ros/humble LD_LIBRARY_PATH=/root/cartographer_ws_docker/install/cartographer_ros_msgs/lib:${LD_LIBRARY_PATH} PATH=/root/cartographer_ws_docker/install/cartographer/bin:${PATH} PKG_CONFIG_PATH=/root/cartographer_ws_docker/install/cartographer/lib/x86_64-linux-gnu/pkgconfig:/root/cartographer_ws_docker/install/cartographer/lib/pkgconfig PYTHONPATH=/root/cartographer_ws_docker/install/cartographer_ros_msgs/local/lib/python3.10/dist-packages:${PYTHONPATH} /usr/bin/cmake --build /root/cartographer_ws_docker/build/cartographer_ros -- -j8 -l8
[101.700s] Invoking command in '/root/cartographer_ws_docker/build/cartographer_ros': AMENT_PREFIX_PATH=/root/cartographer_ws_docker/install/cartographer_ros_msgs:${AMENT_PREFIX_PATH} CMAKE_PREFIX_PATH=/root/cartographer_ws_docker/install/cartographer_ros_msgs:/root/cartographer_ws_docker/install/cartographer:/opt/ros/humble LD_LIBRARY_PATH=/root/cartographer_ws_docker/install/cartographer_ros_msgs/lib:${LD_LIBRARY_PATH} PATH=/root/cartographer_ws_docker/install/cartographer/bin:${PATH} PKG_CONFIG_PATH=/root/cartographer_ws_docker/install/cartographer/lib/x86_64-linux-gnu/pkgconfig:/root/cartographer_ws_docker/install/cartographer/lib/pkgconfig PYTHONPATH=/root/cartographer_ws_docker/install/cartographer_ros_msgs/local/lib/python3.10/dist-packages:${PYTHONPATH} /usr/bin/cmake --install /root/cartographer_ws_docker/build/cartographer_ros
[101.708s] -- Install configuration: ""
[101.709s] -- Execute custom install script
[101.709s] -- Symlinking: /root/cartographer_ws_docker/install/cartographer_ros/lib/libcartographer_ros.a
[101.720s] -- Symlinking: /root/cartographer_ws_docker/install/cartographer_ros/lib/cartographer_ros/cartographer_node
[101.731s] -- Symlinking: /root/cartographer_ws_docker/install/cartographer_ros/lib/cartographer_ros/cartographer_occupancy_grid_node
[101.742s] -- Symlinking: /root/cartographer_ws_docker/install/cartographer_ros/lib/cartographer_ros/cartographer_offline_node
[101.752s] -- Symlinking: /root/cartographer_ws_docker/install/cartographer_ros/lib/cartographer_ros/cartographer_assets_writer
[101.762s] -- Symlinking: /root/cartographer_ws_docker/install/cartographer_ros/lib/cartographer_ros/cartographer_pbstream_map_publisher
[101.773s] -- Symlinking: /root/cartographer_ws_docker/install/cartographer_ros/lib/cartographer_ros/cartographer_pbstream_to_ros_map
[101.783s] -- Symlinking: /root/cartographer_ws_docker/install/cartographer_ros/lib/cartographer_ros/cartographer_rosbag_validate
[101.794s] -- Symlinking: /root/cartographer_ws_docker/install/cartographer_ros/include//cartographer_ros/assets_writer.h
[101.804s] -- Symlinking: /root/cartographer_ws_docker/install/cartographer_ros/include//cartographer_ros/map_builder_bridge.h
[101.815s] -- Symlinking: /root/cartographer_ws_docker/install/cartographer_ros/include//cartographer_ros/metrics/family_factory.h
[101.825s] -- Symlinking: /root/cartographer_ws_docker/install/cartographer_ros/include//cartographer_ros/metrics/internal/counter.h
[101.836s] -- Symlinking: /root/cartographer_ws_docker/install/cartographer_ros/include//cartographer_ros/metrics/internal/family.h
[101.847s] -- Symlinking: /root/cartographer_ws_docker/install/cartographer_ros/include//cartographer_ros/metrics/internal/gauge.h
[101.857s] -- Symlinking: /root/cartographer_ws_docker/install/cartographer_ros/include//cartographer_ros/metrics/internal/histogram.h
[101.868s] -- Symlinking: /root/cartographer_ws_docker/install/cartographer_ros/include//cartographer_ros/msg_conversion.h
[101.878s] -- Symlinking: /root/cartographer_ws_docker/install/cartographer_ros/include//cartographer_ros/node.h
[101.888s] -- Symlinking: /root/cartographer_ws_docker/install/cartographer_ros/include//cartographer_ros/node_constants.h
[101.899s] -- Symlinking: /root/cartographer_ws_docker/install/cartographer_ros/include//cartographer_ros/node_options.h
[101.910s] -- Symlinking: /root/cartographer_ws_docker/install/cartographer_ros/include//cartographer_ros/offline_node.h
[101.921s] -- Symlinking: /root/cartographer_ws_docker/install/cartographer_ros/include//cartographer_ros/playable_bag.h
[101.931s] -- Symlinking: /root/cartographer_ws_docker/install/cartographer_ros/include//cartographer_ros/ros_log_sink.h
[101.942s] -- Symlinking: /root/cartographer_ws_docker/install/cartographer_ros/include//cartographer_ros/ros_map.h
[101.952s] -- Symlinking: /root/cartographer_ws_docker/install/cartographer_ros/include//cartographer_ros/ros_map_writing_points_processor.h
[101.963s] -- Symlinking: /root/cartographer_ws_docker/install/cartographer_ros/include//cartographer_ros/sensor_bridge.h
[101.974s] -- Symlinking: /root/cartographer_ws_docker/install/cartographer_ros/include//cartographer_ros/submap.h
[101.984s] -- Symlinking: /root/cartographer_ws_docker/install/cartographer_ros/include//cartographer_ros/tf_bridge.h
[101.995s] -- Symlinking: /root/cartographer_ws_docker/install/cartographer_ros/include//cartographer_ros/time_conversion.h
[102.006s] -- Symlinking: /root/cartographer_ws_docker/install/cartographer_ros/include//cartographer_ros/trajectory_options.h
[102.017s] -- Symlinking: /root/cartographer_ws_docker/install/cartographer_ros/include//cartographer_ros/urdf_reader.h
[102.028s] -- Symlinking: /root/cartographer_ws_docker/install/cartographer_ros/share/cartographer_ros//configuration_files/assets_writer_backpack_2d.lua
[102.038s] -- Symlinking: /root/cartographer_ws_docker/install/cartographer_ros/share/cartographer_ros//configuration_files/assets_writer_backpack_2d_ci.lua
[102.049s] -- Symlinking: /root/cartographer_ws_docker/install/cartographer_ros/share/cartographer_ros//configuration_files/assets_writer_backpack_3d.lua
[102.060s] -- Symlinking: /root/cartographer_ws_docker/install/cartographer_ros/share/cartographer_ros//configuration_files/assets_writer_ros_map.lua
[102.071s] -- Symlinking: /root/cartographer_ws_docker/install/cartographer_ros/share/cartographer_ros//configuration_files/backpack_2d.lua
[102.081s] -- Symlinking: /root/cartographer_ws_docker/install/cartographer_ros/share/cartographer_ros//configuration_files/backpack_2d_localization.lua
[102.092s] -- Symlinking: /root/cartographer_ws_docker/install/cartographer_ros/share/cartographer_ros//configuration_files/backpack_2d_localization_evaluation.lua
[102.102s] -- Symlinking: /root/cartographer_ws_docker/install/cartographer_ros/share/cartographer_ros//configuration_files/backpack_2d_server.lua
[102.113s] -- Symlinking: /root/cartographer_ws_docker/install/cartographer_ros/share/cartographer_ros//configuration_files/backpack_3d.lua
[102.123s] -- Symlinking: /root/cartographer_ws_docker/install/cartographer_ros/share/cartographer_ros//configuration_files/backpack_3d_localization.lua
[102.134s] -- Symlinking: /root/cartographer_ws_docker/install/cartographer_ros/share/cartographer_ros//configuration_files/demo_2d.rviz
[102.145s] -- Symlinking: /root/cartographer_ws_docker/install/cartographer_ros/share/cartographer_ros//configuration_files/demo_3d.rviz
[102.155s] -- Symlinking: /root/cartographer_ws_docker/install/cartographer_ros/share/cartographer_ros//configuration_files/mir-100-mapping.lua
[102.166s] -- Symlinking: /root/cartographer_ws_docker/install/cartographer_ros/share/cartographer_ros//configuration_files/my_config.lua
[102.177s] -- Symlinking: /root/cartographer_ws_docker/install/cartographer_ros/share/cartographer_ros//configuration_files/pr2.lua
[102.187s] -- Symlinking: /root/cartographer_ws_docker/install/cartographer_ros/share/cartographer_ros//configuration_files/revo_lds.lua
[102.198s] -- Symlinking: /root/cartographer_ws_docker/install/cartographer_ros/share/cartographer_ros//configuration_files/taurob_tracker.lua
[102.209s] -- Symlinking: /root/cartographer_ws_docker/install/cartographer_ros/share/cartographer_ros//configuration_files/transform.lua
[102.219s] -- Symlinking: /root/cartographer_ws_docker/install/cartographer_ros/share/cartographer_ros//configuration_files/turtlebot3.lua
[102.230s] -- Symlinking: /root/cartographer_ws_docker/install/cartographer_ros/share/cartographer_ros//configuration_files/visualize_pbstream.lua
[102.241s] -- Symlinking: /root/cartographer_ws_docker/install/cartographer_ros/share/cartographer_ros//urdf/backpack_2d.urdf
[102.252s] -- Symlinking: /root/cartographer_ws_docker/install/cartographer_ros/share/cartographer_ros//urdf/backpack_3d.urdf
[102.262s] -- Symlinking: /root/cartographer_ws_docker/install/cartographer_ros/share/cartographer_ros//urdf/mir-100.urdf
[102.273s] -- Symlinking: /root/cartographer_ws_docker/install/cartographer_ros/share/cartographer_ros//launch/assets_writer_backpack_2d.launch.py
[102.284s] -- Symlinking: /root/cartographer_ws_docker/install/cartographer_ros/share/cartographer_ros//launch/assets_writer_backpack_3d.launch.py
[102.295s] -- Symlinking: /root/cartographer_ws_docker/install/cartographer_ros/share/cartographer_ros//launch/assets_writer_ros_map.launch.py
[102.305s] -- Symlinking: /root/cartographer_ws_docker/install/cartographer_ros/share/cartographer_ros//launch/backpack_2d.launch.py
[102.315s] -- Symlinking: /root/cartographer_ws_docker/install/cartographer_ros/share/cartographer_ros//launch/backpack_3d.launch.py
[102.326s] -- Symlinking: /root/cartographer_ws_docker/install/cartographer_ros/share/cartographer_ros//launch/cartographer_node.launch.py
[102.336s] -- Symlinking: /root/cartographer_ws_docker/install/cartographer_ros/share/cartographer_ros//launch/cartographer_rviz.launch.py
[102.347s] -- Symlinking: /root/cartographer_ws_docker/install/cartographer_ros/share/cartographer_ros//launch/demo_backpack_2d.launch.py
[102.357s] -- Symlinking: /root/cartographer_ws_docker/install/cartographer_ros/share/cartographer_ros//launch/demo_backpack_2d_localization.launch.py
[102.367s] -- Symlinking: /root/cartographer_ws_docker/install/cartographer_ros/share/cartographer_ros//launch/demo_backpack_3d.launch.py
[102.377s] -- Symlinking: /root/cartographer_ws_docker/install/cartographer_ros/share/cartographer_ros//launch/demo_backpack_3d_localization.launch.py
[102.387s] -- Symlinking: /root/cartographer_ws_docker/install/cartographer_ros/share/cartographer_ros//launch/demo_pr2.launch
[102.397s] -- Symlinking: /root/cartographer_ws_docker/install/cartographer_ros/share/cartographer_ros//launch/demo_revo_lds.launch.py
[102.407s] -- Symlinking: /root/cartographer_ws_docker/install/cartographer_ros/share/cartographer_ros//launch/demo_taurob_tracker.launch.py
[102.417s] -- Symlinking: /root/cartographer_ws_docker/install/cartographer_ros/share/cartographer_ros//launch/frames_2024-07-07_06.16.25.gv
[102.427s] -- Symlinking: /root/cartographer_ws_docker/install/cartographer_ros/share/cartographer_ros//launch/frames_2024-07-07_06.16.25.pdf
[102.437s] -- Symlinking: /root/cartographer_ws_docker/install/cartographer_ros/share/cartographer_ros//launch/grpc_demo_backpack_2d.launch
[102.447s] -- Symlinking: /root/cartographer_ws_docker/install/cartographer_ros/share/cartographer_ros//launch/grpc_demo_backpack_2d_localization.launch
[102.457s] -- Symlinking: /root/cartographer_ws_docker/install/cartographer_ros/share/cartographer_ros//launch/offline_backpack_2d.launch.py
[102.467s] -- Symlinking: /root/cartographer_ws_docker/install/cartographer_ros/share/cartographer_ros//launch/offline_backpack_3d.launch.py
[102.477s] -- Symlinking: /root/cartographer_ws_docker/install/cartographer_ros/share/cartographer_ros//launch/offline_mir_100_rviz.launch.py
[102.487s] -- Symlinking: /root/cartographer_ws_docker/install/cartographer_ros/share/cartographer_ros//launch/offline_node.launch.py
[102.497s] -- Symlinking: /root/cartographer_ws_docker/install/cartographer_ros/share/cartographer_ros//launch/taurob_tracker.launch.py
[102.508s] -- Symlinking: /root/cartographer_ws_docker/install/cartographer_ros/share/cartographer_ros//launch/turtlebot3_cartographer.launch.py
[102.517s] -- Symlinking: /root/cartographer_ws_docker/install/cartographer_ros/share/cartographer_ros//launch/visualize_pbstream.launch.py
[102.527s] -- Symlinking: /root/cartographer_ws_docker/install/cartographer_ros/share/cartographer_ros/environment/library_path.sh
[102.537s] -- Symlinking: /root/cartographer_ws_docker/install/cartographer_ros/share/cartographer_ros/environment/library_path.dsv
[102.547s] -- Symlinking: /root/cartographer_ws_docker/install/cartographer_ros/share/ament_index/resource_index/package_run_dependencies/cartographer_ros
[102.557s] -- Symlinking: /root/cartographer_ws_docker/install/cartographer_ros/share/ament_index/resource_index/parent_prefix_path/cartographer_ros
[102.567s] -- Symlinking: /root/cartographer_ws_docker/install/cartographer_ros/share/cartographer_ros/environment/ament_prefix_path.sh
[102.577s] -- Symlinking: /root/cartographer_ws_docker/install/cartographer_ros/share/cartographer_ros/environment/ament_prefix_path.dsv
[102.588s] -- Symlinking: /root/cartographer_ws_docker/install/cartographer_ros/share/cartographer_ros/environment/path.sh
[102.598s] -- Symlinking: /root/cartographer_ws_docker/install/cartographer_ros/share/cartographer_ros/environment/path.dsv
[102.609s] -- Symlinking: /root/cartographer_ws_docker/install/cartographer_ros/share/cartographer_ros/local_setup.bash
[102.619s] -- Symlinking: /root/cartographer_ws_docker/install/cartographer_ros/share/cartographer_ros/local_setup.sh
[102.630s] -- Symlinking: /root/cartographer_ws_docker/install/cartographer_ros/share/cartographer_ros/local_setup.zsh
[102.641s] -- Symlinking: /root/cartographer_ws_docker/install/cartographer_ros/share/cartographer_ros/local_setup.dsv
[102.651s] -- Symlinking: /root/cartographer_ws_docker/install/cartographer_ros/share/cartographer_ros/package.dsv
[102.662s] -- Symlinking: /root/cartographer_ws_docker/install/cartographer_ros/share/ament_index/resource_index/packages/cartographer_ros
[102.672s] -- Symlinking: /root/cartographer_ws_docker/install/cartographer_ros/share/cartographer_ros/cmake/ament_cmake_export_include_directories-extras.cmake
[102.683s] -- Symlinking: /root/cartographer_ws_docker/install/cartographer_ros/share/cartographer_ros/cmake/ament_cmake_export_libraries-extras.cmake
[102.694s] -- Symlinking: /root/cartographer_ws_docker/install/cartographer_ros/share/cartographer_ros/cmake/ament_cmake_export_dependencies-extras.cmake
[102.705s] -- Symlinking: /root/cartographer_ws_docker/install/cartographer_ros/share/cartographer_ros/cmake/cartographer_rosConfig.cmake
[102.716s] -- Symlinking: /root/cartographer_ws_docker/install/cartographer_ros/share/cartographer_ros/cmake/cartographer_rosConfig-version.cmake
[102.726s] -- Symlinking: /root/cartographer_ws_docker/install/cartographer_ros/share/cartographer_ros/package.xml
[102.739s] Invoked command in '/root/cartographer_ws_docker/build/cartographer_ros' returned '0': AMENT_PREFIX_PATH=/root/cartographer_ws_docker/install/cartographer_ros_msgs:${AMENT_PREFIX_PATH} CMAKE_PREFIX_PATH=/root/cartographer_ws_docker/install/cartographer_ros_msgs:/root/cartographer_ws_docker/install/cartographer:/opt/ros/humble LD_LIBRARY_PATH=/root/cartographer_ws_docker/install/cartographer_ros_msgs/lib:${LD_LIBRARY_PATH} PATH=/root/cartographer_ws_docker/install/cartographer/bin:${PATH} PKG_CONFIG_PATH=/root/cartographer_ws_docker/install/cartographer/lib/x86_64-linux-gnu/pkgconfig:/root/cartographer_ws_docker/install/cartographer/lib/pkgconfig PYTHONPATH=/root/cartographer_ws_docker/install/cartographer_ros_msgs/local/lib/python3.10/dist-packages:${PYTHONPATH} /usr/bin/cmake --install /root/cartographer_ws_docker/build/cartographer_ros
