[0.007s] Invoking command in '/home/user/cartographer_ws_docker/build/cartographer_ros': AMENT_PREFIX_PATH=/home/user/cartographer_ws_docker/install/cartographer_ros_msgs:${AMENT_PREFIX_PATH} CMAKE_PREFIX_PATH=/home/user/cartographer_ws_docker/install/cartographer_ros_msgs:/home/user/cartographer_ws_docker/install/cartographer:/opt/ros/humble LD_LIBRARY_PATH=/home/user/cartographer_ws_docker/install/cartographer_ros_msgs/lib:/usr/lib/x86_64-linux-gnu/gazebo-11/plugins:/opt/ros/humble/opt/rviz_ogre_vendor/lib:/opt/ros/humble/lib/x86_64-linux-gnu:/opt/ros/humble/lib:/usr/lib/x86_64-linux-gnu/gazebo-11/plugins PATH=/home/user/cartographer_ws_docker/install/cartographer/bin:${PATH} PKG_CONFIG_PATH=/home/user/cartographer_ws_docker/install/cartographer/lib/x86_64-linux-gnu/pkgconfig:/home/user/cartographer_ws_docker/install/cartographer/lib/pkgconfig PYTHONPATH=/home/user/cartographer_ws_docker/install/cartographer_ros_msgs/local/lib/python3.10/dist-packages:${PYTHONPATH} /usr/bin/cmake /home/user/cartographer_ws_docker/src/cartographer_ros/cartographer_ros -DAMENT_CMAKE_SYMLINK_INSTALL=1 -DCMAKE_INSTALL_PREFIX=/home/user/cartographer_ws_docker/install/cartographer_ros
[0.042s] -- The C compiler identification is GNU 11.4.0
[0.072s] -- The CXX compiler identification is GNU 11.4.0
[0.080s] -- Detecting C compiler ABI info
[0.112s] -- Detecting C compiler ABI info - done
[0.116s] -- Check for working C compiler: /usr/bin/cc - skipped
[0.117s] -- Detecting C compile features
[0.117s] -- Detecting C compile features - done
[0.119s] -- Detecting CXX compiler ABI info
[0.156s] -- Detecting CXX compiler ABI info - done
[0.160s] -- Check for working CXX compiler: /usr/bin/c++ - skipped
[0.160s] -- Detecting CXX compile features
[0.160s] -- Detecting CXX compile features - done
[0.170s] -- Found ament_cmake: 1.3.9 (/opt/ros/humble/share/ament_cmake/cmake)
[0.257s] -- Found Python3: /usr/bin/python3 (found version "3.10.12") found components: Interpreter 
[0.303s] -- Override CMake install command with custom implementation using symlinks instead of copying resources
[0.326s] -- Found builtin_interfaces: 1.2.1 (/opt/ros/humble/share/builtin_interfaces/cmake)
[0.356s] -- Found rosidl_generator_c: 3.1.5 (/opt/ros/humble/share/rosidl_generator_c/cmake)
[0.360s] -- Found rosidl_adapter: 3.1.5 (/opt/ros/humble/share/rosidl_adapter/cmake)
[0.367s] -- Found rosidl_generator_cpp: 3.1.5 (/opt/ros/humble/share/rosidl_generator_cpp/cmake)
[0.379s] -- Using all available rosidl_typesupport_c: rosidl_typesupport_fastrtps_c;rosidl_typesupport_introspection_c
[0.394s] -- Using all available rosidl_typesupport_cpp: rosidl_typesupport_fastrtps_cpp;rosidl_typesupport_introspection_cpp
[0.408s] -- Looking for pthread.h
[0.443s] -- Looking for pthread.h - found
[0.443s] -- Performing Test CMAKE_HAVE_LIBC_PTHREAD
[0.478s] -- Performing Test CMAKE_HAVE_LIBC_PTHREAD - Success
[0.478s] -- Found Threads: TRUE  
[0.483s] -- Found required Ceres dependency: Eigen version 3.4.0 in /usr/include/eigen3
[0.487s] -- Found required Ceres dependency: glog
[0.487s] -- Found required Ceres dependency: gflags
[0.488s] -- Found Ceres version: 2.0.0 installed in: /usr with components: [EigenSparse, SparseLinearAlgebraLibrary, LAPACK, SuiteSparse, CXSparse, SchurSpecializations, Multithreading]
[0.494s] -- Found cartographer_ros_msgs: 2.0.9003 (/home/user/cartographer_ws_docker/install/cartographer_ros_msgs/share/cartographer_ros_msgs/cmake)
[0.609s] -- Checking for module 'eigen3'
[0.616s] --   Found eigen3, version 3.4.0
[0.630s] -- Found Eigen: /usr/include/eigen3 (Required is at least version "3.1") 
[0.630s] -- Eigen found (include: /usr/include/eigen3, version: 3.4.0)
[0.648s] -- Found Boost: /usr/lib/x86_64-linux-gnu/cmake/Boost-1.74.0/BoostConfig.cmake (found suitable version "1.74.0", minimum required is "1.65.0") found components: system filesystem date_time iostreams serialization 
[0.648s] -- looking for PCL_COMMON
[0.649s] -- Found PCL_COMMON: /usr/lib/x86_64-linux-gnu/libpcl_common.so  
[0.649s] -- Found PCL: pcl_common;Boost::system;Boost::filesystem;Boost::date_time;Boost::iostreams;Boost::serialization  
[0.651s] -- Found nav_msgs: 4.2.4 (/opt/ros/humble/share/nav_msgs/cmake)
[0.695s] -- Found pcl_conversions: 2.4.0 (/opt/ros/humble/share/pcl_conversions/cmake)
[0.746s] -- Found rmw_implementation_cmake: 6.1.2 (/opt/ros/humble/share/rmw_implementation_cmake/cmake)
[0.748s] -- Found rmw_fastrtps_cpp: 6.2.6 (/opt/ros/humble/share/rmw_fastrtps_cpp/cmake)
[0.806s] -- Found OpenSSL: /usr/lib/x86_64-linux-gnu/libcrypto.so (found version "3.0.2")  
[0.820s] -- Found FastRTPS: /opt/ros/humble/include  
[0.844s] -- Using RMW implementation 'rmw_fastrtps_cpp' as default
[1.070s] -- Found rosbag2_cpp: 0.15.11 (/opt/ros/humble/share/rosbag2_cpp/cmake)
[1.104s] -- Found tf2: 0.25.7 (/opt/ros/humble/share/tf2/cmake)
[1.110s] -- Found tf2_eigen: 0.25.7 (/opt/ros/humble/share/tf2_eigen/cmake)
[1.308s] -- Found urdf: 2.6.0 (/opt/ros/humble/share/urdf/cmake)
[1.317s] -- Found visualization_msgs: 4.2.4 (/opt/ros/humble/share/visualization_msgs/cmake)
[1.802s] -- Configuring done
[1.896s] -- Generating done
[1.897s] -- Build files have been written to: /home/user/cartographer_ws_docker/build/cartographer_ros
[1.905s] Invoked command in '/home/user/cartographer_ws_docker/build/cartographer_ros' returned '0': AMENT_PREFIX_PATH=/home/user/cartographer_ws_docker/install/cartographer_ros_msgs:${AMENT_PREFIX_PATH} CMAKE_PREFIX_PATH=/home/user/cartographer_ws_docker/install/cartographer_ros_msgs:/home/user/cartographer_ws_docker/install/cartographer:/opt/ros/humble LD_LIBRARY_PATH=/home/user/cartographer_ws_docker/install/cartographer_ros_msgs/lib:/usr/lib/x86_64-linux-gnu/gazebo-11/plugins:/opt/ros/humble/opt/rviz_ogre_vendor/lib:/opt/ros/humble/lib/x86_64-linux-gnu:/opt/ros/humble/lib:/usr/lib/x86_64-linux-gnu/gazebo-11/plugins PATH=/home/user/cartographer_ws_docker/install/cartographer/bin:${PATH} PKG_CONFIG_PATH=/home/user/cartographer_ws_docker/install/cartographer/lib/x86_64-linux-gnu/pkgconfig:/home/user/cartographer_ws_docker/install/cartographer/lib/pkgconfig PYTHONPATH=/home/user/cartographer_ws_docker/install/cartographer_ros_msgs/local/lib/python3.10/dist-packages:${PYTHONPATH} /usr/bin/cmake /home/user/cartographer_ws_docker/src/cartographer_ros/cartographer_ros -DAMENT_CMAKE_SYMLINK_INSTALL=1 -DCMAKE_INSTALL_PREFIX=/home/user/cartographer_ws_docker/install/cartographer_ros
[1.906s] Invoking command in '/home/user/cartographer_ws_docker/build/cartographer_ros': AMENT_PREFIX_PATH=/home/user/cartographer_ws_docker/install/cartographer_ros_msgs:${AMENT_PREFIX_PATH} CMAKE_PREFIX_PATH=/home/user/cartographer_ws_docker/install/cartographer_ros_msgs:/home/user/cartographer_ws_docker/install/cartographer:/opt/ros/humble LD_LIBRARY_PATH=/home/user/cartographer_ws_docker/install/cartographer_ros_msgs/lib:/usr/lib/x86_64-linux-gnu/gazebo-11/plugins:/opt/ros/humble/opt/rviz_ogre_vendor/lib:/opt/ros/humble/lib/x86_64-linux-gnu:/opt/ros/humble/lib:/usr/lib/x86_64-linux-gnu/gazebo-11/plugins PATH=/home/user/cartographer_ws_docker/install/cartographer/bin:${PATH} PKG_CONFIG_PATH=/home/user/cartographer_ws_docker/install/cartographer/lib/x86_64-linux-gnu/pkgconfig:/home/user/cartographer_ws_docker/install/cartographer/lib/pkgconfig PYTHONPATH=/home/user/cartographer_ws_docker/install/cartographer_ros_msgs/local/lib/python3.10/dist-packages:${PYTHONPATH} /usr/bin/cmake --build /home/user/cartographer_ws_docker/build/cartographer_ros -- -j12 -l12
[1.933s] [ 17%] [32mBuilding CXX object CMakeFiles/cartographer_ros.dir/src/node_options.cpp.o[0m
[1.933s] [ 17%] [32mBuilding CXX object CMakeFiles/cartographer_ros.dir/src/map_builder_bridge.cpp.o[0m
[1.933s] [ 17%] [32mBuilding CXX object CMakeFiles/cartographer_ros.dir/src/msg_conversion.cpp.o[0m
[1.933s] [ 17%] [32mBuilding CXX object CMakeFiles/cartographer_ros.dir/src/node_constants.cpp.o[0m
[1.933s] [ 17%] [32mBuilding CXX object CMakeFiles/cartographer_ros.dir/src/assets_writer.cpp.o[0m
[1.933s] [ 20%] [32mBuilding CXX object CMakeFiles/cartographer_ros.dir/src/ros_log_sink.cpp.o[0m
[1.933s] [ 22%] [32mBuilding CXX object CMakeFiles/cartographer_ros.dir/src/ros_map.cpp.o[0m
[1.933s] [ 22%] [32mBuilding CXX object CMakeFiles/cartographer_ros.dir/src/node.cpp.o[0m
[1.934s] [ 25%] [32mBuilding CXX object CMakeFiles/cartographer_ros.dir/src/playable_bag.cpp.o[0m
[1.935s] [ 28%] [32mBuilding CXX object CMakeFiles/cartographer_ros.dir/src/offline_node.cpp.o[0m
[1.935s] [ 31%] [32mBuilding CXX object CMakeFiles/cartographer_ros.dir/src/ros_map_writing_points_processor.cpp.o[0m
[1.937s] [ 34%] [32mBuilding CXX object CMakeFiles/cartographer_ros.dir/src/sensor_bridge.cpp.o[0m
[2.221s] [ 37%] [32mBuilding CXX object CMakeFiles/cartographer_ros.dir/src/submap.cpp.o[0m
[4.033s] [ 40%] [32mBuilding CXX object CMakeFiles/cartographer_ros.dir/src/tf_bridge.cpp.o[0m
[4.209s] [ 42%] [32mBuilding CXX object CMakeFiles/cartographer_ros.dir/src/time_conversion.cpp.o[0m
[4.289s] [ 45%] [32mBuilding CXX object CMakeFiles/cartographer_ros.dir/src/trajectory_options.cpp.o[0m
[4.496s] [ 48%] [32mBuilding CXX object CMakeFiles/cartographer_ros.dir/src/urdf_reader.cpp.o[0m
[6.498s] [ 51%] [32mBuilding CXX object CMakeFiles/cartographer_ros.dir/src/metrics/family_factory.cpp.o[0m
[6.952s] [ 54%] [32mBuilding CXX object CMakeFiles/cartographer_ros.dir/src/metrics/internal/family.cpp.o[0m
[7.400s] [ 57%] [32mBuilding CXX object CMakeFiles/cartographer_ros.dir/src/metrics/internal/histogram.cpp.o[0m
[24.161s] [ 60%] [32m[1mLinking CXX static library libcartographer_ros.a[0m
[24.647s] [ 60%] Built target cartographer_ros
[24.662s] [ 74%] [32mBuilding CXX object CMakeFiles/cartographer_occupancy_grid_node.dir/src/occupancy_grid_node_main.cpp.o[0m
[24.662s] [ 74%] [32mBuilding CXX object CMakeFiles/cartographer_offline_node.dir/src/offline_node_main.cpp.o[0m
[24.662s] [ 74%] [32mBuilding CXX object CMakeFiles/cartographer_rosbag_validate.dir/src/rosbag_validate_main.cpp.o[0m
[24.662s] [ 74%] [32mBuilding CXX object CMakeFiles/cartographer_node.dir/src/node_main.cpp.o[0m
[24.662s] [ 74%] [32mBuilding CXX object CMakeFiles/cartographer_assets_writer.dir/src/assets_writer_main.cpp.o[0m
[24.662s] [ 77%] [32mBuilding CXX object CMakeFiles/cartographer_pbstream_map_publisher.dir/src/pbstream_map_publisher_main.cpp.o[0m
[24.662s] [ 80%] [32mBuilding CXX object CMakeFiles/cartographer_pbstream_to_ros_map.dir/src/pbstream_to_ros_map_main.cpp.o[0m
[28.089s] [ 82%] [32m[1mLinking CXX executable cartographer_offline_node[0m
[28.361s] [ 85%] [32m[1mLinking CXX executable cartographer_pbstream_to_ros_map[0m
[28.695s] [ 85%] Built target cartographer_pbstream_to_ros_map
[28.870s] [ 88%] [32m[1mLinking CXX executable cartographer_assets_writer[0m
[29.159s] [ 91%] [32m[1mLinking CXX executable cartographer_node[0m
[29.294s] [ 91%] Built target cartographer_assets_writer
[29.655s] [ 94%] [32m[1mLinking CXX executable cartographer_pbstream_map_publisher[0m
[29.982s] [ 94%] Built target cartographer_pbstream_map_publisher
[30.204s] [ 97%] [32m[1mLinking CXX executable cartographer_rosbag_validate[0m
[30.456s] [ 97%] Built target cartographer_offline_node
[30.458s] [ 97%] Built target cartographer_rosbag_validate
[31.080s] [ 97%] Built target cartographer_node
[31.801s] [100%] [32m[1mLinking CXX executable cartographer_occupancy_grid_node[0m
[32.279s] [100%] Built target cartographer_occupancy_grid_node
[32.307s] Invoked command in '/home/user/cartographer_ws_docker/build/cartographer_ros' returned '0': AMENT_PREFIX_PATH=/home/user/cartographer_ws_docker/install/cartographer_ros_msgs:${AMENT_PREFIX_PATH} CMAKE_PREFIX_PATH=/home/user/cartographer_ws_docker/install/cartographer_ros_msgs:/home/user/cartographer_ws_docker/install/cartographer:/opt/ros/humble LD_LIBRARY_PATH=/home/user/cartographer_ws_docker/install/cartographer_ros_msgs/lib:/usr/lib/x86_64-linux-gnu/gazebo-11/plugins:/opt/ros/humble/opt/rviz_ogre_vendor/lib:/opt/ros/humble/lib/x86_64-linux-gnu:/opt/ros/humble/lib:/usr/lib/x86_64-linux-gnu/gazebo-11/plugins PATH=/home/user/cartographer_ws_docker/install/cartographer/bin:${PATH} PKG_CONFIG_PATH=/home/user/cartographer_ws_docker/install/cartographer/lib/x86_64-linux-gnu/pkgconfig:/home/user/cartographer_ws_docker/install/cartographer/lib/pkgconfig PYTHONPATH=/home/user/cartographer_ws_docker/install/cartographer_ros_msgs/local/lib/python3.10/dist-packages:${PYTHONPATH} /usr/bin/cmake --build /home/user/cartographer_ws_docker/build/cartographer_ros -- -j12 -l12
[32.349s] Invoking command in '/home/user/cartographer_ws_docker/build/cartographer_ros': AMENT_PREFIX_PATH=/home/user/cartographer_ws_docker/install/cartographer_ros_msgs:${AMENT_PREFIX_PATH} CMAKE_PREFIX_PATH=/home/user/cartographer_ws_docker/install/cartographer_ros_msgs:/home/user/cartographer_ws_docker/install/cartographer:/opt/ros/humble LD_LIBRARY_PATH=/home/user/cartographer_ws_docker/install/cartographer_ros_msgs/lib:/usr/lib/x86_64-linux-gnu/gazebo-11/plugins:/opt/ros/humble/opt/rviz_ogre_vendor/lib:/opt/ros/humble/lib/x86_64-linux-gnu:/opt/ros/humble/lib:/usr/lib/x86_64-linux-gnu/gazebo-11/plugins PATH=/home/user/cartographer_ws_docker/install/cartographer/bin:${PATH} PKG_CONFIG_PATH=/home/user/cartographer_ws_docker/install/cartographer/lib/x86_64-linux-gnu/pkgconfig:/home/user/cartographer_ws_docker/install/cartographer/lib/pkgconfig PYTHONPATH=/home/user/cartographer_ws_docker/install/cartographer_ros_msgs/local/lib/python3.10/dist-packages:${PYTHONPATH} /usr/bin/cmake --install /home/user/cartographer_ws_docker/build/cartographer_ros
[32.353s] -- Install configuration: ""
[32.354s] -- Execute custom install script
[32.354s] -- Symlinking: /home/user/cartographer_ws_docker/install/cartographer_ros/lib/libcartographer_ros.a
[32.359s] -- Symlinking: /home/user/cartographer_ws_docker/install/cartographer_ros/lib/cartographer_ros/cartographer_node
[32.364s] -- Symlinking: /home/user/cartographer_ws_docker/install/cartographer_ros/lib/cartographer_ros/cartographer_occupancy_grid_node
[32.368s] -- Symlinking: /home/user/cartographer_ws_docker/install/cartographer_ros/lib/cartographer_ros/cartographer_offline_node
[32.372s] -- Symlinking: /home/user/cartographer_ws_docker/install/cartographer_ros/lib/cartographer_ros/cartographer_assets_writer
[32.376s] -- Symlinking: /home/user/cartographer_ws_docker/install/cartographer_ros/lib/cartographer_ros/cartographer_pbstream_map_publisher
[32.381s] -- Symlinking: /home/user/cartographer_ws_docker/install/cartographer_ros/lib/cartographer_ros/cartographer_pbstream_to_ros_map
[32.385s] -- Symlinking: /home/user/cartographer_ws_docker/install/cartographer_ros/lib/cartographer_ros/cartographer_rosbag_validate
[32.390s] -- Symlinking: /home/user/cartographer_ws_docker/install/cartographer_ros/include//cartographer_ros/assets_writer.h
[32.394s] -- Symlinking: /home/user/cartographer_ws_docker/install/cartographer_ros/include//cartographer_ros/map_builder_bridge.h
[32.398s] -- Symlinking: /home/user/cartographer_ws_docker/install/cartographer_ros/include//cartographer_ros/metrics/family_factory.h
[32.403s] -- Symlinking: /home/user/cartographer_ws_docker/install/cartographer_ros/include//cartographer_ros/metrics/internal/counter.h
[32.407s] -- Symlinking: /home/user/cartographer_ws_docker/install/cartographer_ros/include//cartographer_ros/metrics/internal/family.h
[32.411s] -- Symlinking: /home/user/cartographer_ws_docker/install/cartographer_ros/include//cartographer_ros/metrics/internal/gauge.h
[32.415s] -- Symlinking: /home/user/cartographer_ws_docker/install/cartographer_ros/include//cartographer_ros/metrics/internal/histogram.h
[32.419s] -- Symlinking: /home/user/cartographer_ws_docker/install/cartographer_ros/include//cartographer_ros/msg_conversion.h
[32.423s] -- Symlinking: /home/user/cartographer_ws_docker/install/cartographer_ros/include//cartographer_ros/node.h
[32.427s] -- Symlinking: /home/user/cartographer_ws_docker/install/cartographer_ros/include//cartographer_ros/node_constants.h
[32.431s] -- Symlinking: /home/user/cartographer_ws_docker/install/cartographer_ros/include//cartographer_ros/node_options.h
[32.434s] -- Symlinking: /home/user/cartographer_ws_docker/install/cartographer_ros/include//cartographer_ros/offline_node.h
[32.438s] -- Symlinking: /home/user/cartographer_ws_docker/install/cartographer_ros/include//cartographer_ros/playable_bag.h
[32.442s] -- Symlinking: /home/user/cartographer_ws_docker/install/cartographer_ros/include//cartographer_ros/ros_log_sink.h
[32.446s] -- Symlinking: /home/user/cartographer_ws_docker/install/cartographer_ros/include//cartographer_ros/ros_map.h
[32.451s] -- Symlinking: /home/user/cartographer_ws_docker/install/cartographer_ros/include//cartographer_ros/ros_map_writing_points_processor.h
[32.455s] -- Symlinking: /home/user/cartographer_ws_docker/install/cartographer_ros/include//cartographer_ros/sensor_bridge.h
[32.460s] -- Symlinking: /home/user/cartographer_ws_docker/install/cartographer_ros/include//cartographer_ros/submap.h
[32.464s] -- Symlinking: /home/user/cartographer_ws_docker/install/cartographer_ros/include//cartographer_ros/tf_bridge.h
[32.468s] -- Symlinking: /home/user/cartographer_ws_docker/install/cartographer_ros/include//cartographer_ros/time_conversion.h
[32.472s] -- Symlinking: /home/user/cartographer_ws_docker/install/cartographer_ros/include//cartographer_ros/trajectory_options.h
[32.476s] -- Symlinking: /home/user/cartographer_ws_docker/install/cartographer_ros/include//cartographer_ros/urdf_reader.h
[32.480s] -- Symlinking: /home/user/cartographer_ws_docker/install/cartographer_ros/share/cartographer_ros//configuration_files/assets_writer_backpack_2d.lua
[32.484s] -- Symlinking: /home/user/cartographer_ws_docker/install/cartographer_ros/share/cartographer_ros//configuration_files/assets_writer_backpack_2d_ci.lua
[32.488s] -- Symlinking: /home/user/cartographer_ws_docker/install/cartographer_ros/share/cartographer_ros//configuration_files/assets_writer_backpack_3d.lua
[32.492s] -- Symlinking: /home/user/cartographer_ws_docker/install/cartographer_ros/share/cartographer_ros//configuration_files/assets_writer_ros_map.lua
[32.496s] -- Symlinking: /home/user/cartographer_ws_docker/install/cartographer_ros/share/cartographer_ros//configuration_files/backpack_2d.lua
[32.500s] -- Symlinking: /home/user/cartographer_ws_docker/install/cartographer_ros/share/cartographer_ros//configuration_files/backpack_2d_localization.lua
[32.504s] -- Symlinking: /home/user/cartographer_ws_docker/install/cartographer_ros/share/cartographer_ros//configuration_files/backpack_2d_localization_evaluation.lua
[32.508s] -- Symlinking: /home/user/cartographer_ws_docker/install/cartographer_ros/share/cartographer_ros//configuration_files/backpack_2d_server.lua
[32.512s] -- Symlinking: /home/user/cartographer_ws_docker/install/cartographer_ros/share/cartographer_ros//configuration_files/backpack_3d.lua
[32.516s] -- Symlinking: /home/user/cartographer_ws_docker/install/cartographer_ros/share/cartographer_ros//configuration_files/backpack_3d_localization.lua
[32.520s] -- Symlinking: /home/user/cartographer_ws_docker/install/cartographer_ros/share/cartographer_ros//configuration_files/cartographer.lua
[32.524s] -- Symlinking: /home/user/cartographer_ws_docker/install/cartographer_ros/share/cartographer_ros//configuration_files/demo_2d.rviz
[32.528s] -- Symlinking: /home/user/cartographer_ws_docker/install/cartographer_ros/share/cartographer_ros//configuration_files/demo_3d.rviz
[32.532s] -- Symlinking: /home/user/cartographer_ws_docker/install/cartographer_ros/share/cartographer_ros//configuration_files/mir-100-mapping.lua
[32.536s] -- Symlinking: /home/user/cartographer_ws_docker/install/cartographer_ros/share/cartographer_ros//configuration_files/my_config.lua
[32.540s] -- Symlinking: /home/user/cartographer_ws_docker/install/cartographer_ros/share/cartographer_ros//configuration_files/pr2.lua
[32.544s] -- Symlinking: /home/user/cartographer_ws_docker/install/cartographer_ros/share/cartographer_ros//configuration_files/revo_lds.lua
[32.548s] -- Symlinking: /home/user/cartographer_ws_docker/install/cartographer_ros/share/cartographer_ros//configuration_files/taurob_tracker.lua
[32.552s] -- Symlinking: /home/user/cartographer_ws_docker/install/cartographer_ros/share/cartographer_ros//configuration_files/transform.lua
[32.556s] -- Symlinking: /home/user/cartographer_ws_docker/install/cartographer_ros/share/cartographer_ros//configuration_files/turtlebot3.lua
[32.560s] -- Symlinking: /home/user/cartographer_ws_docker/install/cartographer_ros/share/cartographer_ros//configuration_files/visualize_pbstream.lua
[32.565s] -- Symlinking: /home/user/cartographer_ws_docker/install/cartographer_ros/share/cartographer_ros//urdf/backpack_2d.urdf
[32.569s] -- Symlinking: /home/user/cartographer_ws_docker/install/cartographer_ros/share/cartographer_ros//urdf/backpack_3d.urdf
[32.572s] -- Symlinking: /home/user/cartographer_ws_docker/install/cartographer_ros/share/cartographer_ros//urdf/mir-100.urdf
[32.577s] -- Symlinking: /home/user/cartographer_ws_docker/install/cartographer_ros/share/cartographer_ros//launch/assets_writer_backpack_2d.launch.py
[32.581s] -- Symlinking: /home/user/cartographer_ws_docker/install/cartographer_ros/share/cartographer_ros//launch/assets_writer_backpack_3d.launch.py
[32.584s] -- Symlinking: /home/user/cartographer_ws_docker/install/cartographer_ros/share/cartographer_ros//launch/assets_writer_ros_map.launch.py
[32.589s] -- Symlinking: /home/user/cartographer_ws_docker/install/cartographer_ros/share/cartographer_ros//launch/backpack_2d.launch.py
[32.593s] -- Symlinking: /home/user/cartographer_ws_docker/install/cartographer_ros/share/cartographer_ros//launch/backpack_3d.launch.py
[32.597s] -- Symlinking: /home/user/cartographer_ws_docker/install/cartographer_ros/share/cartographer_ros//launch/cartographer_node.launch.py
[32.601s] -- Symlinking: /home/user/cartographer_ws_docker/install/cartographer_ros/share/cartographer_ros//launch/cartographer_rviz.launch.py
[32.605s] -- Symlinking: /home/user/cartographer_ws_docker/install/cartographer_ros/share/cartographer_ros//launch/demo_backpack_2d.launch.py
[32.609s] -- Symlinking: /home/user/cartographer_ws_docker/install/cartographer_ros/share/cartographer_ros//launch/demo_backpack_2d_localization.launch.py
[32.613s] -- Symlinking: /home/user/cartographer_ws_docker/install/cartographer_ros/share/cartographer_ros//launch/demo_backpack_3d.launch.py
[32.617s] -- Symlinking: /home/user/cartographer_ws_docker/install/cartographer_ros/share/cartographer_ros//launch/demo_backpack_3d_localization.launch.py
[32.621s] -- Symlinking: /home/user/cartographer_ws_docker/install/cartographer_ros/share/cartographer_ros//launch/demo_pr2.launch
[32.626s] -- Symlinking: /home/user/cartographer_ws_docker/install/cartographer_ros/share/cartographer_ros//launch/demo_revo_lds.launch.py
[32.630s] -- Symlinking: /home/user/cartographer_ws_docker/install/cartographer_ros/share/cartographer_ros//launch/demo_taurob_tracker.launch.py
[32.634s] -- Symlinking: /home/user/cartographer_ws_docker/install/cartographer_ros/share/cartographer_ros//launch/grpc_demo_backpack_2d.launch
[32.638s] -- Symlinking: /home/user/cartographer_ws_docker/install/cartographer_ros/share/cartographer_ros//launch/grpc_demo_backpack_2d_localization.launch
[32.642s] -- Symlinking: /home/user/cartographer_ws_docker/install/cartographer_ros/share/cartographer_ros//launch/offline_backpack_2d.launch.py
[32.646s] -- Symlinking: /home/user/cartographer_ws_docker/install/cartographer_ros/share/cartographer_ros//launch/offline_backpack_3d.launch.py
[32.650s] -- Symlinking: /home/user/cartographer_ws_docker/install/cartographer_ros/share/cartographer_ros//launch/offline_mir_100_rviz.launch.py
[32.654s] -- Symlinking: /home/user/cartographer_ws_docker/install/cartographer_ros/share/cartographer_ros//launch/offline_node.launch.py
[32.658s] -- Symlinking: /home/user/cartographer_ws_docker/install/cartographer_ros/share/cartographer_ros//launch/taurob_tracker.launch.py
[32.662s] -- Symlinking: /home/user/cartographer_ws_docker/install/cartographer_ros/share/cartographer_ros//launch/turtlebot3_cartographer.launch.py
[32.667s] -- Symlinking: /home/user/cartographer_ws_docker/install/cartographer_ros/share/cartographer_ros//launch/visualize_pbstream.launch.py
[32.671s] -- Symlinking: /home/user/cartographer_ws_docker/install/cartographer_ros/share/cartographer_ros/environment/library_path.sh
[32.676s] -- Symlinking: /home/user/cartographer_ws_docker/install/cartographer_ros/share/cartographer_ros/environment/library_path.dsv
[32.680s] -- Symlinking: /home/user/cartographer_ws_docker/install/cartographer_ros/share/ament_index/resource_index/package_run_dependencies/cartographer_ros
[32.686s] -- Symlinking: /home/user/cartographer_ws_docker/install/cartographer_ros/share/ament_index/resource_index/parent_prefix_path/cartographer_ros
[32.692s] -- Symlinking: /home/user/cartographer_ws_docker/install/cartographer_ros/share/cartographer_ros/environment/ament_prefix_path.sh
[32.696s] -- Symlinking: /home/user/cartographer_ws_docker/install/cartographer_ros/share/cartographer_ros/environment/ament_prefix_path.dsv
[32.701s] -- Symlinking: /home/user/cartographer_ws_docker/install/cartographer_ros/share/cartographer_ros/environment/path.sh
[32.705s] -- Symlinking: /home/user/cartographer_ws_docker/install/cartographer_ros/share/cartographer_ros/environment/path.dsv
[32.709s] -- Symlinking: /home/user/cartographer_ws_docker/install/cartographer_ros/share/cartographer_ros/local_setup.bash
[32.713s] -- Symlinking: /home/user/cartographer_ws_docker/install/cartographer_ros/share/cartographer_ros/local_setup.sh
[32.717s] -- Symlinking: /home/user/cartographer_ws_docker/install/cartographer_ros/share/cartographer_ros/local_setup.zsh
[32.721s] -- Symlinking: /home/user/cartographer_ws_docker/install/cartographer_ros/share/cartographer_ros/local_setup.dsv
[32.725s] -- Symlinking: /home/user/cartographer_ws_docker/install/cartographer_ros/share/cartographer_ros/package.dsv
[32.730s] -- Symlinking: /home/user/cartographer_ws_docker/install/cartographer_ros/share/ament_index/resource_index/packages/cartographer_ros
[32.735s] -- Symlinking: /home/user/cartographer_ws_docker/install/cartographer_ros/share/cartographer_ros/cmake/ament_cmake_export_include_directories-extras.cmake
[32.739s] -- Symlinking: /home/user/cartographer_ws_docker/install/cartographer_ros/share/cartographer_ros/cmake/ament_cmake_export_libraries-extras.cmake
[32.743s] -- Symlinking: /home/user/cartographer_ws_docker/install/cartographer_ros/share/cartographer_ros/cmake/ament_cmake_export_dependencies-extras.cmake
[32.748s] -- Symlinking: /home/user/cartographer_ws_docker/install/cartographer_ros/share/cartographer_ros/cmake/cartographer_rosConfig.cmake
[32.753s] -- Symlinking: /home/user/cartographer_ws_docker/install/cartographer_ros/share/cartographer_ros/cmake/cartographer_rosConfig-version.cmake
[32.757s] -- Symlinking: /home/user/cartographer_ws_docker/install/cartographer_ros/share/cartographer_ros/package.xml
[32.763s] Invoked command in '/home/user/cartographer_ws_docker/build/cartographer_ros' returned '0': AMENT_PREFIX_PATH=/home/user/cartographer_ws_docker/install/cartographer_ros_msgs:${AMENT_PREFIX_PATH} CMAKE_PREFIX_PATH=/home/user/cartographer_ws_docker/install/cartographer_ros_msgs:/home/user/cartographer_ws_docker/install/cartographer:/opt/ros/humble LD_LIBRARY_PATH=/home/user/cartographer_ws_docker/install/cartographer_ros_msgs/lib:/usr/lib/x86_64-linux-gnu/gazebo-11/plugins:/opt/ros/humble/opt/rviz_ogre_vendor/lib:/opt/ros/humble/lib/x86_64-linux-gnu:/opt/ros/humble/lib:/usr/lib/x86_64-linux-gnu/gazebo-11/plugins PATH=/home/user/cartographer_ws_docker/install/cartographer/bin:${PATH} PKG_CONFIG_PATH=/home/user/cartographer_ws_docker/install/cartographer/lib/x86_64-linux-gnu/pkgconfig:/home/user/cartographer_ws_docker/install/cartographer/lib/pkgconfig PYTHONPATH=/home/user/cartographer_ws_docker/install/cartographer_ros_msgs/local/lib/python3.10/dist-packages:${PYTHONPATH} /usr/bin/cmake --install /home/user/cartographer_ws_docker/build/cartographer_ros
