[0.065s] Invoking command in '/home/user/cartographer_ws_docker/build/cartographer': CMAKE_PREFIX_PATH=${CMAKE_PREFIX_PATH}:/home/user/tracing_ws/install/ros2bag:/home/user/tracing_ws/install/tracetools_test:/home/user/tracing_ws/install/tracetools_launch:/home/user/tracing_ws/install/tf2_tools:/home/user/tracing_ws/install/tf2_ros_py:/home/user/tracing_ws/install/sros2:/home/user/tracing_ws/install/rqt_plot:/home/user/tracing_ws/install/rqt_msg:/home/user/tracing_ws/install/rqt_console:/home/user/tracing_ws/install/rqt_gui_py:/home/user/tracing_ws/install/rqt_gui:/home/user/tracing_ws/install/ros2trace:/home/user/tracing_ws/install/ros2topic:/home/user/tracing_ws/install/ros2test:/home/user/tracing_ws/install/ros2param:/home/user/tracing_ws/install/ros2service:/home/user/tracing_ws/install/ros2run:/home/user/tracing_ws/install/ros2pkg:/home/user/tracing_ws/install/ros2node:/home/user/tracing_ws/install/ros2multicast:/home/user/tracing_ws/install/ros2interface:/home/user/tracing_ws/install/ros2doctor:/home/user/tracing_ws/install/ros2action:/home/user/tracing_ws/install/ros2cli:/home/user/tracing_ws/install/launch_testing_ros:/home/user/tracing_ws/install/launch_ros:/home/user/tracing_ws/install/demo_nodes_py:/home/user/tracing_ws/install/ament_uncrustify:/home/user/tracing_ws/install/tracetools_trace:/home/user/tracing_ws/install/tracetools_analysis:/home/user/tracing_ws/install/tracetools_read:/home/user/tracing_ws/install/sensor_msgs_py:/home/user/tracing_ws/install/rpyutils:/home/user/tracing_ws/install/rosidl_runtime_py:/home/user/tracing_ws/install/rosidl_cli:/home/user/tracing_ws/install/launch_testing:/home/user/tracing_ws/install/launch_yaml:/home/user/tracing_ws/install/launch_xml:/home/user/tracing_ws/install/launch:/home/user/tracing_ws/install/osrf_pycommon:/home/user/tracing_ws/install/hello:/home/user/tracing_ws/install/domain_coordinator:/home/user/tracing_ws/install/ament_xmllint:/home/user/tracing_ws/install/ament_pyflakes:/home/user/tracing_ws/install/ament_pycodestyle:/home/user/tracing_ws/install/ament_pep257:/home/user/tracing_ws/install/ament_pclint:/home/user/tracing_ws/install/ament_package:/home/user/tracing_ws/install/ament_mypy:/home/user/tracing_ws/install/ament_lint_cmake:/home/user/tracing_ws/install/ament_flake8:/home/user/tracing_ws/install/ament_copyright:/home/user/tracing_ws/install/ament_lint:/home/user/tracing_ws/install/ament_index_python:/home/user/tracing_ws/install/ament_cpplint:/home/user/tracing_ws/install/ament_cppcheck:/home/user/tracing_ws/install/ament_clang_tidy:/home/user/tracing_ws/install/ament_clang_format:/opt/ros/humble /usr/bin/cmake --build /home/user/cartographer_ws_docker/build/cartographer -- -j6 -l6
[0.187s] -- Build type: Release
[0.520s] -- Found required Ceres dependency: Eigen version 3.4.0 in /usr/include/eigen3
[0.525s] -- Found required Ceres dependency: glog
[0.525s] -- Found required Ceres dependency: gflags
[0.526s] -- Found Ceres version: 2.0.0 installed in: /usr with components: [EigenSparse, SparseLinearAlgebraLibrary, LAPACK, SuiteSparse, CXSparse, SchurSpecializations, Multithreading]
[0.610s] -- Configuring done
[1.366s] -- Generating done
[1.387s] -- Build files have been written to: /home/user/cartographer_ws_docker/build/cartographer
[1.487s] [35m[1mConsolidate compiler generated dependencies of target gtest[0m
[1.530s] [  0%] [34m[1mBuilding documentation.[0m
[1.561s] [  1%] Built target gtest
[1.563s] [  1%] Built target cartographer_detect_changes
[1.602s] [35m[1mConsolidate compiler generated dependencies of target gmock[0m
[1.653s] [  2%] Built target gmock
[1.701s] [35m[1mConsolidate compiler generated dependencies of target gmock_main[0m
[1.749s] [  2%] Built target gmock_main
[1.836s] [35m[1mConsolidate compiler generated dependencies of target cartographer[0m
[2.854s] [01mRunning Sphinx v4.3.2[39;49;00m
[2.906s] [ 55%] Built target cartographer
[2.948s] [35m[1mConsolidate compiler generated dependencies of target cartographer_autogenerate_ground_truth[0m
[2.948s] [35m[1mConsolidate compiler generated dependencies of target cartographer_compute_relations_metrics[0m
[2.955s] [35m[1mConsolidate compiler generated dependencies of target cartographer_pbstream[0m
[2.976s] [35m[1mConsolidate compiler generated dependencies of target cartographer_print_configuration[0m
[2.987s] [35m[1mConsolidate compiler generated dependencies of target cartographer_test_library[0m
[3.022s] [ 56%] Built target cartographer_pbstream
[3.024s] [ 57%] Built target cartographer_autogenerate_ground_truth
[3.036s] [ 57%] Built target cartographer_compute_relations_metrics
[3.051s] [ 57%] Built target cartographer_print_configuration
[3.070s] [ 58%] Built target cartographer_test_library
[3.115s] [35m[1mConsolidate compiler generated dependencies of target cartographer.common.fixed_ratio_sampler_test[0m
[3.122s] [35m[1mConsolidate compiler generated dependencies of target cartographer.common.lua_parameter_dictionary_test[0m
[3.124s] [35m[1mConsolidate compiler generated dependencies of target cartographer.common.internal.rate_timer_test[0m
[3.131s] [35m[1mConsolidate compiler generated dependencies of target cartographer.common.configuration_files_test[0m
[3.161s] [35m[1mConsolidate compiler generated dependencies of target cartographer.common.internal.blocking_queue_test[0m
[3.197s] [ 59%] Built target cartographer.common.fixed_ratio_sampler_test
[3.202s] [ 59%] Built target cartographer.common.lua_parameter_dictionary_test
[3.224s] [ 59%] Built target cartographer.common.configuration_files_test
[3.224s] [ 60%] Built target cartographer.common.internal.rate_timer_test
[3.225s] [ 60%] Built target cartographer.common.internal.blocking_queue_test
[3.254s] [35m[1mConsolidate compiler generated dependencies of target cartographer.common.math_test[0m
[3.256s] [35m[1mConsolidate compiler generated dependencies of target cartographer.common.task_test[0m
[3.280s] [35m[1mConsolidate compiler generated dependencies of target cartographer.io.internal.in_memory_proto_stream_test[0m
[3.286s] [35m[1mConsolidate compiler generated dependencies of target cartographer.io.fake_file_writer_test[0m
[3.291s] [35m[1mConsolidate compiler generated dependencies of target cartographer.common.thread_pool_test[0m
[3.320s] [ 60%] Built target cartographer.common.task_test
[3.348s] [01mloading pickled environment... [39;49;00m[ 61%] Built target cartographer.common.math_test
[3.349s] done
[3.355s] [ 62%] Built target cartographer.io.internal.in_memory_proto_stream_test
[3.356s] [ 63%] Built target cartographer.common.thread_pool_test
[3.363s] [01mbuilding [mo]: [39;49;00mtargets for 0 po files that are out of date
[3.364s] [ 63%] Built target cartographer.io.fake_file_writer_test
[3.366s] [01mbuilding [html]: [39;49;00mtargets for 0 source files that are out of date
[3.367s] [01mupdating environment: [39;49;00m0 added, 0 changed, 0 removed
[3.367s] [01mlooking for now-outdated files... [39;49;00mnone found
[3.367s] [01mno targets are out of date.[39;49;00m
[3.368s] [01mbuild succeeded.[39;49;00m
[3.368s] 
[3.368s] The HTML pages are in html.
[3.399s] [35m[1mConsolidate compiler generated dependencies of target cartographer.io.points_processor_pipeline_builder_test[0m
[3.408s] [35m[1mConsolidate compiler generated dependencies of target cartographer.io.probability_grid_points_processor_test[0m
[3.421s] [35m[1mConsolidate compiler generated dependencies of target cartographer.io.proto_stream_test[0m
[3.427s] [35m[1mConsolidate compiler generated dependencies of target cartographer.io.serialization_format_migration_test[0m
[3.450s] [35m[1mConsolidate compiler generated dependencies of target cartographer.io.proto_stream_deserializer_test[0m
[3.470s] [ 63%] Built target build_doc
[3.488s] [ 63%] Built target cartographer.io.points_processor_pipeline_builder_test
[3.494s] [ 64%] Built target cartographer.io.proto_stream_test
[3.495s] [ 64%] Built target cartographer.io.serialization_format_migration_test
[3.496s] [ 65%] Built target cartographer.io.probability_grid_points_processor_test
[3.539s] [35m[1mConsolidate compiler generated dependencies of target cartographer.mapping.2d.map_limits_test[0m
[3.547s] [ 65%] Built target cartographer.io.proto_stream_deserializer_test
[3.549s] [35m[1mConsolidate compiler generated dependencies of target cartographer.mapping.2d.submap_2d_test[0m
[3.556s] [35m[1mConsolidate compiler generated dependencies of target cartographer.mapping.2d.probability_grid_test[0m
[3.560s] [35m[1mConsolidate compiler generated dependencies of target cartographer.mapping.2d.xy_index_test[0m
[3.591s] [35m[1mConsolidate compiler generated dependencies of target cartographer.mapping.2d.range_data_inserter_2d_test[0m
[3.603s] [35m[1mConsolidate compiler generated dependencies of target cartographer.mapping.3d.hybrid_grid_test[0m
[3.618s] [ 66%] Built target cartographer.mapping.2d.map_limits_test
[3.624s] [ 66%] Built target cartographer.mapping.2d.submap_2d_test
[3.641s] [ 67%] Built target cartographer.mapping.2d.xy_index_test
[3.642s] [ 67%] Built target cartographer.mapping.2d.probability_grid_test
[3.670s] [35m[1mConsolidate compiler generated dependencies of target cartographer.mapping.3d.range_data_inserter_3d_test[0m
[3.681s] [ 68%] Built target cartographer.mapping.2d.range_data_inserter_2d_test
[3.683s] [35m[1mConsolidate compiler generated dependencies of target cartographer.mapping.id_test[0m
[3.696s] [ 68%] Built target cartographer.mapping.3d.hybrid_grid_test
[3.697s] [35m[1mConsolidate compiler generated dependencies of target cartographer.mapping.3d.submap_3d_test[0m
[3.723s] [35m[1mConsolidate compiler generated dependencies of target cartographer.mapping.imu_tracker_test[0m
[3.732s] [35m[1mConsolidate compiler generated dependencies of target cartographer.mapping.internal.2d.normal_estimation_2d_test[0m
[3.750s] [ 69%] Built target cartographer.mapping.id_test
[3.765s] [ 70%] Built target cartographer.mapping.3d.range_data_inserter_3d_test
[3.782s] [ 70%] Built target cartographer.mapping.3d.submap_3d_test
[3.790s] [35m[1mConsolidate compiler generated dependencies of target cartographer.mapping.internal.2d.overlapping_submaps_trimmer_2d_test[0m
[3.800s] [ 71%] Built target cartographer.mapping.internal.2d.normal_estimation_2d_test
[3.803s] [35m[1mConsolidate compiler generated dependencies of target cartographer.mapping.internal.2d.pose_graph_2d_test[0m
[3.825s] [35m[1mConsolidate compiler generated dependencies of target cartographer.mapping.internal.2d.scan_matching.ceres_scan_matcher_2d_test[0m
[3.831s] [ 71%] Built target cartographer.mapping.imu_tracker_test
[3.831s] [35m[1mConsolidate compiler generated dependencies of target cartographer.mapping.internal.2d.ray_to_pixel_mask_test[0m
[3.868s] [35m[1mConsolidate compiler generated dependencies of target cartographer.mapping.internal.2d.scan_matching.correlative_scan_matcher_test[0m
[3.888s] [35m[1mConsolidate compiler generated dependencies of target cartographer.mapping.internal.2d.scan_matching.fast_correlative_scan_matcher_2d_test[0m
[3.892s] [ 72%] Built target cartographer.mapping.internal.2d.pose_graph_2d_test
[3.898s] [ 73%] Built target cartographer.mapping.internal.2d.scan_matching.ceres_scan_matcher_2d_test
[3.901s] [ 73%] Built target cartographer.mapping.internal.2d.overlapping_submaps_trimmer_2d_test
[3.924s] [ 73%] Built target cartographer.mapping.internal.2d.ray_to_pixel_mask_test
[3.947s] [35m[1mConsolidate compiler generated dependencies of target cartographer.mapping.internal.2d.scan_matching.occupied_space_cost_function_2d_test[0m
[3.960s] [ 73%] Built target cartographer.mapping.internal.2d.scan_matching.correlative_scan_matcher_test
[3.960s] [35m[1mConsolidate compiler generated dependencies of target cartographer.mapping.internal.2d.scan_matching.interpolated_tsdf_2d_test[0m
[3.977s] [35m[1mConsolidate compiler generated dependencies of target cartographer.mapping.internal.2d.scan_matching.real_time_correlative_scan_matcher_2d_test[0m
[3.982s] [ 74%] Built target cartographer.mapping.internal.2d.scan_matching.fast_correlative_scan_matcher_2d_test
[3.993s] [35m[1mConsolidate compiler generated dependencies of target cartographer.mapping.internal.2d.scan_matching.tsdf_match_cost_function_2d_test[0m
[4.008s] [35m[1mConsolidate compiler generated dependencies of target cartographer.mapping.internal.2d.tsd_value_converter_test[0m
[4.040s] [ 74%] Built target cartographer.mapping.internal.2d.scan_matching.occupied_space_cost_function_2d_test
[4.041s] [ 75%] Built target cartographer.mapping.internal.2d.scan_matching.interpolated_tsdf_2d_test
[4.054s] [ 76%] Built target cartographer.mapping.internal.2d.scan_matching.real_time_correlative_scan_matcher_2d_test
[4.072s] [35m[1mConsolidate compiler generated dependencies of target cartographer.mapping.internal.2d.tsdf_2d_test[0m
[4.083s] [ 76%] Built target cartographer.mapping.internal.2d.scan_matching.tsdf_match_cost_function_2d_test
[4.087s] [35m[1mConsolidate compiler generated dependencies of target cartographer.mapping.internal.2d.tsdf_range_data_inserter_2d_test[0m
[4.094s] [ 77%] Built target cartographer.mapping.internal.2d.tsd_value_converter_test
[4.120s] [35m[1mConsolidate compiler generated dependencies of target cartographer.mapping.internal.3d.local_trajectory_builder_3d_test[0m
[4.143s] [35m[1mConsolidate compiler generated dependencies of target cartographer.mapping.internal.3d.rotation_parameterization_test[0m
[4.146s] [35m[1mConsolidate compiler generated dependencies of target cartographer.mapping.internal.3d.scan_matching.ceres_scan_matcher_3d_test[0m
[4.153s] [35m[1mConsolidate compiler generated dependencies of target cartographer.mapping.internal.3d.pose_graph_3d_test[0m
[4.169s] [ 77%] Built target cartographer.mapping.internal.2d.tsdf_2d_test
[4.200s] [ 78%] Built target cartographer.mapping.internal.2d.tsdf_range_data_inserter_2d_test
[4.201s] [ 78%] Built target cartographer.mapping.internal.3d.rotation_parameterization_test
[4.207s] [ 78%] Built target cartographer.mapping.internal.3d.local_trajectory_builder_3d_test
[4.219s] [35m[1mConsolidate compiler generated dependencies of target cartographer.mapping.internal.3d.scan_matching.fast_correlative_scan_matcher_3d_test[0m
[4.231s] [ 79%] Built target cartographer.mapping.internal.3d.scan_matching.ceres_scan_matcher_3d_test
[4.244s] [ 80%] Built target cartographer.mapping.internal.3d.pose_graph_3d_test
[4.267s] [35m[1mConsolidate compiler generated dependencies of target cartographer.mapping.internal.3d.scan_matching.precomputation_grid_3d_test[0m
[4.268s] [35m[1mConsolidate compiler generated dependencies of target cartographer.mapping.internal.3d.scan_matching.interpolated_grid_test[0m
[4.269s] [35m[1mConsolidate compiler generated dependencies of target cartographer.mapping.internal.3d.scan_matching.intensity_cost_function_3d_test[0m
[4.294s] [35m[1mConsolidate compiler generated dependencies of target cartographer.mapping.internal.3d.scan_matching.real_time_correlative_scan_matcher_3d_test[0m
[4.310s] [35m[1mConsolidate compiler generated dependencies of target cartographer.mapping.internal.3d.scan_matching.rotation_delta_cost_functor_3d_test[0m
[4.321s] [ 80%] Built target cartographer.mapping.internal.3d.scan_matching.fast_correlative_scan_matcher_3d_test
[4.341s] [ 81%] Built target cartographer.mapping.internal.3d.scan_matching.precomputation_grid_3d_test
[4.354s] [ 82%] Built target cartographer.mapping.internal.3d.scan_matching.intensity_cost_function_3d_test
[4.356s] [ 82%] Built target cartographer.mapping.internal.3d.scan_matching.interpolated_grid_test
[4.376s] [ 82%] Built target cartographer.mapping.internal.3d.scan_matching.real_time_correlative_scan_matcher_3d_test
[4.388s] [35m[1mConsolidate compiler generated dependencies of target cartographer.mapping.internal.3d.scan_matching.rotational_scan_matcher_test[0m
[4.400s] [35m[1mConsolidate compiler generated dependencies of target cartographer.mapping.internal.connected_components_test[0m
[4.406s] [35m[1mConsolidate compiler generated dependencies of target cartographer.mapping.internal.constraints.constraint_builder_2d_test[0m
[4.406s] [ 83%] Built target cartographer.mapping.internal.3d.scan_matching.rotation_delta_cost_functor_3d_test
[4.422s] [35m[1mConsolidate compiler generated dependencies of target cartographer.mapping.internal.constraints.constraint_builder_3d_test[0m
[4.450s] [35m[1mConsolidate compiler generated dependencies of target cartographer.mapping.internal.motion_filter_test[0m
[4.468s] [ 83%] Built target cartographer.mapping.internal.3d.scan_matching.rotational_scan_matcher_test
[4.471s] [35m[1mConsolidate compiler generated dependencies of target cartographer.mapping.internal.optimization.cost_functions.landmark_cost_function_2d_test[0m
[4.479s] [ 83%] Built target cartographer.mapping.internal.constraints.constraint_builder_2d_test
[4.482s] [ 84%] Built target cartographer.mapping.internal.connected_components_test
[4.508s] [ 85%] Built target cartographer.mapping.internal.constraints.constraint_builder_3d_test
[4.543s] [35m[1mConsolidate compiler generated dependencies of target cartographer.mapping.internal.optimization.cost_functions.landmark_cost_function_3d_test[0m
[4.547s] [35m[1mConsolidate compiler generated dependencies of target cartographer.mapping.internal.optimization.optimization_problem_3d_test[0m
[4.552s] [35m[1mConsolidate compiler generated dependencies of target cartographer.mapping.internal.optimization.cost_functions.spa_cost_function_2d_test[0m
[4.569s] [ 85%] Built target cartographer.mapping.internal.motion_filter_test
[4.603s] [ 86%] Built target cartographer.mapping.internal.optimization.cost_functions.landmark_cost_function_2d_test
[4.620s] [35m[1mConsolidate compiler generated dependencies of target cartographer.mapping.internal.range_data_collator_test[0m
[4.646s] [ 87%] Built target cartographer.mapping.internal.optimization.cost_functions.spa_cost_function_2d_test
[4.657s] [ 87%] Built target cartographer.mapping.internal.optimization.optimization_problem_3d_test
[4.677s] [35m[1mConsolidate compiler generated dependencies of target cartographer.mapping.map_builder_test[0m
[4.685s] [35m[1mConsolidate compiler generated dependencies of target cartographer.mapping.internal.trajectory_connectivity_state_test[0m
[4.707s] [ 87%] Built target cartographer.mapping.internal.optimization.cost_functions.landmark_cost_function_3d_test
[4.750s] [35m[1mConsolidate compiler generated dependencies of target cartographer.mapping.pose_extrapolator_test[0m
[4.767s] [35m[1mConsolidate compiler generated dependencies of target cartographer.mapping.pose_graph_test[0m
[4.777s] [ 88%] Built target cartographer.mapping.internal.range_data_collator_test
[4.818s] [ 89%] Built target cartographer.mapping.map_builder_test
[4.827s] [ 89%] Built target cartographer.mapping.internal.trajectory_connectivity_state_test
[4.832s] [35m[1mConsolidate compiler generated dependencies of target cartographer.mapping.pose_graph_trimmer_test[0m
[4.873s] [35m[1mConsolidate compiler generated dependencies of target cartographer.mapping.probability_values_test[0m
[4.886s] [ 89%] Built target cartographer.mapping.pose_extrapolator_test
[4.933s] [ 90%] Built target cartographer.mapping.pose_graph_test
[4.965s] [ 90%] Built target cartographer.mapping.pose_graph_trimmer_test
[4.966s] [35m[1mConsolidate compiler generated dependencies of target cartographer.mapping.trajectory_node_test[0m
[4.986s] [35m[1mConsolidate compiler generated dependencies of target cartographer.mapping.submaps_test[0m
[5.024s] [35m[1mConsolidate compiler generated dependencies of target cartographer.mapping.value_conversion_tables_test[0m
[5.036s] [ 91%] Built target cartographer.mapping.probability_values_test
[5.081s] [35m[1mConsolidate compiler generated dependencies of target cartographer.sensor.internal.collator_test[0m
[5.087s] [35m[1mConsolidate compiler generated dependencies of target cartographer.sensor.compressed_point_cloud_test[0m
[5.112s] [35m[1mConsolidate compiler generated dependencies of target cartographer.sensor.internal.ordered_multi_queue_test[0m
[5.135s] [ 92%] Built target cartographer.mapping.trajectory_node_test
[5.143s] [ 92%] Built target cartographer.mapping.submaps_test
[5.151s] [ 92%] Built target cartographer.mapping.value_conversion_tables_test
[5.235s] [ 93%] Built target cartographer.sensor.internal.ordered_multi_queue_test
[5.236s] [35m[1mConsolidate compiler generated dependencies of target cartographer.sensor.internal.trajectory_collator_test[0m
[5.245s] [ 94%] Built target cartographer.sensor.compressed_point_cloud_test
[5.265s] [ 94%] Built target cartographer.sensor.internal.collator_test
[5.267s] [35m[1mConsolidate compiler generated dependencies of target cartographer.sensor.internal.voxel_filter_test[0m
[5.318s] [35m[1mConsolidate compiler generated dependencies of target cartographer.sensor.landmark_data_test[0m
[5.352s] [35m[1mConsolidate compiler generated dependencies of target cartographer.sensor.range_data_test[0m
[5.361s] [35m[1mConsolidate compiler generated dependencies of target cartographer.sensor.point_cloud_test[0m
[5.378s] [ 95%] Built target cartographer.sensor.internal.trajectory_collator_test
[5.395s] [35m[1mConsolidate compiler generated dependencies of target cartographer.sensor.map_by_time_test[0m
[5.435s] [ 95%] Built target cartographer.sensor.internal.voxel_filter_test
[5.455s] [35m[1mConsolidate compiler generated dependencies of target cartographer.transform.rigid_transform_test[0m
[5.510s] [ 96%] Built target cartographer.sensor.point_cloud_test
[5.541s] [ 96%] Built target cartographer.sensor.range_data_test
[5.544s] [ 96%] Built target cartographer.sensor.map_by_time_test
[5.595s] [ 97%] Built target cartographer.sensor.landmark_data_test
[5.616s] [ 98%] Built target cartographer.transform.rigid_transform_test
[5.632s] [35m[1mConsolidate compiler generated dependencies of target cartographer.transform.timestamped_transform_test[0m
[5.644s] [35m[1mConsolidate compiler generated dependencies of target cartographer.transform.transform_interpolation_buffer_test[0m
[5.651s] [35m[1mConsolidate compiler generated dependencies of target cartographer.transform.transform_test[0m
[5.784s] [ 98%] Built target cartographer.transform.timestamped_transform_test
[5.810s] [ 98%] Built target cartographer.transform.transform_test
[5.814s] [100%] Built target cartographer.transform.transform_interpolation_buffer_test
[5.879s] Invoked command in '/home/user/cartographer_ws_docker/build/cartographer' returned '0': CMAKE_PREFIX_PATH=${CMAKE_PREFIX_PATH}:/home/user/tracing_ws/install/ros2bag:/home/user/tracing_ws/install/tracetools_test:/home/user/tracing_ws/install/tracetools_launch:/home/user/tracing_ws/install/tf2_tools:/home/user/tracing_ws/install/tf2_ros_py:/home/user/tracing_ws/install/sros2:/home/user/tracing_ws/install/rqt_plot:/home/user/tracing_ws/install/rqt_msg:/home/user/tracing_ws/install/rqt_console:/home/user/tracing_ws/install/rqt_gui_py:/home/user/tracing_ws/install/rqt_gui:/home/user/tracing_ws/install/ros2trace:/home/user/tracing_ws/install/ros2topic:/home/user/tracing_ws/install/ros2test:/home/user/tracing_ws/install/ros2param:/home/user/tracing_ws/install/ros2service:/home/user/tracing_ws/install/ros2run:/home/user/tracing_ws/install/ros2pkg:/home/user/tracing_ws/install/ros2node:/home/user/tracing_ws/install/ros2multicast:/home/user/tracing_ws/install/ros2interface:/home/user/tracing_ws/install/ros2doctor:/home/user/tracing_ws/install/ros2action:/home/user/tracing_ws/install/ros2cli:/home/user/tracing_ws/install/launch_testing_ros:/home/user/tracing_ws/install/launch_ros:/home/user/tracing_ws/install/demo_nodes_py:/home/user/tracing_ws/install/ament_uncrustify:/home/user/tracing_ws/install/tracetools_trace:/home/user/tracing_ws/install/tracetools_analysis:/home/user/tracing_ws/install/tracetools_read:/home/user/tracing_ws/install/sensor_msgs_py:/home/user/tracing_ws/install/rpyutils:/home/user/tracing_ws/install/rosidl_runtime_py:/home/user/tracing_ws/install/rosidl_cli:/home/user/tracing_ws/install/launch_testing:/home/user/tracing_ws/install/launch_yaml:/home/user/tracing_ws/install/launch_xml:/home/user/tracing_ws/install/launch:/home/user/tracing_ws/install/osrf_pycommon:/home/user/tracing_ws/install/hello:/home/user/tracing_ws/install/domain_coordinator:/home/user/tracing_ws/install/ament_xmllint:/home/user/tracing_ws/install/ament_pyflakes:/home/user/tracing_ws/install/ament_pycodestyle:/home/user/tracing_ws/install/ament_pep257:/home/user/tracing_ws/install/ament_pclint:/home/user/tracing_ws/install/ament_package:/home/user/tracing_ws/install/ament_mypy:/home/user/tracing_ws/install/ament_lint_cmake:/home/user/tracing_ws/install/ament_flake8:/home/user/tracing_ws/install/ament_copyright:/home/user/tracing_ws/install/ament_lint:/home/user/tracing_ws/install/ament_index_python:/home/user/tracing_ws/install/ament_cpplint:/home/user/tracing_ws/install/ament_cppcheck:/home/user/tracing_ws/install/ament_clang_tidy:/home/user/tracing_ws/install/ament_clang_format:/opt/ros/humble /usr/bin/cmake --build /home/user/cartographer_ws_docker/build/cartographer -- -j6 -l6
[15.811s] Invoking command in '/home/user/cartographer_ws_docker/build/cartographer': CMAKE_PREFIX_PATH=${CMAKE_PREFIX_PATH}:/home/user/tracing_ws/install/ros2bag:/home/user/tracing_ws/install/tracetools_test:/home/user/tracing_ws/install/tracetools_launch:/home/user/tracing_ws/install/tf2_tools:/home/user/tracing_ws/install/tf2_ros_py:/home/user/tracing_ws/install/sros2:/home/user/tracing_ws/install/rqt_plot:/home/user/tracing_ws/install/rqt_msg:/home/user/tracing_ws/install/rqt_console:/home/user/tracing_ws/install/rqt_gui_py:/home/user/tracing_ws/install/rqt_gui:/home/user/tracing_ws/install/ros2trace:/home/user/tracing_ws/install/ros2topic:/home/user/tracing_ws/install/ros2test:/home/user/tracing_ws/install/ros2param:/home/user/tracing_ws/install/ros2service:/home/user/tracing_ws/install/ros2run:/home/user/tracing_ws/install/ros2pkg:/home/user/tracing_ws/install/ros2node:/home/user/tracing_ws/install/ros2multicast:/home/user/tracing_ws/install/ros2interface:/home/user/tracing_ws/install/ros2doctor:/home/user/tracing_ws/install/ros2action:/home/user/tracing_ws/install/ros2cli:/home/user/tracing_ws/install/launch_testing_ros:/home/user/tracing_ws/install/launch_ros:/home/user/tracing_ws/install/demo_nodes_py:/home/user/tracing_ws/install/ament_uncrustify:/home/user/tracing_ws/install/tracetools_trace:/home/user/tracing_ws/install/tracetools_analysis:/home/user/tracing_ws/install/tracetools_read:/home/user/tracing_ws/install/sensor_msgs_py:/home/user/tracing_ws/install/rpyutils:/home/user/tracing_ws/install/rosidl_runtime_py:/home/user/tracing_ws/install/rosidl_cli:/home/user/tracing_ws/install/launch_testing:/home/user/tracing_ws/install/launch_yaml:/home/user/tracing_ws/install/launch_xml:/home/user/tracing_ws/install/launch:/home/user/tracing_ws/install/osrf_pycommon:/home/user/tracing_ws/install/hello:/home/user/tracing_ws/install/domain_coordinator:/home/user/tracing_ws/install/ament_xmllint:/home/user/tracing_ws/install/ament_pyflakes:/home/user/tracing_ws/install/ament_pycodestyle:/home/user/tracing_ws/install/ament_pep257:/home/user/tracing_ws/install/ament_pclint:/home/user/tracing_ws/install/ament_package:/home/user/tracing_ws/install/ament_mypy:/home/user/tracing_ws/install/ament_lint_cmake:/home/user/tracing_ws/install/ament_flake8:/home/user/tracing_ws/install/ament_copyright:/home/user/tracing_ws/install/ament_lint:/home/user/tracing_ws/install/ament_index_python:/home/user/tracing_ws/install/ament_cpplint:/home/user/tracing_ws/install/ament_cppcheck:/home/user/tracing_ws/install/ament_clang_tidy:/home/user/tracing_ws/install/ament_clang_format:/opt/ros/humble /usr/bin/cmake --install /home/user/cartographer_ws_docker/build/cartographer
[15.837s] -- Install configuration: "Release"
[15.837s] -- Up-to-date: /home/user/cartographer_ws_docker/install/cartographer/share/cartographer/package.xml
[15.837s] -- Up-to-date: /home/user/cartographer_ws_docker/install/cartographer/share/cartographer//configuration_files
[15.838s] -- Up-to-date: /home/user/cartographer_ws_docker/install/cartographer/share/cartographer//configuration_files/trajectory_builder.lua
[15.838s] -- Up-to-date: /home/user/cartographer_ws_docker/install/cartographer/share/cartographer//configuration_files/trajectory_builder_2d.lua
[15.838s] -- Up-to-date: /home/user/cartographer_ws_docker/install/cartographer/share/cartographer//configuration_files/map_builder_server.lua
[15.838s] -- Up-to-date: /home/user/cartographer_ws_docker/install/cartographer/share/cartographer//configuration_files/pose_graph.lua
[15.838s] -- Up-to-date: /home/user/cartographer_ws_docker/install/cartographer/share/cartographer//configuration_files/trajectory_builder_3d.lua
[15.838s] -- Up-to-date: /home/user/cartographer_ws_docker/install/cartographer/share/cartographer//configuration_files/map_builder.lua
[15.839s] -- Up-to-date: /home/user/cartographer_ws_docker/install/cartographer/share/cartographer//cmake
[15.839s] -- Up-to-date: /home/user/cartographer_ws_docker/install/cartographer/share/cartographer//cmake/modules
[15.839s] -- Up-to-date: /home/user/cartographer_ws_docker/install/cartographer/share/cartographer//cmake/modules/FindGMock.cmake
[15.839s] -- Up-to-date: /home/user/cartographer_ws_docker/install/cartographer/share/cartographer//cmake/modules/FindLuaGoogle.cmake
[15.839s] -- Up-to-date: /home/user/cartographer_ws_docker/install/cartographer/share/cartographer//cmake/modules/FindSphinx.cmake
[15.839s] -- Up-to-date: /home/user/cartographer_ws_docker/install/cartographer/share/cartographer//cmake/modules/FindEigen3.cmake
[15.839s] -- Up-to-date: /home/user/cartographer_ws_docker/install/cartographer/share/cartographer//cmake/functions.cmake
[15.841s] -- Up-to-date: /home/user/cartographer_ws_docker/install/cartographer/bin/cartographer_autogenerate_ground_truth
[15.842s] -- Up-to-date: /home/user/cartographer_ws_docker/install/cartographer/bin/cartographer_compute_relations_metrics
[15.847s] -- Up-to-date: /home/user/cartographer_ws_docker/install/cartographer/bin/cartographer_pbstream
[15.850s] -- Up-to-date: /home/user/cartographer_ws_docker/install/cartographer/bin/cartographer_print_configuration
[15.850s] -- Up-to-date: /home/user/cartographer_ws_docker/install/cartographer/lib/libcartographer.a
[15.850s] -- Up-to-date: /home/user/cartographer_ws_docker/install/cartographer/include/cartographer/common/configuration_file_resolver.h
[15.850s] -- Up-to-date: /home/user/cartographer_ws_docker/install/cartographer/include/cartographer/common/fixed_ratio_sampler.h
[15.851s] -- Up-to-date: /home/user/cartographer_ws_docker/install/cartographer/include/cartographer/common/histogram.h
[15.851s] -- Up-to-date: /home/user/cartographer_ws_docker/install/cartographer/include/cartographer/common/lua.h
[15.852s] -- Up-to-date: /home/user/cartographer_ws_docker/install/cartographer/include/cartographer/common/lua_parameter_dictionary.h
[15.852s] -- Up-to-date: /home/user/cartographer_ws_docker/install/cartographer/include/cartographer/common/math.h
[15.852s] -- Up-to-date: /home/user/cartographer_ws_docker/install/cartographer/include/cartographer/common/port.h
[15.853s] -- Up-to-date: /home/user/cartographer_ws_docker/install/cartographer/include/cartographer/common/task.h
[15.853s] -- Up-to-date: /home/user/cartographer_ws_docker/install/cartographer/include/cartographer/common/thread_pool.h
[15.853s] -- Up-to-date: /home/user/cartographer_ws_docker/install/cartographer/include/cartographer/common/time.h
[15.854s] -- Up-to-date: /home/user/cartographer_ws_docker/install/cartographer/include/cartographer/ground_truth/autogenerate_ground_truth.h
[15.854s] -- Up-to-date: /home/user/cartographer_ws_docker/install/cartographer/include/cartographer/ground_truth/relations_text_file.h
[15.854s] -- Up-to-date: /home/user/cartographer_ws_docker/install/cartographer/include/cartographer/io/color.h
[15.855s] -- Up-to-date: /home/user/cartographer_ws_docker/install/cartographer/include/cartographer/io/coloring_points_processor.h
[15.855s] -- Up-to-date: /home/user/cartographer_ws_docker/install/cartographer/include/cartographer/io/counting_points_processor.h
[15.855s] -- Up-to-date: /home/user/cartographer_ws_docker/install/cartographer/include/cartographer/io/draw_trajectories.h
[15.855s] -- Up-to-date: /home/user/cartographer_ws_docker/install/cartographer/include/cartographer/io/file_writer.h
[15.855s] -- Up-to-date: /home/user/cartographer_ws_docker/install/cartographer/include/cartographer/io/fixed_ratio_sampling_points_processor.h
[15.856s] -- Up-to-date: /home/user/cartographer_ws_docker/install/cartographer/include/cartographer/io/frame_id_filtering_points_processor.h
[15.856s] -- Up-to-date: /home/user/cartographer_ws_docker/install/cartographer/include/cartographer/io/hybrid_grid_points_processor.h
[15.856s] -- Up-to-date: /home/user/cartographer_ws_docker/install/cartographer/include/cartographer/io/image.h
[15.857s] -- Up-to-date: /home/user/cartographer_ws_docker/install/cartographer/include/cartographer/io/intensity_to_color_points_processor.h
[15.857s] -- Up-to-date: /home/user/cartographer_ws_docker/install/cartographer/include/cartographer/io/min_max_range_filtering_points_processor.h
[15.857s] -- Up-to-date: /home/user/cartographer_ws_docker/install/cartographer/include/cartographer/io/null_points_processor.h
[15.857s] -- Up-to-date: /home/user/cartographer_ws_docker/install/cartographer/include/cartographer/io/outlier_removing_points_processor.h
[15.857s] -- Up-to-date: /home/user/cartographer_ws_docker/install/cartographer/include/cartographer/io/pcd_writing_points_processor.h
[15.858s] -- Up-to-date: /home/user/cartographer_ws_docker/install/cartographer/include/cartographer/io/ply_writing_points_processor.h
[15.858s] -- Up-to-date: /home/user/cartographer_ws_docker/install/cartographer/include/cartographer/io/points_batch.h
[15.858s] -- Up-to-date: /home/user/cartographer_ws_docker/install/cartographer/include/cartographer/io/points_processor.h
[15.858s] -- Up-to-date: /home/user/cartographer_ws_docker/install/cartographer/include/cartographer/io/points_processor_pipeline_builder.h
[15.858s] -- Up-to-date: /home/user/cartographer_ws_docker/install/cartographer/include/cartographer/io/probability_grid_points_processor.h
[15.858s] -- Up-to-date: /home/user/cartographer_ws_docker/install/cartographer/include/cartographer/io/proto_stream.h
[15.858s] -- Up-to-date: /home/user/cartographer_ws_docker/install/cartographer/include/cartographer/io/proto_stream_deserializer.h
[15.858s] -- Up-to-date: /home/user/cartographer_ws_docker/install/cartographer/include/cartographer/io/proto_stream_interface.h
[15.859s] -- Up-to-date: /home/user/cartographer_ws_docker/install/cartographer/include/cartographer/io/serialization_format_migration.h
[15.859s] -- Up-to-date: /home/user/cartographer_ws_docker/install/cartographer/include/cartographer/io/submap_painter.h
[15.859s] -- Up-to-date: /home/user/cartographer_ws_docker/install/cartographer/include/cartographer/io/vertical_range_filtering_points_processor.h
[15.859s] -- Up-to-date: /home/user/cartographer_ws_docker/install/cartographer/include/cartographer/io/xray_points_processor.h
[15.860s] -- Up-to-date: /home/user/cartographer_ws_docker/install/cartographer/include/cartographer/io/xyz_writing_points_processor.h
[15.860s] -- Up-to-date: /home/user/cartographer_ws_docker/install/cartographer/include/cartographer/mapping/2d/grid_2d.h
[15.861s] -- Up-to-date: /home/user/cartographer_ws_docker/install/cartographer/include/cartographer/mapping/2d/map_limits.h
[15.861s] -- Up-to-date: /home/user/cartographer_ws_docker/install/cartographer/include/cartographer/mapping/2d/probability_grid.h
[15.861s] -- Up-to-date: /home/user/cartographer_ws_docker/install/cartographer/include/cartographer/mapping/2d/probability_grid_range_data_inserter_2d.h
[15.861s] -- Up-to-date: /home/user/cartographer_ws_docker/install/cartographer/include/cartographer/mapping/2d/submap_2d.h
[15.861s] -- Up-to-date: /home/user/cartographer_ws_docker/install/cartographer/include/cartographer/mapping/2d/xy_index.h
[15.861s] -- Up-to-date: /home/user/cartographer_ws_docker/install/cartographer/include/cartographer/mapping/3d/hybrid_grid.h
[15.861s] -- Up-to-date: /home/user/cartographer_ws_docker/install/cartographer/include/cartographer/mapping/3d/range_data_inserter_3d.h
[15.861s] -- Up-to-date: /home/user/cartographer_ws_docker/install/cartographer/include/cartographer/mapping/3d/submap_3d.h
[15.862s] -- Up-to-date: /home/user/cartographer_ws_docker/install/cartographer/include/cartographer/mapping/detect_floors.h
[15.862s] -- Up-to-date: /home/user/cartographer_ws_docker/install/cartographer/include/cartographer/mapping/grid_interface.h
[15.862s] -- Up-to-date: /home/user/cartographer_ws_docker/install/cartographer/include/cartographer/mapping/id.h
[15.862s] -- Up-to-date: /home/user/cartographer_ws_docker/install/cartographer/include/cartographer/mapping/imu_tracker.h
[15.862s] -- Up-to-date: /home/user/cartographer_ws_docker/install/cartographer/include/cartographer/mapping/map_builder.h
[15.862s] -- Up-to-date: /home/user/cartographer_ws_docker/install/cartographer/include/cartographer/mapping/map_builder_interface.h
[15.862s] -- Up-to-date: /home/user/cartographer_ws_docker/install/cartographer/include/cartographer/mapping/pose_extrapolator.h
[15.863s] -- Up-to-date: /home/user/cartographer_ws_docker/install/cartographer/include/cartographer/mapping/pose_extrapolator_interface.h
[15.863s] -- Up-to-date: /home/user/cartographer_ws_docker/install/cartographer/include/cartographer/mapping/pose_graph.h
[15.863s] -- Up-to-date: /home/user/cartographer_ws_docker/install/cartographer/include/cartographer/mapping/pose_graph_interface.h
[15.863s] -- Up-to-date: /home/user/cartographer_ws_docker/install/cartographer/include/cartographer/mapping/pose_graph_trimmer.h
[15.863s] -- Up-to-date: /home/user/cartographer_ws_docker/install/cartographer/include/cartographer/mapping/probability_values.h
[15.863s] -- Up-to-date: /home/user/cartographer_ws_docker/install/cartographer/include/cartographer/mapping/range_data_inserter_interface.h
[15.863s] -- Up-to-date: /home/user/cartographer_ws_docker/install/cartographer/include/cartographer/mapping/submaps.h
[15.863s] -- Up-to-date: /home/user/cartographer_ws_docker/install/cartographer/include/cartographer/mapping/trajectory_builder_interface.h
[15.863s] -- Up-to-date: /home/user/cartographer_ws_docker/install/cartographer/include/cartographer/mapping/trajectory_node.h
[15.863s] -- Up-to-date: /home/user/cartographer_ws_docker/install/cartographer/include/cartographer/mapping/value_conversion_tables.h
[15.863s] -- Up-to-date: /home/user/cartographer_ws_docker/install/cartographer/include/cartographer/metrics/counter.h
[15.864s] -- Up-to-date: /home/user/cartographer_ws_docker/install/cartographer/include/cartographer/metrics/family_factory.h
[15.864s] -- Up-to-date: /home/user/cartographer_ws_docker/install/cartographer/include/cartographer/metrics/gauge.h
[15.864s] -- Up-to-date: /home/user/cartographer_ws_docker/install/cartographer/include/cartographer/metrics/histogram.h
[15.864s] -- Up-to-date: /home/user/cartographer_ws_docker/install/cartographer/include/cartographer/metrics/register.h
[15.864s] -- Up-to-date: /home/user/cartographer_ws_docker/install/cartographer/include/cartographer/sensor/collator_interface.h
[15.864s] -- Up-to-date: /home/user/cartographer_ws_docker/install/cartographer/include/cartographer/sensor/compressed_point_cloud.h
[15.864s] -- Up-to-date: /home/user/cartographer_ws_docker/install/cartographer/include/cartographer/sensor/data.h
[15.864s] -- Up-to-date: /home/user/cartographer_ws_docker/install/cartographer/include/cartographer/sensor/fixed_frame_pose_data.h
[15.864s] -- Up-to-date: /home/user/cartographer_ws_docker/install/cartographer/include/cartographer/sensor/imu_data.h
[15.864s] -- Up-to-date: /home/user/cartographer_ws_docker/install/cartographer/include/cartographer/sensor/landmark_data.h
[15.864s] -- Up-to-date: /home/user/cartographer_ws_docker/install/cartographer/include/cartographer/sensor/map_by_time.h
[15.864s] -- Up-to-date: /home/user/cartographer_ws_docker/install/cartographer/include/cartographer/sensor/odometry_data.h
[15.864s] -- Up-to-date: /home/user/cartographer_ws_docker/install/cartographer/include/cartographer/sensor/point_cloud.h
[15.864s] -- Up-to-date: /home/user/cartographer_ws_docker/install/cartographer/include/cartographer/sensor/range_data.h
[15.865s] -- Up-to-date: /home/user/cartographer_ws_docker/install/cartographer/include/cartographer/sensor/rangefinder_point.h
[15.865s] -- Up-to-date: /home/user/cartographer_ws_docker/install/cartographer/include/cartographer/sensor/timed_point_cloud_data.h
[15.865s] -- Up-to-date: /home/user/cartographer_ws_docker/install/cartographer/include/cartographer/transform/rigid_transform.h
[15.865s] -- Up-to-date: /home/user/cartographer_ws_docker/install/cartographer/include/cartographer/transform/timestamped_transform.h
[15.865s] -- Up-to-date: /home/user/cartographer_ws_docker/install/cartographer/include/cartographer/transform/transform.h
[15.865s] -- Up-to-date: /home/user/cartographer_ws_docker/install/cartographer/include/cartographer/transform/transform_interpolation_buffer.h
[15.865s] -- Up-to-date: /home/user/cartographer_ws_docker/install/cartographer/include/cartographer/io/fake_file_writer.h
[15.865s] -- Up-to-date: /home/user/cartographer_ws_docker/install/cartographer/include/cartographer/transform/rigid_transform_test_helpers.h
[15.865s] -- Up-to-date: /home/user/cartographer_ws_docker/install/cartographer/include/cartographer/common/proto/ceres_solver_options.pb.h
[15.865s] -- Up-to-date: /home/user/cartographer_ws_docker/install/cartographer/include/cartographer/ground_truth/proto/relations.pb.h
[15.865s] -- Up-to-date: /home/user/cartographer_ws_docker/install/cartographer/include/cartographer/mapping/proto/cell_limits_2d.pb.h
[15.865s] -- Up-to-date: /home/user/cartographer_ws_docker/install/cartographer/include/cartographer/mapping/proto/connected_components.pb.h
[15.865s] -- Up-to-date: /home/user/cartographer_ws_docker/install/cartographer/include/cartographer/mapping/proto/grid_2d.pb.h
[15.866s] -- Up-to-date: /home/user/cartographer_ws_docker/install/cartographer/include/cartographer/mapping/proto/grid_2d_options.pb.h
[15.866s] -- Up-to-date: /home/user/cartographer_ws_docker/install/cartographer/include/cartographer/mapping/proto/hybrid_grid.pb.h
[15.866s] -- Up-to-date: /home/user/cartographer_ws_docker/install/cartographer/include/cartographer/mapping/proto/local_trajectory_builder_options_2d.pb.h
[15.866s] -- Up-to-date: /home/user/cartographer_ws_docker/install/cartographer/include/cartographer/mapping/proto/local_trajectory_builder_options_3d.pb.h
[15.866s] -- Up-to-date: /home/user/cartographer_ws_docker/install/cartographer/include/cartographer/mapping/proto/map_builder_options.pb.h
[15.866s] -- Up-to-date: /home/user/cartographer_ws_docker/install/cartographer/include/cartographer/mapping/proto/map_limits.pb.h
[15.866s] -- Up-to-date: /home/user/cartographer_ws_docker/install/cartographer/include/cartographer/mapping/proto/motion_filter_options.pb.h
[15.866s] -- Up-to-date: /home/user/cartographer_ws_docker/install/cartographer/include/cartographer/mapping/proto/normal_estimation_options_2d.pb.h
[15.866s] -- Up-to-date: /home/user/cartographer_ws_docker/install/cartographer/include/cartographer/mapping/proto/pose_extrapolator_options.pb.h
[15.866s] -- Up-to-date: /home/user/cartographer_ws_docker/install/cartographer/include/cartographer/mapping/proto/pose_graph.pb.h
[15.866s] -- Up-to-date: /home/user/cartographer_ws_docker/install/cartographer/include/cartographer/mapping/proto/pose_graph/constraint_builder_options.pb.h
[15.866s] -- Up-to-date: /home/user/cartographer_ws_docker/install/cartographer/include/cartographer/mapping/proto/pose_graph/optimization_problem_options.pb.h
[15.866s] -- Up-to-date: /home/user/cartographer_ws_docker/install/cartographer/include/cartographer/mapping/proto/pose_graph_options.pb.h
[15.867s] -- Up-to-date: /home/user/cartographer_ws_docker/install/cartographer/include/cartographer/mapping/proto/probability_grid.pb.h
[15.867s] -- Up-to-date: /home/user/cartographer_ws_docker/install/cartographer/include/cartographer/mapping/proto/probability_grid_range_data_inserter_options_2d.pb.h
[15.867s] -- Up-to-date: /home/user/cartographer_ws_docker/install/cartographer/include/cartographer/mapping/proto/range_data_inserter_options.pb.h
[15.867s] -- Up-to-date: /home/user/cartographer_ws_docker/install/cartographer/include/cartographer/mapping/proto/range_data_inserter_options_3d.pb.h
[15.867s] -- Up-to-date: /home/user/cartographer_ws_docker/install/cartographer/include/cartographer/mapping/proto/scan_matching/ceres_scan_matcher_options_2d.pb.h
[15.867s] -- Up-to-date: /home/user/cartographer_ws_docker/install/cartographer/include/cartographer/mapping/proto/scan_matching/ceres_scan_matcher_options_3d.pb.h
[15.867s] -- Up-to-date: /home/user/cartographer_ws_docker/install/cartographer/include/cartographer/mapping/proto/scan_matching/fast_correlative_scan_matcher_options_2d.pb.h
[15.867s] -- Up-to-date: /home/user/cartographer_ws_docker/install/cartographer/include/cartographer/mapping/proto/scan_matching/fast_correlative_scan_matcher_options_3d.pb.h
[15.867s] -- Up-to-date: /home/user/cartographer_ws_docker/install/cartographer/include/cartographer/mapping/proto/scan_matching/real_time_correlative_scan_matcher_options.pb.h
[15.867s] -- Up-to-date: /home/user/cartographer_ws_docker/install/cartographer/include/cartographer/mapping/proto/serialization.pb.h
[15.867s] -- Up-to-date: /home/user/cartographer_ws_docker/install/cartographer/include/cartographer/mapping/proto/submap.pb.h
[15.867s] -- Up-to-date: /home/user/cartographer_ws_docker/install/cartographer/include/cartographer/mapping/proto/submap_visualization.pb.h
[15.867s] -- Up-to-date: /home/user/cartographer_ws_docker/install/cartographer/include/cartographer/mapping/proto/submaps_options_2d.pb.h
[15.868s] -- Up-to-date: /home/user/cartographer_ws_docker/install/cartographer/include/cartographer/mapping/proto/submaps_options_3d.pb.h
[15.868s] -- Up-to-date: /home/user/cartographer_ws_docker/install/cartographer/include/cartographer/mapping/proto/trajectory.pb.h
[15.868s] -- Up-to-date: /home/user/cartographer_ws_docker/install/cartographer/include/cartographer/mapping/proto/trajectory_builder_options.pb.h
[15.868s] -- Up-to-date: /home/user/cartographer_ws_docker/install/cartographer/include/cartographer/mapping/proto/trajectory_node_data.pb.h
[15.868s] -- Up-to-date: /home/user/cartographer_ws_docker/install/cartographer/include/cartographer/mapping/proto/tsdf_2d.pb.h
[15.868s] -- Up-to-date: /home/user/cartographer_ws_docker/install/cartographer/include/cartographer/mapping/proto/tsdf_range_data_inserter_options_2d.pb.h
[15.868s] -- Up-to-date: /home/user/cartographer_ws_docker/install/cartographer/include/cartographer/sensor/proto/adaptive_voxel_filter_options.pb.h
[15.868s] -- Up-to-date: /home/user/cartographer_ws_docker/install/cartographer/include/cartographer/sensor/proto/sensor.pb.h
[15.868s] -- Up-to-date: /home/user/cartographer_ws_docker/install/cartographer/include/cartographer/transform/proto/timestamped_transform.pb.h
[15.868s] -- Up-to-date: /home/user/cartographer_ws_docker/install/cartographer/include/cartographer/transform/proto/transform.pb.h
[15.868s] -- Up-to-date: /home/user/cartographer_ws_docker/install/cartographer/share/cartographer/cmake/CartographerTargets.cmake
[15.868s] -- Up-to-date: /home/user/cartographer_ws_docker/install/cartographer/share/cartographer/cmake/CartographerTargets-release.cmake
[15.868s] -- Up-to-date: /home/user/cartographer_ws_docker/install/cartographer/share/cartographer/cartographer-config.cmake
[15.869s] Invoked command in '/home/user/cartographer_ws_docker/build/cartographer' returned '0': CMAKE_PREFIX_PATH=${CMAKE_PREFIX_PATH}:/home/user/tracing_ws/install/ros2bag:/home/user/tracing_ws/install/tracetools_test:/home/user/tracing_ws/install/tracetools_launch:/home/user/tracing_ws/install/tf2_tools:/home/user/tracing_ws/install/tf2_ros_py:/home/user/tracing_ws/install/sros2:/home/user/tracing_ws/install/rqt_plot:/home/user/tracing_ws/install/rqt_msg:/home/user/tracing_ws/install/rqt_console:/home/user/tracing_ws/install/rqt_gui_py:/home/user/tracing_ws/install/rqt_gui:/home/user/tracing_ws/install/ros2trace:/home/user/tracing_ws/install/ros2topic:/home/user/tracing_ws/install/ros2test:/home/user/tracing_ws/install/ros2param:/home/user/tracing_ws/install/ros2service:/home/user/tracing_ws/install/ros2run:/home/user/tracing_ws/install/ros2pkg:/home/user/tracing_ws/install/ros2node:/home/user/tracing_ws/install/ros2multicast:/home/user/tracing_ws/install/ros2interface:/home/user/tracing_ws/install/ros2doctor:/home/user/tracing_ws/install/ros2action:/home/user/tracing_ws/install/ros2cli:/home/user/tracing_ws/install/launch_testing_ros:/home/user/tracing_ws/install/launch_ros:/home/user/tracing_ws/install/demo_nodes_py:/home/user/tracing_ws/install/ament_uncrustify:/home/user/tracing_ws/install/tracetools_trace:/home/user/tracing_ws/install/tracetools_analysis:/home/user/tracing_ws/install/tracetools_read:/home/user/tracing_ws/install/sensor_msgs_py:/home/user/tracing_ws/install/rpyutils:/home/user/tracing_ws/install/rosidl_runtime_py:/home/user/tracing_ws/install/rosidl_cli:/home/user/tracing_ws/install/launch_testing:/home/user/tracing_ws/install/launch_yaml:/home/user/tracing_ws/install/launch_xml:/home/user/tracing_ws/install/launch:/home/user/tracing_ws/install/osrf_pycommon:/home/user/tracing_ws/install/hello:/home/user/tracing_ws/install/domain_coordinator:/home/user/tracing_ws/install/ament_xmllint:/home/user/tracing_ws/install/ament_pyflakes:/home/user/tracing_ws/install/ament_pycodestyle:/home/user/tracing_ws/install/ament_pep257:/home/user/tracing_ws/install/ament_pclint:/home/user/tracing_ws/install/ament_package:/home/user/tracing_ws/install/ament_mypy:/home/user/tracing_ws/install/ament_lint_cmake:/home/user/tracing_ws/install/ament_flake8:/home/user/tracing_ws/install/ament_copyright:/home/user/tracing_ws/install/ament_lint:/home/user/tracing_ws/install/ament_index_python:/home/user/tracing_ws/install/ament_cpplint:/home/user/tracing_ws/install/ament_cppcheck:/home/user/tracing_ws/install/ament_clang_tidy:/home/user/tracing_ws/install/ament_clang_format:/opt/ros/humble /usr/bin/cmake --install /home/user/cartographer_ws_docker/build/cartographer
