[0.006s] Invoking command in '/home/user/cartographer_ws_docker/build/cartographer': CMAKE_PREFIX_PATH=${CMAKE_PREFIX_PATH}:/opt/ros/humble /usr/bin/cmake /home/user/cartographer_ws_docker/src/cartographer -DCMAKE_INSTALL_PREFIX=/home/user/cartographer_ws_docker/install/cartographer
[0.043s] -- The C compiler identification is GNU 11.4.0
[0.069s] -- The CXX compiler identification is GNU 11.4.0
[0.073s] -- Detecting C compiler ABI info
[0.105s] -- Detecting C compiler ABI info - done
[0.109s] -- Check for working C compiler: /usr/bin/cc - skipped
[0.109s] -- Detecting C compile features
[0.109s] -- Detecting C compile features - done
[0.111s] -- Detecting CXX compiler ABI info
[0.148s] -- Detecting CXX compiler ABI info - done
[0.152s] -- Check for working CXX compiler: /usr/bin/c++ - skipped
[0.152s] -- Detecting CXX compile features
[0.152s] -- Detecting CXX compile features - done
[0.152s] -- Build type: Release
[0.157s] ãƒ•ã‚¡ã‚¤ãƒ« /home/user/cartographer_ws_docker/build/cartographer/AllFiles.cmake ã¨ - ã¯ç•°ãªã‚Šã¾ã™
[0.246s] -- Found Python: /usr/bin/python3.10 (found version "3.10.12") found components: Interpreter 
[0.247s] -- Looking for pthread.h
[0.281s] -- Looking for pthread.h - found
[0.281s] -- Performing Test CMAKE_HAVE_LIBC_PTHREAD
[0.315s] -- Performing Test CMAKE_HAVE_LIBC_PTHREAD - Success
[0.316s] -- Found Threads: TRUE  
[0.319s] -- Found GMock: gmock_main  
[0.328s] -- Found Boost: /usr/lib/x86_64-linux-gnu/cmake/Boost-1.74.0/BoostConfig.cmake (found version "1.74.0") found components: iostreams 
[0.333s] -- Found required Ceres dependency: Eigen version 3.4.0 in /usr/include/eigen3
[0.335s] -- Found required Ceres dependency: glog
[0.335s] -- Found required Ceres dependency: gflags
[0.336s] -- Found Ceres version: 2.0.0 installed in: /usr with components: [EigenSparse, SparseLinearAlgebraLibrary, LAPACK, SuiteSparse, CXSparse, SchurSpecializations, Multithreading]
[0.339s] -- Found Lua: /usr/lib/x86_64-linux-gnu/liblua5.2.so;/usr/lib/x86_64-linux-gnu/libm.so (found version "5.2.4") 
[0.345s] -- Found Protobuf: /usr/lib/x86_64-linux-gnu/libprotobuf.so (found suitable version "3.12.4", minimum required is "3.0.0") 
[0.347s] -- Found PkgConfig: /usr/bin/pkg-config (found version "0.29.2") 
[0.347s] -- Checking for one of the modules 'cairo>=1.12.16'
[0.371s] -- Found Sphinx: /usr/bin/sphinx-build  
[0.389s] -- Configuring done
[0.507s] -- Generating done
[0.509s] -- Build files have been written to: /home/user/cartographer_ws_docker/build/cartographer
[0.517s] Invoked command in '/home/user/cartographer_ws_docker/build/cartographer' returned '0': CMAKE_PREFIX_PATH=${CMAKE_PREFIX_PATH}:/opt/ros/humble /usr/bin/cmake /home/user/cartographer_ws_docker/src/cartographer -DCMAKE_INSTALL_PREFIX=/home/user/cartographer_ws_docker/install/cartographer
[0.517s] Invoking command in '/home/user/cartographer_ws_docker/build/cartographer': CMAKE_PREFIX_PATH=${CMAKE_PREFIX_PATH}:/opt/ros/humble /usr/bin/cmake --build /home/user/cartographer_ws_docker/build/cartographer -- -j24 -l24
[0.547s] [  0%] [34m[1mRunning C++ protocol buffer compiler on /home/user/cartographer_ws_docker/src/cartographer/cartographer/common/proto/ceres_solver_options.proto[0m
[0.547s] [  0%] [34m[1mRunning C++ protocol buffer compiler on /home/user/cartographer_ws_docker/src/cartographer/cartographer/ground_truth/proto/relations.proto[0m
[0.547s] [  0%] [34m[1mRunning C++ protocol buffer compiler on /home/user/cartographer_ws_docker/src/cartographer/cartographer/transform/proto/transform.proto[0m
[0.547s] [  1%] [34m[1mRunning C++ protocol buffer compiler on /home/user/cartographer_ws_docker/src/cartographer/cartographer/mapping/proto/cell_limits_2d.proto[0m
[0.549s] [  1%] [34m[1mRunning C++ protocol buffer compiler on /home/user/cartographer_ws_docker/src/cartographer/cartographer/mapping/proto/grid_2d.proto[0m
[0.549s] [  1%] [34m[1mRunning C++ protocol buffer compiler on /home/user/cartographer_ws_docker/src/cartographer/cartographer/mapping/proto/connected_components.proto[0m
[0.549s] [  1%] [34m[1mRunning C++ protocol buffer compiler on /home/user/cartographer_ws_docker/src/cartographer/cartographer/mapping/proto/local_trajectory_builder_options_2d.proto[0m
[0.550s] [  2%] [34m[1mRunning C++ protocol buffer compiler on /home/user/cartographer_ws_docker/src/cartographer/cartographer/mapping/proto/hybrid_grid.proto[0m
[0.550s] [  2%] [34m[1mRunning C++ protocol buffer compiler on /home/user/cartographer_ws_docker/src/cartographer/cartographer/mapping/proto/grid_2d_options.proto[0m
[0.550s] [  2%] [34m[1mRunning C++ protocol buffer compiler on /home/user/cartographer_ws_docker/src/cartographer/cartographer/mapping/proto/map_builder_options.proto[0m
[0.550s] [  3%] [34m[1mRunning C++ protocol buffer compiler on /home/user/cartographer_ws_docker/src/cartographer/cartographer/mapping/proto/normal_estimation_options_2d.proto[0m
[0.550s] [  3%] [34m[1mRunning C++ protocol buffer compiler on /home/user/cartographer_ws_docker/src/cartographer/cartographer/mapping/proto/map_limits.proto[0m
[0.550s] [  3%] [34m[1mRunning C++ protocol buffer compiler on /home/user/cartographer_ws_docker/src/cartographer/cartographer/mapping/proto/motion_filter_options.proto[0m
[0.550s] [  3%] [34m[1mRunning C++ protocol buffer compiler on /home/user/cartographer_ws_docker/src/cartographer/cartographer/mapping/proto/local_trajectory_builder_options_3d.proto[0m
[0.551s] [  4%] [34m[1mRunning C++ protocol buffer compiler on /home/user/cartographer_ws_docker/src/cartographer/cartographer/mapping/proto/pose_graph.proto[0m
[0.551s] [  4%] [34m[1mRunning C++ protocol buffer compiler on /home/user/cartographer_ws_docker/src/cartographer/cartographer/mapping/proto/pose_graph_options.proto[0m
[0.551s] [  4%] [34m[1mRunning C++ protocol buffer compiler on /home/user/cartographer_ws_docker/src/cartographer/cartographer/mapping/proto/pose_extrapolator_options.proto[0m
[0.551s] [  4%] [34m[1mRunning C++ protocol buffer compiler on /home/user/cartographer_ws_docker/src/cartographer/cartographer/mapping/proto/pose_graph/optimization_problem_options.proto[0m
[0.551s] [  4%] [34m[1mRunning C++ protocol buffer compiler on /home/user/cartographer_ws_docker/src/cartographer/cartographer/mapping/proto/pose_graph/constraint_builder_options.proto[0m
[0.552s] [  5%] [32mBuilding CXX object googletest/CMakeFiles/gtest.dir/src/gtest-all.cc.o[0m
[0.553s] [  5%] [34m[1mBuilding documentation.[0m
[0.555s] [  6%] [34m[1mRunning C++ protocol buffer compiler on /home/user/cartographer_ws_docker/src/cartographer/cartographer/mapping/proto/probability_grid.proto[0m
[0.558s] [  6%] Built target cartographer_detect_changes
[0.558s] [  6%] [34m[1mRunning C++ protocol buffer compiler on /home/user/cartographer_ws_docker/src/cartographer/cartographer/mapping/proto/probability_grid_range_data_inserter_options_2d.proto[0m
[0.559s] [  6%] [34m[1mRunning C++ protocol buffer compiler on /home/user/cartographer_ws_docker/src/cartographer/cartographer/mapping/proto/serialization.proto[0m
[0.560s] [  6%] [34m[1mRunning C++ protocol buffer compiler on /home/user/cartographer_ws_docker/src/cartographer/cartographer/mapping/proto/scan_matching/ceres_scan_matcher_options_3d.proto[0m
[0.560s] [  6%] [34m[1mRunning C++ protocol buffer compiler on /home/user/cartographer_ws_docker/src/cartographer/cartographer/mapping/proto/scan_matching/fast_correlative_scan_matcher_options_2d.proto[0m
[0.560s] [  6%] [34m[1mRunning C++ protocol buffer compiler on /home/user/cartographer_ws_docker/src/cartographer/cartographer/mapping/proto/range_data_inserter_options_3d.proto[0m
[0.560s] [  6%] [34m[1mRunning C++ protocol buffer compiler on /home/user/cartographer_ws_docker/src/cartographer/cartographer/mapping/proto/range_data_inserter_options.proto[0m
[0.560s] [  7%] [34m[1mRunning C++ protocol buffer compiler on /home/user/cartographer_ws_docker/src/cartographer/cartographer/mapping/proto/scan_matching/real_time_correlative_scan_matcher_options.proto[0m
[0.560s] [  8%] [34m[1mRunning C++ protocol buffer compiler on /home/user/cartographer_ws_docker/src/cartographer/cartographer/mapping/proto/scan_matching/ceres_scan_matcher_options_2d.proto[0m
[0.560s] [  8%] [34m[1mRunning C++ protocol buffer compiler on /home/user/cartographer_ws_docker/src/cartographer/cartographer/mapping/proto/submap.proto[0m
[0.560s] [  8%] [34m[1mRunning C++ protocol buffer compiler on /home/user/cartographer_ws_docker/src/cartographer/cartographer/mapping/proto/scan_matching/fast_correlative_scan_matcher_options_3d.proto[0m
[0.561s] [  8%] [34m[1mRunning C++ protocol buffer compiler on /home/user/cartographer_ws_docker/src/cartographer/cartographer/mapping/proto/submap_visualization.proto[0m
[0.561s] [  9%] [34m[1mRunning C++ protocol buffer compiler on /home/user/cartographer_ws_docker/src/cartographer/cartographer/mapping/proto/submaps_options_2d.proto[0m
[0.561s] [  9%] [34m[1mRunning C++ protocol buffer compiler on /home/user/cartographer_ws_docker/src/cartographer/cartographer/mapping/proto/submaps_options_3d.proto[0m
[0.561s] [  9%] [34m[1mRunning C++ protocol buffer compiler on /home/user/cartographer_ws_docker/src/cartographer/cartographer/mapping/proto/trajectory.proto[0m
[0.562s] [ 10%] [34m[1mRunning C++ protocol buffer compiler on /home/user/cartographer_ws_docker/src/cartographer/cartographer/mapping/proto/trajectory_node_data.proto[0m
[0.562s] [ 10%] [34m[1mRunning C++ protocol buffer compiler on /home/user/cartographer_ws_docker/src/cartographer/cartographer/mapping/proto/trajectory_builder_options.proto[0m
[0.564s] [ 10%] [34m[1mRunning C++ protocol buffer compiler on /home/user/cartographer_ws_docker/src/cartographer/cartographer/mapping/proto/tsdf_2d.proto[0m
[0.564s] [ 10%] [34m[1mRunning C++ protocol buffer compiler on /home/user/cartographer_ws_docker/src/cartographer/cartographer/mapping/proto/tsdf_range_data_inserter_options_2d.proto[0m
[0.564s] [ 10%] [34m[1mRunning C++ protocol buffer compiler on /home/user/cartographer_ws_docker/src/cartographer/cartographer/sensor/proto/sensor.proto[0m
[0.564s] [ 11%] [34m[1mRunning C++ protocol buffer compiler on /home/user/cartographer_ws_docker/src/cartographer/cartographer/sensor/proto/adaptive_voxel_filter_options.proto[0m
[0.565s] [ 11%] [34m[1mRunning C++ protocol buffer compiler on /home/user/cartographer_ws_docker/src/cartographer/cartographer/transform/proto/timestamped_transform.proto[0m
[0.592s] [ 12%] [32mBuilding CXX object CMakeFiles/cartographer.dir/cartographer/common/internal/ceres_solver_options.cc.o[0m
[0.592s] [ 12%] [32mBuilding CXX object CMakeFiles/cartographer.dir/cartographer/common/configuration_file_resolver.cc.o[0m
[0.593s] [ 12%] [32mBuilding CXX object CMakeFiles/cartographer.dir/cartographer/common/fixed_ratio_sampler.cc.o[0m
[0.593s] [ 13%] [32mBuilding CXX object CMakeFiles/cartographer.dir/cartographer/common/histogram.cc.o[0m
[0.593s] [ 13%] [32mBuilding CXX object CMakeFiles/cartographer.dir/cartographer/common/internal/testing/thread_pool_for_testing.cc.o[0m
[0.596s] [ 13%] [32mBuilding CXX object CMakeFiles/cartographer.dir/cartographer/io/color.cc.o[0m
[0.596s] [ 13%] [32mBuilding CXX object CMakeFiles/cartographer.dir/cartographer/ground_truth/autogenerate_ground_truth.cc.o[0m
[0.596s] [ 13%] [32mBuilding CXX object CMakeFiles/cartographer.dir/cartographer/common/thread_pool.cc.o[0m
[0.596s] [ 13%] [32mBuilding CXX object CMakeFiles/cartographer.dir/cartographer/ground_truth/relations_text_file.cc.o[0m
[0.596s] [ 13%] [32mBuilding CXX object CMakeFiles/cartographer.dir/cartographer/io/counting_points_processor.cc.o[0m
[0.596s] [ 15%] [32mBuilding CXX object CMakeFiles/cartographer.dir/cartographer/common/time.cc.o[0m
[0.596s] [ 13%] [32mBuilding CXX object CMakeFiles/cartographer.dir/cartographer/io/hybrid_grid_points_processor.cc.o[0m
[0.596s] [ 15%] [32mBuilding CXX object CMakeFiles/cartographer.dir/cartographer/io/draw_trajectories.cc.o[0m
[0.596s] [ 15%] [32mBuilding CXX object CMakeFiles/cartographer.dir/cartographer/io/coloring_points_processor.cc.o[0m
[0.596s] [ 16%] [32mBuilding CXX object CMakeFiles/cartographer.dir/cartographer/io/intensity_to_color_points_processor.cc.o[0m
[0.596s] [ 16%] [32mBuilding CXX object CMakeFiles/cartographer.dir/cartographer/io/internal/in_memory_proto_stream.cc.o[0m
[0.596s] [ 16%] [32mBuilding CXX object CMakeFiles/cartographer.dir/cartographer/common/task.cc.o[0m
[0.596s] [ 16%] [32mBuilding CXX object CMakeFiles/cartographer.dir/cartographer/common/lua_parameter_dictionary.cc.o[0m
[0.596s] [ 16%] [32mBuilding CXX object CMakeFiles/cartographer.dir/cartographer/io/file_writer.cc.o[0m
[0.597s] [ 16%] [32mBuilding CXX object CMakeFiles/cartographer.dir/cartographer/io/image.cc.o[0m
[0.597s] [ 17%] [32mBuilding CXX object CMakeFiles/cartographer.dir/cartographer/io/fixed_ratio_sampling_points_processor.cc.o[0m
[0.597s] [ 17%] [32mBuilding CXX object CMakeFiles/cartographer.dir/cartographer/io/frame_id_filtering_points_processor.cc.o[0m
[0.839s] [01mRunning Sphinx v4.3.2[39;49;00m
[0.949s] [01mmaking output directory... [39;49;00mdone
[0.955s] [01mbuilding [mo]: [39;49;00mtargets for 0 po files that are out of date
[0.956s] [01mbuilding [html]: [39;49;00mtargets for 6 source files that are out of date
[0.956s] [01mupdating environment: [39;49;00m[new config] 6 added, 0 changed, 0 removed
[1.037s] [01mreading sources... [39;49;00m[ 16%] [35mconfiguration[39;49;00m                                        
[1.050s] [01mreading sources... [39;49;00m[ 33%] [35mcost_functions[39;49;00m                                       
[1.068s] [01mreading sources... [39;49;00m[ 50%] [35mevaluation[39;49;00m                                           
[1.090s] [01mreading sources... [39;49;00m[ 66%] [35mindex[39;49;00m                                                
[1.100s] [01mreading sources... [39;49;00m[ 83%] [35mpbstream_migration[39;49;00m                                   
[1.112s] [01mreading sources... [39;49;00m[100%] [35mterminology[39;49;00m                                          
[1.112s] 
[1.113s] [01mlooking for now-outdated files... [39;49;00mnone found
[1.115s] [01mpickling environment... [39;49;00mdone
[1.115s] [01mchecking consistency... [39;49;00mdone
[1.117s] [01mpreparing documents... [39;49;00mdone
[1.195s] [01mwriting output... [39;49;00m[ 16%] [32mconfiguration[39;49;00m                                         
[1.283s] [01mwriting output... [39;49;00m[ 33%] [32mcost_functions[39;49;00m                                        
[1.315s] [01mwriting output... [39;49;00m[ 50%] [32mevaluation[39;49;00m                                            
[1.343s] [01mwriting output... [39;49;00m[ 66%] [32mindex[39;49;00m                                                 
[1.379s] [01mwriting output... [39;49;00m[ 83%] [32mpbstream_migration[39;49;00m                                    
[1.394s] [01mwriting output... [39;49;00m[100%] [32mterminology[39;49;00m                                           
[1.394s] 
[1.406s] [01mgenerating indices... [39;49;00mgenindex done
[1.415s] [01mwriting additional pages... [39;49;00msearch done
[1.415s] [01mcopying images... [39;49;00m[ 50%] [33mautogenerate_groundtruth.png[39;49;00m                          
[1.415s] [01mcopying images... [39;49;00m[100%] [33mhigh_level_system_overview.png[39;49;00m                        
[1.416s] 
[1.439s] [01mcopying static files... [39;49;00mdone
[1.439s] [01mcopying extra files... [39;49;00mdone
[1.442s] [01mdumping search index in English (code: en)... [39;49;00mdone
[1.442s] [01mdumping object inventory... [39;49;00mdone
[1.442s] [01mbuild succeeded.[39;49;00m
[1.442s] 
[1.442s] The HTML pages are in html.
[1.696s] [ 17%] Built target build_doc
[1.736s] [ 17%] [32mBuilding CXX object CMakeFiles/cartographer.dir/cartographer/io/internal/mapping_state_serialization.cc.o[0m
[1.751s] [ 17%] [32mBuilding CXX object CMakeFiles/cartographer.dir/cartographer/io/internal/pbstream_info.cc.o[0m
[1.810s] [ 18%] [32mBuilding CXX object CMakeFiles/cartographer.dir/cartographer/io/internal/pbstream_migrate.cc.o[0m
[1.811s] [ 18%] [32mBuilding CXX object CMakeFiles/cartographer.dir/cartographer/io/min_max_range_filtering_points_processor.cc.o[0m
[1.916s] [ 18%] [32mBuilding CXX object CMakeFiles/cartographer.dir/cartographer/io/outlier_removing_points_processor.cc.o[0m
[1.942s] [ 18%] [32mBuilding CXX object CMakeFiles/cartographer.dir/cartographer/io/pcd_writing_points_processor.cc.o[0m
[2.216s] [ 19%] [32mBuilding CXX object CMakeFiles/cartographer.dir/cartographer/io/ply_writing_points_processor.cc.o[0m
[2.465s] [ 19%] [32mBuilding CXX object CMakeFiles/cartographer.dir/cartographer/io/points_batch.cc.o[0m
[2.534s] [ 19%] [32mBuilding CXX object CMakeFiles/cartographer.dir/cartographer/io/points_processor_pipeline_builder.cc.o[0m
[2.762s] [ 20%] [32mBuilding CXX object CMakeFiles/cartographer.dir/cartographer/io/proto_stream.cc.o[0m
[2.768s] [ 20%] [32mBuilding CXX object CMakeFiles/cartographer.dir/cartographer/io/probability_grid_points_processor.cc.o[0m
[2.951s] [ 20%] [32mBuilding CXX object CMakeFiles/cartographer.dir/cartographer/io/proto_stream_deserializer.cc.o[0m
[3.466s] [ 20%] [32mBuilding CXX object CMakeFiles/cartographer.dir/cartographer/io/serialization_format_migration.cc.o[0m
[3.721s] [ 21%] [32mBuilding CXX object CMakeFiles/cartographer.dir/cartographer/io/submap_painter.cc.o[0m
[3.888s] [ 21%] [32mBuilding CXX object CMakeFiles/cartographer.dir/cartographer/io/vertical_range_filtering_points_processor.cc.o[0m
[3.945s] [ 21%] [32mBuilding CXX object CMakeFiles/cartographer.dir/cartographer/io/xray_points_processor.cc.o[0m
[3.947s] [ 21%] [32mBuilding CXX object CMakeFiles/cartographer.dir/cartographer/io/xyz_writing_points_processor.cc.o[0m
[3.999s] [ 22%] [32mBuilding CXX object CMakeFiles/cartographer.dir/cartographer/mapping/2d/grid_2d.cc.o[0m
[4.082s] [ 22%] [32mBuilding CXX object CMakeFiles/cartographer.dir/cartographer/mapping/2d/probability_grid.cc.o[0m
[4.120s] [ 22%] [32mBuilding CXX object CMakeFiles/cartographer.dir/cartographer/mapping/2d/probability_grid_range_data_inserter_2d.cc.o[0m
[4.272s] [ 22%] [32mBuilding CXX object CMakeFiles/cartographer.dir/cartographer/mapping/2d/submap_2d.cc.o[0m
[4.436s] [ 23%] [32mBuilding CXX object CMakeFiles/cartographer.dir/cartographer/mapping/3d/range_data_inserter_3d.cc.o[0m
[4.789s] [ 23%] [32mBuilding CXX object CMakeFiles/cartographer.dir/cartographer/mapping/3d/submap_3d.cc.o[0m
[4.818s] [ 23%] [32mBuilding CXX object CMakeFiles/cartographer.dir/cartographer/mapping/detect_floors.cc.o[0m
[4.941s] [ 23%] [32mBuilding CXX object CMakeFiles/cartographer.dir/cartographer/mapping/imu_tracker.cc.o[0m
[5.217s] [ 24%] [32mBuilding CXX object CMakeFiles/cartographer.dir/cartographer/mapping/internal/2d/local_slam_result_2d.cc.o[0m
[5.511s] [ 24%] [32mBuilding CXX object CMakeFiles/cartographer.dir/cartographer/mapping/internal/2d/local_trajectory_builder_2d.cc.o[0m
[5.795s] [ 24%] [32mBuilding CXX object CMakeFiles/cartographer.dir/cartographer/mapping/internal/2d/local_trajectory_builder_options_2d.cc.o[0m
[6.379s] [ 24%] [32mBuilding CXX object CMakeFiles/cartographer.dir/cartographer/mapping/internal/2d/normal_estimation_2d.cc.o[0m
[6.535s] [ 25%] [32mBuilding CXX object CMakeFiles/cartographer.dir/cartographer/mapping/internal/2d/overlapping_submaps_trimmer_2d.cc.o[0m
[6.668s] [ 25%] [32mBuilding CXX object CMakeFiles/cartographer.dir/cartographer/mapping/internal/2d/pose_graph_2d.cc.o[0m
[6.856s] [ 25%] [32mBuilding CXX object CMakeFiles/cartographer.dir/cartographer/mapping/internal/2d/ray_to_pixel_mask.cc.o[0m
[7.853s] [ 25%] [32mBuilding CXX object CMakeFiles/cartographer.dir/cartographer/mapping/internal/2d/scan_matching/ceres_scan_matcher_2d.cc.o[0m
[7.887s] [ 26%] [32mBuilding CXX object CMakeFiles/cartographer.dir/cartographer/mapping/internal/2d/scan_matching/correlative_scan_matcher_2d.cc.o[0m
[8.579s] [ 26%] [32mBuilding CXX object CMakeFiles/cartographer.dir/cartographer/mapping/internal/2d/scan_matching/fast_correlative_scan_matcher_2d.cc.o[0m
[8.745s] [ 26%] [32mBuilding CXX object CMakeFiles/cartographer.dir/cartographer/mapping/internal/2d/scan_matching/occupied_space_cost_function_2d.cc.o[0m
[8.781s] [ 26%] [32mBuilding CXX object CMakeFiles/cartographer.dir/cartographer/mapping/internal/2d/scan_matching/real_time_correlative_scan_matcher_2d.cc.o[0m
[8.968s] [ 27%] [32mBuilding CXX object CMakeFiles/cartographer.dir/cartographer/mapping/internal/2d/scan_matching/tsdf_match_cost_function_2d.cc.o[0m
[9.224s] [ 27%] [32mBuilding CXX object CMakeFiles/cartographer.dir/cartographer/mapping/internal/2d/tsd_value_converter.cc.o[0m
[9.653s] [ 27%] [32mBuilding CXX object CMakeFiles/cartographer.dir/cartographer/mapping/internal/2d/tsdf_2d.cc.o[0m
[9.852s] [ 27%] [32mBuilding CXX object CMakeFiles/cartographer.dir/cartographer/mapping/internal/2d/tsdf_range_data_inserter_2d.cc.o[0m
[10.059s] [ 28%] [32mBuilding CXX object CMakeFiles/cartographer.dir/cartographer/mapping/internal/3d/local_slam_result_3d.cc.o[0m
[10.431s] [ 28%] [32mBuilding CXX object CMakeFiles/cartographer.dir/cartographer/mapping/internal/3d/local_trajectory_builder_3d.cc.o[0m
[10.500s] [ 28%] [32mBuilding CXX object CMakeFiles/cartographer.dir/cartographer/mapping/internal/3d/local_trajectory_builder_options_3d.cc.o[0m
[10.575s] [ 28%] [32mBuilding CXX object CMakeFiles/cartographer.dir/cartographer/mapping/internal/3d/pose_graph_3d.cc.o[0m
[10.736s] [ 29%] [32mBuilding CXX object CMakeFiles/cartographer.dir/cartographer/mapping/internal/3d/scan_matching/ceres_scan_matcher_3d.cc.o[0m
[11.085s] [ 29%] [32mBuilding CXX object CMakeFiles/cartographer.dir/cartographer/mapping/internal/3d/scan_matching/fast_correlative_scan_matcher_3d.cc.o[0m
[11.350s] [ 29%] [32mBuilding CXX object CMakeFiles/cartographer.dir/cartographer/mapping/internal/3d/scan_matching/intensity_cost_function_3d.cc.o[0m
[11.952s] [ 29%] [32mBuilding CXX object CMakeFiles/cartographer.dir/cartographer/mapping/internal/3d/scan_matching/low_resolution_matcher.cc.o[0m
[11.965s] [ 29%] [32m[1mLinking CXX static library ../lib/libgtest.a[0m
[12.068s] [ 29%] Built target gtest
[12.099s] [ 30%] [32mBuilding CXX object CMakeFiles/cartographer.dir/cartographer/mapping/internal/3d/scan_matching/precomputation_grid_3d.cc.o[0m
[12.576s] [ 31%] [32mBuilding CXX object gmock/CMakeFiles/gmock.dir/src/gmock-all.cc.o[0m
[12.583s] [ 31%] [32mBuilding CXX object CMakeFiles/cartographer.dir/cartographer/mapping/internal/3d/scan_matching/real_time_correlative_scan_matcher_3d.cc.o[0m
[12.843s] [ 31%] [32mBuilding CXX object CMakeFiles/cartographer.dir/cartographer/mapping/internal/3d/scan_matching/rotational_scan_matcher.cc.o[0m
[12.854s] [ 32%] [32mBuilding CXX object CMakeFiles/cartographer.dir/cartographer/mapping/internal/collated_trajectory_builder.cc.o[0m
[12.897s] [ 32%] [32mBuilding CXX object CMakeFiles/cartographer.dir/cartographer/mapping/internal/connected_components.cc.o[0m
[13.184s] [ 32%] [32mBuilding CXX object CMakeFiles/cartographer.dir/cartographer/mapping/internal/constraints/constraint_builder.cc.o[0m
[13.650s] [ 32%] [32mBuilding CXX object CMakeFiles/cartographer.dir/cartographer/mapping/internal/constraints/constraint_builder_2d.cc.o[0m
[13.845s] [ 33%] [32mBuilding CXX object CMakeFiles/cartographer.dir/cartographer/mapping/internal/constraints/constraint_builder_3d.cc.o[0m
[14.015s] [ 33%] [32mBuilding CXX object CMakeFiles/cartographer.dir/cartographer/mapping/internal/eigen_quaterniond_from_two_vectors.cc.o[0m
[14.141s] [ 33%] [32mBuilding CXX object CMakeFiles/cartographer.dir/cartographer/mapping/internal/global_trajectory_builder.cc.o[0m
[14.152s] [ 33%] [32mBuilding CXX object CMakeFiles/cartographer.dir/cartographer/mapping/internal/imu_based_pose_extrapolator.cc.o[0m
[14.225s] [ 34%] [32mBuilding CXX object CMakeFiles/cartographer.dir/cartographer/mapping/internal/motion_filter.cc.o[0m
[14.706s] [ 34%] [32mBuilding CXX object CMakeFiles/cartographer.dir/cartographer/mapping/internal/optimization/ceres_pose.cc.o[0m
[15.335s] [ 34%] [32mBuilding CXX object CMakeFiles/cartographer.dir/cartographer/mapping/internal/optimization/cost_functions/spa_cost_function_2d.cc.o[0m
[15.491s] [ 34%] [32mBuilding CXX object CMakeFiles/cartographer.dir/cartographer/mapping/internal/optimization/optimization_problem_2d.cc.o[0m
[15.561s] [ 35%] [32mBuilding CXX object CMakeFiles/cartographer.dir/cartographer/mapping/internal/optimization/optimization_problem_3d.cc.o[0m
[15.736s] [ 35%] [32m[1mLinking CXX static library ../lib/libgmock.a[0m
[15.761s] [ 35%] [32mBuilding CXX object CMakeFiles/cartographer.dir/cartographer/mapping/internal/optimization/optimization_problem_options.cc.o[0m
[15.790s] [ 35%] Built target gmock
[15.840s] [ 35%] [32mBuilding CXX object CMakeFiles/cartographer.dir/cartographer/mapping/internal/range_data_collator.cc.o[0m
[16.352s] [ 35%] [32mBuilding CXX object CMakeFiles/cartographer.dir/cartographer/mapping/internal/scan_matching/real_time_correlative_scan_matcher.cc.o[0m
[16.617s] [ 36%] [32mBuilding CXX object CMakeFiles/cartographer.dir/cartographer/mapping/internal/submap_controller.cc.o[0m
[16.664s] [ 36%] [32mBuilding CXX object CMakeFiles/cartographer.dir/cartographer/mapping/internal/trajectory_connectivity_state.cc.o[0m
[16.827s] [ 36%] [32mBuilding CXX object CMakeFiles/cartographer.dir/cartographer/mapping/map_builder.cc.o[0m
[17.156s] [ 36%] [32mBuilding CXX object CMakeFiles/cartographer.dir/cartographer/mapping/map_builder_interface.cc.o[0m
[17.330s] [ 36%] [32mBuilding CXX object gmock/CMakeFiles/gmock_main.dir/src/gmock_main.cc.o[0m
[17.445s] [ 37%] [32mBuilding CXX object CMakeFiles/cartographer.dir/cartographer/mapping/pose_extrapolator.cc.o[0m
[17.648s] [ 37%] [32mBuilding CXX object CMakeFiles/cartographer.dir/cartographer/mapping/pose_extrapolator_interface.cc.o[0m
[17.780s] [ 37%] [32mBuilding CXX object CMakeFiles/cartographer.dir/cartographer/mapping/pose_graph.cc.o[0m
[17.867s] [ 37%] [32mBuilding CXX object CMakeFiles/cartographer.dir/cartographer/mapping/pose_graph_trimmer.cc.o[0m
[17.917s] [ 38%] [32mBuilding CXX object CMakeFiles/cartographer.dir/cartographer/mapping/probability_values.cc.o[0m
[18.345s] [ 38%] [32mBuilding CXX object CMakeFiles/cartographer.dir/cartographer/mapping/range_data_inserter_interface.cc.o[0m
[18.367s] [ 38%] [32mBuilding CXX object CMakeFiles/cartographer.dir/cartographer/mapping/trajectory_builder_interface.cc.o[0m
[18.449s] [ 38%] [32m[1mLinking CXX static library ../lib/libgmock_main.a[0m
[18.548s] [ 38%] [32mBuilding CXX object CMakeFiles/cartographer.dir/cartographer/mapping/trajectory_node.cc.o[0m
[18.559s] [ 38%] Built target gmock_main
[18.571s] [ 39%] [32mBuilding CXX object CMakeFiles/cartographer.dir/cartographer/mapping/value_conversion_tables.cc.o[0m
[19.527s] [ 39%] [32mBuilding CXX object CMakeFiles/cartographer.dir/cartographer/metrics/counter.cc.o[0m
[19.817s] [ 39%] [32mBuilding CXX object CMakeFiles/cartographer.dir/cartographer/metrics/gauge.cc.o[0m
[19.898s] [ 39%] [32mBuilding CXX object CMakeFiles/cartographer.dir/cartographer/metrics/histogram.cc.o[0m
[19.911s] [ 40%] [32mBuilding CXX object CMakeFiles/cartographer.dir/cartographer/metrics/register.cc.o[0m
[20.003s] [ 40%] [32mBuilding CXX object CMakeFiles/cartographer.dir/cartographer/sensor/compressed_point_cloud.cc.o[0m
[20.295s] [ 40%] [32mBuilding CXX object CMakeFiles/cartographer.dir/cartographer/sensor/fixed_frame_pose_data.cc.o[0m
[20.351s] [ 40%] [32mBuilding CXX object CMakeFiles/cartographer.dir/cartographer/sensor/imu_data.cc.o[0m
[20.369s] [ 41%] [32mBuilding CXX object CMakeFiles/cartographer.dir/cartographer/sensor/internal/collator.cc.o[0m
[20.486s] [ 41%] [32mBuilding CXX object CMakeFiles/cartographer.dir/cartographer/sensor/internal/ordered_multi_queue.cc.o[0m
[20.564s] [ 41%] [32mBuilding CXX object CMakeFiles/cartographer.dir/cartographer/sensor/internal/trajectory_collator.cc.o[0m
[20.625s] [ 42%] [32mBuilding CXX object CMakeFiles/cartographer.dir/cartographer/sensor/internal/voxel_filter.cc.o[0m
[20.654s] [ 42%] [32mBuilding CXX object CMakeFiles/cartographer.dir/cartographer/sensor/landmark_data.cc.o[0m
[20.741s] [ 42%] [32mBuilding CXX object CMakeFiles/cartographer.dir/cartographer/sensor/odometry_data.cc.o[0m
[20.764s] [ 42%] [32mBuilding CXX object CMakeFiles/cartographer.dir/cartographer/sensor/point_cloud.cc.o[0m
[21.170s] [ 43%] [32mBuilding CXX object CMakeFiles/cartographer.dir/cartographer/sensor/range_data.cc.o[0m
[21.237s] [ 43%] [32mBuilding CXX object CMakeFiles/cartographer.dir/cartographer/sensor/timed_point_cloud_data.cc.o[0m
[21.411s] [ 43%] [32mBuilding CXX object CMakeFiles/cartographer.dir/cartographer/transform/rigid_transform.cc.o[0m
[21.591s] [ 43%] [32mBuilding CXX object CMakeFiles/cartographer.dir/cartographer/transform/timestamped_transform.cc.o[0m
[21.900s] [ 44%] [32mBuilding CXX object CMakeFiles/cartographer.dir/cartographer/transform/transform.cc.o[0m
[22.092s] [ 44%] [32mBuilding CXX object CMakeFiles/cartographer.dir/cartographer/transform/transform_interpolation_buffer.cc.o[0m
[22.126s] [ 44%] [32mBuilding CXX object CMakeFiles/cartographer.dir/cartographer/common/proto/ceres_solver_options.pb.cc.o[0m
[22.397s] [ 44%] [32mBuilding CXX object CMakeFiles/cartographer.dir/cartographer/ground_truth/proto/relations.pb.cc.o[0m
[22.579s] [ 45%] [32mBuilding CXX object CMakeFiles/cartographer.dir/cartographer/mapping/proto/cell_limits_2d.pb.cc.o[0m
[23.062s] [ 45%] [32mBuilding CXX object CMakeFiles/cartographer.dir/cartographer/mapping/proto/connected_components.pb.cc.o[0m
[23.492s] [ 45%] [32mBuilding CXX object CMakeFiles/cartographer.dir/cartographer/mapping/proto/grid_2d.pb.cc.o[0m
[23.514s] [ 45%] [32mBuilding CXX object CMakeFiles/cartographer.dir/cartographer/mapping/proto/grid_2d_options.pb.cc.o[0m
[23.519s] [ 46%] [32mBuilding CXX object CMakeFiles/cartographer.dir/cartographer/mapping/proto/hybrid_grid.pb.cc.o[0m
[23.534s] [ 46%] [32mBuilding CXX object CMakeFiles/cartographer.dir/cartographer/mapping/proto/local_trajectory_builder_options_2d.pb.cc.o[0m
[23.634s] [ 46%] [32mBuilding CXX object CMakeFiles/cartographer.dir/cartographer/mapping/proto/local_trajectory_builder_options_3d.pb.cc.o[0m
[24.019s] [ 47%] [32mBuilding CXX object CMakeFiles/cartographer.dir/cartographer/mapping/proto/map_limits.pb.cc.o[0m
[24.024s] [ 47%] [32mBuilding CXX object CMakeFiles/cartographer.dir/cartographer/mapping/proto/map_builder_options.pb.cc.o[0m
[24.087s] [ 47%] [32mBuilding CXX object CMakeFiles/cartographer.dir/cartographer/mapping/proto/motion_filter_options.pb.cc.o[0m
[24.148s] [ 47%] [32mBuilding CXX object CMakeFiles/cartographer.dir/cartographer/mapping/proto/normal_estimation_options_2d.pb.cc.o[0m
[24.239s] [ 47%] [32mBuilding CXX object CMakeFiles/cartographer.dir/cartographer/mapping/proto/pose_extrapolator_options.pb.cc.o[0m
[24.335s] [ 48%] [32mBuilding CXX object CMakeFiles/cartographer.dir/cartographer/mapping/proto/pose_graph.pb.cc.o[0m
[24.411s] [ 48%] [32mBuilding CXX object CMakeFiles/cartographer.dir/cartographer/mapping/proto/pose_graph/constraint_builder_options.pb.cc.o[0m
[24.421s] [ 48%] [32mBuilding CXX object CMakeFiles/cartographer.dir/cartographer/mapping/proto/pose_graph/optimization_problem_options.pb.cc.o[0m
[24.476s] [ 48%] [32mBuilding CXX object CMakeFiles/cartographer.dir/cartographer/mapping/proto/pose_graph_options.pb.cc.o[0m
[24.489s] [ 49%] [32mBuilding CXX object CMakeFiles/cartographer.dir/cartographer/mapping/proto/probability_grid.pb.cc.o[0m
[24.532s] [ 49%] [32mBuilding CXX object CMakeFiles/cartographer.dir/cartographer/mapping/proto/probability_grid_range_data_inserter_options_2d.pb.cc.o[0m
[24.572s] [ 49%] [32mBuilding CXX object CMakeFiles/cartographer.dir/cartographer/mapping/proto/range_data_inserter_options.pb.cc.o[0m
[24.680s] [ 49%] [32mBuilding CXX object CMakeFiles/cartographer.dir/cartographer/mapping/proto/range_data_inserter_options_3d.pb.cc.o[0m
[24.730s] [ 50%] [32mBuilding CXX object CMakeFiles/cartographer.dir/cartographer/mapping/proto/scan_matching/ceres_scan_matcher_options_2d.pb.cc.o[0m
[24.752s] [ 50%] [32mBuilding CXX object CMakeFiles/cartographer.dir/cartographer/mapping/proto/scan_matching/ceres_scan_matcher_options_3d.pb.cc.o[0m
[24.783s] [ 50%] [32mBuilding CXX object CMakeFiles/cartographer.dir/cartographer/mapping/proto/scan_matching/fast_correlative_scan_matcher_options_2d.pb.cc.o[0m
[24.892s] [ 50%] [32mBuilding CXX object CMakeFiles/cartographer.dir/cartographer/mapping/proto/scan_matching/fast_correlative_scan_matcher_options_3d.pb.cc.o[0m
[24.926s] [ 51%] [32mBuilding CXX object CMakeFiles/cartographer.dir/cartographer/mapping/proto/scan_matching/real_time_correlative_scan_matcher_options.pb.cc.o[0m
[24.960s] [ 51%] [32mBuilding CXX object CMakeFiles/cartographer.dir/cartographer/mapping/proto/serialization.pb.cc.o[0m
[25.030s] [ 52%] [32mBuilding CXX object CMakeFiles/cartographer.dir/cartographer/mapping/proto/submap_visualization.pb.cc.o[0m
[25.030s] [ 52%] [32mBuilding CXX object CMakeFiles/cartographer.dir/cartographer/mapping/proto/submap.pb.cc.o[0m
[25.068s] [ 52%] [32mBuilding CXX object CMakeFiles/cartographer.dir/cartographer/mapping/proto/submaps_options_2d.pb.cc.o[0m
[25.136s] [ 52%] [32mBuilding CXX object CMakeFiles/cartographer.dir/cartographer/mapping/proto/submaps_options_3d.pb.cc.o[0m
[25.343s] [ 52%] [32mBuilding CXX object CMakeFiles/cartographer.dir/cartographer/mapping/proto/trajectory.pb.cc.o[0m
[25.398s] [ 53%] [32mBuilding CXX object CMakeFiles/cartographer.dir/cartographer/mapping/proto/trajectory_builder_options.pb.cc.o[0m
[25.403s] [ 53%] [32mBuilding CXX object CMakeFiles/cartographer.dir/cartographer/mapping/proto/trajectory_node_data.pb.cc.o[0m
[25.406s] [ 53%] [32mBuilding CXX object CMakeFiles/cartographer.dir/cartographer/mapping/proto/tsdf_range_data_inserter_options_2d.pb.cc.o[0m
[25.422s] [ 54%] [32mBuilding CXX object CMakeFiles/cartographer.dir/cartographer/mapping/proto/tsdf_2d.pb.cc.o[0m
[25.422s] [ 54%] [32mBuilding CXX object CMakeFiles/cartographer.dir/cartographer/sensor/proto/adaptive_voxel_filter_options.pb.cc.o[0m
[25.489s] [ 54%] [32mBuilding CXX object CMakeFiles/cartographer.dir/cartographer/sensor/proto/sensor.pb.cc.o[0m
[25.538s] [ 54%] [32mBuilding CXX object CMakeFiles/cartographer.dir/cartographer/transform/proto/timestamped_transform.pb.cc.o[0m
[25.578s] [ 54%] [32mBuilding CXX object CMakeFiles/cartographer.dir/cartographer/transform/proto/transform.pb.cc.o[0m
[28.741s] [ 55%] [32m[1mLinking CXX static library libcartographer.a[0m
[28.802s] [ 55%] Built target cartographer
[28.813s] [ 55%] [32mBuilding CXX object CMakeFiles/cartographer_compute_relations_metrics.dir/cartographer/ground_truth/compute_relations_metrics_main.cc.o[0m
[28.813s] [ 55%] [32mBuilding CXX object CMakeFiles/cartographer_autogenerate_ground_truth.dir/cartographer/ground_truth/autogenerate_ground_truth_main.cc.o[0m
[28.813s] [ 55%] [32mBuilding CXX object CMakeFiles/cartographer_pbstream.dir/cartographer/io/pbstream_main.cc.o[0m
[28.813s] [ 55%] [32mBuilding CXX object CMakeFiles/cartographer_print_configuration.dir/cartographer/common/print_configuration_main.cc.o[0m
[28.813s] [ 55%] [32mBuilding CXX object CMakeFiles/cartographer_test_library.dir/cartographer/io/fake_file_writer.cc.o[0m
[28.813s] [ 56%] [32mBuilding CXX object CMakeFiles/cartographer_test_library.dir/cartographer/io/fake_file_writer_test.cc.o[0m
[28.814s] [ 56%] [32mBuilding CXX object CMakeFiles/cartographer_test_library.dir/cartographer/io/internal/testing/test_helpers.cc.o[0m
[28.814s] [ 56%] [32mBuilding CXX object CMakeFiles/cartographer_test_library.dir/cartographer/mapping/internal/testing/test_helpers.cc.o[0m
[29.287s] [ 57%] [32m[1mLinking CXX executable cartographer_pbstream[0m
[29.422s] [ 57%] Built target cartographer_pbstream
[29.623s] [ 57%] [32m[1mLinking CXX executable cartographer_print_configuration[0m
[29.673s] [ 57%] Built target cartographer_print_configuration
[30.226s] [ 58%] [32m[1mLinking CXX executable cartographer_autogenerate_ground_truth[0m
[30.306s] [ 58%] Built target cartographer_autogenerate_ground_truth
[30.544s] [ 58%] [32m[1mLinking CXX executable cartographer_compute_relations_metrics[0m
[30.625s] [ 58%] Built target cartographer_compute_relations_metrics
[30.676s] [ 58%] [32m[1mLinking CXX static library libcartographer_test_library.a[0m
[30.691s] [ 58%] Built target cartographer_test_library
[30.708s] [ 58%] [32mBuilding CXX object CMakeFiles/cartographer.common.internal.blocking_queue_test.dir/cartographer/common/internal/blocking_queue_test.cc.o[0m
[30.708s] [ 58%] [32mBuilding CXX object CMakeFiles/cartographer.common.lua_parameter_dictionary_test.dir/cartographer/common/lua_parameter_dictionary_test.cc.o[0m
[30.708s] [ 58%] [32mBuilding CXX object CMakeFiles/cartographer.common.configuration_files_test.dir/cartographer/common/configuration_files_test.cc.o[0m
[30.708s] [ 58%] [32mBuilding CXX object CMakeFiles/cartographer.common.fixed_ratio_sampler_test.dir/cartographer/common/fixed_ratio_sampler_test.cc.o[0m
[30.708s] [ 58%] [32mBuilding CXX object CMakeFiles/cartographer.common.internal.rate_timer_test.dir/cartographer/common/internal/rate_timer_test.cc.o[0m
[30.708s] [ 58%] [32mBuilding CXX object CMakeFiles/cartographer.common.task_test.dir/cartographer/common/task_test.cc.o[0m
[30.708s] [ 58%] [32mBuilding CXX object CMakeFiles/cartographer.common.math_test.dir/cartographer/common/math_test.cc.o[0m
[30.708s] [ 58%] [32mBuilding CXX object CMakeFiles/cartographer.io.fake_file_writer_test.dir/cartographer/io/fake_file_writer_test.cc.o[0m
[30.708s] [ 58%] [32mBuilding CXX object CMakeFiles/cartographer.io.proto_stream_deserializer_test.dir/cartographer/io/proto_stream_deserializer_test.cc.o[0m
[30.708s] [ 58%] [32mBuilding CXX object CMakeFiles/cartographer.common.thread_pool_test.dir/cartographer/common/thread_pool_test.cc.o[0m
[30.709s] [ 58%] [32mBuilding CXX object CMakeFiles/cartographer.io.points_processor_pipeline_builder_test.dir/cartographer/io/points_processor_pipeline_builder_test.cc.o[0m
[30.709s] [ 58%] [32mBuilding CXX object CMakeFiles/cartographer.io.internal.in_memory_proto_stream_test.dir/cartographer/io/internal/in_memory_proto_stream_test.cc.o[0m
[30.709s] [ 60%] [32mBuilding CXX object CMakeFiles/cartographer.io.proto_stream_test.dir/cartographer/io/proto_stream_test.cc.o[0m
[30.710s] [ 60%] [32mBuilding CXX object CMakeFiles/cartographer.io.serialization_format_migration_test.dir/cartographer/io/serialization_format_migration_test.cc.o[0m
[30.710s] [ 60%] [32mBuilding CXX object CMakeFiles/cartographer.mapping.2d.map_limits_test.dir/cartographer/mapping/2d/map_limits_test.cc.o[0m
[30.710s] [ 61%] [32mBuilding CXX object CMakeFiles/cartographer.mapping.2d.submap_2d_test.dir/cartographer/mapping/2d/submap_2d_test.cc.o[0m
[30.710s] [ 61%] [32mBuilding CXX object CMakeFiles/cartographer.mapping.2d.probability_grid_test.dir/cartographer/mapping/2d/probability_grid_test.cc.o[0m
[30.710s] [ 61%] [32mBuilding CXX object CMakeFiles/cartographer.mapping.2d.xy_index_test.dir/cartographer/mapping/2d/xy_index_test.cc.o[0m
[30.710s] [ 62%] [32mBuilding CXX object CMakeFiles/cartographer.mapping.2d.range_data_inserter_2d_test.dir/cartographer/mapping/2d/range_data_inserter_2d_test.cc.o[0m
[30.710s] [ 63%] [32mBuilding CXX object CMakeFiles/cartographer.mapping.3d.range_data_inserter_3d_test.dir/cartographer/mapping/3d/range_data_inserter_3d_test.cc.o[0m
[30.711s] [ 63%] [32mBuilding CXX object CMakeFiles/cartographer.mapping.3d.hybrid_grid_test.dir/cartographer/mapping/3d/hybrid_grid_test.cc.o[0m
[30.717s] [ 63%] [32mBuilding CXX object CMakeFiles/cartographer.io.probability_grid_points_processor_test.dir/cartographer/io/probability_grid_points_processor_test.cc.o[0m
[30.719s] [ 63%] [32mBuilding CXX object CMakeFiles/cartographer.mapping.3d.submap_3d_test.dir/cartographer/mapping/3d/submap_3d_test.cc.o[0m
[30.723s] [ 64%] [32mBuilding CXX object CMakeFiles/cartographer.mapping.id_test.dir/cartographer/mapping/id_test.cc.o[0m
[32.731s] [ 65%] [32m[1mLinking CXX executable cartographer.common.fixed_ratio_sampler_test[0m
[32.785s] [ 66%] [32m[1mLinking CXX executable cartographer.common.thread_pool_test[0m
[32.925s] [ 66%] Built target cartographer.common.fixed_ratio_sampler_test
[32.951s] [ 66%] Built target cartographer.common.thread_pool_test
[32.962s] [ 66%] [32mBuilding CXX object CMakeFiles/cartographer.mapping.imu_tracker_test.dir/cartographer/mapping/imu_tracker_test.cc.o[0m
[32.973s] [ 67%] [32mBuilding CXX object CMakeFiles/cartographer.mapping.internal.2d.normal_estimation_2d_test.dir/cartographer/mapping/internal/2d/normal_estimation_2d_test.cc.o[0m
[33.132s] [ 67%] [32m[1mLinking CXX executable cartographer.io.proto_stream_test[0m
[33.158s] [ 67%] [32m[1mLinking CXX executable cartographer.io.fake_file_writer_test[0m
[33.340s] [ 67%] Built target cartographer.io.fake_file_writer_test
[33.353s] [ 67%] Built target cartographer.io.proto_stream_test
[33.364s] [ 67%] [32mBuilding CXX object CMakeFiles/cartographer.mapping.internal.2d.overlapping_submaps_trimmer_2d_test.dir/cartographer/mapping/internal/2d/overlapping_submaps_trimmer_2d_test.cc.o[0m
[33.392s] [ 68%] [32mBuilding CXX object CMakeFiles/cartographer.mapping.internal.2d.pose_graph_2d_test.dir/cartographer/mapping/internal/2d/pose_graph_2d_test.cc.o[0m
[33.499s] [ 69%] [32m[1mLinking CXX executable cartographer.common.math_test[0m
[33.645s] [ 70%] [32m[1mLinking CXX executable cartographer.io.internal.in_memory_proto_stream_test[0m
[33.674s] [ 71%] [32m[1mLinking CXX executable cartographer.common.internal.rate_timer_test[0m
[33.683s] [ 71%] Built target cartographer.common.math_test
[33.725s] [ 71%] [32mBuilding CXX object CMakeFiles/cartographer.mapping.internal.2d.ray_to_pixel_mask_test.dir/cartographer/mapping/internal/2d/ray_to_pixel_mask_test.cc.o[0m
[33.836s] [ 71%] Built target cartographer.common.internal.rate_timer_test
[33.862s] [ 72%] [32mBuilding CXX object CMakeFiles/cartographer.mapping.internal.2d.scan_matching.ceres_scan_matcher_2d_test.dir/cartographer/mapping/internal/2d/scan_matching/ceres_scan_matcher_2d_test.cc.o[0m
[33.889s] [ 72%] Built target cartographer.io.internal.in_memory_proto_stream_test
[33.914s] [ 72%] [32mBuilding CXX object CMakeFiles/cartographer.mapping.internal.2d.scan_matching.correlative_scan_matcher_test.dir/cartographer/mapping/internal/2d/scan_matching/correlative_scan_matcher_test.cc.o[0m
[33.914s] [ 72%] [32m[1mLinking CXX executable cartographer.common.task_test[0m
[34.087s] [ 72%] Built target cartographer.common.task_test
[34.105s] [ 72%] [32m[1mLinking CXX executable cartographer.common.internal.blocking_queue_test[0m
[34.114s] [ 73%] [32mBuilding CXX object CMakeFiles/cartographer.mapping.internal.2d.scan_matching.fast_correlative_scan_matcher_2d_test.dir/cartographer/mapping/internal/2d/scan_matching/fast_correlative_scan_matcher_2d_test.cc.o[0m
[34.181s] [ 73%] [32m[1mLinking CXX executable cartographer.io.proto_stream_deserializer_test[0m
[34.285s] [ 73%] Built target cartographer.common.internal.blocking_queue_test
[34.324s] [ 73%] [32mBuilding CXX object CMakeFiles/cartographer.mapping.internal.2d.scan_matching.interpolated_tsdf_2d_test.dir/cartographer/mapping/internal/2d/scan_matching/interpolated_tsdf_2d_test.cc.o[0m
[34.378s] [ 73%] [32m[1mLinking CXX executable cartographer.mapping.2d.xy_index_test[0m
[34.443s] [ 73%] Built target cartographer.io.proto_stream_deserializer_test
[34.453s] [ 73%] [32m[1mLinking CXX executable cartographer.common.lua_parameter_dictionary_test[0m
[34.471s] [ 73%] [32mBuilding CXX object CMakeFiles/cartographer.mapping.internal.2d.scan_matching.occupied_space_cost_function_2d_test.dir/cartographer/mapping/internal/2d/scan_matching/occupied_space_cost_function_2d_test.cc.o[0m
[34.503s] [ 73%] [32m[1mLinking CXX executable cartographer.io.points_processor_pipeline_builder_test[0m
[34.509s] [ 73%] [32m[1mLinking CXX executable cartographer.mapping.2d.map_limits_test[0m
[34.604s] [ 73%] Built target cartographer.mapping.2d.xy_index_test
[34.650s] [ 73%] [32mBuilding CXX object CMakeFiles/cartographer.mapping.internal.2d.scan_matching.real_time_correlative_scan_matcher_2d_test.dir/cartographer/mapping/internal/2d/scan_matching/real_time_correlative_scan_matcher_2d_test.cc.o[0m
[34.674s] [ 73%] Built target cartographer.common.lua_parameter_dictionary_test
[34.714s] [ 73%] [32mBuilding CXX object CMakeFiles/cartographer.mapping.internal.2d.scan_matching.tsdf_match_cost_function_2d_test.dir/cartographer/mapping/internal/2d/scan_matching/tsdf_match_cost_function_2d_test.cc.o[0m
[34.734s] [ 73%] Built target cartographer.mapping.2d.map_limits_test
[34.758s] [ 73%] [32mBuilding CXX object CMakeFiles/cartographer.mapping.internal.2d.tsd_value_converter_test.dir/cartographer/mapping/internal/2d/tsd_value_converter_test.cc.o[0m
[34.796s] [ 73%] Built target cartographer.io.points_processor_pipeline_builder_test
[34.821s] [ 73%] [32mBuilding CXX object CMakeFiles/cartographer.mapping.internal.2d.tsdf_2d_test.dir/cartographer/mapping/internal/2d/tsdf_2d_test.cc.o[0m
[34.992s] [ 73%] [32m[1mLinking CXX executable cartographer.common.configuration_files_test[0m
[35.166s] [ 73%] [32m[1mLinking CXX executable cartographer.mapping.2d.range_data_inserter_2d_test[0m
[35.323s] [ 73%] [32m[1mLinking CXX executable cartographer.mapping.id_test[0m
[35.371s] [ 73%] Built target cartographer.common.configuration_files_test
[35.398s] [ 73%] [32mBuilding CXX object CMakeFiles/cartographer.mapping.internal.2d.tsdf_range_data_inserter_2d_test.dir/cartographer/mapping/internal/2d/tsdf_range_data_inserter_2d_test.cc.o[0m
[35.407s] [ 73%] Built target cartographer.mapping.2d.range_data_inserter_2d_test
[35.448s] [ 73%] [32mBuilding CXX object CMakeFiles/cartographer.mapping.internal.3d.local_trajectory_builder_3d_test.dir/cartographer/mapping/internal/3d/local_trajectory_builder_3d_test.cc.o[0m
[35.490s] [ 73%] Built target cartographer.mapping.id_test
[35.528s] [ 73%] [32mBuilding CXX object CMakeFiles/cartographer.mapping.internal.3d.pose_graph_3d_test.dir/cartographer/mapping/internal/3d/pose_graph_3d_test.cc.o[0m
[35.808s] [ 73%] [32m[1mLinking CXX executable cartographer.mapping.2d.probability_grid_test[0m
[36.026s] [ 73%] [32m[1mLinking CXX executable cartographer.mapping.imu_tracker_test[0m
[36.044s] [ 73%] Built target cartographer.mapping.2d.probability_grid_test
[36.072s] [ 73%] [32mBuilding CXX object CMakeFiles/cartographer.mapping.internal.3d.rotation_parameterization_test.dir/cartographer/mapping/internal/3d/rotation_parameterization_test.cc.o[0m
[36.097s] [ 73%] [32m[1mLinking CXX executable cartographer.mapping.internal.3d.rotation_parameterization_test[0m
[36.221s] [ 73%] Built target cartographer.mapping.imu_tracker_test
[36.264s] [ 73%] [32mBuilding CXX object CMakeFiles/cartographer.mapping.internal.3d.scan_matching.ceres_scan_matcher_3d_test.dir/cartographer/mapping/internal/3d/scan_matching/ceres_scan_matcher_3d_test.cc.o[0m
[36.280s] [ 73%] Built target cartographer.mapping.internal.3d.rotation_parameterization_test
[36.305s] [ 73%] [32mBuilding CXX object CMakeFiles/cartographer.mapping.internal.3d.scan_matching.fast_correlative_scan_matcher_3d_test.dir/cartographer/mapping/internal/3d/scan_matching/fast_correlative_scan_matcher_3d_test.cc.o[0m
[36.422s] [ 73%] [32m[1mLinking CXX executable cartographer.io.serialization_format_migration_test[0m
[36.428s] [ 73%] [32m[1mLinking CXX executable cartographer.mapping.3d.range_data_inserter_3d_test[0m
[36.608s] [ 73%] [32m[1mLinking CXX executable cartographer.mapping.3d.submap_3d_test[0m
[36.663s] [ 73%] Built target cartographer.mapping.3d.range_data_inserter_3d_test
[36.672s] [ 74%] [32m[1mLinking CXX executable cartographer.io.probability_grid_points_processor_test[0m
[36.689s] [ 74%] [32mBuilding CXX object CMakeFiles/cartographer.mapping.internal.3d.scan_matching.intensity_cost_function_3d_test.dir/cartographer/mapping/internal/3d/scan_matching/intensity_cost_function_3d_test.cc.o[0m
[36.803s] [ 74%] Built target cartographer.io.serialization_format_migration_test
[36.844s] [ 74%] [32mBuilding CXX object CMakeFiles/cartographer.mapping.internal.3d.scan_matching.interpolated_grid_test.dir/cartographer/mapping/internal/3d/scan_matching/interpolated_grid_test.cc.o[0m
[36.919s] [ 74%] Built target cartographer.mapping.3d.submap_3d_test
[36.964s] [ 74%] [32mBuilding CXX object CMakeFiles/cartographer.mapping.internal.3d.scan_matching.precomputation_grid_3d_test.dir/cartographer/mapping/internal/3d/scan_matching/precomputation_grid_3d_test.cc.o[0m
[36.976s] [ 74%] Built target cartographer.io.probability_grid_points_processor_test
[36.986s] [ 74%] [32m[1mLinking CXX executable cartographer.mapping.2d.submap_2d_test[0m
[36.998s] [ 74%] [32mBuilding CXX object CMakeFiles/cartographer.mapping.internal.3d.scan_matching.real_time_correlative_scan_matcher_3d_test.dir/cartographer/mapping/internal/3d/scan_matching/real_time_correlative_scan_matcher_3d_test.cc.o[0m
[37.239s] [ 74%] Built target cartographer.mapping.2d.submap_2d_test
[37.275s] [ 74%] [32mBuilding CXX object CMakeFiles/cartographer.mapping.internal.3d.scan_matching.rotation_delta_cost_functor_3d_test.dir/cartographer/mapping/internal/3d/scan_matching/rotation_delta_cost_functor_3d_test.cc.o[0m
[37.563s] [ 74%] [32m[1mLinking CXX executable cartographer.mapping.internal.2d.normal_estimation_2d_test[0m
[37.713s] [ 74%] [32m[1mLinking CXX executable cartographer.mapping.3d.hybrid_grid_test[0m
[37.795s] [ 74%] Built target cartographer.mapping.internal.2d.normal_estimation_2d_test
[37.837s] [ 74%] [32mBuilding CXX object CMakeFiles/cartographer.mapping.internal.3d.scan_matching.rotational_scan_matcher_test.dir/cartographer/mapping/internal/3d/scan_matching/rotational_scan_matcher_test.cc.o[0m
[37.908s] [ 74%] Built target cartographer.mapping.3d.hybrid_grid_test
[37.933s] [ 74%] [32mBuilding CXX object CMakeFiles/cartographer.mapping.internal.connected_components_test.dir/cartographer/mapping/internal/connected_components_test.cc.o[0m
[38.038s] [ 75%] [32m[1mLinking CXX executable cartographer.mapping.internal.2d.tsd_value_converter_test[0m
[38.173s] [ 75%] [32m[1mLinking CXX executable cartographer.mapping.internal.2d.scan_matching.correlative_scan_matcher_test[0m
[38.208s] [ 75%] Built target cartographer.mapping.internal.2d.tsd_value_converter_test
[38.248s] [ 75%] [32mBuilding CXX object CMakeFiles/cartographer.mapping.internal.constraints.constraint_builder_2d_test.dir/cartographer/mapping/internal/constraints/constraint_builder_2d_test.cc.o[0m
[38.345s] [ 75%] Built target cartographer.mapping.internal.2d.scan_matching.correlative_scan_matcher_test
[38.383s] [ 76%] [32mBuilding CXX object CMakeFiles/cartographer.mapping.internal.constraints.constraint_builder_3d_test.dir/cartographer/mapping/internal/constraints/constraint_builder_3d_test.cc.o[0m
[38.393s] [ 77%] [32m[1mLinking CXX executable cartographer.mapping.internal.2d.scan_matching.interpolated_tsdf_2d_test[0m
[38.601s] [ 77%] Built target cartographer.mapping.internal.2d.scan_matching.interpolated_tsdf_2d_test
[38.624s] [ 77%] [32mBuilding CXX object CMakeFiles/cartographer.mapping.internal.motion_filter_test.dir/cartographer/mapping/internal/motion_filter_test.cc.o[0m
[38.990s] [ 77%] [32m[1mLinking CXX executable cartographer.mapping.internal.2d.scan_matching.occupied_space_cost_function_2d_test[0m
[39.275s] [ 77%] Built target cartographer.mapping.internal.2d.scan_matching.occupied_space_cost_function_2d_test
[39.302s] [ 78%] [32mBuilding CXX object CMakeFiles/cartographer.mapping.internal.optimization.cost_functions.landmark_cost_function_2d_test.dir/cartographer/mapping/internal/optimization/cost_functions/landmark_cost_function_2d_test.cc.o[0m
[39.352s] [ 79%] [32m[1mLinking CXX executable cartographer.mapping.internal.2d.scan_matching.real_time_correlative_scan_matcher_2d_test[0m
[39.485s] [ 79%] [32m[1mLinking CXX executable cartographer.mapping.internal.2d.ray_to_pixel_mask_test[0m
[39.560s] [ 79%] [32m[1mLinking CXX executable cartographer.mapping.internal.2d.tsdf_2d_test[0m
[39.575s] [ 79%] Built target cartographer.mapping.internal.2d.scan_matching.real_time_correlative_scan_matcher_2d_test
[39.602s] [ 79%] [32mBuilding CXX object CMakeFiles/cartographer.mapping.internal.optimization.cost_functions.landmark_cost_function_3d_test.dir/cartographer/mapping/internal/optimization/cost_functions/landmark_cost_function_3d_test.cc.o[0m
[39.666s] [ 79%] Built target cartographer.mapping.internal.2d.ray_to_pixel_mask_test
[39.694s] [ 80%] [32mBuilding CXX object CMakeFiles/cartographer.mapping.internal.optimization.cost_functions.spa_cost_function_2d_test.dir/cartographer/mapping/internal/optimization/cost_functions/spa_cost_function_2d_test.cc.o[0m
[39.779s] [ 80%] Built target cartographer.mapping.internal.2d.tsdf_2d_test
[39.819s] [ 80%] [32mBuilding CXX object CMakeFiles/cartographer.mapping.internal.optimization.optimization_problem_3d_test.dir/cartographer/mapping/internal/optimization/optimization_problem_3d_test.cc.o[0m
[40.185s] [ 80%] [32m[1mLinking CXX executable cartographer.mapping.internal.2d.scan_matching.ceres_scan_matcher_2d_test[0m
[40.485s] [ 80%] Built target cartographer.mapping.internal.2d.scan_matching.ceres_scan_matcher_2d_test
[40.528s] [ 81%] [32mBuilding CXX object CMakeFiles/cartographer.mapping.internal.range_data_collator_test.dir/cartographer/mapping/internal/range_data_collator_test.cc.o[0m
[40.661s] [ 82%] [32m[1mLinking CXX executable cartographer.mapping.internal.3d.scan_matching.rotation_delta_cost_functor_3d_test[0m
[40.839s] [ 82%] Built target cartographer.mapping.internal.3d.scan_matching.rotation_delta_cost_functor_3d_test
[40.887s] [ 82%] [32mBuilding CXX object CMakeFiles/cartographer.mapping.internal.trajectory_connectivity_state_test.dir/cartographer/mapping/internal/trajectory_connectivity_state_test.cc.o[0m
[41.101s] [ 82%] [32m[1mLinking CXX executable cartographer.mapping.internal.2d.overlapping_submaps_trimmer_2d_test[0m
[41.144s] [ 82%] [32m[1mLinking CXX executable cartographer.mapping.internal.3d.scan_matching.interpolated_grid_test[0m
[41.173s] [ 82%] [32m[1mLinking CXX executable cartographer.mapping.internal.2d.scan_matching.fast_correlative_scan_matcher_2d_test[0m
[41.266s] [ 82%] [32m[1mLinking CXX executable cartographer.mapping.internal.2d.scan_matching.tsdf_match_cost_function_2d_test[0m
[41.289s] [ 83%] [32m[1mLinking CXX executable cartographer.mapping.internal.3d.scan_matching.precomputation_grid_3d_test[0m
[41.323s] [ 83%] Built target cartographer.mapping.internal.3d.scan_matching.interpolated_grid_test
[41.351s] [ 84%] [32mBuilding CXX object CMakeFiles/cartographer.mapping.map_builder_test.dir/cartographer/mapping/map_builder_test.cc.o[0m
[41.430s] [ 84%] Built target cartographer.mapping.internal.2d.overlapping_submaps_trimmer_2d_test
[41.449s] [ 84%] Built target cartographer.mapping.internal.2d.scan_matching.fast_correlative_scan_matcher_2d_test
[41.460s] [ 84%] [32mBuilding CXX object CMakeFiles/cartographer.mapping.pose_extrapolator_test.dir/cartographer/mapping/pose_extrapolator_test.cc.o[0m
[41.462s] [ 84%] Built target cartographer.mapping.internal.3d.scan_matching.precomputation_grid_3d_test
[41.483s] [ 85%] [32mBuilding CXX object CMakeFiles/cartographer.mapping.pose_graph_test.dir/cartographer/mapping/pose_graph_test.cc.o[0m
[41.485s] [ 85%] [32mBuilding CXX object CMakeFiles/cartographer.mapping.pose_graph_trimmer_test.dir/cartographer/mapping/pose_graph_trimmer_test.cc.o[0m
[41.532s] [ 85%] Built target cartographer.mapping.internal.2d.scan_matching.tsdf_match_cost_function_2d_test
[41.558s] [ 86%] [32mBuilding CXX object CMakeFiles/cartographer.mapping.probability_values_test.dir/cartographer/mapping/probability_values_test.cc.o[0m
[41.610s] [ 86%] [32m[1mLinking CXX executable cartographer.mapping.internal.3d.scan_matching.rotational_scan_matcher_test[0m
[41.786s] [ 86%] Built target cartographer.mapping.internal.3d.scan_matching.rotational_scan_matcher_test
[41.823s] [ 86%] [32mBuilding CXX object CMakeFiles/cartographer.mapping.submaps_test.dir/cartographer/mapping/submaps_test.cc.o[0m
[41.877s] [ 87%] [32m[1mLinking CXX executable cartographer.mapping.internal.2d.tsdf_range_data_inserter_2d_test[0m
[42.145s] [ 87%] Built target cartographer.mapping.internal.2d.tsdf_range_data_inserter_2d_test
[42.185s] [ 88%] [32mBuilding CXX object CMakeFiles/cartographer.mapping.trajectory_node_test.dir/cartographer/mapping/trajectory_node_test.cc.o[0m
[42.537s] [ 88%] [32m[1mLinking CXX executable cartographer.mapping.internal.motion_filter_test[0m
[42.753s] [ 88%] Built target cartographer.mapping.internal.motion_filter_test
[42.792s] [ 88%] [32mBuilding CXX object CMakeFiles/cartographer.mapping.value_conversion_tables_test.dir/cartographer/mapping/value_conversion_tables_test.cc.o[0m
[42.833s] [ 89%] [32m[1mLinking CXX executable cartographer.mapping.internal.3d.scan_matching.intensity_cost_function_3d_test[0m
[42.846s] [ 90%] [32m[1mLinking CXX executable cartographer.mapping.internal.connected_components_test[0m
[43.048s] [ 90%] Built target cartographer.mapping.internal.3d.scan_matching.intensity_cost_function_3d_test
[43.055s] [ 90%] Built target cartographer.mapping.internal.connected_components_test
[43.080s] [ 90%] [32mBuilding CXX object CMakeFiles/cartographer.sensor.internal.collator_test.dir/cartographer/sensor/internal/collator_test.cc.o[0m
[43.088s] [ 91%] [32mBuilding CXX object CMakeFiles/cartographer.sensor.compressed_point_cloud_test.dir/cartographer/sensor/compressed_point_cloud_test.cc.o[0m
[43.133s] [ 91%] [32m[1mLinking CXX executable cartographer.mapping.internal.2d.pose_graph_2d_test[0m
[43.275s] [ 91%] [32m[1mLinking CXX executable cartographer.mapping.internal.3d.local_trajectory_builder_3d_test[0m
[43.349s] [ 92%] [32m[1mLinking CXX executable cartographer.mapping.internal.3d.pose_graph_3d_test[0m
[43.530s] [ 92%] Built target cartographer.mapping.internal.2d.pose_graph_2d_test
[43.562s] [ 93%] [32m[1mLinking CXX executable cartographer.mapping.internal.3d.scan_matching.real_time_correlative_scan_matcher_3d_test[0m
[43.562s] [ 93%] [32mBuilding CXX object CMakeFiles/cartographer.sensor.internal.ordered_multi_queue_test.dir/cartographer/sensor/internal/ordered_multi_queue_test.cc.o[0m
[43.641s] [ 93%] Built target cartographer.mapping.internal.3d.local_trajectory_builder_3d_test
[43.686s] [ 93%] [32mBuilding CXX object CMakeFiles/cartographer.sensor.internal.trajectory_collator_test.dir/cartographer/sensor/internal/trajectory_collator_test.cc.o[0m
[43.746s] [ 93%] Built target cartographer.mapping.internal.3d.pose_graph_3d_test
[43.780s] [ 93%] [32mBuilding CXX object CMakeFiles/cartographer.sensor.internal.voxel_filter_test.dir/cartographer/sensor/internal/voxel_filter_test.cc.o[0m
[43.790s] [ 93%] Built target cartographer.mapping.internal.3d.scan_matching.real_time_correlative_scan_matcher_3d_test
[43.819s] [ 93%] [32mBuilding CXX object CMakeFiles/cartographer.sensor.landmark_data_test.dir/cartographer/sensor/landmark_data_test.cc.o[0m
[43.923s] [ 93%] [32m[1mLinking CXX executable cartographer.mapping.internal.3d.scan_matching.fast_correlative_scan_matcher_3d_test[0m
[44.028s] [ 94%] [32m[1mLinking CXX executable cartographer.mapping.internal.3d.scan_matching.ceres_scan_matcher_3d_test[0m
[44.166s] [ 94%] Built target cartographer.mapping.internal.3d.scan_matching.fast_correlative_scan_matcher_3d_test
[44.194s] [ 94%] [32mBuilding CXX object CMakeFiles/cartographer.sensor.map_by_time_test.dir/cartographer/sensor/map_by_time_test.cc.o[0m
[44.332s] [ 94%] Built target cartographer.mapping.internal.3d.scan_matching.ceres_scan_matcher_3d_test
[44.372s] [ 94%] [32mBuilding CXX object CMakeFiles/cartographer.sensor.point_cloud_test.dir/cartographer/sensor/point_cloud_test.cc.o[0m
[44.734s] [ 94%] [32m[1mLinking CXX executable cartographer.mapping.probability_values_test[0m
[44.742s] [ 94%] [32m[1mLinking CXX executable cartographer.mapping.value_conversion_tables_test[0m
[44.911s] [ 94%] Built target cartographer.mapping.probability_values_test
[44.923s] [ 94%] Built target cartographer.mapping.value_conversion_tables_test
[44.934s] [ 94%] [32mBuilding CXX object CMakeFiles/cartographer.sensor.range_data_test.dir/cartographer/sensor/range_data_test.cc.o[0m
[44.946s] [ 94%] [32mBuilding CXX object CMakeFiles/cartographer.transform.rigid_transform_test.dir/cartographer/transform/rigid_transform_test.cc.o[0m
[45.291s] [ 94%] [32m[1mLinking CXX executable cartographer.mapping.internal.constraints.constraint_builder_2d_test[0m
[45.441s] [ 94%] [32m[1mLinking CXX executable cartographer.mapping.internal.range_data_collator_test[0m
[45.588s] [ 94%] [32m[1mLinking CXX executable cartographer.mapping.submaps_test[0m
[45.653s] [ 94%] Built target cartographer.mapping.internal.range_data_collator_test
[45.671s] [ 94%] Built target cartographer.mapping.internal.constraints.constraint_builder_2d_test
[45.683s] [ 94%] [32mBuilding CXX object CMakeFiles/cartographer.transform.timestamped_transform_test.dir/cartographer/transform/timestamped_transform_test.cc.o[0m
[45.709s] [ 94%] [32mBuilding CXX object CMakeFiles/cartographer.transform.transform_interpolation_buffer_test.dir/cartographer/transform/transform_interpolation_buffer_test.cc.o[0m
[45.726s] [ 94%] [32m[1mLinking CXX executable cartographer.mapping.internal.trajectory_connectivity_state_test[0m
[45.768s] [ 94%] Built target cartographer.mapping.submaps_test
[45.792s] [ 94%] [32mBuilding CXX object CMakeFiles/cartographer.transform.transform_test.dir/cartographer/transform/transform_test.cc.o[0m
[45.927s] [ 94%] Built target cartographer.mapping.internal.trajectory_connectivity_state_test
[46.114s] [ 94%] [32m[1mLinking CXX executable cartographer.mapping.internal.optimization.cost_functions.spa_cost_function_2d_test[0m
[46.146s] [ 94%] [32m[1mLinking CXX executable cartographer.mapping.internal.constraints.constraint_builder_3d_test[0m
[46.209s] [ 94%] [32m[1mLinking CXX executable cartographer.mapping.pose_graph_trimmer_test[0m
[46.309s] [ 94%] Built target cartographer.mapping.internal.optimization.cost_functions.spa_cost_function_2d_test
[46.355s] [ 94%] [32m[1mLinking CXX executable cartographer.mapping.internal.optimization.optimization_problem_3d_test[0m
[46.386s] [ 94%] Built target cartographer.mapping.pose_graph_trimmer_test
[46.534s] [ 94%] Built target cartographer.mapping.internal.constraints.constraint_builder_3d_test
[46.607s] [ 94%] Built target cartographer.mapping.internal.optimization.optimization_problem_3d_test
[46.816s] [ 94%] [32m[1mLinking CXX executable cartographer.mapping.pose_graph_test[0m
[46.843s] [ 94%] [32m[1mLinking CXX executable cartographer.mapping.internal.optimization.cost_functions.landmark_cost_function_3d_test[0m
[47.007s] [ 94%] Built target cartographer.mapping.internal.optimization.cost_functions.landmark_cost_function_3d_test
[47.013s] [ 94%] Built target cartographer.mapping.pose_graph_test
[47.131s] [ 94%] [32m[1mLinking CXX executable cartographer.mapping.internal.optimization.cost_functions.landmark_cost_function_2d_test[0m
[47.270s] [ 94%] Built target cartographer.mapping.internal.optimization.cost_functions.landmark_cost_function_2d_test
[47.390s] [ 94%] [32m[1mLinking CXX executable cartographer.mapping.trajectory_node_test[0m
[47.456s] [ 94%] [32m[1mLinking CXX executable cartographer.sensor.map_by_time_test[0m
[47.498s] [ 94%] Built target cartographer.mapping.trajectory_node_test
[47.586s] [ 94%] Built target cartographer.sensor.map_by_time_test
[48.152s] [ 94%] [32m[1mLinking CXX executable cartographer.sensor.compressed_point_cloud_test[0m
[48.197s] [ 94%] [32m[1mLinking CXX executable cartographer.sensor.internal.ordered_multi_queue_test[0m
[48.280s] [ 94%] [32m[1mLinking CXX executable cartographer.sensor.internal.collator_test[0m
[48.337s] [ 94%] Built target cartographer.sensor.compressed_point_cloud_test
[48.348s] [ 94%] Built target cartographer.sensor.internal.ordered_multi_queue_test
[48.366s] [ 94%] Built target cartographer.sensor.internal.collator_test
[48.383s] [ 94%] [32m[1mLinking CXX executable cartographer.sensor.range_data_test[0m
[48.454s] [ 94%] Built target cartographer.sensor.range_data_test
[48.567s] [ 94%] [32m[1mLinking CXX executable cartographer.sensor.internal.voxel_filter_test[0m
[48.656s] [ 94%] Built target cartographer.sensor.internal.voxel_filter_test
[48.703s] [ 95%] [32m[1mLinking CXX executable cartographer.sensor.internal.trajectory_collator_test[0m
[48.703s] [ 95%] [32m[1mLinking CXX executable cartographer.mapping.pose_extrapolator_test[0m
[48.776s] [ 95%] Built target cartographer.sensor.internal.trajectory_collator_test
[48.804s] [ 95%] Built target cartographer.mapping.pose_extrapolator_test
[48.822s] [ 95%] [32m[1mLinking CXX executable cartographer.mapping.map_builder_test[0m
[48.947s] [ 95%] [32m[1mLinking CXX executable cartographer.transform.timestamped_transform_test[0m
[48.994s] [ 95%] Built target cartographer.mapping.map_builder_test
[49.025s] [ 95%] Built target cartographer.transform.timestamped_transform_test
[49.185s] [ 95%] [32m[1mLinking CXX executable cartographer.transform.transform_test[0m
[49.245s] [ 95%] Built target cartographer.transform.transform_test
[49.345s] [ 96%] [32m[1mLinking CXX executable cartographer.sensor.landmark_data_test[0m
[49.421s] [ 96%] Built target cartographer.sensor.landmark_data_test
[49.436s] [ 97%] [32m[1mLinking CXX executable cartographer.sensor.point_cloud_test[0m
[49.497s] [ 97%] Built target cartographer.sensor.point_cloud_test
[49.746s] [ 98%] [32m[1mLinking CXX executable cartographer.transform.transform_interpolation_buffer_test[0m
[49.816s] [ 98%] Built target cartographer.transform.transform_interpolation_buffer_test
[50.586s] [100%] [32m[1mLinking CXX executable cartographer.transform.rigid_transform_test[0m
[50.641s] [100%] Built target cartographer.transform.rigid_transform_test
[50.647s] Invoked command in '/home/user/cartographer_ws_docker/build/cartographer' returned '0': CMAKE_PREFIX_PATH=${CMAKE_PREFIX_PATH}:/opt/ros/humble /usr/bin/cmake --build /home/user/cartographer_ws_docker/build/cartographer -- -j24 -l24
[50.908s] Invoking command in '/home/user/cartographer_ws_docker/build/cartographer': CMAKE_PREFIX_PATH=${CMAKE_PREFIX_PATH}:/opt/ros/humble /usr/bin/cmake --install /home/user/cartographer_ws_docker/build/cartographer
[50.911s] -- Install configuration: "Release"
[50.911s] -- Installing: /home/user/cartographer_ws_docker/install/cartographer/share/cartographer/package.xml
[50.911s] -- Installing: /home/user/cartographer_ws_docker/install/cartographer/share/cartographer//configuration_files
[50.911s] -- Installing: /home/user/cartographer_ws_docker/install/cartographer/share/cartographer//configuration_files/trajectory_builder.lua
[50.919s] -- Installing: /home/user/cartographer_ws_docker/install/cartographer/share/cartographer//configuration_files/map_builder_server.lua
[50.919s] -- Installing: /home/user/cartographer_ws_docker/install/cartographer/share/cartographer//configuration_files/map_builder.lua
[50.920s] -- Installing: /home/user/cartographer_ws_docker/install/cartographer/share/cartographer//configuration_files/pose_graph.lua
[50.920s] -- Installing: /home/user/cartographer_ws_docker/install/cartographer/share/cartographer//configuration_files/trajectory_builder_3d.lua
[50.920s] -- Installing: /home/user/cartographer_ws_docker/install/cartographer/share/cartographer//configuration_files/trajectory_builder_2d.lua
[50.920s] -- Installing: /home/user/cartographer_ws_docker/install/cartographer/share/cartographer//cmake
[50.920s] -- Installing: /home/user/cartographer_ws_docker/install/cartographer/share/cartographer//cmake/functions.cmake
[50.920s] -- Installing: /home/user/cartographer_ws_docker/install/cartographer/share/cartographer//cmake/modules
[50.920s] -- Installing: /home/user/cartographer_ws_docker/install/cartographer/share/cartographer//cmake/modules/FindEigen3.cmake
[50.920s] -- Installing: /home/user/cartographer_ws_docker/install/cartographer/share/cartographer//cmake/modules/FindLuaGoogle.cmake
[50.920s] -- Installing: /home/user/cartographer_ws_docker/install/cartographer/share/cartographer//cmake/modules/FindSphinx.cmake
[50.920s] -- Installing: /home/user/cartographer_ws_docker/install/cartographer/share/cartographer//cmake/modules/FindGMock.cmake
[50.920s] -- Installing: /home/user/cartographer_ws_docker/install/cartographer/bin/cartographer_autogenerate_ground_truth
[50.921s] -- Installing: /home/user/cartographer_ws_docker/install/cartographer/bin/cartographer_compute_relations_metrics
[50.922s] -- Installing: /home/user/cartographer_ws_docker/install/cartographer/bin/cartographer_pbstream
[50.923s] -- Installing: /home/user/cartographer_ws_docker/install/cartographer/bin/cartographer_print_configuration
[50.923s] -- Installing: /home/user/cartographer_ws_docker/install/cartographer/lib/libcartographer.a
[50.927s] -- Installing: /home/user/cartographer_ws_docker/install/cartographer/include/cartographer/common/configuration_file_resolver.h
[50.927s] -- Installing: /home/user/cartographer_ws_docker/install/cartographer/include/cartographer/common/fixed_ratio_sampler.h
[50.927s] -- Installing: /home/user/cartographer_ws_docker/install/cartographer/include/cartographer/common/histogram.h
[50.927s] -- Installing: /home/user/cartographer_ws_docker/install/cartographer/include/cartographer/common/lua.h
[50.928s] -- Installing: /home/user/cartographer_ws_docker/install/cartographer/include/cartographer/common/lua_parameter_dictionary.h
[50.928s] -- Installing: /home/user/cartographer_ws_docker/install/cartographer/include/cartographer/common/math.h
[50.928s] -- Installing: /home/user/cartographer_ws_docker/install/cartographer/include/cartographer/common/port.h
[50.928s] -- Installing: /home/user/cartographer_ws_docker/install/cartographer/include/cartographer/common/task.h
[50.928s] -- Installing: /home/user/cartographer_ws_docker/install/cartographer/include/cartographer/common/thread_pool.h
[50.928s] -- Installing: /home/user/cartographer_ws_docker/install/cartographer/include/cartographer/common/time.h
[50.928s] -- Installing: /home/user/cartographer_ws_docker/install/cartographer/include/cartographer/ground_truth/autogenerate_ground_truth.h
[50.928s] -- Installing: /home/user/cartographer_ws_docker/install/cartographer/include/cartographer/ground_truth/relations_text_file.h
[50.928s] -- Installing: /home/user/cartographer_ws_docker/install/cartographer/include/cartographer/io/color.h
[50.928s] -- Installing: /home/user/cartographer_ws_docker/install/cartographer/include/cartographer/io/coloring_points_processor.h
[50.928s] -- Installing: /home/user/cartographer_ws_docker/install/cartographer/include/cartographer/io/counting_points_processor.h
[50.928s] -- Installing: /home/user/cartographer_ws_docker/install/cartographer/include/cartographer/io/draw_trajectories.h
[50.928s] -- Installing: /home/user/cartographer_ws_docker/install/cartographer/include/cartographer/io/file_writer.h
[50.928s] -- Installing: /home/user/cartographer_ws_docker/install/cartographer/include/cartographer/io/fixed_ratio_sampling_points_processor.h
[50.928s] -- Installing: /home/user/cartographer_ws_docker/install/cartographer/include/cartographer/io/frame_id_filtering_points_processor.h
[50.928s] -- Installing: /home/user/cartographer_ws_docker/install/cartographer/include/cartographer/io/hybrid_grid_points_processor.h
[50.928s] -- Installing: /home/user/cartographer_ws_docker/install/cartographer/include/cartographer/io/image.h
[50.929s] -- Installing: /home/user/cartographer_ws_docker/install/cartographer/include/cartographer/io/intensity_to_color_points_processor.h
[50.929s] -- Installing: /home/user/cartographer_ws_docker/install/cartographer/include/cartographer/io/min_max_range_filtering_points_processor.h
[50.929s] -- Installing: /home/user/cartographer_ws_docker/install/cartographer/include/cartographer/io/null_points_processor.h
[50.929s] -- Installing: /home/user/cartographer_ws_docker/install/cartographer/include/cartographer/io/outlier_removing_points_processor.h
[50.929s] -- Installing: /home/user/cartographer_ws_docker/install/cartographer/include/cartographer/io/pcd_writing_points_processor.h
[50.929s] -- Installing: /home/user/cartographer_ws_docker/install/cartographer/include/cartographer/io/ply_writing_points_processor.h
[50.929s] -- Installing: /home/user/cartographer_ws_docker/install/cartographer/include/cartographer/io/points_batch.h
[50.929s] -- Installing: /home/user/cartographer_ws_docker/install/cartographer/include/cartographer/io/points_processor.h
[50.929s] -- Installing: /home/user/cartographer_ws_docker/install/cartographer/include/cartographer/io/points_processor_pipeline_builder.h
[50.929s] -- Installing: /home/user/cartographer_ws_docker/install/cartographer/include/cartographer/io/probability_grid_points_processor.h
[50.929s] -- Installing: /home/user/cartographer_ws_docker/install/cartographer/include/cartographer/io/proto_stream.h
[50.929s] -- Installing: /home/user/cartographer_ws_docker/install/cartographer/include/cartographer/io/proto_stream_deserializer.h
[50.929s] -- Installing: /home/user/cartographer_ws_docker/install/cartographer/include/cartographer/io/proto_stream_interface.h
[50.929s] -- Installing: /home/user/cartographer_ws_docker/install/cartographer/include/cartographer/io/serialization_format_migration.h
[50.929s] -- Installing: /home/user/cartographer_ws_docker/install/cartographer/include/cartographer/io/submap_painter.h
[50.929s] -- Installing: /home/user/cartographer_ws_docker/install/cartographer/include/cartographer/io/vertical_range_filtering_points_processor.h
[50.929s] -- Installing: /home/user/cartographer_ws_docker/install/cartographer/include/cartographer/io/xray_points_processor.h
[50.929s] -- Installing: /home/user/cartographer_ws_docker/install/cartographer/include/cartographer/io/xyz_writing_points_processor.h
[50.930s] -- Installing: /home/user/cartographer_ws_docker/install/cartographer/include/cartographer/mapping/2d/grid_2d.h
[50.930s] -- Installing: /home/user/cartographer_ws_docker/install/cartographer/include/cartographer/mapping/2d/map_limits.h
[50.930s] -- Installing: /home/user/cartographer_ws_docker/install/cartographer/include/cartographer/mapping/2d/probability_grid.h
[50.930s] -- Installing: /home/user/cartographer_ws_docker/install/cartographer/include/cartographer/mapping/2d/probability_grid_range_data_inserter_2d.h
[50.930s] -- Installing: /home/user/cartographer_ws_docker/install/cartographer/include/cartographer/mapping/2d/submap_2d.h
[50.930s] -- Installing: /home/user/cartographer_ws_docker/install/cartographer/include/cartographer/mapping/2d/xy_index.h
[50.930s] -- Installing: /home/user/cartographer_ws_docker/install/cartographer/include/cartographer/mapping/3d/hybrid_grid.h
[50.930s] -- Installing: /home/user/cartographer_ws_docker/install/cartographer/include/cartographer/mapping/3d/range_data_inserter_3d.h
[50.930s] -- Installing: /home/user/cartographer_ws_docker/install/cartographer/include/cartographer/mapping/3d/submap_3d.h
[50.930s] -- Installing: /home/user/cartographer_ws_docker/install/cartographer/include/cartographer/mapping/detect_floors.h
[50.930s] -- Installing: /home/user/cartographer_ws_docker/install/cartographer/include/cartographer/mapping/grid_interface.h
[50.930s] -- Installing: /home/user/cartographer_ws_docker/install/cartographer/include/cartographer/mapping/id.h
[50.930s] -- Installing: /home/user/cartographer_ws_docker/install/cartographer/include/cartographer/mapping/imu_tracker.h
[50.930s] -- Installing: /home/user/cartographer_ws_docker/install/cartographer/include/cartographer/mapping/map_builder.h
[50.930s] -- Installing: /home/user/cartographer_ws_docker/install/cartographer/include/cartographer/mapping/map_builder_interface.h
[50.930s] -- Installing: /home/user/cartographer_ws_docker/install/cartographer/include/cartographer/mapping/pose_extrapolator.h
[50.930s] -- Installing: /home/user/cartographer_ws_docker/install/cartographer/include/cartographer/mapping/pose_extrapolator_interface.h
[50.931s] -- Installing: /home/user/cartographer_ws_docker/install/cartographer/include/cartographer/mapping/pose_graph.h
[50.931s] -- Installing: /home/user/cartographer_ws_docker/install/cartographer/include/cartographer/mapping/pose_graph_interface.h
[50.931s] -- Installing: /home/user/cartographer_ws_docker/install/cartographer/include/cartographer/mapping/pose_graph_trimmer.h
[50.931s] -- Installing: /home/user/cartographer_ws_docker/install/cartographer/include/cartographer/mapping/probability_values.h
[50.931s] -- Installing: /home/user/cartographer_ws_docker/install/cartographer/include/cartographer/mapping/range_data_inserter_interface.h
[50.931s] -- Installing: /home/user/cartographer_ws_docker/install/cartographer/include/cartographer/mapping/submaps.h
[50.931s] -- Installing: /home/user/cartographer_ws_docker/install/cartographer/include/cartographer/mapping/trajectory_builder_interface.h
[50.931s] -- Installing: /home/user/cartographer_ws_docker/install/cartographer/include/cartographer/mapping/trajectory_node.h
[50.931s] -- Installing: /home/user/cartographer_ws_docker/install/cartographer/include/cartographer/mapping/value_conversion_tables.h
[50.931s] -- Installing: /home/user/cartographer_ws_docker/install/cartographer/include/cartographer/metrics/counter.h
[50.931s] -- Installing: /home/user/cartographer_ws_docker/install/cartographer/include/cartographer/metrics/family_factory.h
[50.931s] -- Installing: /home/user/cartographer_ws_docker/install/cartographer/include/cartographer/metrics/gauge.h
[50.931s] -- Installing: /home/user/cartographer_ws_docker/install/cartographer/include/cartographer/metrics/histogram.h
[50.931s] -- Installing: /home/user/cartographer_ws_docker/install/cartographer/include/cartographer/metrics/register.h
[50.931s] -- Installing: /home/user/cartographer_ws_docker/install/cartographer/include/cartographer/sensor/collator_interface.h
[50.931s] -- Installing: /home/user/cartographer_ws_docker/install/cartographer/include/cartographer/sensor/compressed_point_cloud.h
[50.931s] -- Installing: /home/user/cartographer_ws_docker/install/cartographer/include/cartographer/sensor/data.h
[50.931s] -- Installing: /home/user/cartographer_ws_docker/install/cartographer/include/cartographer/sensor/fixed_frame_pose_data.h
[50.931s] -- Installing: /home/user/cartographer_ws_docker/install/cartographer/include/cartographer/sensor/imu_data.h
[50.931s] -- Installing: /home/user/cartographer_ws_docker/install/cartographer/include/cartographer/sensor/landmark_data.h
[50.931s] -- Installing: /home/user/cartographer_ws_docker/install/cartographer/include/cartographer/sensor/map_by_time.h
[50.931s] -- Installing: /home/user/cartographer_ws_docker/install/cartographer/include/cartographer/sensor/odometry_data.h
[50.931s] -- Installing: /home/user/cartographer_ws_docker/install/cartographer/include/cartographer/sensor/point_cloud.h
[50.931s] -- Installing: /home/user/cartographer_ws_docker/install/cartographer/include/cartographer/sensor/range_data.h
[50.931s] -- Installing: /home/user/cartographer_ws_docker/install/cartographer/include/cartographer/sensor/rangefinder_point.h
[50.931s] -- Installing: /home/user/cartographer_ws_docker/install/cartographer/include/cartographer/sensor/timed_point_cloud_data.h
[50.931s] -- Installing: /home/user/cartographer_ws_docker/install/cartographer/include/cartographer/transform/rigid_transform.h
[50.931s] -- Installing: /home/user/cartographer_ws_docker/install/cartographer/include/cartographer/transform/timestamped_transform.h
[50.931s] -- Installing: /home/user/cartographer_ws_docker/install/cartographer/include/cartographer/transform/transform.h
[50.931s] -- Installing: /home/user/cartographer_ws_docker/install/cartographer/include/cartographer/transform/transform_interpolation_buffer.h
[50.931s] -- Installing: /home/user/cartographer_ws_docker/install/cartographer/include/cartographer/io/fake_file_writer.h
[50.931s] -- Installing: /home/user/cartographer_ws_docker/install/cartographer/include/cartographer/transform/rigid_transform_test_helpers.h
[50.932s] -- Installing: /home/user/cartographer_ws_docker/install/cartographer/include/cartographer/common/proto/ceres_solver_options.pb.h
[50.932s] -- Installing: /home/user/cartographer_ws_docker/install/cartographer/include/cartographer/ground_truth/proto/relations.pb.h
[50.932s] -- Installing: /home/user/cartographer_ws_docker/install/cartographer/include/cartographer/mapping/proto/cell_limits_2d.pb.h
[50.932s] -- Installing: /home/user/cartographer_ws_docker/install/cartographer/include/cartographer/mapping/proto/connected_components.pb.h
[50.932s] -- Installing: /home/user/cartographer_ws_docker/install/cartographer/include/cartographer/mapping/proto/grid_2d.pb.h
[50.932s] -- Installing: /home/user/cartographer_ws_docker/install/cartographer/include/cartographer/mapping/proto/grid_2d_options.pb.h
[50.932s] -- Installing: /home/user/cartographer_ws_docker/install/cartographer/include/cartographer/mapping/proto/hybrid_grid.pb.h
[50.932s] -- Installing: /home/user/cartographer_ws_docker/install/cartographer/include/cartographer/mapping/proto/local_trajectory_builder_options_2d.pb.h
[50.932s] -- Installing: /home/user/cartographer_ws_docker/install/cartographer/include/cartographer/mapping/proto/local_trajectory_builder_options_3d.pb.h
[50.932s] -- Installing: /home/user/cartographer_ws_docker/install/cartographer/include/cartographer/mapping/proto/map_builder_options.pb.h
[50.932s] -- Installing: /home/user/cartographer_ws_docker/install/cartographer/include/cartographer/mapping/proto/map_limits.pb.h
[50.932s] -- Installing: /home/user/cartographer_ws_docker/install/cartographer/include/cartographer/mapping/proto/motion_filter_options.pb.h
[50.932s] -- Installing: /home/user/cartographer_ws_docker/install/cartographer/include/cartographer/mapping/proto/normal_estimation_options_2d.pb.h
[50.932s] -- Installing: /home/user/cartographer_ws_docker/install/cartographer/include/cartographer/mapping/proto/pose_extrapolator_options.pb.h
[50.932s] -- Installing: /home/user/cartographer_ws_docker/install/cartographer/include/cartographer/mapping/proto/pose_graph.pb.h
[50.932s] -- Installing: /home/user/cartographer_ws_docker/install/cartographer/include/cartographer/mapping/proto/pose_graph/constraint_builder_options.pb.h
[50.932s] -- Installing: /home/user/cartographer_ws_docker/install/cartographer/include/cartographer/mapping/proto/pose_graph/optimization_problem_options.pb.h
[50.932s] -- Installing: /home/user/cartographer_ws_docker/install/cartographer/include/cartographer/mapping/proto/pose_graph_options.pb.h
[50.932s] -- Installing: /home/user/cartographer_ws_docker/install/cartographer/include/cartographer/mapping/proto/probability_grid.pb.h
[50.932s] -- Installing: /home/user/cartographer_ws_docker/install/cartographer/include/cartographer/mapping/proto/probability_grid_range_data_inserter_options_2d.pb.h
[50.932s] -- Installing: /home/user/cartographer_ws_docker/install/cartographer/include/cartographer/mapping/proto/range_data_inserter_options.pb.h
[50.932s] -- Installing: /home/user/cartographer_ws_docker/install/cartographer/include/cartographer/mapping/proto/range_data_inserter_options_3d.pb.h
[50.932s] -- Installing: /home/user/cartographer_ws_docker/install/cartographer/include/cartographer/mapping/proto/scan_matching/ceres_scan_matcher_options_2d.pb.h
[50.932s] -- Installing: /home/user/cartographer_ws_docker/install/cartographer/include/cartographer/mapping/proto/scan_matching/ceres_scan_matcher_options_3d.pb.h
[50.932s] -- Installing: /home/user/cartographer_ws_docker/install/cartographer/include/cartographer/mapping/proto/scan_matching/fast_correlative_scan_matcher_options_2d.pb.h
[50.932s] -- Installing: /home/user/cartographer_ws_docker/install/cartographer/include/cartographer/mapping/proto/scan_matching/fast_correlative_scan_matcher_options_3d.pb.h
[50.932s] -- Installing: /home/user/cartographer_ws_docker/install/cartographer/include/cartographer/mapping/proto/scan_matching/real_time_correlative_scan_matcher_options.pb.h
[50.932s] -- Installing: /home/user/cartographer_ws_docker/install/cartographer/include/cartographer/mapping/proto/serialization.pb.h
[50.932s] -- Installing: /home/user/cartographer_ws_docker/install/cartographer/include/cartographer/mapping/proto/submap.pb.h
[50.932s] -- Installing: /home/user/cartographer_ws_docker/install/cartographer/include/cartographer/mapping/proto/submap_visualization.pb.h
[50.932s] -- Installing: /home/user/cartographer_ws_docker/install/cartographer/include/cartographer/mapping/proto/submaps_options_2d.pb.h
[50.932s] -- Installing: /home/user/cartographer_ws_docker/install/cartographer/include/cartographer/mapping/proto/submaps_options_3d.pb.h
[50.932s] -- Installing: /home/user/cartographer_ws_docker/install/cartographer/include/cartographer/mapping/proto/trajectory.pb.h
[50.932s] -- Installing: /home/user/cartographer_ws_docker/install/cartographer/include/cartographer/mapping/proto/trajectory_builder_options.pb.h
[50.932s] -- Installing: /home/user/cartographer_ws_docker/install/cartographer/include/cartographer/mapping/proto/trajectory_node_data.pb.h
[50.933s] -- Installing: /home/user/cartographer_ws_docker/install/cartographer/include/cartographer/mapping/proto/tsdf_2d.pb.h
[50.933s] -- Installing: /home/user/cartographer_ws_docker/install/cartographer/include/cartographer/mapping/proto/tsdf_range_data_inserter_options_2d.pb.h
[50.933s] -- Installing: /home/user/cartographer_ws_docker/install/cartographer/include/cartographer/sensor/proto/adaptive_voxel_filter_options.pb.h
[50.933s] -- Installing: /home/user/cartographer_ws_docker/install/cartographer/include/cartographer/sensor/proto/sensor.pb.h
[50.933s] -- Installing: /home/user/cartographer_ws_docker/install/cartographer/include/cartographer/transform/proto/timestamped_transform.pb.h
[50.933s] -- Installing: /home/user/cartographer_ws_docker/install/cartographer/include/cartographer/transform/proto/transform.pb.h
[50.933s] -- Installing: /home/user/cartographer_ws_docker/install/cartographer/share/cartographer/cmake/CartographerTargets.cmake
[50.933s] -- Installing: /home/user/cartographer_ws_docker/install/cartographer/share/cartographer/cmake/CartographerTargets-release.cmake
[50.933s] -- Installing: /home/user/cartographer_ws_docker/install/cartographer/share/cartographer/cartographer-config.cmake
[50.934s] Invoked command in '/home/user/cartographer_ws_docker/build/cartographer' returned '0': CMAKE_PREFIX_PATH=${CMAKE_PREFIX_PATH}:/opt/ros/humble /usr/bin/cmake --install /home/user/cartographer_ws_docker/build/cartographer
