[0.008s] Invoking command in '/home/user/cartographer_ws_docker/build/cartographer_rviz': CMAKE_PREFIX_PATH=/home/user/cartographer_ws_docker/install/cartographer_ros:/home/user/cartographer_ws_docker/install/cartographer_ros_msgs:/home/user/cartographer_ws_docker/install/cartographer:/home/user/cartographer_ws_docker/install/cartographer_rviz:/opt/ros/humble LD_LIBRARY_PATH=/home/user/cartographer_ws_docker/install/cartographer_ros_msgs/lib:/home/user/cartographer_ws_docker/install/cartographer_rviz/lib:/home/user/cartographer_ws_docker/install/cartographer_ros/lib:/usr/lib/x86_64-linux-gnu/gazebo-11/plugins:/opt/ros/humble/opt/rviz_ogre_vendor/lib:/opt/ros/humble/lib/x86_64-linux-gnu:/opt/ros/humble/lib:/usr/lib/x86_64-linux-gnu/gazebo-11/plugins /usr/bin/cmake /home/user/cartographer_ws_docker/src/cartographer_ros/cartographer_rviz -DCMAKE_INSTALL_PREFIX=/home/user/cartographer_ws_docker/install/cartographer_rviz
[0.014s] -- Found ament_cmake: 1.3.9 (/opt/ros/humble/share/ament_cmake/cmake)
[0.076s] -- Override CMake install command with custom implementation using symlinks instead of copying resources
[0.081s] -- Found required Ceres dependency: Eigen version 3.4.0 in /usr/include/eigen3
[0.082s] -- Found required Ceres dependency: glog
[0.082s] -- Found required Ceres dependency: gflags
[0.083s] -- Found Ceres version: 2.0.0 installed in: /usr with components: [EigenSparse, SparseLinearAlgebraLibrary, LAPACK, SuiteSparse, CXSparse, SchurSpecializations, Multithreading]
[0.086s] -- Build type: Release
[0.089s] -- Found cartographer_ros: 2.0.9003 (/home/user/cartographer_ws_docker/install/cartographer_ros/share/cartographer_ros/cmake)
[0.102s] -- Found rosidl_generator_c: 3.1.5 (/opt/ros/humble/share/rosidl_generator_c/cmake)
[0.103s] -- Found rosidl_adapter: 3.1.5 (/opt/ros/humble/share/rosidl_adapter/cmake)
[0.108s] -- Found rosidl_generator_cpp: 3.1.5 (/opt/ros/humble/share/rosidl_generator_cpp/cmake)
[0.113s] -- Using all available rosidl_typesupport_c: rosidl_typesupport_fastrtps_c;rosidl_typesupport_introspection_c
[0.121s] -- Using all available rosidl_typesupport_cpp: rosidl_typesupport_fastrtps_cpp;rosidl_typesupport_introspection_cpp
[0.308s] -- Found rmw_implementation_cmake: 6.1.2 (/opt/ros/humble/share/rmw_implementation_cmake/cmake)
[0.308s] -- Found rmw_fastrtps_cpp: 6.2.6 (/opt/ros/humble/share/rmw_fastrtps_cpp/cmake)
[0.371s] -- Using RMW implementation 'rmw_fastrtps_cpp' as default
[0.940s] -- Found rviz_common: 11.2.12 (/opt/ros/humble/share/rviz_common/cmake)
[0.960s] -- Setting OGRE_DIR to: '/opt/ros/humble/share/rviz_ogre_vendor/cmake/../../../opt/rviz_ogre_vendor/lib/OGRE/cmake'
[0.962s] -- Found OGRE
[0.962s] --   static     : OFF
[0.962s] --   components : HLMS;MeshLodGenerator;Overlay;Paging;Property;RTShaderSystem;Terrain;Volume
[0.962s] --   plugins    : Plugin_BSPSceneManager;Plugin_OctreeSceneManager;Plugin_PCZSceneManager;Plugin_ParticleFX;RenderSystem_GL;RenderSystem_GL3Plus;Codec_STBI
[0.962s] --   media      : /opt/ros/humble/opt/rviz_ogre_vendor/share/OGRE/Media
[0.963s] -- OGRE_LIBRARIES: OgreHLMS;OgreMeshLodGenerator;OgreOverlay;OgrePaging;OgreProperty;OgreRTShaderSystem;OgreTerrain;OgreVolume;OgreMain
[0.963s] -- OGRE_LIBRARY_DIRS: /opt/ros/humble/opt/rviz_ogre_vendor/lib
[0.963s] -- OGRE_PLUGINS: Plugin_BSPSceneManager;Plugin_OctreeSceneManager;Plugin_PCZSceneManager;Plugin_ParticleFX;RenderSystem_GL;RenderSystem_GL3Plus;Codec_STBI
[0.963s] -- OGRE_PLUGIN_DIR: /opt/ros/humble/opt/rviz_ogre_vendor/lib/OGRE
[0.963s] -- rviz_ogre_vendor::OgreOverlay for IMPORTED_LOCATION_RELEASE: /opt/ros/humble/opt/rviz_ogre_vendor/lib/libOgreOverlay.so
[0.963s] -- rviz_ogre_vendor::OgreOverlay for IMPORTED_LOCATION_DEBUG: /opt/ros/humble/opt/rviz_ogre_vendor/lib/libOgreOverlay.so
[0.963s] -- rviz_ogre_vendor::OgreMain for IMPORTED_LOCATION_RELEASE: /opt/ros/humble/opt/rviz_ogre_vendor/lib/libOgreMain.so
[0.963s] -- rviz_ogre_vendor::OgreMain for IMPORTED_LOCATION_DEBUG: /opt/ros/humble/opt/rviz_ogre_vendor/lib/libOgreMain.so
[0.989s] -- rviz_ogre_vendor::RenderSystem_GL for IMPORTED_LOCATION_RELEASE: _render_system_gl_static_library_abs-NOTFOUND
[0.989s] -- rviz_ogre_vendor::RenderSystem_GL for IMPORTED_LOCATION_DEBUG: _render_system_gl_static_library_abs-NOTFOUND
[1.007s] -- library: /usr/lib/x86_64-linux-gnu/libcurl.so
[1.032s] -- Ensuring Eigen3 include directory is part of orocos-kdl CMake target
[1.323s] -- Deploy OGRE media
[1.324s] -- Configuring done
[1.369s] -- Generating done
[1.370s] -- Build files have been written to: /home/user/cartographer_ws_docker/build/cartographer_rviz
[1.377s] Invoked command in '/home/user/cartographer_ws_docker/build/cartographer_rviz' returned '0': CMAKE_PREFIX_PATH=/home/user/cartographer_ws_docker/install/cartographer_ros:/home/user/cartographer_ws_docker/install/cartographer_ros_msgs:/home/user/cartographer_ws_docker/install/cartographer:/home/user/cartographer_ws_docker/install/cartographer_rviz:/opt/ros/humble LD_LIBRARY_PATH=/home/user/cartographer_ws_docker/install/cartographer_ros_msgs/lib:/home/user/cartographer_ws_docker/install/cartographer_rviz/lib:/home/user/cartographer_ws_docker/install/cartographer_ros/lib:/usr/lib/x86_64-linux-gnu/gazebo-11/plugins:/opt/ros/humble/opt/rviz_ogre_vendor/lib:/opt/ros/humble/lib/x86_64-linux-gnu:/opt/ros/humble/lib:/usr/lib/x86_64-linux-gnu/gazebo-11/plugins /usr/bin/cmake /home/user/cartographer_ws_docker/src/cartographer_ros/cartographer_rviz -DCMAKE_INSTALL_PREFIX=/home/user/cartographer_ws_docker/install/cartographer_rviz
[1.378s] Invoking command in '/home/user/cartographer_ws_docker/build/cartographer_rviz': CMAKE_PREFIX_PATH=/home/user/cartographer_ws_docker/install/cartographer_ros:/home/user/cartographer_ws_docker/install/cartographer_ros_msgs:/home/user/cartographer_ws_docker/install/cartographer:/home/user/cartographer_ws_docker/install/cartographer_rviz:/opt/ros/humble LD_LIBRARY_PATH=/home/user/cartographer_ws_docker/install/cartographer_ros_msgs/lib:/home/user/cartographer_ws_docker/install/cartographer_rviz/lib:/home/user/cartographer_ws_docker/install/cartographer_ros/lib:/usr/lib/x86_64-linux-gnu/gazebo-11/plugins:/opt/ros/humble/opt/rviz_ogre_vendor/lib:/opt/ros/humble/lib/x86_64-linux-gnu:/opt/ros/humble/lib:/usr/lib/x86_64-linux-gnu/gazebo-11/plugins /usr/bin/cmake --build /home/user/cartographer_ws_docker/build/cartographer_rviz -- -j12 -l12
[1.405s] [ 16%] [34m[1mAutomatic MOC for target cartographer_rviz[0m
[1.407s] [ 16%] Built target cartographer_rviz_detect_changes
[1.422s] [ 16%] Built target cartographer_rviz_autogen
[1.431s] [35m[1mConsolidate compiler generated dependencies of target cartographer_rviz[0m
[1.458s] [100%] Built target cartographer_rviz
[1.464s] Invoked command in '/home/user/cartographer_ws_docker/build/cartographer_rviz' returned '0': CMAKE_PREFIX_PATH=/home/user/cartographer_ws_docker/install/cartographer_ros:/home/user/cartographer_ws_docker/install/cartographer_ros_msgs:/home/user/cartographer_ws_docker/install/cartographer:/home/user/cartographer_ws_docker/install/cartographer_rviz:/opt/ros/humble LD_LIBRARY_PATH=/home/user/cartographer_ws_docker/install/cartographer_ros_msgs/lib:/home/user/cartographer_ws_docker/install/cartographer_rviz/lib:/home/user/cartographer_ws_docker/install/cartographer_ros/lib:/usr/lib/x86_64-linux-gnu/gazebo-11/plugins:/opt/ros/humble/opt/rviz_ogre_vendor/lib:/opt/ros/humble/lib/x86_64-linux-gnu:/opt/ros/humble/lib:/usr/lib/x86_64-linux-gnu/gazebo-11/plugins /usr/bin/cmake --build /home/user/cartographer_ws_docker/build/cartographer_rviz -- -j12 -l12
[1.484s] Invoking command in '/home/user/cartographer_ws_docker/build/cartographer_rviz': CMAKE_PREFIX_PATH=/home/user/cartographer_ws_docker/install/cartographer_ros:/home/user/cartographer_ws_docker/install/cartographer_ros_msgs:/home/user/cartographer_ws_docker/install/cartographer:/home/user/cartographer_ws_docker/install/cartographer_rviz:/opt/ros/humble LD_LIBRARY_PATH=/home/user/cartographer_ws_docker/install/cartographer_ros_msgs/lib:/home/user/cartographer_ws_docker/install/cartographer_rviz/lib:/home/user/cartographer_ws_docker/install/cartographer_ros/lib:/usr/lib/x86_64-linux-gnu/gazebo-11/plugins:/opt/ros/humble/opt/rviz_ogre_vendor/lib:/opt/ros/humble/lib/x86_64-linux-gnu:/opt/ros/humble/lib:/usr/lib/x86_64-linux-gnu/gazebo-11/plugins /usr/bin/cmake --install /home/user/cartographer_ws_docker/build/cartographer_rviz
[1.488s] -- Install configuration: "Release"
[1.489s] -- Execute custom install script
[1.489s] -- Up-to-date symlink: /home/user/cartographer_ws_docker/install/cartographer_rviz/share/cartographer_rviz//rviz_plugin_description.xml
[1.489s] -- Up-to-date symlink: /home/user/cartographer_ws_docker/install/cartographer_rviz/include//cartographer_rviz/drawable_submap.h
[1.489s] -- Up-to-date symlink: /home/user/cartographer_ws_docker/install/cartographer_rviz/include//cartographer_rviz/ogre_slice.h
[1.489s] -- Up-to-date symlink: /home/user/cartographer_ws_docker/install/cartographer_rviz/include//cartographer_rviz/submaps_display.h
[1.489s] -- Up-to-date symlink: /home/user/cartographer_ws_docker/install/cartographer_rviz/share/cartographer_rviz/environment/library_path.sh
[1.489s] -- Up-to-date symlink: /home/user/cartographer_ws_docker/install/cartographer_rviz/share/cartographer_rviz/environment/library_path.dsv
[1.489s] -- Up-to-date symlink: /home/user/cartographer_ws_docker/install/cartographer_rviz/share/ament_index/resource_index/package_run_dependencies/cartographer_rviz
[1.489s] -- Up-to-date symlink: /home/user/cartographer_ws_docker/install/cartographer_rviz/share/ament_index/resource_index/parent_prefix_path/cartographer_rviz
[1.490s] -- Up-to-date symlink: /home/user/cartographer_ws_docker/install/cartographer_rviz/share/cartographer_rviz/environment/ament_prefix_path.sh
[1.490s] -- Up-to-date symlink: /home/user/cartographer_ws_docker/install/cartographer_rviz/share/cartographer_rviz/environment/ament_prefix_path.dsv
[1.490s] -- Up-to-date symlink: /home/user/cartographer_ws_docker/install/cartographer_rviz/share/cartographer_rviz/environment/path.sh
[1.490s] -- Up-to-date symlink: /home/user/cartographer_ws_docker/install/cartographer_rviz/share/cartographer_rviz/environment/path.dsv
[1.490s] -- Up-to-date symlink: /home/user/cartographer_ws_docker/install/cartographer_rviz/share/cartographer_rviz/local_setup.bash
[1.490s] -- Up-to-date symlink: /home/user/cartographer_ws_docker/install/cartographer_rviz/share/cartographer_rviz/local_setup.sh
[1.490s] -- Up-to-date symlink: /home/user/cartographer_ws_docker/install/cartographer_rviz/share/cartographer_rviz/local_setup.zsh
[1.490s] -- Up-to-date symlink: /home/user/cartographer_ws_docker/install/cartographer_rviz/share/cartographer_rviz/local_setup.dsv
[1.490s] -- Symlinking: /home/user/cartographer_ws_docker/install/cartographer_rviz/share/cartographer_rviz/package.dsv
[1.495s] -- Up-to-date symlink: /home/user/cartographer_ws_docker/install/cartographer_rviz/share/ament_index/resource_index/packages/cartographer_rviz
[1.495s] -- Up-to-date symlink: /home/user/cartographer_ws_docker/install/cartographer_rviz/share/ament_index/resource_index/rviz_common__pluginlib__plugin/cartographer_rviz
[1.495s] -- Up-to-date symlink: /home/user/cartographer_ws_docker/install/cartographer_rviz/share/ament_index/resource_index/rviz_ogre_media_exports/cartographer_rviz
[1.495s] -- Up-to-date symlink: /home/user/cartographer_ws_docker/install/cartographer_rviz/share/cartographer_rviz/cmake/ament_cmake_export_include_directories-extras.cmake
[1.495s] -- Up-to-date symlink: /home/user/cartographer_ws_docker/install/cartographer_rviz/share/cartographer_rviz/cmake/ament_cmake_export_targets-extras.cmake
[1.496s] -- Up-to-date symlink: /home/user/cartographer_ws_docker/install/cartographer_rviz/share/cartographer_rviz/cmake/ament_cmake_export_dependencies-extras.cmake
[1.496s] -- Up-to-date symlink: /home/user/cartographer_ws_docker/install/cartographer_rviz/share/cartographer_rviz/cmake/cartographer_rvizConfig.cmake
[1.496s] -- Up-to-date symlink: /home/user/cartographer_ws_docker/install/cartographer_rviz/share/cartographer_rviz/cmake/cartographer_rvizConfig-version.cmake
[1.496s] -- Up-to-date symlink: /home/user/cartographer_ws_docker/install/cartographer_rviz/share/cartographer_rviz/package.xml
[1.496s] -- Up-to-date: /home/user/cartographer_ws_docker/install/cartographer_rviz/lib/libcartographer_rviz.so
[1.496s] -- Up-to-date: /home/user/cartographer_ws_docker/install/cartographer_rviz/share/cartographer_rviz/ogre_media/materials/glsl120
[1.496s] -- Up-to-date: /home/user/cartographer_ws_docker/install/cartographer_rviz/share/cartographer_rviz/ogre_media/materials/glsl120/submap.vert
[1.496s] -- Up-to-date: /home/user/cartographer_ws_docker/install/cartographer_rviz/share/cartographer_rviz/ogre_media/materials/glsl120/glsl120.program
[1.496s] -- Up-to-date: /home/user/cartographer_ws_docker/install/cartographer_rviz/share/cartographer_rviz/ogre_media/materials/glsl120/submap.frag
[1.496s] -- Up-to-date: /home/user/cartographer_ws_docker/install/cartographer_rviz/share/cartographer_rviz/ogre_media/materials/scripts
[1.496s] -- Up-to-date: /home/user/cartographer_ws_docker/install/cartographer_rviz/share/cartographer_rviz/ogre_media/materials/scripts/submap.material
[1.496s] -- Up-to-date: /home/user/cartographer_ws_docker/install/cartographer_rviz/share/cartographer_rviz/cmake/cartographer_rvizExport.cmake
[1.496s] -- Up-to-date: /home/user/cartographer_ws_docker/install/cartographer_rviz/share/cartographer_rviz/cmake/cartographer_rvizExport-release.cmake
[1.497s] Invoked command in '/home/user/cartographer_ws_docker/build/cartographer_rviz' returned '0': CMAKE_PREFIX_PATH=/home/user/cartographer_ws_docker/install/cartographer_ros:/home/user/cartographer_ws_docker/install/cartographer_ros_msgs:/home/user/cartographer_ws_docker/install/cartographer:/home/user/cartographer_ws_docker/install/cartographer_rviz:/opt/ros/humble LD_LIBRARY_PATH=/home/user/cartographer_ws_docker/install/cartographer_ros_msgs/lib:/home/user/cartographer_ws_docker/install/cartographer_rviz/lib:/home/user/cartographer_ws_docker/install/cartographer_ros/lib:/usr/lib/x86_64-linux-gnu/gazebo-11/plugins:/opt/ros/humble/opt/rviz_ogre_vendor/lib:/opt/ros/humble/lib/x86_64-linux-gnu:/opt/ros/humble/lib:/usr/lib/x86_64-linux-gnu/gazebo-11/plugins /usr/bin/cmake --install /home/user/cartographer_ws_docker/build/cartographer_rviz
