[0.008s] Invoking command in '/home/user/cartographer_ws_docker/build/cartographer_ros_msgs': CMAKE_PREFIX_PATH=${CMAKE_PREFIX_PATH}:/opt/ros/humble /usr/bin/cmake /home/user/cartographer_ws_docker/src/cartographer_ros/cartographer_ros_msgs -DCMAKE_INSTALL_PREFIX=/home/user/cartographer_ws_docker/install/cartographer_ros_msgs
[0.038s] -- Found ament_cmake: 1.3.9 (/opt/ros/humble/share/ament_cmake/cmake)
[0.112s] -- Override CMake install command with custom implementation using symlinks instead of copying resources
[0.129s] -- Found rosidl_default_generators: 1.2.0 (/opt/ros/humble/share/rosidl_default_generators/cmake)
[0.131s] -- Using all available rosidl_typesupport_c: rosidl_typesupport_fastrtps_c;rosidl_typesupport_introspection_c
[0.136s] -- Found rosidl_adapter: 3.1.5 (/opt/ros/humble/share/rosidl_adapter/cmake)
[0.170s] -- Using all available rosidl_typesupport_cpp: rosidl_typesupport_fastrtps_cpp;rosidl_typesupport_introspection_cpp
[0.195s] -- Found builtin_interfaces: 1.2.1 (/opt/ros/humble/share/builtin_interfaces/cmake)
[0.210s] -- Found geometry_msgs: 4.2.4 (/opt/ros/humble/share/geometry_msgs/cmake)
[0.492s] -- Found ament_cmake_cppcheck: 0.12.11 (/opt/ros/humble/share/ament_cmake_cppcheck/cmake)
[0.494s] -- Found ament_cmake_cpplint: 0.12.11 (/opt/ros/humble/share/ament_cmake_cpplint/cmake)
[0.496s] -- Found ament_cmake_uncrustify: 0.12.11 (/opt/ros/humble/share/ament_cmake_uncrustify/cmake)
[0.499s] -- Found ament_cmake_ros: 0.10.0 (/opt/ros/humble/share/ament_cmake_ros/cmake)
[0.670s] -- Using all available rosidl_typesupport_c: rosidl_typesupport_fastrtps_c;rosidl_typesupport_introspection_c
[0.845s] -- Using all available rosidl_typesupport_cpp: rosidl_typesupport_fastrtps_cpp;rosidl_typesupport_introspection_cpp
[0.859s] -- Found python_cmake_module: 0.10.0 (/opt/ros/humble/share/python_cmake_module/cmake)
[0.873s] -- Using PYTHON_EXECUTABLE: /usr/bin/python3
[0.873s] -- Using PYTHON_INCLUDE_DIRS: /usr/include/python3.10
[0.873s] -- Using PYTHON_LIBRARIES: /usr/lib/x86_64-linux-gnu/libpython3.10.so
[0.896s] -- Found ament_cmake_flake8: 0.12.11 (/opt/ros/humble/share/ament_cmake_flake8/cmake)
[0.897s] -- Found ament_cmake_pep257: 0.12.11 (/opt/ros/humble/share/ament_cmake_pep257/cmake)
[0.908s] -- Configuring done
[0.947s] -- Generating done
[0.948s] -- Build files have been written to: /home/user/cartographer_ws_docker/build/cartographer_ros_msgs
[0.953s] Invoked command in '/home/user/cartographer_ws_docker/build/cartographer_ros_msgs' returned '0': CMAKE_PREFIX_PATH=${CMAKE_PREFIX_PATH}:/opt/ros/humble /usr/bin/cmake /home/user/cartographer_ws_docker/src/cartographer_ros/cartographer_ros_msgs -DCMAKE_INSTALL_PREFIX=/home/user/cartographer_ws_docker/install/cartographer_ros_msgs
[0.953s] Invoking command in '/home/user/cartographer_ws_docker/build/cartographer_ros_msgs': CMAKE_PREFIX_PATH=${CMAKE_PREFIX_PATH}:/opt/ros/humble /usr/bin/cmake --build /home/user/cartographer_ws_docker/build/cartographer_ros_msgs -- -j12 -l12
[0.980s] [35m[1mConsolidate compiler generated dependencies of target cartographer_ros_msgs__rosidl_generator_c[0m
[0.985s] [  0%] Built target cartographer_ros_msgs__cpp
[0.990s] [  0%] Built target ament_cmake_python_symlink_cartographer_ros_msgs
[0.994s] [35m[1mConsolidate compiler generated dependencies of target cartographer_ros_msgs__rosidl_typesupport_introspection_cpp[0m
[0.995s] [35m[1mConsolidate compiler generated dependencies of target cartographer_ros_msgs__rosidl_typesupport_fastrtps_cpp[0m
[0.995s] [35m[1mConsolidate compiler generated dependencies of target cartographer_ros_msgs__rosidl_typesupport_cpp[0m
[0.997s] [ 12%] Built target cartographer_ros_msgs__rosidl_generator_c
[1.004s] [35m[1mConsolidate compiler generated dependencies of target cartographer_ros_msgs__rosidl_typesupport_introspection_c[0m
[1.005s] [35m[1mConsolidate compiler generated dependencies of target cartographer_ros_msgs__rosidl_typesupport_fastrtps_c[0m
[1.005s] [35m[1mConsolidate compiler generated dependencies of target cartographer_ros_msgs__rosidl_typesupport_c[0m
[1.012s] [ 24%] Built target cartographer_ros_msgs__rosidl_typesupport_cpp
[1.017s] [ 37%] Built target cartographer_ros_msgs__rosidl_typesupport_introspection_cpp
[1.017s] [ 49%] Built target cartographer_ros_msgs__rosidl_typesupport_fastrtps_cpp
[1.018s] [ 64%] Built target cartographer_ros_msgs__rosidl_typesupport_c
[1.018s] [ 73%] Built target cartographer_ros_msgs__rosidl_typesupport_introspection_c
[1.020s] [ 85%] Built target cartographer_ros_msgs__rosidl_typesupport_fastrtps_c
[1.031s] [ 85%] Built target cartographer_ros_msgs
[1.044s] [ 86%] Built target cartographer_ros_msgs__py
[1.052s] [35m[1mConsolidate compiler generated dependencies of target cartographer_ros_msgs__rosidl_generator_py[0m
[1.067s] [ 97%] Built target cartographer_ros_msgs__rosidl_generator_py
[1.073s] [35m[1mConsolidate compiler generated dependencies of target cartographer_ros_msgs__rosidl_typesupport_c__pyext[0m
[1.073s] [35m[1mConsolidate compiler generated dependencies of target cartographer_ros_msgs__rosidl_typesupport_introspection_c__pyext[0m
[1.073s] [35m[1mConsolidate compiler generated dependencies of target cartographer_ros_msgs__rosidl_typesupport_fastrtps_c__pyext[0m
[1.080s] [100%] Built target cartographer_ros_msgs__rosidl_typesupport_c__pyext
[1.080s] [100%] Built target cartographer_ros_msgs__rosidl_typesupport_fastrtps_c__pyext
[1.080s] [100%] Built target cartographer_ros_msgs__rosidl_typesupport_introspection_c__pyext
[1.106s] running egg_info
[1.106s] writing cartographer_ros_msgs.egg-info/PKG-INFO
[1.107s] writing dependency_links to cartographer_ros_msgs.egg-info/dependency_links.txt
[1.107s] writing top-level names to cartographer_ros_msgs.egg-info/top_level.txt
[1.108s] reading manifest file 'cartographer_ros_msgs.egg-info/SOURCES.txt'
[1.109s] writing manifest file 'cartographer_ros_msgs.egg-info/SOURCES.txt'
[1.124s] [100%] Built target ament_cmake_python_build_cartographer_ros_msgs_egg
[1.130s] Invoked command in '/home/user/cartographer_ws_docker/build/cartographer_ros_msgs' returned '0': CMAKE_PREFIX_PATH=${CMAKE_PREFIX_PATH}:/opt/ros/humble /usr/bin/cmake --build /home/user/cartographer_ws_docker/build/cartographer_ros_msgs -- -j12 -l12
[1.346s] Invoking command in '/home/user/cartographer_ws_docker/build/cartographer_ros_msgs': CMAKE_PREFIX_PATH=${CMAKE_PREFIX_PATH}:/opt/ros/humble /usr/bin/cmake --install /home/user/cartographer_ws_docker/build/cartographer_ros_msgs
[1.351s] -- Install configuration: ""
[1.351s] -- Execute custom install script
[1.352s] -- Up-to-date symlink: /home/user/cartographer_ws_docker/install/cartographer_ros_msgs/share/ament_index/resource_index/rosidl_interfaces/cartographer_ros_msgs
[1.352s] -- Up-to-date symlink: /home/user/cartographer_ws_docker/install/cartographer_ros_msgs/include/cartographer_ros_msgs/cartographer_ros_msgs/msg/bagfile_progress.h
[1.352s] -- Up-to-date symlink: /home/user/cartographer_ws_docker/install/cartographer_ros_msgs/include/cartographer_ros_msgs/cartographer_ros_msgs/msg/detail/bagfile_progress__functions.h
[1.352s] -- Up-to-date symlink: /home/user/cartographer_ws_docker/install/cartographer_ros_msgs/include/cartographer_ros_msgs/cartographer_ros_msgs/msg/detail/bagfile_progress__struct.h
[1.352s] -- Up-to-date symlink: /home/user/cartographer_ws_docker/install/cartographer_ros_msgs/include/cartographer_ros_msgs/cartographer_ros_msgs/msg/detail/bagfile_progress__type_support.h
[1.352s] -- Up-to-date symlink: /home/user/cartographer_ws_docker/install/cartographer_ros_msgs/include/cartographer_ros_msgs/cartographer_ros_msgs/msg/detail/histogram_bucket__functions.h
[1.353s] -- Up-to-date symlink: /home/user/cartographer_ws_docker/install/cartographer_ros_msgs/include/cartographer_ros_msgs/cartographer_ros_msgs/msg/detail/histogram_bucket__struct.h
[1.353s] -- Up-to-date symlink: /home/user/cartographer_ws_docker/install/cartographer_ros_msgs/include/cartographer_ros_msgs/cartographer_ros_msgs/msg/detail/histogram_bucket__type_support.h
[1.353s] -- Up-to-date symlink: /home/user/cartographer_ws_docker/install/cartographer_ros_msgs/include/cartographer_ros_msgs/cartographer_ros_msgs/msg/detail/landmark_entry__functions.h
[1.353s] -- Up-to-date symlink: /home/user/cartographer_ws_docker/install/cartographer_ros_msgs/include/cartographer_ros_msgs/cartographer_ros_msgs/msg/detail/landmark_entry__struct.h
[1.353s] -- Up-to-date symlink: /home/user/cartographer_ws_docker/install/cartographer_ros_msgs/include/cartographer_ros_msgs/cartographer_ros_msgs/msg/detail/landmark_entry__type_support.h
[1.353s] -- Up-to-date symlink: /home/user/cartographer_ws_docker/install/cartographer_ros_msgs/include/cartographer_ros_msgs/cartographer_ros_msgs/msg/detail/landmark_list__functions.h
[1.353s] -- Up-to-date symlink: /home/user/cartographer_ws_docker/install/cartographer_ros_msgs/include/cartographer_ros_msgs/cartographer_ros_msgs/msg/detail/landmark_list__struct.h
[1.353s] -- Up-to-date symlink: /home/user/cartographer_ws_docker/install/cartographer_ros_msgs/include/cartographer_ros_msgs/cartographer_ros_msgs/msg/detail/landmark_list__type_support.h
[1.353s] -- Up-to-date symlink: /home/user/cartographer_ws_docker/install/cartographer_ros_msgs/include/cartographer_ros_msgs/cartographer_ros_msgs/msg/detail/metric__functions.h
[1.353s] -- Up-to-date symlink: /home/user/cartographer_ws_docker/install/cartographer_ros_msgs/include/cartographer_ros_msgs/cartographer_ros_msgs/msg/detail/metric__struct.h
[1.354s] -- Up-to-date symlink: /home/user/cartographer_ws_docker/install/cartographer_ros_msgs/include/cartographer_ros_msgs/cartographer_ros_msgs/msg/detail/metric__type_support.h
[1.354s] -- Up-to-date symlink: /home/user/cartographer_ws_docker/install/cartographer_ros_msgs/include/cartographer_ros_msgs/cartographer_ros_msgs/msg/detail/metric_family__functions.h
[1.354s] -- Up-to-date symlink: /home/user/cartographer_ws_docker/install/cartographer_ros_msgs/include/cartographer_ros_msgs/cartographer_ros_msgs/msg/detail/metric_family__struct.h
[1.354s] -- Up-to-date symlink: /home/user/cartographer_ws_docker/install/cartographer_ros_msgs/include/cartographer_ros_msgs/cartographer_ros_msgs/msg/detail/metric_family__type_support.h
[1.354s] -- Up-to-date symlink: /home/user/cartographer_ws_docker/install/cartographer_ros_msgs/include/cartographer_ros_msgs/cartographer_ros_msgs/msg/detail/metric_label__functions.h
[1.354s] -- Up-to-date symlink: /home/user/cartographer_ws_docker/install/cartographer_ros_msgs/include/cartographer_ros_msgs/cartographer_ros_msgs/msg/detail/metric_label__struct.h
[1.354s] -- Up-to-date symlink: /home/user/cartographer_ws_docker/install/cartographer_ros_msgs/include/cartographer_ros_msgs/cartographer_ros_msgs/msg/detail/metric_label__type_support.h
[1.354s] -- Up-to-date symlink: /home/user/cartographer_ws_docker/install/cartographer_ros_msgs/include/cartographer_ros_msgs/cartographer_ros_msgs/msg/detail/status_code__functions.h
[1.354s] -- Up-to-date symlink: /home/user/cartographer_ws_docker/install/cartographer_ros_msgs/include/cartographer_ros_msgs/cartographer_ros_msgs/msg/detail/status_code__struct.h
[1.354s] -- Up-to-date symlink: /home/user/cartographer_ws_docker/install/cartographer_ros_msgs/include/cartographer_ros_msgs/cartographer_ros_msgs/msg/detail/status_code__type_support.h
[1.354s] -- Up-to-date symlink: /home/user/cartographer_ws_docker/install/cartographer_ros_msgs/include/cartographer_ros_msgs/cartographer_ros_msgs/msg/detail/status_response__functions.h
[1.355s] -- Up-to-date symlink: /home/user/cartographer_ws_docker/install/cartographer_ros_msgs/include/cartographer_ros_msgs/cartographer_ros_msgs/msg/detail/status_response__struct.h
[1.355s] -- Up-to-date symlink: /home/user/cartographer_ws_docker/install/cartographer_ros_msgs/include/cartographer_ros_msgs/cartographer_ros_msgs/msg/detail/status_response__type_support.h
[1.355s] -- Up-to-date symlink: /home/user/cartographer_ws_docker/install/cartographer_ros_msgs/include/cartographer_ros_msgs/cartographer_ros_msgs/msg/detail/submap_entry__functions.h
[1.355s] -- Up-to-date symlink: /home/user/cartographer_ws_docker/install/cartographer_ros_msgs/include/cartographer_ros_msgs/cartographer_ros_msgs/msg/detail/submap_entry__struct.h
[1.355s] -- Up-to-date symlink: /home/user/cartographer_ws_docker/install/cartographer_ros_msgs/include/cartographer_ros_msgs/cartographer_ros_msgs/msg/detail/submap_entry__type_support.h
[1.355s] -- Up-to-date symlink: /home/user/cartographer_ws_docker/install/cartographer_ros_msgs/include/cartographer_ros_msgs/cartographer_ros_msgs/msg/detail/submap_list__functions.h
[1.355s] -- Up-to-date symlink: /home/user/cartographer_ws_docker/install/cartographer_ros_msgs/include/cartographer_ros_msgs/cartographer_ros_msgs/msg/detail/submap_list__struct.h
[1.355s] -- Up-to-date symlink: /home/user/cartographer_ws_docker/install/cartographer_ros_msgs/include/cartographer_ros_msgs/cartographer_ros_msgs/msg/detail/submap_list__type_support.h
[1.355s] -- Up-to-date symlink: /home/user/cartographer_ws_docker/install/cartographer_ros_msgs/include/cartographer_ros_msgs/cartographer_ros_msgs/msg/detail/submap_texture__functions.h
[1.355s] -- Up-to-date symlink: /home/user/cartographer_ws_docker/install/cartographer_ros_msgs/include/cartographer_ros_msgs/cartographer_ros_msgs/msg/detail/submap_texture__struct.h
[1.355s] -- Up-to-date symlink: /home/user/cartographer_ws_docker/install/cartographer_ros_msgs/include/cartographer_ros_msgs/cartographer_ros_msgs/msg/detail/submap_texture__type_support.h
[1.356s] -- Up-to-date symlink: /home/user/cartographer_ws_docker/install/cartographer_ros_msgs/include/cartographer_ros_msgs/cartographer_ros_msgs/msg/detail/trajectory_states__functions.h
[1.356s] -- Up-to-date symlink: /home/user/cartographer_ws_docker/install/cartographer_ros_msgs/include/cartographer_ros_msgs/cartographer_ros_msgs/msg/detail/trajectory_states__struct.h
[1.356s] -- Up-to-date symlink: /home/user/cartographer_ws_docker/install/cartographer_ros_msgs/include/cartographer_ros_msgs/cartographer_ros_msgs/msg/detail/trajectory_states__type_support.h
[1.356s] -- Up-to-date symlink: /home/user/cartographer_ws_docker/install/cartographer_ros_msgs/include/cartographer_ros_msgs/cartographer_ros_msgs/msg/histogram_bucket.h
[1.356s] -- Up-to-date symlink: /home/user/cartographer_ws_docker/install/cartographer_ros_msgs/include/cartographer_ros_msgs/cartographer_ros_msgs/msg/landmark_entry.h
[1.356s] -- Up-to-date symlink: /home/user/cartographer_ws_docker/install/cartographer_ros_msgs/include/cartographer_ros_msgs/cartographer_ros_msgs/msg/landmark_list.h
[1.356s] -- Up-to-date symlink: /home/user/cartographer_ws_docker/install/cartographer_ros_msgs/include/cartographer_ros_msgs/cartographer_ros_msgs/msg/metric.h
[1.356s] -- Up-to-date symlink: /home/user/cartographer_ws_docker/install/cartographer_ros_msgs/include/cartographer_ros_msgs/cartographer_ros_msgs/msg/metric_family.h
[1.356s] -- Up-to-date symlink: /home/user/cartographer_ws_docker/install/cartographer_ros_msgs/include/cartographer_ros_msgs/cartographer_ros_msgs/msg/metric_label.h
[1.356s] -- Up-to-date symlink: /home/user/cartographer_ws_docker/install/cartographer_ros_msgs/include/cartographer_ros_msgs/cartographer_ros_msgs/msg/rosidl_generator_c__visibility_control.h
[1.356s] -- Up-to-date symlink: /home/user/cartographer_ws_docker/install/cartographer_ros_msgs/include/cartographer_ros_msgs/cartographer_ros_msgs/msg/status_code.h
[1.356s] -- Up-to-date symlink: /home/user/cartographer_ws_docker/install/cartographer_ros_msgs/include/cartographer_ros_msgs/cartographer_ros_msgs/msg/status_response.h
[1.357s] -- Up-to-date symlink: /home/user/cartographer_ws_docker/install/cartographer_ros_msgs/include/cartographer_ros_msgs/cartographer_ros_msgs/msg/submap_entry.h
[1.357s] -- Up-to-date symlink: /home/user/cartographer_ws_docker/install/cartographer_ros_msgs/include/cartographer_ros_msgs/cartographer_ros_msgs/msg/submap_list.h
[1.357s] -- Up-to-date symlink: /home/user/cartographer_ws_docker/install/cartographer_ros_msgs/include/cartographer_ros_msgs/cartographer_ros_msgs/msg/submap_texture.h
[1.357s] -- Up-to-date symlink: /home/user/cartographer_ws_docker/install/cartographer_ros_msgs/include/cartographer_ros_msgs/cartographer_ros_msgs/msg/trajectory_states.h
[1.357s] -- Up-to-date symlink: /home/user/cartographer_ws_docker/install/cartographer_ros_msgs/include/cartographer_ros_msgs/cartographer_ros_msgs/srv/detail/finish_trajectory__functions.h
[1.357s] -- Up-to-date symlink: /home/user/cartographer_ws_docker/install/cartographer_ros_msgs/include/cartographer_ros_msgs/cartographer_ros_msgs/srv/detail/finish_trajectory__struct.h
[1.357s] -- Up-to-date symlink: /home/user/cartographer_ws_docker/install/cartographer_ros_msgs/include/cartographer_ros_msgs/cartographer_ros_msgs/srv/detail/finish_trajectory__type_support.h
[1.357s] -- Up-to-date symlink: /home/user/cartographer_ws_docker/install/cartographer_ros_msgs/include/cartographer_ros_msgs/cartographer_ros_msgs/srv/detail/get_trajectory_states__functions.h
[1.357s] -- Up-to-date symlink: /home/user/cartographer_ws_docker/install/cartographer_ros_msgs/include/cartographer_ros_msgs/cartographer_ros_msgs/srv/detail/get_trajectory_states__struct.h
[1.358s] -- Up-to-date symlink: /home/user/cartographer_ws_docker/install/cartographer_ros_msgs/include/cartographer_ros_msgs/cartographer_ros_msgs/srv/detail/get_trajectory_states__type_support.h
[1.358s] -- Up-to-date symlink: /home/user/cartographer_ws_docker/install/cartographer_ros_msgs/include/cartographer_ros_msgs/cartographer_ros_msgs/srv/detail/read_metrics__functions.h
[1.358s] -- Up-to-date symlink: /home/user/cartographer_ws_docker/install/cartographer_ros_msgs/include/cartographer_ros_msgs/cartographer_ros_msgs/srv/detail/read_metrics__struct.h
[1.358s] -- Up-to-date symlink: /home/user/cartographer_ws_docker/install/cartographer_ros_msgs/include/cartographer_ros_msgs/cartographer_ros_msgs/srv/detail/read_metrics__type_support.h
[1.358s] -- Up-to-date symlink: /home/user/cartographer_ws_docker/install/cartographer_ros_msgs/include/cartographer_ros_msgs/cartographer_ros_msgs/srv/detail/start_trajectory__functions.h
[1.358s] -- Up-to-date symlink: /home/user/cartographer_ws_docker/install/cartographer_ros_msgs/include/cartographer_ros_msgs/cartographer_ros_msgs/srv/detail/start_trajectory__struct.h
[1.358s] -- Up-to-date symlink: /home/user/cartographer_ws_docker/install/cartographer_ros_msgs/include/cartographer_ros_msgs/cartographer_ros_msgs/srv/detail/start_trajectory__type_support.h
[1.358s] -- Up-to-date symlink: /home/user/cartographer_ws_docker/install/cartographer_ros_msgs/include/cartographer_ros_msgs/cartographer_ros_msgs/srv/detail/submap_query__functions.h
[1.358s] -- Up-to-date symlink: /home/user/cartographer_ws_docker/install/cartographer_ros_msgs/include/cartographer_ros_msgs/cartographer_ros_msgs/srv/detail/submap_query__struct.h
[1.358s] -- Up-to-date symlink: /home/user/cartographer_ws_docker/install/cartographer_ros_msgs/include/cartographer_ros_msgs/cartographer_ros_msgs/srv/detail/submap_query__type_support.h
[1.358s] -- Up-to-date symlink: /home/user/cartographer_ws_docker/install/cartographer_ros_msgs/include/cartographer_ros_msgs/cartographer_ros_msgs/srv/detail/trajectory_query__functions.h
[1.358s] -- Up-to-date symlink: /home/user/cartographer_ws_docker/install/cartographer_ros_msgs/include/cartographer_ros_msgs/cartographer_ros_msgs/srv/detail/trajectory_query__struct.h
[1.358s] -- Up-to-date symlink: /home/user/cartographer_ws_docker/install/cartographer_ros_msgs/include/cartographer_ros_msgs/cartographer_ros_msgs/srv/detail/trajectory_query__type_support.h
[1.358s] -- Up-to-date symlink: /home/user/cartographer_ws_docker/install/cartographer_ros_msgs/include/cartographer_ros_msgs/cartographer_ros_msgs/srv/detail/write_state__functions.h
[1.359s] -- Up-to-date symlink: /home/user/cartographer_ws_docker/install/cartographer_ros_msgs/include/cartographer_ros_msgs/cartographer_ros_msgs/srv/detail/write_state__struct.h
[1.359s] -- Up-to-date symlink: /home/user/cartographer_ws_docker/install/cartographer_ros_msgs/include/cartographer_ros_msgs/cartographer_ros_msgs/srv/detail/write_state__type_support.h
[1.359s] -- Up-to-date symlink: /home/user/cartographer_ws_docker/install/cartographer_ros_msgs/include/cartographer_ros_msgs/cartographer_ros_msgs/srv/finish_trajectory.h
[1.359s] -- Up-to-date symlink: /home/user/cartographer_ws_docker/install/cartographer_ros_msgs/include/cartographer_ros_msgs/cartographer_ros_msgs/srv/get_trajectory_states.h
[1.359s] -- Up-to-date symlink: /home/user/cartographer_ws_docker/install/cartographer_ros_msgs/include/cartographer_ros_msgs/cartographer_ros_msgs/srv/read_metrics.h
[1.359s] -- Up-to-date symlink: /home/user/cartographer_ws_docker/install/cartographer_ros_msgs/include/cartographer_ros_msgs/cartographer_ros_msgs/srv/start_trajectory.h
[1.359s] -- Up-to-date symlink: /home/user/cartographer_ws_docker/install/cartographer_ros_msgs/include/cartographer_ros_msgs/cartographer_ros_msgs/srv/submap_query.h
[1.359s] -- Up-to-date symlink: /home/user/cartographer_ws_docker/install/cartographer_ros_msgs/include/cartographer_ros_msgs/cartographer_ros_msgs/srv/trajectory_query.h
[1.359s] -- Up-to-date symlink: /home/user/cartographer_ws_docker/install/cartographer_ros_msgs/include/cartographer_ros_msgs/cartographer_ros_msgs/srv/write_state.h
[1.360s] -- Up-to-date symlink: /home/user/cartographer_ws_docker/install/cartographer_ros_msgs/share/cartographer_ros_msgs/environment/library_path.sh
[1.360s] -- Up-to-date symlink: /home/user/cartographer_ws_docker/install/cartographer_ros_msgs/share/cartographer_ros_msgs/environment/library_path.dsv
[1.360s] -- Up-to-date symlink: /home/user/cartographer_ws_docker/install/cartographer_ros_msgs/include/cartographer_ros_msgs/cartographer_ros_msgs/msg/detail/bagfile_progress__rosidl_typesupport_fastrtps_c.h
[1.360s] -- Up-to-date symlink: /home/user/cartographer_ws_docker/install/cartographer_ros_msgs/include/cartographer_ros_msgs/cartographer_ros_msgs/msg/detail/histogram_bucket__rosidl_typesupport_fastrtps_c.h
[1.360s] -- Up-to-date symlink: /home/user/cartographer_ws_docker/install/cartographer_ros_msgs/include/cartographer_ros_msgs/cartographer_ros_msgs/msg/detail/landmark_entry__rosidl_typesupport_fastrtps_c.h
[1.360s] -- Up-to-date symlink: /home/user/cartographer_ws_docker/install/cartographer_ros_msgs/include/cartographer_ros_msgs/cartographer_ros_msgs/msg/detail/landmark_list__rosidl_typesupport_fastrtps_c.h
[1.360s] -- Up-to-date symlink: /home/user/cartographer_ws_docker/install/cartographer_ros_msgs/include/cartographer_ros_msgs/cartographer_ros_msgs/msg/detail/metric__rosidl_typesupport_fastrtps_c.h
[1.360s] -- Up-to-date symlink: /home/user/cartographer_ws_docker/install/cartographer_ros_msgs/include/cartographer_ros_msgs/cartographer_ros_msgs/msg/detail/metric_family__rosidl_typesupport_fastrtps_c.h
[1.360s] -- Up-to-date symlink: /home/user/cartographer_ws_docker/install/cartographer_ros_msgs/include/cartographer_ros_msgs/cartographer_ros_msgs/msg/detail/metric_label__rosidl_typesupport_fastrtps_c.h
[1.360s] -- Up-to-date symlink: /home/user/cartographer_ws_docker/install/cartographer_ros_msgs/include/cartographer_ros_msgs/cartographer_ros_msgs/msg/detail/status_code__rosidl_typesupport_fastrtps_c.h
[1.360s] -- Up-to-date symlink: /home/user/cartographer_ws_docker/install/cartographer_ros_msgs/include/cartographer_ros_msgs/cartographer_ros_msgs/msg/detail/status_response__rosidl_typesupport_fastrtps_c.h
[1.361s] -- Up-to-date symlink: /home/user/cartographer_ws_docker/install/cartographer_ros_msgs/include/cartographer_ros_msgs/cartographer_ros_msgs/msg/detail/submap_entry__rosidl_typesupport_fastrtps_c.h
[1.361s] -- Up-to-date symlink: /home/user/cartographer_ws_docker/install/cartographer_ros_msgs/include/cartographer_ros_msgs/cartographer_ros_msgs/msg/detail/submap_list__rosidl_typesupport_fastrtps_c.h
[1.361s] -- Up-to-date symlink: /home/user/cartographer_ws_docker/install/cartographer_ros_msgs/include/cartographer_ros_msgs/cartographer_ros_msgs/msg/detail/submap_texture__rosidl_typesupport_fastrtps_c.h
[1.361s] -- Up-to-date symlink: /home/user/cartographer_ws_docker/install/cartographer_ros_msgs/include/cartographer_ros_msgs/cartographer_ros_msgs/msg/detail/trajectory_states__rosidl_typesupport_fastrtps_c.h
[1.361s] -- Up-to-date symlink: /home/user/cartographer_ws_docker/install/cartographer_ros_msgs/include/cartographer_ros_msgs/cartographer_ros_msgs/msg/rosidl_typesupport_fastrtps_c__visibility_control.h
[1.361s] -- Up-to-date symlink: /home/user/cartographer_ws_docker/install/cartographer_ros_msgs/include/cartographer_ros_msgs/cartographer_ros_msgs/srv/detail/finish_trajectory__rosidl_typesupport_fastrtps_c.h
[1.361s] -- Up-to-date symlink: /home/user/cartographer_ws_docker/install/cartographer_ros_msgs/include/cartographer_ros_msgs/cartographer_ros_msgs/srv/detail/get_trajectory_states__rosidl_typesupport_fastrtps_c.h
[1.361s] -- Up-to-date symlink: /home/user/cartographer_ws_docker/install/cartographer_ros_msgs/include/cartographer_ros_msgs/cartographer_ros_msgs/srv/detail/read_metrics__rosidl_typesupport_fastrtps_c.h
[1.362s] -- Up-to-date symlink: /home/user/cartographer_ws_docker/install/cartographer_ros_msgs/include/cartographer_ros_msgs/cartographer_ros_msgs/srv/detail/start_trajectory__rosidl_typesupport_fastrtps_c.h
[1.362s] -- Up-to-date symlink: /home/user/cartographer_ws_docker/install/cartographer_ros_msgs/include/cartographer_ros_msgs/cartographer_ros_msgs/srv/detail/submap_query__rosidl_typesupport_fastrtps_c.h
[1.362s] -- Up-to-date symlink: /home/user/cartographer_ws_docker/install/cartographer_ros_msgs/include/cartographer_ros_msgs/cartographer_ros_msgs/srv/detail/trajectory_query__rosidl_typesupport_fastrtps_c.h
[1.362s] -- Up-to-date symlink: /home/user/cartographer_ws_docker/install/cartographer_ros_msgs/include/cartographer_ros_msgs/cartographer_ros_msgs/srv/detail/write_state__rosidl_typesupport_fastrtps_c.h
[1.362s] -- Up-to-date symlink: /home/user/cartographer_ws_docker/install/cartographer_ros_msgs/include/cartographer_ros_msgs/cartographer_ros_msgs/msg/detail/bagfile_progress__rosidl_typesupport_introspection_c.h
[1.362s] -- Up-to-date symlink: /home/user/cartographer_ws_docker/install/cartographer_ros_msgs/include/cartographer_ros_msgs/cartographer_ros_msgs/msg/detail/histogram_bucket__rosidl_typesupport_introspection_c.h
[1.362s] -- Up-to-date symlink: /home/user/cartographer_ws_docker/install/cartographer_ros_msgs/include/cartographer_ros_msgs/cartographer_ros_msgs/msg/detail/landmark_entry__rosidl_typesupport_introspection_c.h
[1.362s] -- Up-to-date symlink: /home/user/cartographer_ws_docker/install/cartographer_ros_msgs/include/cartographer_ros_msgs/cartographer_ros_msgs/msg/detail/landmark_list__rosidl_typesupport_introspection_c.h
[1.362s] -- Up-to-date symlink: /home/user/cartographer_ws_docker/install/cartographer_ros_msgs/include/cartographer_ros_msgs/cartographer_ros_msgs/msg/detail/metric__rosidl_typesupport_introspection_c.h
[1.362s] -- Up-to-date symlink: /home/user/cartographer_ws_docker/install/cartographer_ros_msgs/include/cartographer_ros_msgs/cartographer_ros_msgs/msg/detail/metric_family__rosidl_typesupport_introspection_c.h
[1.363s] -- Up-to-date symlink: /home/user/cartographer_ws_docker/install/cartographer_ros_msgs/include/cartographer_ros_msgs/cartographer_ros_msgs/msg/detail/metric_label__rosidl_typesupport_introspection_c.h
[1.363s] -- Up-to-date symlink: /home/user/cartographer_ws_docker/install/cartographer_ros_msgs/include/cartographer_ros_msgs/cartographer_ros_msgs/msg/detail/status_code__rosidl_typesupport_introspection_c.h
[1.363s] -- Up-to-date symlink: /home/user/cartographer_ws_docker/install/cartographer_ros_msgs/include/cartographer_ros_msgs/cartographer_ros_msgs/msg/detail/status_response__rosidl_typesupport_introspection_c.h
[1.363s] -- Up-to-date symlink: /home/user/cartographer_ws_docker/install/cartographer_ros_msgs/include/cartographer_ros_msgs/cartographer_ros_msgs/msg/detail/submap_entry__rosidl_typesupport_introspection_c.h
[1.363s] -- Up-to-date symlink: /home/user/cartographer_ws_docker/install/cartographer_ros_msgs/include/cartographer_ros_msgs/cartographer_ros_msgs/msg/detail/submap_list__rosidl_typesupport_introspection_c.h
[1.363s] -- Up-to-date symlink: /home/user/cartographer_ws_docker/install/cartographer_ros_msgs/include/cartographer_ros_msgs/cartographer_ros_msgs/msg/detail/submap_texture__rosidl_typesupport_introspection_c.h
[1.363s] -- Up-to-date symlink: /home/user/cartographer_ws_docker/install/cartographer_ros_msgs/include/cartographer_ros_msgs/cartographer_ros_msgs/msg/detail/trajectory_states__rosidl_typesupport_introspection_c.h
[1.363s] -- Up-to-date symlink: /home/user/cartographer_ws_docker/install/cartographer_ros_msgs/include/cartographer_ros_msgs/cartographer_ros_msgs/msg/rosidl_typesupport_introspection_c__visibility_control.h
[1.363s] -- Up-to-date symlink: /home/user/cartographer_ws_docker/install/cartographer_ros_msgs/include/cartographer_ros_msgs/cartographer_ros_msgs/srv/detail/finish_trajectory__rosidl_typesupport_introspection_c.h
[1.363s] -- Up-to-date symlink: /home/user/cartographer_ws_docker/install/cartographer_ros_msgs/include/cartographer_ros_msgs/cartographer_ros_msgs/srv/detail/get_trajectory_states__rosidl_typesupport_introspection_c.h
[1.364s] -- Up-to-date symlink: /home/user/cartographer_ws_docker/install/cartographer_ros_msgs/include/cartographer_ros_msgs/cartographer_ros_msgs/srv/detail/read_metrics__rosidl_typesupport_introspection_c.h
[1.364s] -- Up-to-date symlink: /home/user/cartographer_ws_docker/install/cartographer_ros_msgs/include/cartographer_ros_msgs/cartographer_ros_msgs/srv/detail/start_trajectory__rosidl_typesupport_introspection_c.h
[1.364s] -- Up-to-date symlink: /home/user/cartographer_ws_docker/install/cartographer_ros_msgs/include/cartographer_ros_msgs/cartographer_ros_msgs/srv/detail/submap_query__rosidl_typesupport_introspection_c.h
[1.364s] -- Up-to-date symlink: /home/user/cartographer_ws_docker/install/cartographer_ros_msgs/include/cartographer_ros_msgs/cartographer_ros_msgs/srv/detail/trajectory_query__rosidl_typesupport_introspection_c.h
[1.364s] -- Up-to-date symlink: /home/user/cartographer_ws_docker/install/cartographer_ros_msgs/include/cartographer_ros_msgs/cartographer_ros_msgs/srv/detail/write_state__rosidl_typesupport_introspection_c.h
[1.364s] -- Up-to-date symlink: /home/user/cartographer_ws_docker/install/cartographer_ros_msgs/include/cartographer_ros_msgs/cartographer_ros_msgs/msg/bagfile_progress.hpp
[1.366s] -- Up-to-date symlink: /home/user/cartographer_ws_docker/install/cartographer_ros_msgs/include/cartographer_ros_msgs/cartographer_ros_msgs/msg/detail/bagfile_progress__builder.hpp
[1.366s] -- Up-to-date symlink: /home/user/cartographer_ws_docker/install/cartographer_ros_msgs/include/cartographer_ros_msgs/cartographer_ros_msgs/msg/detail/bagfile_progress__struct.hpp
[1.366s] -- Up-to-date symlink: /home/user/cartographer_ws_docker/install/cartographer_ros_msgs/include/cartographer_ros_msgs/cartographer_ros_msgs/msg/detail/bagfile_progress__traits.hpp
[1.366s] -- Up-to-date symlink: /home/user/cartographer_ws_docker/install/cartographer_ros_msgs/include/cartographer_ros_msgs/cartographer_ros_msgs/msg/detail/histogram_bucket__builder.hpp
[1.366s] -- Up-to-date symlink: /home/user/cartographer_ws_docker/install/cartographer_ros_msgs/include/cartographer_ros_msgs/cartographer_ros_msgs/msg/detail/histogram_bucket__struct.hpp
[1.366s] -- Up-to-date symlink: /home/user/cartographer_ws_docker/install/cartographer_ros_msgs/include/cartographer_ros_msgs/cartographer_ros_msgs/msg/detail/histogram_bucket__traits.hpp
[1.366s] -- Up-to-date symlink: /home/user/cartographer_ws_docker/install/cartographer_ros_msgs/include/cartographer_ros_msgs/cartographer_ros_msgs/msg/detail/landmark_entry__builder.hpp
[1.367s] -- Up-to-date symlink: /home/user/cartographer_ws_docker/install/cartographer_ros_msgs/include/cartographer_ros_msgs/cartographer_ros_msgs/msg/detail/landmark_entry__struct.hpp
[1.367s] -- Up-to-date symlink: /home/user/cartographer_ws_docker/install/cartographer_ros_msgs/include/cartographer_ros_msgs/cartographer_ros_msgs/msg/detail/landmark_entry__traits.hpp
[1.367s] -- Up-to-date symlink: /home/user/cartographer_ws_docker/install/cartographer_ros_msgs/include/cartographer_ros_msgs/cartographer_ros_msgs/msg/detail/landmark_list__builder.hpp
[1.367s] -- Up-to-date symlink: /home/user/cartographer_ws_docker/install/cartographer_ros_msgs/include/cartographer_ros_msgs/cartographer_ros_msgs/msg/detail/landmark_list__struct.hpp
[1.367s] -- Up-to-date symlink: /home/user/cartographer_ws_docker/install/cartographer_ros_msgs/include/cartographer_ros_msgs/cartographer_ros_msgs/msg/detail/landmark_list__traits.hpp
[1.367s] -- Up-to-date symlink: /home/user/cartographer_ws_docker/install/cartographer_ros_msgs/include/cartographer_ros_msgs/cartographer_ros_msgs/msg/detail/metric__builder.hpp
[1.367s] -- Up-to-date symlink: /home/user/cartographer_ws_docker/install/cartographer_ros_msgs/include/cartographer_ros_msgs/cartographer_ros_msgs/msg/detail/metric__struct.hpp
[1.367s] -- Up-to-date symlink: /home/user/cartographer_ws_docker/install/cartographer_ros_msgs/include/cartographer_ros_msgs/cartographer_ros_msgs/msg/detail/metric__traits.hpp
[1.368s] -- Up-to-date symlink: /home/user/cartographer_ws_docker/install/cartographer_ros_msgs/include/cartographer_ros_msgs/cartographer_ros_msgs/msg/detail/metric_family__builder.hpp
[1.368s] -- Up-to-date symlink: /home/user/cartographer_ws_docker/install/cartographer_ros_msgs/include/cartographer_ros_msgs/cartographer_ros_msgs/msg/detail/metric_family__struct.hpp
[1.368s] -- Up-to-date symlink: /home/user/cartographer_ws_docker/install/cartographer_ros_msgs/include/cartographer_ros_msgs/cartographer_ros_msgs/msg/detail/metric_family__traits.hpp
[1.368s] -- Up-to-date symlink: /home/user/cartographer_ws_docker/install/cartographer_ros_msgs/include/cartographer_ros_msgs/cartographer_ros_msgs/msg/detail/metric_label__builder.hpp
[1.368s] -- Up-to-date symlink: /home/user/cartographer_ws_docker/install/cartographer_ros_msgs/include/cartographer_ros_msgs/cartographer_ros_msgs/msg/detail/metric_label__struct.hpp
[1.368s] -- Up-to-date symlink: /home/user/cartographer_ws_docker/install/cartographer_ros_msgs/include/cartographer_ros_msgs/cartographer_ros_msgs/msg/detail/metric_label__traits.hpp
[1.368s] -- Up-to-date symlink: /home/user/cartographer_ws_docker/install/cartographer_ros_msgs/include/cartographer_ros_msgs/cartographer_ros_msgs/msg/detail/status_code__builder.hpp
[1.369s] -- Up-to-date symlink: /home/user/cartographer_ws_docker/install/cartographer_ros_msgs/include/cartographer_ros_msgs/cartographer_ros_msgs/msg/detail/status_code__struct.hpp
[1.369s] -- Up-to-date symlink: /home/user/cartographer_ws_docker/install/cartographer_ros_msgs/include/cartographer_ros_msgs/cartographer_ros_msgs/msg/detail/status_code__traits.hpp
[1.369s] -- Up-to-date symlink: /home/user/cartographer_ws_docker/install/cartographer_ros_msgs/include/cartographer_ros_msgs/cartographer_ros_msgs/msg/detail/status_response__builder.hpp
[1.369s] -- Up-to-date symlink: /home/user/cartographer_ws_docker/install/cartographer_ros_msgs/include/cartographer_ros_msgs/cartographer_ros_msgs/msg/detail/status_response__struct.hpp
[1.369s] -- Up-to-date symlink: /home/user/cartographer_ws_docker/install/cartographer_ros_msgs/include/cartographer_ros_msgs/cartographer_ros_msgs/msg/detail/status_response__traits.hpp
[1.369s] -- Up-to-date symlink: /home/user/cartographer_ws_docker/install/cartographer_ros_msgs/include/cartographer_ros_msgs/cartographer_ros_msgs/msg/detail/submap_entry__builder.hpp
[1.369s] -- Up-to-date symlink: /home/user/cartographer_ws_docker/install/cartographer_ros_msgs/include/cartographer_ros_msgs/cartographer_ros_msgs/msg/detail/submap_entry__struct.hpp
[1.369s] -- Up-to-date symlink: /home/user/cartographer_ws_docker/install/cartographer_ros_msgs/include/cartographer_ros_msgs/cartographer_ros_msgs/msg/detail/submap_entry__traits.hpp
[1.369s] -- Up-to-date symlink: /home/user/cartographer_ws_docker/install/cartographer_ros_msgs/include/cartographer_ros_msgs/cartographer_ros_msgs/msg/detail/submap_list__builder.hpp
[1.369s] -- Up-to-date symlink: /home/user/cartographer_ws_docker/install/cartographer_ros_msgs/include/cartographer_ros_msgs/cartographer_ros_msgs/msg/detail/submap_list__struct.hpp
[1.369s] -- Up-to-date symlink: /home/user/cartographer_ws_docker/install/cartographer_ros_msgs/include/cartographer_ros_msgs/cartographer_ros_msgs/msg/detail/submap_list__traits.hpp
[1.369s] -- Up-to-date symlink: /home/user/cartographer_ws_docker/install/cartographer_ros_msgs/include/cartographer_ros_msgs/cartographer_ros_msgs/msg/detail/submap_texture__builder.hpp
[1.369s] -- Up-to-date symlink: /home/user/cartographer_ws_docker/install/cartographer_ros_msgs/include/cartographer_ros_msgs/cartographer_ros_msgs/msg/detail/submap_texture__struct.hpp
[1.369s] -- Up-to-date symlink: /home/user/cartographer_ws_docker/install/cartographer_ros_msgs/include/cartographer_ros_msgs/cartographer_ros_msgs/msg/detail/submap_texture__traits.hpp
[1.370s] -- Up-to-date symlink: /home/user/cartographer_ws_docker/install/cartographer_ros_msgs/include/cartographer_ros_msgs/cartographer_ros_msgs/msg/detail/trajectory_states__builder.hpp
[1.370s] -- Up-to-date symlink: /home/user/cartographer_ws_docker/install/cartographer_ros_msgs/include/cartographer_ros_msgs/cartographer_ros_msgs/msg/detail/trajectory_states__struct.hpp
[1.370s] -- Up-to-date symlink: /home/user/cartographer_ws_docker/install/cartographer_ros_msgs/include/cartographer_ros_msgs/cartographer_ros_msgs/msg/detail/trajectory_states__traits.hpp
[1.370s] -- Up-to-date symlink: /home/user/cartographer_ws_docker/install/cartographer_ros_msgs/include/cartographer_ros_msgs/cartographer_ros_msgs/msg/histogram_bucket.hpp
[1.370s] -- Up-to-date symlink: /home/user/cartographer_ws_docker/install/cartographer_ros_msgs/include/cartographer_ros_msgs/cartographer_ros_msgs/msg/landmark_entry.hpp
[1.370s] -- Up-to-date symlink: /home/user/cartographer_ws_docker/install/cartographer_ros_msgs/include/cartographer_ros_msgs/cartographer_ros_msgs/msg/landmark_list.hpp
[1.370s] -- Up-to-date symlink: /home/user/cartographer_ws_docker/install/cartographer_ros_msgs/include/cartographer_ros_msgs/cartographer_ros_msgs/msg/metric.hpp
[1.370s] -- Up-to-date symlink: /home/user/cartographer_ws_docker/install/cartographer_ros_msgs/include/cartographer_ros_msgs/cartographer_ros_msgs/msg/metric_family.hpp
[1.370s] -- Up-to-date symlink: /home/user/cartographer_ws_docker/install/cartographer_ros_msgs/include/cartographer_ros_msgs/cartographer_ros_msgs/msg/metric_label.hpp
[1.370s] -- Up-to-date symlink: /home/user/cartographer_ws_docker/install/cartographer_ros_msgs/include/cartographer_ros_msgs/cartographer_ros_msgs/msg/status_code.hpp
[1.370s] -- Up-to-date symlink: /home/user/cartographer_ws_docker/install/cartographer_ros_msgs/include/cartographer_ros_msgs/cartographer_ros_msgs/msg/status_response.hpp
[1.370s] -- Up-to-date symlink: /home/user/cartographer_ws_docker/install/cartographer_ros_msgs/include/cartographer_ros_msgs/cartographer_ros_msgs/msg/submap_entry.hpp
[1.371s] -- Up-to-date symlink: /home/user/cartographer_ws_docker/install/cartographer_ros_msgs/include/cartographer_ros_msgs/cartographer_ros_msgs/msg/submap_list.hpp
[1.371s] -- Up-to-date symlink: /home/user/cartographer_ws_docker/install/cartographer_ros_msgs/include/cartographer_ros_msgs/cartographer_ros_msgs/msg/submap_texture.hpp
[1.371s] -- Up-to-date symlink: /home/user/cartographer_ws_docker/install/cartographer_ros_msgs/include/cartographer_ros_msgs/cartographer_ros_msgs/msg/trajectory_states.hpp
[1.371s] -- Up-to-date symlink: /home/user/cartographer_ws_docker/install/cartographer_ros_msgs/include/cartographer_ros_msgs/cartographer_ros_msgs/srv/detail/finish_trajectory__builder.hpp
[1.371s] -- Up-to-date symlink: /home/user/cartographer_ws_docker/install/cartographer_ros_msgs/include/cartographer_ros_msgs/cartographer_ros_msgs/srv/detail/finish_trajectory__struct.hpp
[1.371s] -- Up-to-date symlink: /home/user/cartographer_ws_docker/install/cartographer_ros_msgs/include/cartographer_ros_msgs/cartographer_ros_msgs/srv/detail/finish_trajectory__traits.hpp
[1.371s] -- Up-to-date symlink: /home/user/cartographer_ws_docker/install/cartographer_ros_msgs/include/cartographer_ros_msgs/cartographer_ros_msgs/srv/detail/get_trajectory_states__builder.hpp
[1.371s] -- Up-to-date symlink: /home/user/cartographer_ws_docker/install/cartographer_ros_msgs/include/cartographer_ros_msgs/cartographer_ros_msgs/srv/detail/get_trajectory_states__struct.hpp
[1.371s] -- Up-to-date symlink: /home/user/cartographer_ws_docker/install/cartographer_ros_msgs/include/cartographer_ros_msgs/cartographer_ros_msgs/srv/detail/get_trajectory_states__traits.hpp
[1.371s] -- Up-to-date symlink: /home/user/cartographer_ws_docker/install/cartographer_ros_msgs/include/cartographer_ros_msgs/cartographer_ros_msgs/srv/detail/read_metrics__builder.hpp
[1.371s] -- Up-to-date symlink: /home/user/cartographer_ws_docker/install/cartographer_ros_msgs/include/cartographer_ros_msgs/cartographer_ros_msgs/srv/detail/read_metrics__struct.hpp
[1.372s] -- Up-to-date symlink: /home/user/cartographer_ws_docker/install/cartographer_ros_msgs/include/cartographer_ros_msgs/cartographer_ros_msgs/srv/detail/read_metrics__traits.hpp
[1.372s] -- Up-to-date symlink: /home/user/cartographer_ws_docker/install/cartographer_ros_msgs/include/cartographer_ros_msgs/cartographer_ros_msgs/srv/detail/start_trajectory__builder.hpp
[1.372s] -- Up-to-date symlink: /home/user/cartographer_ws_docker/install/cartographer_ros_msgs/include/cartographer_ros_msgs/cartographer_ros_msgs/srv/detail/start_trajectory__struct.hpp
[1.372s] -- Up-to-date symlink: /home/user/cartographer_ws_docker/install/cartographer_ros_msgs/include/cartographer_ros_msgs/cartographer_ros_msgs/srv/detail/start_trajectory__traits.hpp
[1.372s] -- Up-to-date symlink: /home/user/cartographer_ws_docker/install/cartographer_ros_msgs/include/cartographer_ros_msgs/cartographer_ros_msgs/srv/detail/submap_query__builder.hpp
[1.372s] -- Up-to-date symlink: /home/user/cartographer_ws_docker/install/cartographer_ros_msgs/include/cartographer_ros_msgs/cartographer_ros_msgs/srv/detail/submap_query__struct.hpp
[1.372s] -- Up-to-date symlink: /home/user/cartographer_ws_docker/install/cartographer_ros_msgs/include/cartographer_ros_msgs/cartographer_ros_msgs/srv/detail/submap_query__traits.hpp
[1.372s] -- Up-to-date symlink: /home/user/cartographer_ws_docker/install/cartographer_ros_msgs/include/cartographer_ros_msgs/cartographer_ros_msgs/srv/detail/trajectory_query__builder.hpp
[1.372s] -- Up-to-date symlink: /home/user/cartographer_ws_docker/install/cartographer_ros_msgs/include/cartographer_ros_msgs/cartographer_ros_msgs/srv/detail/trajectory_query__struct.hpp
[1.372s] -- Up-to-date symlink: /home/user/cartographer_ws_docker/install/cartographer_ros_msgs/include/cartographer_ros_msgs/cartographer_ros_msgs/srv/detail/trajectory_query__traits.hpp
[1.372s] -- Up-to-date symlink: /home/user/cartographer_ws_docker/install/cartographer_ros_msgs/include/cartographer_ros_msgs/cartographer_ros_msgs/srv/detail/write_state__builder.hpp
[1.372s] -- Up-to-date symlink: /home/user/cartographer_ws_docker/install/cartographer_ros_msgs/include/cartographer_ros_msgs/cartographer_ros_msgs/srv/detail/write_state__struct.hpp
[1.372s] -- Up-to-date symlink: /home/user/cartographer_ws_docker/install/cartographer_ros_msgs/include/cartographer_ros_msgs/cartographer_ros_msgs/srv/detail/write_state__traits.hpp
[1.372s] -- Up-to-date symlink: /home/user/cartographer_ws_docker/install/cartographer_ros_msgs/include/cartographer_ros_msgs/cartographer_ros_msgs/srv/finish_trajectory.hpp
[1.373s] -- Up-to-date symlink: /home/user/cartographer_ws_docker/install/cartographer_ros_msgs/include/cartographer_ros_msgs/cartographer_ros_msgs/srv/get_trajectory_states.hpp
[1.373s] -- Up-to-date symlink: /home/user/cartographer_ws_docker/install/cartographer_ros_msgs/include/cartographer_ros_msgs/cartographer_ros_msgs/srv/read_metrics.hpp
[1.373s] -- Up-to-date symlink: /home/user/cartographer_ws_docker/install/cartographer_ros_msgs/include/cartographer_ros_msgs/cartographer_ros_msgs/srv/start_trajectory.hpp
[1.373s] -- Up-to-date symlink: /home/user/cartographer_ws_docker/install/cartographer_ros_msgs/include/cartographer_ros_msgs/cartographer_ros_msgs/srv/submap_query.hpp
[1.373s] -- Up-to-date symlink: /home/user/cartographer_ws_docker/install/cartographer_ros_msgs/include/cartographer_ros_msgs/cartographer_ros_msgs/srv/trajectory_query.hpp
[1.373s] -- Up-to-date symlink: /home/user/cartographer_ws_docker/install/cartographer_ros_msgs/include/cartographer_ros_msgs/cartographer_ros_msgs/srv/write_state.hpp
[1.373s] -- Up-to-date symlink: /home/user/cartographer_ws_docker/install/cartographer_ros_msgs/include/cartographer_ros_msgs/cartographer_ros_msgs/msg/detail/bagfile_progress__rosidl_typesupport_fastrtps_cpp.hpp
[1.373s] -- Up-to-date symlink: /home/user/cartographer_ws_docker/install/cartographer_ros_msgs/include/cartographer_ros_msgs/cartographer_ros_msgs/msg/detail/histogram_bucket__rosidl_typesupport_fastrtps_cpp.hpp
[1.373s] -- Up-to-date symlink: /home/user/cartographer_ws_docker/install/cartographer_ros_msgs/include/cartographer_ros_msgs/cartographer_ros_msgs/msg/detail/landmark_entry__rosidl_typesupport_fastrtps_cpp.hpp
[1.373s] -- Up-to-date symlink: /home/user/cartographer_ws_docker/install/cartographer_ros_msgs/include/cartographer_ros_msgs/cartographer_ros_msgs/msg/detail/landmark_list__rosidl_typesupport_fastrtps_cpp.hpp
[1.373s] -- Up-to-date symlink: /home/user/cartographer_ws_docker/install/cartographer_ros_msgs/include/cartographer_ros_msgs/cartographer_ros_msgs/msg/detail/metric__rosidl_typesupport_fastrtps_cpp.hpp
[1.373s] -- Up-to-date symlink: /home/user/cartographer_ws_docker/install/cartographer_ros_msgs/include/cartographer_ros_msgs/cartographer_ros_msgs/msg/detail/metric_family__rosidl_typesupport_fastrtps_cpp.hpp
[1.374s] -- Up-to-date symlink: /home/user/cartographer_ws_docker/install/cartographer_ros_msgs/include/cartographer_ros_msgs/cartographer_ros_msgs/msg/detail/metric_label__rosidl_typesupport_fastrtps_cpp.hpp
[1.374s] -- Up-to-date symlink: /home/user/cartographer_ws_docker/install/cartographer_ros_msgs/include/cartographer_ros_msgs/cartographer_ros_msgs/msg/detail/status_code__rosidl_typesupport_fastrtps_cpp.hpp
[1.374s] -- Up-to-date symlink: /home/user/cartographer_ws_docker/install/cartographer_ros_msgs/include/cartographer_ros_msgs/cartographer_ros_msgs/msg/detail/status_response__rosidl_typesupport_fastrtps_cpp.hpp
[1.374s] -- Up-to-date symlink: /home/user/cartographer_ws_docker/install/cartographer_ros_msgs/include/cartographer_ros_msgs/cartographer_ros_msgs/msg/detail/submap_entry__rosidl_typesupport_fastrtps_cpp.hpp
[1.374s] -- Up-to-date symlink: /home/user/cartographer_ws_docker/install/cartographer_ros_msgs/include/cartographer_ros_msgs/cartographer_ros_msgs/msg/detail/submap_list__rosidl_typesupport_fastrtps_cpp.hpp
[1.374s] -- Up-to-date symlink: /home/user/cartographer_ws_docker/install/cartographer_ros_msgs/include/cartographer_ros_msgs/cartographer_ros_msgs/msg/detail/submap_texture__rosidl_typesupport_fastrtps_cpp.hpp
[1.374s] -- Up-to-date symlink: /home/user/cartographer_ws_docker/install/cartographer_ros_msgs/include/cartographer_ros_msgs/cartographer_ros_msgs/msg/detail/trajectory_states__rosidl_typesupport_fastrtps_cpp.hpp
[1.374s] -- Up-to-date symlink: /home/user/cartographer_ws_docker/install/cartographer_ros_msgs/include/cartographer_ros_msgs/cartographer_ros_msgs/msg/rosidl_typesupport_fastrtps_cpp__visibility_control.h
[1.374s] -- Up-to-date symlink: /home/user/cartographer_ws_docker/install/cartographer_ros_msgs/include/cartographer_ros_msgs/cartographer_ros_msgs/srv/detail/finish_trajectory__rosidl_typesupport_fastrtps_cpp.hpp
[1.375s] -- Up-to-date symlink: /home/user/cartographer_ws_docker/install/cartographer_ros_msgs/include/cartographer_ros_msgs/cartographer_ros_msgs/srv/detail/get_trajectory_states__rosidl_typesupport_fastrtps_cpp.hpp
[1.375s] -- Up-to-date symlink: /home/user/cartographer_ws_docker/install/cartographer_ros_msgs/include/cartographer_ros_msgs/cartographer_ros_msgs/srv/detail/read_metrics__rosidl_typesupport_fastrtps_cpp.hpp
[1.375s] -- Up-to-date symlink: /home/user/cartographer_ws_docker/install/cartographer_ros_msgs/include/cartographer_ros_msgs/cartographer_ros_msgs/srv/detail/start_trajectory__rosidl_typesupport_fastrtps_cpp.hpp
[1.375s] -- Up-to-date symlink: /home/user/cartographer_ws_docker/install/cartographer_ros_msgs/include/cartographer_ros_msgs/cartographer_ros_msgs/srv/detail/submap_query__rosidl_typesupport_fastrtps_cpp.hpp
[1.375s] -- Up-to-date symlink: /home/user/cartographer_ws_docker/install/cartographer_ros_msgs/include/cartographer_ros_msgs/cartographer_ros_msgs/srv/detail/trajectory_query__rosidl_typesupport_fastrtps_cpp.hpp
[1.375s] -- Up-to-date symlink: /home/user/cartographer_ws_docker/install/cartographer_ros_msgs/include/cartographer_ros_msgs/cartographer_ros_msgs/srv/detail/write_state__rosidl_typesupport_fastrtps_cpp.hpp
[1.375s] -- Up-to-date symlink: /home/user/cartographer_ws_docker/install/cartographer_ros_msgs/include/cartographer_ros_msgs/cartographer_ros_msgs/msg/detail/bagfile_progress__rosidl_typesupport_introspection_cpp.hpp
[1.375s] -- Up-to-date symlink: /home/user/cartographer_ws_docker/install/cartographer_ros_msgs/include/cartographer_ros_msgs/cartographer_ros_msgs/msg/detail/histogram_bucket__rosidl_typesupport_introspection_cpp.hpp
[1.375s] -- Up-to-date symlink: /home/user/cartographer_ws_docker/install/cartographer_ros_msgs/include/cartographer_ros_msgs/cartographer_ros_msgs/msg/detail/landmark_entry__rosidl_typesupport_introspection_cpp.hpp
[1.375s] -- Up-to-date symlink: /home/user/cartographer_ws_docker/install/cartographer_ros_msgs/include/cartographer_ros_msgs/cartographer_ros_msgs/msg/detail/landmark_list__rosidl_typesupport_introspection_cpp.hpp
[1.375s] -- Up-to-date symlink: /home/user/cartographer_ws_docker/install/cartographer_ros_msgs/include/cartographer_ros_msgs/cartographer_ros_msgs/msg/detail/metric__rosidl_typesupport_introspection_cpp.hpp
[1.375s] -- Up-to-date symlink: /home/user/cartographer_ws_docker/install/cartographer_ros_msgs/include/cartographer_ros_msgs/cartographer_ros_msgs/msg/detail/metric_family__rosidl_typesupport_introspection_cpp.hpp
[1.376s] -- Up-to-date symlink: /home/user/cartographer_ws_docker/install/cartographer_ros_msgs/include/cartographer_ros_msgs/cartographer_ros_msgs/msg/detail/metric_label__rosidl_typesupport_introspection_cpp.hpp
[1.376s] -- Up-to-date symlink: /home/user/cartographer_ws_docker/install/cartographer_ros_msgs/include/cartographer_ros_msgs/cartographer_ros_msgs/msg/detail/status_code__rosidl_typesupport_introspection_cpp.hpp
[1.376s] -- Up-to-date symlink: /home/user/cartographer_ws_docker/install/cartographer_ros_msgs/include/cartographer_ros_msgs/cartographer_ros_msgs/msg/detail/status_response__rosidl_typesupport_introspection_cpp.hpp
[1.376s] -- Up-to-date symlink: /home/user/cartographer_ws_docker/install/cartographer_ros_msgs/include/cartographer_ros_msgs/cartographer_ros_msgs/msg/detail/submap_entry__rosidl_typesupport_introspection_cpp.hpp
[1.376s] -- Up-to-date symlink: /home/user/cartographer_ws_docker/install/cartographer_ros_msgs/include/cartographer_ros_msgs/cartographer_ros_msgs/msg/detail/submap_list__rosidl_typesupport_introspection_cpp.hpp
[1.376s] -- Up-to-date symlink: /home/user/cartographer_ws_docker/install/cartographer_ros_msgs/include/cartographer_ros_msgs/cartographer_ros_msgs/msg/detail/submap_texture__rosidl_typesupport_introspection_cpp.hpp
[1.376s] -- Up-to-date symlink: /home/user/cartographer_ws_docker/install/cartographer_ros_msgs/include/cartographer_ros_msgs/cartographer_ros_msgs/msg/detail/trajectory_states__rosidl_typesupport_introspection_cpp.hpp
[1.376s] -- Up-to-date symlink: /home/user/cartographer_ws_docker/install/cartographer_ros_msgs/include/cartographer_ros_msgs/cartographer_ros_msgs/srv/detail/finish_trajectory__rosidl_typesupport_introspection_cpp.hpp
[1.376s] -- Up-to-date symlink: /home/user/cartographer_ws_docker/install/cartographer_ros_msgs/include/cartographer_ros_msgs/cartographer_ros_msgs/srv/detail/get_trajectory_states__rosidl_typesupport_introspection_cpp.hpp
[1.376s] -- Up-to-date symlink: /home/user/cartographer_ws_docker/install/cartographer_ros_msgs/include/cartographer_ros_msgs/cartographer_ros_msgs/srv/detail/read_metrics__rosidl_typesupport_introspection_cpp.hpp
[1.376s] -- Up-to-date symlink: /home/user/cartographer_ws_docker/install/cartographer_ros_msgs/include/cartographer_ros_msgs/cartographer_ros_msgs/srv/detail/start_trajectory__rosidl_typesupport_introspection_cpp.hpp
[1.377s] -- Up-to-date symlink: /home/user/cartographer_ws_docker/install/cartographer_ros_msgs/include/cartographer_ros_msgs/cartographer_ros_msgs/srv/detail/submap_query__rosidl_typesupport_introspection_cpp.hpp
[1.377s] -- Up-to-date symlink: /home/user/cartographer_ws_docker/install/cartographer_ros_msgs/include/cartographer_ros_msgs/cartographer_ros_msgs/srv/detail/trajectory_query__rosidl_typesupport_introspection_cpp.hpp
[1.377s] -- Up-to-date symlink: /home/user/cartographer_ws_docker/install/cartographer_ros_msgs/include/cartographer_ros_msgs/cartographer_ros_msgs/srv/detail/write_state__rosidl_typesupport_introspection_cpp.hpp
[1.377s] -- Up-to-date symlink: /home/user/cartographer_ws_docker/install/cartographer_ros_msgs/share/cartographer_ros_msgs/environment/pythonpath.sh
[1.377s] -- Up-to-date symlink: /home/user/cartographer_ws_docker/install/cartographer_ros_msgs/share/cartographer_ros_msgs/environment/pythonpath.dsv
[1.377s] -- Up-to-date symlink: /home/user/cartographer_ws_docker/install/cartographer_ros_msgs/local/lib/python3.10/dist-packages/cartographer_ros_msgs-2.0.9003-py3.10.egg-info/PKG-INFO
[1.377s] -- Up-to-date symlink: /home/user/cartographer_ws_docker/install/cartographer_ros_msgs/local/lib/python3.10/dist-packages/cartographer_ros_msgs-2.0.9003-py3.10.egg-info/SOURCES.txt
[1.377s] -- Up-to-date symlink: /home/user/cartographer_ws_docker/install/cartographer_ros_msgs/local/lib/python3.10/dist-packages/cartographer_ros_msgs-2.0.9003-py3.10.egg-info/dependency_links.txt
[1.377s] -- Up-to-date symlink: /home/user/cartographer_ws_docker/install/cartographer_ros_msgs/local/lib/python3.10/dist-packages/cartographer_ros_msgs-2.0.9003-py3.10.egg-info/top_level.txt
[1.377s] -- Up-to-date symlink: /home/user/cartographer_ws_docker/install/cartographer_ros_msgs/local/lib/python3.10/dist-packages/cartographer_ros_msgs/__init__.py
[1.377s] -- Up-to-date symlink: /home/user/cartographer_ws_docker/install/cartographer_ros_msgs/local/lib/python3.10/dist-packages/cartographer_ros_msgs/_cartographer_ros_msgs_s.ep.rosidl_typesupport_c.c
[1.378s] -- Up-to-date symlink: /home/user/cartographer_ws_docker/install/cartographer_ros_msgs/local/lib/python3.10/dist-packages/cartographer_ros_msgs/_cartographer_ros_msgs_s.ep.rosidl_typesupport_fastrtps_c.c
[1.378s] -- Up-to-date symlink: /home/user/cartographer_ws_docker/install/cartographer_ros_msgs/local/lib/python3.10/dist-packages/cartographer_ros_msgs/_cartographer_ros_msgs_s.ep.rosidl_typesupport_introspection_c.c
[1.378s] -- Up-to-date symlink: /home/user/cartographer_ws_docker/install/cartographer_ros_msgs/local/lib/python3.10/dist-packages/cartographer_ros_msgs/cartographer_ros_msgs_s__rosidl_typesupport_c.cpython-310-x86_64-linux-gnu.so
[1.378s] -- Up-to-date symlink: /home/user/cartographer_ws_docker/install/cartographer_ros_msgs/local/lib/python3.10/dist-packages/cartographer_ros_msgs/cartographer_ros_msgs_s__rosidl_typesupport_fastrtps_c.cpython-310-x86_64-linux-gnu.so
[1.378s] -- Up-to-date symlink: /home/user/cartographer_ws_docker/install/cartographer_ros_msgs/local/lib/python3.10/dist-packages/cartographer_ros_msgs/cartographer_ros_msgs_s__rosidl_typesupport_introspection_c.cpython-310-x86_64-linux-gnu.so
[1.378s] -- Up-to-date symlink: /home/user/cartographer_ws_docker/install/cartographer_ros_msgs/local/lib/python3.10/dist-packages/cartographer_ros_msgs/libcartographer_ros_msgs__rosidl_generator_py.so
[1.378s] -- Up-to-date symlink: /home/user/cartographer_ws_docker/install/cartographer_ros_msgs/local/lib/python3.10/dist-packages/cartographer_ros_msgs/msg/__init__.py
[1.378s] -- Up-to-date symlink: /home/user/cartographer_ws_docker/install/cartographer_ros_msgs/local/lib/python3.10/dist-packages/cartographer_ros_msgs/msg/_bagfile_progress.py
[1.378s] -- Up-to-date symlink: /home/user/cartographer_ws_docker/install/cartographer_ros_msgs/local/lib/python3.10/dist-packages/cartographer_ros_msgs/msg/_bagfile_progress_s.c
[1.378s] -- Up-to-date symlink: /home/user/cartographer_ws_docker/install/cartographer_ros_msgs/local/lib/python3.10/dist-packages/cartographer_ros_msgs/msg/_histogram_bucket.py
[1.378s] -- Up-to-date symlink: /home/user/cartographer_ws_docker/install/cartographer_ros_msgs/local/lib/python3.10/dist-packages/cartographer_ros_msgs/msg/_histogram_bucket_s.c
[1.378s] -- Up-to-date symlink: /home/user/cartographer_ws_docker/install/cartographer_ros_msgs/local/lib/python3.10/dist-packages/cartographer_ros_msgs/msg/_landmark_entry.py
[1.379s] -- Up-to-date symlink: /home/user/cartographer_ws_docker/install/cartographer_ros_msgs/local/lib/python3.10/dist-packages/cartographer_ros_msgs/msg/_landmark_entry_s.c
[1.379s] -- Up-to-date symlink: /home/user/cartographer_ws_docker/install/cartographer_ros_msgs/local/lib/python3.10/dist-packages/cartographer_ros_msgs/msg/_landmark_list.py
[1.379s] -- Up-to-date symlink: /home/user/cartographer_ws_docker/install/cartographer_ros_msgs/local/lib/python3.10/dist-packages/cartographer_ros_msgs/msg/_landmark_list_s.c
[1.379s] -- Up-to-date symlink: /home/user/cartographer_ws_docker/install/cartographer_ros_msgs/local/lib/python3.10/dist-packages/cartographer_ros_msgs/msg/_metric.py
[1.379s] -- Up-to-date symlink: /home/user/cartographer_ws_docker/install/cartographer_ros_msgs/local/lib/python3.10/dist-packages/cartographer_ros_msgs/msg/_metric_family.py
[1.379s] -- Up-to-date symlink: /home/user/cartographer_ws_docker/install/cartographer_ros_msgs/local/lib/python3.10/dist-packages/cartographer_ros_msgs/msg/_metric_family_s.c
[1.379s] -- Up-to-date symlink: /home/user/cartographer_ws_docker/install/cartographer_ros_msgs/local/lib/python3.10/dist-packages/cartographer_ros_msgs/msg/_metric_label.py
[1.379s] -- Up-to-date symlink: /home/user/cartographer_ws_docker/install/cartographer_ros_msgs/local/lib/python3.10/dist-packages/cartographer_ros_msgs/msg/_metric_label_s.c
[1.379s] -- Up-to-date symlink: /home/user/cartographer_ws_docker/install/cartographer_ros_msgs/local/lib/python3.10/dist-packages/cartographer_ros_msgs/msg/_metric_s.c
[1.379s] -- Up-to-date symlink: /home/user/cartographer_ws_docker/install/cartographer_ros_msgs/local/lib/python3.10/dist-packages/cartographer_ros_msgs/msg/_status_code.py
[1.379s] -- Up-to-date symlink: /home/user/cartographer_ws_docker/install/cartographer_ros_msgs/local/lib/python3.10/dist-packages/cartographer_ros_msgs/msg/_status_code_s.c
[1.379s] -- Up-to-date symlink: /home/user/cartographer_ws_docker/install/cartographer_ros_msgs/local/lib/python3.10/dist-packages/cartographer_ros_msgs/msg/_status_response.py
[1.379s] -- Up-to-date symlink: /home/user/cartographer_ws_docker/install/cartographer_ros_msgs/local/lib/python3.10/dist-packages/cartographer_ros_msgs/msg/_status_response_s.c
[1.379s] -- Up-to-date symlink: /home/user/cartographer_ws_docker/install/cartographer_ros_msgs/local/lib/python3.10/dist-packages/cartographer_ros_msgs/msg/_submap_entry.py
[1.380s] -- Up-to-date symlink: /home/user/cartographer_ws_docker/install/cartographer_ros_msgs/local/lib/python3.10/dist-packages/cartographer_ros_msgs/msg/_submap_entry_s.c
[1.380s] -- Up-to-date symlink: /home/user/cartographer_ws_docker/install/cartographer_ros_msgs/local/lib/python3.10/dist-packages/cartographer_ros_msgs/msg/_submap_list.py
[1.380s] -- Up-to-date symlink: /home/user/cartographer_ws_docker/install/cartographer_ros_msgs/local/lib/python3.10/dist-packages/cartographer_ros_msgs/msg/_submap_list_s.c
[1.380s] -- Up-to-date symlink: /home/user/cartographer_ws_docker/install/cartographer_ros_msgs/local/lib/python3.10/dist-packages/cartographer_ros_msgs/msg/_submap_texture.py
[1.380s] -- Up-to-date symlink: /home/user/cartographer_ws_docker/install/cartographer_ros_msgs/local/lib/python3.10/dist-packages/cartographer_ros_msgs/msg/_submap_texture_s.c
[1.380s] -- Up-to-date symlink: /home/user/cartographer_ws_docker/install/cartographer_ros_msgs/local/lib/python3.10/dist-packages/cartographer_ros_msgs/msg/_trajectory_states.py
[1.380s] -- Up-to-date symlink: /home/user/cartographer_ws_docker/install/cartographer_ros_msgs/local/lib/python3.10/dist-packages/cartographer_ros_msgs/msg/_trajectory_states_s.c
[1.380s] -- Up-to-date symlink: /home/user/cartographer_ws_docker/install/cartographer_ros_msgs/local/lib/python3.10/dist-packages/cartographer_ros_msgs/srv/__init__.py
[1.381s] -- Up-to-date symlink: /home/user/cartographer_ws_docker/install/cartographer_ros_msgs/local/lib/python3.10/dist-packages/cartographer_ros_msgs/srv/_finish_trajectory.py
[1.382s] -- Up-to-date symlink: /home/user/cartographer_ws_docker/install/cartographer_ros_msgs/local/lib/python3.10/dist-packages/cartographer_ros_msgs/srv/_finish_trajectory_s.c
[1.382s] -- Up-to-date symlink: /home/user/cartographer_ws_docker/install/cartographer_ros_msgs/local/lib/python3.10/dist-packages/cartographer_ros_msgs/srv/_get_trajectory_states.py
[1.382s] -- Up-to-date symlink: /home/user/cartographer_ws_docker/install/cartographer_ros_msgs/local/lib/python3.10/dist-packages/cartographer_ros_msgs/srv/_get_trajectory_states_s.c
[1.382s] -- Up-to-date symlink: /home/user/cartographer_ws_docker/install/cartographer_ros_msgs/local/lib/python3.10/dist-packages/cartographer_ros_msgs/srv/_read_metrics.py
[1.382s] -- Up-to-date symlink: /home/user/cartographer_ws_docker/install/cartographer_ros_msgs/local/lib/python3.10/dist-packages/cartographer_ros_msgs/srv/_read_metrics_s.c
[1.382s] -- Up-to-date symlink: /home/user/cartographer_ws_docker/install/cartographer_ros_msgs/local/lib/python3.10/dist-packages/cartographer_ros_msgs/srv/_start_trajectory.py
[1.382s] -- Up-to-date symlink: /home/user/cartographer_ws_docker/install/cartographer_ros_msgs/local/lib/python3.10/dist-packages/cartographer_ros_msgs/srv/_start_trajectory_s.c
[1.382s] -- Up-to-date symlink: /home/user/cartographer_ws_docker/install/cartographer_ros_msgs/local/lib/python3.10/dist-packages/cartographer_ros_msgs/srv/_submap_query.py
[1.383s] -- Up-to-date symlink: /home/user/cartographer_ws_docker/install/cartographer_ros_msgs/local/lib/python3.10/dist-packages/cartographer_ros_msgs/srv/_submap_query_s.c
[1.383s] -- Up-to-date symlink: /home/user/cartographer_ws_docker/install/cartographer_ros_msgs/local/lib/python3.10/dist-packages/cartographer_ros_msgs/srv/_trajectory_query.py
[1.383s] -- Up-to-date symlink: /home/user/cartographer_ws_docker/install/cartographer_ros_msgs/local/lib/python3.10/dist-packages/cartographer_ros_msgs/srv/_trajectory_query_s.c
[1.383s] -- Up-to-date symlink: /home/user/cartographer_ws_docker/install/cartographer_ros_msgs/local/lib/python3.10/dist-packages/cartographer_ros_msgs/srv/_write_state.py
[1.383s] -- Up-to-date symlink: /home/user/cartographer_ws_docker/install/cartographer_ros_msgs/local/lib/python3.10/dist-packages/cartographer_ros_msgs/srv/_write_state_s.c
[1.383s] -- Up-to-date symlink: /home/user/cartographer_ws_docker/install/cartographer_ros_msgs/local/lib/python3.10/dist-packages/cartographer_ros_msgs/cartographer_ros_msgs_s__rosidl_typesupport_fastrtps_c.cpython-310-x86_64-linux-gnu.so
[1.383s] -- Up-to-date symlink: /home/user/cartographer_ws_docker/install/cartographer_ros_msgs/local/lib/python3.10/dist-packages/cartographer_ros_msgs/cartographer_ros_msgs_s__rosidl_typesupport_introspection_c.cpython-310-x86_64-linux-gnu.so
[1.383s] -- Up-to-date symlink: /home/user/cartographer_ws_docker/install/cartographer_ros_msgs/local/lib/python3.10/dist-packages/cartographer_ros_msgs/cartographer_ros_msgs_s__rosidl_typesupport_c.cpython-310-x86_64-linux-gnu.so
[1.383s] -- Up-to-date symlink: /home/user/cartographer_ws_docker/install/cartographer_ros_msgs/share/cartographer_ros_msgs/msg/BagfileProgress.idl
[1.383s] -- Up-to-date symlink: /home/user/cartographer_ws_docker/install/cartographer_ros_msgs/share/cartographer_ros_msgs/msg/HistogramBucket.idl
[1.383s] -- Up-to-date symlink: /home/user/cartographer_ws_docker/install/cartographer_ros_msgs/share/cartographer_ros_msgs/msg/LandmarkEntry.idl
[1.383s] -- Up-to-date symlink: /home/user/cartographer_ws_docker/install/cartographer_ros_msgs/share/cartographer_ros_msgs/msg/LandmarkList.idl
[1.383s] -- Up-to-date symlink: /home/user/cartographer_ws_docker/install/cartographer_ros_msgs/share/cartographer_ros_msgs/msg/MetricFamily.idl
[1.384s] -- Up-to-date symlink: /home/user/cartographer_ws_docker/install/cartographer_ros_msgs/share/cartographer_ros_msgs/msg/MetricLabel.idl
[1.384s] -- Up-to-date symlink: /home/user/cartographer_ws_docker/install/cartographer_ros_msgs/share/cartographer_ros_msgs/msg/Metric.idl
[1.384s] -- Up-to-date symlink: /home/user/cartographer_ws_docker/install/cartographer_ros_msgs/share/cartographer_ros_msgs/msg/StatusCode.idl
[1.384s] -- Up-to-date symlink: /home/user/cartographer_ws_docker/install/cartographer_ros_msgs/share/cartographer_ros_msgs/msg/StatusResponse.idl
[1.384s] -- Up-to-date symlink: /home/user/cartographer_ws_docker/install/cartographer_ros_msgs/share/cartographer_ros_msgs/msg/SubmapEntry.idl
[1.384s] -- Up-to-date symlink: /home/user/cartographer_ws_docker/install/cartographer_ros_msgs/share/cartographer_ros_msgs/msg/SubmapList.idl
[1.384s] -- Up-to-date symlink: /home/user/cartographer_ws_docker/install/cartographer_ros_msgs/share/cartographer_ros_msgs/msg/SubmapTexture.idl
[1.384s] -- Up-to-date symlink: /home/user/cartographer_ws_docker/install/cartographer_ros_msgs/share/cartographer_ros_msgs/msg/TrajectoryStates.idl
[1.384s] -- Up-to-date symlink: /home/user/cartographer_ws_docker/install/cartographer_ros_msgs/share/cartographer_ros_msgs/srv/FinishTrajectory.idl
[1.385s] -- Up-to-date symlink: /home/user/cartographer_ws_docker/install/cartographer_ros_msgs/share/cartographer_ros_msgs/srv/GetTrajectoryStates.idl
[1.385s] -- Up-to-date symlink: /home/user/cartographer_ws_docker/install/cartographer_ros_msgs/share/cartographer_ros_msgs/srv/ReadMetrics.idl
[1.385s] -- Up-to-date symlink: /home/user/cartographer_ws_docker/install/cartographer_ros_msgs/share/cartographer_ros_msgs/srv/StartTrajectory.idl
[1.385s] -- Up-to-date symlink: /home/user/cartographer_ws_docker/install/cartographer_ros_msgs/share/cartographer_ros_msgs/srv/TrajectoryQuery.idl
[1.385s] -- Up-to-date symlink: /home/user/cartographer_ws_docker/install/cartographer_ros_msgs/share/cartographer_ros_msgs/srv/SubmapQuery.idl
[1.385s] -- Up-to-date symlink: /home/user/cartographer_ws_docker/install/cartographer_ros_msgs/share/cartographer_ros_msgs/srv/WriteState.idl
[1.385s] -- Up-to-date symlink: /home/user/cartographer_ws_docker/install/cartographer_ros_msgs/share/cartographer_ros_msgs/msg/BagfileProgress.msg
[1.385s] -- Up-to-date symlink: /home/user/cartographer_ws_docker/install/cartographer_ros_msgs/share/cartographer_ros_msgs/msg/HistogramBucket.msg
[1.385s] -- Up-to-date symlink: /home/user/cartographer_ws_docker/install/cartographer_ros_msgs/share/cartographer_ros_msgs/msg/LandmarkEntry.msg
[1.385s] -- Up-to-date symlink: /home/user/cartographer_ws_docker/install/cartographer_ros_msgs/share/cartographer_ros_msgs/msg/LandmarkList.msg
[1.385s] -- Up-to-date symlink: /home/user/cartographer_ws_docker/install/cartographer_ros_msgs/share/cartographer_ros_msgs/msg/MetricFamily.msg
[1.386s] -- Up-to-date symlink: /home/user/cartographer_ws_docker/install/cartographer_ros_msgs/share/cartographer_ros_msgs/msg/MetricLabel.msg
[1.386s] -- Up-to-date symlink: /home/user/cartographer_ws_docker/install/cartographer_ros_msgs/share/cartographer_ros_msgs/msg/Metric.msg
[1.386s] -- Up-to-date symlink: /home/user/cartographer_ws_docker/install/cartographer_ros_msgs/share/cartographer_ros_msgs/msg/StatusCode.msg
[1.386s] -- Up-to-date symlink: /home/user/cartographer_ws_docker/install/cartographer_ros_msgs/share/cartographer_ros_msgs/msg/StatusResponse.msg
[1.386s] -- Up-to-date symlink: /home/user/cartographer_ws_docker/install/cartographer_ros_msgs/share/cartographer_ros_msgs/msg/SubmapEntry.msg
[1.386s] -- Up-to-date symlink: /home/user/cartographer_ws_docker/install/cartographer_ros_msgs/share/cartographer_ros_msgs/msg/SubmapList.msg
[1.386s] -- Up-to-date symlink: /home/user/cartographer_ws_docker/install/cartographer_ros_msgs/share/cartographer_ros_msgs/msg/SubmapTexture.msg
[1.386s] -- Up-to-date symlink: /home/user/cartographer_ws_docker/install/cartographer_ros_msgs/share/cartographer_ros_msgs/msg/TrajectoryStates.msg
[1.386s] -- Up-to-date symlink: /home/user/cartographer_ws_docker/install/cartographer_ros_msgs/share/cartographer_ros_msgs/srv/FinishTrajectory.srv
[1.386s] -- Up-to-date symlink: /home/user/cartographer_ws_docker/install/cartographer_ros_msgs/share/cartographer_ros_msgs/srv/FinishTrajectory_Request.msg
[1.386s] -- Up-to-date symlink: /home/user/cartographer_ws_docker/install/cartographer_ros_msgs/share/cartographer_ros_msgs/srv/FinishTrajectory_Response.msg
[1.386s] -- Up-to-date symlink: /home/user/cartographer_ws_docker/install/cartographer_ros_msgs/share/cartographer_ros_msgs/srv/GetTrajectoryStates.srv
[1.387s] -- Up-to-date symlink: /home/user/cartographer_ws_docker/install/cartographer_ros_msgs/share/cartographer_ros_msgs/srv/GetTrajectoryStates_Request.msg
[1.387s] -- Up-to-date symlink: /home/user/cartographer_ws_docker/install/cartographer_ros_msgs/share/cartographer_ros_msgs/srv/GetTrajectoryStates_Response.msg
[1.387s] -- Up-to-date symlink: /home/user/cartographer_ws_docker/install/cartographer_ros_msgs/share/cartographer_ros_msgs/srv/ReadMetrics.srv
[1.387s] -- Up-to-date symlink: /home/user/cartographer_ws_docker/install/cartographer_ros_msgs/share/cartographer_ros_msgs/srv/ReadMetrics_Request.msg
[1.387s] -- Up-to-date symlink: /home/user/cartographer_ws_docker/install/cartographer_ros_msgs/share/cartographer_ros_msgs/srv/ReadMetrics_Response.msg
[1.387s] -- Up-to-date symlink: /home/user/cartographer_ws_docker/install/cartographer_ros_msgs/share/cartographer_ros_msgs/srv/StartTrajectory.srv
[1.387s] -- Up-to-date symlink: /home/user/cartographer_ws_docker/install/cartographer_ros_msgs/share/cartographer_ros_msgs/srv/StartTrajectory_Request.msg
[1.387s] -- Up-to-date symlink: /home/user/cartographer_ws_docker/install/cartographer_ros_msgs/share/cartographer_ros_msgs/srv/StartTrajectory_Response.msg
[1.387s] -- Up-to-date symlink: /home/user/cartographer_ws_docker/install/cartographer_ros_msgs/share/cartographer_ros_msgs/srv/TrajectoryQuery.srv
[1.387s] -- Up-to-date symlink: /home/user/cartographer_ws_docker/install/cartographer_ros_msgs/share/cartographer_ros_msgs/srv/TrajectoryQuery_Request.msg
[1.387s] -- Up-to-date symlink: /home/user/cartographer_ws_docker/install/cartographer_ros_msgs/share/cartographer_ros_msgs/srv/TrajectoryQuery_Response.msg
[1.387s] -- Up-to-date symlink: /home/user/cartographer_ws_docker/install/cartographer_ros_msgs/share/cartographer_ros_msgs/srv/SubmapQuery.srv
[1.387s] -- Up-to-date symlink: /home/user/cartographer_ws_docker/install/cartographer_ros_msgs/share/cartographer_ros_msgs/srv/SubmapQuery_Request.msg
[1.387s] -- Up-to-date symlink: /home/user/cartographer_ws_docker/install/cartographer_ros_msgs/share/cartographer_ros_msgs/srv/SubmapQuery_Response.msg
[1.387s] -- Up-to-date symlink: /home/user/cartographer_ws_docker/install/cartographer_ros_msgs/share/cartographer_ros_msgs/srv/WriteState.srv
[1.387s] -- Up-to-date symlink: /home/user/cartographer_ws_docker/install/cartographer_ros_msgs/share/cartographer_ros_msgs/srv/WriteState_Request.msg
[1.388s] -- Up-to-date symlink: /home/user/cartographer_ws_docker/install/cartographer_ros_msgs/share/cartographer_ros_msgs/srv/WriteState_Response.msg
[1.388s] -- Up-to-date symlink: /home/user/cartographer_ws_docker/install/cartographer_ros_msgs/share/ament_index/resource_index/package_run_dependencies/cartographer_ros_msgs
[1.388s] -- Up-to-date symlink: /home/user/cartographer_ws_docker/install/cartographer_ros_msgs/share/ament_index/resource_index/parent_prefix_path/cartographer_ros_msgs
[1.388s] -- Up-to-date symlink: /home/user/cartographer_ws_docker/install/cartographer_ros_msgs/share/cartographer_ros_msgs/environment/ament_prefix_path.sh
[1.388s] -- Up-to-date symlink: /home/user/cartographer_ws_docker/install/cartographer_ros_msgs/share/cartographer_ros_msgs/environment/ament_prefix_path.dsv
[1.388s] -- Up-to-date symlink: /home/user/cartographer_ws_docker/install/cartographer_ros_msgs/share/cartographer_ros_msgs/environment/path.sh
[1.388s] -- Up-to-date symlink: /home/user/cartographer_ws_docker/install/cartographer_ros_msgs/share/cartographer_ros_msgs/environment/path.dsv
[1.388s] -- Up-to-date symlink: /home/user/cartographer_ws_docker/install/cartographer_ros_msgs/share/cartographer_ros_msgs/local_setup.bash
[1.388s] -- Up-to-date symlink: /home/user/cartographer_ws_docker/install/cartographer_ros_msgs/share/cartographer_ros_msgs/local_setup.sh
[1.389s] -- Up-to-date symlink: /home/user/cartographer_ws_docker/install/cartographer_ros_msgs/share/cartographer_ros_msgs/local_setup.zsh
[1.389s] -- Up-to-date symlink: /home/user/cartographer_ws_docker/install/cartographer_ros_msgs/share/cartographer_ros_msgs/local_setup.dsv
[1.389s] -- Symlinking: /home/user/cartographer_ws_docker/install/cartographer_ros_msgs/share/cartographer_ros_msgs/package.dsv
[1.389s] -- Up-to-date symlink: /home/user/cartographer_ws_docker/install/cartographer_ros_msgs/share/ament_index/resource_index/packages/cartographer_ros_msgs
[1.389s] -- Up-to-date symlink: /home/user/cartographer_ws_docker/install/cartographer_ros_msgs/share/cartographer_ros_msgs/cmake/rosidl_cmake-extras.cmake
[1.389s] -- Up-to-date symlink: /home/user/cartographer_ws_docker/install/cartographer_ros_msgs/share/cartographer_ros_msgs/cmake/ament_cmake_export_dependencies-extras.cmake
[1.389s] -- Up-to-date symlink: /home/user/cartographer_ws_docker/install/cartographer_ros_msgs/share/cartographer_ros_msgs/cmake/ament_cmake_export_include_directories-extras.cmake
[1.389s] -- Up-to-date symlink: /home/user/cartographer_ws_docker/install/cartographer_ros_msgs/share/cartographer_ros_msgs/cmake/ament_cmake_export_libraries-extras.cmake
[1.389s] -- Up-to-date symlink: /home/user/cartographer_ws_docker/install/cartographer_ros_msgs/share/cartographer_ros_msgs/cmake/ament_cmake_export_targets-extras.cmake
[1.389s] -- Up-to-date symlink: /home/user/cartographer_ws_docker/install/cartographer_ros_msgs/share/cartographer_ros_msgs/cmake/rosidl_cmake_export_typesupport_targets-extras.cmake
[1.389s] -- Up-to-date symlink: /home/user/cartographer_ws_docker/install/cartographer_ros_msgs/share/cartographer_ros_msgs/cmake/rosidl_cmake_export_typesupport_libraries-extras.cmake
[1.389s] -- Up-to-date symlink: /home/user/cartographer_ws_docker/install/cartographer_ros_msgs/share/cartographer_ros_msgs/cmake/cartographer_ros_msgsConfig.cmake
[1.390s] -- Up-to-date symlink: /home/user/cartographer_ws_docker/install/cartographer_ros_msgs/share/cartographer_ros_msgs/cmake/cartographer_ros_msgsConfig-version.cmake
[1.390s] -- Up-to-date symlink: /home/user/cartographer_ws_docker/install/cartographer_ros_msgs/share/cartographer_ros_msgs/package.xml
[1.390s] -- Up-to-date: /home/user/cartographer_ws_docker/install/cartographer_ros_msgs/lib/libcartographer_ros_msgs__rosidl_generator_c.so
[1.390s] -- Up-to-date: /home/user/cartographer_ws_docker/install/cartographer_ros_msgs/lib/libcartographer_ros_msgs__rosidl_typesupport_fastrtps_c.so
[1.390s] -- Up-to-date: /home/user/cartographer_ws_docker/install/cartographer_ros_msgs/lib/libcartographer_ros_msgs__rosidl_typesupport_introspection_c.so
[1.390s] -- Up-to-date: /home/user/cartographer_ws_docker/install/cartographer_ros_msgs/lib/libcartographer_ros_msgs__rosidl_typesupport_c.so
[1.390s] -- Up-to-date: /home/user/cartographer_ws_docker/install/cartographer_ros_msgs/lib/libcartographer_ros_msgs__rosidl_typesupport_fastrtps_cpp.so
[1.390s] -- Up-to-date: /home/user/cartographer_ws_docker/install/cartographer_ros_msgs/lib/libcartographer_ros_msgs__rosidl_typesupport_introspection_cpp.so
[1.390s] -- Up-to-date: /home/user/cartographer_ws_docker/install/cartographer_ros_msgs/lib/libcartographer_ros_msgs__rosidl_typesupport_cpp.so
[1.402s] Listing '/home/user/cartographer_ws_docker/install/cartographer_ros_msgs/local/lib/python3.10/dist-packages/cartographer_ros_msgs'...
[1.402s] Compiling '/home/user/cartographer_ws_docker/install/cartographer_ros_msgs/local/lib/python3.10/dist-packages/cartographer_ros_msgs/__init__.py'...
[1.402s] Listing '/home/user/cartographer_ws_docker/install/cartographer_ros_msgs/local/lib/python3.10/dist-packages/cartographer_ros_msgs/msg'...
[1.402s] Listing '/home/user/cartographer_ws_docker/install/cartographer_ros_msgs/local/lib/python3.10/dist-packages/cartographer_ros_msgs/srv'...
[1.404s] -- Up-to-date: /home/user/cartographer_ws_docker/install/cartographer_ros_msgs/lib/libcartographer_ros_msgs__rosidl_generator_py.so
[1.404s] -- Up-to-date: /home/user/cartographer_ws_docker/install/cartographer_ros_msgs/share/cartographer_ros_msgs/cmake/export_cartographer_ros_msgs__rosidl_generator_cExport.cmake
[1.405s] -- Up-to-date: /home/user/cartographer_ws_docker/install/cartographer_ros_msgs/share/cartographer_ros_msgs/cmake/export_cartographer_ros_msgs__rosidl_generator_cExport-noconfig.cmake
[1.405s] -- Up-to-date: /home/user/cartographer_ws_docker/install/cartographer_ros_msgs/share/cartographer_ros_msgs/cmake/export_cartographer_ros_msgs__rosidl_typesupport_fastrtps_cExport.cmake
[1.405s] -- Up-to-date: /home/user/cartographer_ws_docker/install/cartographer_ros_msgs/share/cartographer_ros_msgs/cmake/export_cartographer_ros_msgs__rosidl_typesupport_fastrtps_cExport-noconfig.cmake
[1.405s] -- Up-to-date: /home/user/cartographer_ws_docker/install/cartographer_ros_msgs/share/cartographer_ros_msgs/cmake/cartographer_ros_msgs__rosidl_typesupport_introspection_cExport.cmake
[1.406s] -- Up-to-date: /home/user/cartographer_ws_docker/install/cartographer_ros_msgs/share/cartographer_ros_msgs/cmake/cartographer_ros_msgs__rosidl_typesupport_introspection_cExport-noconfig.cmake
[1.406s] -- Up-to-date: /home/user/cartographer_ws_docker/install/cartographer_ros_msgs/share/cartographer_ros_msgs/cmake/cartographer_ros_msgs__rosidl_typesupport_cExport.cmake
[1.406s] -- Up-to-date: /home/user/cartographer_ws_docker/install/cartographer_ros_msgs/share/cartographer_ros_msgs/cmake/cartographer_ros_msgs__rosidl_typesupport_cExport-noconfig.cmake
[1.406s] -- Up-to-date: /home/user/cartographer_ws_docker/install/cartographer_ros_msgs/share/cartographer_ros_msgs/cmake/export_cartographer_ros_msgs__rosidl_generator_cppExport.cmake
[1.406s] -- Up-to-date: /home/user/cartographer_ws_docker/install/cartographer_ros_msgs/share/cartographer_ros_msgs/cmake/export_cartographer_ros_msgs__rosidl_typesupport_fastrtps_cppExport.cmake
[1.406s] -- Up-to-date: /home/user/cartographer_ws_docker/install/cartographer_ros_msgs/share/cartographer_ros_msgs/cmake/export_cartographer_ros_msgs__rosidl_typesupport_fastrtps_cppExport-noconfig.cmake
[1.406s] -- Up-to-date: /home/user/cartographer_ws_docker/install/cartographer_ros_msgs/share/cartographer_ros_msgs/cmake/cartographer_ros_msgs__rosidl_typesupport_introspection_cppExport.cmake
[1.406s] -- Up-to-date: /home/user/cartographer_ws_docker/install/cartographer_ros_msgs/share/cartographer_ros_msgs/cmake/cartographer_ros_msgs__rosidl_typesupport_introspection_cppExport-noconfig.cmake
[1.406s] -- Up-to-date: /home/user/cartographer_ws_docker/install/cartographer_ros_msgs/share/cartographer_ros_msgs/cmake/cartographer_ros_msgs__rosidl_typesupport_cppExport.cmake
[1.406s] -- Up-to-date: /home/user/cartographer_ws_docker/install/cartographer_ros_msgs/share/cartographer_ros_msgs/cmake/cartographer_ros_msgs__rosidl_typesupport_cppExport-noconfig.cmake
[1.406s] -- Up-to-date: /home/user/cartographer_ws_docker/install/cartographer_ros_msgs/share/cartographer_ros_msgs/cmake/export_cartographer_ros_msgs__rosidl_generator_pyExport.cmake
[1.406s] -- Up-to-date: /home/user/cartographer_ws_docker/install/cartographer_ros_msgs/share/cartographer_ros_msgs/cmake/export_cartographer_ros_msgs__rosidl_generator_pyExport-noconfig.cmake
[1.408s] Invoked command in '/home/user/cartographer_ws_docker/build/cartographer_ros_msgs' returned '0': CMAKE_PREFIX_PATH=${CMAKE_PREFIX_PATH}:/opt/ros/humble /usr/bin/cmake --install /home/user/cartographer_ws_docker/build/cartographer_ros_msgs
