[0.018s] Invoking command in '/root/cartographer_ws/build/cartographer_ros': AMENT_PREFIX_PATH=/root/cartographer_ws/install/cartographer_ros_msgs:${AMENT_PREFIX_PATH} CMAKE_PREFIX_PATH=/root/cartographer_ws/install/cartographer_ros_msgs:/root/cartographer_ws/install/cartographer:/opt/ros/humble LD_LIBRARY_PATH=/root/cartographer_ws/install/cartographer_ros_msgs/lib:${LD_LIBRARY_PATH} PATH=/root/cartographer_ws/install/cartographer/bin:${PATH} PKG_CONFIG_PATH=/root/cartographer_ws/install/cartographer/lib/x86_64-linux-gnu/pkgconfig:/root/cartographer_ws/install/cartographer/lib/pkgconfig PYTHONPATH=/root/cartographer_ws/install/cartographer_ros_msgs/local/lib/python3.10/dist-packages:${PYTHONPATH} /usr/bin/cmake /root/cartographer_ws/src/cartographer_ros/cartographer_ros -DCMAKE_INSTALL_PREFIX=/root/cartographer_ws/install/cartographer_ros
[0.034s] -- Found ament_cmake: 1.3.9 (/opt/ros/humble/share/ament_cmake/cmake)
[0.165s] -- Override CMake install command with custom implementation using symlinks instead of copying resources
[0.175s] -- Found builtin_interfaces: 1.2.1 (/opt/ros/humble/share/builtin_interfaces/cmake)
[0.204s] -- Found rosidl_generator_c: 3.1.5 (/opt/ros/humble/share/rosidl_generator_c/cmake)
[0.207s] -- Found rosidl_adapter: 3.1.5 (/opt/ros/humble/share/rosidl_adapter/cmake)
[0.214s] -- Found rosidl_generator_cpp: 3.1.5 (/opt/ros/humble/share/rosidl_generator_cpp/cmake)
[0.227s] -- Using all available rosidl_typesupport_c: rosidl_typesupport_fastrtps_c;rosidl_typesupport_introspection_c
[0.246s] -- Using all available rosidl_typesupport_cpp: rosidl_typesupport_fastrtps_cpp;rosidl_typesupport_introspection_cpp
[0.265s] -- Found required Ceres dependency: Eigen version 3.4.0 in /usr/include/eigen3
[0.267s] -- Found required Ceres dependency: glog
[0.268s] -- Found required Ceres dependency: gflags
[0.268s] -- Found Ceres version: 2.0.0 installed in: /usr with components: [EigenSparse, SparseLinearAlgebraLibrary, LAPACK, SuiteSparse, CXSparse, SchurSpecializations, Multithreading]
[0.276s] -- Found cartographer_ros_msgs: 2.0.9003 (/root/cartographer_ws/install/cartographer_ros_msgs/share/cartographer_ros_msgs/cmake)
[0.519s] -- Eigen found (include: /usr/include/eigen3, version: 3.4.0)
[0.531s] -- looking for PCL_COMMON
[0.532s] -- Found nav_msgs: 4.2.4 (/opt/ros/humble/share/nav_msgs/cmake)
[0.628s] -- Found pcl_conversions: 2.4.0 (/opt/ros/humble/share/pcl_conversions/cmake)
[0.689s] -- Found rmw_implementation_cmake: 6.1.2 (/opt/ros/humble/share/rmw_implementation_cmake/cmake)
[0.691s] -- Found rmw_fastrtps_cpp: 6.2.6 (/opt/ros/humble/share/rmw_fastrtps_cpp/cmake)
[0.852s] -- Using RMW implementation 'rmw_fastrtps_cpp' as default
[1.320s] -- Found rosbag2_cpp: 0.15.11 (/opt/ros/humble/share/rosbag2_cpp/cmake)
[1.362s] -- Found tf2: 0.25.7 (/opt/ros/humble/share/tf2/cmake)
[1.370s] -- Found tf2_eigen: 0.25.7 (/opt/ros/humble/share/tf2_eigen/cmake)
[1.764s] -- Found urdf: 2.6.0 (/opt/ros/humble/share/urdf/cmake)
[1.771s] -- Found visualization_msgs: 4.2.4 (/opt/ros/humble/share/visualization_msgs/cmake)
[2.919s] -- Configuring done
[3.208s] -- Generating done
[3.211s] -- Build files have been written to: /root/cartographer_ws/build/cartographer_ros
[3.223s] Invoked command in '/root/cartographer_ws/build/cartographer_ros' returned '0': AMENT_PREFIX_PATH=/root/cartographer_ws/install/cartographer_ros_msgs:${AMENT_PREFIX_PATH} CMAKE_PREFIX_PATH=/root/cartographer_ws/install/cartographer_ros_msgs:/root/cartographer_ws/install/cartographer:/opt/ros/humble LD_LIBRARY_PATH=/root/cartographer_ws/install/cartographer_ros_msgs/lib:${LD_LIBRARY_PATH} PATH=/root/cartographer_ws/install/cartographer/bin:${PATH} PKG_CONFIG_PATH=/root/cartographer_ws/install/cartographer/lib/x86_64-linux-gnu/pkgconfig:/root/cartographer_ws/install/cartographer/lib/pkgconfig PYTHONPATH=/root/cartographer_ws/install/cartographer_ros_msgs/local/lib/python3.10/dist-packages:${PYTHONPATH} /usr/bin/cmake /root/cartographer_ws/src/cartographer_ros/cartographer_ros -DCMAKE_INSTALL_PREFIX=/root/cartographer_ws/install/cartographer_ros
[3.226s] Invoking command in '/root/cartographer_ws/build/cartographer_ros': AMENT_PREFIX_PATH=/root/cartographer_ws/install/cartographer_ros_msgs:${AMENT_PREFIX_PATH} CMAKE_PREFIX_PATH=/root/cartographer_ws/install/cartographer_ros_msgs:/root/cartographer_ws/install/cartographer:/opt/ros/humble LD_LIBRARY_PATH=/root/cartographer_ws/install/cartographer_ros_msgs/lib:${LD_LIBRARY_PATH} PATH=/root/cartographer_ws/install/cartographer/bin:${PATH} PKG_CONFIG_PATH=/root/cartographer_ws/install/cartographer/lib/x86_64-linux-gnu/pkgconfig:/root/cartographer_ws/install/cartographer/lib/pkgconfig PYTHONPATH=/root/cartographer_ws/install/cartographer_ros_msgs/local/lib/python3.10/dist-packages:${PYTHONPATH} /usr/bin/cmake --build /root/cartographer_ws/build/cartographer_ros -- -j8 -l8
[3.300s] [35m[1mConsolidate compiler generated dependencies of target cartographer_ros[0m
[3.441s] [ 60%] Built target cartographer_ros
[3.458s] [35m[1mConsolidate compiler generated dependencies of target cartographer_rosbag_validate[0m
[3.461s] [35m[1mConsolidate compiler generated dependencies of target cartographer_assets_writer[0m
[3.461s] [35m[1mConsolidate compiler generated dependencies of target cartographer_offline_node[0m
[3.461s] [35m[1mConsolidate compiler generated dependencies of target cartographer_node[0m
[3.461s] [35m[1mConsolidate compiler generated dependencies of target cartographer_occupancy_grid_node[0m
[3.461s] [35m[1mConsolidate compiler generated dependencies of target cartographer_pbstream_to_ros_map[0m
[3.462s] [35m[1mConsolidate compiler generated dependencies of target cartographer_pbstream_map_publisher[0m
[3.508s] [ 65%] Built target cartographer_rosbag_validate
[3.516s] [ 71%] Built target cartographer_assets_writer
[3.517s] [ 77%] Built target cartographer_offline_node
[3.519s] [ 82%] Built target cartographer_occupancy_grid_node
[3.519s] [ 88%] Built target cartographer_node
[3.521s] [ 94%] Built target cartographer_pbstream_to_ros_map
[3.522s] [100%] Built target cartographer_pbstream_map_publisher
[3.535s] Invoked command in '/root/cartographer_ws/build/cartographer_ros' returned '0': AMENT_PREFIX_PATH=/root/cartographer_ws/install/cartographer_ros_msgs:${AMENT_PREFIX_PATH} CMAKE_PREFIX_PATH=/root/cartographer_ws/install/cartographer_ros_msgs:/root/cartographer_ws/install/cartographer:/opt/ros/humble LD_LIBRARY_PATH=/root/cartographer_ws/install/cartographer_ros_msgs/lib:${LD_LIBRARY_PATH} PATH=/root/cartographer_ws/install/cartographer/bin:${PATH} PKG_CONFIG_PATH=/root/cartographer_ws/install/cartographer/lib/x86_64-linux-gnu/pkgconfig:/root/cartographer_ws/install/cartographer/lib/pkgconfig PYTHONPATH=/root/cartographer_ws/install/cartographer_ros_msgs/local/lib/python3.10/dist-packages:${PYTHONPATH} /usr/bin/cmake --build /root/cartographer_ws/build/cartographer_ros -- -j8 -l8
[3.653s] Invoking command in '/root/cartographer_ws/build/cartographer_ros': AMENT_PREFIX_PATH=/root/cartographer_ws/install/cartographer_ros_msgs:${AMENT_PREFIX_PATH} CMAKE_PREFIX_PATH=/root/cartographer_ws/install/cartographer_ros_msgs:/root/cartographer_ws/install/cartographer:/opt/ros/humble LD_LIBRARY_PATH=/root/cartographer_ws/install/cartographer_ros_msgs/lib:${LD_LIBRARY_PATH} PATH=/root/cartographer_ws/install/cartographer/bin:${PATH} PKG_CONFIG_PATH=/root/cartographer_ws/install/cartographer/lib/x86_64-linux-gnu/pkgconfig:/root/cartographer_ws/install/cartographer/lib/pkgconfig PYTHONPATH=/root/cartographer_ws/install/cartographer_ros_msgs/local/lib/python3.10/dist-packages:${PYTHONPATH} /usr/bin/cmake --install /root/cartographer_ws/build/cartographer_ros
[3.661s] -- Install configuration: ""
[3.662s] -- Execute custom install script
[3.662s] -- Up-to-date symlink: /root/cartographer_ws/install/cartographer_ros/lib/libcartographer_ros.a
[3.663s] -- Up-to-date symlink: /root/cartographer_ws/install/cartographer_ros/lib/cartographer_ros/cartographer_node
[3.663s] -- Up-to-date symlink: /root/cartographer_ws/install/cartographer_ros/lib/cartographer_ros/cartographer_occupancy_grid_node
[3.663s] -- Up-to-date symlink: /root/cartographer_ws/install/cartographer_ros/lib/cartographer_ros/cartographer_offline_node
[3.663s] -- Up-to-date symlink: /root/cartographer_ws/install/cartographer_ros/lib/cartographer_ros/cartographer_assets_writer
[3.663s] -- Up-to-date symlink: /root/cartographer_ws/install/cartographer_ros/lib/cartographer_ros/cartographer_pbstream_map_publisher
[3.663s] -- Up-to-date symlink: /root/cartographer_ws/install/cartographer_ros/lib/cartographer_ros/cartographer_pbstream_to_ros_map
[3.664s] -- Up-to-date symlink: /root/cartographer_ws/install/cartographer_ros/lib/cartographer_ros/cartographer_rosbag_validate
[3.664s] -- Up-to-date symlink: /root/cartographer_ws/install/cartographer_ros/include//cartographer_ros/assets_writer.h
[3.665s] -- Up-to-date symlink: /root/cartographer_ws/install/cartographer_ros/include//cartographer_ros/map_builder_bridge.h
[3.665s] -- Up-to-date symlink: /root/cartographer_ws/install/cartographer_ros/include//cartographer_ros/metrics/family_factory.h
[3.665s] -- Up-to-date symlink: /root/cartographer_ws/install/cartographer_ros/include//cartographer_ros/metrics/internal/counter.h
[3.665s] -- Up-to-date symlink: /root/cartographer_ws/install/cartographer_ros/include//cartographer_ros/metrics/internal/family.h
[3.665s] -- Up-to-date symlink: /root/cartographer_ws/install/cartographer_ros/include//cartographer_ros/metrics/internal/gauge.h
[3.665s] -- Up-to-date symlink: /root/cartographer_ws/install/cartographer_ros/include//cartographer_ros/metrics/internal/histogram.h
[3.665s] -- Up-to-date symlink: /root/cartographer_ws/install/cartographer_ros/include//cartographer_ros/msg_conversion.h
[3.666s] -- Up-to-date symlink: /root/cartographer_ws/install/cartographer_ros/include//cartographer_ros/node.h
[3.666s] -- Up-to-date symlink: /root/cartographer_ws/install/cartographer_ros/include//cartographer_ros/node_constants.h
[3.666s] -- Up-to-date symlink: /root/cartographer_ws/install/cartographer_ros/include//cartographer_ros/node_options.h
[3.666s] -- Up-to-date symlink: /root/cartographer_ws/install/cartographer_ros/include//cartographer_ros/offline_node.h
[3.666s] -- Up-to-date symlink: /root/cartographer_ws/install/cartographer_ros/include//cartographer_ros/playable_bag.h
[3.666s] -- Up-to-date symlink: /root/cartographer_ws/install/cartographer_ros/include//cartographer_ros/ros_log_sink.h
[3.666s] -- Up-to-date symlink: /root/cartographer_ws/install/cartographer_ros/include//cartographer_ros/ros_map.h
[3.667s] -- Up-to-date symlink: /root/cartographer_ws/install/cartographer_ros/include//cartographer_ros/ros_map_writing_points_processor.h
[3.667s] -- Up-to-date symlink: /root/cartographer_ws/install/cartographer_ros/include//cartographer_ros/sensor_bridge.h
[3.667s] -- Up-to-date symlink: /root/cartographer_ws/install/cartographer_ros/include//cartographer_ros/submap.h
[3.667s] -- Up-to-date symlink: /root/cartographer_ws/install/cartographer_ros/include//cartographer_ros/tf_bridge.h
[3.667s] -- Up-to-date symlink: /root/cartographer_ws/install/cartographer_ros/include//cartographer_ros/time_conversion.h
[3.667s] -- Up-to-date symlink: /root/cartographer_ws/install/cartographer_ros/include//cartographer_ros/trajectory_options.h
[3.667s] -- Up-to-date symlink: /root/cartographer_ws/install/cartographer_ros/include//cartographer_ros/urdf_reader.h
[3.668s] -- Up-to-date symlink: /root/cartographer_ws/install/cartographer_ros/share/cartographer_ros//configuration_files/assets_writer_backpack_2d.lua
[3.668s] -- Up-to-date symlink: /root/cartographer_ws/install/cartographer_ros/share/cartographer_ros//configuration_files/assets_writer_backpack_2d_ci.lua
[3.668s] -- Up-to-date symlink: /root/cartographer_ws/install/cartographer_ros/share/cartographer_ros//configuration_files/assets_writer_backpack_3d.lua
[3.668s] -- Up-to-date symlink: /root/cartographer_ws/install/cartographer_ros/share/cartographer_ros//configuration_files/assets_writer_ros_map.lua
[3.669s] -- Up-to-date symlink: /root/cartographer_ws/install/cartographer_ros/share/cartographer_ros//configuration_files/backpack_2d.lua
[3.669s] -- Up-to-date symlink: /root/cartographer_ws/install/cartographer_ros/share/cartographer_ros//configuration_files/backpack_2d_localization.lua
[3.669s] -- Up-to-date symlink: /root/cartographer_ws/install/cartographer_ros/share/cartographer_ros//configuration_files/backpack_2d_localization_evaluation.lua
[3.669s] -- Up-to-date symlink: /root/cartographer_ws/install/cartographer_ros/share/cartographer_ros//configuration_files/backpack_2d_server.lua
[3.669s] -- Up-to-date symlink: /root/cartographer_ws/install/cartographer_ros/share/cartographer_ros//configuration_files/backpack_3d.lua
[3.669s] -- Up-to-date symlink: /root/cartographer_ws/install/cartographer_ros/share/cartographer_ros//configuration_files/backpack_3d_localization.lua
[3.669s] -- Up-to-date symlink: /root/cartographer_ws/install/cartographer_ros/share/cartographer_ros//configuration_files/demo_2d.rviz
[3.669s] -- Up-to-date symlink: /root/cartographer_ws/install/cartographer_ros/share/cartographer_ros//configuration_files/demo_3d.rviz
[3.670s] -- Up-to-date symlink: /root/cartographer_ws/install/cartographer_ros/share/cartographer_ros//configuration_files/mir-100-mapping.lua
[3.670s] -- Symlinking: /root/cartographer_ws/install/cartographer_ros/share/cartographer_ros//configuration_files/my_config.lua
[3.680s] -- Up-to-date symlink: /root/cartographer_ws/install/cartographer_ros/share/cartographer_ros//configuration_files/pr2.lua
[3.680s] -- Up-to-date symlink: /root/cartographer_ws/install/cartographer_ros/share/cartographer_ros//configuration_files/revo_lds.lua
[3.680s] -- Up-to-date symlink: /root/cartographer_ws/install/cartographer_ros/share/cartographer_ros//configuration_files/taurob_tracker.lua
[3.681s] -- Up-to-date symlink: /root/cartographer_ws/install/cartographer_ros/share/cartographer_ros//configuration_files/transform.lua
[3.681s] -- Up-to-date symlink: /root/cartographer_ws/install/cartographer_ros/share/cartographer_ros//configuration_files/turtlebot3.lua
[3.681s] -- Up-to-date symlink: /root/cartographer_ws/install/cartographer_ros/share/cartographer_ros//configuration_files/visualize_pbstream.lua
[3.681s] -- Up-to-date symlink: /root/cartographer_ws/install/cartographer_ros/share/cartographer_ros//urdf/backpack_2d.urdf
[3.681s] -- Up-to-date symlink: /root/cartographer_ws/install/cartographer_ros/share/cartographer_ros//urdf/backpack_3d.urdf
[3.681s] -- Up-to-date symlink: /root/cartographer_ws/install/cartographer_ros/share/cartographer_ros//urdf/mir-100.urdf
[3.682s] -- Up-to-date symlink: /root/cartographer_ws/install/cartographer_ros/share/cartographer_ros//launch/assets_writer_backpack_2d.launch.py
[3.682s] -- Up-to-date symlink: /root/cartographer_ws/install/cartographer_ros/share/cartographer_ros//launch/assets_writer_backpack_3d.launch.py
[3.682s] -- Up-to-date symlink: /root/cartographer_ws/install/cartographer_ros/share/cartographer_ros//launch/assets_writer_ros_map.launch.py
[3.682s] -- Up-to-date symlink: /root/cartographer_ws/install/cartographer_ros/share/cartographer_ros//launch/backpack_2d.launch.py
[3.682s] -- Up-to-date symlink: /root/cartographer_ws/install/cartographer_ros/share/cartographer_ros//launch/backpack_3d.launch.py
[3.682s] -- Up-to-date symlink: /root/cartographer_ws/install/cartographer_ros/share/cartographer_ros//launch/cartographer_rviz.launch.py
[3.683s] -- Up-to-date symlink: /root/cartographer_ws/install/cartographer_ros/share/cartographer_ros//launch/demo_backpack_2d.launch.py
[3.683s] -- Up-to-date symlink: /root/cartographer_ws/install/cartographer_ros/share/cartographer_ros//launch/demo_backpack_2d_localization.launch.py
[3.683s] -- Up-to-date symlink: /root/cartographer_ws/install/cartographer_ros/share/cartographer_ros//launch/demo_backpack_3d.launch.py
[3.683s] -- Up-to-date symlink: /root/cartographer_ws/install/cartographer_ros/share/cartographer_ros//launch/demo_backpack_3d_localization.launch.py
[3.683s] -- Up-to-date symlink: /root/cartographer_ws/install/cartographer_ros/share/cartographer_ros//launch/demo_pr2.launch
[3.683s] -- Up-to-date symlink: /root/cartographer_ws/install/cartographer_ros/share/cartographer_ros//launch/demo_revo_lds.launch.py
[3.683s] -- Up-to-date symlink: /root/cartographer_ws/install/cartographer_ros/share/cartographer_ros//launch/demo_taurob_tracker.launch.py
[3.684s] -- Up-to-date symlink: /root/cartographer_ws/install/cartographer_ros/share/cartographer_ros//launch/grpc_demo_backpack_2d.launch
[3.684s] -- Up-to-date symlink: /root/cartographer_ws/install/cartographer_ros/share/cartographer_ros//launch/grpc_demo_backpack_2d_localization.launch
[3.684s] -- Up-to-date symlink: /root/cartographer_ws/install/cartographer_ros/share/cartographer_ros//launch/offline_backpack_2d.launch.py
[3.684s] -- Up-to-date symlink: /root/cartographer_ws/install/cartographer_ros/share/cartographer_ros//launch/offline_backpack_3d.launch.py
[3.684s] -- Up-to-date symlink: /root/cartographer_ws/install/cartographer_ros/share/cartographer_ros//launch/offline_mir_100_rviz.launch.py
[3.684s] -- Up-to-date symlink: /root/cartographer_ws/install/cartographer_ros/share/cartographer_ros//launch/offline_node.launch.py
[3.684s] -- Up-to-date symlink: /root/cartographer_ws/install/cartographer_ros/share/cartographer_ros//launch/taurob_tracker.launch.py
[3.684s] -- Up-to-date symlink: /root/cartographer_ws/install/cartographer_ros/share/cartographer_ros//launch/turtlebot3_cartographer.launch.py
[3.685s] -- Up-to-date symlink: /root/cartographer_ws/install/cartographer_ros/share/cartographer_ros//launch/visualize_pbstream.launch.py
[3.685s] -- Up-to-date symlink: /root/cartographer_ws/install/cartographer_ros/share/cartographer_ros/environment/library_path.sh
[3.685s] -- Up-to-date symlink: /root/cartographer_ws/install/cartographer_ros/share/cartographer_ros/environment/library_path.dsv
[3.685s] -- Up-to-date symlink: /root/cartographer_ws/install/cartographer_ros/share/ament_index/resource_index/package_run_dependencies/cartographer_ros
[3.685s] -- Up-to-date symlink: /root/cartographer_ws/install/cartographer_ros/share/ament_index/resource_index/parent_prefix_path/cartographer_ros
[3.686s] -- Up-to-date symlink: /root/cartographer_ws/install/cartographer_ros/share/cartographer_ros/environment/ament_prefix_path.sh
[3.686s] -- Up-to-date symlink: /root/cartographer_ws/install/cartographer_ros/share/cartographer_ros/environment/ament_prefix_path.dsv
[3.686s] -- Up-to-date symlink: /root/cartographer_ws/install/cartographer_ros/share/cartographer_ros/environment/path.sh
[3.686s] -- Up-to-date symlink: /root/cartographer_ws/install/cartographer_ros/share/cartographer_ros/environment/path.dsv
[3.686s] -- Up-to-date symlink: /root/cartographer_ws/install/cartographer_ros/share/cartographer_ros/local_setup.bash
[3.687s] -- Up-to-date symlink: /root/cartographer_ws/install/cartographer_ros/share/cartographer_ros/local_setup.sh
[3.687s] -- Up-to-date symlink: /root/cartographer_ws/install/cartographer_ros/share/cartographer_ros/local_setup.zsh
[3.687s] -- Up-to-date symlink: /root/cartographer_ws/install/cartographer_ros/share/cartographer_ros/local_setup.dsv
[3.687s] -- Symlinking: /root/cartographer_ws/install/cartographer_ros/share/cartographer_ros/package.dsv
[3.697s] -- Up-to-date symlink: /root/cartographer_ws/install/cartographer_ros/share/ament_index/resource_index/packages/cartographer_ros
[3.698s] -- Up-to-date symlink: /root/cartographer_ws/install/cartographer_ros/share/cartographer_ros/cmake/ament_cmake_export_include_directories-extras.cmake
[3.698s] -- Up-to-date symlink: /root/cartographer_ws/install/cartographer_ros/share/cartographer_ros/cmake/ament_cmake_export_libraries-extras.cmake
[3.698s] -- Up-to-date symlink: /root/cartographer_ws/install/cartographer_ros/share/cartographer_ros/cmake/ament_cmake_export_dependencies-extras.cmake
[3.698s] -- Up-to-date symlink: /root/cartographer_ws/install/cartographer_ros/share/cartographer_ros/cmake/cartographer_rosConfig.cmake
[3.698s] -- Up-to-date symlink: /root/cartographer_ws/install/cartographer_ros/share/cartographer_ros/cmake/cartographer_rosConfig-version.cmake
[3.698s] -- Up-to-date symlink: /root/cartographer_ws/install/cartographer_ros/share/cartographer_ros/package.xml
[3.701s] Invoked command in '/root/cartographer_ws/build/cartographer_ros' returned '0': AMENT_PREFIX_PATH=/root/cartographer_ws/install/cartographer_ros_msgs:${AMENT_PREFIX_PATH} CMAKE_PREFIX_PATH=/root/cartographer_ws/install/cartographer_ros_msgs:/root/cartographer_ws/install/cartographer:/opt/ros/humble LD_LIBRARY_PATH=/root/cartographer_ws/install/cartographer_ros_msgs/lib:${LD_LIBRARY_PATH} PATH=/root/cartographer_ws/install/cartographer/bin:${PATH} PKG_CONFIG_PATH=/root/cartographer_ws/install/cartographer/lib/x86_64-linux-gnu/pkgconfig:/root/cartographer_ws/install/cartographer/lib/pkgconfig PYTHONPATH=/root/cartographer_ws/install/cartographer_ros_msgs/local/lib/python3.10/dist-packages:${PYTHONPATH} /usr/bin/cmake --install /root/cartographer_ws/build/cartographer_ros
