[0.133s] DEBUG:colcon:Command line arguments: ['/usr/bin/colcon', 'build', '--symlink-install']
[0.134s] DEBUG:colcon:Parsed command line arguments: Namespace(log_base=None, log_level=None, verb_name='build', build_base='build', install_base='install', merge_install=False, symlink_install=True, test_result_base=None, continue_on_error=False, executor='parallel', parallel_workers=8, event_handlers=None, ignore_user_meta=False, metas=['./colcon.meta'], base_paths=['.'], packages_ignore=None, packages_ignore_regex=None, paths=None, packages_up_to=None, packages_up_to_regex=None, packages_above=None, packages_above_and_dependencies=None, packages_above_depth=None, packages_select_by_dep=None, packages_skip_by_dep=None, packages_skip_up_to=None, packages_select_build_failed=False, packages_skip_build_finished=False, packages_select_test_failures=False, packages_skip_test_passed=False, packages_select=None, packages_skip=None, packages_select_regex=None, packages_skip_regex=None, packages_start=None, packages_end=None, allow_overriding=[], cmake_args=None, cmake_target=None, cmake_target_skip_unavailable=False, cmake_clean_cache=False, cmake_clean_first=False, cmake_force_configure=False, ament_cmake_args=None, catkin_cmake_args=None, catkin_skip_building_tests=False, verb_parser=<colcon_defaults.argument_parser.defaults.DefaultArgumentsDecorator object at 0x7fd2f3e83760>, verb_extension=<colcon_core.verb.build.BuildVerb object at 0x7fd2f3fc83d0>, main=<bound method BuildVerb.main of <colcon_core.verb.build.BuildVerb object at 0x7fd2f3fc83d0>>)
[0.330s] Level 1:colcon.colcon_core.package_discovery:discover_packages(colcon_meta) check parameters
[0.331s] Level 1:colcon.colcon_core.package_discovery:discover_packages(recursive) check parameters
[0.331s] Level 1:colcon.colcon_core.package_discovery:discover_packages(ignore) check parameters
[0.331s] Level 1:colcon.colcon_core.package_discovery:discover_packages(path) check parameters
[0.331s] Level 1:colcon.colcon_core.package_discovery:discover_packages(colcon_meta) discover
[0.331s] Level 1:colcon.colcon_core.package_discovery:discover_packages(recursive) discover
[0.331s] INFO:colcon.colcon_core.package_discovery:Crawling recursively for packages in '/root/cartographer_ws'
[0.331s] Level 1:colcon.colcon_core.package_identification:_identify(.) by extensions ['ignore', 'ignore_ament_install']
[0.331s] Level 1:colcon.colcon_core.package_identification:_identify(.) by extension 'ignore'
[0.331s] Level 1:colcon.colcon_core.package_identification:_identify(.) by extension 'ignore_ament_install'
[0.331s] Level 1:colcon.colcon_core.package_identification:_identify(.) by extensions ['colcon_pkg']
[0.331s] Level 1:colcon.colcon_core.package_identification:_identify(.) by extension 'colcon_pkg'
[0.331s] Level 1:colcon.colcon_core.package_identification:_identify(.) by extensions ['colcon_meta']
[0.331s] Level 1:colcon.colcon_core.package_identification:_identify(.) by extension 'colcon_meta'
[0.331s] Level 1:colcon.colcon_core.package_identification:_identify(.) by extensions ['ros']
[0.331s] Level 1:colcon.colcon_core.package_identification:_identify(.) by extension 'ros'
[0.344s] Level 1:colcon.colcon_core.package_identification:_identify(.) by extensions ['cmake', 'python']
[0.344s] Level 1:colcon.colcon_core.package_identification:_identify(.) by extension 'cmake'
[0.344s] Level 1:colcon.colcon_core.package_identification:_identify(.) by extension 'python'
[0.344s] Level 1:colcon.colcon_core.package_identification:_identify(.) by extensions ['python_setup_py']
[0.344s] Level 1:colcon.colcon_core.package_identification:_identify(.) by extension 'python_setup_py'
[0.344s] Level 1:colcon.colcon_core.package_identification:_identify(build) by extensions ['ignore', 'ignore_ament_install']
[0.344s] Level 1:colcon.colcon_core.package_identification:_identify(build) by extension 'ignore'
[0.344s] Level 1:colcon.colcon_core.package_identification:_identify(build) ignored
[0.344s] Level 1:colcon.colcon_core.package_identification:_identify(install) by extensions ['ignore', 'ignore_ament_install']
[0.344s] Level 1:colcon.colcon_core.package_identification:_identify(install) by extension 'ignore'
[0.344s] Level 1:colcon.colcon_core.package_identification:_identify(install) ignored
[0.344s] Level 1:colcon.colcon_core.package_identification:_identify(log) by extensions ['ignore', 'ignore_ament_install']
[0.345s] Level 1:colcon.colcon_core.package_identification:_identify(log) by extension 'ignore'
[0.345s] Level 1:colcon.colcon_core.package_identification:_identify(log) ignored
[0.345s] Level 1:colcon.colcon_core.package_identification:_identify(src) by extensions ['ignore', 'ignore_ament_install']
[0.345s] Level 1:colcon.colcon_core.package_identification:_identify(src) by extension 'ignore'
[0.345s] Level 1:colcon.colcon_core.package_identification:_identify(src) by extension 'ignore_ament_install'
[0.345s] Level 1:colcon.colcon_core.package_identification:_identify(src) by extensions ['colcon_pkg']
[0.345s] Level 1:colcon.colcon_core.package_identification:_identify(src) by extension 'colcon_pkg'
[0.345s] Level 1:colcon.colcon_core.package_identification:_identify(src) by extensions ['colcon_meta']
[0.345s] Level 1:colcon.colcon_core.package_identification:_identify(src) by extension 'colcon_meta'
[0.345s] Level 1:colcon.colcon_core.package_identification:_identify(src) by extensions ['ros']
[0.345s] Level 1:colcon.colcon_core.package_identification:_identify(src) by extension 'ros'
[0.345s] Level 1:colcon.colcon_core.package_identification:_identify(src) by extensions ['cmake', 'python']
[0.345s] Level 1:colcon.colcon_core.package_identification:_identify(src) by extension 'cmake'
[0.345s] Level 1:colcon.colcon_core.package_identification:_identify(src) by extension 'python'
[0.345s] Level 1:colcon.colcon_core.package_identification:_identify(src) by extensions ['python_setup_py']
[0.345s] Level 1:colcon.colcon_core.package_identification:_identify(src) by extension 'python_setup_py'
[0.345s] Level 1:colcon.colcon_core.package_identification:_identify(src/cartographer) by extensions ['ignore', 'ignore_ament_install']
[0.346s] Level 1:colcon.colcon_core.package_identification:_identify(src/cartographer) by extension 'ignore'
[0.346s] Level 1:colcon.colcon_core.package_identification:_identify(src/cartographer) by extension 'ignore_ament_install'
[0.346s] Level 1:colcon.colcon_core.package_identification:_identify(src/cartographer) by extensions ['colcon_pkg']
[0.346s] Level 1:colcon.colcon_core.package_identification:_identify(src/cartographer) by extension 'colcon_pkg'
[0.346s] Level 1:colcon.colcon_core.package_identification:_identify(src/cartographer) by extensions ['colcon_meta']
[0.346s] Level 1:colcon.colcon_core.package_identification:_identify(src/cartographer) by extension 'colcon_meta'
[0.346s] Level 1:colcon.colcon_core.package_identification:_identify(src/cartographer) by extensions ['ros']
[0.346s] Level 1:colcon.colcon_core.package_identification:_identify(src/cartographer) by extension 'ros'
[0.349s] DEBUG:colcon.colcon_core.package_identification:Package 'src/cartographer' with type 'ros.cmake' and name 'cartographer'
[0.349s] Level 1:colcon.colcon_core.package_identification:_identify(src/cartographer_ros) by extensions ['ignore', 'ignore_ament_install']
[0.349s] Level 1:colcon.colcon_core.package_identification:_identify(src/cartographer_ros) by extension 'ignore'
[0.350s] Level 1:colcon.colcon_core.package_identification:_identify(src/cartographer_ros) by extension 'ignore_ament_install'
[0.350s] Level 1:colcon.colcon_core.package_identification:_identify(src/cartographer_ros) by extensions ['colcon_pkg']
[0.350s] Level 1:colcon.colcon_core.package_identification:_identify(src/cartographer_ros) by extension 'colcon_pkg'
[0.350s] Level 1:colcon.colcon_core.package_identification:_identify(src/cartographer_ros) by extensions ['colcon_meta']
[0.350s] Level 1:colcon.colcon_core.package_identification:_identify(src/cartographer_ros) by extension 'colcon_meta'
[0.350s] Level 1:colcon.colcon_core.package_identification:_identify(src/cartographer_ros) by extensions ['ros']
[0.350s] Level 1:colcon.colcon_core.package_identification:_identify(src/cartographer_ros) by extension 'ros'
[0.350s] Level 1:colcon.colcon_core.package_identification:_identify(src/cartographer_ros) by extensions ['cmake', 'python']
[0.350s] Level 1:colcon.colcon_core.package_identification:_identify(src/cartographer_ros) by extension 'cmake'
[0.350s] Level 1:colcon.colcon_core.package_identification:_identify(src/cartographer_ros) by extension 'python'
[0.350s] Level 1:colcon.colcon_core.package_identification:_identify(src/cartographer_ros) by extensions ['python_setup_py']
[0.350s] Level 1:colcon.colcon_core.package_identification:_identify(src/cartographer_ros) by extension 'python_setup_py'
[0.350s] Level 1:colcon.colcon_core.package_identification:_identify(src/cartographer_ros/cartographer_ros) by extensions ['ignore', 'ignore_ament_install']
[0.350s] Level 1:colcon.colcon_core.package_identification:_identify(src/cartographer_ros/cartographer_ros) by extension 'ignore'
[0.350s] Level 1:colcon.colcon_core.package_identification:_identify(src/cartographer_ros/cartographer_ros) by extension 'ignore_ament_install'
[0.350s] Level 1:colcon.colcon_core.package_identification:_identify(src/cartographer_ros/cartographer_ros) by extensions ['colcon_pkg']
[0.350s] Level 1:colcon.colcon_core.package_identification:_identify(src/cartographer_ros/cartographer_ros) by extension 'colcon_pkg'
[0.351s] Level 1:colcon.colcon_core.package_identification:_identify(src/cartographer_ros/cartographer_ros) by extensions ['colcon_meta']
[0.351s] Level 1:colcon.colcon_core.package_identification:_identify(src/cartographer_ros/cartographer_ros) by extension 'colcon_meta'
[0.351s] Level 1:colcon.colcon_core.package_identification:_identify(src/cartographer_ros/cartographer_ros) by extensions ['ros']
[0.351s] Level 1:colcon.colcon_core.package_identification:_identify(src/cartographer_ros/cartographer_ros) by extension 'ros'
[0.353s] DEBUG:colcon.colcon_core.package_identification:Package 'src/cartographer_ros/cartographer_ros' with type 'ros.ament_cmake' and name 'cartographer_ros'
[0.353s] Level 1:colcon.colcon_core.package_identification:_identify(src/cartographer_ros/cartographer_ros_msgs) by extensions ['ignore', 'ignore_ament_install']
[0.353s] Level 1:colcon.colcon_core.package_identification:_identify(src/cartographer_ros/cartographer_ros_msgs) by extension 'ignore'
[0.353s] Level 1:colcon.colcon_core.package_identification:_identify(src/cartographer_ros/cartographer_ros_msgs) by extension 'ignore_ament_install'
[0.353s] Level 1:colcon.colcon_core.package_identification:_identify(src/cartographer_ros/cartographer_ros_msgs) by extensions ['colcon_pkg']
[0.353s] Level 1:colcon.colcon_core.package_identification:_identify(src/cartographer_ros/cartographer_ros_msgs) by extension 'colcon_pkg'
[0.354s] Level 1:colcon.colcon_core.package_identification:_identify(src/cartographer_ros/cartographer_ros_msgs) by extensions ['colcon_meta']
[0.354s] Level 1:colcon.colcon_core.package_identification:_identify(src/cartographer_ros/cartographer_ros_msgs) by extension 'colcon_meta'
[0.354s] Level 1:colcon.colcon_core.package_identification:_identify(src/cartographer_ros/cartographer_ros_msgs) by extensions ['ros']
[0.354s] Level 1:colcon.colcon_core.package_identification:_identify(src/cartographer_ros/cartographer_ros_msgs) by extension 'ros'
[0.354s] DEBUG:colcon.colcon_core.package_identification:Package 'src/cartographer_ros/cartographer_ros_msgs' with type 'ros.ament_cmake' and name 'cartographer_ros_msgs'
[0.355s] Level 1:colcon.colcon_core.package_identification:_identify(src/cartographer_ros/cartographer_rviz) by extensions ['ignore', 'ignore_ament_install']
[0.355s] Level 1:colcon.colcon_core.package_identification:_identify(src/cartographer_ros/cartographer_rviz) by extension 'ignore'
[0.355s] Level 1:colcon.colcon_core.package_identification:_identify(src/cartographer_ros/cartographer_rviz) by extension 'ignore_ament_install'
[0.355s] Level 1:colcon.colcon_core.package_identification:_identify(src/cartographer_ros/cartographer_rviz) by extensions ['colcon_pkg']
[0.355s] Level 1:colcon.colcon_core.package_identification:_identify(src/cartographer_ros/cartographer_rviz) by extension 'colcon_pkg'
[0.355s] Level 1:colcon.colcon_core.package_identification:_identify(src/cartographer_ros/cartographer_rviz) by extensions ['colcon_meta']
[0.355s] Level 1:colcon.colcon_core.package_identification:_identify(src/cartographer_ros/cartographer_rviz) by extension 'colcon_meta'
[0.355s] Level 1:colcon.colcon_core.package_identification:_identify(src/cartographer_ros/cartographer_rviz) by extensions ['ros']
[0.355s] Level 1:colcon.colcon_core.package_identification:_identify(src/cartographer_ros/cartographer_rviz) by extension 'ros'
[0.356s] DEBUG:colcon.colcon_core.package_identification:Package 'src/cartographer_ros/cartographer_rviz' with type 'ros.ament_cmake' and name 'cartographer_rviz'
[0.356s] Level 1:colcon.colcon_core.package_identification:_identify(src/cartographer_ros/docs) by extensions ['ignore', 'ignore_ament_install']
[0.357s] Level 1:colcon.colcon_core.package_identification:_identify(src/cartographer_ros/docs) by extension 'ignore'
[0.357s] Level 1:colcon.colcon_core.package_identification:_identify(src/cartographer_ros/docs) ignored
[0.357s] Level 1:colcon.colcon_core.package_identification:_identify(src/cartographer_ros/scripts) by extensions ['ignore', 'ignore_ament_install']
[0.357s] Level 1:colcon.colcon_core.package_identification:_identify(src/cartographer_ros/scripts) by extension 'ignore'
[0.357s] Level 1:colcon.colcon_core.package_identification:_identify(src/cartographer_ros/scripts) by extension 'ignore_ament_install'
[0.357s] Level 1:colcon.colcon_core.package_identification:_identify(src/cartographer_ros/scripts) by extensions ['colcon_pkg']
[0.357s] Level 1:colcon.colcon_core.package_identification:_identify(src/cartographer_ros/scripts) by extension 'colcon_pkg'
[0.357s] Level 1:colcon.colcon_core.package_identification:_identify(src/cartographer_ros/scripts) by extensions ['colcon_meta']
[0.357s] Level 1:colcon.colcon_core.package_identification:_identify(src/cartographer_ros/scripts) by extension 'colcon_meta'
[0.357s] Level 1:colcon.colcon_core.package_identification:_identify(src/cartographer_ros/scripts) by extensions ['ros']
[0.357s] Level 1:colcon.colcon_core.package_identification:_identify(src/cartographer_ros/scripts) by extension 'ros'
[0.357s] Level 1:colcon.colcon_core.package_identification:_identify(src/cartographer_ros/scripts) by extensions ['cmake', 'python']
[0.357s] Level 1:colcon.colcon_core.package_identification:_identify(src/cartographer_ros/scripts) by extension 'cmake'
[0.357s] Level 1:colcon.colcon_core.package_identification:_identify(src/cartographer_ros/scripts) by extension 'python'
[0.357s] Level 1:colcon.colcon_core.package_identification:_identify(src/cartographer_ros/scripts) by extensions ['python_setup_py']
[0.357s] Level 1:colcon.colcon_core.package_identification:_identify(src/cartographer_ros/scripts) by extension 'python_setup_py'
[0.357s] Level 1:colcon.colcon_core.package_discovery:discover_packages(recursive) using defaults
[0.358s] Level 1:colcon.colcon_core.package_discovery:discover_packages(ignore) discover
[0.358s] Level 1:colcon.colcon_core.package_discovery:discover_packages(ignore) using defaults
[0.358s] Level 1:colcon.colcon_core.package_discovery:discover_packages(path) discover
[0.358s] Level 1:colcon.colcon_core.package_discovery:discover_packages(path) using defaults
[0.379s] Level 1:colcon.colcon_core.package_discovery:discover_packages(prefix_path) check parameters
[0.379s] Level 1:colcon.colcon_core.package_discovery:discover_packages(prefix_path) discover
[0.382s] DEBUG:colcon.colcon_installed_package_information.package_discovery:Found 343 installed packages in /opt/ros/humble
[0.384s] Level 1:colcon.colcon_core.package_discovery:discover_packages(prefix_path) using defaults
[0.444s] WARNING:colcon.colcon_core.package_selection:Some selected packages are already built in one or more underlay workspaces:
	'cartographer_ros' is in: /opt/ros/humble
If a package in a merged underlay workspace is overridden and it installs headers, then all packages in the overlay must sort their include directories by workspace order. Failure to do so may result in build failures or undefined behavior at run time.
If the overridden package is used by another package in any underlay, then the overriding package in the overlay must be API and ABI compatible or undefined behavior at run time may occur.

If you understand the risks and want to override a package anyways, add the following to the command line:
	--allow-overriding cartographer_ros

This may be promoted to an error in a future release of colcon-override-check.
[0.445s] Level 5:colcon.colcon_core.verb:set package 'cartographer' build argument 'cmake_args' from command line to 'None'
[0.446s] Level 5:colcon.colcon_core.verb:set package 'cartographer' build argument 'cmake_target' from command line to 'None'
[0.446s] Level 5:colcon.colcon_core.verb:set package 'cartographer' build argument 'cmake_target_skip_unavailable' from command line to 'False'
[0.446s] Level 5:colcon.colcon_core.verb:set package 'cartographer' build argument 'cmake_clean_cache' from command line to 'False'
[0.446s] Level 5:colcon.colcon_core.verb:set package 'cartographer' build argument 'cmake_clean_first' from command line to 'False'
[0.446s] Level 5:colcon.colcon_core.verb:set package 'cartographer' build argument 'cmake_force_configure' from command line to 'False'
[0.446s] Level 5:colcon.colcon_core.verb:set package 'cartographer' build argument 'ament_cmake_args' from command line to 'None'
[0.446s] Level 5:colcon.colcon_core.verb:set package 'cartographer' build argument 'catkin_cmake_args' from command line to 'None'
[0.446s] Level 5:colcon.colcon_core.verb:set package 'cartographer' build argument 'catkin_skip_building_tests' from command line to 'False'
[0.446s] DEBUG:colcon.colcon_core.verb:Building package 'cartographer' with the following arguments: {'ament_cmake_args': None, 'build_base': '/root/cartographer_ws/build/cartographer', 'catkin_cmake_args': None, 'catkin_skip_building_tests': False, 'cmake_args': None, 'cmake_clean_cache': False, 'cmake_clean_first': False, 'cmake_force_configure': False, 'cmake_target': None, 'cmake_target_skip_unavailable': False, 'install_base': '/root/cartographer_ws/install/cartographer', 'merge_install': False, 'path': '/root/cartographer_ws/src/cartographer', 'symlink_install': True, 'test_result_base': None}
[0.446s] Level 5:colcon.colcon_core.verb:set package 'cartographer_ros_msgs' build argument 'cmake_args' from command line to 'None'
[0.446s] Level 5:colcon.colcon_core.verb:set package 'cartographer_ros_msgs' build argument 'cmake_target' from command line to 'None'
[0.446s] Level 5:colcon.colcon_core.verb:set package 'cartographer_ros_msgs' build argument 'cmake_target_skip_unavailable' from command line to 'False'
[0.446s] Level 5:colcon.colcon_core.verb:set package 'cartographer_ros_msgs' build argument 'cmake_clean_cache' from command line to 'False'
[0.446s] Level 5:colcon.colcon_core.verb:set package 'cartographer_ros_msgs' build argument 'cmake_clean_first' from command line to 'False'
[0.446s] Level 5:colcon.colcon_core.verb:set package 'cartographer_ros_msgs' build argument 'cmake_force_configure' from command line to 'False'
[0.446s] Level 5:colcon.colcon_core.verb:set package 'cartographer_ros_msgs' build argument 'ament_cmake_args' from command line to 'None'
[0.446s] Level 5:colcon.colcon_core.verb:set package 'cartographer_ros_msgs' build argument 'catkin_cmake_args' from command line to 'None'
[0.446s] Level 5:colcon.colcon_core.verb:set package 'cartographer_ros_msgs' build argument 'catkin_skip_building_tests' from command line to 'False'
[0.446s] DEBUG:colcon.colcon_core.verb:Building package 'cartographer_ros_msgs' with the following arguments: {'ament_cmake_args': None, 'build_base': '/root/cartographer_ws/build/cartographer_ros_msgs', 'catkin_cmake_args': None, 'catkin_skip_building_tests': False, 'cmake_args': None, 'cmake_clean_cache': False, 'cmake_clean_first': False, 'cmake_force_configure': False, 'cmake_target': None, 'cmake_target_skip_unavailable': False, 'install_base': '/root/cartographer_ws/install/cartographer_ros_msgs', 'merge_install': False, 'path': '/root/cartographer_ws/src/cartographer_ros/cartographer_ros_msgs', 'symlink_install': True, 'test_result_base': None}
[0.447s] Level 5:colcon.colcon_core.verb:set package 'cartographer_ros' build argument 'cmake_args' from command line to 'None'
[0.447s] Level 5:colcon.colcon_core.verb:set package 'cartographer_ros' build argument 'cmake_target' from command line to 'None'
[0.447s] Level 5:colcon.colcon_core.verb:set package 'cartographer_ros' build argument 'cmake_target_skip_unavailable' from command line to 'False'
[0.447s] Level 5:colcon.colcon_core.verb:set package 'cartographer_ros' build argument 'cmake_clean_cache' from command line to 'False'
[0.447s] Level 5:colcon.colcon_core.verb:set package 'cartographer_ros' build argument 'cmake_clean_first' from command line to 'False'
[0.447s] Level 5:colcon.colcon_core.verb:set package 'cartographer_ros' build argument 'cmake_force_configure' from command line to 'False'
[0.447s] Level 5:colcon.colcon_core.verb:set package 'cartographer_ros' build argument 'ament_cmake_args' from command line to 'None'
[0.447s] Level 5:colcon.colcon_core.verb:set package 'cartographer_ros' build argument 'catkin_cmake_args' from command line to 'None'
[0.447s] Level 5:colcon.colcon_core.verb:set package 'cartographer_ros' build argument 'catkin_skip_building_tests' from command line to 'False'
[0.447s] DEBUG:colcon.colcon_core.verb:Building package 'cartographer_ros' with the following arguments: {'ament_cmake_args': None, 'build_base': '/root/cartographer_ws/build/cartographer_ros', 'catkin_cmake_args': None, 'catkin_skip_building_tests': False, 'cmake_args': None, 'cmake_clean_cache': False, 'cmake_clean_first': False, 'cmake_force_configure': False, 'cmake_target': None, 'cmake_target_skip_unavailable': False, 'install_base': '/root/cartographer_ws/install/cartographer_ros', 'merge_install': False, 'path': '/root/cartographer_ws/src/cartographer_ros/cartographer_ros', 'symlink_install': True, 'test_result_base': None}
[0.447s] Level 5:colcon.colcon_core.verb:set package 'cartographer_rviz' build argument 'cmake_args' from command line to 'None'
[0.447s] Level 5:colcon.colcon_core.verb:set package 'cartographer_rviz' build argument 'cmake_target' from command line to 'None'
[0.447s] Level 5:colcon.colcon_core.verb:set package 'cartographer_rviz' build argument 'cmake_target_skip_unavailable' from command line to 'False'
[0.448s] Level 5:colcon.colcon_core.verb:set package 'cartographer_rviz' build argument 'cmake_clean_cache' from command line to 'False'
[0.448s] Level 5:colcon.colcon_core.verb:set package 'cartographer_rviz' build argument 'cmake_clean_first' from command line to 'False'
[0.448s] Level 5:colcon.colcon_core.verb:set package 'cartographer_rviz' build argument 'cmake_force_configure' from command line to 'False'
[0.448s] Level 5:colcon.colcon_core.verb:set package 'cartographer_rviz' build argument 'ament_cmake_args' from command line to 'None'
[0.448s] Level 5:colcon.colcon_core.verb:set package 'cartographer_rviz' build argument 'catkin_cmake_args' from command line to 'None'
[0.448s] Level 5:colcon.colcon_core.verb:set package 'cartographer_rviz' build argument 'catkin_skip_building_tests' from command line to 'False'
[0.448s] DEBUG:colcon.colcon_core.verb:Building package 'cartographer_rviz' with the following arguments: {'ament_cmake_args': None, 'build_base': '/root/cartographer_ws/build/cartographer_rviz', 'catkin_cmake_args': None, 'catkin_skip_building_tests': False, 'cmake_args': None, 'cmake_clean_cache': False, 'cmake_clean_first': False, 'cmake_force_configure': False, 'cmake_target': None, 'cmake_target_skip_unavailable': False, 'install_base': '/root/cartographer_ws/install/cartographer_rviz', 'merge_install': False, 'path': '/root/cartographer_ws/src/cartographer_ros/cartographer_rviz', 'symlink_install': True, 'test_result_base': None}
[0.448s] INFO:colcon.colcon_core.executor:Executing jobs using 'parallel' executor
[0.449s] DEBUG:colcon.colcon_parallel_executor.executor.parallel:run_until_complete
[0.449s] INFO:colcon.colcon_ros.task.cmake.build:Building ROS package in '/root/cartographer_ws/src/cartographer' with build type 'cmake'
[0.449s] INFO:colcon.colcon_cmake.task.cmake.build:Building CMake package in '/root/cartographer_ws/src/cartographer'
[0.452s] INFO:colcon.colcon_core.plugin_system:Skipping extension 'colcon_core.shell.bat': Not used on non-Windows systems
[0.452s] INFO:colcon.colcon_core.shell:Skip shell extension 'powershell' for command environment: Not usable outside of PowerShell
[0.452s] DEBUG:colcon.colcon_core.shell:Skip shell extension 'dsv' for command environment
[0.458s] INFO:colcon.colcon_ros.task.ament_cmake.build:Building ROS package in '/root/cartographer_ws/src/cartographer_ros/cartographer_ros_msgs' with build type 'ament_cmake'
[0.458s] INFO:colcon.colcon_cmake.task.cmake.build:Building CMake package in '/root/cartographer_ws/src/cartographer_ros/cartographer_ros_msgs'
[0.459s] INFO:colcon.colcon_core.shell:Skip shell extension 'powershell' for command environment: Not usable outside of PowerShell
[0.459s] DEBUG:colcon.colcon_core.shell:Skip shell extension 'dsv' for command environment
[0.466s] DEBUG:colcon.colcon_core.event_handler.log_command:Invoking command in '/root/cartographer_ws/build/cartographer': CMAKE_PREFIX_PATH=/opt/ros/humble /usr/bin/cmake /root/cartographer_ws/src/cartographer -DCMAKE_INSTALL_PREFIX=/root/cartographer_ws/install/cartographer
[0.469s] DEBUG:colcon.colcon_core.event_handler.log_command:Invoking command in '/root/cartographer_ws/build/cartographer_ros_msgs': CMAKE_PREFIX_PATH=/opt/ros/humble /usr/bin/cmake /root/cartographer_ws/src/cartographer_ros/cartographer_ros_msgs -DAMENT_CMAKE_SYMLINK_INSTALL=1 -DCMAKE_INSTALL_PREFIX=/root/cartographer_ws/install/cartographer_ros_msgs
[1.957s] DEBUG:colcon.colcon_core.event_handler.log_command:Invoked command in '/root/cartographer_ws/build/cartographer' returned '0': CMAKE_PREFIX_PATH=/opt/ros/humble /usr/bin/cmake /root/cartographer_ws/src/cartographer -DCMAKE_INSTALL_PREFIX=/root/cartographer_ws/install/cartographer
[1.959s] DEBUG:colcon.colcon_core.event_handler.log_command:Invoking command in '/root/cartographer_ws/build/cartographer': CMAKE_PREFIX_PATH=/opt/ros/humble /usr/bin/cmake --build /root/cartographer_ws/build/cartographer -- -j8 -l8
[3.899s] DEBUG:colcon.colcon_core.event_handler.log_command:Invoked command in '/root/cartographer_ws/build/cartographer_ros_msgs' returned '0': CMAKE_PREFIX_PATH=/opt/ros/humble /usr/bin/cmake /root/cartographer_ws/src/cartographer_ros/cartographer_ros_msgs -DAMENT_CMAKE_SYMLINK_INSTALL=1 -DCMAKE_INSTALL_PREFIX=/root/cartographer_ws/install/cartographer_ros_msgs
[3.900s] DEBUG:colcon.colcon_core.event_handler.log_command:Invoking command in '/root/cartographer_ws/build/cartographer_ros_msgs': CMAKE_PREFIX_PATH=/opt/ros/humble /usr/bin/cmake --build /root/cartographer_ws/build/cartographer_ros_msgs -- -j8 -l8
[62.986s] DEBUG:colcon.colcon_core.event_handler.log_command:Invoked command in '/root/cartographer_ws/build/cartographer_ros_msgs' returned '0': CMAKE_PREFIX_PATH=/opt/ros/humble /usr/bin/cmake --build /root/cartographer_ws/build/cartographer_ros_msgs -- -j8 -l8
[68.223s] DEBUG:colcon.colcon_core.event_handler.log_command:Invoking command in '/root/cartographer_ws/build/cartographer_ros_msgs': CMAKE_PREFIX_PATH=/opt/ros/humble /usr/bin/cmake --install /root/cartographer_ws/build/cartographer_ros_msgs
[74.414s] Level 1:colcon.colcon_core.environment:create_environment_scripts_only(cartographer_ros_msgs)
[74.415s] DEBUG:colcon.colcon_core.event_handler.log_command:Invoked command in '/root/cartographer_ws/build/cartographer_ros_msgs' returned '0': CMAKE_PREFIX_PATH=/opt/ros/humble /usr/bin/cmake --install /root/cartographer_ws/build/cartographer_ros_msgs
[74.420s] Level 1:colcon.colcon_core.environment:checking '/root/cartographer_ws/install/cartographer_ros_msgs' for CMake module files
[74.422s] Level 1:colcon.colcon_core.environment:checking '/root/cartographer_ws/install/cartographer_ros_msgs' for CMake config files
[74.422s] Level 1:colcon.colcon_core.shell:create_environment_hook('cartographer_ros_msgs', 'cmake_prefix_path')
[74.423s] INFO:colcon.colcon_core.shell:Creating environment hook '/root/cartographer_ws/install/cartographer_ros_msgs/share/cartographer_ros_msgs/hook/cmake_prefix_path.ps1'
[74.424s] INFO:colcon.colcon_core.shell:Creating environment descriptor '/root/cartographer_ws/install/cartographer_ros_msgs/share/cartographer_ros_msgs/hook/cmake_prefix_path.dsv'
[74.424s] INFO:colcon.colcon_core.shell:Creating environment hook '/root/cartographer_ws/install/cartographer_ros_msgs/share/cartographer_ros_msgs/hook/cmake_prefix_path.sh'
[74.426s] Level 1:colcon.colcon_core.environment:checking '/root/cartographer_ws/install/cartographer_ros_msgs/lib'
[74.426s] Level 1:colcon.colcon_core.shell:create_environment_hook('cartographer_ros_msgs', 'ld_library_path_lib')
[74.426s] INFO:colcon.colcon_core.shell:Creating environment hook '/root/cartographer_ws/install/cartographer_ros_msgs/share/cartographer_ros_msgs/hook/ld_library_path_lib.ps1'
[74.427s] INFO:colcon.colcon_core.shell:Creating environment descriptor '/root/cartographer_ws/install/cartographer_ros_msgs/share/cartographer_ros_msgs/hook/ld_library_path_lib.dsv'
[74.428s] INFO:colcon.colcon_core.shell:Creating environment hook '/root/cartographer_ws/install/cartographer_ros_msgs/share/cartographer_ros_msgs/hook/ld_library_path_lib.sh'
[74.428s] Level 1:colcon.colcon_core.environment:checking '/root/cartographer_ws/install/cartographer_ros_msgs/bin'
[74.428s] Level 1:colcon.colcon_core.environment:checking '/root/cartographer_ws/install/cartographer_ros_msgs/lib/pkgconfig/cartographer_ros_msgs.pc'
[74.429s] Level 1:colcon.colcon_core.environment:checking '/root/cartographer_ws/install/cartographer_ros_msgs/lib/python3.10/site-packages'
[74.429s] Level 1:colcon.colcon_core.environment:checking '/root/cartographer_ws/install/cartographer_ros_msgs/bin'
[74.430s] INFO:colcon.colcon_core.shell:Creating package script '/root/cartographer_ws/install/cartographer_ros_msgs/share/cartographer_ros_msgs/package.ps1'
[74.431s] INFO:colcon.colcon_core.shell:Creating package descriptor '/root/cartographer_ws/install/cartographer_ros_msgs/share/cartographer_ros_msgs/package.dsv'
[74.432s] INFO:colcon.colcon_core.shell:Creating package script '/root/cartographer_ws/install/cartographer_ros_msgs/share/cartographer_ros_msgs/package.sh'
[74.433s] INFO:colcon.colcon_core.shell:Creating package script '/root/cartographer_ws/install/cartographer_ros_msgs/share/cartographer_ros_msgs/package.bash'
[74.434s] INFO:colcon.colcon_core.shell:Creating package script '/root/cartographer_ws/install/cartographer_ros_msgs/share/cartographer_ros_msgs/package.zsh'
[74.435s] Level 1:colcon.colcon_core.environment:create_file_with_runtime_dependencies(/root/cartographer_ws/install/cartographer_ros_msgs/share/colcon-core/packages/cartographer_ros_msgs)
[75.371s] Level 1:colcon.colcon_core.environment:create_environment_scripts_only(cartographer_ros_msgs)
[75.372s] Level 1:colcon.colcon_core.environment:checking '/root/cartographer_ws/install/cartographer_ros_msgs' for CMake module files
[75.374s] Level 1:colcon.colcon_core.environment:checking '/root/cartographer_ws/install/cartographer_ros_msgs' for CMake config files
[75.375s] Level 1:colcon.colcon_core.shell:create_environment_hook('cartographer_ros_msgs', 'cmake_prefix_path')
[75.376s] INFO:colcon.colcon_core.shell:Creating environment hook '/root/cartographer_ws/install/cartographer_ros_msgs/share/cartographer_ros_msgs/hook/cmake_prefix_path.ps1'
[75.377s] INFO:colcon.colcon_core.shell:Creating environment descriptor '/root/cartographer_ws/install/cartographer_ros_msgs/share/cartographer_ros_msgs/hook/cmake_prefix_path.dsv'
[75.378s] INFO:colcon.colcon_core.shell:Creating environment hook '/root/cartographer_ws/install/cartographer_ros_msgs/share/cartographer_ros_msgs/hook/cmake_prefix_path.sh'
[75.379s] Level 1:colcon.colcon_core.environment:checking '/root/cartographer_ws/install/cartographer_ros_msgs/lib'
[75.379s] Level 1:colcon.colcon_core.shell:create_environment_hook('cartographer_ros_msgs', 'ld_library_path_lib')
[75.380s] INFO:colcon.colcon_core.shell:Creating environment hook '/root/cartographer_ws/install/cartographer_ros_msgs/share/cartographer_ros_msgs/hook/ld_library_path_lib.ps1'
[75.381s] INFO:colcon.colcon_core.shell:Creating environment descriptor '/root/cartographer_ws/install/cartographer_ros_msgs/share/cartographer_ros_msgs/hook/ld_library_path_lib.dsv'
[75.382s] INFO:colcon.colcon_core.shell:Creating environment hook '/root/cartographer_ws/install/cartographer_ros_msgs/share/cartographer_ros_msgs/hook/ld_library_path_lib.sh'
[75.383s] Level 1:colcon.colcon_core.environment:checking '/root/cartographer_ws/install/cartographer_ros_msgs/bin'
[75.383s] Level 1:colcon.colcon_core.environment:checking '/root/cartographer_ws/install/cartographer_ros_msgs/lib/pkgconfig/cartographer_ros_msgs.pc'
[75.384s] Level 1:colcon.colcon_core.environment:checking '/root/cartographer_ws/install/cartographer_ros_msgs/lib/python3.10/site-packages'
[75.384s] Level 1:colcon.colcon_core.environment:checking '/root/cartographer_ws/install/cartographer_ros_msgs/bin'
[75.385s] INFO:colcon.colcon_core.shell:Creating package script '/root/cartographer_ws/install/cartographer_ros_msgs/share/cartographer_ros_msgs/package.ps1'
[75.386s] INFO:colcon.colcon_core.shell:Creating package descriptor '/root/cartographer_ws/install/cartographer_ros_msgs/share/cartographer_ros_msgs/package.dsv'
[75.388s] INFO:colcon.colcon_core.shell:Creating package script '/root/cartographer_ws/install/cartographer_ros_msgs/share/cartographer_ros_msgs/package.sh'
[75.389s] INFO:colcon.colcon_core.shell:Creating package script '/root/cartographer_ws/install/cartographer_ros_msgs/share/cartographer_ros_msgs/package.bash'
[75.390s] INFO:colcon.colcon_core.shell:Creating package script '/root/cartographer_ws/install/cartographer_ros_msgs/share/cartographer_ros_msgs/package.zsh'
[75.391s] Level 1:colcon.colcon_core.environment:create_file_with_runtime_dependencies(/root/cartographer_ws/install/cartographer_ros_msgs/share/colcon-core/packages/cartographer_ros_msgs)
[369.197s] DEBUG:colcon.colcon_core.event_handler.log_command:Invoked command in '/root/cartographer_ws/build/cartographer' returned '0': CMAKE_PREFIX_PATH=/opt/ros/humble /usr/bin/cmake --build /root/cartographer_ws/build/cartographer -- -j8 -l8
[370.185s] DEBUG:colcon.colcon_core.event_handler.log_command:Invoking command in '/root/cartographer_ws/build/cartographer': CMAKE_PREFIX_PATH=/opt/ros/humble /usr/bin/cmake --install /root/cartographer_ws/build/cartographer
[370.261s] DEBUG:colcon.colcon_core.event_handler.log_command:Invoked command in '/root/cartographer_ws/build/cartographer' returned '0': CMAKE_PREFIX_PATH=/opt/ros/humble /usr/bin/cmake --install /root/cartographer_ws/build/cartographer
[371.044s] Level 1:colcon.colcon_core.shell:create_environment_hook('cartographer', 'pkg_config_path')
[371.045s] INFO:colcon.colcon_core.shell:Creating environment hook '/root/cartographer_ws/install/cartographer/share/cartographer/hook/pkg_config_path.ps1'
[371.045s] INFO:colcon.colcon_core.shell:Creating environment descriptor '/root/cartographer_ws/install/cartographer/share/cartographer/hook/pkg_config_path.dsv'
[371.046s] INFO:colcon.colcon_core.shell:Creating environment hook '/root/cartographer_ws/install/cartographer/share/cartographer/hook/pkg_config_path.sh'
[371.047s] Level 1:colcon.colcon_core.shell:create_environment_hook('cartographer', 'pkg_config_path_multiarch')
[371.048s] INFO:colcon.colcon_core.shell:Creating environment hook '/root/cartographer_ws/install/cartographer/share/cartographer/hook/pkg_config_path_multiarch.ps1'
[371.048s] INFO:colcon.colcon_core.shell:Creating environment descriptor '/root/cartographer_ws/install/cartographer/share/cartographer/hook/pkg_config_path_multiarch.dsv'
[371.048s] INFO:colcon.colcon_core.shell:Creating environment hook '/root/cartographer_ws/install/cartographer/share/cartographer/hook/pkg_config_path_multiarch.sh'
[371.049s] Level 1:colcon.colcon_core.environment:create_environment_scripts_only(cartographer)
[371.049s] Level 1:colcon.colcon_core.environment:checking '/root/cartographer_ws/install/cartographer' for CMake module files
[371.049s] Level 1:colcon.colcon_core.environment:checking '/root/cartographer_ws/install/cartographer' for CMake config files
[371.049s] Level 1:colcon.colcon_core.shell:create_environment_hook('cartographer', 'cmake_prefix_path')
[371.050s] INFO:colcon.colcon_core.shell:Creating environment hook '/root/cartographer_ws/install/cartographer/share/cartographer/hook/cmake_prefix_path.ps1'
[371.050s] INFO:colcon.colcon_core.shell:Creating environment descriptor '/root/cartographer_ws/install/cartographer/share/cartographer/hook/cmake_prefix_path.dsv'
[371.050s] INFO:colcon.colcon_core.shell:Creating environment hook '/root/cartographer_ws/install/cartographer/share/cartographer/hook/cmake_prefix_path.sh'
[371.051s] Level 1:colcon.colcon_core.environment:checking '/root/cartographer_ws/install/cartographer/lib'
[371.051s] Level 1:colcon.colcon_core.environment:checking '/root/cartographer_ws/install/cartographer/bin'
[371.051s] Level 1:colcon.colcon_core.shell:create_environment_hook('cartographer', 'path')
[371.051s] INFO:colcon.colcon_core.shell:Creating environment hook '/root/cartographer_ws/install/cartographer/share/cartographer/hook/path.ps1'
[371.051s] INFO:colcon.colcon_core.shell:Creating environment descriptor '/root/cartographer_ws/install/cartographer/share/cartographer/hook/path.dsv'
[371.052s] INFO:colcon.colcon_core.shell:Creating environment hook '/root/cartographer_ws/install/cartographer/share/cartographer/hook/path.sh'
[371.052s] Level 1:colcon.colcon_core.environment:checking '/root/cartographer_ws/install/cartographer/lib/pkgconfig/cartographer.pc'
[371.052s] Level 1:colcon.colcon_core.environment:checking '/root/cartographer_ws/install/cartographer/lib/python3.10/site-packages'
[371.053s] Level 1:colcon.colcon_core.environment:checking '/root/cartographer_ws/install/cartographer/bin'
[371.053s] Level 1:colcon.colcon_core.shell:create_environment_hook('cartographer', 'pythonscriptspath')
[371.053s] INFO:colcon.colcon_core.shell:Creating environment hook '/root/cartographer_ws/install/cartographer/share/cartographer/hook/pythonscriptspath.ps1'
[371.053s] INFO:colcon.colcon_core.shell:Creating environment descriptor '/root/cartographer_ws/install/cartographer/share/cartographer/hook/pythonscriptspath.dsv'
[371.054s] INFO:colcon.colcon_core.shell:Creating environment hook '/root/cartographer_ws/install/cartographer/share/cartographer/hook/pythonscriptspath.sh'
[371.054s] INFO:colcon.colcon_core.shell:Creating package script '/root/cartographer_ws/install/cartographer/share/cartographer/package.ps1'
[371.055s] INFO:colcon.colcon_core.shell:Creating package descriptor '/root/cartographer_ws/install/cartographer/share/cartographer/package.dsv'
[371.055s] INFO:colcon.colcon_core.shell:Creating package script '/root/cartographer_ws/install/cartographer/share/cartographer/package.sh'
[371.056s] INFO:colcon.colcon_core.shell:Creating package script '/root/cartographer_ws/install/cartographer/share/cartographer/package.bash'
[371.056s] INFO:colcon.colcon_core.shell:Creating package script '/root/cartographer_ws/install/cartographer/share/cartographer/package.zsh'
[371.057s] Level 1:colcon.colcon_core.environment:create_file_with_runtime_dependencies(/root/cartographer_ws/install/cartographer/share/colcon-core/packages/cartographer)
[371.057s] INFO:colcon.colcon_ros.task.ament_cmake.build:Building ROS package in '/root/cartographer_ws/src/cartographer_ros/cartographer_ros' with build type 'ament_cmake'
[371.057s] INFO:colcon.colcon_cmake.task.cmake.build:Building CMake package in '/root/cartographer_ws/src/cartographer_ros/cartographer_ros'
[371.057s] INFO:colcon.colcon_core.shell:Skip shell extension 'powershell' for command environment: Not usable outside of PowerShell
[371.057s] DEBUG:colcon.colcon_core.shell:Skip shell extension 'dsv' for command environment
[371.071s] DEBUG:colcon.colcon_core.event_handler.log_command:Invoking command in '/root/cartographer_ws/build/cartographer_ros': AMENT_PREFIX_PATH=/root/cartographer_ws/install/cartographer_ros_msgs:${AMENT_PREFIX_PATH} CMAKE_PREFIX_PATH=/root/cartographer_ws/install/cartographer_ros_msgs:/root/cartographer_ws/install/cartographer:/opt/ros/humble LD_LIBRARY_PATH=/root/cartographer_ws/install/cartographer_ros_msgs/lib:${LD_LIBRARY_PATH} PATH=/root/cartographer_ws/install/cartographer/bin:${PATH} PKG_CONFIG_PATH=/root/cartographer_ws/install/cartographer/lib/x86_64-linux-gnu/pkgconfig:/root/cartographer_ws/install/cartographer/lib/pkgconfig PYTHONPATH=/root/cartographer_ws/install/cartographer_ros_msgs/local/lib/python3.10/dist-packages:${PYTHONPATH} /usr/bin/cmake /root/cartographer_ws/src/cartographer_ros/cartographer_ros -DAMENT_CMAKE_SYMLINK_INSTALL=1 -DCMAKE_INSTALL_PREFIX=/root/cartographer_ws/install/cartographer_ros
[375.234s] DEBUG:colcon.colcon_core.event_handler.log_command:Invoked command in '/root/cartographer_ws/build/cartographer_ros' returned '0': AMENT_PREFIX_PATH=/root/cartographer_ws/install/cartographer_ros_msgs:${AMENT_PREFIX_PATH} CMAKE_PREFIX_PATH=/root/cartographer_ws/install/cartographer_ros_msgs:/root/cartographer_ws/install/cartographer:/opt/ros/humble LD_LIBRARY_PATH=/root/cartographer_ws/install/cartographer_ros_msgs/lib:${LD_LIBRARY_PATH} PATH=/root/cartographer_ws/install/cartographer/bin:${PATH} PKG_CONFIG_PATH=/root/cartographer_ws/install/cartographer/lib/x86_64-linux-gnu/pkgconfig:/root/cartographer_ws/install/cartographer/lib/pkgconfig PYTHONPATH=/root/cartographer_ws/install/cartographer_ros_msgs/local/lib/python3.10/dist-packages:${PYTHONPATH} /usr/bin/cmake /root/cartographer_ws/src/cartographer_ros/cartographer_ros -DAMENT_CMAKE_SYMLINK_INSTALL=1 -DCMAKE_INSTALL_PREFIX=/root/cartographer_ws/install/cartographer_ros
[375.236s] DEBUG:colcon.colcon_core.event_handler.log_command:Invoking command in '/root/cartographer_ws/build/cartographer_ros': AMENT_PREFIX_PATH=/root/cartographer_ws/install/cartographer_ros_msgs:${AMENT_PREFIX_PATH} CMAKE_PREFIX_PATH=/root/cartographer_ws/install/cartographer_ros_msgs:/root/cartographer_ws/install/cartographer:/opt/ros/humble LD_LIBRARY_PATH=/root/cartographer_ws/install/cartographer_ros_msgs/lib:${LD_LIBRARY_PATH} PATH=/root/cartographer_ws/install/cartographer/bin:${PATH} PKG_CONFIG_PATH=/root/cartographer_ws/install/cartographer/lib/x86_64-linux-gnu/pkgconfig:/root/cartographer_ws/install/cartographer/lib/pkgconfig PYTHONPATH=/root/cartographer_ws/install/cartographer_ros_msgs/local/lib/python3.10/dist-packages:${PYTHONPATH} /usr/bin/cmake --build /root/cartographer_ws/build/cartographer_ros -- -j8 -l8
[471.490s] DEBUG:colcon.colcon_core.event_handler.log_command:Invoked command in '/root/cartographer_ws/build/cartographer_ros' returned '0': AMENT_PREFIX_PATH=/root/cartographer_ws/install/cartographer_ros_msgs:${AMENT_PREFIX_PATH} CMAKE_PREFIX_PATH=/root/cartographer_ws/install/cartographer_ros_msgs:/root/cartographer_ws/install/cartographer:/opt/ros/humble LD_LIBRARY_PATH=/root/cartographer_ws/install/cartographer_ros_msgs/lib:${LD_LIBRARY_PATH} PATH=/root/cartographer_ws/install/cartographer/bin:${PATH} PKG_CONFIG_PATH=/root/cartographer_ws/install/cartographer/lib/x86_64-linux-gnu/pkgconfig:/root/cartographer_ws/install/cartographer/lib/pkgconfig PYTHONPATH=/root/cartographer_ws/install/cartographer_ros_msgs/local/lib/python3.10/dist-packages:${PYTHONPATH} /usr/bin/cmake --build /root/cartographer_ws/build/cartographer_ros -- -j8 -l8
[471.601s] DEBUG:colcon.colcon_core.event_handler.log_command:Invoking command in '/root/cartographer_ws/build/cartographer_ros': AMENT_PREFIX_PATH=/root/cartographer_ws/install/cartographer_ros_msgs:${AMENT_PREFIX_PATH} CMAKE_PREFIX_PATH=/root/cartographer_ws/install/cartographer_ros_msgs:/root/cartographer_ws/install/cartographer:/opt/ros/humble LD_LIBRARY_PATH=/root/cartographer_ws/install/cartographer_ros_msgs/lib:${LD_LIBRARY_PATH} PATH=/root/cartographer_ws/install/cartographer/bin:${PATH} PKG_CONFIG_PATH=/root/cartographer_ws/install/cartographer/lib/x86_64-linux-gnu/pkgconfig:/root/cartographer_ws/install/cartographer/lib/pkgconfig PYTHONPATH=/root/cartographer_ws/install/cartographer_ros_msgs/local/lib/python3.10/dist-packages:${PYTHONPATH} /usr/bin/cmake --install /root/cartographer_ws/build/cartographer_ros
[472.617s] Level 1:colcon.colcon_core.environment:create_environment_scripts_only(cartographer_ros)
[472.618s] Level 1:colcon.colcon_core.environment:checking '/root/cartographer_ws/install/cartographer_ros' for CMake module files
[472.618s] DEBUG:colcon.colcon_core.event_handler.log_command:Invoked command in '/root/cartographer_ws/build/cartographer_ros' returned '0': AMENT_PREFIX_PATH=/root/cartographer_ws/install/cartographer_ros_msgs:${AMENT_PREFIX_PATH} CMAKE_PREFIX_PATH=/root/cartographer_ws/install/cartographer_ros_msgs:/root/cartographer_ws/install/cartographer:/opt/ros/humble LD_LIBRARY_PATH=/root/cartographer_ws/install/cartographer_ros_msgs/lib:${LD_LIBRARY_PATH} PATH=/root/cartographer_ws/install/cartographer/bin:${PATH} PKG_CONFIG_PATH=/root/cartographer_ws/install/cartographer/lib/x86_64-linux-gnu/pkgconfig:/root/cartographer_ws/install/cartographer/lib/pkgconfig PYTHONPATH=/root/cartographer_ws/install/cartographer_ros_msgs/local/lib/python3.10/dist-packages:${PYTHONPATH} /usr/bin/cmake --install /root/cartographer_ws/build/cartographer_ros
[472.619s] Level 1:colcon.colcon_core.environment:checking '/root/cartographer_ws/install/cartographer_ros' for CMake config files
[472.620s] Level 1:colcon.colcon_core.shell:create_environment_hook('cartographer_ros', 'cmake_prefix_path')
[472.620s] INFO:colcon.colcon_core.shell:Creating environment hook '/root/cartographer_ws/install/cartographer_ros/share/cartographer_ros/hook/cmake_prefix_path.ps1'
[472.621s] INFO:colcon.colcon_core.shell:Creating environment descriptor '/root/cartographer_ws/install/cartographer_ros/share/cartographer_ros/hook/cmake_prefix_path.dsv'
[472.621s] INFO:colcon.colcon_core.shell:Creating environment hook '/root/cartographer_ws/install/cartographer_ros/share/cartographer_ros/hook/cmake_prefix_path.sh'
[472.622s] Level 1:colcon.colcon_core.environment:checking '/root/cartographer_ws/install/cartographer_ros/lib'
[472.622s] Level 1:colcon.colcon_core.environment:checking '/root/cartographer_ws/install/cartographer_ros/bin'
[472.622s] Level 1:colcon.colcon_core.environment:checking '/root/cartographer_ws/install/cartographer_ros/lib/pkgconfig/cartographer_ros.pc'
[472.622s] Level 1:colcon.colcon_core.environment:checking '/root/cartographer_ws/install/cartographer_ros/lib/python3.10/site-packages'
[472.623s] Level 1:colcon.colcon_core.environment:checking '/root/cartographer_ws/install/cartographer_ros/bin'
[472.623s] INFO:colcon.colcon_core.shell:Creating package script '/root/cartographer_ws/install/cartographer_ros/share/cartographer_ros/package.ps1'
[472.624s] INFO:colcon.colcon_core.shell:Creating package descriptor '/root/cartographer_ws/install/cartographer_ros/share/cartographer_ros/package.dsv'
[472.624s] INFO:colcon.colcon_core.shell:Creating package script '/root/cartographer_ws/install/cartographer_ros/share/cartographer_ros/package.sh'
[472.625s] INFO:colcon.colcon_core.shell:Creating package script '/root/cartographer_ws/install/cartographer_ros/share/cartographer_ros/package.bash'
[472.625s] INFO:colcon.colcon_core.shell:Creating package script '/root/cartographer_ws/install/cartographer_ros/share/cartographer_ros/package.zsh'
[472.625s] Level 1:colcon.colcon_core.environment:create_file_with_runtime_dependencies(/root/cartographer_ws/install/cartographer_ros/share/colcon-core/packages/cartographer_ros)
[472.731s] Level 1:colcon.colcon_core.environment:create_environment_scripts_only(cartographer_ros)
[472.731s] Level 1:colcon.colcon_core.environment:checking '/root/cartographer_ws/install/cartographer_ros' for CMake module files
[472.732s] Level 1:colcon.colcon_core.environment:checking '/root/cartographer_ws/install/cartographer_ros' for CMake config files
[472.732s] Level 1:colcon.colcon_core.shell:create_environment_hook('cartographer_ros', 'cmake_prefix_path')
[472.732s] INFO:colcon.colcon_core.shell:Creating environment hook '/root/cartographer_ws/install/cartographer_ros/share/cartographer_ros/hook/cmake_prefix_path.ps1'
[472.733s] INFO:colcon.colcon_core.shell:Creating environment descriptor '/root/cartographer_ws/install/cartographer_ros/share/cartographer_ros/hook/cmake_prefix_path.dsv'
[472.733s] INFO:colcon.colcon_core.shell:Creating environment hook '/root/cartographer_ws/install/cartographer_ros/share/cartographer_ros/hook/cmake_prefix_path.sh'
[472.734s] Level 1:colcon.colcon_core.environment:checking '/root/cartographer_ws/install/cartographer_ros/lib'
[472.734s] Level 1:colcon.colcon_core.environment:checking '/root/cartographer_ws/install/cartographer_ros/bin'
[472.734s] Level 1:colcon.colcon_core.environment:checking '/root/cartographer_ws/install/cartographer_ros/lib/pkgconfig/cartographer_ros.pc'
[472.734s] Level 1:colcon.colcon_core.environment:checking '/root/cartographer_ws/install/cartographer_ros/lib/python3.10/site-packages'
[472.734s] Level 1:colcon.colcon_core.environment:checking '/root/cartographer_ws/install/cartographer_ros/bin'
[472.735s] INFO:colcon.colcon_core.shell:Creating package script '/root/cartographer_ws/install/cartographer_ros/share/cartographer_ros/package.ps1'
[472.735s] INFO:colcon.colcon_core.shell:Creating package descriptor '/root/cartographer_ws/install/cartographer_ros/share/cartographer_ros/package.dsv'
[472.736s] INFO:colcon.colcon_core.shell:Creating package script '/root/cartographer_ws/install/cartographer_ros/share/cartographer_ros/package.sh'
[472.736s] INFO:colcon.colcon_core.shell:Creating package script '/root/cartographer_ws/install/cartographer_ros/share/cartographer_ros/package.bash'
[472.736s] INFO:colcon.colcon_core.shell:Creating package script '/root/cartographer_ws/install/cartographer_ros/share/cartographer_ros/package.zsh'
[472.737s] Level 1:colcon.colcon_core.environment:create_file_with_runtime_dependencies(/root/cartographer_ws/install/cartographer_ros/share/colcon-core/packages/cartographer_ros)
[472.737s] INFO:colcon.colcon_ros.task.ament_cmake.build:Building ROS package in '/root/cartographer_ws/src/cartographer_ros/cartographer_rviz' with build type 'ament_cmake'
[472.737s] INFO:colcon.colcon_cmake.task.cmake.build:Building CMake package in '/root/cartographer_ws/src/cartographer_ros/cartographer_rviz'
[472.737s] INFO:colcon.colcon_core.shell:Skip shell extension 'powershell' for command environment: Not usable outside of PowerShell
[472.737s] DEBUG:colcon.colcon_core.shell:Skip shell extension 'dsv' for command environment
[472.754s] DEBUG:colcon.colcon_core.event_handler.log_command:Invoking command in '/root/cartographer_ws/build/cartographer_rviz': AMENT_PREFIX_PATH=/root/cartographer_ws/install/cartographer_ros:/root/cartographer_ws/install/cartographer_ros_msgs:${AMENT_PREFIX_PATH} CMAKE_PREFIX_PATH=/root/cartographer_ws/install/cartographer_ros:/root/cartographer_ws/install/cartographer_ros_msgs:/root/cartographer_ws/install/cartographer:/opt/ros/humble LD_LIBRARY_PATH=/root/cartographer_ws/install/cartographer_ros/lib:/root/cartographer_ws/install/cartographer_ros_msgs/lib:${LD_LIBRARY_PATH} PATH=/root/cartographer_ws/install/cartographer/bin:${PATH} PKG_CONFIG_PATH=/root/cartographer_ws/install/cartographer/lib/x86_64-linux-gnu/pkgconfig:/root/cartographer_ws/install/cartographer/lib/pkgconfig PYTHONPATH=/root/cartographer_ws/install/cartographer_ros_msgs/local/lib/python3.10/dist-packages:${PYTHONPATH} /usr/bin/cmake /root/cartographer_ws/src/cartographer_ros/cartographer_rviz -DAMENT_CMAKE_SYMLINK_INSTALL=1 -DCMAKE_INSTALL_PREFIX=/root/cartographer_ws/install/cartographer_rviz
[477.453s] DEBUG:colcon.colcon_core.event_handler.log_command:Invoked command in '/root/cartographer_ws/build/cartographer_rviz' returned '0': AMENT_PREFIX_PATH=/root/cartographer_ws/install/cartographer_ros:/root/cartographer_ws/install/cartographer_ros_msgs:${AMENT_PREFIX_PATH} CMAKE_PREFIX_PATH=/root/cartographer_ws/install/cartographer_ros:/root/cartographer_ws/install/cartographer_ros_msgs:/root/cartographer_ws/install/cartographer:/opt/ros/humble LD_LIBRARY_PATH=/root/cartographer_ws/install/cartographer_ros/lib:/root/cartographer_ws/install/cartographer_ros_msgs/lib:${LD_LIBRARY_PATH} PATH=/root/cartographer_ws/install/cartographer/bin:${PATH} PKG_CONFIG_PATH=/root/cartographer_ws/install/cartographer/lib/x86_64-linux-gnu/pkgconfig:/root/cartographer_ws/install/cartographer/lib/pkgconfig PYTHONPATH=/root/cartographer_ws/install/cartographer_ros_msgs/local/lib/python3.10/dist-packages:${PYTHONPATH} /usr/bin/cmake /root/cartographer_ws/src/cartographer_ros/cartographer_rviz -DAMENT_CMAKE_SYMLINK_INSTALL=1 -DCMAKE_INSTALL_PREFIX=/root/cartographer_ws/install/cartographer_rviz
[477.455s] DEBUG:colcon.colcon_core.event_handler.log_command:Invoking command in '/root/cartographer_ws/build/cartographer_rviz': AMENT_PREFIX_PATH=/root/cartographer_ws/install/cartographer_ros:/root/cartographer_ws/install/cartographer_ros_msgs:${AMENT_PREFIX_PATH} CMAKE_PREFIX_PATH=/root/cartographer_ws/install/cartographer_ros:/root/cartographer_ws/install/cartographer_ros_msgs:/root/cartographer_ws/install/cartographer:/opt/ros/humble LD_LIBRARY_PATH=/root/cartographer_ws/install/cartographer_ros/lib:/root/cartographer_ws/install/cartographer_ros_msgs/lib:${LD_LIBRARY_PATH} PATH=/root/cartographer_ws/install/cartographer/bin:${PATH} PKG_CONFIG_PATH=/root/cartographer_ws/install/cartographer/lib/x86_64-linux-gnu/pkgconfig:/root/cartographer_ws/install/cartographer/lib/pkgconfig PYTHONPATH=/root/cartographer_ws/install/cartographer_ros_msgs/local/lib/python3.10/dist-packages:${PYTHONPATH} /usr/bin/cmake --build /root/cartographer_ws/build/cartographer_rviz -- -j8 -l8
[513.927s] DEBUG:colcon.colcon_core.event_handler.log_command:Invoked command in '/root/cartographer_ws/build/cartographer_rviz' returned '0': AMENT_PREFIX_PATH=/root/cartographer_ws/install/cartographer_ros:/root/cartographer_ws/install/cartographer_ros_msgs:${AMENT_PREFIX_PATH} CMAKE_PREFIX_PATH=/root/cartographer_ws/install/cartographer_ros:/root/cartographer_ws/install/cartographer_ros_msgs:/root/cartographer_ws/install/cartographer:/opt/ros/humble LD_LIBRARY_PATH=/root/cartographer_ws/install/cartographer_ros/lib:/root/cartographer_ws/install/cartographer_ros_msgs/lib:${LD_LIBRARY_PATH} PATH=/root/cartographer_ws/install/cartographer/bin:${PATH} PKG_CONFIG_PATH=/root/cartographer_ws/install/cartographer/lib/x86_64-linux-gnu/pkgconfig:/root/cartographer_ws/install/cartographer/lib/pkgconfig PYTHONPATH=/root/cartographer_ws/install/cartographer_ros_msgs/local/lib/python3.10/dist-packages:${PYTHONPATH} /usr/bin/cmake --build /root/cartographer_ws/build/cartographer_rviz -- -j8 -l8
[513.971s] DEBUG:colcon.colcon_core.event_handler.log_command:Invoking command in '/root/cartographer_ws/build/cartographer_rviz': AMENT_PREFIX_PATH=/root/cartographer_ws/install/cartographer_ros:/root/cartographer_ws/install/cartographer_ros_msgs:${AMENT_PREFIX_PATH} CMAKE_PREFIX_PATH=/root/cartographer_ws/install/cartographer_ros:/root/cartographer_ws/install/cartographer_ros_msgs:/root/cartographer_ws/install/cartographer:/opt/ros/humble LD_LIBRARY_PATH=/root/cartographer_ws/install/cartographer_ros/lib:/root/cartographer_ws/install/cartographer_ros_msgs/lib:${LD_LIBRARY_PATH} PATH=/root/cartographer_ws/install/cartographer/bin:${PATH} PKG_CONFIG_PATH=/root/cartographer_ws/install/cartographer/lib/x86_64-linux-gnu/pkgconfig:/root/cartographer_ws/install/cartographer/lib/pkgconfig PYTHONPATH=/root/cartographer_ws/install/cartographer_ros_msgs/local/lib/python3.10/dist-packages:${PYTHONPATH} /usr/bin/cmake --install /root/cartographer_ws/build/cartographer_rviz
[514.271s] Level 1:colcon.colcon_core.environment:create_environment_scripts_only(cartographer_rviz)
[514.271s] Level 1:colcon.colcon_core.environment:checking '/root/cartographer_ws/install/cartographer_rviz' for CMake module files
[514.272s] DEBUG:colcon.colcon_core.event_handler.log_command:Invoked command in '/root/cartographer_ws/build/cartographer_rviz' returned '0': AMENT_PREFIX_PATH=/root/cartographer_ws/install/cartographer_ros:/root/cartographer_ws/install/cartographer_ros_msgs:${AMENT_PREFIX_PATH} CMAKE_PREFIX_PATH=/root/cartographer_ws/install/cartographer_ros:/root/cartographer_ws/install/cartographer_ros_msgs:/root/cartographer_ws/install/cartographer:/opt/ros/humble LD_LIBRARY_PATH=/root/cartographer_ws/install/cartographer_ros/lib:/root/cartographer_ws/install/cartographer_ros_msgs/lib:${LD_LIBRARY_PATH} PATH=/root/cartographer_ws/install/cartographer/bin:${PATH} PKG_CONFIG_PATH=/root/cartographer_ws/install/cartographer/lib/x86_64-linux-gnu/pkgconfig:/root/cartographer_ws/install/cartographer/lib/pkgconfig PYTHONPATH=/root/cartographer_ws/install/cartographer_ros_msgs/local/lib/python3.10/dist-packages:${PYTHONPATH} /usr/bin/cmake --install /root/cartographer_ws/build/cartographer_rviz
[514.272s] Level 1:colcon.colcon_core.environment:checking '/root/cartographer_ws/install/cartographer_rviz' for CMake config files
[514.273s] Level 1:colcon.colcon_core.shell:create_environment_hook('cartographer_rviz', 'cmake_prefix_path')
[514.273s] INFO:colcon.colcon_core.shell:Creating environment hook '/root/cartographer_ws/install/cartographer_rviz/share/cartographer_rviz/hook/cmake_prefix_path.ps1'
[514.273s] INFO:colcon.colcon_core.shell:Creating environment descriptor '/root/cartographer_ws/install/cartographer_rviz/share/cartographer_rviz/hook/cmake_prefix_path.dsv'
[514.274s] INFO:colcon.colcon_core.shell:Creating environment hook '/root/cartographer_ws/install/cartographer_rviz/share/cartographer_rviz/hook/cmake_prefix_path.sh'
[514.274s] Level 1:colcon.colcon_core.environment:checking '/root/cartographer_ws/install/cartographer_rviz/lib'
[514.274s] Level 1:colcon.colcon_core.shell:create_environment_hook('cartographer_rviz', 'ld_library_path_lib')
[514.274s] INFO:colcon.colcon_core.shell:Creating environment hook '/root/cartographer_ws/install/cartographer_rviz/share/cartographer_rviz/hook/ld_library_path_lib.ps1'
[514.275s] INFO:colcon.colcon_core.shell:Creating environment descriptor '/root/cartographer_ws/install/cartographer_rviz/share/cartographer_rviz/hook/ld_library_path_lib.dsv'
[514.275s] INFO:colcon.colcon_core.shell:Creating environment hook '/root/cartographer_ws/install/cartographer_rviz/share/cartographer_rviz/hook/ld_library_path_lib.sh'
[514.275s] Level 1:colcon.colcon_core.environment:checking '/root/cartographer_ws/install/cartographer_rviz/bin'
[514.276s] Level 1:colcon.colcon_core.environment:checking '/root/cartographer_ws/install/cartographer_rviz/lib/pkgconfig/cartographer_rviz.pc'
[514.276s] Level 1:colcon.colcon_core.environment:checking '/root/cartographer_ws/install/cartographer_rviz/lib/python3.10/site-packages'
[514.276s] Level 1:colcon.colcon_core.environment:checking '/root/cartographer_ws/install/cartographer_rviz/bin'
[514.276s] INFO:colcon.colcon_core.shell:Creating package script '/root/cartographer_ws/install/cartographer_rviz/share/cartographer_rviz/package.ps1'
[514.277s] INFO:colcon.colcon_core.shell:Creating package descriptor '/root/cartographer_ws/install/cartographer_rviz/share/cartographer_rviz/package.dsv'
[514.277s] INFO:colcon.colcon_core.shell:Creating package script '/root/cartographer_ws/install/cartographer_rviz/share/cartographer_rviz/package.sh'
[514.278s] INFO:colcon.colcon_core.shell:Creating package script '/root/cartographer_ws/install/cartographer_rviz/share/cartographer_rviz/package.bash'
[514.278s] INFO:colcon.colcon_core.shell:Creating package script '/root/cartographer_ws/install/cartographer_rviz/share/cartographer_rviz/package.zsh'
[514.278s] Level 1:colcon.colcon_core.environment:create_file_with_runtime_dependencies(/root/cartographer_ws/install/cartographer_rviz/share/colcon-core/packages/cartographer_rviz)
[514.318s] Level 1:colcon.colcon_core.environment:create_environment_scripts_only(cartographer_rviz)
[514.318s] Level 1:colcon.colcon_core.environment:checking '/root/cartographer_ws/install/cartographer_rviz' for CMake module files
[514.318s] Level 1:colcon.colcon_core.environment:checking '/root/cartographer_ws/install/cartographer_rviz' for CMake config files
[514.319s] Level 1:colcon.colcon_core.shell:create_environment_hook('cartographer_rviz', 'cmake_prefix_path')
[514.319s] INFO:colcon.colcon_core.shell:Creating environment hook '/root/cartographer_ws/install/cartographer_rviz/share/cartographer_rviz/hook/cmake_prefix_path.ps1'
[514.320s] INFO:colcon.colcon_core.shell:Creating environment descriptor '/root/cartographer_ws/install/cartographer_rviz/share/cartographer_rviz/hook/cmake_prefix_path.dsv'
[514.320s] INFO:colcon.colcon_core.shell:Creating environment hook '/root/cartographer_ws/install/cartographer_rviz/share/cartographer_rviz/hook/cmake_prefix_path.sh'
[514.321s] Level 1:colcon.colcon_core.environment:checking '/root/cartographer_ws/install/cartographer_rviz/lib'
[514.321s] Level 1:colcon.colcon_core.shell:create_environment_hook('cartographer_rviz', 'ld_library_path_lib')
[514.321s] INFO:colcon.colcon_core.shell:Creating environment hook '/root/cartographer_ws/install/cartographer_rviz/share/cartographer_rviz/hook/ld_library_path_lib.ps1'
[514.321s] INFO:colcon.colcon_core.shell:Creating environment descriptor '/root/cartographer_ws/install/cartographer_rviz/share/cartographer_rviz/hook/ld_library_path_lib.dsv'
[514.322s] INFO:colcon.colcon_core.shell:Creating environment hook '/root/cartographer_ws/install/cartographer_rviz/share/cartographer_rviz/hook/ld_library_path_lib.sh'
[514.322s] Level 1:colcon.colcon_core.environment:checking '/root/cartographer_ws/install/cartographer_rviz/bin'
[514.322s] Level 1:colcon.colcon_core.environment:checking '/root/cartographer_ws/install/cartographer_rviz/lib/pkgconfig/cartographer_rviz.pc'
[514.322s] Level 1:colcon.colcon_core.environment:checking '/root/cartographer_ws/install/cartographer_rviz/lib/python3.10/site-packages'
[514.323s] Level 1:colcon.colcon_core.environment:checking '/root/cartographer_ws/install/cartographer_rviz/bin'
[514.323s] INFO:colcon.colcon_core.shell:Creating package script '/root/cartographer_ws/install/cartographer_rviz/share/cartographer_rviz/package.ps1'
[514.324s] INFO:colcon.colcon_core.shell:Creating package descriptor '/root/cartographer_ws/install/cartographer_rviz/share/cartographer_rviz/package.dsv'
[514.324s] INFO:colcon.colcon_core.shell:Creating package script '/root/cartographer_ws/install/cartographer_rviz/share/cartographer_rviz/package.sh'
[514.325s] INFO:colcon.colcon_core.shell:Creating package script '/root/cartographer_ws/install/cartographer_rviz/share/cartographer_rviz/package.bash'
[514.325s] INFO:colcon.colcon_core.shell:Creating package script '/root/cartographer_ws/install/cartographer_rviz/share/cartographer_rviz/package.zsh'
[514.325s] Level 1:colcon.colcon_core.environment:create_file_with_runtime_dependencies(/root/cartographer_ws/install/cartographer_rviz/share/colcon-core/packages/cartographer_rviz)
[514.326s] DEBUG:colcon.colcon_parallel_executor.executor.parallel:closing loop
[514.326s] DEBUG:colcon.colcon_parallel_executor.executor.parallel:loop closed
[514.326s] DEBUG:colcon.colcon_parallel_executor.executor.parallel:run_until_complete finished with '0'
[514.326s] DEBUG:colcon.colcon_core.event_reactor:joining thread
[514.333s] INFO:colcon.colcon_core.plugin_system:Skipping extension 'colcon_notification.desktop_notification.notify_send': Could not find 'notify-send'
[514.333s] INFO:colcon.colcon_core.plugin_system:Skipping extension 'colcon_notification.desktop_notification.terminal_notifier': Not used on non-Darwin systems
[514.333s] INFO:colcon.colcon_core.plugin_system:Skipping extension 'colcon_notification.desktop_notification.win32': Not used on non-Windows systems
[514.333s] INFO:colcon.colcon_notification.desktop_notification:Sending desktop notification using 'notify2'
[514.336s] DEBUG:colcon.colcon_notification.desktop_notification.notify2:Failed to initialize notify2: org.freedesktop.DBus.Error.Spawn.ExecFailed: /usr/bin/dbus-launch terminated abnormally without any error message
[514.336s] DEBUG:colcon.colcon_core.event_reactor:joined thread
[514.337s] INFO:colcon.colcon_core.shell:Creating prefix script '/root/cartographer_ws/install/local_setup.ps1'
[514.338s] INFO:colcon.colcon_core.shell:Creating prefix util module '/root/cartographer_ws/install/_local_setup_util_ps1.py'
[514.339s] INFO:colcon.colcon_core.shell:Creating prefix chain script '/root/cartographer_ws/install/setup.ps1'
[514.340s] INFO:colcon.colcon_core.shell:Creating prefix script '/root/cartographer_ws/install/local_setup.sh'
[514.341s] INFO:colcon.colcon_core.shell:Creating prefix util module '/root/cartographer_ws/install/_local_setup_util_sh.py'
[514.342s] INFO:colcon.colcon_core.shell:Creating prefix chain script '/root/cartographer_ws/install/setup.sh'
[514.343s] INFO:colcon.colcon_core.shell:Creating prefix script '/root/cartographer_ws/install/local_setup.bash'
[514.343s] INFO:colcon.colcon_core.shell:Creating prefix chain script '/root/cartographer_ws/install/setup.bash'
[514.344s] INFO:colcon.colcon_core.shell:Creating prefix script '/root/cartographer_ws/install/local_setup.zsh'
[514.345s] INFO:colcon.colcon_core.shell:Creating prefix chain script '/root/cartographer_ws/install/setup.zsh'
