[0.012s] Invoking command in '/home/user/cartographer_ws_docker/build/cartographer': CMAKE_PREFIX_PATH=${CMAKE_PREFIX_PATH}:/opt/ros/humble /usr/bin/cmake --build /home/user/cartographer_ws_docker/build/cartographer -- -j12 -l12
[0.070s] [35m[1mConsolidate compiler generated dependencies of target gtest[0m
[0.077s] [  0%] [34m[1mBuilding documentation.[0m
[0.082s] [  0%] Built target cartographer_detect_changes
[0.089s] [  1%] Built target gtest
[0.095s] [35m[1mConsolidate compiler generated dependencies of target gmock[0m
[0.104s] [  2%] Built target gmock
[0.109s] [35m[1mConsolidate compiler generated dependencies of target gmock_main[0m
[0.118s] [  2%] Built target gmock_main
[0.141s] [35m[1mConsolidate compiler generated dependencies of target cartographer[0m
[0.350s] [01mRunning Sphinx v4.3.2[39;49;00m
[0.400s] [ 55%] Built target cartographer
[0.407s] [35m[1mConsolidate compiler generated dependencies of target cartographer_pbstream[0m
[0.407s] [35m[1mConsolidate compiler generated dependencies of target cartographer_print_configuration[0m
[0.407s] [35m[1mConsolidate compiler generated dependencies of target cartographer_autogenerate_ground_truth[0m
[0.407s] [35m[1mConsolidate compiler generated dependencies of target cartographer_compute_relations_metrics[0m
[0.408s] [35m[1mConsolidate compiler generated dependencies of target cartographer_test_library[0m
[0.416s] [ 56%] Built target cartographer_pbstream
[0.417s] [ 56%] Built target cartographer_print_configuration
[0.419s] [ 57%] Built target cartographer_autogenerate_ground_truth
[0.420s] [ 57%] Built target cartographer_compute_relations_metrics
[0.425s] [ 58%] Built target cartographer_test_library
[0.432s] [35m[1mConsolidate compiler generated dependencies of target cartographer.common.fixed_ratio_sampler_test[0m
[0.432s] [35m[1mConsolidate compiler generated dependencies of target cartographer.common.internal.blocking_queue_test[0m
[0.432s] [35m[1mConsolidate compiler generated dependencies of target cartographer.common.internal.rate_timer_test[0m
[0.432s] [35m[1mConsolidate compiler generated dependencies of target cartographer.io.fake_file_writer_test[0m
[0.435s] [35m[1mConsolidate compiler generated dependencies of target cartographer.io.points_processor_pipeline_builder_test[0m
[0.435s] [35m[1mConsolidate compiler generated dependencies of target cartographer.common.configuration_files_test[0m
[0.435s] [35m[1mConsolidate compiler generated dependencies of target cartographer.common.lua_parameter_dictionary_test[0m
[0.435s] [35m[1mConsolidate compiler generated dependencies of target cartographer.common.task_test[0m
[0.436s] [35m[1mConsolidate compiler generated dependencies of target cartographer.common.thread_pool_test[0m
[0.436s] [35m[1mConsolidate compiler generated dependencies of target cartographer.common.math_test[0m
[0.446s] [ 59%] Built target cartographer.common.internal.rate_timer_test
[0.446s] [35m[1mConsolidate compiler generated dependencies of target cartographer.io.internal.in_memory_proto_stream_test[0m
[0.449s] [ 59%] Built target cartographer.io.fake_file_writer_test
[0.450s] [ 59%] Built target cartographer.common.lua_parameter_dictionary_test
[0.450s] [ 59%] Built target cartographer.common.internal.blocking_queue_test
[0.450s] [ 60%] Built target cartographer.common.thread_pool_test
[0.450s] [ 61%] Built target cartographer.common.fixed_ratio_sampler_test
[0.454s] [ 62%] Built target cartographer.common.math_test
[0.454s] [35m[1mConsolidate compiler generated dependencies of target cartographer.io.probability_grid_points_processor_test[0m
[0.454s] [ 62%] Built target cartographer.common.configuration_files_test
[0.455s] [ 62%] Built target cartographer.common.task_test
[0.456s] [ 62%] Built target cartographer.io.points_processor_pipeline_builder_test
[0.458s] [35m[1mConsolidate compiler generated dependencies of target cartographer.io.proto_stream_deserializer_test[0m
[0.458s] [35m[1mConsolidate compiler generated dependencies of target cartographer.mapping.2d.probability_grid_test[0m
[0.459s] [35m[1mConsolidate compiler generated dependencies of target cartographer.io.serialization_format_migration_test[0m
[0.460s] [35m[1mConsolidate compiler generated dependencies of target cartographer.mapping.2d.map_limits_test[0m
[0.460s] [ 63%] Built target cartographer.io.internal.in_memory_proto_stream_test
[0.462s] [35m[1mConsolidate compiler generated dependencies of target cartographer.io.proto_stream_test[0m
[0.462s] [35m[1mConsolidate compiler generated dependencies of target cartographer.mapping.2d.submap_2d_test[0m
[0.463s] [35m[1mConsolidate compiler generated dependencies of target cartographer.mapping.3d.hybrid_grid_test[0m
[0.467s] [35m[1mConsolidate compiler generated dependencies of target cartographer.mapping.2d.xy_index_test[0m
[0.470s] [ 64%] Built target cartographer.io.probability_grid_points_processor_test
[0.470s] [35m[1mConsolidate compiler generated dependencies of target cartographer.mapping.2d.range_data_inserter_2d_test[0m
[0.472s] [35m[1mConsolidate compiler generated dependencies of target cartographer.mapping.3d.range_data_inserter_3d_test[0m
[0.473s] [ 64%] Built target cartographer.io.serialization_format_migration_test
[0.475s] [ 64%] Built target cartographer.mapping.2d.probability_grid_test
[0.477s] [ 64%] Built target cartographer.io.proto_stream_deserializer_test
[0.478s] [ 65%] Built target cartographer.io.proto_stream_test
[0.478s] [ 65%] Built target cartographer.mapping.2d.submap_2d_test
[0.478s] [ 66%] Built target cartographer.mapping.2d.map_limits_test
[0.478s] [35m[1mConsolidate compiler generated dependencies of target cartographer.mapping.3d.submap_3d_test[0m
[0.484s] [ 66%] Built target cartographer.mapping.3d.hybrid_grid_test
[0.484s] [ 67%] Built target cartographer.mapping.2d.xy_index_test
[0.485s] [35m[1mConsolidate compiler generated dependencies of target cartographer.mapping.imu_tracker_test[0m
[0.487s] [35m[1mConsolidate compiler generated dependencies of target cartographer.mapping.internal.2d.normal_estimation_2d_test[0m
[0.487s] [35m[1mConsolidate compiler generated dependencies of target cartographer.mapping.id_test[0m
[0.488s] [ 68%] Built target cartographer.mapping.3d.range_data_inserter_3d_test
[0.489s] [ 69%] Built target cartographer.mapping.2d.range_data_inserter_2d_test
[0.491s] [35m[1mConsolidate compiler generated dependencies of target cartographer.mapping.internal.2d.overlapping_submaps_trimmer_2d_test[0m
[0.492s] [01mloading pickled environment... [39;49;00m[35m[1mConsolidate compiler generated dependencies of target cartographer.mapping.internal.2d.pose_graph_2d_test[0m
[0.493s] done
[0.496s] [35m[1mConsolidate compiler generated dependencies of target cartographer.mapping.internal.2d.ray_to_pixel_mask_test[0m
[0.497s] [ 69%] Built target cartographer.mapping.3d.submap_3d_test
[0.498s] [35m[1mConsolidate compiler generated dependencies of target cartographer.mapping.internal.2d.scan_matching.correlative_scan_matcher_test[0m
[0.499s] [ 69%] Built target cartographer.mapping.imu_tracker_test
[0.499s] [35m[1mConsolidate compiler generated dependencies of target cartographer.mapping.internal.2d.scan_matching.fast_correlative_scan_matcher_2d_test[0m
[0.499s] [35m[1mConsolidate compiler generated dependencies of target cartographer.mapping.internal.2d.scan_matching.interpolated_tsdf_2d_test[0m
[0.500s] [01mbuilding [mo]: [39;49;00mtargets for 0 po files that are out of date
[0.500s] [35m[1mConsolidate compiler generated dependencies of target cartographer.mapping.internal.2d.scan_matching.ceres_scan_matcher_2d_test[0m
[0.504s] [01mbuilding [html]: [39;49;00mtargets for 0 source files that are out of date
[0.505s] [01mupdating environment: [39;49;00m0 added, 0 changed, 0 removed
[0.505s] [01mlooking for now-outdated files... [39;49;00m[ 70%] Built target cartographer.mapping.internal.2d.normal_estimation_2d_test
[0.509s] none found
[0.510s] [01mno targets are out of date.[39;49;00m
[0.510s] [01mbuild succeeded.[39;49;00m
[0.510s] 
[0.510s] The HTML pages are in html.
[0.510s] [ 70%] Built target cartographer.mapping.internal.2d.overlapping_submaps_trimmer_2d_test
[0.510s] [ 71%] Built target cartographer.mapping.id_test
[0.510s] [ 71%] Built target cartographer.mapping.internal.2d.ray_to_pixel_mask_test
[0.510s] [ 72%] Built target cartographer.mapping.internal.2d.pose_graph_2d_test
[0.510s] [ 72%] Built target cartographer.mapping.internal.2d.scan_matching.correlative_scan_matcher_test
[0.512s] [35m[1mConsolidate compiler generated dependencies of target cartographer.mapping.internal.2d.scan_matching.occupied_space_cost_function_2d_test[0m
[0.514s] [35m[1mConsolidate compiler generated dependencies of target cartographer.mapping.internal.2d.tsd_value_converter_test[0m
[0.514s] [ 73%] Built target cartographer.mapping.internal.2d.scan_matching.fast_correlative_scan_matcher_2d_test
[0.515s] [ 74%] Built target cartographer.mapping.internal.2d.scan_matching.ceres_scan_matcher_2d_test
[0.515s] [35m[1mConsolidate compiler generated dependencies of target cartographer.mapping.internal.2d.scan_matching.real_time_correlative_scan_matcher_2d_test[0m
[0.516s] [35m[1mConsolidate compiler generated dependencies of target cartographer.mapping.internal.2d.scan_matching.tsdf_match_cost_function_2d_test[0m
[0.517s] [35m[1mConsolidate compiler generated dependencies of target cartographer.mapping.internal.3d.pose_graph_3d_test[0m
[0.517s] [35m[1mConsolidate compiler generated dependencies of target cartographer.mapping.internal.3d.local_trajectory_builder_3d_test[0m
[0.517s] [35m[1mConsolidate compiler generated dependencies of target cartographer.mapping.internal.2d.tsdf_2d_test[0m
[0.521s] [35m[1mConsolidate compiler generated dependencies of target cartographer.mapping.internal.2d.tsdf_range_data_inserter_2d_test[0m
[0.524s] [35m[1mConsolidate compiler generated dependencies of target cartographer.mapping.internal.3d.rotation_parameterization_test[0m
[0.525s] [ 75%] Built target cartographer.mapping.internal.2d.tsd_value_converter_test
[0.526s] [ 76%] Built target cartographer.mapping.internal.2d.scan_matching.interpolated_tsdf_2d_test
[0.526s] [35m[1mConsolidate compiler generated dependencies of target cartographer.mapping.internal.3d.scan_matching.ceres_scan_matcher_3d_test[0m
[0.533s] [ 76%] Built target cartographer.mapping.internal.2d.scan_matching.occupied_space_cost_function_2d_test
[0.533s] [ 76%] Built target cartographer.mapping.internal.2d.scan_matching.tsdf_match_cost_function_2d_test
[0.533s] [ 76%] Built target cartographer.mapping.internal.3d.rotation_parameterization_test
[0.534s] [ 77%] Built target cartographer.mapping.internal.2d.scan_matching.real_time_correlative_scan_matcher_2d_test
[0.535s] [ 77%] Built target cartographer.mapping.internal.3d.local_trajectory_builder_3d_test
[0.535s] [ 78%] Built target cartographer.mapping.internal.2d.tsdf_range_data_inserter_2d_test
[0.536s] [ 78%] Built target cartographer.mapping.internal.2d.tsdf_2d_test
[0.537s] [35m[1mConsolidate compiler generated dependencies of target cartographer.mapping.internal.3d.scan_matching.fast_correlative_scan_matcher_3d_test[0m
[0.538s] [ 79%] Built target cartographer.mapping.internal.3d.pose_graph_3d_test
[0.542s] [35m[1mConsolidate compiler generated dependencies of target cartographer.mapping.internal.3d.scan_matching.intensity_cost_function_3d_test[0m
[0.543s] [ 80%] Built target cartographer.mapping.internal.3d.scan_matching.ceres_scan_matcher_3d_test
[0.544s] [35m[1mConsolidate compiler generated dependencies of target cartographer.mapping.internal.3d.scan_matching.precomputation_grid_3d_test[0m
[0.544s] [35m[1mConsolidate compiler generated dependencies of target cartographer.mapping.internal.3d.scan_matching.real_time_correlative_scan_matcher_3d_test[0m
[0.545s] [35m[1mConsolidate compiler generated dependencies of target cartographer.mapping.internal.3d.scan_matching.interpolated_grid_test[0m
[0.547s] [35m[1mConsolidate compiler generated dependencies of target cartographer.mapping.internal.constraints.constraint_builder_2d_test[0m
[0.549s] [35m[1mConsolidate compiler generated dependencies of target cartographer.mapping.internal.connected_components_test[0m
[0.550s] [35m[1mConsolidate compiler generated dependencies of target cartographer.mapping.internal.3d.scan_matching.rotation_delta_cost_functor_3d_test[0m
[0.553s] [ 80%] Built target cartographer.mapping.internal.3d.scan_matching.fast_correlative_scan_matcher_3d_test
[0.553s] [35m[1mConsolidate compiler generated dependencies of target cartographer.mapping.internal.3d.scan_matching.rotational_scan_matcher_test[0m
[0.553s] [35m[1mConsolidate compiler generated dependencies of target cartographer.mapping.internal.constraints.constraint_builder_3d_test[0m
[0.561s] [35m[1mConsolidate compiler generated dependencies of target cartographer.mapping.internal.motion_filter_test[0m
[0.563s] [35m[1mConsolidate compiler generated dependencies of target cartographer.mapping.internal.optimization.cost_functions.landmark_cost_function_2d_test[0m
[0.564s] [ 81%] Built target cartographer.mapping.internal.3d.scan_matching.precomputation_grid_3d_test
[0.565s] [ 82%] Built target cartographer.mapping.internal.3d.scan_matching.intensity_cost_function_3d_test
[0.565s] [ 82%] Built target cartographer.mapping.internal.constraints.constraint_builder_2d_test
[0.566s] [ 82%] Built target cartographer.mapping.internal.3d.scan_matching.interpolated_grid_test
[0.566s] [ 82%] Built target cartographer.mapping.internal.3d.scan_matching.real_time_correlative_scan_matcher_3d_test
[0.570s] [ 83%] Built target build_doc
[0.570s] [ 83%] Built target cartographer.mapping.internal.3d.scan_matching.rotation_delta_cost_functor_3d_test
[0.571s] [ 84%] Built target cartographer.mapping.internal.connected_components_test
[0.572s] [35m[1mConsolidate compiler generated dependencies of target cartographer.mapping.internal.optimization.cost_functions.spa_cost_function_2d_test[0m
[0.572s] [ 84%] Built target cartographer.mapping.internal.motion_filter_test
[0.572s] [35m[1mConsolidate compiler generated dependencies of target cartographer.mapping.internal.range_data_collator_test[0m
[0.573s] [35m[1mConsolidate compiler generated dependencies of target cartographer.mapping.internal.optimization.optimization_problem_3d_test[0m
[0.575s] [35m[1mConsolidate compiler generated dependencies of target cartographer.mapping.internal.trajectory_connectivity_state_test[0m
[0.576s] [ 85%] Built target cartographer.mapping.internal.constraints.constraint_builder_3d_test
[0.577s] [35m[1mConsolidate compiler generated dependencies of target cartographer.mapping.internal.optimization.cost_functions.landmark_cost_function_3d_test[0m
[0.579s] [ 86%] Built target cartographer.mapping.internal.optimization.cost_functions.landmark_cost_function_2d_test
[0.579s] [ 86%] Built target cartographer.mapping.internal.3d.scan_matching.rotational_scan_matcher_test
[0.579s] [35m[1mConsolidate compiler generated dependencies of target cartographer.mapping.pose_extrapolator_test[0m
[0.584s] [35m[1mConsolidate compiler generated dependencies of target cartographer.mapping.map_builder_test[0m
[0.584s] [35m[1mConsolidate compiler generated dependencies of target cartographer.mapping.pose_graph_test[0m
[0.585s] [35m[1mConsolidate compiler generated dependencies of target cartographer.mapping.probability_values_test[0m
[0.586s] [ 87%] Built target cartographer.mapping.internal.range_data_collator_test
[0.586s] [35m[1mConsolidate compiler generated dependencies of target cartographer.mapping.pose_graph_trimmer_test[0m
[0.587s] [ 88%] Built target cartographer.mapping.internal.optimization.cost_functions.spa_cost_function_2d_test
[0.587s] [35m[1mConsolidate compiler generated dependencies of target cartographer.mapping.trajectory_node_test[0m
[0.593s] [35m[1mConsolidate compiler generated dependencies of target cartographer.mapping.submaps_test[0m
[0.594s] [ 88%] Built target cartographer.mapping.pose_extrapolator_test
[0.595s] [ 88%] Built target cartographer.mapping.internal.optimization.optimization_problem_3d_test
[0.596s] [35m[1mConsolidate compiler generated dependencies of target cartographer.mapping.value_conversion_tables_test[0m
[0.596s] [ 88%] Built target cartographer.mapping.internal.optimization.cost_functions.landmark_cost_function_3d_test
[0.597s] [35m[1mConsolidate compiler generated dependencies of target cartographer.sensor.compressed_point_cloud_test[0m
[0.598s] [ 88%] Built target cartographer.mapping.internal.trajectory_connectivity_state_test
[0.603s] [ 89%] Built target cartographer.mapping.pose_graph_test
[0.604s] [ 90%] Built target cartographer.mapping.probability_values_test
[0.606s] [ 90%] Built target cartographer.mapping.pose_graph_trimmer_test
[0.606s] [ 90%] Built target cartographer.mapping.submaps_test
[0.606s] [ 91%] Built target cartographer.mapping.trajectory_node_test
[0.608s] [ 92%] Built target cartographer.mapping.map_builder_test
[0.608s] [35m[1mConsolidate compiler generated dependencies of target cartographer.sensor.internal.trajectory_collator_test[0m
[0.608s] [35m[1mConsolidate compiler generated dependencies of target cartographer.sensor.internal.voxel_filter_test[0m
[0.608s] [35m[1mConsolidate compiler generated dependencies of target cartographer.sensor.internal.ordered_multi_queue_test[0m
[0.613s] [35m[1mConsolidate compiler generated dependencies of target cartographer.sensor.internal.collator_test[0m
[0.614s] [ 92%] Built target cartographer.mapping.value_conversion_tables_test
[0.616s] [ 93%] Built target cartographer.sensor.compressed_point_cloud_test
[0.616s] [35m[1mConsolidate compiler generated dependencies of target cartographer.sensor.landmark_data_test[0m
[0.617s] [35m[1mConsolidate compiler generated dependencies of target cartographer.transform.rigid_transform_test[0m
[0.618s] [35m[1mConsolidate compiler generated dependencies of target cartographer.transform.timestamped_transform_test[0m
[0.618s] [35m[1mConsolidate compiler generated dependencies of target cartographer.sensor.map_by_time_test[0m
[0.620s] [35m[1mConsolidate compiler generated dependencies of target cartographer.sensor.range_data_test[0m
[0.620s] [ 93%] Built target cartographer.sensor.internal.voxel_filter_test
[0.620s] [35m[1mConsolidate compiler generated dependencies of target cartographer.transform.transform_interpolation_buffer_test[0m
[0.621s] [ 94%] Built target cartographer.sensor.internal.ordered_multi_queue_test
[0.623s] [35m[1mConsolidate compiler generated dependencies of target cartographer.sensor.point_cloud_test[0m
[0.628s] [ 95%] Built target cartographer.sensor.internal.trajectory_collator_test
[0.629s] [35m[1mConsolidate compiler generated dependencies of target cartographer.transform.transform_test[0m
[0.632s] [ 96%] Built target cartographer.transform.rigid_transform_test
[0.633s] [ 96%] Built target cartographer.sensor.internal.collator_test
[0.634s] [ 97%] Built target cartographer.sensor.landmark_data_test
[0.634s] [ 97%] Built target cartographer.sensor.map_by_time_test
[0.635s] [ 97%] Built target cartographer.sensor.range_data_test
[0.635s] [ 97%] Built target cartographer.transform.timestamped_transform_test
[0.636s] [ 98%] Built target cartographer.transform.transform_interpolation_buffer_test
[0.640s] [100%] Built target cartographer.sensor.point_cloud_test
[0.640s] [100%] Built target cartographer.transform.transform_test
[0.647s] Invoked command in '/home/user/cartographer_ws_docker/build/cartographer' returned '0': CMAKE_PREFIX_PATH=${CMAKE_PREFIX_PATH}:/opt/ros/humble /usr/bin/cmake --build /home/user/cartographer_ws_docker/build/cartographer -- -j12 -l12
[1.009s] Invoking command in '/home/user/cartographer_ws_docker/build/cartographer': CMAKE_PREFIX_PATH=${CMAKE_PREFIX_PATH}:/opt/ros/humble /usr/bin/cmake --install /home/user/cartographer_ws_docker/build/cartographer
[1.014s] -- Install configuration: "Release"
[1.014s] -- Up-to-date: /home/user/cartographer_ws_docker/install/cartographer/share/cartographer/package.xml
[1.014s] -- Up-to-date: /home/user/cartographer_ws_docker/install/cartographer/share/cartographer//configuration_files
[1.014s] -- Up-to-date: /home/user/cartographer_ws_docker/install/cartographer/share/cartographer//configuration_files/map_builder.lua
[1.014s] -- Up-to-date: /home/user/cartographer_ws_docker/install/cartographer/share/cartographer//configuration_files/pose_graph.lua
[1.014s] -- Up-to-date: /home/user/cartographer_ws_docker/install/cartographer/share/cartographer//configuration_files/trajectory_builder_2d.lua
[1.014s] -- Up-to-date: /home/user/cartographer_ws_docker/install/cartographer/share/cartographer//configuration_files/trajectory_builder_3d.lua
[1.014s] -- Up-to-date: /home/user/cartographer_ws_docker/install/cartographer/share/cartographer//configuration_files/map_builder_server.lua
[1.014s] -- Up-to-date: /home/user/cartographer_ws_docker/install/cartographer/share/cartographer//configuration_files/trajectory_builder.lua
[1.015s] -- Up-to-date: /home/user/cartographer_ws_docker/install/cartographer/share/cartographer//cmake
[1.015s] -- Up-to-date: /home/user/cartographer_ws_docker/install/cartographer/share/cartographer//cmake/functions.cmake
[1.015s] -- Up-to-date: /home/user/cartographer_ws_docker/install/cartographer/share/cartographer//cmake/modules
[1.015s] -- Up-to-date: /home/user/cartographer_ws_docker/install/cartographer/share/cartographer//cmake/modules/FindLuaGoogle.cmake
[1.015s] -- Up-to-date: /home/user/cartographer_ws_docker/install/cartographer/share/cartographer//cmake/modules/FindEigen3.cmake
[1.015s] -- Up-to-date: /home/user/cartographer_ws_docker/install/cartographer/share/cartographer//cmake/modules/FindGMock.cmake
[1.015s] -- Up-to-date: /home/user/cartographer_ws_docker/install/cartographer/share/cartographer//cmake/modules/FindSphinx.cmake
[1.015s] -- Up-to-date: /home/user/cartographer_ws_docker/install/cartographer/bin/cartographer_autogenerate_ground_truth
[1.015s] -- Up-to-date: /home/user/cartographer_ws_docker/install/cartographer/bin/cartographer_compute_relations_metrics
[1.015s] -- Up-to-date: /home/user/cartographer_ws_docker/install/cartographer/bin/cartographer_pbstream
[1.016s] -- Up-to-date: /home/user/cartographer_ws_docker/install/cartographer/bin/cartographer_print_configuration
[1.016s] -- Up-to-date: /home/user/cartographer_ws_docker/install/cartographer/lib/libcartographer.a
[1.016s] -- Up-to-date: /home/user/cartographer_ws_docker/install/cartographer/include/cartographer/common/configuration_file_resolver.h
[1.016s] -- Up-to-date: /home/user/cartographer_ws_docker/install/cartographer/include/cartographer/common/fixed_ratio_sampler.h
[1.016s] -- Up-to-date: /home/user/cartographer_ws_docker/install/cartographer/include/cartographer/common/histogram.h
[1.016s] -- Up-to-date: /home/user/cartographer_ws_docker/install/cartographer/include/cartographer/common/lua.h
[1.016s] -- Up-to-date: /home/user/cartographer_ws_docker/install/cartographer/include/cartographer/common/lua_parameter_dictionary.h
[1.016s] -- Up-to-date: /home/user/cartographer_ws_docker/install/cartographer/include/cartographer/common/math.h
[1.016s] -- Up-to-date: /home/user/cartographer_ws_docker/install/cartographer/include/cartographer/common/port.h
[1.016s] -- Up-to-date: /home/user/cartographer_ws_docker/install/cartographer/include/cartographer/common/task.h
[1.016s] -- Up-to-date: /home/user/cartographer_ws_docker/install/cartographer/include/cartographer/common/thread_pool.h
[1.016s] -- Up-to-date: /home/user/cartographer_ws_docker/install/cartographer/include/cartographer/common/time.h
[1.016s] -- Up-to-date: /home/user/cartographer_ws_docker/install/cartographer/include/cartographer/ground_truth/autogenerate_ground_truth.h
[1.016s] -- Up-to-date: /home/user/cartographer_ws_docker/install/cartographer/include/cartographer/ground_truth/relations_text_file.h
[1.017s] -- Up-to-date: /home/user/cartographer_ws_docker/install/cartographer/include/cartographer/io/color.h
[1.017s] -- Up-to-date: /home/user/cartographer_ws_docker/install/cartographer/include/cartographer/io/coloring_points_processor.h
[1.017s] -- Up-to-date: /home/user/cartographer_ws_docker/install/cartographer/include/cartographer/io/counting_points_processor.h
[1.017s] -- Up-to-date: /home/user/cartographer_ws_docker/install/cartographer/include/cartographer/io/draw_trajectories.h
[1.017s] -- Up-to-date: /home/user/cartographer_ws_docker/install/cartographer/include/cartographer/io/file_writer.h
[1.017s] -- Up-to-date: /home/user/cartographer_ws_docker/install/cartographer/include/cartographer/io/fixed_ratio_sampling_points_processor.h
[1.017s] -- Up-to-date: /home/user/cartographer_ws_docker/install/cartographer/include/cartographer/io/frame_id_filtering_points_processor.h
[1.017s] -- Up-to-date: /home/user/cartographer_ws_docker/install/cartographer/include/cartographer/io/hybrid_grid_points_processor.h
[1.017s] -- Up-to-date: /home/user/cartographer_ws_docker/install/cartographer/include/cartographer/io/image.h
[1.017s] -- Up-to-date: /home/user/cartographer_ws_docker/install/cartographer/include/cartographer/io/intensity_to_color_points_processor.h
[1.017s] -- Up-to-date: /home/user/cartographer_ws_docker/install/cartographer/include/cartographer/io/min_max_range_filtering_points_processor.h
[1.017s] -- Up-to-date: /home/user/cartographer_ws_docker/install/cartographer/include/cartographer/io/null_points_processor.h
[1.017s] -- Up-to-date: /home/user/cartographer_ws_docker/install/cartographer/include/cartographer/io/outlier_removing_points_processor.h
[1.017s] -- Up-to-date: /home/user/cartographer_ws_docker/install/cartographer/include/cartographer/io/pcd_writing_points_processor.h
[1.017s] -- Up-to-date: /home/user/cartographer_ws_docker/install/cartographer/include/cartographer/io/ply_writing_points_processor.h
[1.017s] -- Up-to-date: /home/user/cartographer_ws_docker/install/cartographer/include/cartographer/io/points_batch.h
[1.017s] -- Up-to-date: /home/user/cartographer_ws_docker/install/cartographer/include/cartographer/io/points_processor.h
[1.017s] -- Up-to-date: /home/user/cartographer_ws_docker/install/cartographer/include/cartographer/io/points_processor_pipeline_builder.h
[1.017s] -- Up-to-date: /home/user/cartographer_ws_docker/install/cartographer/include/cartographer/io/probability_grid_points_processor.h
[1.017s] -- Up-to-date: /home/user/cartographer_ws_docker/install/cartographer/include/cartographer/io/proto_stream.h
[1.017s] -- Up-to-date: /home/user/cartographer_ws_docker/install/cartographer/include/cartographer/io/proto_stream_deserializer.h
[1.017s] -- Up-to-date: /home/user/cartographer_ws_docker/install/cartographer/include/cartographer/io/proto_stream_interface.h
[1.017s] -- Up-to-date: /home/user/cartographer_ws_docker/install/cartographer/include/cartographer/io/serialization_format_migration.h
[1.017s] -- Up-to-date: /home/user/cartographer_ws_docker/install/cartographer/include/cartographer/io/submap_painter.h
[1.017s] -- Up-to-date: /home/user/cartographer_ws_docker/install/cartographer/include/cartographer/io/vertical_range_filtering_points_processor.h
[1.017s] -- Up-to-date: /home/user/cartographer_ws_docker/install/cartographer/include/cartographer/io/xray_points_processor.h
[1.017s] -- Up-to-date: /home/user/cartographer_ws_docker/install/cartographer/include/cartographer/io/xyz_writing_points_processor.h
[1.017s] -- Up-to-date: /home/user/cartographer_ws_docker/install/cartographer/include/cartographer/mapping/2d/grid_2d.h
[1.017s] -- Up-to-date: /home/user/cartographer_ws_docker/install/cartographer/include/cartographer/mapping/2d/map_limits.h
[1.017s] -- Up-to-date: /home/user/cartographer_ws_docker/install/cartographer/include/cartographer/mapping/2d/probability_grid.h
[1.017s] -- Up-to-date: /home/user/cartographer_ws_docker/install/cartographer/include/cartographer/mapping/2d/probability_grid_range_data_inserter_2d.h
[1.017s] -- Up-to-date: /home/user/cartographer_ws_docker/install/cartographer/include/cartographer/mapping/2d/submap_2d.h
[1.017s] -- Up-to-date: /home/user/cartographer_ws_docker/install/cartographer/include/cartographer/mapping/2d/xy_index.h
[1.017s] -- Up-to-date: /home/user/cartographer_ws_docker/install/cartographer/include/cartographer/mapping/3d/hybrid_grid.h
[1.017s] -- Up-to-date: /home/user/cartographer_ws_docker/install/cartographer/include/cartographer/mapping/3d/range_data_inserter_3d.h
[1.017s] -- Up-to-date: /home/user/cartographer_ws_docker/install/cartographer/include/cartographer/mapping/3d/submap_3d.h
[1.017s] -- Up-to-date: /home/user/cartographer_ws_docker/install/cartographer/include/cartographer/mapping/detect_floors.h
[1.017s] -- Up-to-date: /home/user/cartographer_ws_docker/install/cartographer/include/cartographer/mapping/grid_interface.h
[1.017s] -- Up-to-date: /home/user/cartographer_ws_docker/install/cartographer/include/cartographer/mapping/id.h
[1.017s] -- Up-to-date: /home/user/cartographer_ws_docker/install/cartographer/include/cartographer/mapping/imu_tracker.h
[1.017s] -- Up-to-date: /home/user/cartographer_ws_docker/install/cartographer/include/cartographer/mapping/map_builder.h
[1.017s] -- Up-to-date: /home/user/cartographer_ws_docker/install/cartographer/include/cartographer/mapping/map_builder_interface.h
[1.018s] -- Up-to-date: /home/user/cartographer_ws_docker/install/cartographer/include/cartographer/mapping/pose_extrapolator.h
[1.018s] -- Up-to-date: /home/user/cartographer_ws_docker/install/cartographer/include/cartographer/mapping/pose_extrapolator_interface.h
[1.018s] -- Up-to-date: /home/user/cartographer_ws_docker/install/cartographer/include/cartographer/mapping/pose_graph.h
[1.018s] -- Up-to-date: /home/user/cartographer_ws_docker/install/cartographer/include/cartographer/mapping/pose_graph_interface.h
[1.018s] -- Up-to-date: /home/user/cartographer_ws_docker/install/cartographer/include/cartographer/mapping/pose_graph_trimmer.h
[1.018s] -- Up-to-date: /home/user/cartographer_ws_docker/install/cartographer/include/cartographer/mapping/probability_values.h
[1.018s] -- Up-to-date: /home/user/cartographer_ws_docker/install/cartographer/include/cartographer/mapping/range_data_inserter_interface.h
[1.018s] -- Up-to-date: /home/user/cartographer_ws_docker/install/cartographer/include/cartographer/mapping/submaps.h
[1.018s] -- Up-to-date: /home/user/cartographer_ws_docker/install/cartographer/include/cartographer/mapping/trajectory_builder_interface.h
[1.018s] -- Up-to-date: /home/user/cartographer_ws_docker/install/cartographer/include/cartographer/mapping/trajectory_node.h
[1.018s] -- Up-to-date: /home/user/cartographer_ws_docker/install/cartographer/include/cartographer/mapping/value_conversion_tables.h
[1.018s] -- Up-to-date: /home/user/cartographer_ws_docker/install/cartographer/include/cartographer/metrics/counter.h
[1.018s] -- Up-to-date: /home/user/cartographer_ws_docker/install/cartographer/include/cartographer/metrics/family_factory.h
[1.018s] -- Up-to-date: /home/user/cartographer_ws_docker/install/cartographer/include/cartographer/metrics/gauge.h
[1.018s] -- Up-to-date: /home/user/cartographer_ws_docker/install/cartographer/include/cartographer/metrics/histogram.h
[1.018s] -- Up-to-date: /home/user/cartographer_ws_docker/install/cartographer/include/cartographer/metrics/register.h
[1.018s] -- Up-to-date: /home/user/cartographer_ws_docker/install/cartographer/include/cartographer/sensor/collator_interface.h
[1.018s] -- Up-to-date: /home/user/cartographer_ws_docker/install/cartographer/include/cartographer/sensor/compressed_point_cloud.h
[1.018s] -- Up-to-date: /home/user/cartographer_ws_docker/install/cartographer/include/cartographer/sensor/data.h
[1.018s] -- Up-to-date: /home/user/cartographer_ws_docker/install/cartographer/include/cartographer/sensor/fixed_frame_pose_data.h
[1.018s] -- Up-to-date: /home/user/cartographer_ws_docker/install/cartographer/include/cartographer/sensor/imu_data.h
[1.018s] -- Up-to-date: /home/user/cartographer_ws_docker/install/cartographer/include/cartographer/sensor/landmark_data.h
[1.018s] -- Up-to-date: /home/user/cartographer_ws_docker/install/cartographer/include/cartographer/sensor/map_by_time.h
[1.018s] -- Up-to-date: /home/user/cartographer_ws_docker/install/cartographer/include/cartographer/sensor/odometry_data.h
[1.018s] -- Up-to-date: /home/user/cartographer_ws_docker/install/cartographer/include/cartographer/sensor/point_cloud.h
[1.018s] -- Up-to-date: /home/user/cartographer_ws_docker/install/cartographer/include/cartographer/sensor/range_data.h
[1.018s] -- Up-to-date: /home/user/cartographer_ws_docker/install/cartographer/include/cartographer/sensor/rangefinder_point.h
[1.018s] -- Up-to-date: /home/user/cartographer_ws_docker/install/cartographer/include/cartographer/sensor/timed_point_cloud_data.h
[1.018s] -- Up-to-date: /home/user/cartographer_ws_docker/install/cartographer/include/cartographer/transform/rigid_transform.h
[1.018s] -- Up-to-date: /home/user/cartographer_ws_docker/install/cartographer/include/cartographer/transform/timestamped_transform.h
[1.018s] -- Up-to-date: /home/user/cartographer_ws_docker/install/cartographer/include/cartographer/transform/transform.h
[1.019s] -- Up-to-date: /home/user/cartographer_ws_docker/install/cartographer/include/cartographer/transform/transform_interpolation_buffer.h
[1.019s] -- Up-to-date: /home/user/cartographer_ws_docker/install/cartographer/include/cartographer/io/fake_file_writer.h
[1.019s] -- Up-to-date: /home/user/cartographer_ws_docker/install/cartographer/include/cartographer/transform/rigid_transform_test_helpers.h
[1.019s] -- Up-to-date: /home/user/cartographer_ws_docker/install/cartographer/include/cartographer/common/proto/ceres_solver_options.pb.h
[1.019s] -- Up-to-date: /home/user/cartographer_ws_docker/install/cartographer/include/cartographer/ground_truth/proto/relations.pb.h
[1.019s] -- Up-to-date: /home/user/cartographer_ws_docker/install/cartographer/include/cartographer/mapping/proto/cell_limits_2d.pb.h
[1.019s] -- Up-to-date: /home/user/cartographer_ws_docker/install/cartographer/include/cartographer/mapping/proto/connected_components.pb.h
[1.019s] -- Up-to-date: /home/user/cartographer_ws_docker/install/cartographer/include/cartographer/mapping/proto/grid_2d.pb.h
[1.019s] -- Up-to-date: /home/user/cartographer_ws_docker/install/cartographer/include/cartographer/mapping/proto/grid_2d_options.pb.h
[1.019s] -- Up-to-date: /home/user/cartographer_ws_docker/install/cartographer/include/cartographer/mapping/proto/hybrid_grid.pb.h
[1.019s] -- Up-to-date: /home/user/cartographer_ws_docker/install/cartographer/include/cartographer/mapping/proto/local_trajectory_builder_options_2d.pb.h
[1.019s] -- Up-to-date: /home/user/cartographer_ws_docker/install/cartographer/include/cartographer/mapping/proto/local_trajectory_builder_options_3d.pb.h
[1.019s] -- Up-to-date: /home/user/cartographer_ws_docker/install/cartographer/include/cartographer/mapping/proto/map_builder_options.pb.h
[1.019s] -- Up-to-date: /home/user/cartographer_ws_docker/install/cartographer/include/cartographer/mapping/proto/map_limits.pb.h
[1.019s] -- Up-to-date: /home/user/cartographer_ws_docker/install/cartographer/include/cartographer/mapping/proto/motion_filter_options.pb.h
[1.020s] -- Up-to-date: /home/user/cartographer_ws_docker/install/cartographer/include/cartographer/mapping/proto/normal_estimation_options_2d.pb.h
[1.020s] -- Up-to-date: /home/user/cartographer_ws_docker/install/cartographer/include/cartographer/mapping/proto/pose_extrapolator_options.pb.h
[1.020s] -- Up-to-date: /home/user/cartographer_ws_docker/install/cartographer/include/cartographer/mapping/proto/pose_graph.pb.h
[1.020s] -- Up-to-date: /home/user/cartographer_ws_docker/install/cartographer/include/cartographer/mapping/proto/pose_graph/constraint_builder_options.pb.h
[1.020s] -- Up-to-date: /home/user/cartographer_ws_docker/install/cartographer/include/cartographer/mapping/proto/pose_graph/optimization_problem_options.pb.h
[1.020s] -- Up-to-date: /home/user/cartographer_ws_docker/install/cartographer/include/cartographer/mapping/proto/pose_graph_options.pb.h
[1.021s] -- Up-to-date: /home/user/cartographer_ws_docker/install/cartographer/include/cartographer/mapping/proto/probability_grid.pb.h
[1.021s] -- Up-to-date: /home/user/cartographer_ws_docker/install/cartographer/include/cartographer/mapping/proto/probability_grid_range_data_inserter_options_2d.pb.h
[1.021s] -- Up-to-date: /home/user/cartographer_ws_docker/install/cartographer/include/cartographer/mapping/proto/range_data_inserter_options.pb.h
[1.021s] -- Up-to-date: /home/user/cartographer_ws_docker/install/cartographer/include/cartographer/mapping/proto/range_data_inserter_options_3d.pb.h
[1.021s] -- Up-to-date: /home/user/cartographer_ws_docker/install/cartographer/include/cartographer/mapping/proto/scan_matching/ceres_scan_matcher_options_2d.pb.h
[1.021s] -- Up-to-date: /home/user/cartographer_ws_docker/install/cartographer/include/cartographer/mapping/proto/scan_matching/ceres_scan_matcher_options_3d.pb.h
[1.021s] -- Up-to-date: /home/user/cartographer_ws_docker/install/cartographer/include/cartographer/mapping/proto/scan_matching/fast_correlative_scan_matcher_options_2d.pb.h
[1.021s] -- Up-to-date: /home/user/cartographer_ws_docker/install/cartographer/include/cartographer/mapping/proto/scan_matching/fast_correlative_scan_matcher_options_3d.pb.h
[1.021s] -- Up-to-date: /home/user/cartographer_ws_docker/install/cartographer/include/cartographer/mapping/proto/scan_matching/real_time_correlative_scan_matcher_options.pb.h
[1.021s] -- Up-to-date: /home/user/cartographer_ws_docker/install/cartographer/include/cartographer/mapping/proto/serialization.pb.h
[1.022s] -- Up-to-date: /home/user/cartographer_ws_docker/install/cartographer/include/cartographer/mapping/proto/submap.pb.h
[1.022s] -- Up-to-date: /home/user/cartographer_ws_docker/install/cartographer/include/cartographer/mapping/proto/submap_visualization.pb.h
[1.022s] -- Up-to-date: /home/user/cartographer_ws_docker/install/cartographer/include/cartographer/mapping/proto/submaps_options_2d.pb.h
[1.022s] -- Up-to-date: /home/user/cartographer_ws_docker/install/cartographer/include/cartographer/mapping/proto/submaps_options_3d.pb.h
[1.022s] -- Up-to-date: /home/user/cartographer_ws_docker/install/cartographer/include/cartographer/mapping/proto/trajectory.pb.h
[1.022s] -- Up-to-date: /home/user/cartographer_ws_docker/install/cartographer/include/cartographer/mapping/proto/trajectory_builder_options.pb.h
[1.022s] -- Up-to-date: /home/user/cartographer_ws_docker/install/cartographer/include/cartographer/mapping/proto/trajectory_node_data.pb.h
[1.022s] -- Up-to-date: /home/user/cartographer_ws_docker/install/cartographer/include/cartographer/mapping/proto/tsdf_2d.pb.h
[1.022s] -- Up-to-date: /home/user/cartographer_ws_docker/install/cartographer/include/cartographer/mapping/proto/tsdf_range_data_inserter_options_2d.pb.h
[1.022s] -- Up-to-date: /home/user/cartographer_ws_docker/install/cartographer/include/cartographer/sensor/proto/adaptive_voxel_filter_options.pb.h
[1.022s] -- Up-to-date: /home/user/cartographer_ws_docker/install/cartographer/include/cartographer/sensor/proto/sensor.pb.h
[1.022s] -- Up-to-date: /home/user/cartographer_ws_docker/install/cartographer/include/cartographer/transform/proto/timestamped_transform.pb.h
[1.023s] -- Up-to-date: /home/user/cartographer_ws_docker/install/cartographer/include/cartographer/transform/proto/transform.pb.h
[1.023s] -- Up-to-date: /home/user/cartographer_ws_docker/install/cartographer/share/cartographer/cmake/CartographerTargets.cmake
[1.023s] -- Up-to-date: /home/user/cartographer_ws_docker/install/cartographer/share/cartographer/cmake/CartographerTargets-release.cmake
[1.023s] -- Up-to-date: /home/user/cartographer_ws_docker/install/cartographer/share/cartographer/cartographer-config.cmake
[1.023s] Invoked command in '/home/user/cartographer_ws_docker/build/cartographer' returned '0': CMAKE_PREFIX_PATH=${CMAKE_PREFIX_PATH}:/opt/ros/humble /usr/bin/cmake --install /home/user/cartographer_ws_docker/build/cartographer
