[0.071s] Invoking command in '/home/user/cartographer_ws_docker/build/cartographer_ros_msgs': CMAKE_PREFIX_PATH=${CMAKE_PREFIX_PATH}:/home/user/tracing_ws/install/ros2bag:/home/user/tracing_ws/install/tracetools_test:/home/user/tracing_ws/install/tracetools_launch:/home/user/tracing_ws/install/tf2_tools:/home/user/tracing_ws/install/tf2_ros_py:/home/user/tracing_ws/install/sros2:/home/user/tracing_ws/install/rqt_plot:/home/user/tracing_ws/install/rqt_msg:/home/user/tracing_ws/install/rqt_console:/home/user/tracing_ws/install/rqt_gui_py:/home/user/tracing_ws/install/rqt_gui:/home/user/tracing_ws/install/ros2trace:/home/user/tracing_ws/install/ros2topic:/home/user/tracing_ws/install/ros2test:/home/user/tracing_ws/install/ros2param:/home/user/tracing_ws/install/ros2service:/home/user/tracing_ws/install/ros2run:/home/user/tracing_ws/install/ros2pkg:/home/user/tracing_ws/install/ros2node:/home/user/tracing_ws/install/ros2multicast:/home/user/tracing_ws/install/ros2interface:/home/user/tracing_ws/install/ros2doctor:/home/user/tracing_ws/install/ros2action:/home/user/tracing_ws/install/ros2cli:/home/user/tracing_ws/install/launch_testing_ros:/home/user/tracing_ws/install/launch_ros:/home/user/tracing_ws/install/demo_nodes_py:/home/user/tracing_ws/install/ament_uncrustify:/home/user/tracing_ws/install/tracetools_trace:/home/user/tracing_ws/install/tracetools_analysis:/home/user/tracing_ws/install/tracetools_read:/home/user/tracing_ws/install/sensor_msgs_py:/home/user/tracing_ws/install/rpyutils:/home/user/tracing_ws/install/rosidl_runtime_py:/home/user/tracing_ws/install/rosidl_cli:/home/user/tracing_ws/install/launch_testing:/home/user/tracing_ws/install/launch_yaml:/home/user/tracing_ws/install/launch_xml:/home/user/tracing_ws/install/launch:/home/user/tracing_ws/install/osrf_pycommon:/home/user/tracing_ws/install/hello:/home/user/tracing_ws/install/domain_coordinator:/home/user/tracing_ws/install/ament_xmllint:/home/user/tracing_ws/install/ament_pyflakes:/home/user/tracing_ws/install/ament_pycodestyle:/home/user/tracing_ws/install/ament_pep257:/home/user/tracing_ws/install/ament_pclint:/home/user/tracing_ws/install/ament_package:/home/user/tracing_ws/install/ament_mypy:/home/user/tracing_ws/install/ament_lint_cmake:/home/user/tracing_ws/install/ament_flake8:/home/user/tracing_ws/install/ament_copyright:/home/user/tracing_ws/install/ament_lint:/home/user/tracing_ws/install/ament_index_python:/home/user/tracing_ws/install/ament_cpplint:/home/user/tracing_ws/install/ament_cppcheck:/home/user/tracing_ws/install/ament_clang_tidy:/home/user/tracing_ws/install/ament_clang_format:/opt/ros/humble /usr/bin/cmake --build /home/user/cartographer_ws_docker/build/cartographer_ros_msgs -- -j6 -l6
[0.229s] [35m[1mConsolidate compiler generated dependencies of target cartographer_ros_msgs__rosidl_generator_c[0m
[0.282s] [  0%] Built target cartographer_ros_msgs__cpp
[0.304s] [  0%] Built target ament_cmake_python_symlink_cartographer_ros_msgs
[0.329s] [ 12%] Built target cartographer_ros_msgs__rosidl_generator_c
[0.352s] [35m[1mConsolidate compiler generated dependencies of target cartographer_ros_msgs__rosidl_typesupport_introspection_cpp[0m
[0.363s] [35m[1mConsolidate compiler generated dependencies of target cartographer_ros_msgs__rosidl_typesupport_fastrtps_cpp[0m
[0.378s] [35m[1mConsolidate compiler generated dependencies of target cartographer_ros_msgs__rosidl_typesupport_cpp[0m
[0.424s] [35m[1mConsolidate compiler generated dependencies of target cartographer_ros_msgs__rosidl_typesupport_fastrtps_c[0m
[0.437s] [35m[1mConsolidate compiler generated dependencies of target cartographer_ros_msgs__rosidl_typesupport_introspection_c[0m
[0.491s] [ 25%] Built target cartographer_ros_msgs__rosidl_typesupport_introspection_cpp
[0.504s] [ 37%] Built target cartographer_ros_msgs__rosidl_typesupport_cpp
[0.511s] [ 49%] Built target cartographer_ros_msgs__rosidl_typesupport_fastrtps_cpp
[0.550s] [ 61%] Built target cartographer_ros_msgs__rosidl_typesupport_fastrtps_c
[0.560s] [ 73%] Built target cartographer_ros_msgs__rosidl_typesupport_introspection_c
[0.581s] [35m[1mConsolidate compiler generated dependencies of target cartographer_ros_msgs__rosidl_typesupport_c[0m
[0.667s] [ 85%] Built target cartographer_ros_msgs__rosidl_typesupport_c
[0.791s] [ 85%] Built target cartographer_ros_msgs
[0.941s] [ 86%] Built target cartographer_ros_msgs__py
[0.991s] running egg_info
[0.992s] writing cartographer_ros_msgs.egg-info/PKG-INFO
[0.992s] writing dependency_links to cartographer_ros_msgs.egg-info/dependency_links.txt
[0.993s] writing top-level names to cartographer_ros_msgs.egg-info/top_level.txt
[0.995s] reading manifest file 'cartographer_ros_msgs.egg-info/SOURCES.txt'
[0.997s] writing manifest file 'cartographer_ros_msgs.egg-info/SOURCES.txt'
[1.032s] [35m[1mConsolidate compiler generated dependencies of target cartographer_ros_msgs__rosidl_generator_py[0m
[1.078s] [ 86%] Built target ament_cmake_python_build_cartographer_ros_msgs_egg
[1.121s] [ 97%] Built target cartographer_ros_msgs__rosidl_generator_py
[1.170s] [35m[1mConsolidate compiler generated dependencies of target cartographer_ros_msgs__rosidl_typesupport_introspection_c__pyext[0m
[1.215s] [35m[1mConsolidate compiler generated dependencies of target cartographer_ros_msgs__rosidl_typesupport_fastrtps_c__pyext[0m
[1.223s] [35m[1mConsolidate compiler generated dependencies of target cartographer_ros_msgs__rosidl_typesupport_c__pyext[0m
[1.240s] [ 98%] Built target cartographer_ros_msgs__rosidl_typesupport_introspection_c__pyext
[1.296s] [ 99%] Built target cartographer_ros_msgs__rosidl_typesupport_fastrtps_c__pyext
[1.312s] [100%] Built target cartographer_ros_msgs__rosidl_typesupport_c__pyext
[1.366s] Invoked command in '/home/user/cartographer_ws_docker/build/cartographer_ros_msgs' returned '0': CMAKE_PREFIX_PATH=${CMAKE_PREFIX_PATH}:/home/user/tracing_ws/install/ros2bag:/home/user/tracing_ws/install/tracetools_test:/home/user/tracing_ws/install/tracetools_launch:/home/user/tracing_ws/install/tf2_tools:/home/user/tracing_ws/install/tf2_ros_py:/home/user/tracing_ws/install/sros2:/home/user/tracing_ws/install/rqt_plot:/home/user/tracing_ws/install/rqt_msg:/home/user/tracing_ws/install/rqt_console:/home/user/tracing_ws/install/rqt_gui_py:/home/user/tracing_ws/install/rqt_gui:/home/user/tracing_ws/install/ros2trace:/home/user/tracing_ws/install/ros2topic:/home/user/tracing_ws/install/ros2test:/home/user/tracing_ws/install/ros2param:/home/user/tracing_ws/install/ros2service:/home/user/tracing_ws/install/ros2run:/home/user/tracing_ws/install/ros2pkg:/home/user/tracing_ws/install/ros2node:/home/user/tracing_ws/install/ros2multicast:/home/user/tracing_ws/install/ros2interface:/home/user/tracing_ws/install/ros2doctor:/home/user/tracing_ws/install/ros2action:/home/user/tracing_ws/install/ros2cli:/home/user/tracing_ws/install/launch_testing_ros:/home/user/tracing_ws/install/launch_ros:/home/user/tracing_ws/install/demo_nodes_py:/home/user/tracing_ws/install/ament_uncrustify:/home/user/tracing_ws/install/tracetools_trace:/home/user/tracing_ws/install/tracetools_analysis:/home/user/tracing_ws/install/tracetools_read:/home/user/tracing_ws/install/sensor_msgs_py:/home/user/tracing_ws/install/rpyutils:/home/user/tracing_ws/install/rosidl_runtime_py:/home/user/tracing_ws/install/rosidl_cli:/home/user/tracing_ws/install/launch_testing:/home/user/tracing_ws/install/launch_yaml:/home/user/tracing_ws/install/launch_xml:/home/user/tracing_ws/install/launch:/home/user/tracing_ws/install/osrf_pycommon:/home/user/tracing_ws/install/hello:/home/user/tracing_ws/install/domain_coordinator:/home/user/tracing_ws/install/ament_xmllint:/home/user/tracing_ws/install/ament_pyflakes:/home/user/tracing_ws/install/ament_pycodestyle:/home/user/tracing_ws/install/ament_pep257:/home/user/tracing_ws/install/ament_pclint:/home/user/tracing_ws/install/ament_package:/home/user/tracing_ws/install/ament_mypy:/home/user/tracing_ws/install/ament_lint_cmake:/home/user/tracing_ws/install/ament_flake8:/home/user/tracing_ws/install/ament_copyright:/home/user/tracing_ws/install/ament_lint:/home/user/tracing_ws/install/ament_index_python:/home/user/tracing_ws/install/ament_cpplint:/home/user/tracing_ws/install/ament_cppcheck:/home/user/tracing_ws/install/ament_clang_tidy:/home/user/tracing_ws/install/ament_clang_format:/opt/ros/humble /usr/bin/cmake --build /home/user/cartographer_ws_docker/build/cartographer_ros_msgs -- -j6 -l6
[5.334s] Invoking command in '/home/user/cartographer_ws_docker/build/cartographer_ros_msgs': CMAKE_PREFIX_PATH=${CMAKE_PREFIX_PATH}:/home/user/tracing_ws/install/ros2bag:/home/user/tracing_ws/install/tracetools_test:/home/user/tracing_ws/install/tracetools_launch:/home/user/tracing_ws/install/tf2_tools:/home/user/tracing_ws/install/tf2_ros_py:/home/user/tracing_ws/install/sros2:/home/user/tracing_ws/install/rqt_plot:/home/user/tracing_ws/install/rqt_msg:/home/user/tracing_ws/install/rqt_console:/home/user/tracing_ws/install/rqt_gui_py:/home/user/tracing_ws/install/rqt_gui:/home/user/tracing_ws/install/ros2trace:/home/user/tracing_ws/install/ros2topic:/home/user/tracing_ws/install/ros2test:/home/user/tracing_ws/install/ros2param:/home/user/tracing_ws/install/ros2service:/home/user/tracing_ws/install/ros2run:/home/user/tracing_ws/install/ros2pkg:/home/user/tracing_ws/install/ros2node:/home/user/tracing_ws/install/ros2multicast:/home/user/tracing_ws/install/ros2interface:/home/user/tracing_ws/install/ros2doctor:/home/user/tracing_ws/install/ros2action:/home/user/tracing_ws/install/ros2cli:/home/user/tracing_ws/install/launch_testing_ros:/home/user/tracing_ws/install/launch_ros:/home/user/tracing_ws/install/demo_nodes_py:/home/user/tracing_ws/install/ament_uncrustify:/home/user/tracing_ws/install/tracetools_trace:/home/user/tracing_ws/install/tracetools_analysis:/home/user/tracing_ws/install/tracetools_read:/home/user/tracing_ws/install/sensor_msgs_py:/home/user/tracing_ws/install/rpyutils:/home/user/tracing_ws/install/rosidl_runtime_py:/home/user/tracing_ws/install/rosidl_cli:/home/user/tracing_ws/install/launch_testing:/home/user/tracing_ws/install/launch_yaml:/home/user/tracing_ws/install/launch_xml:/home/user/tracing_ws/install/launch:/home/user/tracing_ws/install/osrf_pycommon:/home/user/tracing_ws/install/hello:/home/user/tracing_ws/install/domain_coordinator:/home/user/tracing_ws/install/ament_xmllint:/home/user/tracing_ws/install/ament_pyflakes:/home/user/tracing_ws/install/ament_pycodestyle:/home/user/tracing_ws/install/ament_pep257:/home/user/tracing_ws/install/ament_pclint:/home/user/tracing_ws/install/ament_package:/home/user/tracing_ws/install/ament_mypy:/home/user/tracing_ws/install/ament_lint_cmake:/home/user/tracing_ws/install/ament_flake8:/home/user/tracing_ws/install/ament_copyright:/home/user/tracing_ws/install/ament_lint:/home/user/tracing_ws/install/ament_index_python:/home/user/tracing_ws/install/ament_cpplint:/home/user/tracing_ws/install/ament_cppcheck:/home/user/tracing_ws/install/ament_clang_tidy:/home/user/tracing_ws/install/ament_clang_format:/opt/ros/humble /usr/bin/cmake --install /home/user/cartographer_ws_docker/build/cartographer_ros_msgs
[5.361s] -- Install configuration: ""
[5.362s] -- Execute custom install script
[5.362s] -- Up-to-date symlink: /home/user/cartographer_ws_docker/install/cartographer_ros_msgs/share/ament_index/resource_index/rosidl_interfaces/cartographer_ros_msgs
[5.363s] -- Up-to-date symlink: /home/user/cartographer_ws_docker/install/cartographer_ros_msgs/include/cartographer_ros_msgs/cartographer_ros_msgs/msg/bagfile_progress.h
[5.363s] -- Up-to-date symlink: /home/user/cartographer_ws_docker/install/cartographer_ros_msgs/include/cartographer_ros_msgs/cartographer_ros_msgs/msg/detail/bagfile_progress__functions.h
[5.364s] -- Up-to-date symlink: /home/user/cartographer_ws_docker/install/cartographer_ros_msgs/include/cartographer_ros_msgs/cartographer_ros_msgs/msg/detail/bagfile_progress__struct.h
[5.365s] -- Up-to-date symlink: /home/user/cartographer_ws_docker/install/cartographer_ros_msgs/include/cartographer_ros_msgs/cartographer_ros_msgs/msg/detail/bagfile_progress__type_support.h
[5.365s] -- Up-to-date symlink: /home/user/cartographer_ws_docker/install/cartographer_ros_msgs/include/cartographer_ros_msgs/cartographer_ros_msgs/msg/detail/histogram_bucket__functions.h
[5.365s] -- Up-to-date symlink: /home/user/cartographer_ws_docker/install/cartographer_ros_msgs/include/cartographer_ros_msgs/cartographer_ros_msgs/msg/detail/histogram_bucket__struct.h
[5.365s] -- Up-to-date symlink: /home/user/cartographer_ws_docker/install/cartographer_ros_msgs/include/cartographer_ros_msgs/cartographer_ros_msgs/msg/detail/histogram_bucket__type_support.h
[5.365s] -- Up-to-date symlink: /home/user/cartographer_ws_docker/install/cartographer_ros_msgs/include/cartographer_ros_msgs/cartographer_ros_msgs/msg/detail/landmark_entry__functions.h
[5.365s] -- Up-to-date symlink: /home/user/cartographer_ws_docker/install/cartographer_ros_msgs/include/cartographer_ros_msgs/cartographer_ros_msgs/msg/detail/landmark_entry__struct.h
[5.365s] -- Up-to-date symlink: /home/user/cartographer_ws_docker/install/cartographer_ros_msgs/include/cartographer_ros_msgs/cartographer_ros_msgs/msg/detail/landmark_entry__type_support.h
[5.365s] -- Up-to-date symlink: /home/user/cartographer_ws_docker/install/cartographer_ros_msgs/include/cartographer_ros_msgs/cartographer_ros_msgs/msg/detail/landmark_list__functions.h
[5.365s] -- Up-to-date symlink: /home/user/cartographer_ws_docker/install/cartographer_ros_msgs/include/cartographer_ros_msgs/cartographer_ros_msgs/msg/detail/landmark_list__struct.h
[5.366s] -- Up-to-date symlink: /home/user/cartographer_ws_docker/install/cartographer_ros_msgs/include/cartographer_ros_msgs/cartographer_ros_msgs/msg/detail/landmark_list__type_support.h
[5.366s] -- Up-to-date symlink: /home/user/cartographer_ws_docker/install/cartographer_ros_msgs/include/cartographer_ros_msgs/cartographer_ros_msgs/msg/detail/metric__functions.h
[5.366s] -- Up-to-date symlink: /home/user/cartographer_ws_docker/install/cartographer_ros_msgs/include/cartographer_ros_msgs/cartographer_ros_msgs/msg/detail/metric__struct.h
[5.366s] -- Up-to-date symlink: /home/user/cartographer_ws_docker/install/cartographer_ros_msgs/include/cartographer_ros_msgs/cartographer_ros_msgs/msg/detail/metric__type_support.h
[5.367s] -- Up-to-date symlink: /home/user/cartographer_ws_docker/install/cartographer_ros_msgs/include/cartographer_ros_msgs/cartographer_ros_msgs/msg/detail/metric_family__functions.h
[5.367s] -- Up-to-date symlink: /home/user/cartographer_ws_docker/install/cartographer_ros_msgs/include/cartographer_ros_msgs/cartographer_ros_msgs/msg/detail/metric_family__struct.h
[5.367s] -- Up-to-date symlink: /home/user/cartographer_ws_docker/install/cartographer_ros_msgs/include/cartographer_ros_msgs/cartographer_ros_msgs/msg/detail/metric_family__type_support.h
[5.367s] -- Up-to-date symlink: /home/user/cartographer_ws_docker/install/cartographer_ros_msgs/include/cartographer_ros_msgs/cartographer_ros_msgs/msg/detail/metric_label__functions.h
[5.367s] -- Up-to-date symlink: /home/user/cartographer_ws_docker/install/cartographer_ros_msgs/include/cartographer_ros_msgs/cartographer_ros_msgs/msg/detail/metric_label__struct.h
[5.368s] -- Up-to-date symlink: /home/user/cartographer_ws_docker/install/cartographer_ros_msgs/include/cartographer_ros_msgs/cartographer_ros_msgs/msg/detail/metric_label__type_support.h
[5.368s] -- Up-to-date symlink: /home/user/cartographer_ws_docker/install/cartographer_ros_msgs/include/cartographer_ros_msgs/cartographer_ros_msgs/msg/detail/status_code__functions.h
[5.368s] -- Up-to-date symlink: /home/user/cartographer_ws_docker/install/cartographer_ros_msgs/include/cartographer_ros_msgs/cartographer_ros_msgs/msg/detail/status_code__struct.h
[5.368s] -- Up-to-date symlink: /home/user/cartographer_ws_docker/install/cartographer_ros_msgs/include/cartographer_ros_msgs/cartographer_ros_msgs/msg/detail/status_code__type_support.h
[5.368s] -- Up-to-date symlink: /home/user/cartographer_ws_docker/install/cartographer_ros_msgs/include/cartographer_ros_msgs/cartographer_ros_msgs/msg/detail/status_response__functions.h
[5.368s] -- Up-to-date symlink: /home/user/cartographer_ws_docker/install/cartographer_ros_msgs/include/cartographer_ros_msgs/cartographer_ros_msgs/msg/detail/status_response__struct.h
[5.368s] -- Up-to-date symlink: /home/user/cartographer_ws_docker/install/cartographer_ros_msgs/include/cartographer_ros_msgs/cartographer_ros_msgs/msg/detail/status_response__type_support.h
[5.368s] -- Up-to-date symlink: /home/user/cartographer_ws_docker/install/cartographer_ros_msgs/include/cartographer_ros_msgs/cartographer_ros_msgs/msg/detail/submap_entry__functions.h
[5.369s] -- Up-to-date symlink: /home/user/cartographer_ws_docker/install/cartographer_ros_msgs/include/cartographer_ros_msgs/cartographer_ros_msgs/msg/detail/submap_entry__struct.h
[5.369s] -- Up-to-date symlink: /home/user/cartographer_ws_docker/install/cartographer_ros_msgs/include/cartographer_ros_msgs/cartographer_ros_msgs/msg/detail/submap_entry__type_support.h
[5.369s] -- Up-to-date symlink: /home/user/cartographer_ws_docker/install/cartographer_ros_msgs/include/cartographer_ros_msgs/cartographer_ros_msgs/msg/detail/submap_list__functions.h
[5.369s] -- Up-to-date symlink: /home/user/cartographer_ws_docker/install/cartographer_ros_msgs/include/cartographer_ros_msgs/cartographer_ros_msgs/msg/detail/submap_list__struct.h
[5.369s] -- Up-to-date symlink: /home/user/cartographer_ws_docker/install/cartographer_ros_msgs/include/cartographer_ros_msgs/cartographer_ros_msgs/msg/detail/submap_list__type_support.h
[5.369s] -- Up-to-date symlink: /home/user/cartographer_ws_docker/install/cartographer_ros_msgs/include/cartographer_ros_msgs/cartographer_ros_msgs/msg/detail/submap_texture__functions.h
[5.369s] -- Up-to-date symlink: /home/user/cartographer_ws_docker/install/cartographer_ros_msgs/include/cartographer_ros_msgs/cartographer_ros_msgs/msg/detail/submap_texture__struct.h
[5.369s] -- Up-to-date symlink: /home/user/cartographer_ws_docker/install/cartographer_ros_msgs/include/cartographer_ros_msgs/cartographer_ros_msgs/msg/detail/submap_texture__type_support.h
[5.369s] -- Up-to-date symlink: /home/user/cartographer_ws_docker/install/cartographer_ros_msgs/include/cartographer_ros_msgs/cartographer_ros_msgs/msg/detail/trajectory_states__functions.h
[5.369s] -- Up-to-date symlink: /home/user/cartographer_ws_docker/install/cartographer_ros_msgs/include/cartographer_ros_msgs/cartographer_ros_msgs/msg/detail/trajectory_states__struct.h
[5.370s] -- Up-to-date symlink: /home/user/cartographer_ws_docker/install/cartographer_ros_msgs/include/cartographer_ros_msgs/cartographer_ros_msgs/msg/detail/trajectory_states__type_support.h
[5.370s] -- Up-to-date symlink: /home/user/cartographer_ws_docker/install/cartographer_ros_msgs/include/cartographer_ros_msgs/cartographer_ros_msgs/msg/histogram_bucket.h
[5.370s] -- Up-to-date symlink: /home/user/cartographer_ws_docker/install/cartographer_ros_msgs/include/cartographer_ros_msgs/cartographer_ros_msgs/msg/landmark_entry.h
[5.370s] -- Up-to-date symlink: /home/user/cartographer_ws_docker/install/cartographer_ros_msgs/include/cartographer_ros_msgs/cartographer_ros_msgs/msg/landmark_list.h
[5.370s] -- Up-to-date symlink: /home/user/cartographer_ws_docker/install/cartographer_ros_msgs/include/cartographer_ros_msgs/cartographer_ros_msgs/msg/metric.h
[5.370s] -- Up-to-date symlink: /home/user/cartographer_ws_docker/install/cartographer_ros_msgs/include/cartographer_ros_msgs/cartographer_ros_msgs/msg/metric_family.h
[5.370s] -- Up-to-date symlink: /home/user/cartographer_ws_docker/install/cartographer_ros_msgs/include/cartographer_ros_msgs/cartographer_ros_msgs/msg/metric_label.h
[5.371s] -- Up-to-date symlink: /home/user/cartographer_ws_docker/install/cartographer_ros_msgs/include/cartographer_ros_msgs/cartographer_ros_msgs/msg/rosidl_generator_c__visibility_control.h
[5.371s] -- Up-to-date symlink: /home/user/cartographer_ws_docker/install/cartographer_ros_msgs/include/cartographer_ros_msgs/cartographer_ros_msgs/msg/status_code.h
[5.371s] -- Up-to-date symlink: /home/user/cartographer_ws_docker/install/cartographer_ros_msgs/include/cartographer_ros_msgs/cartographer_ros_msgs/msg/status_response.h
[5.371s] -- Up-to-date symlink: /home/user/cartographer_ws_docker/install/cartographer_ros_msgs/include/cartographer_ros_msgs/cartographer_ros_msgs/msg/submap_entry.h
[5.371s] -- Up-to-date symlink: /home/user/cartographer_ws_docker/install/cartographer_ros_msgs/include/cartographer_ros_msgs/cartographer_ros_msgs/msg/submap_list.h
[5.371s] -- Up-to-date symlink: /home/user/cartographer_ws_docker/install/cartographer_ros_msgs/include/cartographer_ros_msgs/cartographer_ros_msgs/msg/submap_texture.h
[5.371s] -- Up-to-date symlink: /home/user/cartographer_ws_docker/install/cartographer_ros_msgs/include/cartographer_ros_msgs/cartographer_ros_msgs/msg/trajectory_states.h
[5.372s] -- Up-to-date symlink: /home/user/cartographer_ws_docker/install/cartographer_ros_msgs/include/cartographer_ros_msgs/cartographer_ros_msgs/srv/detail/finish_trajectory__functions.h
[5.372s] -- Up-to-date symlink: /home/user/cartographer_ws_docker/install/cartographer_ros_msgs/include/cartographer_ros_msgs/cartographer_ros_msgs/srv/detail/finish_trajectory__struct.h
[5.372s] -- Up-to-date symlink: /home/user/cartographer_ws_docker/install/cartographer_ros_msgs/include/cartographer_ros_msgs/cartographer_ros_msgs/srv/detail/finish_trajectory__type_support.h
[5.372s] -- Up-to-date symlink: /home/user/cartographer_ws_docker/install/cartographer_ros_msgs/include/cartographer_ros_msgs/cartographer_ros_msgs/srv/detail/get_trajectory_states__functions.h
[5.372s] -- Up-to-date symlink: /home/user/cartographer_ws_docker/install/cartographer_ros_msgs/include/cartographer_ros_msgs/cartographer_ros_msgs/srv/detail/get_trajectory_states__struct.h
[5.372s] -- Up-to-date symlink: /home/user/cartographer_ws_docker/install/cartographer_ros_msgs/include/cartographer_ros_msgs/cartographer_ros_msgs/srv/detail/get_trajectory_states__type_support.h
[5.372s] -- Up-to-date symlink: /home/user/cartographer_ws_docker/install/cartographer_ros_msgs/include/cartographer_ros_msgs/cartographer_ros_msgs/srv/detail/read_metrics__functions.h
[5.372s] -- Up-to-date symlink: /home/user/cartographer_ws_docker/install/cartographer_ros_msgs/include/cartographer_ros_msgs/cartographer_ros_msgs/srv/detail/read_metrics__struct.h
[5.373s] -- Up-to-date symlink: /home/user/cartographer_ws_docker/install/cartographer_ros_msgs/include/cartographer_ros_msgs/cartographer_ros_msgs/srv/detail/read_metrics__type_support.h
[5.373s] -- Up-to-date symlink: /home/user/cartographer_ws_docker/install/cartographer_ros_msgs/include/cartographer_ros_msgs/cartographer_ros_msgs/srv/detail/start_trajectory__functions.h
[5.373s] -- Up-to-date symlink: /home/user/cartographer_ws_docker/install/cartographer_ros_msgs/include/cartographer_ros_msgs/cartographer_ros_msgs/srv/detail/start_trajectory__struct.h
[5.373s] -- Up-to-date symlink: /home/user/cartographer_ws_docker/install/cartographer_ros_msgs/include/cartographer_ros_msgs/cartographer_ros_msgs/srv/detail/start_trajectory__type_support.h
[5.373s] -- Up-to-date symlink: /home/user/cartographer_ws_docker/install/cartographer_ros_msgs/include/cartographer_ros_msgs/cartographer_ros_msgs/srv/detail/submap_query__functions.h
[5.373s] -- Up-to-date symlink: /home/user/cartographer_ws_docker/install/cartographer_ros_msgs/include/cartographer_ros_msgs/cartographer_ros_msgs/srv/detail/submap_query__struct.h
[5.374s] -- Up-to-date symlink: /home/user/cartographer_ws_docker/install/cartographer_ros_msgs/include/cartographer_ros_msgs/cartographer_ros_msgs/srv/detail/submap_query__type_support.h
[5.374s] -- Up-to-date symlink: /home/user/cartographer_ws_docker/install/cartographer_ros_msgs/include/cartographer_ros_msgs/cartographer_ros_msgs/srv/detail/trajectory_query__functions.h
[5.374s] -- Up-to-date symlink: /home/user/cartographer_ws_docker/install/cartographer_ros_msgs/include/cartographer_ros_msgs/cartographer_ros_msgs/srv/detail/trajectory_query__struct.h
[5.374s] -- Up-to-date symlink: /home/user/cartographer_ws_docker/install/cartographer_ros_msgs/include/cartographer_ros_msgs/cartographer_ros_msgs/srv/detail/trajectory_query__type_support.h
[5.374s] -- Up-to-date symlink: /home/user/cartographer_ws_docker/install/cartographer_ros_msgs/include/cartographer_ros_msgs/cartographer_ros_msgs/srv/detail/write_state__functions.h
[5.375s] -- Up-to-date symlink: /home/user/cartographer_ws_docker/install/cartographer_ros_msgs/include/cartographer_ros_msgs/cartographer_ros_msgs/srv/detail/write_state__struct.h
[5.375s] -- Up-to-date symlink: /home/user/cartographer_ws_docker/install/cartographer_ros_msgs/include/cartographer_ros_msgs/cartographer_ros_msgs/srv/detail/write_state__type_support.h
[5.375s] -- Up-to-date symlink: /home/user/cartographer_ws_docker/install/cartographer_ros_msgs/include/cartographer_ros_msgs/cartographer_ros_msgs/srv/finish_trajectory.h
[5.375s] -- Up-to-date symlink: /home/user/cartographer_ws_docker/install/cartographer_ros_msgs/include/cartographer_ros_msgs/cartographer_ros_msgs/srv/get_trajectory_states.h
[5.375s] -- Up-to-date symlink: /home/user/cartographer_ws_docker/install/cartographer_ros_msgs/include/cartographer_ros_msgs/cartographer_ros_msgs/srv/read_metrics.h
[5.375s] -- Up-to-date symlink: /home/user/cartographer_ws_docker/install/cartographer_ros_msgs/include/cartographer_ros_msgs/cartographer_ros_msgs/srv/start_trajectory.h
[5.375s] -- Up-to-date symlink: /home/user/cartographer_ws_docker/install/cartographer_ros_msgs/include/cartographer_ros_msgs/cartographer_ros_msgs/srv/submap_query.h
[5.376s] -- Up-to-date symlink: /home/user/cartographer_ws_docker/install/cartographer_ros_msgs/include/cartographer_ros_msgs/cartographer_ros_msgs/srv/trajectory_query.h
[5.376s] -- Up-to-date symlink: /home/user/cartographer_ws_docker/install/cartographer_ros_msgs/include/cartographer_ros_msgs/cartographer_ros_msgs/srv/write_state.h
[5.376s] -- Up-to-date symlink: /home/user/cartographer_ws_docker/install/cartographer_ros_msgs/share/cartographer_ros_msgs/environment/library_path.sh
[5.376s] -- Up-to-date symlink: /home/user/cartographer_ws_docker/install/cartographer_ros_msgs/share/cartographer_ros_msgs/environment/library_path.dsv
[5.382s] -- Up-to-date symlink: /home/user/cartographer_ws_docker/install/cartographer_ros_msgs/include/cartographer_ros_msgs/cartographer_ros_msgs/msg/detail/bagfile_progress__rosidl_typesupport_introspection_c.h
[5.382s] -- Up-to-date symlink: /home/user/cartographer_ws_docker/install/cartographer_ros_msgs/include/cartographer_ros_msgs/cartographer_ros_msgs/msg/detail/histogram_bucket__rosidl_typesupport_introspection_c.h
[5.382s] -- Up-to-date symlink: /home/user/cartographer_ws_docker/install/cartographer_ros_msgs/include/cartographer_ros_msgs/cartographer_ros_msgs/msg/detail/landmark_entry__rosidl_typesupport_introspection_c.h
[5.382s] -- Up-to-date symlink: /home/user/cartographer_ws_docker/install/cartographer_ros_msgs/include/cartographer_ros_msgs/cartographer_ros_msgs/msg/detail/landmark_list__rosidl_typesupport_introspection_c.h
[5.382s] -- Up-to-date symlink: /home/user/cartographer_ws_docker/install/cartographer_ros_msgs/include/cartographer_ros_msgs/cartographer_ros_msgs/msg/detail/metric__rosidl_typesupport_introspection_c.h
[5.382s] -- Up-to-date symlink: /home/user/cartographer_ws_docker/install/cartographer_ros_msgs/include/cartographer_ros_msgs/cartographer_ros_msgs/msg/detail/metric_family__rosidl_typesupport_introspection_c.h
[5.382s] -- Up-to-date symlink: /home/user/cartographer_ws_docker/install/cartographer_ros_msgs/include/cartographer_ros_msgs/cartographer_ros_msgs/msg/detail/metric_label__rosidl_typesupport_introspection_c.h
[5.382s] -- Up-to-date symlink: /home/user/cartographer_ws_docker/install/cartographer_ros_msgs/include/cartographer_ros_msgs/cartographer_ros_msgs/msg/detail/status_code__rosidl_typesupport_introspection_c.h
[5.382s] -- Up-to-date symlink: /home/user/cartographer_ws_docker/install/cartographer_ros_msgs/include/cartographer_ros_msgs/cartographer_ros_msgs/msg/detail/status_response__rosidl_typesupport_introspection_c.h
[5.382s] -- Up-to-date symlink: /home/user/cartographer_ws_docker/install/cartographer_ros_msgs/include/cartographer_ros_msgs/cartographer_ros_msgs/msg/detail/submap_entry__rosidl_typesupport_introspection_c.h
[5.382s] -- Up-to-date symlink: /home/user/cartographer_ws_docker/install/cartographer_ros_msgs/include/cartographer_ros_msgs/cartographer_ros_msgs/msg/detail/submap_list__rosidl_typesupport_introspection_c.h
[5.383s] -- Up-to-date symlink: /home/user/cartographer_ws_docker/install/cartographer_ros_msgs/include/cartographer_ros_msgs/cartographer_ros_msgs/msg/detail/submap_texture__rosidl_typesupport_introspection_c.h
[5.383s] -- Up-to-date symlink: /home/user/cartographer_ws_docker/install/cartographer_ros_msgs/include/cartographer_ros_msgs/cartographer_ros_msgs/msg/detail/trajectory_states__rosidl_typesupport_introspection_c.h
[5.383s] -- Up-to-date symlink: /home/user/cartographer_ws_docker/install/cartographer_ros_msgs/include/cartographer_ros_msgs/cartographer_ros_msgs/msg/rosidl_typesupport_introspection_c__visibility_control.h
[5.383s] -- Up-to-date symlink: /home/user/cartographer_ws_docker/install/cartographer_ros_msgs/include/cartographer_ros_msgs/cartographer_ros_msgs/srv/detail/finish_trajectory__rosidl_typesupport_introspection_c.h
[5.383s] -- Up-to-date symlink: /home/user/cartographer_ws_docker/install/cartographer_ros_msgs/include/cartographer_ros_msgs/cartographer_ros_msgs/srv/detail/get_trajectory_states__rosidl_typesupport_introspection_c.h
[5.383s] -- Up-to-date symlink: /home/user/cartographer_ws_docker/install/cartographer_ros_msgs/include/cartographer_ros_msgs/cartographer_ros_msgs/srv/detail/read_metrics__rosidl_typesupport_introspection_c.h
[5.383s] -- Up-to-date symlink: /home/user/cartographer_ws_docker/install/cartographer_ros_msgs/include/cartographer_ros_msgs/cartographer_ros_msgs/srv/detail/start_trajectory__rosidl_typesupport_introspection_c.h
[5.383s] -- Up-to-date symlink: /home/user/cartographer_ws_docker/install/cartographer_ros_msgs/include/cartographer_ros_msgs/cartographer_ros_msgs/srv/detail/submap_query__rosidl_typesupport_introspection_c.h
[5.383s] -- Up-to-date symlink: /home/user/cartographer_ws_docker/install/cartographer_ros_msgs/include/cartographer_ros_msgs/cartographer_ros_msgs/srv/detail/trajectory_query__rosidl_typesupport_introspection_c.h
[5.383s] -- Up-to-date symlink: /home/user/cartographer_ws_docker/install/cartographer_ros_msgs/include/cartographer_ros_msgs/cartographer_ros_msgs/srv/detail/write_state__rosidl_typesupport_introspection_c.h
[5.383s] -- Up-to-date symlink: /home/user/cartographer_ws_docker/install/cartographer_ros_msgs/include/cartographer_ros_msgs/cartographer_ros_msgs/msg/detail/bagfile_progress__rosidl_typesupport_fastrtps_c.h
[5.383s] -- Up-to-date symlink: /home/user/cartographer_ws_docker/install/cartographer_ros_msgs/include/cartographer_ros_msgs/cartographer_ros_msgs/msg/detail/histogram_bucket__rosidl_typesupport_fastrtps_c.h
[5.383s] -- Up-to-date symlink: /home/user/cartographer_ws_docker/install/cartographer_ros_msgs/include/cartographer_ros_msgs/cartographer_ros_msgs/msg/detail/landmark_entry__rosidl_typesupport_fastrtps_c.h
[5.384s] -- Up-to-date symlink: /home/user/cartographer_ws_docker/install/cartographer_ros_msgs/include/cartographer_ros_msgs/cartographer_ros_msgs/msg/detail/landmark_list__rosidl_typesupport_fastrtps_c.h
[5.384s] -- Up-to-date symlink: /home/user/cartographer_ws_docker/install/cartographer_ros_msgs/include/cartographer_ros_msgs/cartographer_ros_msgs/msg/detail/metric__rosidl_typesupport_fastrtps_c.h
[5.384s] -- Up-to-date symlink: /home/user/cartographer_ws_docker/install/cartographer_ros_msgs/include/cartographer_ros_msgs/cartographer_ros_msgs/msg/detail/metric_family__rosidl_typesupport_fastrtps_c.h
[5.384s] -- Up-to-date symlink: /home/user/cartographer_ws_docker/install/cartographer_ros_msgs/include/cartographer_ros_msgs/cartographer_ros_msgs/msg/detail/metric_label__rosidl_typesupport_fastrtps_c.h
[5.384s] -- Up-to-date symlink: /home/user/cartographer_ws_docker/install/cartographer_ros_msgs/include/cartographer_ros_msgs/cartographer_ros_msgs/msg/detail/status_code__rosidl_typesupport_fastrtps_c.h
[5.384s] -- Up-to-date symlink: /home/user/cartographer_ws_docker/install/cartographer_ros_msgs/include/cartographer_ros_msgs/cartographer_ros_msgs/msg/detail/status_response__rosidl_typesupport_fastrtps_c.h
[5.384s] -- Up-to-date symlink: /home/user/cartographer_ws_docker/install/cartographer_ros_msgs/include/cartographer_ros_msgs/cartographer_ros_msgs/msg/detail/submap_entry__rosidl_typesupport_fastrtps_c.h
[5.385s] -- Up-to-date symlink: /home/user/cartographer_ws_docker/install/cartographer_ros_msgs/include/cartographer_ros_msgs/cartographer_ros_msgs/msg/detail/submap_list__rosidl_typesupport_fastrtps_c.h
[5.385s] -- Up-to-date symlink: /home/user/cartographer_ws_docker/install/cartographer_ros_msgs/include/cartographer_ros_msgs/cartographer_ros_msgs/msg/detail/submap_texture__rosidl_typesupport_fastrtps_c.h
[5.385s] -- Up-to-date symlink: /home/user/cartographer_ws_docker/install/cartographer_ros_msgs/include/cartographer_ros_msgs/cartographer_ros_msgs/msg/detail/trajectory_states__rosidl_typesupport_fastrtps_c.h
[5.385s] -- Up-to-date symlink: /home/user/cartographer_ws_docker/install/cartographer_ros_msgs/include/cartographer_ros_msgs/cartographer_ros_msgs/msg/rosidl_typesupport_fastrtps_c__visibility_control.h
[5.385s] -- Up-to-date symlink: /home/user/cartographer_ws_docker/install/cartographer_ros_msgs/include/cartographer_ros_msgs/cartographer_ros_msgs/srv/detail/finish_trajectory__rosidl_typesupport_fastrtps_c.h
[5.385s] -- Up-to-date symlink: /home/user/cartographer_ws_docker/install/cartographer_ros_msgs/include/cartographer_ros_msgs/cartographer_ros_msgs/srv/detail/get_trajectory_states__rosidl_typesupport_fastrtps_c.h
[5.385s] -- Up-to-date symlink: /home/user/cartographer_ws_docker/install/cartographer_ros_msgs/include/cartographer_ros_msgs/cartographer_ros_msgs/srv/detail/read_metrics__rosidl_typesupport_fastrtps_c.h
[5.385s] -- Up-to-date symlink: /home/user/cartographer_ws_docker/install/cartographer_ros_msgs/include/cartographer_ros_msgs/cartographer_ros_msgs/srv/detail/start_trajectory__rosidl_typesupport_fastrtps_c.h
[5.385s] -- Up-to-date symlink: /home/user/cartographer_ws_docker/install/cartographer_ros_msgs/include/cartographer_ros_msgs/cartographer_ros_msgs/srv/detail/submap_query__rosidl_typesupport_fastrtps_c.h
[5.385s] -- Up-to-date symlink: /home/user/cartographer_ws_docker/install/cartographer_ros_msgs/include/cartographer_ros_msgs/cartographer_ros_msgs/srv/detail/trajectory_query__rosidl_typesupport_fastrtps_c.h
[5.385s] -- Up-to-date symlink: /home/user/cartographer_ws_docker/install/cartographer_ros_msgs/include/cartographer_ros_msgs/cartographer_ros_msgs/srv/detail/write_state__rosidl_typesupport_fastrtps_c.h
[5.386s] -- Up-to-date symlink: /home/user/cartographer_ws_docker/install/cartographer_ros_msgs/include/cartographer_ros_msgs/cartographer_ros_msgs/msg/bagfile_progress.hpp
[5.386s] -- Up-to-date symlink: /home/user/cartographer_ws_docker/install/cartographer_ros_msgs/include/cartographer_ros_msgs/cartographer_ros_msgs/msg/detail/bagfile_progress__builder.hpp
[5.386s] -- Up-to-date symlink: /home/user/cartographer_ws_docker/install/cartographer_ros_msgs/include/cartographer_ros_msgs/cartographer_ros_msgs/msg/detail/bagfile_progress__struct.hpp
[5.386s] -- Up-to-date symlink: /home/user/cartographer_ws_docker/install/cartographer_ros_msgs/include/cartographer_ros_msgs/cartographer_ros_msgs/msg/detail/bagfile_progress__traits.hpp
[5.386s] -- Up-to-date symlink: /home/user/cartographer_ws_docker/install/cartographer_ros_msgs/include/cartographer_ros_msgs/cartographer_ros_msgs/msg/detail/histogram_bucket__builder.hpp
[5.386s] -- Up-to-date symlink: /home/user/cartographer_ws_docker/install/cartographer_ros_msgs/include/cartographer_ros_msgs/cartographer_ros_msgs/msg/detail/histogram_bucket__struct.hpp
[5.387s] -- Up-to-date symlink: /home/user/cartographer_ws_docker/install/cartographer_ros_msgs/include/cartographer_ros_msgs/cartographer_ros_msgs/msg/detail/histogram_bucket__traits.hpp
[5.387s] -- Up-to-date symlink: /home/user/cartographer_ws_docker/install/cartographer_ros_msgs/include/cartographer_ros_msgs/cartographer_ros_msgs/msg/detail/landmark_entry__builder.hpp
[5.387s] -- Up-to-date symlink: /home/user/cartographer_ws_docker/install/cartographer_ros_msgs/include/cartographer_ros_msgs/cartographer_ros_msgs/msg/detail/landmark_entry__struct.hpp
[5.387s] -- Up-to-date symlink: /home/user/cartographer_ws_docker/install/cartographer_ros_msgs/include/cartographer_ros_msgs/cartographer_ros_msgs/msg/detail/landmark_entry__traits.hpp
[5.387s] -- Up-to-date symlink: /home/user/cartographer_ws_docker/install/cartographer_ros_msgs/include/cartographer_ros_msgs/cartographer_ros_msgs/msg/detail/landmark_list__builder.hpp
[5.387s] -- Up-to-date symlink: /home/user/cartographer_ws_docker/install/cartographer_ros_msgs/include/cartographer_ros_msgs/cartographer_ros_msgs/msg/detail/landmark_list__struct.hpp
[5.388s] -- Up-to-date symlink: /home/user/cartographer_ws_docker/install/cartographer_ros_msgs/include/cartographer_ros_msgs/cartographer_ros_msgs/msg/detail/landmark_list__traits.hpp
[5.388s] -- Up-to-date symlink: /home/user/cartographer_ws_docker/install/cartographer_ros_msgs/include/cartographer_ros_msgs/cartographer_ros_msgs/msg/detail/metric__builder.hpp
[5.388s] -- Up-to-date symlink: /home/user/cartographer_ws_docker/install/cartographer_ros_msgs/include/cartographer_ros_msgs/cartographer_ros_msgs/msg/detail/metric__struct.hpp
[5.388s] -- Up-to-date symlink: /home/user/cartographer_ws_docker/install/cartographer_ros_msgs/include/cartographer_ros_msgs/cartographer_ros_msgs/msg/detail/metric__traits.hpp
[5.388s] -- Up-to-date symlink: /home/user/cartographer_ws_docker/install/cartographer_ros_msgs/include/cartographer_ros_msgs/cartographer_ros_msgs/msg/detail/metric_family__builder.hpp
[5.389s] -- Up-to-date symlink: /home/user/cartographer_ws_docker/install/cartographer_ros_msgs/include/cartographer_ros_msgs/cartographer_ros_msgs/msg/detail/metric_family__struct.hpp
[5.389s] -- Up-to-date symlink: /home/user/cartographer_ws_docker/install/cartographer_ros_msgs/include/cartographer_ros_msgs/cartographer_ros_msgs/msg/detail/metric_family__traits.hpp
[5.389s] -- Up-to-date symlink: /home/user/cartographer_ws_docker/install/cartographer_ros_msgs/include/cartographer_ros_msgs/cartographer_ros_msgs/msg/detail/metric_label__builder.hpp
[5.389s] -- Up-to-date symlink: /home/user/cartographer_ws_docker/install/cartographer_ros_msgs/include/cartographer_ros_msgs/cartographer_ros_msgs/msg/detail/metric_label__struct.hpp
[5.389s] -- Up-to-date symlink: /home/user/cartographer_ws_docker/install/cartographer_ros_msgs/include/cartographer_ros_msgs/cartographer_ros_msgs/msg/detail/metric_label__traits.hpp
[5.389s] -- Up-to-date symlink: /home/user/cartographer_ws_docker/install/cartographer_ros_msgs/include/cartographer_ros_msgs/cartographer_ros_msgs/msg/detail/status_code__builder.hpp
[5.389s] -- Up-to-date symlink: /home/user/cartographer_ws_docker/install/cartographer_ros_msgs/include/cartographer_ros_msgs/cartographer_ros_msgs/msg/detail/status_code__struct.hpp
[5.390s] -- Up-to-date symlink: /home/user/cartographer_ws_docker/install/cartographer_ros_msgs/include/cartographer_ros_msgs/cartographer_ros_msgs/msg/detail/status_code__traits.hpp
[5.390s] -- Up-to-date symlink: /home/user/cartographer_ws_docker/install/cartographer_ros_msgs/include/cartographer_ros_msgs/cartographer_ros_msgs/msg/detail/status_response__builder.hpp
[5.390s] -- Up-to-date symlink: /home/user/cartographer_ws_docker/install/cartographer_ros_msgs/include/cartographer_ros_msgs/cartographer_ros_msgs/msg/detail/status_response__struct.hpp
[5.390s] -- Up-to-date symlink: /home/user/cartographer_ws_docker/install/cartographer_ros_msgs/include/cartographer_ros_msgs/cartographer_ros_msgs/msg/detail/status_response__traits.hpp
[5.390s] -- Up-to-date symlink: /home/user/cartographer_ws_docker/install/cartographer_ros_msgs/include/cartographer_ros_msgs/cartographer_ros_msgs/msg/detail/submap_entry__builder.hpp
[5.391s] -- Up-to-date symlink: /home/user/cartographer_ws_docker/install/cartographer_ros_msgs/include/cartographer_ros_msgs/cartographer_ros_msgs/msg/detail/submap_entry__struct.hpp
[5.391s] -- Up-to-date symlink: /home/user/cartographer_ws_docker/install/cartographer_ros_msgs/include/cartographer_ros_msgs/cartographer_ros_msgs/msg/detail/submap_entry__traits.hpp
[5.391s] -- Up-to-date symlink: /home/user/cartographer_ws_docker/install/cartographer_ros_msgs/include/cartographer_ros_msgs/cartographer_ros_msgs/msg/detail/submap_list__builder.hpp
[5.391s] -- Up-to-date symlink: /home/user/cartographer_ws_docker/install/cartographer_ros_msgs/include/cartographer_ros_msgs/cartographer_ros_msgs/msg/detail/submap_list__struct.hpp
[5.391s] -- Up-to-date symlink: /home/user/cartographer_ws_docker/install/cartographer_ros_msgs/include/cartographer_ros_msgs/cartographer_ros_msgs/msg/detail/submap_list__traits.hpp
[5.391s] -- Up-to-date symlink: /home/user/cartographer_ws_docker/install/cartographer_ros_msgs/include/cartographer_ros_msgs/cartographer_ros_msgs/msg/detail/submap_texture__builder.hpp
[5.391s] -- Up-to-date symlink: /home/user/cartographer_ws_docker/install/cartographer_ros_msgs/include/cartographer_ros_msgs/cartographer_ros_msgs/msg/detail/submap_texture__struct.hpp
[5.392s] -- Up-to-date symlink: /home/user/cartographer_ws_docker/install/cartographer_ros_msgs/include/cartographer_ros_msgs/cartographer_ros_msgs/msg/detail/submap_texture__traits.hpp
[5.392s] -- Up-to-date symlink: /home/user/cartographer_ws_docker/install/cartographer_ros_msgs/include/cartographer_ros_msgs/cartographer_ros_msgs/msg/detail/trajectory_states__builder.hpp
[5.392s] -- Up-to-date symlink: /home/user/cartographer_ws_docker/install/cartographer_ros_msgs/include/cartographer_ros_msgs/cartographer_ros_msgs/msg/detail/trajectory_states__struct.hpp
[5.392s] -- Up-to-date symlink: /home/user/cartographer_ws_docker/install/cartographer_ros_msgs/include/cartographer_ros_msgs/cartographer_ros_msgs/msg/detail/trajectory_states__traits.hpp
[5.392s] -- Up-to-date symlink: /home/user/cartographer_ws_docker/install/cartographer_ros_msgs/include/cartographer_ros_msgs/cartographer_ros_msgs/msg/histogram_bucket.hpp
[5.392s] -- Up-to-date symlink: /home/user/cartographer_ws_docker/install/cartographer_ros_msgs/include/cartographer_ros_msgs/cartographer_ros_msgs/msg/landmark_entry.hpp
[5.393s] -- Up-to-date symlink: /home/user/cartographer_ws_docker/install/cartographer_ros_msgs/include/cartographer_ros_msgs/cartographer_ros_msgs/msg/landmark_list.hpp
[5.393s] -- Up-to-date symlink: /home/user/cartographer_ws_docker/install/cartographer_ros_msgs/include/cartographer_ros_msgs/cartographer_ros_msgs/msg/metric.hpp
[5.393s] -- Up-to-date symlink: /home/user/cartographer_ws_docker/install/cartographer_ros_msgs/include/cartographer_ros_msgs/cartographer_ros_msgs/msg/metric_family.hpp
[5.393s] -- Up-to-date symlink: /home/user/cartographer_ws_docker/install/cartographer_ros_msgs/include/cartographer_ros_msgs/cartographer_ros_msgs/msg/metric_label.hpp
[5.393s] -- Up-to-date symlink: /home/user/cartographer_ws_docker/install/cartographer_ros_msgs/include/cartographer_ros_msgs/cartographer_ros_msgs/msg/status_code.hpp
[5.393s] -- Up-to-date symlink: /home/user/cartographer_ws_docker/install/cartographer_ros_msgs/include/cartographer_ros_msgs/cartographer_ros_msgs/msg/status_response.hpp
[5.394s] -- Up-to-date symlink: /home/user/cartographer_ws_docker/install/cartographer_ros_msgs/include/cartographer_ros_msgs/cartographer_ros_msgs/msg/submap_entry.hpp
[5.394s] -- Up-to-date symlink: /home/user/cartographer_ws_docker/install/cartographer_ros_msgs/include/cartographer_ros_msgs/cartographer_ros_msgs/msg/submap_list.hpp
[5.394s] -- Up-to-date symlink: /home/user/cartographer_ws_docker/install/cartographer_ros_msgs/include/cartographer_ros_msgs/cartographer_ros_msgs/msg/submap_texture.hpp
[5.394s] -- Up-to-date symlink: /home/user/cartographer_ws_docker/install/cartographer_ros_msgs/include/cartographer_ros_msgs/cartographer_ros_msgs/msg/trajectory_states.hpp
[5.394s] -- Up-to-date symlink: /home/user/cartographer_ws_docker/install/cartographer_ros_msgs/include/cartographer_ros_msgs/cartographer_ros_msgs/srv/detail/finish_trajectory__builder.hpp
[5.395s] -- Up-to-date symlink: /home/user/cartographer_ws_docker/install/cartographer_ros_msgs/include/cartographer_ros_msgs/cartographer_ros_msgs/srv/detail/finish_trajectory__struct.hpp
[5.395s] -- Up-to-date symlink: /home/user/cartographer_ws_docker/install/cartographer_ros_msgs/include/cartographer_ros_msgs/cartographer_ros_msgs/srv/detail/finish_trajectory__traits.hpp
[5.395s] -- Up-to-date symlink: /home/user/cartographer_ws_docker/install/cartographer_ros_msgs/include/cartographer_ros_msgs/cartographer_ros_msgs/srv/detail/get_trajectory_states__builder.hpp
[5.395s] -- Up-to-date symlink: /home/user/cartographer_ws_docker/install/cartographer_ros_msgs/include/cartographer_ros_msgs/cartographer_ros_msgs/srv/detail/get_trajectory_states__struct.hpp
[5.396s] -- Up-to-date symlink: /home/user/cartographer_ws_docker/install/cartographer_ros_msgs/include/cartographer_ros_msgs/cartographer_ros_msgs/srv/detail/get_trajectory_states__traits.hpp
[5.396s] -- Up-to-date symlink: /home/user/cartographer_ws_docker/install/cartographer_ros_msgs/include/cartographer_ros_msgs/cartographer_ros_msgs/srv/detail/read_metrics__builder.hpp
[5.396s] -- Up-to-date symlink: /home/user/cartographer_ws_docker/install/cartographer_ros_msgs/include/cartographer_ros_msgs/cartographer_ros_msgs/srv/detail/read_metrics__struct.hpp
[5.396s] -- Up-to-date symlink: /home/user/cartographer_ws_docker/install/cartographer_ros_msgs/include/cartographer_ros_msgs/cartographer_ros_msgs/srv/detail/read_metrics__traits.hpp
[5.396s] -- Up-to-date symlink: /home/user/cartographer_ws_docker/install/cartographer_ros_msgs/include/cartographer_ros_msgs/cartographer_ros_msgs/srv/detail/start_trajectory__builder.hpp
[5.396s] -- Up-to-date symlink: /home/user/cartographer_ws_docker/install/cartographer_ros_msgs/include/cartographer_ros_msgs/cartographer_ros_msgs/srv/detail/start_trajectory__struct.hpp
[5.396s] -- Up-to-date symlink: /home/user/cartographer_ws_docker/install/cartographer_ros_msgs/include/cartographer_ros_msgs/cartographer_ros_msgs/srv/detail/start_trajectory__traits.hpp
[5.396s] -- Up-to-date symlink: /home/user/cartographer_ws_docker/install/cartographer_ros_msgs/include/cartographer_ros_msgs/cartographer_ros_msgs/srv/detail/submap_query__builder.hpp
[5.397s] -- Up-to-date symlink: /home/user/cartographer_ws_docker/install/cartographer_ros_msgs/include/cartographer_ros_msgs/cartographer_ros_msgs/srv/detail/submap_query__struct.hpp
[5.398s] -- Up-to-date symlink: /home/user/cartographer_ws_docker/install/cartographer_ros_msgs/include/cartographer_ros_msgs/cartographer_ros_msgs/srv/detail/submap_query__traits.hpp
[5.398s] -- Up-to-date symlink: /home/user/cartographer_ws_docker/install/cartographer_ros_msgs/include/cartographer_ros_msgs/cartographer_ros_msgs/srv/detail/trajectory_query__builder.hpp
[5.398s] -- Up-to-date symlink: /home/user/cartographer_ws_docker/install/cartographer_ros_msgs/include/cartographer_ros_msgs/cartographer_ros_msgs/srv/detail/trajectory_query__struct.hpp
[5.398s] -- Up-to-date symlink: /home/user/cartographer_ws_docker/install/cartographer_ros_msgs/include/cartographer_ros_msgs/cartographer_ros_msgs/srv/detail/trajectory_query__traits.hpp
[5.398s] -- Up-to-date symlink: /home/user/cartographer_ws_docker/install/cartographer_ros_msgs/include/cartographer_ros_msgs/cartographer_ros_msgs/srv/detail/write_state__builder.hpp
[5.398s] -- Up-to-date symlink: /home/user/cartographer_ws_docker/install/cartographer_ros_msgs/include/cartographer_ros_msgs/cartographer_ros_msgs/srv/detail/write_state__struct.hpp
[5.399s] -- Up-to-date symlink: /home/user/cartographer_ws_docker/install/cartographer_ros_msgs/include/cartographer_ros_msgs/cartographer_ros_msgs/srv/detail/write_state__traits.hpp
[5.399s] -- Up-to-date symlink: /home/user/cartographer_ws_docker/install/cartographer_ros_msgs/include/cartographer_ros_msgs/cartographer_ros_msgs/srv/finish_trajectory.hpp
[5.399s] -- Up-to-date symlink: /home/user/cartographer_ws_docker/install/cartographer_ros_msgs/include/cartographer_ros_msgs/cartographer_ros_msgs/srv/get_trajectory_states.hpp
[5.399s] -- Up-to-date symlink: /home/user/cartographer_ws_docker/install/cartographer_ros_msgs/include/cartographer_ros_msgs/cartographer_ros_msgs/srv/read_metrics.hpp
[5.400s] -- Up-to-date symlink: /home/user/cartographer_ws_docker/install/cartographer_ros_msgs/include/cartographer_ros_msgs/cartographer_ros_msgs/srv/start_trajectory.hpp
[5.400s] -- Up-to-date symlink: /home/user/cartographer_ws_docker/install/cartographer_ros_msgs/include/cartographer_ros_msgs/cartographer_ros_msgs/srv/submap_query.hpp
[5.400s] -- Up-to-date symlink: /home/user/cartographer_ws_docker/install/cartographer_ros_msgs/include/cartographer_ros_msgs/cartographer_ros_msgs/srv/trajectory_query.hpp
[5.400s] -- Up-to-date symlink: /home/user/cartographer_ws_docker/install/cartographer_ros_msgs/include/cartographer_ros_msgs/cartographer_ros_msgs/srv/write_state.hpp
[5.400s] -- Up-to-date symlink: /home/user/cartographer_ws_docker/install/cartographer_ros_msgs/include/cartographer_ros_msgs/cartographer_ros_msgs/msg/detail/bagfile_progress__rosidl_typesupport_introspection_cpp.hpp
[5.400s] -- Up-to-date symlink: /home/user/cartographer_ws_docker/install/cartographer_ros_msgs/include/cartographer_ros_msgs/cartographer_ros_msgs/msg/detail/histogram_bucket__rosidl_typesupport_introspection_cpp.hpp
[5.400s] -- Up-to-date symlink: /home/user/cartographer_ws_docker/install/cartographer_ros_msgs/include/cartographer_ros_msgs/cartographer_ros_msgs/msg/detail/landmark_entry__rosidl_typesupport_introspection_cpp.hpp
[5.400s] -- Up-to-date symlink: /home/user/cartographer_ws_docker/install/cartographer_ros_msgs/include/cartographer_ros_msgs/cartographer_ros_msgs/msg/detail/landmark_list__rosidl_typesupport_introspection_cpp.hpp
[5.400s] -- Up-to-date symlink: /home/user/cartographer_ws_docker/install/cartographer_ros_msgs/include/cartographer_ros_msgs/cartographer_ros_msgs/msg/detail/metric__rosidl_typesupport_introspection_cpp.hpp
[5.401s] -- Up-to-date symlink: /home/user/cartographer_ws_docker/install/cartographer_ros_msgs/include/cartographer_ros_msgs/cartographer_ros_msgs/msg/detail/metric_family__rosidl_typesupport_introspection_cpp.hpp
[5.401s] -- Up-to-date symlink: /home/user/cartographer_ws_docker/install/cartographer_ros_msgs/include/cartographer_ros_msgs/cartographer_ros_msgs/msg/detail/metric_label__rosidl_typesupport_introspection_cpp.hpp
[5.401s] -- Up-to-date symlink: /home/user/cartographer_ws_docker/install/cartographer_ros_msgs/include/cartographer_ros_msgs/cartographer_ros_msgs/msg/detail/status_code__rosidl_typesupport_introspection_cpp.hpp
[5.401s] -- Up-to-date symlink: /home/user/cartographer_ws_docker/install/cartographer_ros_msgs/include/cartographer_ros_msgs/cartographer_ros_msgs/msg/detail/status_response__rosidl_typesupport_introspection_cpp.hpp
[5.402s] -- Up-to-date symlink: /home/user/cartographer_ws_docker/install/cartographer_ros_msgs/include/cartographer_ros_msgs/cartographer_ros_msgs/msg/detail/submap_entry__rosidl_typesupport_introspection_cpp.hpp
[5.402s] -- Up-to-date symlink: /home/user/cartographer_ws_docker/install/cartographer_ros_msgs/include/cartographer_ros_msgs/cartographer_ros_msgs/msg/detail/submap_list__rosidl_typesupport_introspection_cpp.hpp
[5.402s] -- Up-to-date symlink: /home/user/cartographer_ws_docker/install/cartographer_ros_msgs/include/cartographer_ros_msgs/cartographer_ros_msgs/msg/detail/submap_texture__rosidl_typesupport_introspection_cpp.hpp
[5.402s] -- Up-to-date symlink: /home/user/cartographer_ws_docker/install/cartographer_ros_msgs/include/cartographer_ros_msgs/cartographer_ros_msgs/msg/detail/trajectory_states__rosidl_typesupport_introspection_cpp.hpp
[5.402s] -- Up-to-date symlink: /home/user/cartographer_ws_docker/install/cartographer_ros_msgs/include/cartographer_ros_msgs/cartographer_ros_msgs/srv/detail/finish_trajectory__rosidl_typesupport_introspection_cpp.hpp
[5.402s] -- Up-to-date symlink: /home/user/cartographer_ws_docker/install/cartographer_ros_msgs/include/cartographer_ros_msgs/cartographer_ros_msgs/srv/detail/get_trajectory_states__rosidl_typesupport_introspection_cpp.hpp
[5.402s] -- Up-to-date symlink: /home/user/cartographer_ws_docker/install/cartographer_ros_msgs/include/cartographer_ros_msgs/cartographer_ros_msgs/srv/detail/read_metrics__rosidl_typesupport_introspection_cpp.hpp
[5.403s] -- Up-to-date symlink: /home/user/cartographer_ws_docker/install/cartographer_ros_msgs/include/cartographer_ros_msgs/cartographer_ros_msgs/srv/detail/start_trajectory__rosidl_typesupport_introspection_cpp.hpp
[5.403s] -- Up-to-date symlink: /home/user/cartographer_ws_docker/install/cartographer_ros_msgs/include/cartographer_ros_msgs/cartographer_ros_msgs/srv/detail/submap_query__rosidl_typesupport_introspection_cpp.hpp
[5.403s] -- Up-to-date symlink: /home/user/cartographer_ws_docker/install/cartographer_ros_msgs/include/cartographer_ros_msgs/cartographer_ros_msgs/srv/detail/trajectory_query__rosidl_typesupport_introspection_cpp.hpp
[5.403s] -- Up-to-date symlink: /home/user/cartographer_ws_docker/install/cartographer_ros_msgs/include/cartographer_ros_msgs/cartographer_ros_msgs/srv/detail/write_state__rosidl_typesupport_introspection_cpp.hpp
[5.405s] -- Up-to-date symlink: /home/user/cartographer_ws_docker/install/cartographer_ros_msgs/include/cartographer_ros_msgs/cartographer_ros_msgs/msg/detail/bagfile_progress__rosidl_typesupport_fastrtps_cpp.hpp
[5.405s] -- Up-to-date symlink: /home/user/cartographer_ws_docker/install/cartographer_ros_msgs/include/cartographer_ros_msgs/cartographer_ros_msgs/msg/detail/histogram_bucket__rosidl_typesupport_fastrtps_cpp.hpp
[5.405s] -- Up-to-date symlink: /home/user/cartographer_ws_docker/install/cartographer_ros_msgs/include/cartographer_ros_msgs/cartographer_ros_msgs/msg/detail/landmark_entry__rosidl_typesupport_fastrtps_cpp.hpp
[5.405s] -- Up-to-date symlink: /home/user/cartographer_ws_docker/install/cartographer_ros_msgs/include/cartographer_ros_msgs/cartographer_ros_msgs/msg/detail/landmark_list__rosidl_typesupport_fastrtps_cpp.hpp
[5.405s] -- Up-to-date symlink: /home/user/cartographer_ws_docker/install/cartographer_ros_msgs/include/cartographer_ros_msgs/cartographer_ros_msgs/msg/detail/metric__rosidl_typesupport_fastrtps_cpp.hpp
[5.405s] -- Up-to-date symlink: /home/user/cartographer_ws_docker/install/cartographer_ros_msgs/include/cartographer_ros_msgs/cartographer_ros_msgs/msg/detail/metric_family__rosidl_typesupport_fastrtps_cpp.hpp
[5.405s] -- Up-to-date symlink: /home/user/cartographer_ws_docker/install/cartographer_ros_msgs/include/cartographer_ros_msgs/cartographer_ros_msgs/msg/detail/metric_label__rosidl_typesupport_fastrtps_cpp.hpp
[5.405s] -- Up-to-date symlink: /home/user/cartographer_ws_docker/install/cartographer_ros_msgs/include/cartographer_ros_msgs/cartographer_ros_msgs/msg/detail/status_code__rosidl_typesupport_fastrtps_cpp.hpp
[5.406s] -- Up-to-date symlink: /home/user/cartographer_ws_docker/install/cartographer_ros_msgs/include/cartographer_ros_msgs/cartographer_ros_msgs/msg/detail/status_response__rosidl_typesupport_fastrtps_cpp.hpp
[5.406s] -- Up-to-date symlink: /home/user/cartographer_ws_docker/install/cartographer_ros_msgs/include/cartographer_ros_msgs/cartographer_ros_msgs/msg/detail/submap_entry__rosidl_typesupport_fastrtps_cpp.hpp
[5.406s] -- Up-to-date symlink: /home/user/cartographer_ws_docker/install/cartographer_ros_msgs/include/cartographer_ros_msgs/cartographer_ros_msgs/msg/detail/submap_list__rosidl_typesupport_fastrtps_cpp.hpp
[5.406s] -- Up-to-date symlink: /home/user/cartographer_ws_docker/install/cartographer_ros_msgs/include/cartographer_ros_msgs/cartographer_ros_msgs/msg/detail/submap_texture__rosidl_typesupport_fastrtps_cpp.hpp
[5.406s] -- Up-to-date symlink: /home/user/cartographer_ws_docker/install/cartographer_ros_msgs/include/cartographer_ros_msgs/cartographer_ros_msgs/msg/detail/trajectory_states__rosidl_typesupport_fastrtps_cpp.hpp
[5.406s] -- Up-to-date symlink: /home/user/cartographer_ws_docker/install/cartographer_ros_msgs/include/cartographer_ros_msgs/cartographer_ros_msgs/msg/rosidl_typesupport_fastrtps_cpp__visibility_control.h
[5.406s] -- Up-to-date symlink: /home/user/cartographer_ws_docker/install/cartographer_ros_msgs/include/cartographer_ros_msgs/cartographer_ros_msgs/srv/detail/finish_trajectory__rosidl_typesupport_fastrtps_cpp.hpp
[5.407s] -- Up-to-date symlink: /home/user/cartographer_ws_docker/install/cartographer_ros_msgs/include/cartographer_ros_msgs/cartographer_ros_msgs/srv/detail/get_trajectory_states__rosidl_typesupport_fastrtps_cpp.hpp
[5.407s] -- Up-to-date symlink: /home/user/cartographer_ws_docker/install/cartographer_ros_msgs/include/cartographer_ros_msgs/cartographer_ros_msgs/srv/detail/read_metrics__rosidl_typesupport_fastrtps_cpp.hpp
[5.407s] -- Up-to-date symlink: /home/user/cartographer_ws_docker/install/cartographer_ros_msgs/include/cartographer_ros_msgs/cartographer_ros_msgs/srv/detail/start_trajectory__rosidl_typesupport_fastrtps_cpp.hpp
[5.407s] -- Up-to-date symlink: /home/user/cartographer_ws_docker/install/cartographer_ros_msgs/include/cartographer_ros_msgs/cartographer_ros_msgs/srv/detail/submap_query__rosidl_typesupport_fastrtps_cpp.hpp
[5.407s] -- Up-to-date symlink: /home/user/cartographer_ws_docker/install/cartographer_ros_msgs/include/cartographer_ros_msgs/cartographer_ros_msgs/srv/detail/trajectory_query__rosidl_typesupport_fastrtps_cpp.hpp
[5.407s] -- Up-to-date symlink: /home/user/cartographer_ws_docker/install/cartographer_ros_msgs/include/cartographer_ros_msgs/cartographer_ros_msgs/srv/detail/write_state__rosidl_typesupport_fastrtps_cpp.hpp
[5.407s] -- Up-to-date symlink: /home/user/cartographer_ws_docker/install/cartographer_ros_msgs/share/cartographer_ros_msgs/environment/pythonpath.sh
[5.407s] -- Up-to-date symlink: /home/user/cartographer_ws_docker/install/cartographer_ros_msgs/share/cartographer_ros_msgs/environment/pythonpath.dsv
[5.407s] -- Up-to-date symlink: /home/user/cartographer_ws_docker/install/cartographer_ros_msgs/local/lib/python3.10/dist-packages/cartographer_ros_msgs-2.0.9003-py3.10.egg-info/PKG-INFO
[5.408s] -- Up-to-date symlink: /home/user/cartographer_ws_docker/install/cartographer_ros_msgs/local/lib/python3.10/dist-packages/cartographer_ros_msgs-2.0.9003-py3.10.egg-info/SOURCES.txt
[5.408s] -- Up-to-date symlink: /home/user/cartographer_ws_docker/install/cartographer_ros_msgs/local/lib/python3.10/dist-packages/cartographer_ros_msgs-2.0.9003-py3.10.egg-info/dependency_links.txt
[5.408s] -- Up-to-date symlink: /home/user/cartographer_ws_docker/install/cartographer_ros_msgs/local/lib/python3.10/dist-packages/cartographer_ros_msgs-2.0.9003-py3.10.egg-info/top_level.txt
[5.410s] -- Up-to-date symlink: /home/user/cartographer_ws_docker/install/cartographer_ros_msgs/local/lib/python3.10/dist-packages/cartographer_ros_msgs/__init__.py
[5.410s] -- Up-to-date symlink: /home/user/cartographer_ws_docker/install/cartographer_ros_msgs/local/lib/python3.10/dist-packages/cartographer_ros_msgs/_cartographer_ros_msgs_s.ep.rosidl_typesupport_c.c
[5.410s] -- Up-to-date symlink: /home/user/cartographer_ws_docker/install/cartographer_ros_msgs/local/lib/python3.10/dist-packages/cartographer_ros_msgs/_cartographer_ros_msgs_s.ep.rosidl_typesupport_fastrtps_c.c
[5.410s] -- Up-to-date symlink: /home/user/cartographer_ws_docker/install/cartographer_ros_msgs/local/lib/python3.10/dist-packages/cartographer_ros_msgs/_cartographer_ros_msgs_s.ep.rosidl_typesupport_introspection_c.c
[5.411s] -- Up-to-date symlink: /home/user/cartographer_ws_docker/install/cartographer_ros_msgs/local/lib/python3.10/dist-packages/cartographer_ros_msgs/cartographer_ros_msgs_s__rosidl_typesupport_c.cpython-310-x86_64-linux-gnu.so
[5.411s] -- Up-to-date symlink: /home/user/cartographer_ws_docker/install/cartographer_ros_msgs/local/lib/python3.10/dist-packages/cartographer_ros_msgs/cartographer_ros_msgs_s__rosidl_typesupport_fastrtps_c.cpython-310-x86_64-linux-gnu.so
[5.411s] -- Up-to-date symlink: /home/user/cartographer_ws_docker/install/cartographer_ros_msgs/local/lib/python3.10/dist-packages/cartographer_ros_msgs/cartographer_ros_msgs_s__rosidl_typesupport_introspection_c.cpython-310-x86_64-linux-gnu.so
[5.411s] -- Up-to-date symlink: /home/user/cartographer_ws_docker/install/cartographer_ros_msgs/local/lib/python3.10/dist-packages/cartographer_ros_msgs/libcartographer_ros_msgs__rosidl_generator_py.so
[5.411s] -- Up-to-date symlink: /home/user/cartographer_ws_docker/install/cartographer_ros_msgs/local/lib/python3.10/dist-packages/cartographer_ros_msgs/msg/__init__.py
[5.411s] -- Up-to-date symlink: /home/user/cartographer_ws_docker/install/cartographer_ros_msgs/local/lib/python3.10/dist-packages/cartographer_ros_msgs/msg/_bagfile_progress.py
[5.411s] -- Up-to-date symlink: /home/user/cartographer_ws_docker/install/cartographer_ros_msgs/local/lib/python3.10/dist-packages/cartographer_ros_msgs/msg/_bagfile_progress_s.c
[5.411s] -- Up-to-date symlink: /home/user/cartographer_ws_docker/install/cartographer_ros_msgs/local/lib/python3.10/dist-packages/cartographer_ros_msgs/msg/_histogram_bucket.py
[5.411s] -- Up-to-date symlink: /home/user/cartographer_ws_docker/install/cartographer_ros_msgs/local/lib/python3.10/dist-packages/cartographer_ros_msgs/msg/_histogram_bucket_s.c
[5.411s] -- Up-to-date symlink: /home/user/cartographer_ws_docker/install/cartographer_ros_msgs/local/lib/python3.10/dist-packages/cartographer_ros_msgs/msg/_landmark_entry.py
[5.412s] -- Up-to-date symlink: /home/user/cartographer_ws_docker/install/cartographer_ros_msgs/local/lib/python3.10/dist-packages/cartographer_ros_msgs/msg/_landmark_entry_s.c
[5.412s] -- Up-to-date symlink: /home/user/cartographer_ws_docker/install/cartographer_ros_msgs/local/lib/python3.10/dist-packages/cartographer_ros_msgs/msg/_landmark_list.py
[5.412s] -- Up-to-date symlink: /home/user/cartographer_ws_docker/install/cartographer_ros_msgs/local/lib/python3.10/dist-packages/cartographer_ros_msgs/msg/_landmark_list_s.c
[5.412s] -- Up-to-date symlink: /home/user/cartographer_ws_docker/install/cartographer_ros_msgs/local/lib/python3.10/dist-packages/cartographer_ros_msgs/msg/_metric.py
[5.412s] -- Up-to-date symlink: /home/user/cartographer_ws_docker/install/cartographer_ros_msgs/local/lib/python3.10/dist-packages/cartographer_ros_msgs/msg/_metric_family.py
[5.412s] -- Up-to-date symlink: /home/user/cartographer_ws_docker/install/cartographer_ros_msgs/local/lib/python3.10/dist-packages/cartographer_ros_msgs/msg/_metric_family_s.c
[5.412s] -- Up-to-date symlink: /home/user/cartographer_ws_docker/install/cartographer_ros_msgs/local/lib/python3.10/dist-packages/cartographer_ros_msgs/msg/_metric_label.py
[5.412s] -- Up-to-date symlink: /home/user/cartographer_ws_docker/install/cartographer_ros_msgs/local/lib/python3.10/dist-packages/cartographer_ros_msgs/msg/_metric_label_s.c
[5.412s] -- Up-to-date symlink: /home/user/cartographer_ws_docker/install/cartographer_ros_msgs/local/lib/python3.10/dist-packages/cartographer_ros_msgs/msg/_metric_s.c
[5.413s] -- Up-to-date symlink: /home/user/cartographer_ws_docker/install/cartographer_ros_msgs/local/lib/python3.10/dist-packages/cartographer_ros_msgs/msg/_status_code.py
[5.413s] -- Up-to-date symlink: /home/user/cartographer_ws_docker/install/cartographer_ros_msgs/local/lib/python3.10/dist-packages/cartographer_ros_msgs/msg/_status_code_s.c
[5.413s] -- Up-to-date symlink: /home/user/cartographer_ws_docker/install/cartographer_ros_msgs/local/lib/python3.10/dist-packages/cartographer_ros_msgs/msg/_status_response.py
[5.413s] -- Up-to-date symlink: /home/user/cartographer_ws_docker/install/cartographer_ros_msgs/local/lib/python3.10/dist-packages/cartographer_ros_msgs/msg/_status_response_s.c
[5.413s] -- Up-to-date symlink: /home/user/cartographer_ws_docker/install/cartographer_ros_msgs/local/lib/python3.10/dist-packages/cartographer_ros_msgs/msg/_submap_entry.py
[5.413s] -- Up-to-date symlink: /home/user/cartographer_ws_docker/install/cartographer_ros_msgs/local/lib/python3.10/dist-packages/cartographer_ros_msgs/msg/_submap_entry_s.c
[5.413s] -- Up-to-date symlink: /home/user/cartographer_ws_docker/install/cartographer_ros_msgs/local/lib/python3.10/dist-packages/cartographer_ros_msgs/msg/_submap_list.py
[5.413s] -- Up-to-date symlink: /home/user/cartographer_ws_docker/install/cartographer_ros_msgs/local/lib/python3.10/dist-packages/cartographer_ros_msgs/msg/_submap_list_s.c
[5.413s] -- Up-to-date symlink: /home/user/cartographer_ws_docker/install/cartographer_ros_msgs/local/lib/python3.10/dist-packages/cartographer_ros_msgs/msg/_submap_texture.py
[5.414s] -- Up-to-date symlink: /home/user/cartographer_ws_docker/install/cartographer_ros_msgs/local/lib/python3.10/dist-packages/cartographer_ros_msgs/msg/_submap_texture_s.c
[5.414s] -- Up-to-date symlink: /home/user/cartographer_ws_docker/install/cartographer_ros_msgs/local/lib/python3.10/dist-packages/cartographer_ros_msgs/msg/_trajectory_states.py
[5.414s] -- Up-to-date symlink: /home/user/cartographer_ws_docker/install/cartographer_ros_msgs/local/lib/python3.10/dist-packages/cartographer_ros_msgs/msg/_trajectory_states_s.c
[5.414s] -- Up-to-date symlink: /home/user/cartographer_ws_docker/install/cartographer_ros_msgs/local/lib/python3.10/dist-packages/cartographer_ros_msgs/srv/__init__.py
[5.414s] -- Up-to-date symlink: /home/user/cartographer_ws_docker/install/cartographer_ros_msgs/local/lib/python3.10/dist-packages/cartographer_ros_msgs/srv/_finish_trajectory.py
[5.414s] -- Up-to-date symlink: /home/user/cartographer_ws_docker/install/cartographer_ros_msgs/local/lib/python3.10/dist-packages/cartographer_ros_msgs/srv/_finish_trajectory_s.c
[5.415s] -- Up-to-date symlink: /home/user/cartographer_ws_docker/install/cartographer_ros_msgs/local/lib/python3.10/dist-packages/cartographer_ros_msgs/srv/_get_trajectory_states.py
[5.415s] -- Up-to-date symlink: /home/user/cartographer_ws_docker/install/cartographer_ros_msgs/local/lib/python3.10/dist-packages/cartographer_ros_msgs/srv/_get_trajectory_states_s.c
[5.415s] -- Up-to-date symlink: /home/user/cartographer_ws_docker/install/cartographer_ros_msgs/local/lib/python3.10/dist-packages/cartographer_ros_msgs/srv/_read_metrics.py
[5.415s] -- Up-to-date symlink: /home/user/cartographer_ws_docker/install/cartographer_ros_msgs/local/lib/python3.10/dist-packages/cartographer_ros_msgs/srv/_read_metrics_s.c
[5.415s] -- Up-to-date symlink: /home/user/cartographer_ws_docker/install/cartographer_ros_msgs/local/lib/python3.10/dist-packages/cartographer_ros_msgs/srv/_start_trajectory.py
[5.416s] -- Up-to-date symlink: /home/user/cartographer_ws_docker/install/cartographer_ros_msgs/local/lib/python3.10/dist-packages/cartographer_ros_msgs/srv/_start_trajectory_s.c
[5.416s] -- Up-to-date symlink: /home/user/cartographer_ws_docker/install/cartographer_ros_msgs/local/lib/python3.10/dist-packages/cartographer_ros_msgs/srv/_submap_query.py
[5.416s] -- Up-to-date symlink: /home/user/cartographer_ws_docker/install/cartographer_ros_msgs/local/lib/python3.10/dist-packages/cartographer_ros_msgs/srv/_submap_query_s.c
[5.416s] -- Up-to-date symlink: /home/user/cartographer_ws_docker/install/cartographer_ros_msgs/local/lib/python3.10/dist-packages/cartographer_ros_msgs/srv/_trajectory_query.py
[5.417s] -- Up-to-date symlink: /home/user/cartographer_ws_docker/install/cartographer_ros_msgs/local/lib/python3.10/dist-packages/cartographer_ros_msgs/srv/_trajectory_query_s.c
[5.417s] -- Up-to-date symlink: /home/user/cartographer_ws_docker/install/cartographer_ros_msgs/local/lib/python3.10/dist-packages/cartographer_ros_msgs/srv/_write_state.py
[5.417s] -- Up-to-date symlink: /home/user/cartographer_ws_docker/install/cartographer_ros_msgs/local/lib/python3.10/dist-packages/cartographer_ros_msgs/srv/_write_state_s.c
[5.417s] -- Up-to-date symlink: /home/user/cartographer_ws_docker/install/cartographer_ros_msgs/local/lib/python3.10/dist-packages/cartographer_ros_msgs/cartographer_ros_msgs_s__rosidl_typesupport_introspection_c.cpython-310-x86_64-linux-gnu.so
[5.417s] -- Up-to-date symlink: /home/user/cartographer_ws_docker/install/cartographer_ros_msgs/local/lib/python3.10/dist-packages/cartographer_ros_msgs/cartographer_ros_msgs_s__rosidl_typesupport_fastrtps_c.cpython-310-x86_64-linux-gnu.so
[5.418s] -- Up-to-date symlink: /home/user/cartographer_ws_docker/install/cartographer_ros_msgs/local/lib/python3.10/dist-packages/cartographer_ros_msgs/cartographer_ros_msgs_s__rosidl_typesupport_c.cpython-310-x86_64-linux-gnu.so
[5.419s] -- Up-to-date symlink: /home/user/cartographer_ws_docker/install/cartographer_ros_msgs/share/cartographer_ros_msgs/msg/BagfileProgress.idl
[5.419s] -- Up-to-date symlink: /home/user/cartographer_ws_docker/install/cartographer_ros_msgs/share/cartographer_ros_msgs/msg/HistogramBucket.idl
[5.419s] -- Up-to-date symlink: /home/user/cartographer_ws_docker/install/cartographer_ros_msgs/share/cartographer_ros_msgs/msg/LandmarkEntry.idl
[5.419s] -- Up-to-date symlink: /home/user/cartographer_ws_docker/install/cartographer_ros_msgs/share/cartographer_ros_msgs/msg/LandmarkList.idl
[5.419s] -- Up-to-date symlink: /home/user/cartographer_ws_docker/install/cartographer_ros_msgs/share/cartographer_ros_msgs/msg/MetricFamily.idl
[5.419s] -- Up-to-date symlink: /home/user/cartographer_ws_docker/install/cartographer_ros_msgs/share/cartographer_ros_msgs/msg/MetricLabel.idl
[5.419s] -- Up-to-date symlink: /home/user/cartographer_ws_docker/install/cartographer_ros_msgs/share/cartographer_ros_msgs/msg/Metric.idl
[5.419s] -- Up-to-date symlink: /home/user/cartographer_ws_docker/install/cartographer_ros_msgs/share/cartographer_ros_msgs/msg/StatusCode.idl
[5.419s] -- Up-to-date symlink: /home/user/cartographer_ws_docker/install/cartographer_ros_msgs/share/cartographer_ros_msgs/msg/StatusResponse.idl
[5.419s] -- Up-to-date symlink: /home/user/cartographer_ws_docker/install/cartographer_ros_msgs/share/cartographer_ros_msgs/msg/SubmapEntry.idl
[5.420s] -- Up-to-date symlink: /home/user/cartographer_ws_docker/install/cartographer_ros_msgs/share/cartographer_ros_msgs/msg/SubmapList.idl
[5.420s] -- Up-to-date symlink: /home/user/cartographer_ws_docker/install/cartographer_ros_msgs/share/cartographer_ros_msgs/msg/SubmapTexture.idl
[5.420s] -- Up-to-date symlink: /home/user/cartographer_ws_docker/install/cartographer_ros_msgs/share/cartographer_ros_msgs/msg/TrajectoryStates.idl
[5.420s] -- Up-to-date symlink: /home/user/cartographer_ws_docker/install/cartographer_ros_msgs/share/cartographer_ros_msgs/srv/FinishTrajectory.idl
[5.420s] -- Up-to-date symlink: /home/user/cartographer_ws_docker/install/cartographer_ros_msgs/share/cartographer_ros_msgs/srv/GetTrajectoryStates.idl
[5.420s] -- Up-to-date symlink: /home/user/cartographer_ws_docker/install/cartographer_ros_msgs/share/cartographer_ros_msgs/srv/ReadMetrics.idl
[5.421s] -- Up-to-date symlink: /home/user/cartographer_ws_docker/install/cartographer_ros_msgs/share/cartographer_ros_msgs/srv/StartTrajectory.idl
[5.421s] -- Up-to-date symlink: /home/user/cartographer_ws_docker/install/cartographer_ros_msgs/share/cartographer_ros_msgs/srv/TrajectoryQuery.idl
[5.421s] -- Up-to-date symlink: /home/user/cartographer_ws_docker/install/cartographer_ros_msgs/share/cartographer_ros_msgs/srv/SubmapQuery.idl
[5.421s] -- Up-to-date symlink: /home/user/cartographer_ws_docker/install/cartographer_ros_msgs/share/cartographer_ros_msgs/srv/WriteState.idl
[5.421s] -- Up-to-date symlink: /home/user/cartographer_ws_docker/install/cartographer_ros_msgs/share/cartographer_ros_msgs/msg/BagfileProgress.msg
[5.421s] -- Up-to-date symlink: /home/user/cartographer_ws_docker/install/cartographer_ros_msgs/share/cartographer_ros_msgs/msg/HistogramBucket.msg
[5.422s] -- Up-to-date symlink: /home/user/cartographer_ws_docker/install/cartographer_ros_msgs/share/cartographer_ros_msgs/msg/LandmarkEntry.msg
[5.422s] -- Up-to-date symlink: /home/user/cartographer_ws_docker/install/cartographer_ros_msgs/share/cartographer_ros_msgs/msg/LandmarkList.msg
[5.422s] -- Up-to-date symlink: /home/user/cartographer_ws_docker/install/cartographer_ros_msgs/share/cartographer_ros_msgs/msg/MetricFamily.msg
[5.423s] -- Up-to-date symlink: /home/user/cartographer_ws_docker/install/cartographer_ros_msgs/share/cartographer_ros_msgs/msg/MetricLabel.msg
[5.423s] -- Up-to-date symlink: /home/user/cartographer_ws_docker/install/cartographer_ros_msgs/share/cartographer_ros_msgs/msg/Metric.msg
[5.423s] -- Up-to-date symlink: /home/user/cartographer_ws_docker/install/cartographer_ros_msgs/share/cartographer_ros_msgs/msg/StatusCode.msg
[5.423s] -- Up-to-date symlink: /home/user/cartographer_ws_docker/install/cartographer_ros_msgs/share/cartographer_ros_msgs/msg/StatusResponse.msg
[5.423s] -- Up-to-date symlink: /home/user/cartographer_ws_docker/install/cartographer_ros_msgs/share/cartographer_ros_msgs/msg/SubmapEntry.msg
[5.423s] -- Up-to-date symlink: /home/user/cartographer_ws_docker/install/cartographer_ros_msgs/share/cartographer_ros_msgs/msg/SubmapList.msg
[5.423s] -- Up-to-date symlink: /home/user/cartographer_ws_docker/install/cartographer_ros_msgs/share/cartographer_ros_msgs/msg/SubmapTexture.msg
[5.423s] -- Up-to-date symlink: /home/user/cartographer_ws_docker/install/cartographer_ros_msgs/share/cartographer_ros_msgs/msg/TrajectoryStates.msg
[5.424s] -- Up-to-date symlink: /home/user/cartographer_ws_docker/install/cartographer_ros_msgs/share/cartographer_ros_msgs/srv/FinishTrajectory.srv
[5.424s] -- Up-to-date symlink: /home/user/cartographer_ws_docker/install/cartographer_ros_msgs/share/cartographer_ros_msgs/srv/FinishTrajectory_Request.msg
[5.424s] -- Up-to-date symlink: /home/user/cartographer_ws_docker/install/cartographer_ros_msgs/share/cartographer_ros_msgs/srv/FinishTrajectory_Response.msg
[5.424s] -- Up-to-date symlink: /home/user/cartographer_ws_docker/install/cartographer_ros_msgs/share/cartographer_ros_msgs/srv/GetTrajectoryStates.srv
[5.424s] -- Up-to-date symlink: /home/user/cartographer_ws_docker/install/cartographer_ros_msgs/share/cartographer_ros_msgs/srv/GetTrajectoryStates_Request.msg
[5.424s] -- Up-to-date symlink: /home/user/cartographer_ws_docker/install/cartographer_ros_msgs/share/cartographer_ros_msgs/srv/GetTrajectoryStates_Response.msg
[5.424s] -- Up-to-date symlink: /home/user/cartographer_ws_docker/install/cartographer_ros_msgs/share/cartographer_ros_msgs/srv/ReadMetrics.srv
[5.425s] -- Up-to-date symlink: /home/user/cartographer_ws_docker/install/cartographer_ros_msgs/share/cartographer_ros_msgs/srv/ReadMetrics_Request.msg
[5.425s] -- Up-to-date symlink: /home/user/cartographer_ws_docker/install/cartographer_ros_msgs/share/cartographer_ros_msgs/srv/ReadMetrics_Response.msg
[5.425s] -- Up-to-date symlink: /home/user/cartographer_ws_docker/install/cartographer_ros_msgs/share/cartographer_ros_msgs/srv/StartTrajectory.srv
[5.425s] -- Up-to-date symlink: /home/user/cartographer_ws_docker/install/cartographer_ros_msgs/share/cartographer_ros_msgs/srv/StartTrajectory_Request.msg
[5.425s] -- Up-to-date symlink: /home/user/cartographer_ws_docker/install/cartographer_ros_msgs/share/cartographer_ros_msgs/srv/StartTrajectory_Response.msg
[5.425s] -- Up-to-date symlink: /home/user/cartographer_ws_docker/install/cartographer_ros_msgs/share/cartographer_ros_msgs/srv/TrajectoryQuery.srv
[5.426s] -- Up-to-date symlink: /home/user/cartographer_ws_docker/install/cartographer_ros_msgs/share/cartographer_ros_msgs/srv/TrajectoryQuery_Request.msg
[5.426s] -- Up-to-date symlink: /home/user/cartographer_ws_docker/install/cartographer_ros_msgs/share/cartographer_ros_msgs/srv/TrajectoryQuery_Response.msg
[5.426s] -- Up-to-date symlink: /home/user/cartographer_ws_docker/install/cartographer_ros_msgs/share/cartographer_ros_msgs/srv/SubmapQuery.srv
[5.426s] -- Up-to-date symlink: /home/user/cartographer_ws_docker/install/cartographer_ros_msgs/share/cartographer_ros_msgs/srv/SubmapQuery_Request.msg
[5.426s] -- Up-to-date symlink: /home/user/cartographer_ws_docker/install/cartographer_ros_msgs/share/cartographer_ros_msgs/srv/SubmapQuery_Response.msg
[5.427s] -- Up-to-date symlink: /home/user/cartographer_ws_docker/install/cartographer_ros_msgs/share/cartographer_ros_msgs/srv/WriteState.srv
[5.427s] -- Up-to-date symlink: /home/user/cartographer_ws_docker/install/cartographer_ros_msgs/share/cartographer_ros_msgs/srv/WriteState_Request.msg
[5.427s] -- Up-to-date symlink: /home/user/cartographer_ws_docker/install/cartographer_ros_msgs/share/cartographer_ros_msgs/srv/WriteState_Response.msg
[5.427s] -- Up-to-date symlink: /home/user/cartographer_ws_docker/install/cartographer_ros_msgs/share/ament_index/resource_index/package_run_dependencies/cartographer_ros_msgs
[5.428s] -- Up-to-date symlink: /home/user/cartographer_ws_docker/install/cartographer_ros_msgs/share/ament_index/resource_index/parent_prefix_path/cartographer_ros_msgs
[5.428s] -- Up-to-date symlink: /home/user/cartographer_ws_docker/install/cartographer_ros_msgs/share/cartographer_ros_msgs/environment/ament_prefix_path.sh
[5.428s] -- Up-to-date symlink: /home/user/cartographer_ws_docker/install/cartographer_ros_msgs/share/cartographer_ros_msgs/environment/ament_prefix_path.dsv
[5.428s] -- Up-to-date symlink: /home/user/cartographer_ws_docker/install/cartographer_ros_msgs/share/cartographer_ros_msgs/environment/path.sh
[5.428s] -- Up-to-date symlink: /home/user/cartographer_ws_docker/install/cartographer_ros_msgs/share/cartographer_ros_msgs/environment/path.dsv
[5.428s] -- Up-to-date symlink: /home/user/cartographer_ws_docker/install/cartographer_ros_msgs/share/cartographer_ros_msgs/local_setup.bash
[5.429s] -- Up-to-date symlink: /home/user/cartographer_ws_docker/install/cartographer_ros_msgs/share/cartographer_ros_msgs/local_setup.sh
[5.429s] -- Up-to-date symlink: /home/user/cartographer_ws_docker/install/cartographer_ros_msgs/share/cartographer_ros_msgs/local_setup.zsh
[5.429s] -- Up-to-date symlink: /home/user/cartographer_ws_docker/install/cartographer_ros_msgs/share/cartographer_ros_msgs/local_setup.dsv
[5.429s] -- Symlinking: /home/user/cartographer_ws_docker/install/cartographer_ros_msgs/share/cartographer_ros_msgs/package.dsv
[5.459s] -- Up-to-date symlink: /home/user/cartographer_ws_docker/install/cartographer_ros_msgs/share/ament_index/resource_index/packages/cartographer_ros_msgs
[5.459s] -- Up-to-date symlink: /home/user/cartographer_ws_docker/install/cartographer_ros_msgs/share/cartographer_ros_msgs/cmake/rosidl_cmake-extras.cmake
[5.459s] -- Up-to-date symlink: /home/user/cartographer_ws_docker/install/cartographer_ros_msgs/share/cartographer_ros_msgs/cmake/ament_cmake_export_dependencies-extras.cmake
[5.459s] -- Up-to-date symlink: /home/user/cartographer_ws_docker/install/cartographer_ros_msgs/share/cartographer_ros_msgs/cmake/ament_cmake_export_include_directories-extras.cmake
[5.459s] -- Up-to-date symlink: /home/user/cartographer_ws_docker/install/cartographer_ros_msgs/share/cartographer_ros_msgs/cmake/ament_cmake_export_libraries-extras.cmake
[5.459s] -- Up-to-date symlink: /home/user/cartographer_ws_docker/install/cartographer_ros_msgs/share/cartographer_ros_msgs/cmake/ament_cmake_export_targets-extras.cmake
[5.459s] -- Up-to-date symlink: /home/user/cartographer_ws_docker/install/cartographer_ros_msgs/share/cartographer_ros_msgs/cmake/rosidl_cmake_export_typesupport_targets-extras.cmake
[5.459s] -- Up-to-date symlink: /home/user/cartographer_ws_docker/install/cartographer_ros_msgs/share/cartographer_ros_msgs/cmake/rosidl_cmake_export_typesupport_libraries-extras.cmake
[5.459s] -- Up-to-date symlink: /home/user/cartographer_ws_docker/install/cartographer_ros_msgs/share/cartographer_ros_msgs/cmake/cartographer_ros_msgsConfig.cmake
[5.459s] -- Up-to-date symlink: /home/user/cartographer_ws_docker/install/cartographer_ros_msgs/share/cartographer_ros_msgs/cmake/cartographer_ros_msgsConfig-version.cmake
[5.460s] -- Up-to-date symlink: /home/user/cartographer_ws_docker/install/cartographer_ros_msgs/share/cartographer_ros_msgs/package.xml
[5.462s] -- Up-to-date: /home/user/cartographer_ws_docker/install/cartographer_ros_msgs/lib/libcartographer_ros_msgs__rosidl_generator_c.so
[5.462s] -- Up-to-date: /home/user/cartographer_ws_docker/install/cartographer_ros_msgs/lib/libcartographer_ros_msgs__rosidl_typesupport_introspection_c.so
[5.462s] -- Up-to-date: /home/user/cartographer_ws_docker/install/cartographer_ros_msgs/lib/libcartographer_ros_msgs__rosidl_typesupport_fastrtps_c.so
[5.462s] -- Up-to-date: /home/user/cartographer_ws_docker/install/cartographer_ros_msgs/lib/libcartographer_ros_msgs__rosidl_typesupport_c.so
[5.463s] -- Up-to-date: /home/user/cartographer_ws_docker/install/cartographer_ros_msgs/lib/libcartographer_ros_msgs__rosidl_typesupport_introspection_cpp.so
[5.464s] -- Up-to-date: /home/user/cartographer_ws_docker/install/cartographer_ros_msgs/lib/libcartographer_ros_msgs__rosidl_typesupport_fastrtps_cpp.so
[5.464s] -- Up-to-date: /home/user/cartographer_ws_docker/install/cartographer_ros_msgs/lib/libcartographer_ros_msgs__rosidl_typesupport_cpp.so
[5.582s] Listing '/home/user/cartographer_ws_docker/install/cartographer_ros_msgs/local/lib/python3.10/dist-packages/cartographer_ros_msgs'...
[5.582s] Listing '/home/user/cartographer_ws_docker/install/cartographer_ros_msgs/local/lib/python3.10/dist-packages/cartographer_ros_msgs/msg'...
[5.582s] Listing '/home/user/cartographer_ws_docker/install/cartographer_ros_msgs/local/lib/python3.10/dist-packages/cartographer_ros_msgs/srv'...
[5.585s] -- Up-to-date: /home/user/cartographer_ws_docker/install/cartographer_ros_msgs/lib/libcartographer_ros_msgs__rosidl_generator_py.so
[5.586s] -- Up-to-date: /home/user/cartographer_ws_docker/install/cartographer_ros_msgs/share/cartographer_ros_msgs/cmake/export_cartographer_ros_msgs__rosidl_generator_cExport.cmake
[5.586s] -- Up-to-date: /home/user/cartographer_ws_docker/install/cartographer_ros_msgs/share/cartographer_ros_msgs/cmake/export_cartographer_ros_msgs__rosidl_generator_cExport-noconfig.cmake
[5.586s] -- Up-to-date: /home/user/cartographer_ws_docker/install/cartographer_ros_msgs/share/cartographer_ros_msgs/cmake/cartographer_ros_msgs__rosidl_typesupport_introspection_cExport.cmake
[5.586s] -- Up-to-date: /home/user/cartographer_ws_docker/install/cartographer_ros_msgs/share/cartographer_ros_msgs/cmake/cartographer_ros_msgs__rosidl_typesupport_introspection_cExport-noconfig.cmake
[5.587s] -- Up-to-date: /home/user/cartographer_ws_docker/install/cartographer_ros_msgs/share/cartographer_ros_msgs/cmake/export_cartographer_ros_msgs__rosidl_typesupport_fastrtps_cExport.cmake
[5.587s] -- Up-to-date: /home/user/cartographer_ws_docker/install/cartographer_ros_msgs/share/cartographer_ros_msgs/cmake/export_cartographer_ros_msgs__rosidl_typesupport_fastrtps_cExport-noconfig.cmake
[5.587s] -- Up-to-date: /home/user/cartographer_ws_docker/install/cartographer_ros_msgs/share/cartographer_ros_msgs/cmake/cartographer_ros_msgs__rosidl_typesupport_cExport.cmake
[5.587s] -- Up-to-date: /home/user/cartographer_ws_docker/install/cartographer_ros_msgs/share/cartographer_ros_msgs/cmake/cartographer_ros_msgs__rosidl_typesupport_cExport-noconfig.cmake
[5.587s] -- Up-to-date: /home/user/cartographer_ws_docker/install/cartographer_ros_msgs/share/cartographer_ros_msgs/cmake/export_cartographer_ros_msgs__rosidl_generator_cppExport.cmake
[5.587s] -- Up-to-date: /home/user/cartographer_ws_docker/install/cartographer_ros_msgs/share/cartographer_ros_msgs/cmake/cartographer_ros_msgs__rosidl_typesupport_introspection_cppExport.cmake
[5.587s] -- Up-to-date: /home/user/cartographer_ws_docker/install/cartographer_ros_msgs/share/cartographer_ros_msgs/cmake/cartographer_ros_msgs__rosidl_typesupport_introspection_cppExport-noconfig.cmake
[5.587s] -- Up-to-date: /home/user/cartographer_ws_docker/install/cartographer_ros_msgs/share/cartographer_ros_msgs/cmake/export_cartographer_ros_msgs__rosidl_typesupport_fastrtps_cppExport.cmake
[5.587s] -- Up-to-date: /home/user/cartographer_ws_docker/install/cartographer_ros_msgs/share/cartographer_ros_msgs/cmake/export_cartographer_ros_msgs__rosidl_typesupport_fastrtps_cppExport-noconfig.cmake
[5.587s] -- Up-to-date: /home/user/cartographer_ws_docker/install/cartographer_ros_msgs/share/cartographer_ros_msgs/cmake/cartographer_ros_msgs__rosidl_typesupport_cppExport.cmake
[5.587s] -- Up-to-date: /home/user/cartographer_ws_docker/install/cartographer_ros_msgs/share/cartographer_ros_msgs/cmake/cartographer_ros_msgs__rosidl_typesupport_cppExport-noconfig.cmake
[5.587s] -- Up-to-date: /home/user/cartographer_ws_docker/install/cartographer_ros_msgs/share/cartographer_ros_msgs/cmake/export_cartographer_ros_msgs__rosidl_generator_pyExport.cmake
[5.588s] -- Up-to-date: /home/user/cartographer_ws_docker/install/cartographer_ros_msgs/share/cartographer_ros_msgs/cmake/export_cartographer_ros_msgs__rosidl_generator_pyExport-noconfig.cmake
[5.590s] Invoked command in '/home/user/cartographer_ws_docker/build/cartographer_ros_msgs' returned '0': CMAKE_PREFIX_PATH=${CMAKE_PREFIX_PATH}:/home/user/tracing_ws/install/ros2bag:/home/user/tracing_ws/install/tracetools_test:/home/user/tracing_ws/install/tracetools_launch:/home/user/tracing_ws/install/tf2_tools:/home/user/tracing_ws/install/tf2_ros_py:/home/user/tracing_ws/install/sros2:/home/user/tracing_ws/install/rqt_plot:/home/user/tracing_ws/install/rqt_msg:/home/user/tracing_ws/install/rqt_console:/home/user/tracing_ws/install/rqt_gui_py:/home/user/tracing_ws/install/rqt_gui:/home/user/tracing_ws/install/ros2trace:/home/user/tracing_ws/install/ros2topic:/home/user/tracing_ws/install/ros2test:/home/user/tracing_ws/install/ros2param:/home/user/tracing_ws/install/ros2service:/home/user/tracing_ws/install/ros2run:/home/user/tracing_ws/install/ros2pkg:/home/user/tracing_ws/install/ros2node:/home/user/tracing_ws/install/ros2multicast:/home/user/tracing_ws/install/ros2interface:/home/user/tracing_ws/install/ros2doctor:/home/user/tracing_ws/install/ros2action:/home/user/tracing_ws/install/ros2cli:/home/user/tracing_ws/install/launch_testing_ros:/home/user/tracing_ws/install/launch_ros:/home/user/tracing_ws/install/demo_nodes_py:/home/user/tracing_ws/install/ament_uncrustify:/home/user/tracing_ws/install/tracetools_trace:/home/user/tracing_ws/install/tracetools_analysis:/home/user/tracing_ws/install/tracetools_read:/home/user/tracing_ws/install/sensor_msgs_py:/home/user/tracing_ws/install/rpyutils:/home/user/tracing_ws/install/rosidl_runtime_py:/home/user/tracing_ws/install/rosidl_cli:/home/user/tracing_ws/install/launch_testing:/home/user/tracing_ws/install/launch_yaml:/home/user/tracing_ws/install/launch_xml:/home/user/tracing_ws/install/launch:/home/user/tracing_ws/install/osrf_pycommon:/home/user/tracing_ws/install/hello:/home/user/tracing_ws/install/domain_coordinator:/home/user/tracing_ws/install/ament_xmllint:/home/user/tracing_ws/install/ament_pyflakes:/home/user/tracing_ws/install/ament_pycodestyle:/home/user/tracing_ws/install/ament_pep257:/home/user/tracing_ws/install/ament_pclint:/home/user/tracing_ws/install/ament_package:/home/user/tracing_ws/install/ament_mypy:/home/user/tracing_ws/install/ament_lint_cmake:/home/user/tracing_ws/install/ament_flake8:/home/user/tracing_ws/install/ament_copyright:/home/user/tracing_ws/install/ament_lint:/home/user/tracing_ws/install/ament_index_python:/home/user/tracing_ws/install/ament_cpplint:/home/user/tracing_ws/install/ament_cppcheck:/home/user/tracing_ws/install/ament_clang_tidy:/home/user/tracing_ws/install/ament_clang_format:/opt/ros/humble /usr/bin/cmake --install /home/user/cartographer_ws_docker/build/cartographer_ros_msgs
