[0.015s] Invoking command in '/root/cartographer_ws/build/cartographer_rviz': AMENT_PREFIX_PATH=/root/cartographer_ws/install/cartographer_ros:/root/cartographer_ws/install/cartographer_ros_msgs:${AMENT_PREFIX_PATH} CMAKE_PREFIX_PATH=/root/cartographer_ws/install/cartographer_ros:/root/cartographer_ws/install/cartographer_ros_msgs:/root/cartographer_ws/install/cartographer:/opt/ros/humble LD_LIBRARY_PATH=/root/cartographer_ws/install/cartographer_ros/lib:/root/cartographer_ws/install/cartographer_ros_msgs/lib:${LD_LIBRARY_PATH} PATH=/root/cartographer_ws/install/cartographer/bin:${PATH} PKG_CONFIG_PATH=/root/cartographer_ws/install/cartographer/lib/x86_64-linux-gnu/pkgconfig:/root/cartographer_ws/install/cartographer/lib/pkgconfig PYTHONPATH=/root/cartographer_ws/install/cartographer_ros_msgs/local/lib/python3.10/dist-packages:${PYTHONPATH} /usr/bin/cmake /root/cartographer_ws/src/cartographer_ros/cartographer_rviz -DAMENT_CMAKE_SYMLINK_INSTALL=1 -DCMAKE_INSTALL_PREFIX=/root/cartographer_ws/install/cartographer_rviz
[0.077s] -- The C compiler identification is GNU 11.4.0
[0.137s] -- The CXX compiler identification is GNU 11.4.0
[0.145s] -- Detecting C compiler ABI info
[0.221s] -- Detecting C compiler ABI info - done
[0.229s] -- Check for working C compiler: /usr/bin/cc - skipped
[0.229s] -- Detecting C compile features
[0.230s] -- Detecting C compile features - done
[0.233s] -- Detecting CXX compiler ABI info
[0.321s] -- Detecting CXX compiler ABI info - done
[0.330s] -- Check for working CXX compiler: /usr/bin/c++ - skipped
[0.330s] -- Detecting CXX compile features
[0.331s] -- Detecting CXX compile features - done
[0.335s] -- Found ament_cmake: 1.3.9 (/opt/ros/humble/share/ament_cmake/cmake)
[0.501s] -- Found Python3: /usr/bin/python3 (found version "3.10.12") found components: Interpreter 
[0.568s] -- Override CMake install command with custom implementation using symlinks instead of copying resources
[0.617s] -- Looking for pthread.h
[0.700s] -- Looking for pthread.h - found
[0.700s] -- Performing Test CMAKE_HAVE_LIBC_PTHREAD
[0.783s] -- Performing Test CMAKE_HAVE_LIBC_PTHREAD - Success
[0.784s] -- Found Threads: TRUE  
[0.795s] -- Found required Ceres dependency: Eigen version 3.4.0 in /usr/include/eigen3
[0.803s] -- Found required Ceres dependency: glog
[0.803s] -- Found required Ceres dependency: gflags
[0.804s] -- Found Ceres version: 2.0.0 installed in: /usr with components: [EigenSparse, SparseLinearAlgebraLibrary, LAPACK, SuiteSparse, CXSparse, SchurSpecializations, Multithreading]
[0.815s] -- Build type: Release
[0.819s] Files /root/cartographer_ws/build/cartographer_rviz/AllFiles.cmake and - differ
[0.838s] -- Found Boost: /usr/lib/x86_64-linux-gnu/cmake/Boost-1.74.0/BoostConfig.cmake (found version "1.74.0") found components: iostreams 
[0.839s] -- Found cartographer_ros: 2.0.9003 (/root/cartographer_ws/install/cartographer_ros/share/cartographer_ros/cmake)
[0.891s] -- Found rosidl_generator_c: 3.1.5 (/opt/ros/humble/share/rosidl_generator_c/cmake)
[0.899s] -- Found rosidl_adapter: 3.1.5 (/opt/ros/humble/share/rosidl_adapter/cmake)
[0.911s] -- Found rosidl_generator_cpp: 3.1.5 (/opt/ros/humble/share/rosidl_generator_cpp/cmake)
[0.929s] -- Using all available rosidl_typesupport_c: rosidl_typesupport_fastrtps_c;rosidl_typesupport_introspection_c
[0.956s] -- Using all available rosidl_typesupport_cpp: rosidl_typesupport_fastrtps_cpp;rosidl_typesupport_introspection_cpp
[1.421s] -- Found rmw_implementation_cmake: 6.1.2 (/opt/ros/humble/share/rmw_implementation_cmake/cmake)
[1.425s] -- Found rmw_fastrtps_cpp: 6.2.6 (/opt/ros/humble/share/rmw_fastrtps_cpp/cmake)
[1.549s] -- Found OpenSSL: /usr/lib/x86_64-linux-gnu/libcrypto.so (found version "3.0.2")  
[1.584s] -- Found FastRTPS: /opt/ros/humble/include  
[1.648s] -- Using RMW implementation 'rmw_fastrtps_cpp' as default
[3.057s] -- Found rviz_common: 11.2.12 (/opt/ros/humble/share/rviz_common/cmake)
[3.104s] -- Setting OGRE_DIR to: '/opt/ros/humble/share/rviz_ogre_vendor/cmake/../../../opt/rviz_ogre_vendor/lib/OGRE/cmake'
[3.107s] -- Found OGRE
[3.108s] --   static     : OFF
[3.108s] --   components : HLMS;MeshLodGenerator;Overlay;Paging;Property;RTShaderSystem;Terrain;Volume
[3.108s] --   plugins    : Plugin_BSPSceneManager;Plugin_OctreeSceneManager;Plugin_PCZSceneManager;Plugin_ParticleFX;RenderSystem_GL;RenderSystem_GL3Plus;Codec_STBI
[3.108s] --   media      : /opt/ros/humble/opt/rviz_ogre_vendor/share/OGRE/Media
[3.108s] -- OGRE_LIBRARIES: OgreHLMS;OgreMeshLodGenerator;OgreOverlay;OgrePaging;OgreProperty;OgreRTShaderSystem;OgreTerrain;OgreVolume;OgreMain
[3.108s] -- OGRE_LIBRARY_DIRS: /opt/ros/humble/opt/rviz_ogre_vendor/lib
[3.108s] -- OGRE_PLUGINS: Plugin_BSPSceneManager;Plugin_OctreeSceneManager;Plugin_PCZSceneManager;Plugin_ParticleFX;RenderSystem_GL;RenderSystem_GL3Plus;Codec_STBI
[3.108s] -- OGRE_PLUGIN_DIR: /opt/ros/humble/opt/rviz_ogre_vendor/lib/OGRE
[3.108s] -- rviz_ogre_vendor::OgreOverlay for IMPORTED_LOCATION_RELEASE: /opt/ros/humble/opt/rviz_ogre_vendor/lib/libOgreOverlay.so
[3.108s] -- rviz_ogre_vendor::OgreOverlay for IMPORTED_LOCATION_DEBUG: /opt/ros/humble/opt/rviz_ogre_vendor/lib/libOgreOverlay.so
[3.108s] -- rviz_ogre_vendor::OgreMain for IMPORTED_LOCATION_RELEASE: /opt/ros/humble/opt/rviz_ogre_vendor/lib/libOgreMain.so
[3.109s] -- rviz_ogre_vendor::OgreMain for IMPORTED_LOCATION_DEBUG: /opt/ros/humble/opt/rviz_ogre_vendor/lib/libOgreMain.so
[3.129s] -- Found ZLIB: /usr/lib/x86_64-linux-gnu/libz.so (found version "1.2.11") 
[3.134s] -- Found OpenGL: /usr/lib/x86_64-linux-gnu/libOpenGL.so   
[3.235s] -- Found X11: /usr/include   
[3.236s] -- Looking for XOpenDisplay in /usr/lib/x86_64-linux-gnu/libX11.so;/usr/lib/x86_64-linux-gnu/libXext.so
[3.318s] -- Looking for XOpenDisplay in /usr/lib/x86_64-linux-gnu/libX11.so;/usr/lib/x86_64-linux-gnu/libXext.so - found
[3.318s] -- Looking for gethostbyname
[3.407s] -- Looking for gethostbyname - found
[3.407s] -- Looking for connect
[3.497s] -- Looking for connect - found
[3.497s] -- Looking for remove
[3.583s] -- Looking for remove - found
[3.583s] -- Looking for shmat
[3.675s] -- Looking for shmat - found
[3.675s] -- Looking for IceConnectionNumber in ICE
[3.755s] -- Looking for IceConnectionNumber in ICE - found
[3.757s] -- rviz_ogre_vendor::RenderSystem_GL for IMPORTED_LOCATION_RELEASE: _render_system_gl_static_library_abs-NOTFOUND
[3.757s] -- rviz_ogre_vendor::RenderSystem_GL for IMPORTED_LOCATION_DEBUG: _render_system_gl_static_library_abs-NOTFOUND
[3.857s] -- library: /usr/lib/x86_64-linux-gnu/libcurl.so
[3.916s] -- Found Eigen3: TRUE (found version "3.4.0") 
[3.916s] -- Ensuring Eigen3 include directory is part of orocos-kdl CMake target
[4.594s] -- Deploy OGRE media
[4.599s] -- Configuring done
[4.697s] -- Generating done
[4.700s] -- Build files have been written to: /root/cartographer_ws/build/cartographer_rviz
[4.714s] Invoked command in '/root/cartographer_ws/build/cartographer_rviz' returned '0': AMENT_PREFIX_PATH=/root/cartographer_ws/install/cartographer_ros:/root/cartographer_ws/install/cartographer_ros_msgs:${AMENT_PREFIX_PATH} CMAKE_PREFIX_PATH=/root/cartographer_ws/install/cartographer_ros:/root/cartographer_ws/install/cartographer_ros_msgs:/root/cartographer_ws/install/cartographer:/opt/ros/humble LD_LIBRARY_PATH=/root/cartographer_ws/install/cartographer_ros/lib:/root/cartographer_ws/install/cartographer_ros_msgs/lib:${LD_LIBRARY_PATH} PATH=/root/cartographer_ws/install/cartographer/bin:${PATH} PKG_CONFIG_PATH=/root/cartographer_ws/install/cartographer/lib/x86_64-linux-gnu/pkgconfig:/root/cartographer_ws/install/cartographer/lib/pkgconfig PYTHONPATH=/root/cartographer_ws/install/cartographer_ros_msgs/local/lib/python3.10/dist-packages:${PYTHONPATH} /usr/bin/cmake /root/cartographer_ws/src/cartographer_ros/cartographer_rviz -DAMENT_CMAKE_SYMLINK_INSTALL=1 -DCMAKE_INSTALL_PREFIX=/root/cartographer_ws/install/cartographer_rviz
[4.716s] Invoking command in '/root/cartographer_ws/build/cartographer_rviz': AMENT_PREFIX_PATH=/root/cartographer_ws/install/cartographer_ros:/root/cartographer_ws/install/cartographer_ros_msgs:${AMENT_PREFIX_PATH} CMAKE_PREFIX_PATH=/root/cartographer_ws/install/cartographer_ros:/root/cartographer_ws/install/cartographer_ros_msgs:/root/cartographer_ws/install/cartographer:/opt/ros/humble LD_LIBRARY_PATH=/root/cartographer_ws/install/cartographer_ros/lib:/root/cartographer_ws/install/cartographer_ros_msgs/lib:${LD_LIBRARY_PATH} PATH=/root/cartographer_ws/install/cartographer/bin:${PATH} PKG_CONFIG_PATH=/root/cartographer_ws/install/cartographer/lib/x86_64-linux-gnu/pkgconfig:/root/cartographer_ws/install/cartographer/lib/pkgconfig PYTHONPATH=/root/cartographer_ws/install/cartographer_ros_msgs/local/lib/python3.10/dist-packages:${PYTHONPATH} /usr/bin/cmake --build /root/cartographer_ws/build/cartographer_rviz -- -j8 -l8
[4.779s] [ 16%] [34m[1mAutomatic MOC for target cartographer_rviz[0m
[4.784s] [ 16%] Built target cartographer_rviz_detect_changes
[8.722s] [ 16%] Built target cartographer_rviz_autogen
[8.748s] [ 33%] [32mBuilding CXX object CMakeFiles/cartographer_rviz.dir/cartographer_rviz_autogen/mocs_compilation.cpp.o[0m
[8.748s] [ 50%] [32mBuilding CXX object CMakeFiles/cartographer_rviz.dir/src/ogre_slice.cpp.o[0m
[8.752s] [ 66%] [32mBuilding CXX object CMakeFiles/cartographer_rviz.dir/src/drawable_submap.cpp.o[0m
[8.752s] [ 83%] [32mBuilding CXX object CMakeFiles/cartographer_rviz.dir/src/submaps_display.cpp.o[0m
[39.028s] [100%] [32m[1mLinking CXX shared library libcartographer_rviz.so[0m
[41.174s] [100%] Built target cartographer_rviz
[41.189s] Invoked command in '/root/cartographer_ws/build/cartographer_rviz' returned '0': AMENT_PREFIX_PATH=/root/cartographer_ws/install/cartographer_ros:/root/cartographer_ws/install/cartographer_ros_msgs:${AMENT_PREFIX_PATH} CMAKE_PREFIX_PATH=/root/cartographer_ws/install/cartographer_ros:/root/cartographer_ws/install/cartographer_ros_msgs:/root/cartographer_ws/install/cartographer:/opt/ros/humble LD_LIBRARY_PATH=/root/cartographer_ws/install/cartographer_ros/lib:/root/cartographer_ws/install/cartographer_ros_msgs/lib:${LD_LIBRARY_PATH} PATH=/root/cartographer_ws/install/cartographer/bin:${PATH} PKG_CONFIG_PATH=/root/cartographer_ws/install/cartographer/lib/x86_64-linux-gnu/pkgconfig:/root/cartographer_ws/install/cartographer/lib/pkgconfig PYTHONPATH=/root/cartographer_ws/install/cartographer_ros_msgs/local/lib/python3.10/dist-packages:${PYTHONPATH} /usr/bin/cmake --build /root/cartographer_ws/build/cartographer_rviz -- -j8 -l8
[41.233s] Invoking command in '/root/cartographer_ws/build/cartographer_rviz': AMENT_PREFIX_PATH=/root/cartographer_ws/install/cartographer_ros:/root/cartographer_ws/install/cartographer_ros_msgs:${AMENT_PREFIX_PATH} CMAKE_PREFIX_PATH=/root/cartographer_ws/install/cartographer_ros:/root/cartographer_ws/install/cartographer_ros_msgs:/root/cartographer_ws/install/cartographer:/opt/ros/humble LD_LIBRARY_PATH=/root/cartographer_ws/install/cartographer_ros/lib:/root/cartographer_ws/install/cartographer_ros_msgs/lib:${LD_LIBRARY_PATH} PATH=/root/cartographer_ws/install/cartographer/bin:${PATH} PKG_CONFIG_PATH=/root/cartographer_ws/install/cartographer/lib/x86_64-linux-gnu/pkgconfig:/root/cartographer_ws/install/cartographer/lib/pkgconfig PYTHONPATH=/root/cartographer_ws/install/cartographer_ros_msgs/local/lib/python3.10/dist-packages:${PYTHONPATH} /usr/bin/cmake --install /root/cartographer_ws/build/cartographer_rviz
[41.242s] -- Install configuration: "Release"
[41.242s] -- Execute custom install script
[41.243s] -- Symlinking: /root/cartographer_ws/install/cartographer_rviz/share/cartographer_rviz//rviz_plugin_description.xml
[41.254s] -- Symlinking: /root/cartographer_ws/install/cartographer_rviz/include//cartographer_rviz/drawable_submap.h
[41.264s] -- Symlinking: /root/cartographer_ws/install/cartographer_rviz/include//cartographer_rviz/ogre_slice.h
[41.275s] -- Symlinking: /root/cartographer_ws/install/cartographer_rviz/include//cartographer_rviz/submaps_display.h
[41.286s] -- Symlinking: /root/cartographer_ws/install/cartographer_rviz/share/cartographer_rviz/environment/library_path.sh
[41.297s] -- Symlinking: /root/cartographer_ws/install/cartographer_rviz/share/cartographer_rviz/environment/library_path.dsv
[41.308s] -- Symlinking: /root/cartographer_ws/install/cartographer_rviz/share/ament_index/resource_index/package_run_dependencies/cartographer_rviz
[41.318s] -- Symlinking: /root/cartographer_ws/install/cartographer_rviz/share/ament_index/resource_index/parent_prefix_path/cartographer_rviz
[41.329s] -- Symlinking: /root/cartographer_ws/install/cartographer_rviz/share/cartographer_rviz/environment/ament_prefix_path.sh
[41.340s] -- Symlinking: /root/cartographer_ws/install/cartographer_rviz/share/cartographer_rviz/environment/ament_prefix_path.dsv
[41.350s] -- Symlinking: /root/cartographer_ws/install/cartographer_rviz/share/cartographer_rviz/environment/path.sh
[41.361s] -- Symlinking: /root/cartographer_ws/install/cartographer_rviz/share/cartographer_rviz/environment/path.dsv
[41.371s] -- Symlinking: /root/cartographer_ws/install/cartographer_rviz/share/cartographer_rviz/local_setup.bash
[41.382s] -- Symlinking: /root/cartographer_ws/install/cartographer_rviz/share/cartographer_rviz/local_setup.sh
[41.393s] -- Symlinking: /root/cartographer_ws/install/cartographer_rviz/share/cartographer_rviz/local_setup.zsh
[41.404s] -- Symlinking: /root/cartographer_ws/install/cartographer_rviz/share/cartographer_rviz/local_setup.dsv
[41.415s] -- Symlinking: /root/cartographer_ws/install/cartographer_rviz/share/cartographer_rviz/package.dsv
[41.425s] -- Symlinking: /root/cartographer_ws/install/cartographer_rviz/share/ament_index/resource_index/packages/cartographer_rviz
[41.436s] -- Symlinking: /root/cartographer_ws/install/cartographer_rviz/share/ament_index/resource_index/rviz_common__pluginlib__plugin/cartographer_rviz
[41.447s] -- Symlinking: /root/cartographer_ws/install/cartographer_rviz/share/ament_index/resource_index/rviz_ogre_media_exports/cartographer_rviz
[41.457s] -- Symlinking: /root/cartographer_ws/install/cartographer_rviz/share/cartographer_rviz/cmake/ament_cmake_export_include_directories-extras.cmake
[41.468s] -- Symlinking: /root/cartographer_ws/install/cartographer_rviz/share/cartographer_rviz/cmake/ament_cmake_export_targets-extras.cmake
[41.478s] -- Symlinking: /root/cartographer_ws/install/cartographer_rviz/share/cartographer_rviz/cmake/ament_cmake_export_dependencies-extras.cmake
[41.489s] -- Symlinking: /root/cartographer_ws/install/cartographer_rviz/share/cartographer_rviz/cmake/cartographer_rvizConfig.cmake
[41.500s] -- Symlinking: /root/cartographer_ws/install/cartographer_rviz/share/cartographer_rviz/cmake/cartographer_rvizConfig-version.cmake
[41.511s] -- Symlinking: /root/cartographer_ws/install/cartographer_rviz/share/cartographer_rviz/package.xml
[41.521s] -- Installing: /root/cartographer_ws/install/cartographer_rviz/lib/libcartographer_rviz.so
[41.529s] -- Set runtime path of "/root/cartographer_ws/install/cartographer_rviz/lib/libcartographer_rviz.so" to ""
[41.529s] -- Installing: /root/cartographer_ws/install/cartographer_rviz/share/cartographer_rviz/ogre_media/materials/glsl120
[41.529s] -- Installing: /root/cartographer_ws/install/cartographer_rviz/share/cartographer_rviz/ogre_media/materials/glsl120/glsl120.program
[41.529s] -- Installing: /root/cartographer_ws/install/cartographer_rviz/share/cartographer_rviz/ogre_media/materials/glsl120/submap.vert
[41.529s] -- Installing: /root/cartographer_ws/install/cartographer_rviz/share/cartographer_rviz/ogre_media/materials/glsl120/submap.frag
[41.530s] -- Installing: /root/cartographer_ws/install/cartographer_rviz/share/cartographer_rviz/ogre_media/materials/scripts
[41.530s] -- Installing: /root/cartographer_ws/install/cartographer_rviz/share/cartographer_rviz/ogre_media/materials/scripts/submap.material
[41.530s] -- Installing: /root/cartographer_ws/install/cartographer_rviz/share/cartographer_rviz/cmake/cartographer_rvizExport.cmake
[41.530s] -- Installing: /root/cartographer_ws/install/cartographer_rviz/share/cartographer_rviz/cmake/cartographer_rvizExport-release.cmake
[41.533s] Invoked command in '/root/cartographer_ws/build/cartographer_rviz' returned '0': AMENT_PREFIX_PATH=/root/cartographer_ws/install/cartographer_ros:/root/cartographer_ws/install/cartographer_ros_msgs:${AMENT_PREFIX_PATH} CMAKE_PREFIX_PATH=/root/cartographer_ws/install/cartographer_ros:/root/cartographer_ws/install/cartographer_ros_msgs:/root/cartographer_ws/install/cartographer:/opt/ros/humble LD_LIBRARY_PATH=/root/cartographer_ws/install/cartographer_ros/lib:/root/cartographer_ws/install/cartographer_ros_msgs/lib:${LD_LIBRARY_PATH} PATH=/root/cartographer_ws/install/cartographer/bin:${PATH} PKG_CONFIG_PATH=/root/cartographer_ws/install/cartographer/lib/x86_64-linux-gnu/pkgconfig:/root/cartographer_ws/install/cartographer/lib/pkgconfig PYTHONPATH=/root/cartographer_ws/install/cartographer_ros_msgs/local/lib/python3.10/dist-packages:${PYTHONPATH} /usr/bin/cmake --install /root/cartographer_ws/build/cartographer_rviz
