[0.017s] Invoking command in '/home/user/cartographer_ws_docker/build/cartographer_rviz': CMAKE_PREFIX_PATH=/home/user/cartographer_ws_docker/install/cartographer_ros:/home/user/cartographer_ws_docker/install/cartographer_ros_msgs:/home/user/cartographer_ws_docker/install/cartographer:/home/user/cartographer_ws_docker/install/cartographer_rviz:/opt/ros/humble LD_LIBRARY_PATH=/home/user/cartographer_ws_docker/install/cartographer_ros_msgs/lib:/home/user/cartographer_ws_docker/install/cartographer_rviz/lib:/home/user/cartographer_ws_docker/install/cartographer_ros/lib:/usr/lib/x86_64-linux-gnu/gazebo-11/plugins:/opt/ros/humble/opt/rviz_ogre_vendor/lib:/opt/ros/humble/lib/x86_64-linux-gnu:/opt/ros/humble/lib:/usr/lib/x86_64-linux-gnu/gazebo-11/plugins:/usr/lib/x86_64-linux-gnu/gazebo-11/plugins:/usr/lib/x86_64-linux-gnu/gazebo-11/plugins:/usr/lib/x86_64-linux-gnu/gazebo-11/plugins:/usr/lib/x86_64-linux-gnu/gazebo-11/plugins:/usr/lib/x86_64-linux-gnu/gazebo-11/plugins:/usr/lib/x86_64-linux-gnu/gazebo-11/plugins:/usr/lib/x86_64-linux-gnu/gazebo-11/plugins:/usr/lib/x86_64-linux-gnu/gazebo-11/plugins:/usr/lib/x86_64-linux-gnu/gazebo-11/plugins /usr/bin/cmake /home/user/cartographer_ws_docker/src/cartographer_ros/cartographer_rviz -DAMENT_CMAKE_SYMLINK_INSTALL=1 -DCMAKE_INSTALL_PREFIX=/home/user/cartographer_ws_docker/install/cartographer_rviz
[0.100s] -- The C compiler identification is GNU 11.4.0
[0.133s] -- The CXX compiler identification is GNU 11.4.0
[0.140s] -- Detecting C compiler ABI info
[0.181s] -- Detecting C compiler ABI info - done
[0.185s] -- Check for working C compiler: /usr/bin/cc - skipped
[0.185s] -- Detecting C compile features
[0.186s] -- Detecting C compile features - done
[0.189s] -- Detecting CXX compiler ABI info
[0.233s] -- Detecting CXX compiler ABI info - done
[0.237s] -- Check for working CXX compiler: /usr/bin/c++ - skipped
[0.237s] -- Detecting CXX compile features
[0.237s] -- Detecting CXX compile features - done
[0.248s] -- Found ament_cmake: 1.3.9 (/opt/ros/humble/share/ament_cmake/cmake)
[0.357s] -- Found Python3: /usr/bin/python3 (found version "3.10.12") found components: Interpreter 
[0.412s] -- Override CMake install command with custom implementation using symlinks instead of copying resources
[0.440s] -- Looking for pthread.h
[0.481s] -- Looking for pthread.h - found
[0.481s] -- Performing Test CMAKE_HAVE_LIBC_PTHREAD
[0.524s] -- Performing Test CMAKE_HAVE_LIBC_PTHREAD - Success
[0.524s] -- Found Threads: TRUE  
[0.530s] -- Found required Ceres dependency: Eigen version 3.4.0 in /usr/include/eigen3
[0.534s] -- Found required Ceres dependency: glog
[0.534s] -- Found required Ceres dependency: gflags
[0.535s] -- Found Ceres version: 2.0.0 installed in: /usr with components: [EigenSparse, SparseLinearAlgebraLibrary, LAPACK, SuiteSparse, CXSparse, SchurSpecializations, Multithreading]
[0.542s] -- Build type: Release
[0.553s] ファイル /home/user/cartographer_ws_docker/build/cartographer_rviz/AllFiles.cmake と - は異なります
[0.569s] -- Found Boost: /usr/lib/x86_64-linux-gnu/cmake/Boost-1.74.0/BoostConfig.cmake (found version "1.74.0") found components: iostreams 
[0.570s] -- Found cartographer_ros: 2.0.9003 (/home/user/cartographer_ws_docker/install/cartographer_ros/share/cartographer_ros/cmake)
[0.607s] -- Found rosidl_generator_c: 3.1.5 (/opt/ros/humble/share/rosidl_generator_c/cmake)
[0.612s] -- Found rosidl_adapter: 3.1.5 (/opt/ros/humble/share/rosidl_adapter/cmake)
[0.621s] -- Found rosidl_generator_cpp: 3.1.5 (/opt/ros/humble/share/rosidl_generator_cpp/cmake)
[0.636s] -- Using all available rosidl_typesupport_c: rosidl_typesupport_fastrtps_c;rosidl_typesupport_introspection_c
[0.652s] -- Using all available rosidl_typesupport_cpp: rosidl_typesupport_fastrtps_cpp;rosidl_typesupport_introspection_cpp
[0.919s] -- Found rmw_implementation_cmake: 6.1.2 (/opt/ros/humble/share/rmw_implementation_cmake/cmake)
[0.921s] -- Found rmw_fastrtps_cpp: 6.2.6 (/opt/ros/humble/share/rmw_fastrtps_cpp/cmake)
[0.993s] -- Found OpenSSL: /usr/lib/x86_64-linux-gnu/libcrypto.so (found version "3.0.2")  
[1.011s] -- Found FastRTPS: /opt/ros/humble/include  
[1.036s] -- Using RMW implementation 'rmw_fastrtps_cpp' as default
[1.722s] -- Found rviz_common: 11.2.12 (/opt/ros/humble/share/rviz_common/cmake)
[1.751s] -- Setting OGRE_DIR to: '/opt/ros/humble/share/rviz_ogre_vendor/cmake/../../../opt/rviz_ogre_vendor/lib/OGRE/cmake'
[1.753s] -- Found OGRE
[1.753s] --   static     : OFF
[1.753s] --   components : HLMS;MeshLodGenerator;Overlay;Paging;Property;RTShaderSystem;Terrain;Volume
[1.753s] --   plugins    : Plugin_BSPSceneManager;Plugin_OctreeSceneManager;Plugin_PCZSceneManager;Plugin_ParticleFX;RenderSystem_GL;RenderSystem_GL3Plus;Codec_STBI
[1.753s] --   media      : /opt/ros/humble/opt/rviz_ogre_vendor/share/OGRE/Media
[1.753s] -- OGRE_LIBRARIES: OgreHLMS;OgreMeshLodGenerator;OgreOverlay;OgrePaging;OgreProperty;OgreRTShaderSystem;OgreTerrain;OgreVolume;OgreMain
[1.753s] -- OGRE_LIBRARY_DIRS: /opt/ros/humble/opt/rviz_ogre_vendor/lib
[1.753s] -- OGRE_PLUGINS: Plugin_BSPSceneManager;Plugin_OctreeSceneManager;Plugin_PCZSceneManager;Plugin_ParticleFX;RenderSystem_GL;RenderSystem_GL3Plus;Codec_STBI
[1.753s] -- OGRE_PLUGIN_DIR: /opt/ros/humble/opt/rviz_ogre_vendor/lib/OGRE
[1.753s] -- rviz_ogre_vendor::OgreOverlay for IMPORTED_LOCATION_RELEASE: /opt/ros/humble/opt/rviz_ogre_vendor/lib/libOgreOverlay.so
[1.753s] -- rviz_ogre_vendor::OgreOverlay for IMPORTED_LOCATION_DEBUG: /opt/ros/humble/opt/rviz_ogre_vendor/lib/libOgreOverlay.so
[1.753s] -- rviz_ogre_vendor::OgreMain for IMPORTED_LOCATION_RELEASE: /opt/ros/humble/opt/rviz_ogre_vendor/lib/libOgreMain.so
[1.753s] -- rviz_ogre_vendor::OgreMain for IMPORTED_LOCATION_DEBUG: /opt/ros/humble/opt/rviz_ogre_vendor/lib/libOgreMain.so
[1.764s] -- Found ZLIB: /usr/lib/x86_64-linux-gnu/libz.so (found version "1.2.11") 
[1.767s] -- Found OpenGL: /usr/lib/x86_64-linux-gnu/libOpenGL.so   
[1.818s] -- Found X11: /usr/include   
[1.819s] -- Looking for XOpenDisplay in /usr/lib/x86_64-linux-gnu/libX11.so;/usr/lib/x86_64-linux-gnu/libXext.so
[1.861s] -- Looking for XOpenDisplay in /usr/lib/x86_64-linux-gnu/libX11.so;/usr/lib/x86_64-linux-gnu/libXext.so - found
[1.861s] -- Looking for gethostbyname
[1.899s] -- Looking for gethostbyname - found
[1.899s] -- Looking for connect
[1.937s] -- Looking for connect - found
[1.937s] -- Looking for remove
[1.975s] -- Looking for remove - found
[1.975s] -- Looking for shmat
[2.014s] -- Looking for shmat - found
[2.014s] -- Looking for IceConnectionNumber in ICE
[2.053s] -- Looking for IceConnectionNumber in ICE - found
[2.055s] -- rviz_ogre_vendor::RenderSystem_GL for IMPORTED_LOCATION_RELEASE: _render_system_gl_static_library_abs-NOTFOUND
[2.055s] -- rviz_ogre_vendor::RenderSystem_GL for IMPORTED_LOCATION_DEBUG: _render_system_gl_static_library_abs-NOTFOUND
[2.099s] -- library: /usr/lib/x86_64-linux-gnu/libcurl.so
[2.126s] -- Found Eigen3: TRUE (found version "3.4.0") 
[2.126s] -- Ensuring Eigen3 include directory is part of orocos-kdl CMake target
[2.438s] -- Deploy OGRE media
[2.441s] -- Configuring done
[2.483s] -- Generating done
[2.484s] -- Build files have been written to: /home/user/cartographer_ws_docker/build/cartographer_rviz
[2.493s] Invoked command in '/home/user/cartographer_ws_docker/build/cartographer_rviz' returned '0': CMAKE_PREFIX_PATH=/home/user/cartographer_ws_docker/install/cartographer_ros:/home/user/cartographer_ws_docker/install/cartographer_ros_msgs:/home/user/cartographer_ws_docker/install/cartographer:/home/user/cartographer_ws_docker/install/cartographer_rviz:/opt/ros/humble LD_LIBRARY_PATH=/home/user/cartographer_ws_docker/install/cartographer_ros_msgs/lib:/home/user/cartographer_ws_docker/install/cartographer_rviz/lib:/home/user/cartographer_ws_docker/install/cartographer_ros/lib:/usr/lib/x86_64-linux-gnu/gazebo-11/plugins:/opt/ros/humble/opt/rviz_ogre_vendor/lib:/opt/ros/humble/lib/x86_64-linux-gnu:/opt/ros/humble/lib:/usr/lib/x86_64-linux-gnu/gazebo-11/plugins:/usr/lib/x86_64-linux-gnu/gazebo-11/plugins:/usr/lib/x86_64-linux-gnu/gazebo-11/plugins:/usr/lib/x86_64-linux-gnu/gazebo-11/plugins:/usr/lib/x86_64-linux-gnu/gazebo-11/plugins:/usr/lib/x86_64-linux-gnu/gazebo-11/plugins:/usr/lib/x86_64-linux-gnu/gazebo-11/plugins:/usr/lib/x86_64-linux-gnu/gazebo-11/plugins:/usr/lib/x86_64-linux-gnu/gazebo-11/plugins:/usr/lib/x86_64-linux-gnu/gazebo-11/plugins /usr/bin/cmake /home/user/cartographer_ws_docker/src/cartographer_ros/cartographer_rviz -DAMENT_CMAKE_SYMLINK_INSTALL=1 -DCMAKE_INSTALL_PREFIX=/home/user/cartographer_ws_docker/install/cartographer_rviz
[2.494s] Invoking command in '/home/user/cartographer_ws_docker/build/cartographer_rviz': CMAKE_PREFIX_PATH=/home/user/cartographer_ws_docker/install/cartographer_ros:/home/user/cartographer_ws_docker/install/cartographer_ros_msgs:/home/user/cartographer_ws_docker/install/cartographer:/home/user/cartographer_ws_docker/install/cartographer_rviz:/opt/ros/humble LD_LIBRARY_PATH=/home/user/cartographer_ws_docker/install/cartographer_ros_msgs/lib:/home/user/cartographer_ws_docker/install/cartographer_rviz/lib:/home/user/cartographer_ws_docker/install/cartographer_ros/lib:/usr/lib/x86_64-linux-gnu/gazebo-11/plugins:/opt/ros/humble/opt/rviz_ogre_vendor/lib:/opt/ros/humble/lib/x86_64-linux-gnu:/opt/ros/humble/lib:/usr/lib/x86_64-linux-gnu/gazebo-11/plugins:/usr/lib/x86_64-linux-gnu/gazebo-11/plugins:/usr/lib/x86_64-linux-gnu/gazebo-11/plugins:/usr/lib/x86_64-linux-gnu/gazebo-11/plugins:/usr/lib/x86_64-linux-gnu/gazebo-11/plugins:/usr/lib/x86_64-linux-gnu/gazebo-11/plugins:/usr/lib/x86_64-linux-gnu/gazebo-11/plugins:/usr/lib/x86_64-linux-gnu/gazebo-11/plugins:/usr/lib/x86_64-linux-gnu/gazebo-11/plugins:/usr/lib/x86_64-linux-gnu/gazebo-11/plugins /usr/bin/cmake --build /home/user/cartographer_ws_docker/build/cartographer_rviz -- -j12 -l12
[2.523s] [ 16%] [34m[1mAutomatic MOC for target cartographer_rviz[0m
[2.525s] [ 16%] Built target cartographer_rviz_detect_changes
[3.733s] [ 16%] Built target cartographer_rviz_autogen
[3.745s] [ 83%] [32mBuilding CXX object CMakeFiles/cartographer_rviz.dir/src/drawable_submap.cpp.o[0m
[3.745s] [ 83%] [32mBuilding CXX object CMakeFiles/cartographer_rviz.dir/src/ogre_slice.cpp.o[0m
[3.745s] [ 83%] [32mBuilding CXX object CMakeFiles/cartographer_rviz.dir/cartographer_rviz_autogen/mocs_compilation.cpp.o[0m
[3.745s] [ 83%] [32mBuilding CXX object CMakeFiles/cartographer_rviz.dir/src/submaps_display.cpp.o[0m
[15.110s] [100%] [32m[1mLinking CXX shared library libcartographer_rviz.so[0m
[15.870s] [100%] Built target cartographer_rviz
[15.877s] Invoked command in '/home/user/cartographer_ws_docker/build/cartographer_rviz' returned '0': CMAKE_PREFIX_PATH=/home/user/cartographer_ws_docker/install/cartographer_ros:/home/user/cartographer_ws_docker/install/cartographer_ros_msgs:/home/user/cartographer_ws_docker/install/cartographer:/home/user/cartographer_ws_docker/install/cartographer_rviz:/opt/ros/humble LD_LIBRARY_PATH=/home/user/cartographer_ws_docker/install/cartographer_ros_msgs/lib:/home/user/cartographer_ws_docker/install/cartographer_rviz/lib:/home/user/cartographer_ws_docker/install/cartographer_ros/lib:/usr/lib/x86_64-linux-gnu/gazebo-11/plugins:/opt/ros/humble/opt/rviz_ogre_vendor/lib:/opt/ros/humble/lib/x86_64-linux-gnu:/opt/ros/humble/lib:/usr/lib/x86_64-linux-gnu/gazebo-11/plugins:/usr/lib/x86_64-linux-gnu/gazebo-11/plugins:/usr/lib/x86_64-linux-gnu/gazebo-11/plugins:/usr/lib/x86_64-linux-gnu/gazebo-11/plugins:/usr/lib/x86_64-linux-gnu/gazebo-11/plugins:/usr/lib/x86_64-linux-gnu/gazebo-11/plugins:/usr/lib/x86_64-linux-gnu/gazebo-11/plugins:/usr/lib/x86_64-linux-gnu/gazebo-11/plugins:/usr/lib/x86_64-linux-gnu/gazebo-11/plugins:/usr/lib/x86_64-linux-gnu/gazebo-11/plugins /usr/bin/cmake --build /home/user/cartographer_ws_docker/build/cartographer_rviz -- -j12 -l12
[15.897s] Invoking command in '/home/user/cartographer_ws_docker/build/cartographer_rviz': CMAKE_PREFIX_PATH=/home/user/cartographer_ws_docker/install/cartographer_ros:/home/user/cartographer_ws_docker/install/cartographer_ros_msgs:/home/user/cartographer_ws_docker/install/cartographer:/home/user/cartographer_ws_docker/install/cartographer_rviz:/opt/ros/humble LD_LIBRARY_PATH=/home/user/cartographer_ws_docker/install/cartographer_ros_msgs/lib:/home/user/cartographer_ws_docker/install/cartographer_rviz/lib:/home/user/cartographer_ws_docker/install/cartographer_ros/lib:/usr/lib/x86_64-linux-gnu/gazebo-11/plugins:/opt/ros/humble/opt/rviz_ogre_vendor/lib:/opt/ros/humble/lib/x86_64-linux-gnu:/opt/ros/humble/lib:/usr/lib/x86_64-linux-gnu/gazebo-11/plugins:/usr/lib/x86_64-linux-gnu/gazebo-11/plugins:/usr/lib/x86_64-linux-gnu/gazebo-11/plugins:/usr/lib/x86_64-linux-gnu/gazebo-11/plugins:/usr/lib/x86_64-linux-gnu/gazebo-11/plugins:/usr/lib/x86_64-linux-gnu/gazebo-11/plugins:/usr/lib/x86_64-linux-gnu/gazebo-11/plugins:/usr/lib/x86_64-linux-gnu/gazebo-11/plugins:/usr/lib/x86_64-linux-gnu/gazebo-11/plugins:/usr/lib/x86_64-linux-gnu/gazebo-11/plugins /usr/bin/cmake --install /home/user/cartographer_ws_docker/build/cartographer_rviz
[15.901s] -- Install configuration: "Release"
[15.901s] -- Execute custom install script
[15.902s] -- Symlinking: /home/user/cartographer_ws_docker/install/cartographer_rviz/share/cartographer_rviz//rviz_plugin_description.xml
[15.907s] -- Symlinking: /home/user/cartographer_ws_docker/install/cartographer_rviz/include//cartographer_rviz/drawable_submap.h
[15.912s] -- Symlinking: /home/user/cartographer_ws_docker/install/cartographer_rviz/include//cartographer_rviz/ogre_slice.h
[15.916s] -- Symlinking: /home/user/cartographer_ws_docker/install/cartographer_rviz/include//cartographer_rviz/submaps_display.h
[15.921s] -- Symlinking: /home/user/cartographer_ws_docker/install/cartographer_rviz/share/cartographer_rviz/environment/library_path.sh
[15.926s] -- Symlinking: /home/user/cartographer_ws_docker/install/cartographer_rviz/share/cartographer_rviz/environment/library_path.dsv
[15.931s] -- Symlinking: /home/user/cartographer_ws_docker/install/cartographer_rviz/share/ament_index/resource_index/package_run_dependencies/cartographer_rviz
[15.936s] -- Symlinking: /home/user/cartographer_ws_docker/install/cartographer_rviz/share/ament_index/resource_index/parent_prefix_path/cartographer_rviz
[15.941s] -- Symlinking: /home/user/cartographer_ws_docker/install/cartographer_rviz/share/cartographer_rviz/environment/ament_prefix_path.sh
[15.946s] -- Symlinking: /home/user/cartographer_ws_docker/install/cartographer_rviz/share/cartographer_rviz/environment/ament_prefix_path.dsv
[15.950s] -- Symlinking: /home/user/cartographer_ws_docker/install/cartographer_rviz/share/cartographer_rviz/environment/path.sh
[15.956s] -- Symlinking: /home/user/cartographer_ws_docker/install/cartographer_rviz/share/cartographer_rviz/environment/path.dsv
[15.960s] -- Symlinking: /home/user/cartographer_ws_docker/install/cartographer_rviz/share/cartographer_rviz/local_setup.bash
[15.965s] -- Symlinking: /home/user/cartographer_ws_docker/install/cartographer_rviz/share/cartographer_rviz/local_setup.sh
[15.970s] -- Symlinking: /home/user/cartographer_ws_docker/install/cartographer_rviz/share/cartographer_rviz/local_setup.zsh
[15.975s] -- Symlinking: /home/user/cartographer_ws_docker/install/cartographer_rviz/share/cartographer_rviz/local_setup.dsv
[15.979s] -- Symlinking: /home/user/cartographer_ws_docker/install/cartographer_rviz/share/cartographer_rviz/package.dsv
[15.984s] -- Symlinking: /home/user/cartographer_ws_docker/install/cartographer_rviz/share/ament_index/resource_index/packages/cartographer_rviz
[15.990s] -- Symlinking: /home/user/cartographer_ws_docker/install/cartographer_rviz/share/ament_index/resource_index/rviz_common__pluginlib__plugin/cartographer_rviz
[15.996s] -- Symlinking: /home/user/cartographer_ws_docker/install/cartographer_rviz/share/ament_index/resource_index/rviz_ogre_media_exports/cartographer_rviz
[16.001s] -- Symlinking: /home/user/cartographer_ws_docker/install/cartographer_rviz/share/cartographer_rviz/cmake/ament_cmake_export_include_directories-extras.cmake
[16.006s] -- Symlinking: /home/user/cartographer_ws_docker/install/cartographer_rviz/share/cartographer_rviz/cmake/ament_cmake_export_targets-extras.cmake
[16.010s] -- Symlinking: /home/user/cartographer_ws_docker/install/cartographer_rviz/share/cartographer_rviz/cmake/ament_cmake_export_dependencies-extras.cmake
[16.015s] -- Symlinking: /home/user/cartographer_ws_docker/install/cartographer_rviz/share/cartographer_rviz/cmake/cartographer_rvizConfig.cmake
[16.020s] -- Symlinking: /home/user/cartographer_ws_docker/install/cartographer_rviz/share/cartographer_rviz/cmake/cartographer_rvizConfig-version.cmake
[16.025s] -- Symlinking: /home/user/cartographer_ws_docker/install/cartographer_rviz/share/cartographer_rviz/package.xml
[16.029s] -- Installing: /home/user/cartographer_ws_docker/install/cartographer_rviz/lib/libcartographer_rviz.so
[16.033s] -- Set runtime path of "/home/user/cartographer_ws_docker/install/cartographer_rviz/lib/libcartographer_rviz.so" to ""
[16.033s] -- Installing: /home/user/cartographer_ws_docker/install/cartographer_rviz/share/cartographer_rviz/ogre_media/materials/glsl120
[16.034s] -- Installing: /home/user/cartographer_ws_docker/install/cartographer_rviz/share/cartographer_rviz/ogre_media/materials/glsl120/submap.vert
[16.034s] -- Installing: /home/user/cartographer_ws_docker/install/cartographer_rviz/share/cartographer_rviz/ogre_media/materials/glsl120/glsl120.program
[16.034s] -- Installing: /home/user/cartographer_ws_docker/install/cartographer_rviz/share/cartographer_rviz/ogre_media/materials/glsl120/submap.frag
[16.034s] -- Installing: /home/user/cartographer_ws_docker/install/cartographer_rviz/share/cartographer_rviz/ogre_media/materials/scripts
[16.034s] -- Installing: /home/user/cartographer_ws_docker/install/cartographer_rviz/share/cartographer_rviz/ogre_media/materials/scripts/submap.material
[16.035s] -- Installing: /home/user/cartographer_ws_docker/install/cartographer_rviz/share/cartographer_rviz/cmake/cartographer_rvizExport.cmake
[16.035s] -- Installing: /home/user/cartographer_ws_docker/install/cartographer_rviz/share/cartographer_rviz/cmake/cartographer_rvizExport-release.cmake
[16.037s] Invoked command in '/home/user/cartographer_ws_docker/build/cartographer_rviz' returned '0': CMAKE_PREFIX_PATH=/home/user/cartographer_ws_docker/install/cartographer_ros:/home/user/cartographer_ws_docker/install/cartographer_ros_msgs:/home/user/cartographer_ws_docker/install/cartographer:/home/user/cartographer_ws_docker/install/cartographer_rviz:/opt/ros/humble LD_LIBRARY_PATH=/home/user/cartographer_ws_docker/install/cartographer_ros_msgs/lib:/home/user/cartographer_ws_docker/install/cartographer_rviz/lib:/home/user/cartographer_ws_docker/install/cartographer_ros/lib:/usr/lib/x86_64-linux-gnu/gazebo-11/plugins:/opt/ros/humble/opt/rviz_ogre_vendor/lib:/opt/ros/humble/lib/x86_64-linux-gnu:/opt/ros/humble/lib:/usr/lib/x86_64-linux-gnu/gazebo-11/plugins:/usr/lib/x86_64-linux-gnu/gazebo-11/plugins:/usr/lib/x86_64-linux-gnu/gazebo-11/plugins:/usr/lib/x86_64-linux-gnu/gazebo-11/plugins:/usr/lib/x86_64-linux-gnu/gazebo-11/plugins:/usr/lib/x86_64-linux-gnu/gazebo-11/plugins:/usr/lib/x86_64-linux-gnu/gazebo-11/plugins:/usr/lib/x86_64-linux-gnu/gazebo-11/plugins:/usr/lib/x86_64-linux-gnu/gazebo-11/plugins:/usr/lib/x86_64-linux-gnu/gazebo-11/plugins /usr/bin/cmake --install /home/user/cartographer_ws_docker/build/cartographer_rviz
