[0.005s] Invoking command in '/home/user/cartographer_ws_docker/build/cartographer_rviz': AMENT_PREFIX_PATH=/home/user/cartographer_ws_docker/install/cartographer_ros:/home/user/cartographer_ws_docker/install/cartographer_ros_msgs:${AMENT_PREFIX_PATH} CMAKE_PREFIX_PATH=/home/user/cartographer_ws_docker/install/cartographer_ros:/home/user/cartographer_ws_docker/install/cartographer_ros_msgs:/home/user/cartographer_ws_docker/install/cartographer:/home/user/doly_ws/install/turtlebot3_multi_robot:/opt/ros/humble LD_LIBRARY_PATH=/home/user/cartographer_ws_docker/install/cartographer_ros/lib:/home/user/cartographer_ws_docker/install/cartographer_ros_msgs/lib:/usr/lib/x86_64-linux-gnu/gazebo-11/plugins:/opt/ros/humble/opt/rviz_ogre_vendor/lib:/opt/ros/humble/lib/x86_64-linux-gnu:/opt/ros/humble/lib:/home/user/openpose/build/src/openpose:/usr/local/cuda/lib64:/usr/lib/x86_64-linux-gnu/gazebo-11/plugins PATH=/home/user/cartographer_ws_docker/install/cartographer/bin:${PATH} PKG_CONFIG_PATH=/home/user/cartographer_ws_docker/install/cartographer/lib/x86_64-linux-gnu/pkgconfig:/home/user/cartographer_ws_docker/install/cartographer/lib/pkgconfig PYTHONPATH=/home/user/cartographer_ws_docker/install/cartographer_ros_msgs/local/lib/python3.10/dist-packages:${PYTHONPATH} /usr/bin/cmake /home/user/cartographer_ws_docker/src/cartographer_ros/cartographer_rviz -DAMENT_CMAKE_SYMLINK_INSTALL=1 -DCMAKE_INSTALL_PREFIX=/home/user/cartographer_ws_docker/install/cartographer_rviz
[0.029s] -- The C compiler identification is GNU 11.4.0
[0.054s] -- The CXX compiler identification is GNU 11.4.0
[0.058s] -- Detecting C compiler ABI info
[0.089s] -- Detecting C compiler ABI info - done
[0.092s] -- Check for working C compiler: /usr/bin/cc - skipped
[0.092s] -- Detecting C compile features
[0.093s] -- Detecting C compile features - done
[0.094s] -- Detecting CXX compiler ABI info
[0.130s] -- Detecting CXX compiler ABI info - done
[0.134s] -- Check for working CXX compiler: /usr/bin/c++ - skipped
[0.134s] -- Detecting CXX compile features
[0.134s] -- Detecting CXX compile features - done
[0.135s] -- Found ament_cmake: 1.3.9 (/opt/ros/humble/share/ament_cmake/cmake)
[0.206s] -- Found Python3: /usr/bin/python3 (found version "3.10.12") found components: Interpreter 
[0.234s] -- Override CMake install command with custom implementation using symlinks instead of copying resources
[0.248s] -- Looking for pthread.h
[0.282s] -- Looking for pthread.h - found
[0.282s] -- Performing Test CMAKE_HAVE_LIBC_PTHREAD
[0.315s] -- Performing Test CMAKE_HAVE_LIBC_PTHREAD - Success
[0.316s] -- Found Threads: TRUE  
[0.319s] -- Found required Ceres dependency: Eigen version 3.4.0 in /usr/include/eigen3
[0.321s] -- Found required Ceres dependency: glog
[0.322s] -- Found required Ceres dependency: gflags
[0.322s] -- Found Ceres version: 2.0.0 installed in: /usr with components: [EigenSparse, SparseLinearAlgebraLibrary, LAPACK, SuiteSparse, CXSparse, SchurSpecializations, Multithreading]
[0.326s] -- Build type: Release
[0.328s] ファイル /home/user/cartographer_ws_docker/build/cartographer_rviz/AllFiles.cmake と - は異なります
[0.334s] -- Found Boost: /usr/lib/x86_64-linux-gnu/cmake/Boost-1.74.0/BoostConfig.cmake (found version "1.74.0") found components: iostreams 
[0.335s] -- Found cartographer_ros: 2.0.9003 (/home/user/cartographer_ws_docker/install/cartographer_ros/share/cartographer_ros/cmake)
[0.353s] -- Found rosidl_generator_c: 3.1.5 (/opt/ros/humble/share/rosidl_generator_c/cmake)
[0.355s] -- Found rosidl_adapter: 3.1.5 (/opt/ros/humble/share/rosidl_adapter/cmake)
[0.359s] -- Found rosidl_generator_cpp: 3.1.5 (/opt/ros/humble/share/rosidl_generator_cpp/cmake)
[0.366s] -- Using all available rosidl_typesupport_c: rosidl_typesupport_fastrtps_c;rosidl_typesupport_introspection_c
[0.375s] -- Using all available rosidl_typesupport_cpp: rosidl_typesupport_fastrtps_cpp;rosidl_typesupport_introspection_cpp
[0.564s] -- Found rmw_implementation_cmake: 6.1.2 (/opt/ros/humble/share/rmw_implementation_cmake/cmake)
[0.566s] -- Found rmw_fastrtps_cpp: 6.2.6 (/opt/ros/humble/share/rmw_fastrtps_cpp/cmake)
[0.611s] -- Found OpenSSL: /usr/lib/x86_64-linux-gnu/libcrypto.so (found version "3.0.2")  
[0.624s] -- Found FastRTPS: /opt/ros/humble/include  
[0.646s] -- Using RMW implementation 'rmw_fastrtps_cpp' as default
[1.211s] -- Found rviz_common: 11.2.12 (/opt/ros/humble/share/rviz_common/cmake)
[1.230s] -- Setting OGRE_DIR to: '/opt/ros/humble/share/rviz_ogre_vendor/cmake/../../../opt/rviz_ogre_vendor/lib/OGRE/cmake'
[1.231s] -- Found OGRE
[1.231s] --   static     : OFF
[1.231s] --   components : HLMS;MeshLodGenerator;Overlay;Paging;Property;RTShaderSystem;Terrain;Volume
[1.231s] --   plugins    : Plugin_BSPSceneManager;Plugin_OctreeSceneManager;Plugin_PCZSceneManager;Plugin_ParticleFX;RenderSystem_GL;RenderSystem_GL3Plus;Codec_STBI
[1.231s] --   media      : /opt/ros/humble/opt/rviz_ogre_vendor/share/OGRE/Media
[1.232s] -- OGRE_LIBRARIES: OgreHLMS;OgreMeshLodGenerator;OgreOverlay;OgrePaging;OgreProperty;OgreRTShaderSystem;OgreTerrain;OgreVolume;OgreMain
[1.232s] -- OGRE_LIBRARY_DIRS: /opt/ros/humble/opt/rviz_ogre_vendor/lib
[1.232s] -- OGRE_PLUGINS: Plugin_BSPSceneManager;Plugin_OctreeSceneManager;Plugin_PCZSceneManager;Plugin_ParticleFX;RenderSystem_GL;RenderSystem_GL3Plus;Codec_STBI
[1.232s] -- OGRE_PLUGIN_DIR: /opt/ros/humble/opt/rviz_ogre_vendor/lib/OGRE
[1.232s] -- rviz_ogre_vendor::OgreOverlay for IMPORTED_LOCATION_RELEASE: /opt/ros/humble/opt/rviz_ogre_vendor/lib/libOgreOverlay.so
[1.232s] -- rviz_ogre_vendor::OgreOverlay for IMPORTED_LOCATION_DEBUG: /opt/ros/humble/opt/rviz_ogre_vendor/lib/libOgreOverlay.so
[1.232s] -- rviz_ogre_vendor::OgreMain for IMPORTED_LOCATION_RELEASE: /opt/ros/humble/opt/rviz_ogre_vendor/lib/libOgreMain.so
[1.232s] -- rviz_ogre_vendor::OgreMain for IMPORTED_LOCATION_DEBUG: /opt/ros/humble/opt/rviz_ogre_vendor/lib/libOgreMain.so
[1.240s] -- Found ZLIB: /usr/lib/x86_64-linux-gnu/libz.so (found version "1.2.11") 
[1.242s] -- Found OpenGL: /usr/lib/x86_64-linux-gnu/libOpenGL.so   
[1.281s] -- Found X11: /usr/include   
[1.282s] -- Looking for XOpenDisplay in /usr/lib/x86_64-linux-gnu/libX11.so;/usr/lib/x86_64-linux-gnu/libXext.so
[1.317s] -- Looking for XOpenDisplay in /usr/lib/x86_64-linux-gnu/libX11.so;/usr/lib/x86_64-linux-gnu/libXext.so - found
[1.317s] -- Looking for gethostbyname
[1.349s] -- Looking for gethostbyname - found
[1.349s] -- Looking for connect
[1.382s] -- Looking for connect - found
[1.382s] -- Looking for remove
[1.414s] -- Looking for remove - found
[1.414s] -- Looking for shmat
[1.447s] -- Looking for shmat - found
[1.447s] -- Looking for IceConnectionNumber in ICE
[1.480s] -- Looking for IceConnectionNumber in ICE - found
[1.481s] -- rviz_ogre_vendor::RenderSystem_GL for IMPORTED_LOCATION_RELEASE: _render_system_gl_static_library_abs-NOTFOUND
[1.481s] -- rviz_ogre_vendor::RenderSystem_GL for IMPORTED_LOCATION_DEBUG: _render_system_gl_static_library_abs-NOTFOUND
[1.516s] -- library: /usr/lib/x86_64-linux-gnu/libcurl.so
[1.539s] -- Found Eigen3: TRUE (found version "3.4.0") 
[1.539s] -- Ensuring Eigen3 include directory is part of orocos-kdl CMake target
[1.818s] -- Deploy OGRE media
[1.819s] -- Configuring done
[1.851s] -- Generating done
[1.852s] -- Build files have been written to: /home/user/cartographer_ws_docker/build/cartographer_rviz
[1.859s] Invoked command in '/home/user/cartographer_ws_docker/build/cartographer_rviz' returned '0': AMENT_PREFIX_PATH=/home/user/cartographer_ws_docker/install/cartographer_ros:/home/user/cartographer_ws_docker/install/cartographer_ros_msgs:${AMENT_PREFIX_PATH} CMAKE_PREFIX_PATH=/home/user/cartographer_ws_docker/install/cartographer_ros:/home/user/cartographer_ws_docker/install/cartographer_ros_msgs:/home/user/cartographer_ws_docker/install/cartographer:/home/user/doly_ws/install/turtlebot3_multi_robot:/opt/ros/humble LD_LIBRARY_PATH=/home/user/cartographer_ws_docker/install/cartographer_ros/lib:/home/user/cartographer_ws_docker/install/cartographer_ros_msgs/lib:/usr/lib/x86_64-linux-gnu/gazebo-11/plugins:/opt/ros/humble/opt/rviz_ogre_vendor/lib:/opt/ros/humble/lib/x86_64-linux-gnu:/opt/ros/humble/lib:/home/user/openpose/build/src/openpose:/usr/local/cuda/lib64:/usr/lib/x86_64-linux-gnu/gazebo-11/plugins PATH=/home/user/cartographer_ws_docker/install/cartographer/bin:${PATH} PKG_CONFIG_PATH=/home/user/cartographer_ws_docker/install/cartographer/lib/x86_64-linux-gnu/pkgconfig:/home/user/cartographer_ws_docker/install/cartographer/lib/pkgconfig PYTHONPATH=/home/user/cartographer_ws_docker/install/cartographer_ros_msgs/local/lib/python3.10/dist-packages:${PYTHONPATH} /usr/bin/cmake /home/user/cartographer_ws_docker/src/cartographer_ros/cartographer_rviz -DAMENT_CMAKE_SYMLINK_INSTALL=1 -DCMAKE_INSTALL_PREFIX=/home/user/cartographer_ws_docker/install/cartographer_rviz
[1.860s] Invoking command in '/home/user/cartographer_ws_docker/build/cartographer_rviz': AMENT_PREFIX_PATH=/home/user/cartographer_ws_docker/install/cartographer_ros:/home/user/cartographer_ws_docker/install/cartographer_ros_msgs:${AMENT_PREFIX_PATH} CMAKE_PREFIX_PATH=/home/user/cartographer_ws_docker/install/cartographer_ros:/home/user/cartographer_ws_docker/install/cartographer_ros_msgs:/home/user/cartographer_ws_docker/install/cartographer:/home/user/doly_ws/install/turtlebot3_multi_robot:/opt/ros/humble LD_LIBRARY_PATH=/home/user/cartographer_ws_docker/install/cartographer_ros/lib:/home/user/cartographer_ws_docker/install/cartographer_ros_msgs/lib:/usr/lib/x86_64-linux-gnu/gazebo-11/plugins:/opt/ros/humble/opt/rviz_ogre_vendor/lib:/opt/ros/humble/lib/x86_64-linux-gnu:/opt/ros/humble/lib:/home/user/openpose/build/src/openpose:/usr/local/cuda/lib64:/usr/lib/x86_64-linux-gnu/gazebo-11/plugins PATH=/home/user/cartographer_ws_docker/install/cartographer/bin:${PATH} PKG_CONFIG_PATH=/home/user/cartographer_ws_docker/install/cartographer/lib/x86_64-linux-gnu/pkgconfig:/home/user/cartographer_ws_docker/install/cartographer/lib/pkgconfig PYTHONPATH=/home/user/cartographer_ws_docker/install/cartographer_ros_msgs/local/lib/python3.10/dist-packages:${PYTHONPATH} /usr/bin/cmake --build /home/user/cartographer_ws_docker/build/cartographer_rviz -- -j24 -l24
[1.885s] [ 16%] [34m[1mAutomatic MOC for target cartographer_rviz[0m
[1.887s] [ 16%] Built target cartographer_rviz_detect_changes
[3.006s] [ 16%] Built target cartographer_rviz_autogen
[3.016s] [ 33%] [32mBuilding CXX object CMakeFiles/cartographer_rviz.dir/cartographer_rviz_autogen/mocs_compilation.cpp.o[0m
[3.017s] [ 50%] [32mBuilding CXX object CMakeFiles/cartographer_rviz.dir/src/ogre_slice.cpp.o[0m
[3.017s] [ 83%] [32mBuilding CXX object CMakeFiles/cartographer_rviz.dir/src/submaps_display.cpp.o[0m
[3.017s] [ 83%] [32mBuilding CXX object CMakeFiles/cartographer_rviz.dir/src/drawable_submap.cpp.o[0m
[12.396s] [100%] [32m[1mLinking CXX shared library libcartographer_rviz.so[0m
[12.938s] [100%] Built target cartographer_rviz
[12.947s] Invoked command in '/home/user/cartographer_ws_docker/build/cartographer_rviz' returned '0': AMENT_PREFIX_PATH=/home/user/cartographer_ws_docker/install/cartographer_ros:/home/user/cartographer_ws_docker/install/cartographer_ros_msgs:${AMENT_PREFIX_PATH} CMAKE_PREFIX_PATH=/home/user/cartographer_ws_docker/install/cartographer_ros:/home/user/cartographer_ws_docker/install/cartographer_ros_msgs:/home/user/cartographer_ws_docker/install/cartographer:/home/user/doly_ws/install/turtlebot3_multi_robot:/opt/ros/humble LD_LIBRARY_PATH=/home/user/cartographer_ws_docker/install/cartographer_ros/lib:/home/user/cartographer_ws_docker/install/cartographer_ros_msgs/lib:/usr/lib/x86_64-linux-gnu/gazebo-11/plugins:/opt/ros/humble/opt/rviz_ogre_vendor/lib:/opt/ros/humble/lib/x86_64-linux-gnu:/opt/ros/humble/lib:/home/user/openpose/build/src/openpose:/usr/local/cuda/lib64:/usr/lib/x86_64-linux-gnu/gazebo-11/plugins PATH=/home/user/cartographer_ws_docker/install/cartographer/bin:${PATH} PKG_CONFIG_PATH=/home/user/cartographer_ws_docker/install/cartographer/lib/x86_64-linux-gnu/pkgconfig:/home/user/cartographer_ws_docker/install/cartographer/lib/pkgconfig PYTHONPATH=/home/user/cartographer_ws_docker/install/cartographer_ros_msgs/local/lib/python3.10/dist-packages:${PYTHONPATH} /usr/bin/cmake --build /home/user/cartographer_ws_docker/build/cartographer_rviz -- -j24 -l24
[12.962s] Invoking command in '/home/user/cartographer_ws_docker/build/cartographer_rviz': AMENT_PREFIX_PATH=/home/user/cartographer_ws_docker/install/cartographer_ros:/home/user/cartographer_ws_docker/install/cartographer_ros_msgs:${AMENT_PREFIX_PATH} CMAKE_PREFIX_PATH=/home/user/cartographer_ws_docker/install/cartographer_ros:/home/user/cartographer_ws_docker/install/cartographer_ros_msgs:/home/user/cartographer_ws_docker/install/cartographer:/home/user/doly_ws/install/turtlebot3_multi_robot:/opt/ros/humble LD_LIBRARY_PATH=/home/user/cartographer_ws_docker/install/cartographer_ros/lib:/home/user/cartographer_ws_docker/install/cartographer_ros_msgs/lib:/usr/lib/x86_64-linux-gnu/gazebo-11/plugins:/opt/ros/humble/opt/rviz_ogre_vendor/lib:/opt/ros/humble/lib/x86_64-linux-gnu:/opt/ros/humble/lib:/home/user/openpose/build/src/openpose:/usr/local/cuda/lib64:/usr/lib/x86_64-linux-gnu/gazebo-11/plugins PATH=/home/user/cartographer_ws_docker/install/cartographer/bin:${PATH} PKG_CONFIG_PATH=/home/user/cartographer_ws_docker/install/cartographer/lib/x86_64-linux-gnu/pkgconfig:/home/user/cartographer_ws_docker/install/cartographer/lib/pkgconfig PYTHONPATH=/home/user/cartographer_ws_docker/install/cartographer_ros_msgs/local/lib/python3.10/dist-packages:${PYTHONPATH} /usr/bin/cmake --install /home/user/cartographer_ws_docker/build/cartographer_rviz
[12.966s] -- Install configuration: "Release"
[12.966s] -- Execute custom install script
[12.966s] -- Symlinking: /home/user/cartographer_ws_docker/install/cartographer_rviz/share/cartographer_rviz//rviz_plugin_description.xml
[12.970s] -- Symlinking: /home/user/cartographer_ws_docker/install/cartographer_rviz/include//cartographer_rviz/drawable_submap.h
[12.974s] -- Symlinking: /home/user/cartographer_ws_docker/install/cartographer_rviz/include//cartographer_rviz/ogre_slice.h
[12.977s] -- Symlinking: /home/user/cartographer_ws_docker/install/cartographer_rviz/include//cartographer_rviz/submaps_display.h
[12.981s] -- Symlinking: /home/user/cartographer_ws_docker/install/cartographer_rviz/share/cartographer_rviz/environment/library_path.sh
[12.985s] -- Symlinking: /home/user/cartographer_ws_docker/install/cartographer_rviz/share/cartographer_rviz/environment/library_path.dsv
[12.989s] -- Symlinking: /home/user/cartographer_ws_docker/install/cartographer_rviz/share/ament_index/resource_index/package_run_dependencies/cartographer_rviz
[12.992s] -- Symlinking: /home/user/cartographer_ws_docker/install/cartographer_rviz/share/ament_index/resource_index/parent_prefix_path/cartographer_rviz
[12.996s] -- Symlinking: /home/user/cartographer_ws_docker/install/cartographer_rviz/share/cartographer_rviz/environment/ament_prefix_path.sh
[12.999s] -- Symlinking: /home/user/cartographer_ws_docker/install/cartographer_rviz/share/cartographer_rviz/environment/ament_prefix_path.dsv
[13.003s] -- Symlinking: /home/user/cartographer_ws_docker/install/cartographer_rviz/share/cartographer_rviz/environment/path.sh
[13.007s] -- Symlinking: /home/user/cartographer_ws_docker/install/cartographer_rviz/share/cartographer_rviz/environment/path.dsv
[13.011s] -- Symlinking: /home/user/cartographer_ws_docker/install/cartographer_rviz/share/cartographer_rviz/local_setup.bash
[13.014s] -- Symlinking: /home/user/cartographer_ws_docker/install/cartographer_rviz/share/cartographer_rviz/local_setup.sh
[13.018s] -- Symlinking: /home/user/cartographer_ws_docker/install/cartographer_rviz/share/cartographer_rviz/local_setup.zsh
[13.021s] -- Symlinking: /home/user/cartographer_ws_docker/install/cartographer_rviz/share/cartographer_rviz/local_setup.dsv
[13.025s] -- Symlinking: /home/user/cartographer_ws_docker/install/cartographer_rviz/share/cartographer_rviz/package.dsv
[13.029s] -- Symlinking: /home/user/cartographer_ws_docker/install/cartographer_rviz/share/ament_index/resource_index/packages/cartographer_rviz
[13.033s] -- Symlinking: /home/user/cartographer_ws_docker/install/cartographer_rviz/share/ament_index/resource_index/rviz_common__pluginlib__plugin/cartographer_rviz
[13.037s] -- Symlinking: /home/user/cartographer_ws_docker/install/cartographer_rviz/share/ament_index/resource_index/rviz_ogre_media_exports/cartographer_rviz
[13.040s] -- Symlinking: /home/user/cartographer_ws_docker/install/cartographer_rviz/share/cartographer_rviz/cmake/ament_cmake_export_include_directories-extras.cmake
[13.044s] -- Symlinking: /home/user/cartographer_ws_docker/install/cartographer_rviz/share/cartographer_rviz/cmake/ament_cmake_export_targets-extras.cmake
[13.047s] -- Symlinking: /home/user/cartographer_ws_docker/install/cartographer_rviz/share/cartographer_rviz/cmake/ament_cmake_export_dependencies-extras.cmake
[13.051s] -- Symlinking: /home/user/cartographer_ws_docker/install/cartographer_rviz/share/cartographer_rviz/cmake/cartographer_rvizConfig.cmake
[13.054s] -- Symlinking: /home/user/cartographer_ws_docker/install/cartographer_rviz/share/cartographer_rviz/cmake/cartographer_rvizConfig-version.cmake
[13.058s] -- Symlinking: /home/user/cartographer_ws_docker/install/cartographer_rviz/share/cartographer_rviz/package.xml
[13.061s] -- Installing: /home/user/cartographer_ws_docker/install/cartographer_rviz/lib/libcartographer_rviz.so
[13.064s] -- Set runtime path of "/home/user/cartographer_ws_docker/install/cartographer_rviz/lib/libcartographer_rviz.so" to ""
[13.064s] -- Installing: /home/user/cartographer_ws_docker/install/cartographer_rviz/share/cartographer_rviz/ogre_media/materials/glsl120
[13.064s] -- Installing: /home/user/cartographer_ws_docker/install/cartographer_rviz/share/cartographer_rviz/ogre_media/materials/glsl120/submap.frag
[13.072s] -- Installing: /home/user/cartographer_ws_docker/install/cartographer_rviz/share/cartographer_rviz/ogre_media/materials/glsl120/submap.vert
[13.072s] -- Installing: /home/user/cartographer_ws_docker/install/cartographer_rviz/share/cartographer_rviz/ogre_media/materials/glsl120/glsl120.program
[13.072s] -- Installing: /home/user/cartographer_ws_docker/install/cartographer_rviz/share/cartographer_rviz/ogre_media/materials/scripts
[13.072s] -- Installing: /home/user/cartographer_ws_docker/install/cartographer_rviz/share/cartographer_rviz/ogre_media/materials/scripts/submap.material
[13.072s] -- Installing: /home/user/cartographer_ws_docker/install/cartographer_rviz/share/cartographer_rviz/cmake/cartographer_rvizExport.cmake
[13.072s] -- Installing: /home/user/cartographer_ws_docker/install/cartographer_rviz/share/cartographer_rviz/cmake/cartographer_rvizExport-release.cmake
[13.073s] Invoked command in '/home/user/cartographer_ws_docker/build/cartographer_rviz' returned '0': AMENT_PREFIX_PATH=/home/user/cartographer_ws_docker/install/cartographer_ros:/home/user/cartographer_ws_docker/install/cartographer_ros_msgs:${AMENT_PREFIX_PATH} CMAKE_PREFIX_PATH=/home/user/cartographer_ws_docker/install/cartographer_ros:/home/user/cartographer_ws_docker/install/cartographer_ros_msgs:/home/user/cartographer_ws_docker/install/cartographer:/home/user/doly_ws/install/turtlebot3_multi_robot:/opt/ros/humble LD_LIBRARY_PATH=/home/user/cartographer_ws_docker/install/cartographer_ros/lib:/home/user/cartographer_ws_docker/install/cartographer_ros_msgs/lib:/usr/lib/x86_64-linux-gnu/gazebo-11/plugins:/opt/ros/humble/opt/rviz_ogre_vendor/lib:/opt/ros/humble/lib/x86_64-linux-gnu:/opt/ros/humble/lib:/home/user/openpose/build/src/openpose:/usr/local/cuda/lib64:/usr/lib/x86_64-linux-gnu/gazebo-11/plugins PATH=/home/user/cartographer_ws_docker/install/cartographer/bin:${PATH} PKG_CONFIG_PATH=/home/user/cartographer_ws_docker/install/cartographer/lib/x86_64-linux-gnu/pkgconfig:/home/user/cartographer_ws_docker/install/cartographer/lib/pkgconfig PYTHONPATH=/home/user/cartographer_ws_docker/install/cartographer_ros_msgs/local/lib/python3.10/dist-packages:${PYTHONPATH} /usr/bin/cmake --install /home/user/cartographer_ws_docker/build/cartographer_rviz
