[0.006s] Invoking command in '/home/user/cartographer_ws_docker/build/cartographer_ros': CMAKE_PREFIX_PATH=/home/user/cartographer_ws_docker/install/cartographer_ros_msgs:/home/user/cartographer_ws_docker/install/cartographer:/home/user/cartographer_ws_docker/install/cartographer_rviz:/home/user/cartographer_ws_docker/install/cartographer_ros:/home/user/doly_ws/install/turtlebot3_multi_robot:/opt/ros/humble LD_LIBRARY_PATH=/home/user/cartographer_ws_docker/install/cartographer_ros_msgs/lib:/home/user/cartographer_ws_docker/install/cartographer_rviz/lib:/home/user/cartographer_ws_docker/install/cartographer_ros/lib:/usr/lib/x86_64-linux-gnu/gazebo-11/plugins:/opt/ros/humble/opt/rviz_ogre_vendor/lib:/opt/ros/humble/lib/x86_64-linux-gnu:/opt/ros/humble/lib:/home/user/openpose/build/src/openpose:/usr/local/cuda/lib64:/usr/lib/x86_64-linux-gnu/gazebo-11/plugins /usr/bin/cmake /home/user/cartographer_ws_docker/src/cartographer_ros/cartographer_ros -DAMENT_CMAKE_SYMLINK_INSTALL=1 -DCMAKE_INSTALL_PREFIX=/home/user/cartographer_ws_docker/install/cartographer_ros
[0.032s] -- The C compiler identification is GNU 11.4.0
[0.057s] -- The CXX compiler identification is GNU 11.4.0
[0.061s] -- Detecting C compiler ABI info
[0.094s] -- Detecting C compiler ABI info - done
[0.098s] -- Check for working C compiler: /usr/bin/cc - skipped
[0.098s] -- Detecting C compile features
[0.098s] -- Detecting C compile features - done
[0.100s] -- Detecting CXX compiler ABI info
[0.137s] -- Detecting CXX compiler ABI info - done
[0.143s] -- Check for working CXX compiler: /usr/bin/c++ - skipped
[0.143s] -- Detecting CXX compile features
[0.143s] -- Detecting CXX compile features - done
[0.148s] -- Found ament_cmake: 1.3.9 (/opt/ros/humble/share/ament_cmake/cmake)
[0.223s] -- Found Python3: /usr/bin/python3 (found version "3.10.12") found components: Interpreter 
[0.254s] -- Override CMake install command with custom implementation using symlinks instead of copying resources
[0.267s] -- Found builtin_interfaces: 1.2.1 (/opt/ros/humble/share/builtin_interfaces/cmake)
[0.286s] -- Found rosidl_generator_c: 3.1.5 (/opt/ros/humble/share/rosidl_generator_c/cmake)
[0.289s] -- Found rosidl_adapter: 3.1.5 (/opt/ros/humble/share/rosidl_adapter/cmake)
[0.293s] -- Found rosidl_generator_cpp: 3.1.5 (/opt/ros/humble/share/rosidl_generator_cpp/cmake)
[0.300s] -- Using all available rosidl_typesupport_c: rosidl_typesupport_fastrtps_c;rosidl_typesupport_introspection_c
[0.310s] -- Using all available rosidl_typesupport_cpp: rosidl_typesupport_fastrtps_cpp;rosidl_typesupport_introspection_cpp
[0.320s] -- Looking for pthread.h
[0.357s] -- Looking for pthread.h - found
[0.357s] -- Performing Test CMAKE_HAVE_LIBC_PTHREAD
[0.393s] -- Performing Test CMAKE_HAVE_LIBC_PTHREAD - Success
[0.393s] -- Found Threads: TRUE  
[0.398s] -- Found required Ceres dependency: Eigen version 3.4.0 in /usr/include/eigen3
[0.400s] -- Found required Ceres dependency: glog
[0.400s] -- Found required Ceres dependency: gflags
[0.401s] -- Found Ceres version: 2.0.0 installed in: /usr with components: [EigenSparse, SparseLinearAlgebraLibrary, LAPACK, SuiteSparse, CXSparse, SchurSpecializations, Multithreading]
[0.405s] -- Found cartographer_ros_msgs: 2.0.9003 (/home/user/cartographer_ws_docker/install/cartographer_ros_msgs/share/cartographer_ros_msgs/cmake)
[0.511s] -- Checking for module 'eigen3'
[0.516s] --   Found eigen3, version 3.4.0
[0.530s] -- Found Eigen: /usr/include/eigen3 (Required is at least version "3.1") 
[0.530s] -- Eigen found (include: /usr/include/eigen3, version: 3.4.0)
[0.542s] -- Found Boost: /usr/lib/x86_64-linux-gnu/cmake/Boost-1.74.0/BoostConfig.cmake (found suitable version "1.74.0", minimum required is "1.65.0") found components: system filesystem date_time iostreams serialization 
[0.543s] -- looking for PCL_COMMON
[0.543s] -- Found PCL_COMMON: /usr/lib/x86_64-linux-gnu/libpcl_common.so  
[0.543s] -- Found PCL: pcl_common;Boost::system;Boost::filesystem;Boost::date_time;Boost::iostreams;Boost::serialization  
[0.544s] -- Found nav_msgs: 4.2.4 (/opt/ros/humble/share/nav_msgs/cmake)
[0.586s] -- Found pcl_conversions: 2.4.0 (/opt/ros/humble/share/pcl_conversions/cmake)
[0.624s] -- Found rmw_implementation_cmake: 6.1.2 (/opt/ros/humble/share/rmw_implementation_cmake/cmake)
[0.626s] -- Found rmw_fastrtps_cpp: 6.2.6 (/opt/ros/humble/share/rmw_fastrtps_cpp/cmake)
[0.674s] -- Found OpenSSL: /usr/lib/x86_64-linux-gnu/libcrypto.so (found version "3.0.2")  
[0.687s] -- Found FastRTPS: /opt/ros/humble/include  
[0.710s] -- Using RMW implementation 'rmw_fastrtps_cpp' as default
[0.916s] -- Found rosbag2_cpp: 0.15.11 (/opt/ros/humble/share/rosbag2_cpp/cmake)
[0.942s] -- Found tf2: 0.25.7 (/opt/ros/humble/share/tf2/cmake)
[0.947s] -- Found tf2_eigen: 0.25.7 (/opt/ros/humble/share/tf2_eigen/cmake)
[1.122s] -- Found urdf: 2.6.0 (/opt/ros/humble/share/urdf/cmake)
[1.128s] -- Found visualization_msgs: 4.2.4 (/opt/ros/humble/share/visualization_msgs/cmake)
[1.606s] -- Configuring done
[1.671s] -- Generating done
[1.672s] -- Build files have been written to: /home/user/cartographer_ws_docker/build/cartographer_ros
[1.680s] Invoked command in '/home/user/cartographer_ws_docker/build/cartographer_ros' returned '0': CMAKE_PREFIX_PATH=/home/user/cartographer_ws_docker/install/cartographer_ros_msgs:/home/user/cartographer_ws_docker/install/cartographer:/home/user/cartographer_ws_docker/install/cartographer_rviz:/home/user/cartographer_ws_docker/install/cartographer_ros:/home/user/doly_ws/install/turtlebot3_multi_robot:/opt/ros/humble LD_LIBRARY_PATH=/home/user/cartographer_ws_docker/install/cartographer_ros_msgs/lib:/home/user/cartographer_ws_docker/install/cartographer_rviz/lib:/home/user/cartographer_ws_docker/install/cartographer_ros/lib:/usr/lib/x86_64-linux-gnu/gazebo-11/plugins:/opt/ros/humble/opt/rviz_ogre_vendor/lib:/opt/ros/humble/lib/x86_64-linux-gnu:/opt/ros/humble/lib:/home/user/openpose/build/src/openpose:/usr/local/cuda/lib64:/usr/lib/x86_64-linux-gnu/gazebo-11/plugins /usr/bin/cmake /home/user/cartographer_ws_docker/src/cartographer_ros/cartographer_ros -DAMENT_CMAKE_SYMLINK_INSTALL=1 -DCMAKE_INSTALL_PREFIX=/home/user/cartographer_ws_docker/install/cartographer_ros
[1.680s] Invoking command in '/home/user/cartographer_ws_docker/build/cartographer_ros': CMAKE_PREFIX_PATH=/home/user/cartographer_ws_docker/install/cartographer_ros_msgs:/home/user/cartographer_ws_docker/install/cartographer:/home/user/cartographer_ws_docker/install/cartographer_rviz:/home/user/cartographer_ws_docker/install/cartographer_ros:/home/user/doly_ws/install/turtlebot3_multi_robot:/opt/ros/humble LD_LIBRARY_PATH=/home/user/cartographer_ws_docker/install/cartographer_ros_msgs/lib:/home/user/cartographer_ws_docker/install/cartographer_rviz/lib:/home/user/cartographer_ws_docker/install/cartographer_ros/lib:/usr/lib/x86_64-linux-gnu/gazebo-11/plugins:/opt/ros/humble/opt/rviz_ogre_vendor/lib:/opt/ros/humble/lib/x86_64-linux-gnu:/opt/ros/humble/lib:/home/user/openpose/build/src/openpose:/usr/local/cuda/lib64:/usr/lib/x86_64-linux-gnu/gazebo-11/plugins /usr/bin/cmake --build /home/user/cartographer_ws_docker/build/cartographer_ros -- -j24 -l24
[1.707s] [  8%] [32mBuilding CXX object CMakeFiles/cartographer_ros.dir/src/msg_conversion.cpp.o[0m
[1.707s] [  8%] [32mBuilding CXX object CMakeFiles/cartographer_ros.dir/src/assets_writer.cpp.o[0m
[1.707s] [ 11%] [32mBuilding CXX object CMakeFiles/cartographer_ros.dir/src/offline_node.cpp.o[0m
[1.707s] [ 14%] [32mBuilding CXX object CMakeFiles/cartographer_ros.dir/src/node_constants.cpp.o[0m
[1.707s] [ 17%] [32mBuilding CXX object CMakeFiles/cartographer_ros.dir/src/playable_bag.cpp.o[0m
[1.707s] [ 17%] [32mBuilding CXX object CMakeFiles/cartographer_ros.dir/src/map_builder_bridge.cpp.o[0m
[1.707s] [ 22%] [32mBuilding CXX object CMakeFiles/cartographer_ros.dir/src/node.cpp.o[0m
[1.707s] [ 22%] [32mBuilding CXX object CMakeFiles/cartographer_ros.dir/src/node_options.cpp.o[0m
[1.709s] [ 28%] [32mBuilding CXX object CMakeFiles/cartographer_ros.dir/src/submap.cpp.o[0m
[1.709s] [ 42%] [32mBuilding CXX object CMakeFiles/cartographer_ros.dir/src/time_conversion.cpp.o[0m
[1.709s] [ 42%] [32mBuilding CXX object CMakeFiles/cartographer_ros.dir/src/tf_bridge.cpp.o[0m
[1.709s] [ 42%] [32mBuilding CXX object CMakeFiles/cartographer_ros.dir/src/ros_map.cpp.o[0m
[1.709s] [ 42%] [32mBuilding CXX object CMakeFiles/cartographer_ros.dir/src/ros_log_sink.cpp.o[0m
[1.710s] [ 42%] [32mBuilding CXX object CMakeFiles/cartographer_ros.dir/src/ros_map_writing_points_processor.cpp.o[0m
[1.710s] [ 42%] [32mBuilding CXX object CMakeFiles/cartographer_ros.dir/src/trajectory_options.cpp.o[0m
[1.710s] [ 45%] [32mBuilding CXX object CMakeFiles/cartographer_ros.dir/src/sensor_bridge.cpp.o[0m
[1.710s] [ 48%] [32mBuilding CXX object CMakeFiles/cartographer_ros.dir/src/urdf_reader.cpp.o[0m
[1.710s] [ 51%] [32mBuilding CXX object CMakeFiles/cartographer_ros.dir/src/metrics/family_factory.cpp.o[0m
[1.711s] [ 54%] [32mBuilding CXX object CMakeFiles/cartographer_ros.dir/src/metrics/internal/family.cpp.o[0m
[1.711s] [ 57%] [32mBuilding CXX object CMakeFiles/cartographer_ros.dir/src/metrics/internal/histogram.cpp.o[0m
[21.172s] [ 60%] [32m[1mLinking CXX static library libcartographer_ros.a[0m
[21.666s] [ 60%] Built target cartographer_ros
[21.677s] [ 68%] [32mBuilding CXX object CMakeFiles/cartographer_node.dir/src/node_main.cpp.o[0m
[21.677s] [ 71%] [32mBuilding CXX object CMakeFiles/cartographer_assets_writer.dir/src/assets_writer_main.cpp.o[0m
[21.677s] [ 68%] [32mBuilding CXX object CMakeFiles/cartographer_offline_node.dir/src/offline_node_main.cpp.o[0m
[21.677s] [ 77%] [32mBuilding CXX object CMakeFiles/cartographer_pbstream_to_ros_map.dir/src/pbstream_to_ros_map_main.cpp.o[0m
[21.677s] [ 77%] [32mBuilding CXX object CMakeFiles/cartographer_occupancy_grid_node.dir/src/occupancy_grid_node_main.cpp.o[0m
[21.678s] [ 77%] [32mBuilding CXX object CMakeFiles/cartographer_pbstream_map_publisher.dir/src/pbstream_map_publisher_main.cpp.o[0m
[21.678s] [ 80%] [32mBuilding CXX object CMakeFiles/cartographer_rosbag_validate.dir/src/rosbag_validate_main.cpp.o[0m
[24.908s] [ 82%] [32m[1mLinking CXX executable cartographer_offline_node[0m
[25.120s] [ 85%] [32m[1mLinking CXX executable cartographer_pbstream_to_ros_map[0m
[25.378s] [ 85%] Built target cartographer_pbstream_to_ros_map
[25.659s] [ 88%] [32m[1mLinking CXX executable cartographer_assets_writer[0m
[26.129s] [ 91%] [32m[1mLinking CXX executable cartographer_node[0m
[26.136s] [ 91%] Built target cartographer_assets_writer
[26.609s] [ 94%] [32m[1mLinking CXX executable cartographer_pbstream_map_publisher[0m
[26.986s] [ 94%] Built target cartographer_pbstream_map_publisher
[27.117s] [ 97%] [32m[1mLinking CXX executable cartographer_rosbag_validate[0m
[27.352s] [ 97%] Built target cartographer_rosbag_validate
[27.542s] [ 97%] Built target cartographer_offline_node
[28.047s] [ 97%] Built target cartographer_node
[28.768s] [100%] [32m[1mLinking CXX executable cartographer_occupancy_grid_node[0m
[29.218s] [100%] Built target cartographer_occupancy_grid_node
[29.228s] Invoked command in '/home/user/cartographer_ws_docker/build/cartographer_ros' returned '0': CMAKE_PREFIX_PATH=/home/user/cartographer_ws_docker/install/cartographer_ros_msgs:/home/user/cartographer_ws_docker/install/cartographer:/home/user/cartographer_ws_docker/install/cartographer_rviz:/home/user/cartographer_ws_docker/install/cartographer_ros:/home/user/doly_ws/install/turtlebot3_multi_robot:/opt/ros/humble LD_LIBRARY_PATH=/home/user/cartographer_ws_docker/install/cartographer_ros_msgs/lib:/home/user/cartographer_ws_docker/install/cartographer_rviz/lib:/home/user/cartographer_ws_docker/install/cartographer_ros/lib:/usr/lib/x86_64-linux-gnu/gazebo-11/plugins:/opt/ros/humble/opt/rviz_ogre_vendor/lib:/opt/ros/humble/lib/x86_64-linux-gnu:/opt/ros/humble/lib:/home/user/openpose/build/src/openpose:/usr/local/cuda/lib64:/usr/lib/x86_64-linux-gnu/gazebo-11/plugins /usr/bin/cmake --build /home/user/cartographer_ws_docker/build/cartographer_ros -- -j24 -l24
[29.270s] Invoking command in '/home/user/cartographer_ws_docker/build/cartographer_ros': CMAKE_PREFIX_PATH=/home/user/cartographer_ws_docker/install/cartographer_ros_msgs:/home/user/cartographer_ws_docker/install/cartographer:/home/user/cartographer_ws_docker/install/cartographer_rviz:/home/user/cartographer_ws_docker/install/cartographer_ros:/home/user/doly_ws/install/turtlebot3_multi_robot:/opt/ros/humble LD_LIBRARY_PATH=/home/user/cartographer_ws_docker/install/cartographer_ros_msgs/lib:/home/user/cartographer_ws_docker/install/cartographer_rviz/lib:/home/user/cartographer_ws_docker/install/cartographer_ros/lib:/usr/lib/x86_64-linux-gnu/gazebo-11/plugins:/opt/ros/humble/opt/rviz_ogre_vendor/lib:/opt/ros/humble/lib/x86_64-linux-gnu:/opt/ros/humble/lib:/home/user/openpose/build/src/openpose:/usr/local/cuda/lib64:/usr/lib/x86_64-linux-gnu/gazebo-11/plugins /usr/bin/cmake --install /home/user/cartographer_ws_docker/build/cartographer_ros
[29.273s] -- Install configuration: ""
[29.273s] -- Execute custom install script
[29.273s] -- Symlinking: /home/user/cartographer_ws_docker/install/cartographer_ros/lib/libcartographer_ros.a
[29.277s] -- Symlinking: /home/user/cartographer_ws_docker/install/cartographer_ros/lib/cartographer_ros/cartographer_node
[29.281s] -- Symlinking: /home/user/cartographer_ws_docker/install/cartographer_ros/lib/cartographer_ros/cartographer_occupancy_grid_node
[29.285s] -- Symlinking: /home/user/cartographer_ws_docker/install/cartographer_ros/lib/cartographer_ros/cartographer_offline_node
[29.289s] -- Symlinking: /home/user/cartographer_ws_docker/install/cartographer_ros/lib/cartographer_ros/cartographer_assets_writer
[29.293s] -- Symlinking: /home/user/cartographer_ws_docker/install/cartographer_ros/lib/cartographer_ros/cartographer_pbstream_map_publisher
[29.297s] -- Symlinking: /home/user/cartographer_ws_docker/install/cartographer_ros/lib/cartographer_ros/cartographer_pbstream_to_ros_map
[29.300s] -- Symlinking: /home/user/cartographer_ws_docker/install/cartographer_ros/lib/cartographer_ros/cartographer_rosbag_validate
[29.304s] -- Symlinking: /home/user/cartographer_ws_docker/install/cartographer_ros/include//cartographer_ros/assets_writer.h
[29.308s] -- Symlinking: /home/user/cartographer_ws_docker/install/cartographer_ros/include//cartographer_ros/map_builder_bridge.h
[29.312s] -- Symlinking: /home/user/cartographer_ws_docker/install/cartographer_ros/include//cartographer_ros/metrics/family_factory.h
[29.315s] -- Symlinking: /home/user/cartographer_ws_docker/install/cartographer_ros/include//cartographer_ros/metrics/internal/counter.h
[29.319s] -- Symlinking: /home/user/cartographer_ws_docker/install/cartographer_ros/include//cartographer_ros/metrics/internal/family.h
[29.322s] -- Symlinking: /home/user/cartographer_ws_docker/install/cartographer_ros/include//cartographer_ros/metrics/internal/gauge.h
[29.326s] -- Symlinking: /home/user/cartographer_ws_docker/install/cartographer_ros/include//cartographer_ros/metrics/internal/histogram.h
[29.330s] -- Symlinking: /home/user/cartographer_ws_docker/install/cartographer_ros/include//cartographer_ros/msg_conversion.h
[29.334s] -- Symlinking: /home/user/cartographer_ws_docker/install/cartographer_ros/include//cartographer_ros/node.h
[29.337s] -- Symlinking: /home/user/cartographer_ws_docker/install/cartographer_ros/include//cartographer_ros/node_constants.h
[29.341s] -- Symlinking: /home/user/cartographer_ws_docker/install/cartographer_ros/include//cartographer_ros/node_options.h
[29.344s] -- Symlinking: /home/user/cartographer_ws_docker/install/cartographer_ros/include//cartographer_ros/offline_node.h
[29.348s] -- Symlinking: /home/user/cartographer_ws_docker/install/cartographer_ros/include//cartographer_ros/playable_bag.h
[29.352s] -- Symlinking: /home/user/cartographer_ws_docker/install/cartographer_ros/include//cartographer_ros/ros_log_sink.h
[29.356s] -- Symlinking: /home/user/cartographer_ws_docker/install/cartographer_ros/include//cartographer_ros/ros_map.h
[29.359s] -- Symlinking: /home/user/cartographer_ws_docker/install/cartographer_ros/include//cartographer_ros/ros_map_writing_points_processor.h
[29.363s] -- Symlinking: /home/user/cartographer_ws_docker/install/cartographer_ros/include//cartographer_ros/sensor_bridge.h
[29.367s] -- Symlinking: /home/user/cartographer_ws_docker/install/cartographer_ros/include//cartographer_ros/submap.h
[29.370s] -- Symlinking: /home/user/cartographer_ws_docker/install/cartographer_ros/include//cartographer_ros/tf_bridge.h
[29.374s] -- Symlinking: /home/user/cartographer_ws_docker/install/cartographer_ros/include//cartographer_ros/time_conversion.h
[29.378s] -- Symlinking: /home/user/cartographer_ws_docker/install/cartographer_ros/include//cartographer_ros/trajectory_options.h
[29.381s] -- Symlinking: /home/user/cartographer_ws_docker/install/cartographer_ros/include//cartographer_ros/urdf_reader.h
[29.393s] -- Symlinking: /home/user/cartographer_ws_docker/install/cartographer_ros/share/cartographer_ros//configuration_files/assets_writer_backpack_2d.lua
[29.397s] -- Symlinking: /home/user/cartographer_ws_docker/install/cartographer_ros/share/cartographer_ros//configuration_files/assets_writer_backpack_2d_ci.lua
[29.401s] -- Symlinking: /home/user/cartographer_ws_docker/install/cartographer_ros/share/cartographer_ros//configuration_files/assets_writer_backpack_3d.lua
[29.404s] -- Symlinking: /home/user/cartographer_ws_docker/install/cartographer_ros/share/cartographer_ros//configuration_files/assets_writer_ros_map.lua
[29.408s] -- Symlinking: /home/user/cartographer_ws_docker/install/cartographer_ros/share/cartographer_ros//configuration_files/backpack_2d.lua
[29.412s] -- Symlinking: /home/user/cartographer_ws_docker/install/cartographer_ros/share/cartographer_ros//configuration_files/backpack_2d_localization.lua
[29.415s] -- Symlinking: /home/user/cartographer_ws_docker/install/cartographer_ros/share/cartographer_ros//configuration_files/backpack_2d_localization_evaluation.lua
[29.419s] -- Symlinking: /home/user/cartographer_ws_docker/install/cartographer_ros/share/cartographer_ros//configuration_files/backpack_2d_server.lua
[29.423s] -- Symlinking: /home/user/cartographer_ws_docker/install/cartographer_ros/share/cartographer_ros//configuration_files/backpack_3d.lua
[29.426s] -- Symlinking: /home/user/cartographer_ws_docker/install/cartographer_ros/share/cartographer_ros//configuration_files/backpack_3d_localization.lua
[29.430s] -- Symlinking: /home/user/cartographer_ws_docker/install/cartographer_ros/share/cartographer_ros//configuration_files/demo_2d.rviz
[29.434s] -- Symlinking: /home/user/cartographer_ws_docker/install/cartographer_ros/share/cartographer_ros//configuration_files/demo_3d.rviz
[29.438s] -- Symlinking: /home/user/cartographer_ws_docker/install/cartographer_ros/share/cartographer_ros//configuration_files/mir-100-mapping.lua
[29.441s] -- Symlinking: /home/user/cartographer_ws_docker/install/cartographer_ros/share/cartographer_ros//configuration_files/my_config.lua
[29.445s] -- Symlinking: /home/user/cartographer_ws_docker/install/cartographer_ros/share/cartographer_ros//configuration_files/pr2.lua
[29.448s] -- Symlinking: /home/user/cartographer_ws_docker/install/cartographer_ros/share/cartographer_ros//configuration_files/revo_lds.lua
[29.452s] -- Symlinking: /home/user/cartographer_ws_docker/install/cartographer_ros/share/cartographer_ros//configuration_files/taurob_tracker.lua
[29.456s] -- Symlinking: /home/user/cartographer_ws_docker/install/cartographer_ros/share/cartographer_ros//configuration_files/transform.lua
[29.460s] -- Symlinking: /home/user/cartographer_ws_docker/install/cartographer_ros/share/cartographer_ros//configuration_files/turtlebot3.lua
[29.463s] -- Symlinking: /home/user/cartographer_ws_docker/install/cartographer_ros/share/cartographer_ros//configuration_files/visualize_pbstream.lua
[29.467s] -- Symlinking: /home/user/cartographer_ws_docker/install/cartographer_ros/share/cartographer_ros//urdf/backpack_2d.urdf
[29.471s] -- Symlinking: /home/user/cartographer_ws_docker/install/cartographer_ros/share/cartographer_ros//urdf/backpack_3d.urdf
[29.475s] -- Symlinking: /home/user/cartographer_ws_docker/install/cartographer_ros/share/cartographer_ros//urdf/mir-100.urdf
[29.479s] -- Symlinking: /home/user/cartographer_ws_docker/install/cartographer_ros/share/cartographer_ros//launch/assets_writer_backpack_2d.launch.py
[29.483s] -- Symlinking: /home/user/cartographer_ws_docker/install/cartographer_ros/share/cartographer_ros//launch/assets_writer_backpack_3d.launch.py
[29.487s] -- Symlinking: /home/user/cartographer_ws_docker/install/cartographer_ros/share/cartographer_ros//launch/assets_writer_ros_map.launch.py
[29.491s] -- Symlinking: /home/user/cartographer_ws_docker/install/cartographer_ros/share/cartographer_ros//launch/backpack_2d.launch.py
[29.495s] -- Symlinking: /home/user/cartographer_ws_docker/install/cartographer_ros/share/cartographer_ros//launch/backpack_3d.launch.py
[29.498s] -- Symlinking: /home/user/cartographer_ws_docker/install/cartographer_ros/share/cartographer_ros//launch/cartographer_node.launch.py
[29.501s] -- Symlinking: /home/user/cartographer_ws_docker/install/cartographer_ros/share/cartographer_ros//launch/cartographer_rviz.launch.py
[29.505s] -- Symlinking: /home/user/cartographer_ws_docker/install/cartographer_ros/share/cartographer_ros//launch/demo_backpack_2d.launch.py
[29.509s] -- Symlinking: /home/user/cartographer_ws_docker/install/cartographer_ros/share/cartographer_ros//launch/demo_backpack_2d_localization.launch.py
[29.512s] -- Symlinking: /home/user/cartographer_ws_docker/install/cartographer_ros/share/cartographer_ros//launch/demo_backpack_3d.launch.py
[29.516s] -- Symlinking: /home/user/cartographer_ws_docker/install/cartographer_ros/share/cartographer_ros//launch/demo_backpack_3d_localization.launch.py
[29.520s] -- Symlinking: /home/user/cartographer_ws_docker/install/cartographer_ros/share/cartographer_ros//launch/demo_pr2.launch
[29.524s] -- Symlinking: /home/user/cartographer_ws_docker/install/cartographer_ros/share/cartographer_ros//launch/demo_revo_lds.launch.py
[29.527s] -- Symlinking: /home/user/cartographer_ws_docker/install/cartographer_ros/share/cartographer_ros//launch/demo_taurob_tracker.launch.py
[29.531s] -- Symlinking: /home/user/cartographer_ws_docker/install/cartographer_ros/share/cartographer_ros//launch/grpc_demo_backpack_2d.launch
[29.534s] -- Symlinking: /home/user/cartographer_ws_docker/install/cartographer_ros/share/cartographer_ros//launch/grpc_demo_backpack_2d_localization.launch
[29.538s] -- Symlinking: /home/user/cartographer_ws_docker/install/cartographer_ros/share/cartographer_ros//launch/offline_backpack_2d.launch.py
[29.542s] -- Symlinking: /home/user/cartographer_ws_docker/install/cartographer_ros/share/cartographer_ros//launch/offline_backpack_3d.launch.py
[29.545s] -- Symlinking: /home/user/cartographer_ws_docker/install/cartographer_ros/share/cartographer_ros//launch/offline_mir_100_rviz.launch.py
[29.549s] -- Symlinking: /home/user/cartographer_ws_docker/install/cartographer_ros/share/cartographer_ros//launch/offline_node.launch.py
[29.553s] -- Symlinking: /home/user/cartographer_ws_docker/install/cartographer_ros/share/cartographer_ros//launch/taurob_tracker.launch.py
[29.556s] -- Symlinking: /home/user/cartographer_ws_docker/install/cartographer_ros/share/cartographer_ros//launch/turtlebot3_cartographer.launch.py
[29.560s] -- Symlinking: /home/user/cartographer_ws_docker/install/cartographer_ros/share/cartographer_ros//launch/visualize_pbstream.launch.py
[29.564s] -- Symlinking: /home/user/cartographer_ws_docker/install/cartographer_ros/share/cartographer_ros/environment/library_path.sh
[29.567s] -- Symlinking: /home/user/cartographer_ws_docker/install/cartographer_ros/share/cartographer_ros/environment/library_path.dsv
[29.571s] -- Symlinking: /home/user/cartographer_ws_docker/install/cartographer_ros/share/ament_index/resource_index/package_run_dependencies/cartographer_ros
[29.575s] -- Symlinking: /home/user/cartographer_ws_docker/install/cartographer_ros/share/ament_index/resource_index/parent_prefix_path/cartographer_ros
[29.579s] -- Symlinking: /home/user/cartographer_ws_docker/install/cartographer_ros/share/cartographer_ros/environment/ament_prefix_path.sh
[29.583s] -- Symlinking: /home/user/cartographer_ws_docker/install/cartographer_ros/share/cartographer_ros/environment/ament_prefix_path.dsv
[29.586s] -- Symlinking: /home/user/cartographer_ws_docker/install/cartographer_ros/share/cartographer_ros/environment/path.sh
[29.590s] -- Symlinking: /home/user/cartographer_ws_docker/install/cartographer_ros/share/cartographer_ros/environment/path.dsv
[29.593s] -- Symlinking: /home/user/cartographer_ws_docker/install/cartographer_ros/share/cartographer_ros/local_setup.bash
[29.597s] -- Symlinking: /home/user/cartographer_ws_docker/install/cartographer_ros/share/cartographer_ros/local_setup.sh
[29.601s] -- Symlinking: /home/user/cartographer_ws_docker/install/cartographer_ros/share/cartographer_ros/local_setup.zsh
[29.604s] -- Symlinking: /home/user/cartographer_ws_docker/install/cartographer_ros/share/cartographer_ros/local_setup.dsv
[29.608s] -- Symlinking: /home/user/cartographer_ws_docker/install/cartographer_ros/share/cartographer_ros/package.dsv
[29.612s] -- Symlinking: /home/user/cartographer_ws_docker/install/cartographer_ros/share/ament_index/resource_index/packages/cartographer_ros
[29.616s] -- Symlinking: /home/user/cartographer_ws_docker/install/cartographer_ros/share/cartographer_ros/cmake/ament_cmake_export_include_directories-extras.cmake
[29.619s] -- Symlinking: /home/user/cartographer_ws_docker/install/cartographer_ros/share/cartographer_ros/cmake/ament_cmake_export_libraries-extras.cmake
[29.623s] -- Symlinking: /home/user/cartographer_ws_docker/install/cartographer_ros/share/cartographer_ros/cmake/ament_cmake_export_dependencies-extras.cmake
[29.627s] -- Symlinking: /home/user/cartographer_ws_docker/install/cartographer_ros/share/cartographer_ros/cmake/cartographer_rosConfig.cmake
[29.631s] -- Symlinking: /home/user/cartographer_ws_docker/install/cartographer_ros/share/cartographer_ros/cmake/cartographer_rosConfig-version.cmake
[29.634s] -- Symlinking: /home/user/cartographer_ws_docker/install/cartographer_ros/share/cartographer_ros/package.xml
[29.639s] Invoked command in '/home/user/cartographer_ws_docker/build/cartographer_ros' returned '0': CMAKE_PREFIX_PATH=/home/user/cartographer_ws_docker/install/cartographer_ros_msgs:/home/user/cartographer_ws_docker/install/cartographer:/home/user/cartographer_ws_docker/install/cartographer_rviz:/home/user/cartographer_ws_docker/install/cartographer_ros:/home/user/doly_ws/install/turtlebot3_multi_robot:/opt/ros/humble LD_LIBRARY_PATH=/home/user/cartographer_ws_docker/install/cartographer_ros_msgs/lib:/home/user/cartographer_ws_docker/install/cartographer_rviz/lib:/home/user/cartographer_ws_docker/install/cartographer_ros/lib:/usr/lib/x86_64-linux-gnu/gazebo-11/plugins:/opt/ros/humble/opt/rviz_ogre_vendor/lib:/opt/ros/humble/lib/x86_64-linux-gnu:/opt/ros/humble/lib:/home/user/openpose/build/src/openpose:/usr/local/cuda/lib64:/usr/lib/x86_64-linux-gnu/gazebo-11/plugins /usr/bin/cmake --install /home/user/cartographer_ws_docker/build/cartographer_ros
