[0.008s] Invoking command in '/home/user/cartographer_ws_docker/build/cartographer': CMAKE_PREFIX_PATH=${CMAKE_PREFIX_PATH}:/opt/ros/humble /usr/bin/cmake /home/user/cartographer_ws_docker/src/cartographer -DCMAKE_INSTALL_PREFIX=/home/user/cartographer_ws_docker/install/cartographer
[0.103s] -- The C compiler identification is GNU 11.4.0
[0.184s] -- The CXX compiler identification is GNU 11.4.0
[0.191s] -- Detecting C compiler ABI info
[0.230s] -- Detecting C compiler ABI info - done
[0.234s] -- Check for working C compiler: /usr/bin/cc - skipped
[0.234s] -- Detecting C compile features
[0.235s] -- Detecting C compile features - done
[0.237s] -- Detecting CXX compiler ABI info
[0.282s] -- Detecting CXX compiler ABI info - done
[0.286s] -- Check for working CXX compiler: /usr/bin/c++ - skipped
[0.286s] -- Detecting CXX compile features
[0.286s] -- Detecting CXX compile features - done
[0.287s] -- Build type: Release
[0.292s] ãƒ•ã‚¡ã‚¤ãƒ« /home/user/cartographer_ws_docker/build/cartographer/AllFiles.cmake ã¨ - ã¯ç•°ãªã‚Šã¾ã™
[0.394s] -- Found Python: /usr/bin/python3.10 (found version "3.10.12") found components: Interpreter 
[0.396s] -- Looking for pthread.h
[0.444s] -- Looking for pthread.h - found
[0.444s] -- Performing Test CMAKE_HAVE_LIBC_PTHREAD
[0.487s] -- Performing Test CMAKE_HAVE_LIBC_PTHREAD - Success
[0.487s] -- Found Threads: TRUE  
[0.490s] -- Found GMock: gmock_main  
[0.506s] -- Found Boost: /usr/lib/x86_64-linux-gnu/cmake/Boost-1.74.0/BoostConfig.cmake (found version "1.74.0") found components: iostreams 
[0.513s] -- Found required Ceres dependency: Eigen version 3.4.0 in /usr/include/eigen3
[0.516s] -- Found required Ceres dependency: glog
[0.516s] -- Found required Ceres dependency: gflags
[0.516s] -- Found Ceres version: 2.0.0 installed in: /usr with components: [EigenSparse, SparseLinearAlgebraLibrary, LAPACK, SuiteSparse, CXSparse, SchurSpecializations, Multithreading]
[0.521s] -- Found Lua: /usr/lib/x86_64-linux-gnu/liblua5.2.so;/usr/lib/x86_64-linux-gnu/libm.so (found version "5.2.4") 
[0.537s] -- Found Protobuf: /usr/lib/x86_64-linux-gnu/libprotobuf.so (found suitable version "3.12.4", minimum required is "3.0.0") 
[0.540s] -- Found PkgConfig: /usr/bin/pkg-config (found version "0.29.2") 
[0.540s] -- Checking for one of the modules 'cairo>=1.12.16'
[0.572s] -- Found Sphinx: /usr/bin/sphinx-build  
[0.592s] -- Configuring done
[0.729s] -- Generating done
[0.733s] -- Build files have been written to: /home/user/cartographer_ws_docker/build/cartographer
[0.742s] Invoked command in '/home/user/cartographer_ws_docker/build/cartographer' returned '0': CMAKE_PREFIX_PATH=${CMAKE_PREFIX_PATH}:/opt/ros/humble /usr/bin/cmake /home/user/cartographer_ws_docker/src/cartographer -DCMAKE_INSTALL_PREFIX=/home/user/cartographer_ws_docker/install/cartographer
[0.743s] Invoking command in '/home/user/cartographer_ws_docker/build/cartographer': CMAKE_PREFIX_PATH=${CMAKE_PREFIX_PATH}:/opt/ros/humble /usr/bin/cmake --build /home/user/cartographer_ws_docker/build/cartographer -- -j12 -l12
[0.775s] [  0%] [34m[1mRunning C++ protocol buffer compiler on /home/user/cartographer_ws_docker/src/cartographer/cartographer/transform/proto/transform.proto[0m
[0.775s] [  0%] [34m[1mRunning C++ protocol buffer compiler on /home/user/cartographer_ws_docker/src/cartographer/cartographer/ground_truth/proto/relations.proto[0m
[0.775s] [  0%] [34m[1mRunning C++ protocol buffer compiler on /home/user/cartographer_ws_docker/src/cartographer/cartographer/common/proto/ceres_solver_options.proto[0m
[0.775s] [  0%] [34m[1mRunning C++ protocol buffer compiler on /home/user/cartographer_ws_docker/src/cartographer/cartographer/mapping/proto/connected_components.proto[0m
[0.777s] [  1%] [34m[1mRunning C++ protocol buffer compiler on /home/user/cartographer_ws_docker/src/cartographer/cartographer/mapping/proto/hybrid_grid.proto[0m
[0.777s] [  1%] [34m[1mRunning C++ protocol buffer compiler on /home/user/cartographer_ws_docker/src/cartographer/cartographer/mapping/proto/grid_2d.proto[0m
[0.778s] [  2%] [34m[1mRunning C++ protocol buffer compiler on /home/user/cartographer_ws_docker/src/cartographer/cartographer/mapping/proto/cell_limits_2d.proto[0m
[0.778s] [  2%] [34m[1mRunning C++ protocol buffer compiler on /home/user/cartographer_ws_docker/src/cartographer/cartographer/mapping/proto/local_trajectory_builder_options_2d.proto[0m
[0.779s] [  2%] [34m[1mRunning C++ protocol buffer compiler on /home/user/cartographer_ws_docker/src/cartographer/cartographer/mapping/proto/grid_2d_options.proto[0m
[0.779s] [  3%] [32mBuilding CXX object googletest/CMakeFiles/gtest.dir/src/gtest-all.cc.o[0m
[0.783s] [  3%] [34m[1mRunning C++ protocol buffer compiler on /home/user/cartographer_ws_docker/src/cartographer/cartographer/mapping/proto/local_trajectory_builder_options_3d.proto[0m
[0.784s] [  3%] [34m[1mRunning C++ protocol buffer compiler on /home/user/cartographer_ws_docker/src/cartographer/cartographer/mapping/proto/map_builder_options.proto[0m
[0.785s] [  3%] [34m[1mBuilding documentation.[0m
[0.786s] [  4%] [34m[1mRunning C++ protocol buffer compiler on /home/user/cartographer_ws_docker/src/cartographer/cartographer/mapping/proto/map_limits.proto[0m
[0.787s] [  4%] [34m[1mRunning C++ protocol buffer compiler on /home/user/cartographer_ws_docker/src/cartographer/cartographer/mapping/proto/motion_filter_options.proto[0m
[0.787s] [  4%] [34m[1mRunning C++ protocol buffer compiler on /home/user/cartographer_ws_docker/src/cartographer/cartographer/mapping/proto/normal_estimation_options_2d.proto[0m
[0.788s] [  4%] [34m[1mRunning C++ protocol buffer compiler on /home/user/cartographer_ws_docker/src/cartographer/cartographer/mapping/proto/pose_extrapolator_options.proto[0m
[0.789s] [  5%] [34m[1mRunning C++ protocol buffer compiler on /home/user/cartographer_ws_docker/src/cartographer/cartographer/mapping/proto/pose_graph.proto[0m
[0.790s] [  5%] Built target cartographer_detect_changes
[0.790s] [  5%] [34m[1mRunning C++ protocol buffer compiler on /home/user/cartographer_ws_docker/src/cartographer/cartographer/mapping/proto/pose_graph/constraint_builder_options.proto[0m
[0.794s] [  6%] [34m[1mRunning C++ protocol buffer compiler on /home/user/cartographer_ws_docker/src/cartographer/cartographer/mapping/proto/probability_grid.proto[0m
[0.794s] [  6%] [34m[1mRunning C++ protocol buffer compiler on /home/user/cartographer_ws_docker/src/cartographer/cartographer/mapping/proto/probability_grid_range_data_inserter_options_2d.proto[0m
[0.794s] [  6%] [34m[1mRunning C++ protocol buffer compiler on /home/user/cartographer_ws_docker/src/cartographer/cartographer/mapping/proto/pose_graph_options.proto[0m
[0.794s] [  6%] [34m[1mRunning C++ protocol buffer compiler on /home/user/cartographer_ws_docker/src/cartographer/cartographer/mapping/proto/pose_graph/optimization_problem_options.proto[0m
[0.795s] [  6%] [34m[1mRunning C++ protocol buffer compiler on /home/user/cartographer_ws_docker/src/cartographer/cartographer/mapping/proto/range_data_inserter_options.proto[0m
[0.796s] [  6%] [34m[1mRunning C++ protocol buffer compiler on /home/user/cartographer_ws_docker/src/cartographer/cartographer/mapping/proto/scan_matching/ceres_scan_matcher_options_3d.proto[0m
[0.796s] [  6%] [34m[1mRunning C++ protocol buffer compiler on /home/user/cartographer_ws_docker/src/cartographer/cartographer/mapping/proto/range_data_inserter_options_3d.proto[0m
[0.799s] [  7%] [34m[1mRunning C++ protocol buffer compiler on /home/user/cartographer_ws_docker/src/cartographer/cartographer/mapping/proto/scan_matching/ceres_scan_matcher_options_2d.proto[0m
[0.800s] [  7%] [34m[1mRunning C++ protocol buffer compiler on /home/user/cartographer_ws_docker/src/cartographer/cartographer/mapping/proto/scan_matching/fast_correlative_scan_matcher_options_3d.proto[0m
[0.800s] [  7%] [34m[1mRunning C++ protocol buffer compiler on /home/user/cartographer_ws_docker/src/cartographer/cartographer/mapping/proto/scan_matching/fast_correlative_scan_matcher_options_2d.proto[0m
[0.801s] [  8%] [34m[1mRunning C++ protocol buffer compiler on /home/user/cartographer_ws_docker/src/cartographer/cartographer/mapping/proto/scan_matching/real_time_correlative_scan_matcher_options.proto[0m
[0.802s] [  8%] [34m[1mRunning C++ protocol buffer compiler on /home/user/cartographer_ws_docker/src/cartographer/cartographer/mapping/proto/submap.proto[0m
[0.803s] [  9%] [34m[1mRunning C++ protocol buffer compiler on /home/user/cartographer_ws_docker/src/cartographer/cartographer/mapping/proto/submaps_options_2d.proto[0m
[0.804s] [  9%] [34m[1mRunning C++ protocol buffer compiler on /home/user/cartographer_ws_docker/src/cartographer/cartographer/mapping/proto/serialization.proto[0m
[0.805s] [  9%] [34m[1mRunning C++ protocol buffer compiler on /home/user/cartographer_ws_docker/src/cartographer/cartographer/mapping/proto/submap_visualization.proto[0m
[0.806s] [  9%] [34m[1mRunning C++ protocol buffer compiler on /home/user/cartographer_ws_docker/src/cartographer/cartographer/mapping/proto/trajectory.proto[0m
[0.807s] [  9%] [34m[1mRunning C++ protocol buffer compiler on /home/user/cartographer_ws_docker/src/cartographer/cartographer/mapping/proto/submaps_options_3d.proto[0m
[0.809s] [ 10%] [34m[1mRunning C++ protocol buffer compiler on /home/user/cartographer_ws_docker/src/cartographer/cartographer/mapping/proto/trajectory_node_data.proto[0m
[0.809s] [ 10%] [34m[1mRunning C++ protocol buffer compiler on /home/user/cartographer_ws_docker/src/cartographer/cartographer/mapping/proto/tsdf_2d.proto[0m
[0.809s] [ 10%] [34m[1mRunning C++ protocol buffer compiler on /home/user/cartographer_ws_docker/src/cartographer/cartographer/mapping/proto/trajectory_builder_options.proto[0m
[0.810s] [ 10%] [34m[1mRunning C++ protocol buffer compiler on /home/user/cartographer_ws_docker/src/cartographer/cartographer/mapping/proto/tsdf_range_data_inserter_options_2d.proto[0m
[0.812s] [ 10%] [34m[1mRunning C++ protocol buffer compiler on /home/user/cartographer_ws_docker/src/cartographer/cartographer/sensor/proto/sensor.proto[0m
[0.812s] [ 11%] [34m[1mRunning C++ protocol buffer compiler on /home/user/cartographer_ws_docker/src/cartographer/cartographer/sensor/proto/adaptive_voxel_filter_options.proto[0m
[0.815s] [ 11%] [34m[1mRunning C++ protocol buffer compiler on /home/user/cartographer_ws_docker/src/cartographer/cartographer/transform/proto/timestamped_transform.proto[0m
[0.855s] [ 11%] [32mBuilding CXX object CMakeFiles/cartographer.dir/cartographer/common/internal/ceres_solver_options.cc.o[0m
[0.855s] [ 11%] [32mBuilding CXX object CMakeFiles/cartographer.dir/cartographer/common/histogram.cc.o[0m
[0.856s] [ 12%] [32mBuilding CXX object CMakeFiles/cartographer.dir/cartographer/common/configuration_file_resolver.cc.o[0m
[0.856s] [ 12%] [32mBuilding CXX object CMakeFiles/cartographer.dir/cartographer/common/lua_parameter_dictionary.cc.o[0m
[0.856s] [ 13%] [32mBuilding CXX object CMakeFiles/cartographer.dir/cartographer/common/time.cc.o[0m
[0.858s] [ 14%] [32mBuilding CXX object CMakeFiles/cartographer.dir/cartographer/common/internal/testing/thread_pool_for_testing.cc.o[0m
[0.858s] [ 14%] [32mBuilding CXX object CMakeFiles/cartographer.dir/cartographer/common/task.cc.o[0m
[0.858s] [ 14%] [32mBuilding CXX object CMakeFiles/cartographer.dir/cartographer/common/fixed_ratio_sampler.cc.o[0m
[0.858s] [ 14%] [32mBuilding CXX object CMakeFiles/cartographer.dir/cartographer/common/thread_pool.cc.o[0m
[0.860s] [ 14%] [32mBuilding CXX object CMakeFiles/cartographer.dir/cartographer/ground_truth/autogenerate_ground_truth.cc.o[0m
[0.967s] [01mRunning Sphinx v4.3.2[39;49;00m
[1.050s] [01mmaking output directory... [39;49;00mdone
[1.053s] [01mbuilding [mo]: [39;49;00mtargets for 0 po files that are out of date
[1.053s] [01mbuilding [html]: [39;49;00mtargets for 6 source files that are out of date
[1.054s] [01mupdating environment: [39;49;00m[new config] 6 added, 0 changed, 0 removed
[1.112s] [01mreading sources... [39;49;00m[ 16%] [35mconfiguration[39;49;00m                                        
[1.127s] [01mreading sources... [39;49;00m[ 33%] [35mcost_functions[39;49;00m                                       
[1.141s] [01mreading sources... [39;49;00m[ 50%] [35mevaluation[39;49;00m                                           
[1.176s] [01mreading sources... [39;49;00m[ 66%] [35mindex[39;49;00m                                                
[1.185s] [01mreading sources... [39;49;00m[ 83%] [35mpbstream_migration[39;49;00m                                   
[1.194s] [01mreading sources... [39;49;00m[100%] [35mterminology[39;49;00m                                          
[1.194s] 
[1.194s] [01mlooking for now-outdated files... [39;49;00mnone found
[1.195s] [01mpickling environment... [39;49;00mdone
[1.195s] [01mchecking consistency... [39;49;00mdone
[1.196s] [01mpreparing documents... [39;49;00mdone
[1.274s] [01mwriting output... [39;49;00m[ 16%] [32mconfiguration[39;49;00m                                         
[1.285s] [01mwriting output... [39;49;00m[ 33%] [32mcost_functions[39;49;00m                                        
[1.345s] [01mwriting output... [39;49;00m[ 50%] [32mevaluation[39;49;00m                                            
[1.359s] [01mwriting output... [39;49;00m[ 66%] [32mindex[39;49;00m                                                 
[1.400s] [01mwriting output... [39;49;00m[ 83%] [32mpbstream_migration[39;49;00m                                    
[1.416s] [01mwriting output... [39;49;00m[100%] [32mterminology[39;49;00m                                           
[1.416s] 
[1.424s] [01mgenerating indices... [39;49;00mgenindex done
[1.429s] [01mwriting additional pages... [39;49;00msearch done
[1.430s] [01mcopying images... [39;49;00m[ 50%] [33mautogenerate_groundtruth.png[39;49;00m                          
[1.430s] [01mcopying images... [39;49;00m[100%] [33mhigh_level_system_overview.png[39;49;00m                        
[1.430s] 
[1.463s] [01mcopying static files... [39;49;00mdone
[1.463s] [01mcopying extra files... [39;49;00mdone
[1.465s] [01mdumping search index in English (code: en)... [39;49;00mdone
[1.465s] [01mdumping object inventory... [39;49;00mdone
[1.466s] [01mbuild succeeded.[39;49;00m
[1.466s] 
[1.466s] The HTML pages are in html.
[1.596s] [ 14%] Built target build_doc
[1.605s] [ 14%] [32mBuilding CXX object CMakeFiles/cartographer.dir/cartographer/ground_truth/relations_text_file.cc.o[0m
[1.779s] [ 14%] [32mBuilding CXX object CMakeFiles/cartographer.dir/cartographer/io/color.cc.o[0m
[1.909s] [ 15%] [32mBuilding CXX object CMakeFiles/cartographer.dir/cartographer/io/coloring_points_processor.cc.o[0m
[1.969s] [ 15%] [32mBuilding CXX object CMakeFiles/cartographer.dir/cartographer/io/draw_trajectories.cc.o[0m
[1.976s] [ 15%] [32mBuilding CXX object CMakeFiles/cartographer.dir/cartographer/io/counting_points_processor.cc.o[0m
[2.018s] [ 15%] [32mBuilding CXX object CMakeFiles/cartographer.dir/cartographer/io/file_writer.cc.o[0m
[2.135s] [ 16%] [32mBuilding CXX object CMakeFiles/cartographer.dir/cartographer/io/fixed_ratio_sampling_points_processor.cc.o[0m
[2.401s] [ 16%] [32mBuilding CXX object CMakeFiles/cartographer.dir/cartographer/io/frame_id_filtering_points_processor.cc.o[0m
[2.987s] [ 16%] [32mBuilding CXX object CMakeFiles/cartographer.dir/cartographer/io/hybrid_grid_points_processor.cc.o[0m
[3.289s] [ 17%] [32mBuilding CXX object CMakeFiles/cartographer.dir/cartographer/io/image.cc.o[0m
[3.289s] [ 17%] [32mBuilding CXX object CMakeFiles/cartographer.dir/cartographer/io/intensity_to_color_points_processor.cc.o[0m
[3.631s] [ 17%] [32mBuilding CXX object CMakeFiles/cartographer.dir/cartographer/io/internal/in_memory_proto_stream.cc.o[0m
[4.116s] [ 17%] [32mBuilding CXX object CMakeFiles/cartographer.dir/cartographer/io/internal/mapping_state_serialization.cc.o[0m
[4.275s] [ 17%] [32mBuilding CXX object CMakeFiles/cartographer.dir/cartographer/io/internal/pbstream_info.cc.o[0m
[4.576s] [ 18%] [32mBuilding CXX object CMakeFiles/cartographer.dir/cartographer/io/internal/pbstream_migrate.cc.o[0m
[4.757s] [ 18%] [32mBuilding CXX object CMakeFiles/cartographer.dir/cartographer/io/min_max_range_filtering_points_processor.cc.o[0m
[4.931s] [ 18%] [32mBuilding CXX object CMakeFiles/cartographer.dir/cartographer/io/outlier_removing_points_processor.cc.o[0m
[4.954s] [ 18%] [32mBuilding CXX object CMakeFiles/cartographer.dir/cartographer/io/pcd_writing_points_processor.cc.o[0m
[5.380s] [ 19%] [32mBuilding CXX object CMakeFiles/cartographer.dir/cartographer/io/ply_writing_points_processor.cc.o[0m
[5.445s] [ 19%] [32mBuilding CXX object CMakeFiles/cartographer.dir/cartographer/io/points_batch.cc.o[0m
[5.945s] [ 19%] [32mBuilding CXX object CMakeFiles/cartographer.dir/cartographer/io/points_processor_pipeline_builder.cc.o[0m
[6.054s] [ 19%] [32mBuilding CXX object CMakeFiles/cartographer.dir/cartographer/io/probability_grid_points_processor.cc.o[0m
[7.197s] [ 20%] [32mBuilding CXX object CMakeFiles/cartographer.dir/cartographer/io/proto_stream.cc.o[0m
[7.358s] [ 20%] [32mBuilding CXX object CMakeFiles/cartographer.dir/cartographer/io/proto_stream_deserializer.cc.o[0m
[7.452s] [ 20%] [32mBuilding CXX object CMakeFiles/cartographer.dir/cartographer/io/serialization_format_migration.cc.o[0m
[8.715s] [ 21%] [32mBuilding CXX object CMakeFiles/cartographer.dir/cartographer/io/submap_painter.cc.o[0m
[8.902s] [ 21%] [32mBuilding CXX object CMakeFiles/cartographer.dir/cartographer/io/vertical_range_filtering_points_processor.cc.o[0m
[9.817s] [ 21%] [32mBuilding CXX object CMakeFiles/cartographer.dir/cartographer/io/xray_points_processor.cc.o[0m
[10.030s] [ 21%] [32mBuilding CXX object CMakeFiles/cartographer.dir/cartographer/io/xyz_writing_points_processor.cc.o[0m
[10.511s] [ 22%] [32mBuilding CXX object CMakeFiles/cartographer.dir/cartographer/mapping/2d/grid_2d.cc.o[0m
[10.689s] [ 22%] [32mBuilding CXX object CMakeFiles/cartographer.dir/cartographer/mapping/2d/probability_grid.cc.o[0m
[11.314s] [ 22%] [32m[1mLinking CXX static library ../lib/libgtest.a[0m
[11.392s] [ 22%] Built target gtest
[11.432s] [ 23%] [32mBuilding CXX object gmock/CMakeFiles/gmock.dir/src/gmock-all.cc.o[0m
[11.517s] [ 23%] [32mBuilding CXX object CMakeFiles/cartographer.dir/cartographer/mapping/2d/probability_grid_range_data_inserter_2d.cc.o[0m
[11.700s] [ 23%] [32mBuilding CXX object CMakeFiles/cartographer.dir/cartographer/mapping/2d/submap_2d.cc.o[0m
[11.799s] [ 24%] [32mBuilding CXX object CMakeFiles/cartographer.dir/cartographer/mapping/3d/range_data_inserter_3d.cc.o[0m
[12.563s] [ 24%] [32mBuilding CXX object CMakeFiles/cartographer.dir/cartographer/mapping/3d/submap_3d.cc.o[0m
[12.789s] [ 24%] [32mBuilding CXX object CMakeFiles/cartographer.dir/cartographer/mapping/detect_floors.cc.o[0m
[12.906s] [ 24%] [32mBuilding CXX object CMakeFiles/cartographer.dir/cartographer/mapping/imu_tracker.cc.o[0m
[13.494s] [ 25%] [32mBuilding CXX object CMakeFiles/cartographer.dir/cartographer/mapping/internal/2d/local_slam_result_2d.cc.o[0m
[14.227s] [ 25%] [32mBuilding CXX object CMakeFiles/cartographer.dir/cartographer/mapping/internal/2d/local_trajectory_builder_2d.cc.o[0m
[14.345s] [ 25%] [32mBuilding CXX object CMakeFiles/cartographer.dir/cartographer/mapping/internal/2d/local_trajectory_builder_options_2d.cc.o[0m
[14.640s] [ 25%] [32m[1mLinking CXX static library ../lib/libgmock.a[0m
[14.716s] [ 25%] Built target gmock
[14.824s] [ 25%] [32mBuilding CXX object gmock/CMakeFiles/gmock_main.dir/src/gmock_main.cc.o[0m
[15.075s] [ 25%] [32mBuilding CXX object CMakeFiles/cartographer.dir/cartographer/mapping/internal/2d/normal_estimation_2d.cc.o[0m
[15.169s] [ 26%] [32mBuilding CXX object CMakeFiles/cartographer.dir/cartographer/mapping/internal/2d/overlapping_submaps_trimmer_2d.cc.o[0m
[15.225s] [ 26%] [32mBuilding CXX object CMakeFiles/cartographer.dir/cartographer/mapping/internal/2d/pose_graph_2d.cc.o[0m
[15.303s] [ 26%] [32mBuilding CXX object CMakeFiles/cartographer.dir/cartographer/mapping/internal/2d/ray_to_pixel_mask.cc.o[0m
[16.121s] [ 26%] [32m[1mLinking CXX static library ../lib/libgmock_main.a[0m
[16.262s] [ 26%] Built target gmock_main
[16.292s] [ 27%] [32mBuilding CXX object CMakeFiles/cartographer.dir/cartographer/mapping/internal/2d/scan_matching/correlative_scan_matcher_2d.cc.o[0m
[16.296s] [ 27%] [32mBuilding CXX object CMakeFiles/cartographer.dir/cartographer/mapping/internal/2d/scan_matching/ceres_scan_matcher_2d.cc.o[0m
[16.344s] [ 27%] [32mBuilding CXX object CMakeFiles/cartographer.dir/cartographer/mapping/internal/2d/scan_matching/fast_correlative_scan_matcher_2d.cc.o[0m
[16.350s] [ 27%] [32mBuilding CXX object CMakeFiles/cartographer.dir/cartographer/mapping/internal/2d/scan_matching/occupied_space_cost_function_2d.cc.o[0m
[17.475s] [ 27%] [32mBuilding CXX object CMakeFiles/cartographer.dir/cartographer/mapping/internal/2d/scan_matching/real_time_correlative_scan_matcher_2d.cc.o[0m
[17.901s] [ 28%] [32mBuilding CXX object CMakeFiles/cartographer.dir/cartographer/mapping/internal/2d/scan_matching/tsdf_match_cost_function_2d.cc.o[0m
[17.913s] [ 28%] [32mBuilding CXX object CMakeFiles/cartographer.dir/cartographer/mapping/internal/2d/tsd_value_converter.cc.o[0m
[18.643s] [ 28%] [32mBuilding CXX object CMakeFiles/cartographer.dir/cartographer/mapping/internal/2d/tsdf_2d.cc.o[0m
[18.701s] [ 28%] [32mBuilding CXX object CMakeFiles/cartographer.dir/cartographer/mapping/internal/2d/tsdf_range_data_inserter_2d.cc.o[0m
[18.945s] [ 29%] [32mBuilding CXX object CMakeFiles/cartographer.dir/cartographer/mapping/internal/3d/local_slam_result_3d.cc.o[0m
[19.505s] [ 29%] [32mBuilding CXX object CMakeFiles/cartographer.dir/cartographer/mapping/internal/3d/local_trajectory_builder_3d.cc.o[0m
[19.510s] [ 29%] [32mBuilding CXX object CMakeFiles/cartographer.dir/cartographer/mapping/internal/3d/local_trajectory_builder_options_3d.cc.o[0m
[19.805s] [ 29%] [32mBuilding CXX object CMakeFiles/cartographer.dir/cartographer/mapping/internal/3d/pose_graph_3d.cc.o[0m
[19.816s] [ 30%] [32mBuilding CXX object CMakeFiles/cartographer.dir/cartographer/mapping/internal/3d/scan_matching/ceres_scan_matcher_3d.cc.o[0m
[19.830s] [ 30%] [32mBuilding CXX object CMakeFiles/cartographer.dir/cartographer/mapping/internal/3d/scan_matching/fast_correlative_scan_matcher_3d.cc.o[0m
[20.550s] [ 30%] [32mBuilding CXX object CMakeFiles/cartographer.dir/cartographer/mapping/internal/3d/scan_matching/intensity_cost_function_3d.cc.o[0m
[20.578s] [ 30%] [32mBuilding CXX object CMakeFiles/cartographer.dir/cartographer/mapping/internal/3d/scan_matching/low_resolution_matcher.cc.o[0m
[21.569s] [ 31%] [32mBuilding CXX object CMakeFiles/cartographer.dir/cartographer/mapping/internal/3d/scan_matching/precomputation_grid_3d.cc.o[0m
[22.003s] [ 31%] [32mBuilding CXX object CMakeFiles/cartographer.dir/cartographer/mapping/internal/3d/scan_matching/real_time_correlative_scan_matcher_3d.cc.o[0m
[22.600s] [ 31%] [32mBuilding CXX object CMakeFiles/cartographer.dir/cartographer/mapping/internal/3d/scan_matching/rotational_scan_matcher.cc.o[0m
[22.711s] [ 32%] [32mBuilding CXX object CMakeFiles/cartographer.dir/cartographer/mapping/internal/collated_trajectory_builder.cc.o[0m
[23.452s] [ 32%] [32mBuilding CXX object CMakeFiles/cartographer.dir/cartographer/mapping/internal/connected_components.cc.o[0m
[23.591s] [ 32%] [32mBuilding CXX object CMakeFiles/cartographer.dir/cartographer/mapping/internal/constraints/constraint_builder.cc.o[0m
[24.378s] [ 32%] [32mBuilding CXX object CMakeFiles/cartographer.dir/cartographer/mapping/internal/constraints/constraint_builder_2d.cc.o[0m
[24.564s] [ 33%] [32mBuilding CXX object CMakeFiles/cartographer.dir/cartographer/mapping/internal/constraints/constraint_builder_3d.cc.o[0m
[24.676s] [ 33%] [32mBuilding CXX object CMakeFiles/cartographer.dir/cartographer/mapping/internal/eigen_quaterniond_from_two_vectors.cc.o[0m
[24.721s] [ 33%] [32mBuilding CXX object CMakeFiles/cartographer.dir/cartographer/mapping/internal/global_trajectory_builder.cc.o[0m
[24.905s] [ 33%] [32mBuilding CXX object CMakeFiles/cartographer.dir/cartographer/mapping/internal/imu_based_pose_extrapolator.cc.o[0m
[25.257s] [ 34%] [32mBuilding CXX object CMakeFiles/cartographer.dir/cartographer/mapping/internal/motion_filter.cc.o[0m
[25.344s] [ 34%] [32mBuilding CXX object CMakeFiles/cartographer.dir/cartographer/mapping/internal/optimization/ceres_pose.cc.o[0m
[25.505s] [ 34%] [32mBuilding CXX object CMakeFiles/cartographer.dir/cartographer/mapping/internal/optimization/cost_functions/spa_cost_function_2d.cc.o[0m
[26.495s] [ 34%] [32mBuilding CXX object CMakeFiles/cartographer.dir/cartographer/mapping/internal/optimization/optimization_problem_2d.cc.o[0m
[26.534s] [ 35%] [32mBuilding CXX object CMakeFiles/cartographer.dir/cartographer/mapping/internal/optimization/optimization_problem_3d.cc.o[0m
[26.758s] [ 35%] [32mBuilding CXX object CMakeFiles/cartographer.dir/cartographer/mapping/internal/optimization/optimization_problem_options.cc.o[0m
[27.141s] [ 35%] [32mBuilding CXX object CMakeFiles/cartographer.dir/cartographer/mapping/internal/range_data_collator.cc.o[0m
[27.519s] [ 35%] [32mBuilding CXX object CMakeFiles/cartographer.dir/cartographer/mapping/internal/scan_matching/real_time_correlative_scan_matcher.cc.o[0m
[28.449s] [ 36%] [32mBuilding CXX object CMakeFiles/cartographer.dir/cartographer/mapping/internal/submap_controller.cc.o[0m
[28.534s] [ 36%] [32mBuilding CXX object CMakeFiles/cartographer.dir/cartographer/mapping/internal/trajectory_connectivity_state.cc.o[0m
[28.683s] [ 36%] [32mBuilding CXX object CMakeFiles/cartographer.dir/cartographer/mapping/map_builder.cc.o[0m
[28.838s] [ 36%] [32mBuilding CXX object CMakeFiles/cartographer.dir/cartographer/mapping/map_builder_interface.cc.o[0m
[28.854s] [ 37%] [32mBuilding CXX object CMakeFiles/cartographer.dir/cartographer/mapping/pose_extrapolator.cc.o[0m
[29.245s] [ 37%] [32mBuilding CXX object CMakeFiles/cartographer.dir/cartographer/mapping/pose_extrapolator_interface.cc.o[0m
[29.490s] [ 37%] [32mBuilding CXX object CMakeFiles/cartographer.dir/cartographer/mapping/pose_graph.cc.o[0m
[30.339s] [ 37%] [32mBuilding CXX object CMakeFiles/cartographer.dir/cartographer/mapping/pose_graph_trimmer.cc.o[0m
[30.656s] [ 38%] [32mBuilding CXX object CMakeFiles/cartographer.dir/cartographer/mapping/probability_values.cc.o[0m
[31.332s] [ 38%] [32mBuilding CXX object CMakeFiles/cartographer.dir/cartographer/mapping/range_data_inserter_interface.cc.o[0m
[31.519s] [ 38%] [32mBuilding CXX object CMakeFiles/cartographer.dir/cartographer/mapping/trajectory_builder_interface.cc.o[0m
[31.596s] [ 38%] [32mBuilding CXX object CMakeFiles/cartographer.dir/cartographer/mapping/trajectory_node.cc.o[0m
[31.703s] [ 39%] [32mBuilding CXX object CMakeFiles/cartographer.dir/cartographer/mapping/value_conversion_tables.cc.o[0m
[32.094s] [ 39%] [32mBuilding CXX object CMakeFiles/cartographer.dir/cartographer/metrics/counter.cc.o[0m
[32.198s] [ 39%] [32mBuilding CXX object CMakeFiles/cartographer.dir/cartographer/metrics/gauge.cc.o[0m
[32.286s] [ 39%] [32mBuilding CXX object CMakeFiles/cartographer.dir/cartographer/metrics/histogram.cc.o[0m
[32.326s] [ 40%] [32mBuilding CXX object CMakeFiles/cartographer.dir/cartographer/metrics/register.cc.o[0m
[32.556s] [ 40%] [32mBuilding CXX object CMakeFiles/cartographer.dir/cartographer/sensor/compressed_point_cloud.cc.o[0m
[32.712s] [ 40%] [32mBuilding CXX object CMakeFiles/cartographer.dir/cartographer/sensor/fixed_frame_pose_data.cc.o[0m
[32.718s] [ 40%] [32mBuilding CXX object CMakeFiles/cartographer.dir/cartographer/sensor/imu_data.cc.o[0m
[32.868s] [ 41%] [32mBuilding CXX object CMakeFiles/cartographer.dir/cartographer/sensor/internal/collator.cc.o[0m
[33.365s] [ 41%] [32mBuilding CXX object CMakeFiles/cartographer.dir/cartographer/sensor/internal/ordered_multi_queue.cc.o[0m
[33.611s] [ 41%] [32mBuilding CXX object CMakeFiles/cartographer.dir/cartographer/sensor/internal/trajectory_collator.cc.o[0m
[33.680s] [ 42%] [32mBuilding CXX object CMakeFiles/cartographer.dir/cartographer/sensor/internal/voxel_filter.cc.o[0m
[33.859s] [ 42%] [32mBuilding CXX object CMakeFiles/cartographer.dir/cartographer/sensor/landmark_data.cc.o[0m
[34.389s] [ 42%] [32mBuilding CXX object CMakeFiles/cartographer.dir/cartographer/sensor/odometry_data.cc.o[0m
[34.449s] [ 42%] [32mBuilding CXX object CMakeFiles/cartographer.dir/cartographer/sensor/point_cloud.cc.o[0m
[34.858s] [ 43%] [32mBuilding CXX object CMakeFiles/cartographer.dir/cartographer/sensor/range_data.cc.o[0m
[34.927s] [ 43%] [32mBuilding CXX object CMakeFiles/cartographer.dir/cartographer/sensor/timed_point_cloud_data.cc.o[0m
[35.379s] [ 43%] [32mBuilding CXX object CMakeFiles/cartographer.dir/cartographer/transform/rigid_transform.cc.o[0m
[35.842s] [ 43%] [32mBuilding CXX object CMakeFiles/cartographer.dir/cartographer/transform/timestamped_transform.cc.o[0m
[36.031s] [ 44%] [32mBuilding CXX object CMakeFiles/cartographer.dir/cartographer/transform/transform.cc.o[0m
[36.199s] [ 44%] [32mBuilding CXX object CMakeFiles/cartographer.dir/cartographer/common/proto/ceres_solver_options.pb.cc.o[0m
[36.199s] [ 44%] [32mBuilding CXX object CMakeFiles/cartographer.dir/cartographer/transform/transform_interpolation_buffer.cc.o[0m
[36.465s] [ 44%] [32mBuilding CXX object CMakeFiles/cartographer.dir/cartographer/ground_truth/proto/relations.pb.cc.o[0m
[36.603s] [ 45%] [32mBuilding CXX object CMakeFiles/cartographer.dir/cartographer/mapping/proto/cell_limits_2d.pb.cc.o[0m
[36.785s] [ 45%] [32mBuilding CXX object CMakeFiles/cartographer.dir/cartographer/mapping/proto/connected_components.pb.cc.o[0m
[36.838s] [ 45%] [32mBuilding CXX object CMakeFiles/cartographer.dir/cartographer/mapping/proto/grid_2d.pb.cc.o[0m
[37.063s] [ 45%] [32mBuilding CXX object CMakeFiles/cartographer.dir/cartographer/mapping/proto/grid_2d_options.pb.cc.o[0m
[37.141s] [ 46%] [32mBuilding CXX object CMakeFiles/cartographer.dir/cartographer/mapping/proto/hybrid_grid.pb.cc.o[0m
[37.160s] [ 46%] [32mBuilding CXX object CMakeFiles/cartographer.dir/cartographer/mapping/proto/local_trajectory_builder_options_2d.pb.cc.o[0m
[37.242s] [ 46%] [32mBuilding CXX object CMakeFiles/cartographer.dir/cartographer/mapping/proto/local_trajectory_builder_options_3d.pb.cc.o[0m
[37.257s] [ 46%] [32mBuilding CXX object CMakeFiles/cartographer.dir/cartographer/mapping/proto/map_builder_options.pb.cc.o[0m
[37.298s] [ 47%] [32mBuilding CXX object CMakeFiles/cartographer.dir/cartographer/mapping/proto/map_limits.pb.cc.o[0m
[37.551s] [ 47%] [32mBuilding CXX object CMakeFiles/cartographer.dir/cartographer/mapping/proto/motion_filter_options.pb.cc.o[0m
[37.685s] [ 47%] [32mBuilding CXX object CMakeFiles/cartographer.dir/cartographer/mapping/proto/normal_estimation_options_2d.pb.cc.o[0m
[37.737s] [ 47%] [32mBuilding CXX object CMakeFiles/cartographer.dir/cartographer/mapping/proto/pose_extrapolator_options.pb.cc.o[0m
[37.891s] [ 48%] [32mBuilding CXX object CMakeFiles/cartographer.dir/cartographer/mapping/proto/pose_graph.pb.cc.o[0m
[37.938s] [ 48%] [32mBuilding CXX object CMakeFiles/cartographer.dir/cartographer/mapping/proto/pose_graph/constraint_builder_options.pb.cc.o[0m
[37.974s] [ 48%] [32mBuilding CXX object CMakeFiles/cartographer.dir/cartographer/mapping/proto/pose_graph/optimization_problem_options.pb.cc.o[0m
[38.000s] [ 48%] [32mBuilding CXX object CMakeFiles/cartographer.dir/cartographer/mapping/proto/pose_graph_options.pb.cc.o[0m
[38.010s] [ 49%] [32mBuilding CXX object CMakeFiles/cartographer.dir/cartographer/mapping/proto/probability_grid.pb.cc.o[0m
[38.143s] [ 49%] [32mBuilding CXX object CMakeFiles/cartographer.dir/cartographer/mapping/proto/probability_grid_range_data_inserter_options_2d.pb.cc.o[0m
[38.164s] [ 49%] [32mBuilding CXX object CMakeFiles/cartographer.dir/cartographer/mapping/proto/range_data_inserter_options.pb.cc.o[0m
[38.171s] [ 49%] [32mBuilding CXX object CMakeFiles/cartographer.dir/cartographer/mapping/proto/range_data_inserter_options_3d.pb.cc.o[0m
[38.193s] [ 50%] [32mBuilding CXX object CMakeFiles/cartographer.dir/cartographer/mapping/proto/scan_matching/ceres_scan_matcher_options_2d.pb.cc.o[0m
[38.265s] [ 50%] [32mBuilding CXX object CMakeFiles/cartographer.dir/cartographer/mapping/proto/scan_matching/ceres_scan_matcher_options_3d.pb.cc.o[0m
[38.397s] [ 50%] [32mBuilding CXX object CMakeFiles/cartographer.dir/cartographer/mapping/proto/scan_matching/fast_correlative_scan_matcher_options_2d.pb.cc.o[0m
[38.641s] [ 50%] [32mBuilding CXX object CMakeFiles/cartographer.dir/cartographer/mapping/proto/scan_matching/fast_correlative_scan_matcher_options_3d.pb.cc.o[0m
[38.676s] [ 51%] [32mBuilding CXX object CMakeFiles/cartographer.dir/cartographer/mapping/proto/scan_matching/real_time_correlative_scan_matcher_options.pb.cc.o[0m
[38.696s] [ 51%] [32mBuilding CXX object CMakeFiles/cartographer.dir/cartographer/mapping/proto/serialization.pb.cc.o[0m
[38.705s] [ 51%] [32mBuilding CXX object CMakeFiles/cartographer.dir/cartographer/mapping/proto/submap.pb.cc.o[0m
[38.789s] [ 52%] [32mBuilding CXX object CMakeFiles/cartographer.dir/cartographer/mapping/proto/submap_visualization.pb.cc.o[0m
[38.799s] [ 52%] [32mBuilding CXX object CMakeFiles/cartographer.dir/cartographer/mapping/proto/submaps_options_2d.pb.cc.o[0m
[38.818s] [ 52%] [32mBuilding CXX object CMakeFiles/cartographer.dir/cartographer/mapping/proto/submaps_options_3d.pb.cc.o[0m
[38.840s] [ 52%] [32mBuilding CXX object CMakeFiles/cartographer.dir/cartographer/mapping/proto/trajectory.pb.cc.o[0m
[38.926s] [ 53%] [32mBuilding CXX object CMakeFiles/cartographer.dir/cartographer/mapping/proto/trajectory_builder_options.pb.cc.o[0m
[39.084s] [ 53%] [32mBuilding CXX object CMakeFiles/cartographer.dir/cartographer/mapping/proto/trajectory_node_data.pb.cc.o[0m
[39.088s] [ 53%] [32mBuilding CXX object CMakeFiles/cartographer.dir/cartographer/mapping/proto/tsdf_2d.pb.cc.o[0m
[39.103s] [ 53%] [32mBuilding CXX object CMakeFiles/cartographer.dir/cartographer/mapping/proto/tsdf_range_data_inserter_options_2d.pb.cc.o[0m
[39.345s] [ 54%] [32mBuilding CXX object CMakeFiles/cartographer.dir/cartographer/sensor/proto/adaptive_voxel_filter_options.pb.cc.o[0m
[39.366s] [ 54%] [32mBuilding CXX object CMakeFiles/cartographer.dir/cartographer/sensor/proto/sensor.pb.cc.o[0m
[39.493s] [ 54%] [32mBuilding CXX object CMakeFiles/cartographer.dir/cartographer/transform/proto/timestamped_transform.pb.cc.o[0m
[39.548s] [ 54%] [32mBuilding CXX object CMakeFiles/cartographer.dir/cartographer/transform/proto/transform.pb.cc.o[0m
[40.748s] [ 55%] [32m[1mLinking CXX static library libcartographer.a[0m
[40.826s] [ 55%] Built target cartographer
[40.839s] [ 56%] [32mBuilding CXX object CMakeFiles/cartographer_test_library.dir/cartographer/io/fake_file_writer.cc.o[0m
[40.839s] [ 56%] [32mBuilding CXX object CMakeFiles/cartographer_print_configuration.dir/cartographer/common/print_configuration_main.cc.o[0m
[40.839s] [ 56%] [32mBuilding CXX object CMakeFiles/cartographer_compute_relations_metrics.dir/cartographer/ground_truth/compute_relations_metrics_main.cc.o[0m
[40.839s] [ 56%] [32mBuilding CXX object CMakeFiles/cartographer_test_library.dir/cartographer/io/fake_file_writer_test.cc.o[0m
[40.839s] [ 56%] [32mBuilding CXX object CMakeFiles/cartographer_test_library.dir/cartographer/io/internal/testing/test_helpers.cc.o[0m
[40.839s] [ 56%] [32mBuilding CXX object CMakeFiles/cartographer_test_library.dir/cartographer/mapping/internal/testing/test_helpers.cc.o[0m
[40.839s] [ 56%] [32mBuilding CXX object CMakeFiles/cartographer_autogenerate_ground_truth.dir/cartographer/ground_truth/autogenerate_ground_truth_main.cc.o[0m
[40.839s] [ 56%] [32mBuilding CXX object CMakeFiles/cartographer_pbstream.dir/cartographer/io/pbstream_main.cc.o[0m
[41.397s] [ 57%] [32m[1mLinking CXX executable cartographer_pbstream[0m
[41.573s] [ 57%] Built target cartographer_pbstream
[41.760s] [ 57%] [32m[1mLinking CXX executable cartographer_print_configuration[0m
[41.817s] [ 57%] Built target cartographer_print_configuration
[42.489s] [ 58%] [32m[1mLinking CXX executable cartographer_autogenerate_ground_truth[0m
[42.579s] [ 58%] Built target cartographer_autogenerate_ground_truth
[42.833s] [ 58%] [32m[1mLinking CXX executable cartographer_compute_relations_metrics[0m
[42.923s] [ 58%] Built target cartographer_compute_relations_metrics
[42.986s] [ 58%] [32m[1mLinking CXX static library libcartographer_test_library.a[0m
[43.003s] [ 58%] Built target cartographer_test_library
[43.015s] [ 58%] [32mBuilding CXX object CMakeFiles/cartographer.common.internal.blocking_queue_test.dir/cartographer/common/internal/blocking_queue_test.cc.o[0m
[43.015s] [ 58%] [32mBuilding CXX object CMakeFiles/cartographer.common.configuration_files_test.dir/cartographer/common/configuration_files_test.cc.o[0m
[43.015s] [ 58%] [32mBuilding CXX object CMakeFiles/cartographer.common.math_test.dir/cartographer/common/math_test.cc.o[0m
[43.016s] [ 58%] [32mBuilding CXX object CMakeFiles/cartographer.common.task_test.dir/cartographer/common/task_test.cc.o[0m
[43.017s] [ 58%] [32mBuilding CXX object CMakeFiles/cartographer.common.fixed_ratio_sampler_test.dir/cartographer/common/fixed_ratio_sampler_test.cc.o[0m
[43.018s] [ 58%] [32mBuilding CXX object CMakeFiles/cartographer.common.lua_parameter_dictionary_test.dir/cartographer/common/lua_parameter_dictionary_test.cc.o[0m
[43.018s] [ 58%] [32mBuilding CXX object CMakeFiles/cartographer.io.probability_grid_points_processor_test.dir/cartographer/io/probability_grid_points_processor_test.cc.o[0m
[43.018s] [ 58%] [32mBuilding CXX object CMakeFiles/cartographer.common.thread_pool_test.dir/cartographer/common/thread_pool_test.cc.o[0m
[43.019s] [ 58%] [32mBuilding CXX object CMakeFiles/cartographer.io.fake_file_writer_test.dir/cartographer/io/fake_file_writer_test.cc.o[0m
[43.019s] [ 58%] [32mBuilding CXX object CMakeFiles/cartographer.common.internal.rate_timer_test.dir/cartographer/common/internal/rate_timer_test.cc.o[0m
[43.023s] [ 58%] [32mBuilding CXX object CMakeFiles/cartographer.io.internal.in_memory_proto_stream_test.dir/cartographer/io/internal/in_memory_proto_stream_test.cc.o[0m
[43.024s] [ 58%] [32mBuilding CXX object CMakeFiles/cartographer.io.points_processor_pipeline_builder_test.dir/cartographer/io/points_processor_pipeline_builder_test.cc.o[0m
[44.637s] [ 59%] [32m[1mLinking CXX executable cartographer.common.fixed_ratio_sampler_test[0m
[44.722s] [ 60%] [32m[1mLinking CXX executable cartographer.common.thread_pool_test[0m
[44.758s] [ 60%] Built target cartographer.common.fixed_ratio_sampler_test
[44.776s] [ 60%] [32mBuilding CXX object CMakeFiles/cartographer.io.proto_stream_deserializer_test.dir/cartographer/io/proto_stream_deserializer_test.cc.o[0m
[44.834s] [ 60%] Built target cartographer.common.thread_pool_test
[44.848s] [ 61%] [32mBuilding CXX object CMakeFiles/cartographer.io.proto_stream_test.dir/cartographer/io/proto_stream_test.cc.o[0m
[44.892s] [ 61%] [32m[1mLinking CXX executable cartographer.io.fake_file_writer_test[0m
[44.993s] [ 61%] Built target cartographer.io.fake_file_writer_test
[45.018s] [ 61%] [32mBuilding CXX object CMakeFiles/cartographer.io.serialization_format_migration_test.dir/cartographer/io/serialization_format_migration_test.cc.o[0m
[45.184s] [ 62%] [32m[1mLinking CXX executable cartographer.common.math_test[0m
[45.228s] [ 63%] [32m[1mLinking CXX executable cartographer.io.internal.in_memory_proto_stream_test[0m
[45.233s] [ 64%] [32m[1mLinking CXX executable cartographer.common.internal.rate_timer_test[0m
[45.292s] [ 64%] Built target cartographer.common.math_test
[45.311s] [ 65%] [32mBuilding CXX object CMakeFiles/cartographer.mapping.2d.map_limits_test.dir/cartographer/mapping/2d/map_limits_test.cc.o[0m
[45.340s] [ 65%] Built target cartographer.common.internal.rate_timer_test
[45.354s] [ 65%] [32mBuilding CXX object CMakeFiles/cartographer.mapping.2d.probability_grid_test.dir/cartographer/mapping/2d/probability_grid_test.cc.o[0m
[45.372s] [ 65%] Built target cartographer.io.internal.in_memory_proto_stream_test
[45.393s] [ 66%] [32mBuilding CXX object CMakeFiles/cartographer.mapping.2d.range_data_inserter_2d_test.dir/cartographer/mapping/2d/range_data_inserter_2d_test.cc.o[0m
[45.442s] [ 66%] [32m[1mLinking CXX executable cartographer.common.internal.blocking_queue_test[0m
[45.512s] [ 66%] [32m[1mLinking CXX executable cartographer.common.task_test[0m
[45.551s] [ 66%] Built target cartographer.common.internal.blocking_queue_test
[45.584s] [ 66%] [32mBuilding CXX object CMakeFiles/cartographer.mapping.2d.submap_2d_test.dir/cartographer/mapping/2d/submap_2d_test.cc.o[0m
[45.604s] [ 66%] Built target cartographer.common.task_test
[45.622s] [ 67%] [32mBuilding CXX object CMakeFiles/cartographer.mapping.2d.xy_index_test.dir/cartographer/mapping/2d/xy_index_test.cc.o[0m
[45.681s] [ 67%] [32m[1mLinking CXX executable cartographer.common.lua_parameter_dictionary_test[0m
[45.755s] [ 67%] [32m[1mLinking CXX executable cartographer.common.configuration_files_test[0m
[45.777s] [ 67%] Built target cartographer.common.lua_parameter_dictionary_test
[45.794s] [ 67%] [32mBuilding CXX object CMakeFiles/cartographer.mapping.3d.hybrid_grid_test.dir/cartographer/mapping/3d/hybrid_grid_test.cc.o[0m
[45.870s] [ 67%] [32m[1mLinking CXX executable cartographer.io.points_processor_pipeline_builder_test[0m
[46.051s] [ 67%] Built target cartographer.io.points_processor_pipeline_builder_test
[46.089s] [ 68%] [32mBuilding CXX object CMakeFiles/cartographer.mapping.3d.range_data_inserter_3d_test.dir/cartographer/mapping/3d/range_data_inserter_3d_test.cc.o[0m
[46.205s] [ 68%] Built target cartographer.common.configuration_files_test
[46.225s] [ 68%] [32mBuilding CXX object CMakeFiles/cartographer.mapping.3d.submap_3d_test.dir/cartographer/mapping/3d/submap_3d_test.cc.o[0m
[46.681s] [ 68%] [32m[1mLinking CXX executable cartographer.io.proto_stream_test[0m
[46.849s] [ 68%] Built target cartographer.io.proto_stream_test
[46.870s] [ 69%] [32mBuilding CXX object CMakeFiles/cartographer.mapping.id_test.dir/cartographer/mapping/id_test.cc.o[0m
[47.164s] [ 70%] [32m[1mLinking CXX executable cartographer.io.probability_grid_points_processor_test[0m
[47.312s] [ 70%] [32m[1mLinking CXX executable cartographer.io.proto_stream_deserializer_test[0m
[47.380s] [ 70%] Built target cartographer.io.probability_grid_points_processor_test
[47.396s] [ 70%] [32mBuilding CXX object CMakeFiles/cartographer.mapping.imu_tracker_test.dir/cartographer/mapping/imu_tracker_test.cc.o[0m
[47.591s] [ 70%] Built target cartographer.io.proto_stream_deserializer_test
[47.607s] [ 71%] [32mBuilding CXX object CMakeFiles/cartographer.mapping.internal.2d.normal_estimation_2d_test.dir/cartographer/mapping/internal/2d/normal_estimation_2d_test.cc.o[0m
[48.018s] [ 71%] [32m[1mLinking CXX executable cartographer.mapping.2d.map_limits_test[0m
[48.045s] [ 71%] [32m[1mLinking CXX executable cartographer.mapping.2d.xy_index_test[0m
[48.157s] [ 71%] Built target cartographer.mapping.2d.map_limits_test
[48.169s] [ 71%] Built target cartographer.mapping.2d.xy_index_test
[48.175s] [ 71%] [32mBuilding CXX object CMakeFiles/cartographer.mapping.internal.2d.overlapping_submaps_trimmer_2d_test.dir/cartographer/mapping/internal/2d/overlapping_submaps_trimmer_2d_test.cc.o[0m
[48.187s] [ 72%] [32mBuilding CXX object CMakeFiles/cartographer.mapping.internal.2d.pose_graph_2d_test.dir/cartographer/mapping/internal/2d/pose_graph_2d_test.cc.o[0m
[48.469s] [ 72%] [32m[1mLinking CXX executable cartographer.mapping.2d.range_data_inserter_2d_test[0m
[48.499s] [ 72%] [32m[1mLinking CXX executable cartographer.io.serialization_format_migration_test[0m
[48.634s] [ 72%] Built target cartographer.mapping.2d.range_data_inserter_2d_test
[48.655s] [ 72%] [32mBuilding CXX object CMakeFiles/cartographer.mapping.internal.2d.ray_to_pixel_mask_test.dir/cartographer/mapping/internal/2d/ray_to_pixel_mask_test.cc.o[0m
[48.882s] [ 72%] [32m[1mLinking CXX executable cartographer.mapping.2d.probability_grid_test[0m
[49.069s] [ 72%] Built target cartographer.mapping.2d.probability_grid_test
[49.071s] [ 72%] Built target cartographer.io.serialization_format_migration_test
[49.090s] [ 73%] [32mBuilding CXX object CMakeFiles/cartographer.mapping.internal.2d.scan_matching.ceres_scan_matcher_2d_test.dir/cartographer/mapping/internal/2d/scan_matching/ceres_scan_matcher_2d_test.cc.o[0m
[49.091s] [ 73%] [32mBuilding CXX object CMakeFiles/cartographer.mapping.internal.2d.scan_matching.correlative_scan_matcher_test.dir/cartographer/mapping/internal/2d/scan_matching/correlative_scan_matcher_test.cc.o[0m
[49.653s] [ 73%] [32m[1mLinking CXX executable cartographer.mapping.imu_tracker_test[0m
[49.738s] [ 73%] [32m[1mLinking CXX executable cartographer.mapping.2d.submap_2d_test[0m
[49.743s] [ 73%] Built target cartographer.mapping.imu_tracker_test
[49.769s] [ 74%] [32mBuilding CXX object CMakeFiles/cartographer.mapping.internal.2d.scan_matching.fast_correlative_scan_matcher_2d_test.dir/cartographer/mapping/internal/2d/scan_matching/fast_correlative_scan_matcher_2d_test.cc.o[0m
[49.920s] [ 74%] Built target cartographer.mapping.2d.submap_2d_test
[49.941s] [ 74%] [32mBuilding CXX object CMakeFiles/cartographer.mapping.internal.2d.scan_matching.interpolated_tsdf_2d_test.dir/cartographer/mapping/internal/2d/scan_matching/interpolated_tsdf_2d_test.cc.o[0m
[49.975s] [ 74%] [32m[1mLinking CXX executable cartographer.mapping.3d.range_data_inserter_3d_test[0m
[50.096s] [ 74%] Built target cartographer.mapping.3d.range_data_inserter_3d_test
[50.114s] [ 74%] [32mBuilding CXX object CMakeFiles/cartographer.mapping.internal.2d.scan_matching.occupied_space_cost_function_2d_test.dir/cartographer/mapping/internal/2d/scan_matching/occupied_space_cost_function_2d_test.cc.o[0m
[50.152s] [ 74%] [32m[1mLinking CXX executable cartographer.mapping.3d.submap_3d_test[0m
[50.327s] [ 74%] Built target cartographer.mapping.3d.submap_3d_test
[50.348s] [ 74%] [32mBuilding CXX object CMakeFiles/cartographer.mapping.internal.2d.scan_matching.real_time_correlative_scan_matcher_2d_test.dir/cartographer/mapping/internal/2d/scan_matching/real_time_correlative_scan_matcher_2d_test.cc.o[0m
[50.413s] [ 74%] [32m[1mLinking CXX executable cartographer.mapping.id_test[0m
[50.500s] [ 74%] Built target cartographer.mapping.id_test
[50.515s] [ 74%] [32mBuilding CXX object CMakeFiles/cartographer.mapping.internal.2d.scan_matching.tsdf_match_cost_function_2d_test.dir/cartographer/mapping/internal/2d/scan_matching/tsdf_match_cost_function_2d_test.cc.o[0m
[50.813s] [ 74%] [32m[1mLinking CXX executable cartographer.mapping.3d.hybrid_grid_test[0m
[50.906s] [ 74%] Built target cartographer.mapping.3d.hybrid_grid_test
[50.919s] [ 74%] [32mBuilding CXX object CMakeFiles/cartographer.mapping.internal.2d.tsd_value_converter_test.dir/cartographer/mapping/internal/2d/tsd_value_converter_test.cc.o[0m
[51.177s] [ 74%] [32m[1mLinking CXX executable cartographer.mapping.internal.2d.normal_estimation_2d_test[0m
[51.297s] [ 74%] Built target cartographer.mapping.internal.2d.normal_estimation_2d_test
[51.315s] [ 74%] [32mBuilding CXX object CMakeFiles/cartographer.mapping.internal.2d.tsdf_2d_test.dir/cartographer/mapping/internal/2d/tsdf_2d_test.cc.o[0m
[52.158s] [ 74%] [32m[1mLinking CXX executable cartographer.mapping.internal.2d.scan_matching.correlative_scan_matcher_test[0m
[52.259s] [ 74%] Built target cartographer.mapping.internal.2d.scan_matching.correlative_scan_matcher_test
[52.286s] [ 74%] [32mBuilding CXX object CMakeFiles/cartographer.mapping.internal.2d.tsdf_range_data_inserter_2d_test.dir/cartographer/mapping/internal/2d/tsdf_range_data_inserter_2d_test.cc.o[0m
[52.898s] [ 74%] [32m[1mLinking CXX executable cartographer.mapping.internal.2d.ray_to_pixel_mask_test[0m
[52.928s] [ 75%] [32m[1mLinking CXX executable cartographer.mapping.internal.2d.scan_matching.interpolated_tsdf_2d_test[0m
[53.036s] [ 75%] Built target cartographer.mapping.internal.2d.ray_to_pixel_mask_test
[53.061s] [ 75%] [32mBuilding CXX object CMakeFiles/cartographer.mapping.internal.3d.local_trajectory_builder_3d_test.dir/cartographer/mapping/internal/3d/local_trajectory_builder_3d_test.cc.o[0m
[53.074s] [ 75%] Built target cartographer.mapping.internal.2d.scan_matching.interpolated_tsdf_2d_test
[53.103s] [ 75%] [32mBuilding CXX object CMakeFiles/cartographer.mapping.internal.3d.pose_graph_3d_test.dir/cartographer/mapping/internal/3d/pose_graph_3d_test.cc.o[0m
[53.266s] [ 76%] [32m[1mLinking CXX executable cartographer.mapping.internal.2d.tsd_value_converter_test[0m
[53.267s] [ 76%] [32m[1mLinking CXX executable cartographer.mapping.internal.2d.overlapping_submaps_trimmer_2d_test[0m
[53.308s] [ 76%] [32m[1mLinking CXX executable cartographer.mapping.internal.2d.scan_matching.ceres_scan_matcher_2d_test[0m
[53.421s] [ 76%] [32m[1mLinking CXX executable cartographer.mapping.internal.2d.scan_matching.occupied_space_cost_function_2d_test[0m
[53.440s] [ 76%] Built target cartographer.mapping.internal.2d.tsd_value_converter_test
[53.447s] [ 76%] Built target cartographer.mapping.internal.2d.overlapping_submaps_trimmer_2d_test
[53.462s] [ 76%] [32mBuilding CXX object CMakeFiles/cartographer.mapping.internal.3d.rotation_parameterization_test.dir/cartographer/mapping/internal/3d/rotation_parameterization_test.cc.o[0m
[53.469s] [ 76%] [32mBuilding CXX object CMakeFiles/cartographer.mapping.internal.3d.scan_matching.ceres_scan_matcher_3d_test.dir/cartographer/mapping/internal/3d/scan_matching/ceres_scan_matcher_3d_test.cc.o[0m
[53.483s] [ 76%] Built target cartographer.mapping.internal.2d.scan_matching.ceres_scan_matcher_2d_test
[53.483s] [ 76%] [32m[1mLinking CXX executable cartographer.mapping.internal.3d.rotation_parameterization_test[0m
[53.527s] [ 76%] [32mBuilding CXX object CMakeFiles/cartographer.mapping.internal.3d.scan_matching.fast_correlative_scan_matcher_3d_test.dir/cartographer/mapping/internal/3d/scan_matching/fast_correlative_scan_matcher_3d_test.cc.o[0m
[53.617s] [ 76%] Built target cartographer.mapping.internal.2d.scan_matching.occupied_space_cost_function_2d_test
[53.617s] [ 76%] Built target cartographer.mapping.internal.3d.rotation_parameterization_test
[53.639s] [ 76%] [32mBuilding CXX object CMakeFiles/cartographer.mapping.internal.3d.scan_matching.intensity_cost_function_3d_test.dir/cartographer/mapping/internal/3d/scan_matching/intensity_cost_function_3d_test.cc.o[0m
[53.646s] [ 76%] [32mBuilding CXX object CMakeFiles/cartographer.mapping.internal.3d.scan_matching.interpolated_grid_test.dir/cartographer/mapping/internal/3d/scan_matching/interpolated_grid_test.cc.o[0m
[53.793s] [ 77%] [32m[1mLinking CXX executable cartographer.mapping.internal.2d.scan_matching.real_time_correlative_scan_matcher_2d_test[0m
[53.986s] [ 77%] Built target cartographer.mapping.internal.2d.scan_matching.real_time_correlative_scan_matcher_2d_test
[54.007s] [ 77%] [32mBuilding CXX object CMakeFiles/cartographer.mapping.internal.3d.scan_matching.precomputation_grid_3d_test.dir/cartographer/mapping/internal/3d/scan_matching/precomputation_grid_3d_test.cc.o[0m
[54.724s] [ 77%] [32m[1mLinking CXX executable cartographer.mapping.internal.2d.tsdf_2d_test[0m
[54.906s] [ 77%] [32m[1mLinking CXX executable cartographer.mapping.internal.2d.scan_matching.fast_correlative_scan_matcher_2d_test[0m
[54.926s] [ 77%] Built target cartographer.mapping.internal.2d.tsdf_2d_test
[54.942s] [ 77%] [32mBuilding CXX object CMakeFiles/cartographer.mapping.internal.3d.scan_matching.real_time_correlative_scan_matcher_3d_test.dir/cartographer/mapping/internal/3d/scan_matching/real_time_correlative_scan_matcher_3d_test.cc.o[0m
[54.961s] [ 77%] [32m[1mLinking CXX executable cartographer.mapping.internal.2d.scan_matching.tsdf_match_cost_function_2d_test[0m
[55.107s] [ 77%] Built target cartographer.mapping.internal.2d.scan_matching.fast_correlative_scan_matcher_2d_test
[55.114s] [ 77%] Built target cartographer.mapping.internal.2d.scan_matching.tsdf_match_cost_function_2d_test
[55.121s] [ 77%] [32m[1mLinking CXX executable cartographer.mapping.internal.2d.pose_graph_2d_test[0m
[55.135s] [ 77%] [32mBuilding CXX object CMakeFiles/cartographer.mapping.internal.3d.scan_matching.rotation_delta_cost_functor_3d_test.dir/cartographer/mapping/internal/3d/scan_matching/rotation_delta_cost_functor_3d_test.cc.o[0m
[55.144s] [ 77%] [32mBuilding CXX object CMakeFiles/cartographer.mapping.internal.3d.scan_matching.rotational_scan_matcher_test.dir/cartographer/mapping/internal/3d/scan_matching/rotational_scan_matcher_test.cc.o[0m
[55.376s] [ 77%] Built target cartographer.mapping.internal.2d.pose_graph_2d_test
[55.398s] [ 77%] [32mBuilding CXX object CMakeFiles/cartographer.mapping.internal.connected_components_test.dir/cartographer/mapping/internal/connected_components_test.cc.o[0m
[56.666s] [ 78%] [32m[1mLinking CXX executable cartographer.mapping.internal.2d.tsdf_range_data_inserter_2d_test[0m
[56.789s] [ 78%] Built target cartographer.mapping.internal.2d.tsdf_range_data_inserter_2d_test
[56.809s] [ 78%] [32mBuilding CXX object CMakeFiles/cartographer.mapping.internal.constraints.constraint_builder_2d_test.dir/cartographer/mapping/internal/constraints/constraint_builder_2d_test.cc.o[0m
[56.863s] [ 78%] [32m[1mLinking CXX executable cartographer.mapping.internal.3d.scan_matching.interpolated_grid_test[0m
[56.955s] [ 78%] Built target cartographer.mapping.internal.3d.scan_matching.interpolated_grid_test
[56.968s] [ 79%] [32mBuilding CXX object CMakeFiles/cartographer.mapping.internal.constraints.constraint_builder_3d_test.dir/cartographer/mapping/internal/constraints/constraint_builder_3d_test.cc.o[0m
[57.155s] [ 80%] [32m[1mLinking CXX executable cartographer.mapping.internal.3d.scan_matching.precomputation_grid_3d_test[0m
[57.261s] [ 80%] Built target cartographer.mapping.internal.3d.scan_matching.precomputation_grid_3d_test
[57.279s] [ 80%] [32mBuilding CXX object CMakeFiles/cartographer.mapping.internal.motion_filter_test.dir/cartographer/mapping/internal/motion_filter_test.cc.o[0m
[57.520s] [ 81%] [32m[1mLinking CXX executable cartographer.mapping.internal.3d.scan_matching.rotation_delta_cost_functor_3d_test[0m
[57.641s] [ 82%] [32m[1mLinking CXX executable cartographer.mapping.internal.3d.scan_matching.intensity_cost_function_3d_test[0m
[57.653s] [ 82%] Built target cartographer.mapping.internal.3d.scan_matching.rotation_delta_cost_functor_3d_test
[57.669s] [ 83%] [32mBuilding CXX object CMakeFiles/cartographer.mapping.internal.optimization.cost_functions.landmark_cost_function_2d_test.dir/cartographer/mapping/internal/optimization/cost_functions/landmark_cost_function_2d_test.cc.o[0m
[57.826s] [ 83%] Built target cartographer.mapping.internal.3d.scan_matching.intensity_cost_function_3d_test
[57.844s] [ 83%] [32mBuilding CXX object CMakeFiles/cartographer.mapping.internal.optimization.cost_functions.landmark_cost_function_3d_test.dir/cartographer/mapping/internal/optimization/cost_functions/landmark_cost_function_3d_test.cc.o[0m
[57.909s] [ 83%] [32m[1mLinking CXX executable cartographer.mapping.internal.3d.scan_matching.rotational_scan_matcher_test[0m
[58.003s] [ 83%] Built target cartographer.mapping.internal.3d.scan_matching.rotational_scan_matcher_test
[58.016s] [ 84%] [32mBuilding CXX object CMakeFiles/cartographer.mapping.internal.optimization.cost_functions.spa_cost_function_2d_test.dir/cartographer/mapping/internal/optimization/cost_functions/spa_cost_function_2d_test.cc.o[0m
[58.442s] [ 85%] [32m[1mLinking CXX executable cartographer.mapping.internal.3d.scan_matching.ceres_scan_matcher_3d_test[0m
[58.613s] [ 85%] Built target cartographer.mapping.internal.3d.scan_matching.ceres_scan_matcher_3d_test
[58.631s] [ 85%] [32mBuilding CXX object CMakeFiles/cartographer.mapping.internal.optimization.optimization_problem_3d_test.dir/cartographer/mapping/internal/optimization/optimization_problem_3d_test.cc.o[0m
[58.653s] [ 86%] [32m[1mLinking CXX executable cartographer.mapping.internal.connected_components_test[0m
[58.797s] [ 86%] Built target cartographer.mapping.internal.connected_components_test
[58.818s] [ 87%] [32mBuilding CXX object CMakeFiles/cartographer.mapping.internal.range_data_collator_test.dir/cartographer/mapping/internal/range_data_collator_test.cc.o[0m
[58.819s] [ 87%] [32m[1mLinking CXX executable cartographer.mapping.internal.3d.local_trajectory_builder_3d_test[0m
[58.919s] [ 88%] [32m[1mLinking CXX executable cartographer.mapping.internal.3d.pose_graph_3d_test[0m
[59.074s] [ 88%] Built target cartographer.mapping.internal.3d.local_trajectory_builder_3d_test
[59.103s] [ 88%] [32mBuilding CXX object CMakeFiles/cartographer.mapping.internal.trajectory_connectivity_state_test.dir/cartographer/mapping/internal/trajectory_connectivity_state_test.cc.o[0m
[59.125s] [ 88%] Built target cartographer.mapping.internal.3d.pose_graph_3d_test
[59.145s] [ 89%] [32mBuilding CXX object CMakeFiles/cartographer.mapping.map_builder_test.dir/cartographer/mapping/map_builder_test.cc.o[0m
[59.237s] [ 89%] [32m[1mLinking CXX executable cartographer.mapping.internal.3d.scan_matching.fast_correlative_scan_matcher_3d_test[0m
[59.370s] [ 89%] Built target cartographer.mapping.internal.3d.scan_matching.fast_correlative_scan_matcher_3d_test
[59.387s] [ 89%] [32mBuilding CXX object CMakeFiles/cartographer.mapping.pose_extrapolator_test.dir/cartographer/mapping/pose_extrapolator_test.cc.o[0m
[59.683s] [ 89%] [32m[1mLinking CXX executable cartographer.mapping.internal.3d.scan_matching.real_time_correlative_scan_matcher_3d_test[0m
[59.812s] [ 89%] Built target cartographer.mapping.internal.3d.scan_matching.real_time_correlative_scan_matcher_3d_test
[59.827s] [ 90%] [32mBuilding CXX object CMakeFiles/cartographer.mapping.pose_graph_test.dir/cartographer/mapping/pose_graph_test.cc.o[0m
[60.287s] [ 90%] [32m[1mLinking CXX executable cartographer.mapping.internal.motion_filter_test[0m
[60.446s] [ 90%] Built target cartographer.mapping.internal.motion_filter_test
[60.459s] [ 90%] [32mBuilding CXX object CMakeFiles/cartographer.mapping.pose_graph_trimmer_test.dir/cartographer/mapping/pose_graph_trimmer_test.cc.o[0m
[62.088s] [ 90%] [32m[1mLinking CXX executable cartographer.mapping.internal.constraints.constraint_builder_2d_test[0m
[62.295s] [ 90%] [32m[1mLinking CXX executable cartographer.mapping.internal.range_data_collator_test[0m
[62.332s] [ 90%] [32m[1mLinking CXX executable cartographer.mapping.internal.trajectory_connectivity_state_test[0m
[62.366s] [ 90%] Built target cartographer.mapping.internal.constraints.constraint_builder_2d_test
[62.386s] [ 91%] [32mBuilding CXX object CMakeFiles/cartographer.mapping.probability_values_test.dir/cartographer/mapping/probability_values_test.cc.o[0m
[62.396s] [ 91%] Built target cartographer.mapping.internal.range_data_collator_test
[62.416s] [ 91%] [32mBuilding CXX object CMakeFiles/cartographer.mapping.submaps_test.dir/cartographer/mapping/submaps_test.cc.o[0m
[62.512s] [ 91%] Built target cartographer.mapping.internal.trajectory_connectivity_state_test
[62.515s] [ 91%] [32m[1mLinking CXX executable cartographer.mapping.internal.constraints.constraint_builder_3d_test[0m
[62.564s] [ 92%] [32mBuilding CXX object CMakeFiles/cartographer.mapping.trajectory_node_test.dir/cartographer/mapping/trajectory_node_test.cc.o[0m
[62.702s] [ 92%] [32m[1mLinking CXX executable cartographer.mapping.internal.optimization.cost_functions.spa_cost_function_2d_test[0m
[62.814s] [ 92%] Built target cartographer.mapping.internal.optimization.cost_functions.spa_cost_function_2d_test
[62.841s] [ 92%] [32mBuilding CXX object CMakeFiles/cartographer.mapping.value_conversion_tables_test.dir/cartographer/mapping/value_conversion_tables_test.cc.o[0m
[62.850s] [ 92%] Built target cartographer.mapping.internal.constraints.constraint_builder_3d_test
[62.873s] [ 93%] [32mBuilding CXX object CMakeFiles/cartographer.sensor.compressed_point_cloud_test.dir/cartographer/sensor/compressed_point_cloud_test.cc.o[0m
[63.046s] [ 93%] [32m[1mLinking CXX executable cartographer.mapping.internal.optimization.optimization_problem_3d_test[0m
[63.251s] [ 93%] Built target cartographer.mapping.internal.optimization.optimization_problem_3d_test
[63.276s] [ 93%] [32mBuilding CXX object CMakeFiles/cartographer.sensor.internal.collator_test.dir/cartographer/sensor/internal/collator_test.cc.o[0m
[63.439s] [ 93%] [32m[1mLinking CXX executable cartographer.mapping.pose_graph_test[0m
[63.476s] [ 93%] [32m[1mLinking CXX executable cartographer.mapping.internal.optimization.cost_functions.landmark_cost_function_2d_test[0m
[63.532s] [ 93%] [32m[1mLinking CXX executable cartographer.mapping.internal.optimization.cost_functions.landmark_cost_function_3d_test[0m
[63.638s] [ 93%] Built target cartographer.mapping.internal.optimization.cost_functions.landmark_cost_function_3d_test
[63.642s] [ 93%] Built target cartographer.mapping.internal.optimization.cost_functions.landmark_cost_function_2d_test
[63.656s] [ 94%] [32mBuilding CXX object CMakeFiles/cartographer.sensor.internal.ordered_multi_queue_test.dir/cartographer/sensor/internal/ordered_multi_queue_test.cc.o[0m
[63.661s] [ 94%] [32mBuilding CXX object CMakeFiles/cartographer.sensor.internal.trajectory_collator_test.dir/cartographer/sensor/internal/trajectory_collator_test.cc.o[0m
[63.661s] [ 94%] Built target cartographer.mapping.pose_graph_test
[63.676s] [ 94%] [32mBuilding CXX object CMakeFiles/cartographer.sensor.internal.voxel_filter_test.dir/cartographer/sensor/internal/voxel_filter_test.cc.o[0m
[63.761s] [ 94%] [32m[1mLinking CXX executable cartographer.mapping.pose_graph_trimmer_test[0m
[63.855s] [ 94%] Built target cartographer.mapping.pose_graph_trimmer_test
[63.892s] [ 94%] [32mBuilding CXX object CMakeFiles/cartographer.sensor.landmark_data_test.dir/cartographer/sensor/landmark_data_test.cc.o[0m
[64.464s] [ 94%] [32m[1mLinking CXX executable cartographer.mapping.value_conversion_tables_test[0m
[64.500s] [ 94%] [32m[1mLinking CXX executable cartographer.mapping.pose_extrapolator_test[0m
[64.569s] [ 94%] Built target cartographer.mapping.value_conversion_tables_test
[64.586s] [ 94%] [32mBuilding CXX object CMakeFiles/cartographer.sensor.map_by_time_test.dir/cartographer/sensor/map_by_time_test.cc.o[0m
[64.600s] [ 94%] Built target cartographer.mapping.pose_extrapolator_test
[64.628s] [ 94%] [32mBuilding CXX object CMakeFiles/cartographer.sensor.point_cloud_test.dir/cartographer/sensor/point_cloud_test.cc.o[0m
[64.751s] [ 94%] [32m[1mLinking CXX executable cartographer.mapping.probability_values_test[0m
[64.845s] [ 94%] Built target cartographer.mapping.probability_values_test
[64.867s] [ 94%] [32mBuilding CXX object CMakeFiles/cartographer.sensor.range_data_test.dir/cartographer/sensor/range_data_test.cc.o[0m
[65.165s] [ 94%] [32m[1mLinking CXX executable cartographer.mapping.submaps_test[0m
[65.263s] [ 94%] Built target cartographer.mapping.submaps_test
[65.282s] [ 94%] [32mBuilding CXX object CMakeFiles/cartographer.transform.rigid_transform_test.dir/cartographer/transform/rigid_transform_test.cc.o[0m
[66.211s] [ 94%] [32m[1mLinking CXX executable cartographer.mapping.map_builder_test[0m
[66.537s] [ 94%] [32m[1mLinking CXX executable cartographer.sensor.compressed_point_cloud_test[0m
[66.544s] [ 94%] Built target cartographer.mapping.map_builder_test
[66.567s] [ 94%] [32mBuilding CXX object CMakeFiles/cartographer.transform.timestamped_transform_test.dir/cartographer/transform/timestamped_transform_test.cc.o[0m
[66.661s] [ 94%] [32m[1mLinking CXX executable cartographer.mapping.trajectory_node_test[0m
[66.669s] [ 94%] Built target cartographer.sensor.compressed_point_cloud_test
[66.686s] [ 94%] [32mBuilding CXX object CMakeFiles/cartographer.transform.transform_interpolation_buffer_test.dir/cartographer/transform/transform_interpolation_buffer_test.cc.o[0m
[66.842s] [ 94%] Built target cartographer.mapping.trajectory_node_test
[66.866s] [ 94%] [32mBuilding CXX object CMakeFiles/cartographer.transform.transform_test.dir/cartographer/transform/transform_test.cc.o[0m
[66.932s] [ 94%] [32m[1mLinking CXX executable cartographer.sensor.map_by_time_test[0m
[67.030s] [ 94%] Built target cartographer.sensor.map_by_time_test
[67.126s] [ 94%] [32m[1mLinking CXX executable cartographer.sensor.internal.ordered_multi_queue_test[0m
[67.201s] [ 94%] [32m[1mLinking CXX executable cartographer.sensor.internal.voxel_filter_test[0m
[67.251s] [ 94%] Built target cartographer.sensor.internal.ordered_multi_queue_test
[67.320s] [ 94%] Built target cartographer.sensor.internal.voxel_filter_test
[67.732s] [ 94%] [32m[1mLinking CXX executable cartographer.sensor.internal.collator_test[0m
[67.818s] [ 94%] Built target cartographer.sensor.internal.collator_test
[67.959s] [ 95%] [32m[1mLinking CXX executable cartographer.sensor.internal.trajectory_collator_test[0m
[68.060s] [ 95%] Built target cartographer.sensor.internal.trajectory_collator_test
[68.324s] [ 95%] [32m[1mLinking CXX executable cartographer.sensor.range_data_test[0m
[68.404s] [ 95%] Built target cartographer.sensor.range_data_test
[68.802s] [ 96%] [32m[1mLinking CXX executable cartographer.sensor.point_cloud_test[0m
[68.878s] [ 96%] Built target cartographer.sensor.point_cloud_test
[68.883s] [ 97%] [32m[1mLinking CXX executable cartographer.sensor.landmark_data_test[0m
[68.977s] [ 97%] Built target cartographer.sensor.landmark_data_test
[69.565s] [ 97%] [32m[1mLinking CXX executable cartographer.transform.timestamped_transform_test[0m
[69.652s] [ 97%] Built target cartographer.transform.timestamped_transform_test
[70.004s] [ 98%] [32m[1mLinking CXX executable cartographer.transform.transform_interpolation_buffer_test[0m
[70.086s] [ 98%] Built target cartographer.transform.transform_interpolation_buffer_test
[70.231s] [ 98%] [32m[1mLinking CXX executable cartographer.transform.transform_test[0m
[70.293s] [ 98%] Built target cartographer.transform.transform_test
[70.926s] [100%] [32m[1mLinking CXX executable cartographer.transform.rigid_transform_test[0m
[70.991s] [100%] Built target cartographer.transform.rigid_transform_test
[71.038s] Invoked command in '/home/user/cartographer_ws_docker/build/cartographer' returned '0': CMAKE_PREFIX_PATH=${CMAKE_PREFIX_PATH}:/opt/ros/humble /usr/bin/cmake --build /home/user/cartographer_ws_docker/build/cartographer -- -j12 -l12
[71.395s] Invoking command in '/home/user/cartographer_ws_docker/build/cartographer': CMAKE_PREFIX_PATH=${CMAKE_PREFIX_PATH}:/opt/ros/humble /usr/bin/cmake --install /home/user/cartographer_ws_docker/build/cartographer
[71.399s] -- Install configuration: "Release"
[71.400s] -- Installing: /home/user/cartographer_ws_docker/install/cartographer/share/cartographer/package.xml
[71.400s] -- Installing: /home/user/cartographer_ws_docker/install/cartographer/share/cartographer//configuration_files
[71.400s] -- Installing: /home/user/cartographer_ws_docker/install/cartographer/share/cartographer//configuration_files/map_builder.lua
[71.400s] -- Installing: /home/user/cartographer_ws_docker/install/cartographer/share/cartographer//configuration_files/pose_graph.lua
[71.401s] -- Installing: /home/user/cartographer_ws_docker/install/cartographer/share/cartographer//configuration_files/trajectory_builder_2d.lua
[71.401s] -- Installing: /home/user/cartographer_ws_docker/install/cartographer/share/cartographer//configuration_files/trajectory_builder_3d.lua
[71.401s] -- Installing: /home/user/cartographer_ws_docker/install/cartographer/share/cartographer//configuration_files/map_builder_server.lua
[71.401s] -- Installing: /home/user/cartographer_ws_docker/install/cartographer/share/cartographer//configuration_files/trajectory_builder.lua
[71.401s] -- Installing: /home/user/cartographer_ws_docker/install/cartographer/share/cartographer//cmake
[71.401s] -- Installing: /home/user/cartographer_ws_docker/install/cartographer/share/cartographer//cmake/functions.cmake
[71.402s] -- Installing: /home/user/cartographer_ws_docker/install/cartographer/share/cartographer//cmake/modules
[71.402s] -- Installing: /home/user/cartographer_ws_docker/install/cartographer/share/cartographer//cmake/modules/FindLuaGoogle.cmake
[71.402s] -- Installing: /home/user/cartographer_ws_docker/install/cartographer/share/cartographer//cmake/modules/FindEigen3.cmake
[71.402s] -- Installing: /home/user/cartographer_ws_docker/install/cartographer/share/cartographer//cmake/modules/FindGMock.cmake
[71.402s] -- Installing: /home/user/cartographer_ws_docker/install/cartographer/share/cartographer//cmake/modules/FindSphinx.cmake
[71.403s] -- Installing: /home/user/cartographer_ws_docker/install/cartographer/bin/cartographer_autogenerate_ground_truth
[71.404s] -- Installing: /home/user/cartographer_ws_docker/install/cartographer/bin/cartographer_compute_relations_metrics
[71.404s] -- Installing: /home/user/cartographer_ws_docker/install/cartographer/bin/cartographer_pbstream
[71.406s] -- Installing: /home/user/cartographer_ws_docker/install/cartographer/bin/cartographer_print_configuration
[71.406s] -- Installing: /home/user/cartographer_ws_docker/install/cartographer/lib/libcartographer.a
[71.413s] -- Installing: /home/user/cartographer_ws_docker/install/cartographer/include/cartographer/common/configuration_file_resolver.h
[71.413s] -- Installing: /home/user/cartographer_ws_docker/install/cartographer/include/cartographer/common/fixed_ratio_sampler.h
[71.413s] -- Installing: /home/user/cartographer_ws_docker/install/cartographer/include/cartographer/common/histogram.h
[71.413s] -- Installing: /home/user/cartographer_ws_docker/install/cartographer/include/cartographer/common/lua.h
[71.413s] -- Installing: /home/user/cartographer_ws_docker/install/cartographer/include/cartographer/common/lua_parameter_dictionary.h
[71.413s] -- Installing: /home/user/cartographer_ws_docker/install/cartographer/include/cartographer/common/math.h
[71.413s] -- Installing: /home/user/cartographer_ws_docker/install/cartographer/include/cartographer/common/port.h
[71.413s] -- Installing: /home/user/cartographer_ws_docker/install/cartographer/include/cartographer/common/task.h
[71.413s] -- Installing: /home/user/cartographer_ws_docker/install/cartographer/include/cartographer/common/thread_pool.h
[71.413s] -- Installing: /home/user/cartographer_ws_docker/install/cartographer/include/cartographer/common/time.h
[71.413s] -- Installing: /home/user/cartographer_ws_docker/install/cartographer/include/cartographer/ground_truth/autogenerate_ground_truth.h
[71.413s] -- Installing: /home/user/cartographer_ws_docker/install/cartographer/include/cartographer/ground_truth/relations_text_file.h
[71.413s] -- Installing: /home/user/cartographer_ws_docker/install/cartographer/include/cartographer/io/color.h
[71.413s] -- Installing: /home/user/cartographer_ws_docker/install/cartographer/include/cartographer/io/coloring_points_processor.h
[71.414s] -- Installing: /home/user/cartographer_ws_docker/install/cartographer/include/cartographer/io/counting_points_processor.h
[71.414s] -- Installing: /home/user/cartographer_ws_docker/install/cartographer/include/cartographer/io/draw_trajectories.h
[71.414s] -- Installing: /home/user/cartographer_ws_docker/install/cartographer/include/cartographer/io/file_writer.h
[71.414s] -- Installing: /home/user/cartographer_ws_docker/install/cartographer/include/cartographer/io/fixed_ratio_sampling_points_processor.h
[71.414s] -- Installing: /home/user/cartographer_ws_docker/install/cartographer/include/cartographer/io/frame_id_filtering_points_processor.h
[71.414s] -- Installing: /home/user/cartographer_ws_docker/install/cartographer/include/cartographer/io/hybrid_grid_points_processor.h
[71.415s] -- Installing: /home/user/cartographer_ws_docker/install/cartographer/include/cartographer/io/image.h
[71.415s] -- Installing: /home/user/cartographer_ws_docker/install/cartographer/include/cartographer/io/intensity_to_color_points_processor.h
[71.415s] -- Installing: /home/user/cartographer_ws_docker/install/cartographer/include/cartographer/io/min_max_range_filtering_points_processor.h
[71.415s] -- Installing: /home/user/cartographer_ws_docker/install/cartographer/include/cartographer/io/null_points_processor.h
[71.415s] -- Installing: /home/user/cartographer_ws_docker/install/cartographer/include/cartographer/io/outlier_removing_points_processor.h
[71.415s] -- Installing: /home/user/cartographer_ws_docker/install/cartographer/include/cartographer/io/pcd_writing_points_processor.h
[71.416s] -- Installing: /home/user/cartographer_ws_docker/install/cartographer/include/cartographer/io/ply_writing_points_processor.h
[71.416s] -- Installing: /home/user/cartographer_ws_docker/install/cartographer/include/cartographer/io/points_batch.h
[71.416s] -- Installing: /home/user/cartographer_ws_docker/install/cartographer/include/cartographer/io/points_processor.h
[71.416s] -- Installing: /home/user/cartographer_ws_docker/install/cartographer/include/cartographer/io/points_processor_pipeline_builder.h
[71.416s] -- Installing: /home/user/cartographer_ws_docker/install/cartographer/include/cartographer/io/probability_grid_points_processor.h
[71.416s] -- Installing: /home/user/cartographer_ws_docker/install/cartographer/include/cartographer/io/proto_stream.h
[71.416s] -- Installing: /home/user/cartographer_ws_docker/install/cartographer/include/cartographer/io/proto_stream_deserializer.h
[71.416s] -- Installing: /home/user/cartographer_ws_docker/install/cartographer/include/cartographer/io/proto_stream_interface.h
[71.416s] -- Installing: /home/user/cartographer_ws_docker/install/cartographer/include/cartographer/io/serialization_format_migration.h
[71.416s] -- Installing: /home/user/cartographer_ws_docker/install/cartographer/include/cartographer/io/submap_painter.h
[71.416s] -- Installing: /home/user/cartographer_ws_docker/install/cartographer/include/cartographer/io/vertical_range_filtering_points_processor.h
[71.417s] -- Installing: /home/user/cartographer_ws_docker/install/cartographer/include/cartographer/io/xray_points_processor.h
[71.417s] -- Installing: /home/user/cartographer_ws_docker/install/cartographer/include/cartographer/io/xyz_writing_points_processor.h
[71.417s] -- Installing: /home/user/cartographer_ws_docker/install/cartographer/include/cartographer/mapping/2d/grid_2d.h
[71.417s] -- Installing: /home/user/cartographer_ws_docker/install/cartographer/include/cartographer/mapping/2d/map_limits.h
[71.417s] -- Installing: /home/user/cartographer_ws_docker/install/cartographer/include/cartographer/mapping/2d/probability_grid.h
[71.417s] -- Installing: /home/user/cartographer_ws_docker/install/cartographer/include/cartographer/mapping/2d/probability_grid_range_data_inserter_2d.h
[71.418s] -- Installing: /home/user/cartographer_ws_docker/install/cartographer/include/cartographer/mapping/2d/submap_2d.h
[71.418s] -- Installing: /home/user/cartographer_ws_docker/install/cartographer/include/cartographer/mapping/2d/xy_index.h
[71.418s] -- Installing: /home/user/cartographer_ws_docker/install/cartographer/include/cartographer/mapping/3d/hybrid_grid.h
[71.418s] -- Installing: /home/user/cartographer_ws_docker/install/cartographer/include/cartographer/mapping/3d/range_data_inserter_3d.h
[71.418s] -- Installing: /home/user/cartographer_ws_docker/install/cartographer/include/cartographer/mapping/3d/submap_3d.h
[71.418s] -- Installing: /home/user/cartographer_ws_docker/install/cartographer/include/cartographer/mapping/detect_floors.h
[71.418s] -- Installing: /home/user/cartographer_ws_docker/install/cartographer/include/cartographer/mapping/grid_interface.h
[71.418s] -- Installing: /home/user/cartographer_ws_docker/install/cartographer/include/cartographer/mapping/id.h
[71.418s] -- Installing: /home/user/cartographer_ws_docker/install/cartographer/include/cartographer/mapping/imu_tracker.h
[71.418s] -- Installing: /home/user/cartographer_ws_docker/install/cartographer/include/cartographer/mapping/map_builder.h
[71.418s] -- Installing: /home/user/cartographer_ws_docker/install/cartographer/include/cartographer/mapping/map_builder_interface.h
[71.419s] -- Installing: /home/user/cartographer_ws_docker/install/cartographer/include/cartographer/mapping/pose_extrapolator.h
[71.419s] -- Installing: /home/user/cartographer_ws_docker/install/cartographer/include/cartographer/mapping/pose_extrapolator_interface.h
[71.419s] -- Installing: /home/user/cartographer_ws_docker/install/cartographer/include/cartographer/mapping/pose_graph.h
[71.419s] -- Installing: /home/user/cartographer_ws_docker/install/cartographer/include/cartographer/mapping/pose_graph_interface.h
[71.419s] -- Installing: /home/user/cartographer_ws_docker/install/cartographer/include/cartographer/mapping/pose_graph_trimmer.h
[71.419s] -- Installing: /home/user/cartographer_ws_docker/install/cartographer/include/cartographer/mapping/probability_values.h
[71.419s] -- Installing: /home/user/cartographer_ws_docker/install/cartographer/include/cartographer/mapping/range_data_inserter_interface.h
[71.419s] -- Installing: /home/user/cartographer_ws_docker/install/cartographer/include/cartographer/mapping/submaps.h
[71.419s] -- Installing: /home/user/cartographer_ws_docker/install/cartographer/include/cartographer/mapping/trajectory_builder_interface.h
[71.419s] -- Installing: /home/user/cartographer_ws_docker/install/cartographer/include/cartographer/mapping/trajectory_node.h
[71.419s] -- Installing: /home/user/cartographer_ws_docker/install/cartographer/include/cartographer/mapping/value_conversion_tables.h
[71.420s] -- Installing: /home/user/cartographer_ws_docker/install/cartographer/include/cartographer/metrics/counter.h
[71.420s] -- Installing: /home/user/cartographer_ws_docker/install/cartographer/include/cartographer/metrics/family_factory.h
[71.420s] -- Installing: /home/user/cartographer_ws_docker/install/cartographer/include/cartographer/metrics/gauge.h
[71.420s] -- Installing: /home/user/cartographer_ws_docker/install/cartographer/include/cartographer/metrics/histogram.h
[71.420s] -- Installing: /home/user/cartographer_ws_docker/install/cartographer/include/cartographer/metrics/register.h
[71.420s] -- Installing: /home/user/cartographer_ws_docker/install/cartographer/include/cartographer/sensor/collator_interface.h
[71.420s] -- Installing: /home/user/cartographer_ws_docker/install/cartographer/include/cartographer/sensor/compressed_point_cloud.h
[71.420s] -- Installing: /home/user/cartographer_ws_docker/install/cartographer/include/cartographer/sensor/data.h
[71.420s] -- Installing: /home/user/cartographer_ws_docker/install/cartographer/include/cartographer/sensor/fixed_frame_pose_data.h
[71.420s] -- Installing: /home/user/cartographer_ws_docker/install/cartographer/include/cartographer/sensor/imu_data.h
[71.420s] -- Installing: /home/user/cartographer_ws_docker/install/cartographer/include/cartographer/sensor/landmark_data.h
[71.420s] -- Installing: /home/user/cartographer_ws_docker/install/cartographer/include/cartographer/sensor/map_by_time.h
[71.420s] -- Installing: /home/user/cartographer_ws_docker/install/cartographer/include/cartographer/sensor/odometry_data.h
[71.420s] -- Installing: /home/user/cartographer_ws_docker/install/cartographer/include/cartographer/sensor/point_cloud.h
[71.421s] -- Installing: /home/user/cartographer_ws_docker/install/cartographer/include/cartographer/sensor/range_data.h
[71.421s] -- Installing: /home/user/cartographer_ws_docker/install/cartographer/include/cartographer/sensor/rangefinder_point.h
[71.421s] -- Installing: /home/user/cartographer_ws_docker/install/cartographer/include/cartographer/sensor/timed_point_cloud_data.h
[71.421s] -- Installing: /home/user/cartographer_ws_docker/install/cartographer/include/cartographer/transform/rigid_transform.h
[71.421s] -- Installing: /home/user/cartographer_ws_docker/install/cartographer/include/cartographer/transform/timestamped_transform.h
[71.421s] -- Installing: /home/user/cartographer_ws_docker/install/cartographer/include/cartographer/transform/transform.h
[71.421s] -- Installing: /home/user/cartographer_ws_docker/install/cartographer/include/cartographer/transform/transform_interpolation_buffer.h
[71.421s] -- Installing: /home/user/cartographer_ws_docker/install/cartographer/include/cartographer/io/fake_file_writer.h
[71.421s] -- Installing: /home/user/cartographer_ws_docker/install/cartographer/include/cartographer/transform/rigid_transform_test_helpers.h
[71.421s] -- Installing: /home/user/cartographer_ws_docker/install/cartographer/include/cartographer/common/proto/ceres_solver_options.pb.h
[71.421s] -- Installing: /home/user/cartographer_ws_docker/install/cartographer/include/cartographer/ground_truth/proto/relations.pb.h
[71.421s] -- Installing: /home/user/cartographer_ws_docker/install/cartographer/include/cartographer/mapping/proto/cell_limits_2d.pb.h
[71.421s] -- Installing: /home/user/cartographer_ws_docker/install/cartographer/include/cartographer/mapping/proto/connected_components.pb.h
[71.421s] -- Installing: /home/user/cartographer_ws_docker/install/cartographer/include/cartographer/mapping/proto/grid_2d.pb.h
[71.422s] -- Installing: /home/user/cartographer_ws_docker/install/cartographer/include/cartographer/mapping/proto/grid_2d_options.pb.h
[71.422s] -- Installing: /home/user/cartographer_ws_docker/install/cartographer/include/cartographer/mapping/proto/hybrid_grid.pb.h
[71.422s] -- Installing: /home/user/cartographer_ws_docker/install/cartographer/include/cartographer/mapping/proto/local_trajectory_builder_options_2d.pb.h
[71.422s] -- Installing: /home/user/cartographer_ws_docker/install/cartographer/include/cartographer/mapping/proto/local_trajectory_builder_options_3d.pb.h
[71.422s] -- Installing: /home/user/cartographer_ws_docker/install/cartographer/include/cartographer/mapping/proto/map_builder_options.pb.h
[71.422s] -- Installing: /home/user/cartographer_ws_docker/install/cartographer/include/cartographer/mapping/proto/map_limits.pb.h
[71.422s] -- Installing: /home/user/cartographer_ws_docker/install/cartographer/include/cartographer/mapping/proto/motion_filter_options.pb.h
[71.422s] -- Installing: /home/user/cartographer_ws_docker/install/cartographer/include/cartographer/mapping/proto/normal_estimation_options_2d.pb.h
[71.422s] -- Installing: /home/user/cartographer_ws_docker/install/cartographer/include/cartographer/mapping/proto/pose_extrapolator_options.pb.h
[71.422s] -- Installing: /home/user/cartographer_ws_docker/install/cartographer/include/cartographer/mapping/proto/pose_graph.pb.h
[71.422s] -- Installing: /home/user/cartographer_ws_docker/install/cartographer/include/cartographer/mapping/proto/pose_graph/constraint_builder_options.pb.h
[71.422s] -- Installing: /home/user/cartographer_ws_docker/install/cartographer/include/cartographer/mapping/proto/pose_graph/optimization_problem_options.pb.h
[71.422s] -- Installing: /home/user/cartographer_ws_docker/install/cartographer/include/cartographer/mapping/proto/pose_graph_options.pb.h
[71.422s] -- Installing: /home/user/cartographer_ws_docker/install/cartographer/include/cartographer/mapping/proto/probability_grid.pb.h
[71.422s] -- Installing: /home/user/cartographer_ws_docker/install/cartographer/include/cartographer/mapping/proto/probability_grid_range_data_inserter_options_2d.pb.h
[71.422s] -- Installing: /home/user/cartographer_ws_docker/install/cartographer/include/cartographer/mapping/proto/range_data_inserter_options.pb.h
[71.423s] -- Installing: /home/user/cartographer_ws_docker/install/cartographer/include/cartographer/mapping/proto/range_data_inserter_options_3d.pb.h
[71.423s] -- Installing: /home/user/cartographer_ws_docker/install/cartographer/include/cartographer/mapping/proto/scan_matching/ceres_scan_matcher_options_2d.pb.h
[71.423s] -- Installing: /home/user/cartographer_ws_docker/install/cartographer/include/cartographer/mapping/proto/scan_matching/ceres_scan_matcher_options_3d.pb.h
[71.423s] -- Installing: /home/user/cartographer_ws_docker/install/cartographer/include/cartographer/mapping/proto/scan_matching/fast_correlative_scan_matcher_options_2d.pb.h
[71.423s] -- Installing: /home/user/cartographer_ws_docker/install/cartographer/include/cartographer/mapping/proto/scan_matching/fast_correlative_scan_matcher_options_3d.pb.h
[71.423s] -- Installing: /home/user/cartographer_ws_docker/install/cartographer/include/cartographer/mapping/proto/scan_matching/real_time_correlative_scan_matcher_options.pb.h
[71.423s] -- Installing: /home/user/cartographer_ws_docker/install/cartographer/include/cartographer/mapping/proto/serialization.pb.h
[71.423s] -- Installing: /home/user/cartographer_ws_docker/install/cartographer/include/cartographer/mapping/proto/submap.pb.h
[71.423s] -- Installing: /home/user/cartographer_ws_docker/install/cartographer/include/cartographer/mapping/proto/submap_visualization.pb.h
[71.423s] -- Installing: /home/user/cartographer_ws_docker/install/cartographer/include/cartographer/mapping/proto/submaps_options_2d.pb.h
[71.423s] -- Installing: /home/user/cartographer_ws_docker/install/cartographer/include/cartographer/mapping/proto/submaps_options_3d.pb.h
[71.423s] -- Installing: /home/user/cartographer_ws_docker/install/cartographer/include/cartographer/mapping/proto/trajectory.pb.h
[71.424s] -- Installing: /home/user/cartographer_ws_docker/install/cartographer/include/cartographer/mapping/proto/trajectory_builder_options.pb.h
[71.424s] -- Installing: /home/user/cartographer_ws_docker/install/cartographer/include/cartographer/mapping/proto/trajectory_node_data.pb.h
[71.424s] -- Installing: /home/user/cartographer_ws_docker/install/cartographer/include/cartographer/mapping/proto/tsdf_2d.pb.h
[71.424s] -- Installing: /home/user/cartographer_ws_docker/install/cartographer/include/cartographer/mapping/proto/tsdf_range_data_inserter_options_2d.pb.h
[71.424s] -- Installing: /home/user/cartographer_ws_docker/install/cartographer/include/cartographer/sensor/proto/adaptive_voxel_filter_options.pb.h
[71.424s] -- Installing: /home/user/cartographer_ws_docker/install/cartographer/include/cartographer/sensor/proto/sensor.pb.h
[71.424s] -- Installing: /home/user/cartographer_ws_docker/install/cartographer/include/cartographer/transform/proto/timestamped_transform.pb.h
[71.424s] -- Installing: /home/user/cartographer_ws_docker/install/cartographer/include/cartographer/transform/proto/transform.pb.h
[71.424s] -- Installing: /home/user/cartographer_ws_docker/install/cartographer/share/cartographer/cmake/CartographerTargets.cmake
[71.424s] -- Installing: /home/user/cartographer_ws_docker/install/cartographer/share/cartographer/cmake/CartographerTargets-release.cmake
[71.424s] -- Installing: /home/user/cartographer_ws_docker/install/cartographer/share/cartographer/cartographer-config.cmake
[71.426s] Invoked command in '/home/user/cartographer_ws_docker/build/cartographer' returned '0': CMAKE_PREFIX_PATH=${CMAKE_PREFIX_PATH}:/opt/ros/humble /usr/bin/cmake --install /home/user/cartographer_ws_docker/build/cartographer
