[0.015s] Invoking command in '/home/user/cartographer_ws_docker/build/cartographer_ros': CMAKE_PREFIX_PATH=/home/user/cartographer_ws_docker/install/cartographer_ros_msgs:/home/user/cartographer_ws_docker/install/cartographer:/home/user/cartographer_ws_docker/install/cartographer_rviz:/home/user/cartographer_ws_docker/install/cartographer_ros:/opt/ros/humble LD_LIBRARY_PATH=/home/user/cartographer_ws_docker/install/cartographer_ros_msgs/lib:/home/user/cartographer_ws_docker/install/cartographer_rviz/lib:/home/user/cartographer_ws_docker/install/cartographer_ros/lib:/usr/lib/x86_64-linux-gnu/gazebo-11/plugins:/opt/ros/humble/opt/rviz_ogre_vendor/lib:/opt/ros/humble/lib/x86_64-linux-gnu:/opt/ros/humble/lib:/usr/lib/x86_64-linux-gnu/gazebo-11/plugins:/usr/lib/x86_64-linux-gnu/gazebo-11/plugins:/usr/lib/x86_64-linux-gnu/gazebo-11/plugins:/usr/lib/x86_64-linux-gnu/gazebo-11/plugins:/usr/lib/x86_64-linux-gnu/gazebo-11/plugins:/usr/lib/x86_64-linux-gnu/gazebo-11/plugins:/usr/lib/x86_64-linux-gnu/gazebo-11/plugins:/usr/lib/x86_64-linux-gnu/gazebo-11/plugins:/usr/lib/x86_64-linux-gnu/gazebo-11/plugins:/usr/lib/x86_64-linux-gnu/gazebo-11/plugins /usr/bin/cmake /home/user/cartographer_ws_docker/src/cartographer_ros/cartographer_ros -DAMENT_CMAKE_SYMLINK_INSTALL=1 -DCMAKE_INSTALL_PREFIX=/home/user/cartographer_ws_docker/install/cartographer_ros
[0.056s] -- The C compiler identification is GNU 11.4.0
[0.091s] -- The CXX compiler identification is GNU 11.4.0
[0.099s] -- Detecting C compiler ABI info
[0.141s] -- Detecting C compiler ABI info - done
[0.144s] -- Check for working C compiler: /usr/bin/cc - skipped
[0.144s] -- Detecting C compile features
[0.145s] -- Detecting C compile features - done
[0.148s] -- Detecting CXX compiler ABI info
[0.191s] -- Detecting CXX compiler ABI info - done
[0.195s] -- Check for working CXX compiler: /usr/bin/c++ - skipped
[0.195s] -- Detecting CXX compile features
[0.195s] -- Detecting CXX compile features - done
[0.206s] -- Found ament_cmake: 1.3.9 (/opt/ros/humble/share/ament_cmake/cmake)
[0.307s] -- Found Python3: /usr/bin/python3 (found version "3.10.12") found components: Interpreter 
[0.358s] -- Override CMake install command with custom implementation using symlinks instead of copying resources
[0.384s] -- Found builtin_interfaces: 1.2.1 (/opt/ros/humble/share/builtin_interfaces/cmake)
[0.418s] -- Found rosidl_generator_c: 3.1.5 (/opt/ros/humble/share/rosidl_generator_c/cmake)
[0.423s] -- Found rosidl_adapter: 3.1.5 (/opt/ros/humble/share/rosidl_adapter/cmake)
[0.431s] -- Found rosidl_generator_cpp: 3.1.5 (/opt/ros/humble/share/rosidl_generator_cpp/cmake)
[0.444s] -- Using all available rosidl_typesupport_c: rosidl_typesupport_fastrtps_c;rosidl_typesupport_introspection_c
[0.459s] -- Using all available rosidl_typesupport_cpp: rosidl_typesupport_fastrtps_cpp;rosidl_typesupport_introspection_cpp
[0.476s] -- Looking for pthread.h
[0.516s] -- Looking for pthread.h - found
[0.517s] -- Performing Test CMAKE_HAVE_LIBC_PTHREAD
[0.556s] -- Performing Test CMAKE_HAVE_LIBC_PTHREAD - Success
[0.556s] -- Found Threads: TRUE  
[0.561s] -- Found required Ceres dependency: Eigen version 3.4.0 in /usr/include/eigen3
[0.565s] -- Found required Ceres dependency: glog
[0.566s] -- Found required Ceres dependency: gflags
[0.566s] -- Found Ceres version: 2.0.0 installed in: /usr with components: [EigenSparse, SparseLinearAlgebraLibrary, LAPACK, SuiteSparse, CXSparse, SchurSpecializations, Multithreading]
[0.572s] -- Found cartographer_ros_msgs: 2.0.9003 (/home/user/cartographer_ws_docker/install/cartographer_ros_msgs/share/cartographer_ros_msgs/cmake)
[0.694s] -- Checking for module 'eigen3'
[0.701s] --   Found eigen3, version 3.4.0
[0.716s] -- Found Eigen: /usr/include/eigen3 (Required is at least version "3.1") 
[0.716s] -- Eigen found (include: /usr/include/eigen3, version: 3.4.0)
[0.738s] -- Found Boost: /usr/lib/x86_64-linux-gnu/cmake/Boost-1.74.0/BoostConfig.cmake (found suitable version "1.74.0", minimum required is "1.65.0") found components: system filesystem date_time iostreams serialization 
[0.739s] -- looking for PCL_COMMON
[0.740s] -- Found PCL_COMMON: /usr/lib/x86_64-linux-gnu/libpcl_common.so  
[0.740s] -- Found PCL: pcl_common;Boost::system;Boost::filesystem;Boost::date_time;Boost::iostreams;Boost::serialization  
[0.742s] -- Found nav_msgs: 4.2.4 (/opt/ros/humble/share/nav_msgs/cmake)
[0.790s] -- Found pcl_conversions: 2.4.0 (/opt/ros/humble/share/pcl_conversions/cmake)
[0.849s] -- Found rmw_implementation_cmake: 6.1.2 (/opt/ros/humble/share/rmw_implementation_cmake/cmake)
[0.852s] -- Found rmw_fastrtps_cpp: 6.2.6 (/opt/ros/humble/share/rmw_fastrtps_cpp/cmake)
[0.925s] -- Found OpenSSL: /usr/lib/x86_64-linux-gnu/libcrypto.so (found version "3.0.2")  
[0.943s] -- Found FastRTPS: /opt/ros/humble/include  
[0.971s] -- Using RMW implementation 'rmw_fastrtps_cpp' as default
[1.213s] -- Found rosbag2_cpp: 0.15.11 (/opt/ros/humble/share/rosbag2_cpp/cmake)
[1.250s] -- Found tf2: 0.25.7 (/opt/ros/humble/share/tf2/cmake)
[1.256s] -- Found tf2_eigen: 0.25.7 (/opt/ros/humble/share/tf2_eigen/cmake)
[1.459s] -- Found urdf: 2.6.0 (/opt/ros/humble/share/urdf/cmake)
[1.468s] -- Found visualization_msgs: 4.2.4 (/opt/ros/humble/share/visualization_msgs/cmake)
[1.974s] -- Configuring done
[2.066s] -- Generating done
[2.067s] -- Build files have been written to: /home/user/cartographer_ws_docker/build/cartographer_ros
[2.076s] Invoked command in '/home/user/cartographer_ws_docker/build/cartographer_ros' returned '0': CMAKE_PREFIX_PATH=/home/user/cartographer_ws_docker/install/cartographer_ros_msgs:/home/user/cartographer_ws_docker/install/cartographer:/home/user/cartographer_ws_docker/install/cartographer_rviz:/home/user/cartographer_ws_docker/install/cartographer_ros:/opt/ros/humble LD_LIBRARY_PATH=/home/user/cartographer_ws_docker/install/cartographer_ros_msgs/lib:/home/user/cartographer_ws_docker/install/cartographer_rviz/lib:/home/user/cartographer_ws_docker/install/cartographer_ros/lib:/usr/lib/x86_64-linux-gnu/gazebo-11/plugins:/opt/ros/humble/opt/rviz_ogre_vendor/lib:/opt/ros/humble/lib/x86_64-linux-gnu:/opt/ros/humble/lib:/usr/lib/x86_64-linux-gnu/gazebo-11/plugins:/usr/lib/x86_64-linux-gnu/gazebo-11/plugins:/usr/lib/x86_64-linux-gnu/gazebo-11/plugins:/usr/lib/x86_64-linux-gnu/gazebo-11/plugins:/usr/lib/x86_64-linux-gnu/gazebo-11/plugins:/usr/lib/x86_64-linux-gnu/gazebo-11/plugins:/usr/lib/x86_64-linux-gnu/gazebo-11/plugins:/usr/lib/x86_64-linux-gnu/gazebo-11/plugins:/usr/lib/x86_64-linux-gnu/gazebo-11/plugins:/usr/lib/x86_64-linux-gnu/gazebo-11/plugins /usr/bin/cmake /home/user/cartographer_ws_docker/src/cartographer_ros/cartographer_ros -DAMENT_CMAKE_SYMLINK_INSTALL=1 -DCMAKE_INSTALL_PREFIX=/home/user/cartographer_ws_docker/install/cartographer_ros
[2.076s] Invoking command in '/home/user/cartographer_ws_docker/build/cartographer_ros': CMAKE_PREFIX_PATH=/home/user/cartographer_ws_docker/install/cartographer_ros_msgs:/home/user/cartographer_ws_docker/install/cartographer:/home/user/cartographer_ws_docker/install/cartographer_rviz:/home/user/cartographer_ws_docker/install/cartographer_ros:/opt/ros/humble LD_LIBRARY_PATH=/home/user/cartographer_ws_docker/install/cartographer_ros_msgs/lib:/home/user/cartographer_ws_docker/install/cartographer_rviz/lib:/home/user/cartographer_ws_docker/install/cartographer_ros/lib:/usr/lib/x86_64-linux-gnu/gazebo-11/plugins:/opt/ros/humble/opt/rviz_ogre_vendor/lib:/opt/ros/humble/lib/x86_64-linux-gnu:/opt/ros/humble/lib:/usr/lib/x86_64-linux-gnu/gazebo-11/plugins:/usr/lib/x86_64-linux-gnu/gazebo-11/plugins:/usr/lib/x86_64-linux-gnu/gazebo-11/plugins:/usr/lib/x86_64-linux-gnu/gazebo-11/plugins:/usr/lib/x86_64-linux-gnu/gazebo-11/plugins:/usr/lib/x86_64-linux-gnu/gazebo-11/plugins:/usr/lib/x86_64-linux-gnu/gazebo-11/plugins:/usr/lib/x86_64-linux-gnu/gazebo-11/plugins:/usr/lib/x86_64-linux-gnu/gazebo-11/plugins:/usr/lib/x86_64-linux-gnu/gazebo-11/plugins /usr/bin/cmake --build /home/user/cartographer_ws_docker/build/cartographer_ros -- -j12 -l12
[2.107s] [  8%] [32mBuilding CXX object CMakeFiles/cartographer_ros.dir/src/map_builder_bridge.cpp.o[0m
[2.107s] [  8%] [32mBuilding CXX object CMakeFiles/cartographer_ros.dir/src/node_constants.cpp.o[0m
[2.107s] [  8%] [32mBuilding CXX object CMakeFiles/cartographer_ros.dir/src/msg_conversion.cpp.o[0m
[2.108s] [ 14%] [32mBuilding CXX object CMakeFiles/cartographer_ros.dir/src/offline_node.cpp.o[0m
[2.108s] [ 17%] [32mBuilding CXX object CMakeFiles/cartographer_ros.dir/src/playable_bag.cpp.o[0m
[2.108s] [ 17%] [32mBuilding CXX object CMakeFiles/cartographer_ros.dir/src/node_options.cpp.o[0m
[2.108s] [ 20%] [32mBuilding CXX object CMakeFiles/cartographer_ros.dir/src/assets_writer.cpp.o[0m
[2.108s] [ 22%] [32mBuilding CXX object CMakeFiles/cartographer_ros.dir/src/ros_map_writing_points_processor.cpp.o[0m
[2.109s] [ 25%] [32mBuilding CXX object CMakeFiles/cartographer_ros.dir/src/ros_log_sink.cpp.o[0m
[2.110s] [ 28%] [32mBuilding CXX object CMakeFiles/cartographer_ros.dir/src/node.cpp.o[0m
[2.110s] [ 31%] [32mBuilding CXX object CMakeFiles/cartographer_ros.dir/src/sensor_bridge.cpp.o[0m
[2.110s] [ 34%] [32mBuilding CXX object CMakeFiles/cartographer_ros.dir/src/ros_map.cpp.o[0m
[2.385s] [ 37%] [32mBuilding CXX object CMakeFiles/cartographer_ros.dir/src/submap.cpp.o[0m
[4.404s] [ 40%] [32mBuilding CXX object CMakeFiles/cartographer_ros.dir/src/tf_bridge.cpp.o[0m
[4.657s] [ 42%] [32mBuilding CXX object CMakeFiles/cartographer_ros.dir/src/time_conversion.cpp.o[0m
[4.685s] [ 45%] [32mBuilding CXX object CMakeFiles/cartographer_ros.dir/src/trajectory_options.cpp.o[0m
[4.791s] [ 48%] [32mBuilding CXX object CMakeFiles/cartographer_ros.dir/src/urdf_reader.cpp.o[0m
[7.482s] [ 51%] [32mBuilding CXX object CMakeFiles/cartographer_ros.dir/src/metrics/family_factory.cpp.o[0m
[7.910s] [ 54%] [32mBuilding CXX object CMakeFiles/cartographer_ros.dir/src/metrics/internal/family.cpp.o[0m
[8.106s] [ 57%] [32mBuilding CXX object CMakeFiles/cartographer_ros.dir/src/metrics/internal/histogram.cpp.o[0m
[27.128s] [ 60%] [32m[1mLinking CXX static library libcartographer_ros.a[0m
[27.692s] [ 60%] Built target cartographer_ros
[27.709s] [ 68%] [32mBuilding CXX object CMakeFiles/cartographer_occupancy_grid_node.dir/src/occupancy_grid_node_main.cpp.o[0m
[27.709s] [ 68%] [32mBuilding CXX object CMakeFiles/cartographer_offline_node.dir/src/offline_node_main.cpp.o[0m
[27.709s] [ 68%] [32mBuilding CXX object CMakeFiles/cartographer_assets_writer.dir/src/assets_writer_main.cpp.o[0m
[27.709s] [ 71%] [32mBuilding CXX object CMakeFiles/cartographer_pbstream_to_ros_map.dir/src/pbstream_to_ros_map_main.cpp.o[0m
[27.709s] [ 77%] [32mBuilding CXX object CMakeFiles/cartographer_pbstream_map_publisher.dir/src/pbstream_map_publisher_main.cpp.o[0m
[27.709s] [ 77%] [32mBuilding CXX object CMakeFiles/cartographer_node.dir/src/node_main.cpp.o[0m
[27.710s] [ 80%] [32mBuilding CXX object CMakeFiles/cartographer_rosbag_validate.dir/src/rosbag_validate_main.cpp.o[0m
[31.583s] [ 82%] [32m[1mLinking CXX executable cartographer_offline_node[0m
[31.903s] [ 85%] [32m[1mLinking CXX executable cartographer_pbstream_to_ros_map[0m
[32.288s] [ 85%] Built target cartographer_pbstream_to_ros_map
[32.582s] [ 88%] [32m[1mLinking CXX executable cartographer_assets_writer[0m
[32.780s] [ 91%] [32m[1mLinking CXX executable cartographer_node[0m
[33.074s] [ 91%] Built target cartographer_assets_writer
[33.451s] [ 94%] [32m[1mLinking CXX executable cartographer_pbstream_map_publisher[0m
[33.879s] [ 94%] Built target cartographer_pbstream_map_publisher
[34.076s] [ 97%] [32m[1mLinking CXX executable cartographer_rosbag_validate[0m
[34.307s] [ 97%] Built target cartographer_offline_node
[34.322s] [ 97%] Built target cartographer_rosbag_validate
[34.977s] [ 97%] Built target cartographer_node
[35.908s] [100%] [32m[1mLinking CXX executable cartographer_occupancy_grid_node[0m
[36.433s] [100%] Built target cartographer_occupancy_grid_node
[36.462s] Invoked command in '/home/user/cartographer_ws_docker/build/cartographer_ros' returned '0': CMAKE_PREFIX_PATH=/home/user/cartographer_ws_docker/install/cartographer_ros_msgs:/home/user/cartographer_ws_docker/install/cartographer:/home/user/cartographer_ws_docker/install/cartographer_rviz:/home/user/cartographer_ws_docker/install/cartographer_ros:/opt/ros/humble LD_LIBRARY_PATH=/home/user/cartographer_ws_docker/install/cartographer_ros_msgs/lib:/home/user/cartographer_ws_docker/install/cartographer_rviz/lib:/home/user/cartographer_ws_docker/install/cartographer_ros/lib:/usr/lib/x86_64-linux-gnu/gazebo-11/plugins:/opt/ros/humble/opt/rviz_ogre_vendor/lib:/opt/ros/humble/lib/x86_64-linux-gnu:/opt/ros/humble/lib:/usr/lib/x86_64-linux-gnu/gazebo-11/plugins:/usr/lib/x86_64-linux-gnu/gazebo-11/plugins:/usr/lib/x86_64-linux-gnu/gazebo-11/plugins:/usr/lib/x86_64-linux-gnu/gazebo-11/plugins:/usr/lib/x86_64-linux-gnu/gazebo-11/plugins:/usr/lib/x86_64-linux-gnu/gazebo-11/plugins:/usr/lib/x86_64-linux-gnu/gazebo-11/plugins:/usr/lib/x86_64-linux-gnu/gazebo-11/plugins:/usr/lib/x86_64-linux-gnu/gazebo-11/plugins:/usr/lib/x86_64-linux-gnu/gazebo-11/plugins /usr/bin/cmake --build /home/user/cartographer_ws_docker/build/cartographer_ros -- -j12 -l12
[36.513s] Invoking command in '/home/user/cartographer_ws_docker/build/cartographer_ros': CMAKE_PREFIX_PATH=/home/user/cartographer_ws_docker/install/cartographer_ros_msgs:/home/user/cartographer_ws_docker/install/cartographer:/home/user/cartographer_ws_docker/install/cartographer_rviz:/home/user/cartographer_ws_docker/install/cartographer_ros:/opt/ros/humble LD_LIBRARY_PATH=/home/user/cartographer_ws_docker/install/cartographer_ros_msgs/lib:/home/user/cartographer_ws_docker/install/cartographer_rviz/lib:/home/user/cartographer_ws_docker/install/cartographer_ros/lib:/usr/lib/x86_64-linux-gnu/gazebo-11/plugins:/opt/ros/humble/opt/rviz_ogre_vendor/lib:/opt/ros/humble/lib/x86_64-linux-gnu:/opt/ros/humble/lib:/usr/lib/x86_64-linux-gnu/gazebo-11/plugins:/usr/lib/x86_64-linux-gnu/gazebo-11/plugins:/usr/lib/x86_64-linux-gnu/gazebo-11/plugins:/usr/lib/x86_64-linux-gnu/gazebo-11/plugins:/usr/lib/x86_64-linux-gnu/gazebo-11/plugins:/usr/lib/x86_64-linux-gnu/gazebo-11/plugins:/usr/lib/x86_64-linux-gnu/gazebo-11/plugins:/usr/lib/x86_64-linux-gnu/gazebo-11/plugins:/usr/lib/x86_64-linux-gnu/gazebo-11/plugins:/usr/lib/x86_64-linux-gnu/gazebo-11/plugins /usr/bin/cmake --install /home/user/cartographer_ws_docker/build/cartographer_ros
[36.517s] -- Install configuration: ""
[36.518s] -- Execute custom install script
[36.519s] -- Symlinking: /home/user/cartographer_ws_docker/install/cartographer_ros/lib/libcartographer_ros.a
[36.524s] -- Symlinking: /home/user/cartographer_ws_docker/install/cartographer_ros/lib/cartographer_ros/cartographer_node
[36.529s] -- Symlinking: /home/user/cartographer_ws_docker/install/cartographer_ros/lib/cartographer_ros/cartographer_occupancy_grid_node
[36.533s] -- Symlinking: /home/user/cartographer_ws_docker/install/cartographer_ros/lib/cartographer_ros/cartographer_offline_node
[36.538s] -- Symlinking: /home/user/cartographer_ws_docker/install/cartographer_ros/lib/cartographer_ros/cartographer_assets_writer
[36.542s] -- Symlinking: /home/user/cartographer_ws_docker/install/cartographer_ros/lib/cartographer_ros/cartographer_pbstream_map_publisher
[36.548s] -- Symlinking: /home/user/cartographer_ws_docker/install/cartographer_ros/lib/cartographer_ros/cartographer_pbstream_to_ros_map
[36.553s] -- Symlinking: /home/user/cartographer_ws_docker/install/cartographer_ros/lib/cartographer_ros/cartographer_rosbag_validate
[36.558s] -- Symlinking: /home/user/cartographer_ws_docker/install/cartographer_ros/include//cartographer_ros/assets_writer.h
[36.563s] -- Symlinking: /home/user/cartographer_ws_docker/install/cartographer_ros/include//cartographer_ros/map_builder_bridge.h
[36.568s] -- Symlinking: /home/user/cartographer_ws_docker/install/cartographer_ros/include//cartographer_ros/metrics/family_factory.h
[36.573s] -- Symlinking: /home/user/cartographer_ws_docker/install/cartographer_ros/include//cartographer_ros/metrics/internal/counter.h
[36.577s] -- Symlinking: /home/user/cartographer_ws_docker/install/cartographer_ros/include//cartographer_ros/metrics/internal/family.h
[36.582s] -- Symlinking: /home/user/cartographer_ws_docker/install/cartographer_ros/include//cartographer_ros/metrics/internal/gauge.h
[36.587s] -- Symlinking: /home/user/cartographer_ws_docker/install/cartographer_ros/include//cartographer_ros/metrics/internal/histogram.h
[36.592s] -- Symlinking: /home/user/cartographer_ws_docker/install/cartographer_ros/include//cartographer_ros/msg_conversion.h
[36.596s] -- Symlinking: /home/user/cartographer_ws_docker/install/cartographer_ros/include//cartographer_ros/node.h
[36.602s] -- Symlinking: /home/user/cartographer_ws_docker/install/cartographer_ros/include//cartographer_ros/node_constants.h
[36.607s] -- Symlinking: /home/user/cartographer_ws_docker/install/cartographer_ros/include//cartographer_ros/node_options.h
[36.612s] -- Symlinking: /home/user/cartographer_ws_docker/install/cartographer_ros/include//cartographer_ros/offline_node.h
[36.617s] -- Symlinking: /home/user/cartographer_ws_docker/install/cartographer_ros/include//cartographer_ros/playable_bag.h
[36.621s] -- Symlinking: /home/user/cartographer_ws_docker/install/cartographer_ros/include//cartographer_ros/ros_log_sink.h
[36.627s] -- Symlinking: /home/user/cartographer_ws_docker/install/cartographer_ros/include//cartographer_ros/ros_map.h
[36.632s] -- Symlinking: /home/user/cartographer_ws_docker/install/cartographer_ros/include//cartographer_ros/ros_map_writing_points_processor.h
[36.636s] -- Symlinking: /home/user/cartographer_ws_docker/install/cartographer_ros/include//cartographer_ros/sensor_bridge.h
[36.641s] -- Symlinking: /home/user/cartographer_ws_docker/install/cartographer_ros/include//cartographer_ros/submap.h
[36.646s] -- Symlinking: /home/user/cartographer_ws_docker/install/cartographer_ros/include//cartographer_ros/tf_bridge.h
[36.651s] -- Symlinking: /home/user/cartographer_ws_docker/install/cartographer_ros/include//cartographer_ros/time_conversion.h
[36.656s] -- Symlinking: /home/user/cartographer_ws_docker/install/cartographer_ros/include//cartographer_ros/trajectory_options.h
[36.661s] -- Symlinking: /home/user/cartographer_ws_docker/install/cartographer_ros/include//cartographer_ros/urdf_reader.h
[36.667s] -- Symlinking: /home/user/cartographer_ws_docker/install/cartographer_ros/share/cartographer_ros//configuration_files/assets_writer_backpack_2d.lua
[36.671s] -- Symlinking: /home/user/cartographer_ws_docker/install/cartographer_ros/share/cartographer_ros//configuration_files/assets_writer_backpack_2d_ci.lua
[36.676s] -- Symlinking: /home/user/cartographer_ws_docker/install/cartographer_ros/share/cartographer_ros//configuration_files/assets_writer_backpack_3d.lua
[36.680s] -- Symlinking: /home/user/cartographer_ws_docker/install/cartographer_ros/share/cartographer_ros//configuration_files/assets_writer_ros_map.lua
[36.686s] -- Symlinking: /home/user/cartographer_ws_docker/install/cartographer_ros/share/cartographer_ros//configuration_files/backpack_2d.lua
[36.691s] -- Symlinking: /home/user/cartographer_ws_docker/install/cartographer_ros/share/cartographer_ros//configuration_files/backpack_2d_localization.lua
[36.696s] -- Symlinking: /home/user/cartographer_ws_docker/install/cartographer_ros/share/cartographer_ros//configuration_files/backpack_2d_localization_evaluation.lua
[36.701s] -- Symlinking: /home/user/cartographer_ws_docker/install/cartographer_ros/share/cartographer_ros//configuration_files/backpack_2d_server.lua
[36.706s] -- Symlinking: /home/user/cartographer_ws_docker/install/cartographer_ros/share/cartographer_ros//configuration_files/backpack_3d.lua
[36.711s] -- Symlinking: /home/user/cartographer_ws_docker/install/cartographer_ros/share/cartographer_ros//configuration_files/backpack_3d_localization.lua
[36.716s] -- Symlinking: /home/user/cartographer_ws_docker/install/cartographer_ros/share/cartographer_ros//configuration_files/cartographer.lua
[36.720s] -- Symlinking: /home/user/cartographer_ws_docker/install/cartographer_ros/share/cartographer_ros//configuration_files/demo_2d.rviz
[36.725s] -- Symlinking: /home/user/cartographer_ws_docker/install/cartographer_ros/share/cartographer_ros//configuration_files/demo_3d.rviz
[36.730s] -- Symlinking: /home/user/cartographer_ws_docker/install/cartographer_ros/share/cartographer_ros//configuration_files/mir-100-mapping.lua
[36.734s] -- Symlinking: /home/user/cartographer_ws_docker/install/cartographer_ros/share/cartographer_ros//configuration_files/my_config.lua
[36.739s] -- Symlinking: /home/user/cartographer_ws_docker/install/cartographer_ros/share/cartographer_ros//configuration_files/pr2.lua
[36.744s] -- Symlinking: /home/user/cartographer_ws_docker/install/cartographer_ros/share/cartographer_ros//configuration_files/revo_lds.lua
[36.749s] -- Symlinking: /home/user/cartographer_ws_docker/install/cartographer_ros/share/cartographer_ros//configuration_files/taurob_tracker.lua
[36.754s] -- Symlinking: /home/user/cartographer_ws_docker/install/cartographer_ros/share/cartographer_ros//configuration_files/transform.lua
[36.759s] -- Symlinking: /home/user/cartographer_ws_docker/install/cartographer_ros/share/cartographer_ros//configuration_files/turtlebot3.lua
[36.764s] -- Symlinking: /home/user/cartographer_ws_docker/install/cartographer_ros/share/cartographer_ros//configuration_files/visualize_pbstream.lua
[36.769s] -- Symlinking: /home/user/cartographer_ws_docker/install/cartographer_ros/share/cartographer_ros//urdf/backpack_2d.urdf
[36.773s] -- Symlinking: /home/user/cartographer_ws_docker/install/cartographer_ros/share/cartographer_ros//urdf/backpack_3d.urdf
[36.778s] -- Symlinking: /home/user/cartographer_ws_docker/install/cartographer_ros/share/cartographer_ros//urdf/mir-100.urdf
[36.783s] -- Symlinking: /home/user/cartographer_ws_docker/install/cartographer_ros/share/cartographer_ros//launch/assets_writer_backpack_2d.launch.py
[36.788s] -- Symlinking: /home/user/cartographer_ws_docker/install/cartographer_ros/share/cartographer_ros//launch/assets_writer_backpack_3d.launch.py
[36.793s] -- Symlinking: /home/user/cartographer_ws_docker/install/cartographer_ros/share/cartographer_ros//launch/assets_writer_ros_map.launch.py
[36.798s] -- Symlinking: /home/user/cartographer_ws_docker/install/cartographer_ros/share/cartographer_ros//launch/backpack_2d.launch.py
[36.803s] -- Symlinking: /home/user/cartographer_ws_docker/install/cartographer_ros/share/cartographer_ros//launch/backpack_3d.launch.py
[36.808s] -- Symlinking: /home/user/cartographer_ws_docker/install/cartographer_ros/share/cartographer_ros//launch/cartographer_node.launch.py
[36.813s] -- Symlinking: /home/user/cartographer_ws_docker/install/cartographer_ros/share/cartographer_ros//launch/cartographer_rviz.launch.py
[36.817s] -- Symlinking: /home/user/cartographer_ws_docker/install/cartographer_ros/share/cartographer_ros//launch/demo_backpack_2d.launch.py
[36.822s] -- Symlinking: /home/user/cartographer_ws_docker/install/cartographer_ros/share/cartographer_ros//launch/demo_backpack_2d_localization.launch.py
[36.827s] -- Symlinking: /home/user/cartographer_ws_docker/install/cartographer_ros/share/cartographer_ros//launch/demo_backpack_3d.launch.py
[36.832s] -- Symlinking: /home/user/cartographer_ws_docker/install/cartographer_ros/share/cartographer_ros//launch/demo_backpack_3d_localization.launch.py
[36.837s] -- Symlinking: /home/user/cartographer_ws_docker/install/cartographer_ros/share/cartographer_ros//launch/demo_pr2.launch
[36.841s] -- Symlinking: /home/user/cartographer_ws_docker/install/cartographer_ros/share/cartographer_ros//launch/demo_revo_lds.launch.py
[36.846s] -- Symlinking: /home/user/cartographer_ws_docker/install/cartographer_ros/share/cartographer_ros//launch/demo_taurob_tracker.launch.py
[36.851s] -- Symlinking: /home/user/cartographer_ws_docker/install/cartographer_ros/share/cartographer_ros//launch/grpc_demo_backpack_2d.launch
[36.857s] -- Symlinking: /home/user/cartographer_ws_docker/install/cartographer_ros/share/cartographer_ros//launch/grpc_demo_backpack_2d_localization.launch
[36.861s] -- Symlinking: /home/user/cartographer_ws_docker/install/cartographer_ros/share/cartographer_ros//launch/offline_backpack_2d.launch.py
[36.866s] -- Symlinking: /home/user/cartographer_ws_docker/install/cartographer_ros/share/cartographer_ros//launch/offline_backpack_3d.launch.py
[36.870s] -- Symlinking: /home/user/cartographer_ws_docker/install/cartographer_ros/share/cartographer_ros//launch/offline_mir_100_rviz.launch.py
[36.875s] -- Symlinking: /home/user/cartographer_ws_docker/install/cartographer_ros/share/cartographer_ros//launch/offline_node.launch.py
[36.880s] -- Symlinking: /home/user/cartographer_ws_docker/install/cartographer_ros/share/cartographer_ros//launch/taurob_tracker.launch.py
[36.885s] -- Symlinking: /home/user/cartographer_ws_docker/install/cartographer_ros/share/cartographer_ros//launch/turtlebot3_cartographer.launch.py
[36.890s] -- Symlinking: /home/user/cartographer_ws_docker/install/cartographer_ros/share/cartographer_ros//launch/visualize_pbstream.launch.py
[36.896s] -- Symlinking: /home/user/cartographer_ws_docker/install/cartographer_ros/share/cartographer_ros/environment/library_path.sh
[36.901s] -- Symlinking: /home/user/cartographer_ws_docker/install/cartographer_ros/share/cartographer_ros/environment/library_path.dsv
[36.907s] -- Symlinking: /home/user/cartographer_ws_docker/install/cartographer_ros/share/ament_index/resource_index/package_run_dependencies/cartographer_ros
[36.912s] -- Symlinking: /home/user/cartographer_ws_docker/install/cartographer_ros/share/ament_index/resource_index/parent_prefix_path/cartographer_ros
[36.918s] -- Symlinking: /home/user/cartographer_ws_docker/install/cartographer_ros/share/cartographer_ros/environment/ament_prefix_path.sh
[36.923s] -- Symlinking: /home/user/cartographer_ws_docker/install/cartographer_ros/share/cartographer_ros/environment/ament_prefix_path.dsv
[36.927s] -- Symlinking: /home/user/cartographer_ws_docker/install/cartographer_ros/share/cartographer_ros/environment/path.sh
[36.932s] -- Symlinking: /home/user/cartographer_ws_docker/install/cartographer_ros/share/cartographer_ros/environment/path.dsv
[36.936s] -- Symlinking: /home/user/cartographer_ws_docker/install/cartographer_ros/share/cartographer_ros/local_setup.bash
[36.941s] -- Symlinking: /home/user/cartographer_ws_docker/install/cartographer_ros/share/cartographer_ros/local_setup.sh
[36.946s] -- Symlinking: /home/user/cartographer_ws_docker/install/cartographer_ros/share/cartographer_ros/local_setup.zsh
[36.951s] -- Symlinking: /home/user/cartographer_ws_docker/install/cartographer_ros/share/cartographer_ros/local_setup.dsv
[36.957s] -- Symlinking: /home/user/cartographer_ws_docker/install/cartographer_ros/share/cartographer_ros/package.dsv
[36.962s] -- Symlinking: /home/user/cartographer_ws_docker/install/cartographer_ros/share/ament_index/resource_index/packages/cartographer_ros
[36.967s] -- Symlinking: /home/user/cartographer_ws_docker/install/cartographer_ros/share/cartographer_ros/cmake/ament_cmake_export_include_directories-extras.cmake
[36.973s] -- Symlinking: /home/user/cartographer_ws_docker/install/cartographer_ros/share/cartographer_ros/cmake/ament_cmake_export_libraries-extras.cmake
[36.977s] -- Symlinking: /home/user/cartographer_ws_docker/install/cartographer_ros/share/cartographer_ros/cmake/ament_cmake_export_dependencies-extras.cmake
[36.982s] -- Symlinking: /home/user/cartographer_ws_docker/install/cartographer_ros/share/cartographer_ros/cmake/cartographer_rosConfig.cmake
[36.987s] -- Symlinking: /home/user/cartographer_ws_docker/install/cartographer_ros/share/cartographer_ros/cmake/cartographer_rosConfig-version.cmake
[36.991s] -- Symlinking: /home/user/cartographer_ws_docker/install/cartographer_ros/share/cartographer_ros/package.xml
[36.998s] Invoked command in '/home/user/cartographer_ws_docker/build/cartographer_ros' returned '0': CMAKE_PREFIX_PATH=/home/user/cartographer_ws_docker/install/cartographer_ros_msgs:/home/user/cartographer_ws_docker/install/cartographer:/home/user/cartographer_ws_docker/install/cartographer_rviz:/home/user/cartographer_ws_docker/install/cartographer_ros:/opt/ros/humble LD_LIBRARY_PATH=/home/user/cartographer_ws_docker/install/cartographer_ros_msgs/lib:/home/user/cartographer_ws_docker/install/cartographer_rviz/lib:/home/user/cartographer_ws_docker/install/cartographer_ros/lib:/usr/lib/x86_64-linux-gnu/gazebo-11/plugins:/opt/ros/humble/opt/rviz_ogre_vendor/lib:/opt/ros/humble/lib/x86_64-linux-gnu:/opt/ros/humble/lib:/usr/lib/x86_64-linux-gnu/gazebo-11/plugins:/usr/lib/x86_64-linux-gnu/gazebo-11/plugins:/usr/lib/x86_64-linux-gnu/gazebo-11/plugins:/usr/lib/x86_64-linux-gnu/gazebo-11/plugins:/usr/lib/x86_64-linux-gnu/gazebo-11/plugins:/usr/lib/x86_64-linux-gnu/gazebo-11/plugins:/usr/lib/x86_64-linux-gnu/gazebo-11/plugins:/usr/lib/x86_64-linux-gnu/gazebo-11/plugins:/usr/lib/x86_64-linux-gnu/gazebo-11/plugins:/usr/lib/x86_64-linux-gnu/gazebo-11/plugins /usr/bin/cmake --install /home/user/cartographer_ws_docker/build/cartographer_ros
